【登入訊息】
[c5ab1b78563b1f9e4ee17ab01234bc5e]
`登入天數: 22天 / 1944天
等級: 92
石頭: 3267
呼符: 170
友情點: +0 / 1871505`
*連続ログイン1日目
※ログインが途切れるか、7日到達すると
1日目から再開されます*
`フレンドポイント X 2000
8月交換券(2023) X 1
`*8周年記念特別回数ログインボーナス*
*開催期間中、1日1回 最大10回 回数ログインボーナスをプレゼント！*
/webview/loginbonus/20230731_f0hd3x/f0hd3x_k_02.png
`QP X 3000000
フレンドポイント X 100000
``從者/禮裝數: 748 / 804`
_2023-07-31 19:38:19_
--------
`友情點數召喚累計3301次

`[d4825e10f75d83bc0cfb33b6768a8634]
`登入天數: 22天 / 2133天
等級: 19
石頭: 3110
呼符: 89
友情點: +200 / 2186150`
*連続ログイン1日目
※ログインが途切れるか、7日到達すると
1日目から再開されます*
`フレンドポイント X 2000
8月交換券(2023) X 1
`*8周年記念特別回数ログインボーナス*
*開催期間中、1日1回 最大10回 回数ログインボーナスをプレゼント！*
/webview/loginbonus/20230731_f0hd3x/f0hd3x_k_02.png
`QP X 3000000
フレンドポイント X 100000
``從者/禮裝數: 742 / 802`
_2023-07-31 19:38:30_
--------
`友情點數召喚累計2610次

`[ff29db15be18f883ffccdf7ab23021a7]
`登入天數: 22天 / 2129天
等級: 18
石頭: 2395
呼符: 64
友情點: +170 / 1985975`
*連続ログイン1日目
※ログインが途切れるか、7日到達すると
1日目から再開されます*
`フレンドポイント X 2000
8月交換券(2023) X 1
`*8周年記念特別回数ログインボーナス*
*開催期間中、1日1回 最大10回 回数ログインボーナスをプレゼント！*
/webview/loginbonus/20230731_f0hd3x/f0hd3x_k_02.png
`QP X 3000000
フレンドポイント X 100000
``從者/禮裝數: 736 / 802`
_2023-07-31 19:38:41_
--------
`友情點數召喚累計2440次

`[cc4787a257e3a46e268001195f780247]
`登入天數: 22天 / 2143天
等級: 18
石頭: 3191
呼符: 174
友情點: +120 / 2090280`
*連続ログイン1日目
※ログインが途切れるか、7日到達すると
1日目から再開されます*
`フレンドポイント X 2000
8月交換券(2023) X 1
`*8周年記念特別回数ログインボーナス*
*開催期間中、1日1回 最大10回 回数ログインボーナスをプレゼント！*
/webview/loginbonus/20230731_f0hd3x/f0hd3x_k_02.png
`QP X 3000000
フレンドポイント X 100000
``從者/禮裝數: 703 / 806`
_2023-07-31 19:38:52_
--------
`友情點數召喚累計3000次

`[3f5599a008981ecf87f2dea9d1d83d6a]
`登入天數: 22天 / 2148天
等級: 18
石頭: 2391
呼符: 64
友情點: +0 / 1970150`
*連続ログイン1日目
※ログインが途切れるか、7日到達すると
1日目から再開されます*
`フレンドポイント X 2000
8月交換券(2023) X 1
`*8周年記念特別回数ログインボーナス*
*開催期間中、1日1回 最大10回 回数ログインボーナスをプレゼント！*
/webview/loginbonus/20230731_f0hd3x/f0hd3x_k_02.png
`QP X 3000000
フレンドポイント X 100000
``從者/禮裝數: 751 / 811`
_2023-07-31 19:39:04_
--------
`友情點數召喚累計2390次

`[0d14e47d83c8b8400ed7555e0192724d]
`登入天數: 22天 / 2069天
等級: 21
石頭: 2051
呼符: 84
友情點: +170 / 1955835`
*連続ログイン1日目
※ログインが途切れるか、7日到達すると
1日目から再開されます*
`フレンドポイント X 2000
8月交換券(2023) X 1
`*8周年記念特別回数ログインボーナス*
*開催期間中、1日1回 最大10回 回数ログインボーナスをプレゼント！*
/webview/loginbonus/20230731_f0hd3x/f0hd3x_k_02.png
`QP X 3000000
フレンドポイント X 100000
``從者/禮裝數: 673 / 810`
_2023-07-31 19:39:15_
--------
`友情點數召喚累計2450次

`[d4c10e20929a4c973210db1453668b11]
`登入天數: 22天 / 2074天
等級: 20
石頭: 2085
呼符: 49
友情點: +0 / 1738020`
*連続ログイン1日目
※ログインが途切れるか、7日到達すると
1日目から再開されます*
`フレンドポイント X 2000
8月交換券(2023) X 1
`*8周年記念特別回数ログインボーナス*
*開催期間中、1日1回 最大10回 回数ログインボーナスをプレゼント！*
/webview/loginbonus/20230731_f0hd3x/f0hd3x_k_02.png
`QP X 3000000
フレンドポイント X 100000
``從者/禮裝數: 733 / 806`
_2023-07-31 19:39:26_
--------
`友情點數召喚累計2380次

`[f0cc4e7ae2d4b30013f328b2cf7d6063]
`登入天數: 22天 / 2082天
等級: 20
石頭: 1455
呼符: 125
友情點: +0 / 1831585`
*連続ログイン1日目
※ログインが途切れるか、7日到達すると
1日目から再開されます*
`フレンドポイント X 2000
8月交換券(2023) X 1
`*8周年記念特別回数ログインボーナス*
*開催期間中、1日1回 最大10回 回数ログインボーナスをプレゼント！*
/webview/loginbonus/20230731_f0hd3x/f0hd3x_k_02.png
`QP X 3000000
フレンドポイント X 100000
``從者/禮裝數: 722 / 811`
_2023-07-31 19:39:37_
--------
`友情點數召喚累計2352次

`[48a14ba1dd858b92594b71e0ed7d5311]
`登入天數: 21天 / 2073天
等級: 20
石頭: 2522
呼符: 172
友情點: +0 / 1740985`
*連続ログイン7日間到達おめでとうございます！
明日は1日目からリスタートされます。*
`獣の足跡 X 1
呼符 X 1
8月交換券(2023) X 1
`*8周年記念特別回数ログインボーナス*
*開催期間中、1日1回 最大10回 回数ログインボーナスをプレゼント！*
/webview/loginbonus/20230731_f0hd3x/f0hd3x_k_02.png
`QP X 3000000
フレンドポイント X 100000
``從者/禮裝數: 755 / 806`
_2023-07-31 19:39:48_
--------
`友情點數召喚累計2270次

`