【登入訊息】
[c5ab1b78563b1f9e4ee17ab01234bc5e]
`登入天數: 23天 / 1945天
等級: 92
石頭: 3267
呼符: 170
友情點: +0 / 1871505`
*連続ログイン2日目
※ログインが途切れるか、7日到達すると
1日目から再開されます*
`聖晶石 X 1
8月交換券(2023) X 1
`*8周年記念特別回数ログインボーナス*
*開催期間中、1日1回 最大10回 回数ログインボーナスをプレゼント！*
/webview/loginbonus/20230731_f0hd3x/f0hd3x_k_03.png
`QP X 3000000
星見のティーポット X 10
``從者/禮裝數: 750 / 808`
_2023-08-01 19:38:02_
--------
`友情點數召喚累計3311次

`[d4825e10f75d83bc0cfb33b6768a8634]
`登入天數: 23天 / 2134天
等級: 19
石頭: 3110
呼符: 89
友情點: +100 / 2186250`
*連続ログイン2日目
※ログインが途切れるか、7日到達すると
1日目から再開されます*
`聖晶石 X 1
8月交換券(2023) X 1
`*8周年記念特別回数ログインボーナス*
*開催期間中、1日1回 最大10回 回数ログインボーナスをプレゼント！*
/webview/loginbonus/20230731_f0hd3x/f0hd3x_k_03.png
`QP X 3000000
星見のティーポット X 10
``從者/禮裝數: 745 / 807`
_2023-08-01 19:38:13_
--------
`友情點數召喚累計2620次

`[ff29db15be18f883ffccdf7ab23021a7]
`登入天數: 23天 / 2130天
等級: 18
石頭: 2395
呼符: 64
友情點: +110 / 1986085`
*連続ログイン2日目
※ログインが途切れるか、7日到達すると
1日目から再開されます*
`聖晶石 X 1
8月交換券(2023) X 1
`*8周年記念特別回数ログインボーナス*
*開催期間中、1日1回 最大10回 回数ログインボーナスをプレゼント！*
/webview/loginbonus/20230731_f0hd3x/f0hd3x_k_03.png
`QP X 3000000
星見のティーポット X 10
``從者/禮裝數: 736 / 809`
_2023-08-01 19:38:24_
--------
`友情點數召喚累計2450次

`[cc4787a257e3a46e268001195f780247]
`登入天數: 23天 / 2144天
等級: 18
石頭: 3191
呼符: 174
友情點: +120 / 2090400`
*連続ログイン2日目
※ログインが途切れるか、7日到達すると
1日目から再開されます*
`聖晶石 X 1
8月交換券(2023) X 1
`*8周年記念特別回数ログインボーナス*
*開催期間中、1日1回 最大10回 回数ログインボーナスをプレゼント！*
/webview/loginbonus/20230731_f0hd3x/f0hd3x_k_03.png
`QP X 3000000
星見のティーポット X 10
``從者/禮裝數: 705 / 812`
_2023-08-01 19:38:36_
--------
`友情點數召喚累計3010次

`[3f5599a008981ecf87f2dea9d1d83d6a]
`登入天數: 23天 / 2149天
等級: 18
石頭: 2391
呼符: 64
友情點: +0 / 1970150`
*連続ログイン2日目
※ログインが途切れるか、7日到達すると
1日目から再開されます*
`聖晶石 X 1
8月交換券(2023) X 1
`*8周年記念特別回数ログインボーナス*
*開催期間中、1日1回 最大10回 回数ログインボーナスをプレゼント！*
/webview/loginbonus/20230731_f0hd3x/f0hd3x_k_03.png
`QP X 3000000
星見のティーポット X 10
``從者/禮裝數: 753 / 818`
_2023-08-01 19:38:47_
--------
`友情點數召喚累計2400次

`[0d14e47d83c8b8400ed7555e0192724d]
`登入天數: 23天 / 2070天
等級: 21
石頭: 2051
呼符: 84
友情點: +120 / 1955955`
*連続ログイン2日目
※ログインが途切れるか、7日到達すると
1日目から再開されます*
`聖晶石 X 1
8月交換券(2023) X 1
`*8周年記念特別回数ログインボーナス*
*開催期間中、1日1回 最大10回 回数ログインボーナスをプレゼント！*
/webview/loginbonus/20230731_f0hd3x/f0hd3x_k_03.png
`QP X 3000000
星見のティーポット X 10
``從者/禮裝數: 676 / 813`
_2023-08-01 19:38:58_
--------
`友情點數召喚累計2460次

`[d4c10e20929a4c973210db1453668b11]
`登入天數: 23天 / 2075天
等級: 20
石頭: 2085
呼符: 49
友情點: +0 / 1738020`
*連続ログイン2日目
※ログインが途切れるか、7日到達すると
1日目から再開されます*
`聖晶石 X 1
8月交換券(2023) X 1
`*8周年記念特別回数ログインボーナス*
*開催期間中、1日1回 最大10回 回数ログインボーナスをプレゼント！*
/webview/loginbonus/20230731_f0hd3x/f0hd3x_k_03.png
`QP X 3000000
星見のティーポット X 10
``從者/禮裝數: 737 / 810`
_2023-08-01 19:39:10_
--------
`友情點數召喚累計2390次

`[f0cc4e7ae2d4b30013f328b2cf7d6063]
`登入天數: 23天 / 2083天
等級: 20
石頭: 1455
呼符: 125
友情點: +0 / 1831585`
*連続ログイン2日目
※ログインが途切れるか、7日到達すると
1日目から再開されます*
`聖晶石 X 1
8月交換券(2023) X 1
`*8周年記念特別回数ログインボーナス*
*開催期間中、1日1回 最大10回 回数ログインボーナスをプレゼント！*
/webview/loginbonus/20230731_f0hd3x/f0hd3x_k_03.png
`QP X 3000000
星見のティーポット X 10
``從者/禮裝數: 725 / 815`
_2023-08-01 19:39:21_
--------
`友情點數召喚累計2362次

`[48a14ba1dd858b92594b71e0ed7d5311]
`登入天數: 22天 / 2074天
等級: 20
石頭: 2522
呼符: 172
友情點: +0 / 1740985`
*連続ログイン1日目
※ログインが途切れるか、7日到達すると
1日目から再開されます*
`フレンドポイント X 2000
8月交換券(2023) X 1
`*8周年記念特別回数ログインボーナス*
*開催期間中、1日1回 最大10回 回数ログインボーナスをプレゼント！*
/webview/loginbonus/20230731_f0hd3x/f0hd3x_k_03.png
`QP X 3000000
星見のティーポット X 10
``從者/禮裝數: 757 / 812`
_2023-08-01 19:39:32_
--------
`友情點數召喚累計2280次

`