【登入訊息】
[c5ab1b78563b1f9e4ee17ab01234bc5e]
`登入天數: 24天 / 1946天
等級: 92
石頭: 3267
呼符: 170
友情點: +0 / 1871505`
*連続ログイン3日目
※ログインが途切れるか、7日到達すると
1日目から再開されます*
`叡智の業火 X 1
8月交換券(2023) X 1
`*8周年記念特別回数ログインボーナス*
*開催期間中、1日1回 最大10回 回数ログインボーナスをプレゼント！*
/webview/loginbonus/20230731_f0hd3x/f0hd3x_k_04.png
`QP X 3000000
マナプリズム X 100
``從者/禮裝數: 753 / 813`
_2023-08-02 19:38:01_
--------
`友情點數召喚累計3321次

`[d4825e10f75d83bc0cfb33b6768a8634]
`登入天數: 24天 / 2135天
等級: 19
石頭: 3110
呼符: 89
友情點: +180 / 2186440`
*連続ログイン3日目
※ログインが途切れるか、7日到達すると
1日目から再開されます*
`叡智の業火 X 1
8月交換券(2023) X 1
`*8周年記念特別回数ログインボーナス*
*開催期間中、1日1回 最大10回 回数ログインボーナスをプレゼント！*
/webview/loginbonus/20230731_f0hd3x/f0hd3x_k_04.png
`QP X 3000000
マナプリズム X 100
``從者/禮裝數: 750 / 811`
_2023-08-02 19:38:12_
--------
`友情點數召喚累計2630次

`[ff29db15be18f883ffccdf7ab23021a7]
`登入天數: 24天 / 2131天
等級: 18
石頭: 2395
呼符: 64
友情點: +170 / 1986255`
*連続ログイン3日目
※ログインが途切れるか、7日到達すると
1日目から再開されます*
`叡智の業火 X 1
8月交換券(2023) X 1
`*8周年記念特別回数ログインボーナス*
*開催期間中、1日1回 最大10回 回数ログインボーナスをプレゼント！*
/webview/loginbonus/20230731_f0hd3x/f0hd3x_k_04.png
`QP X 3000000
マナプリズム X 100
``從者/禮裝數: 739 / 813`
_2023-08-02 19:38:24_
--------
`友情點數召喚累計2460次

`[cc4787a257e3a46e268001195f780247]
`登入天數: 24天 / 2145天
等級: 18
石頭: 3191
呼符: 174
友情點: +100 / 2090500`
*連続ログイン3日目
※ログインが途切れるか、7日到達すると
1日目から再開されます*
`叡智の業火 X 1
8月交換券(2023) X 1
`*8周年記念特別回数ログインボーナス*
*開催期間中、1日1回 最大10回 回数ログインボーナスをプレゼント！*
/webview/loginbonus/20230731_f0hd3x/f0hd3x_k_04.png
`QP X 3000000
マナプリズム X 100
``從者/禮裝數: 708 / 817`
_2023-08-02 19:38:35_
--------
`友情點數召喚累計3020次

`[3f5599a008981ecf87f2dea9d1d83d6a]
`登入天數: 24天 / 2150天
等級: 18
石頭: 2391
呼符: 64
友情點: +0 / 1970150`
*連続ログイン3日目
※ログインが途切れるか、7日到達すると
1日目から再開されます*
`叡智の業火 X 1
8月交換券(2023) X 1
`*8周年記念特別回数ログインボーナス*
*開催期間中、1日1回 最大10回 回数ログインボーナスをプレゼント！*
/webview/loginbonus/20230731_f0hd3x/f0hd3x_k_04.png
`QP X 3000000
マナプリズム X 100
``從者/禮裝數: 754 / 825`
_2023-08-02 19:38:46_
--------
`友情點數召喚累計2410次

`[0d14e47d83c8b8400ed7555e0192724d]
`登入天數: 24天 / 2071天
等級: 21
石頭: 2051
呼符: 84
友情點: +230 / 1956205`
*連続ログイン3日目
※ログインが途切れるか、7日到達すると
1日目から再開されます*
`叡智の業火 X 1
8月交換券(2023) X 1
`*8周年記念特別回数ログインボーナス*
*開催期間中、1日1回 最大10回 回数ログインボーナスをプレゼント！*
/webview/loginbonus/20230731_f0hd3x/f0hd3x_k_04.png
`QP X 3000000
マナプリズム X 100
``從者/禮裝數: 678 / 820`
_2023-08-02 19:38:58_
--------
`友情點數召喚累計2470次

`[d4c10e20929a4c973210db1453668b11]
`登入天數: 24天 / 2076天
等級: 20
石頭: 2085
呼符: 49
友情點: +0 / 1738020`
*連続ログイン3日目
※ログインが途切れるか、7日到達すると
1日目から再開されます*
`叡智の業火 X 1
8月交換券(2023) X 1
`*8周年記念特別回数ログインボーナス*
*開催期間中、1日1回 最大10回 回数ログインボーナスをプレゼント！*
/webview/loginbonus/20230731_f0hd3x/f0hd3x_k_04.png
`QP X 3000000
マナプリズム X 100
``從者/禮裝數: 738 / 818`
_2023-08-02 19:39:10_
--------
`友情點數召喚累計2400次

`[f0cc4e7ae2d4b30013f328b2cf7d6063]
`登入天數: 24天 / 2084天
等級: 20
石頭: 1455
呼符: 125
友情點: +0 / 1831585`
*連続ログイン3日目
※ログインが途切れるか、7日到達すると
1日目から再開されます*
`叡智の業火 X 1
8月交換券(2023) X 1
`*8周年記念特別回数ログインボーナス*
*開催期間中、1日1回 最大10回 回数ログインボーナスをプレゼント！*
/webview/loginbonus/20230731_f0hd3x/f0hd3x_k_04.png
`QP X 3000000
マナプリズム X 100
``從者/禮裝數: 727 / 818`
_2023-08-02 19:39:21_
--------
`友情點數召喚累計2372次

`[48a14ba1dd858b92594b71e0ed7d5311]
`登入天數: 23天 / 2075天
等級: 20
石頭: 2522
呼符: 172
友情點: +0 / 1740985`
*連続ログイン2日目
※ログインが途切れるか、7日到達すると
1日目から再開されます*
`聖晶石 X 1
8月交換券(2023) X 1
`*8周年記念特別回数ログインボーナス*
*開催期間中、1日1回 最大10回 回数ログインボーナスをプレゼント！*
/webview/loginbonus/20230731_f0hd3x/f0hd3x_k_04.png
`QP X 3000000
マナプリズム X 100
``從者/禮裝數: 759 / 819`
_2023-08-02 19:39:33_
--------
`友情點數召喚累計2290次

`