【登入訊息】
[c5ab1b78563b1f9e4ee17ab01234bc5e]
`登入天數: 25天 / 1947天
等級: 92
石頭: 3267
呼符: 170
友情點: +0 / 1871505`
*連続ログイン4日目
※ログインが途切れるか、7日到達すると
1日目から再開されます*
`聖晶石 X 1
8月交換券(2023) X 1
`*8周年記念特別回数ログインボーナス*
*開催期間中、1日1回 最大10回 回数ログインボーナスをプレゼント！*
/webview/loginbonus/20230731_f0hd3x/f0hd3x_k_05.png
`英霊結晶・星のフォウくん X 10
英霊結晶・太陽のフォウくん X 10
QP X 3000000
``從者/禮裝數: 755 / 820`
_2023-08-03 19:38:17_
--------
`友情點數召喚累計3331次

`[d4825e10f75d83bc0cfb33b6768a8634]
`登入天數: 25天 / 2136天
等級: 19
石頭: 3110
呼符: 89
友情點: +620 / 2187060`
*連続ログイン4日目
※ログインが途切れるか、7日到達すると
1日目から再開されます*
`聖晶石 X 1
8月交換券(2023) X 1
`*8周年記念特別回数ログインボーナス*
*開催期間中、1日1回 最大10回 回数ログインボーナスをプレゼント！*
/webview/loginbonus/20230731_f0hd3x/f0hd3x_k_05.png
`英霊結晶・星のフォウくん X 10
英霊結晶・太陽のフォウくん X 10
QP X 3000000
``從者/禮裝數: 757 / 812`
_2023-08-03 19:38:29_
--------
`友情點數召喚累計2640次

`[ff29db15be18f883ffccdf7ab23021a7]
`登入天數: 25天 / 2132天
等級: 18
石頭: 2395
呼符: 64
友情點: +270 / 1986525`
*連続ログイン4日目
※ログインが途切れるか、7日到達すると
1日目から再開されます*
`聖晶石 X 1
8月交換券(2023) X 1
`*8周年記念特別回数ログインボーナス*
*開催期間中、1日1回 最大10回 回数ログインボーナスをプレゼント！*
/webview/loginbonus/20230731_f0hd3x/f0hd3x_k_05.png
`英霊結晶・星のフォウくん X 10
英霊結晶・太陽のフォウくん X 10
QP X 3000000
``從者/禮裝數: 742 / 818`
_2023-08-03 19:38:40_
--------
`友情點數召喚累計2470次

`[cc4787a257e3a46e268001195f780247]
`登入天數: 25天 / 2146天
等級: 18
石頭: 3191
呼符: 174
友情點: +330 / 2090830`
*連続ログイン4日目
※ログインが途切れるか、7日到達すると
1日目から再開されます*
`聖晶石 X 1
8月交換券(2023) X 1
`*8周年記念特別回数ログインボーナス*
*開催期間中、1日1回 最大10回 回数ログインボーナスをプレゼント！*
/webview/loginbonus/20230731_f0hd3x/f0hd3x_k_05.png
`英霊結晶・星のフォウくん X 10
英霊結晶・太陽のフォウくん X 10
QP X 3000000
``從者/禮裝數: 711 / 820`
_2023-08-03 19:38:52_
--------
`友情點數召喚累計3030次

`[3f5599a008981ecf87f2dea9d1d83d6a]
`登入天數: 25天 / 2151天
等級: 18
石頭: 2391
呼符: 64
友情點: +0 / 1970150`
*連続ログイン4日目
※ログインが途切れるか、7日到達すると
1日目から再開されます*
`聖晶石 X 1
8月交換券(2023) X 1
`*8周年記念特別回数ログインボーナス*
*開催期間中、1日1回 最大10回 回数ログインボーナスをプレゼント！*
/webview/loginbonus/20230731_f0hd3x/f0hd3x_k_05.png
`英霊結晶・星のフォウくん X 10
英霊結晶・太陽のフォウくん X 10
QP X 3000000
``從者/禮裝數: 757 / 830`
_2023-08-03 19:39:03_
--------
`友情點數召喚累計2420次

`[0d14e47d83c8b8400ed7555e0192724d]
`登入天數: 25天 / 2072天
等級: 21
石頭: 2051
呼符: 84
友情點: +390 / 1956595`
*連続ログイン4日目
※ログインが途切れるか、7日到達すると
1日目から再開されます*
`聖晶石 X 1
8月交換券(2023) X 1
`*8周年記念特別回数ログインボーナス*
*開催期間中、1日1回 最大10回 回数ログインボーナスをプレゼント！*
/webview/loginbonus/20230731_f0hd3x/f0hd3x_k_05.png
`英霊結晶・星のフォウくん X 10
英霊結晶・太陽のフォウくん X 10
QP X 3000000
``從者/禮裝數: 680 / 826`
_2023-08-03 19:39:15_
--------
`友情點數召喚累計2480次

`[d4c10e20929a4c973210db1453668b11]
`登入天數: 25天 / 2077天
等級: 20
石頭: 2085
呼符: 49
友情點: +0 / 1738020`
*連続ログイン4日目
※ログインが途切れるか、7日到達すると
1日目から再開されます*
`聖晶石 X 1
8月交換券(2023) X 1
`*8周年記念特別回数ログインボーナス*
*開催期間中、1日1回 最大10回 回数ログインボーナスをプレゼント！*
/webview/loginbonus/20230731_f0hd3x/f0hd3x_k_05.png
`英霊結晶・星のフォウくん X 10
英霊結晶・太陽のフォウくん X 10
QP X 3000000
``從者/禮裝數: 742 / 822`
_2023-08-03 19:39:27_
--------
`友情點數召喚累計2410次

`[f0cc4e7ae2d4b30013f328b2cf7d6063]
`登入天數: 25天 / 2085天
等級: 20
石頭: 1455
呼符: 125
友情點: +0 / 1831585`
*連続ログイン4日目
※ログインが途切れるか、7日到達すると
1日目から再開されます*
`聖晶石 X 1
8月交換券(2023) X 1
`*8周年記念特別回数ログインボーナス*
*開催期間中、1日1回 最大10回 回数ログインボーナスをプレゼント！*
/webview/loginbonus/20230731_f0hd3x/f0hd3x_k_05.png
`英霊結晶・星のフォウくん X 10
英霊結晶・太陽のフォウくん X 10
QP X 3000000
``從者/禮裝數: 728 / 823`
_2023-08-03 19:39:38_
--------
`友情點數召喚累計2382次

`[48a14ba1dd858b92594b71e0ed7d5311]
`登入天數: 24天 / 2076天
等級: 20
石頭: 2522
呼符: 172
友情點: +0 / 1740985`
*連続ログイン3日目
※ログインが途切れるか、7日到達すると
1日目から再開されます*
`叡智の業火 X 1
8月交換券(2023) X 1
`*8周年記念特別回数ログインボーナス*
*開催期間中、1日1回 最大10回 回数ログインボーナスをプレゼント！*
/webview/loginbonus/20230731_f0hd3x/f0hd3x_k_05.png
`英霊結晶・星のフォウくん X 10
英霊結晶・太陽のフォウくん X 10
QP X 3000000
``從者/禮裝數: 761 / 825`
_2023-08-03 19:39:49_
--------
`友情點數召喚累計2300次

`