【登入訊息】
[c5ab1b78563b1f9e4ee17ab01234bc5e]
`登入天數: 26天 / 1948天
等級: 92
石頭: 3267
呼符: 170
友情點: +0 / 1871505`
*連続ログイン5日目
※ログインが途切れるか、7日到達すると
1日目から再開されます*
`叡智の業火 X 2
8月交換券(2023) X 1
`*8周年記念特別回数ログインボーナス*
*開催期間中、1日1回 最大10回 回数ログインボーナスをプレゼント！*
/webview/loginbonus/20230731_f0hd3x/f0hd3x_k_06.png
`英霊結晶・流星のフォウくん X 1
英霊結晶・日輪のフォウくん X 1
QP X 3000000
``從者/禮裝數: 755 / 825`
_2023-08-04 19:37:55_
--------
`友情點數召喚累計3341次

`[d4825e10f75d83bc0cfb33b6768a8634]
`登入天數: 26天 / 2137天
等級: 19
石頭: 3110
呼符: 89
友情點: +480 / 2187540`
*連続ログイン5日目
※ログインが途切れるか、7日到達すると
1日目から再開されます*
`叡智の業火 X 2
8月交換券(2023) X 1
`*8周年記念特別回数ログインボーナス*
*開催期間中、1日1回 最大10回 回数ログインボーナスをプレゼント！*
/webview/loginbonus/20230731_f0hd3x/f0hd3x_k_06.png
`英霊結晶・流星のフォウくん X 1
英霊結晶・日輪のフォウくん X 1
QP X 3000000
``從者/禮裝數: 757 / 816`
_2023-08-04 19:38:06_
--------
`友情點數召喚累計2650次

`[ff29db15be18f883ffccdf7ab23021a7]
`登入天數: 26天 / 2133天
等級: 18
石頭: 2395
呼符: 64
友情點: +170 / 1986695`
*連続ログイン5日目
※ログインが途切れるか、7日到達すると
1日目から再開されます*
`叡智の業火 X 2
8月交換券(2023) X 1
`*8周年記念特別回数ログインボーナス*
*開催期間中、1日1回 最大10回 回数ログインボーナスをプレゼント！*
/webview/loginbonus/20230731_f0hd3x/f0hd3x_k_06.png
`英霊結晶・流星のフォウくん X 1
英霊結晶・日輪のフォウくん X 1
QP X 3000000
``從者/禮裝數: 745 / 821`
_2023-08-04 19:38:17_
--------
`友情點數召喚累計2480次

`[cc4787a257e3a46e268001195f780247]
`登入天數: 26天 / 2147天
等級: 18
石頭: 3191
呼符: 174
友情點: +220 / 2091050`
*連続ログイン5日目
※ログインが途切れるか、7日到達すると
1日目から再開されます*
`叡智の業火 X 2
8月交換券(2023) X 1
`*8周年記念特別回数ログインボーナス*
*開催期間中、1日1回 最大10回 回数ログインボーナスをプレゼント！*
/webview/loginbonus/20230731_f0hd3x/f0hd3x_k_06.png
`英霊結晶・流星のフォウくん X 1
英霊結晶・日輪のフォウくん X 1
QP X 3000000
``從者/禮裝數: 714 / 824`
_2023-08-04 19:38:28_
--------
`友情點數召喚累計3040次

`[3f5599a008981ecf87f2dea9d1d83d6a]
`登入天數: 26天 / 2152天
等級: 18
石頭: 2391
呼符: 64
友情點: +0 / 1970150`
*連続ログイン5日目
※ログインが途切れるか、7日到達すると
1日目から再開されます*
`叡智の業火 X 2
8月交換券(2023) X 1
`*8周年記念特別回数ログインボーナス*
*開催期間中、1日1回 最大10回 回数ログインボーナスをプレゼント！*
/webview/loginbonus/20230731_f0hd3x/f0hd3x_k_06.png
`英霊結晶・流星のフォウくん X 1
英霊結晶・日輪のフォウくん X 1
QP X 3000000
``從者/禮裝數: 762 / 835`
_2023-08-04 19:38:38_
--------
`友情點數召喚累計2430次

`[0d14e47d83c8b8400ed7555e0192724d]
`登入天數: 26天 / 2073天
等級: 21
石頭: 2051
呼符: 84
友情點: +200 / 1956795`
*連続ログイン5日目
※ログインが途切れるか、7日到達すると
1日目から再開されます*
`叡智の業火 X 2
8月交換券(2023) X 1
`*8周年記念特別回数ログインボーナス*
*開催期間中、1日1回 最大10回 回数ログインボーナスをプレゼント！*
/webview/loginbonus/20230731_f0hd3x/f0hd3x_k_06.png
`英霊結晶・流星のフォウくん X 1
英霊結晶・日輪のフォウくん X 1
QP X 3000000
``從者/禮裝數: 681 / 832`
_2023-08-04 19:38:49_
--------
`友情點數召喚累計2490次

`[d4c10e20929a4c973210db1453668b11]
`登入天數: 26天 / 2078天
等級: 20
石頭: 2085
呼符: 49
友情點: +0 / 1738020`
*連続ログイン5日目
※ログインが途切れるか、7日到達すると
1日目から再開されます*
`叡智の業火 X 2
8月交換券(2023) X 1
`*8周年記念特別回数ログインボーナス*
*開催期間中、1日1回 最大10回 回数ログインボーナスをプレゼント！*
/webview/loginbonus/20230731_f0hd3x/f0hd3x_k_06.png
`英霊結晶・流星のフォウくん X 1
英霊結晶・日輪のフォウくん X 1
QP X 3000000
``從者/禮裝數: 747 / 824`
_2023-08-04 19:39:00_
--------
`友情點數召喚累計2420次

`[f0cc4e7ae2d4b30013f328b2cf7d6063]
`登入天數: 26天 / 2086天
等級: 20
石頭: 1455
呼符: 125
友情點: +0 / 1831585`
*連続ログイン5日目
※ログインが途切れるか、7日到達すると
1日目から再開されます*
`叡智の業火 X 2
8月交換券(2023) X 1
`*8周年記念特別回数ログインボーナス*
*開催期間中、1日1回 最大10回 回数ログインボーナスをプレゼント！*
/webview/loginbonus/20230731_f0hd3x/f0hd3x_k_06.png
`英霊結晶・流星のフォウくん X 1
英霊結晶・日輪のフォウくん X 1
QP X 3000000
``從者/禮裝數: 730 / 831`
_2023-08-04 19:39:11_
--------
`友情點數召喚累計2392次

`[48a14ba1dd858b92594b71e0ed7d5311]
`登入天數: 25天 / 2077天
等級: 20
石頭: 2522
呼符: 172
友情點: +0 / 1740985`
*連続ログイン4日目
※ログインが途切れるか、7日到達すると
1日目から再開されます*
`聖晶石 X 1
8月交換券(2023) X 1
`*8周年記念特別回数ログインボーナス*
*開催期間中、1日1回 最大10回 回数ログインボーナスをプレゼント！*
/webview/loginbonus/20230731_f0hd3x/f0hd3x_k_06.png
`英霊結晶・流星のフォウくん X 1
英霊結晶・日輪のフォウくん X 1
QP X 3000000
``從者/禮裝數: 766 / 828`
_2023-08-04 19:39:21_
--------
`友情點數召喚累計2310次

`