【登入訊息】
[c5ab1b78563b1f9e4ee17ab01234bc5e]
`登入天數: 27天 / 1949天
等級: 92
石頭: 3267
呼符: 170
友情點: +0 / 1871505`
*連続ログイン6日目
※ログインが途切れるか、7日到達すると
1日目から再開されます*
`聖晶石 X 2
8月交換券(2023) X 1
`*8周年記念特別回数ログインボーナス*
*開催期間中、1日1回 最大10回 回数ログインボーナスをプレゼント！*
/webview/loginbonus/20230731_f0hd3x/f0hd3x_k_07.png
`QP X 3000000
呼符 X 10
``從者/禮裝數: 756 / 833`
_2023-08-05 19:38:03_
--------
`友情點數召喚累計3351次

`[d4825e10f75d83bc0cfb33b6768a8634]
`登入天數: 27天 / 2138天
等級: 19
石頭: 3110
呼符: 89
友情點: +400 / 2187940`
*連続ログイン6日目
※ログインが途切れるか、7日到達すると
1日目から再開されます*
`聖晶石 X 2
8月交換券(2023) X 1
`*8周年記念特別回数ログインボーナス*
*開催期間中、1日1回 最大10回 回数ログインボーナスをプレゼント！*
/webview/loginbonus/20230731_f0hd3x/f0hd3x_k_07.png
`QP X 3000000
呼符 X 10
``從者/禮裝數: 759 / 821`
_2023-08-05 19:38:14_
--------
`友情點數召喚累計2660次

`[ff29db15be18f883ffccdf7ab23021a7]
`登入天數: 27天 / 2134天
等級: 18
石頭: 2395
呼符: 64
友情點: +120 / 1986815`
*連続ログイン6日目
※ログインが途切れるか、7日到達すると
1日目から再開されます*
`聖晶石 X 2
8月交換券(2023) X 1
`*8周年記念特別回数ログインボーナス*
*開催期間中、1日1回 最大10回 回数ログインボーナスをプレゼント！*
/webview/loginbonus/20230731_f0hd3x/f0hd3x_k_07.png
`QP X 3000000
呼符 X 10
``從者/禮裝數: 747 / 827`
_2023-08-05 19:38:24_
--------
`友情點數召喚累計2490次

`[cc4787a257e3a46e268001195f780247]
`登入天數: 27天 / 2148天
等級: 18
石頭: 3191
呼符: 174
友情點: +140 / 2091190`
*連続ログイン6日目
※ログインが途切れるか、7日到達すると
1日目から再開されます*
`聖晶石 X 2
8月交換券(2023) X 1
`*8周年記念特別回数ログインボーナス*
*開催期間中、1日1回 最大10回 回数ログインボーナスをプレゼント！*
/webview/loginbonus/20230731_f0hd3x/f0hd3x_k_07.png
`QP X 3000000
呼符 X 10
``從者/禮裝數: 716 / 830`
_2023-08-05 19:38:36_
--------
`友情點數召喚累計3050次

`[3f5599a008981ecf87f2dea9d1d83d6a]
`登入天數: 27天 / 2153天
等級: 18
石頭: 2391
呼符: 64
友情點: +0 / 1970150`
*連続ログイン6日目
※ログインが途切れるか、7日到達すると
1日目から再開されます*
`聖晶石 X 2
8月交換券(2023) X 1
`*8周年記念特別回数ログインボーナス*
*開催期間中、1日1回 最大10回 回数ログインボーナスをプレゼント！*
/webview/loginbonus/20230731_f0hd3x/f0hd3x_k_07.png
`QP X 3000000
呼符 X 10
``從者/禮裝數: 767 / 840`
_2023-08-05 19:38:46_
--------
`友情點數召喚累計2440次

`[0d14e47d83c8b8400ed7555e0192724d]
`登入天數: 27天 / 2074天
等級: 21
石頭: 2051
呼符: 84
友情點: +140 / 1956935`
*連続ログイン6日目
※ログインが途切れるか、7日到達すると
1日目から再開されます*
`聖晶石 X 2
8月交換券(2023) X 1
`*8周年記念特別回数ログインボーナス*
*開催期間中、1日1回 最大10回 回数ログインボーナスをプレゼント！*
/webview/loginbonus/20230731_f0hd3x/f0hd3x_k_07.png
`QP X 3000000
呼符 X 10
``從者/禮裝數: 685 / 837`
_2023-08-05 19:38:57_
--------
`友情點數召喚累計2500次

`[d4c10e20929a4c973210db1453668b11]
`登入天數: 27天 / 2079天
等級: 20
石頭: 2085
呼符: 49
友情點: +0 / 1738020`
*連続ログイン6日目
※ログインが途切れるか、7日到達すると
1日目から再開されます*
`聖晶石 X 2
8月交換券(2023) X 1
`*8周年記念特別回数ログインボーナス*
*開催期間中、1日1回 最大10回 回数ログインボーナスをプレゼント！*
/webview/loginbonus/20230731_f0hd3x/f0hd3x_k_07.png
`QP X 3000000
呼符 X 10
``從者/禮裝數: 750 / 828`
_2023-08-05 19:39:09_
--------
`友情點數召喚累計2430次

`[f0cc4e7ae2d4b30013f328b2cf7d6063]
`登入天數: 27天 / 2087天
等級: 20
石頭: 1455
呼符: 125
友情點: +0 / 1831585`
*連続ログイン6日目
※ログインが途切れるか、7日到達すると
1日目から再開されます*
`聖晶石 X 2
8月交換券(2023) X 1
`*8周年記念特別回数ログインボーナス*
*開催期間中、1日1回 最大10回 回数ログインボーナスをプレゼント！*
/webview/loginbonus/20230731_f0hd3x/f0hd3x_k_07.png
`QP X 3000000
呼符 X 10
``從者/禮裝數: 733 / 838`
_2023-08-05 19:39:19_
--------
`友情點數召喚累計2402次

`[48a14ba1dd858b92594b71e0ed7d5311]
`登入天數: 26天 / 2078天
等級: 20
石頭: 2522
呼符: 172
友情點: +0 / 1740985`
*連続ログイン5日目
※ログインが途切れるか、7日到達すると
1日目から再開されます*
`叡智の業火 X 2
8月交換券(2023) X 1
`*8周年記念特別回数ログインボーナス*
*開催期間中、1日1回 最大10回 回数ログインボーナスをプレゼント！*
/webview/loginbonus/20230731_f0hd3x/f0hd3x_k_07.png
`QP X 3000000
呼符 X 10
``從者/禮裝數: 770 / 833`
_2023-08-05 19:39:30_
--------
`友情點數召喚累計2320次

`