【登入訊息】
[c5ab1b78563b1f9e4ee17ab01234bc5e]
`登入天數: 29天 / 1951天
等級: 92
石頭: 3267
呼符: 170
友情點: +0 / 1871505`
*連続ログイン1日目
※ログインが途切れるか、7日到達すると
1日目から再開されます*
`フレンドポイント X 2000
8月交換券(2023) X 1
`*8周年記念特別回数ログインボーナス*
*開催期間中、1日1回 最大10回 回数ログインボーナスをプレゼント！*
/webview/loginbonus/20230731_f0hd3x/f0hd3x_k_09.png
`QP X 3000000
レアプリズム X 1
``從者/禮裝數: 760 / 845`
_2023-08-07 19:37:55_
--------
`友情點數召喚累計3371次

`[d4825e10f75d83bc0cfb33b6768a8634]
`登入天數: 29天 / 2140天
等級: 19
石頭: 3110
呼符: 89
友情點: +360 / 2189240`
*連続ログイン1日目
※ログインが途切れるか、7日到達すると
1日目から再開されます*
`フレンドポイント X 2000
8月交換券(2023) X 1
`*8周年記念特別回数ログインボーナス*
*開催期間中、1日1回 最大10回 回数ログインボーナスをプレゼント！*
/webview/loginbonus/20230731_f0hd3x/f0hd3x_k_09.png
`QP X 3000000
レアプリズム X 1
``從者/禮裝數: 766 / 830`
_2023-08-07 19:38:06_
--------
`友情點數召喚累計2680次

`[ff29db15be18f883ffccdf7ab23021a7]
`登入天數: 29天 / 2136天
等級: 18
石頭: 2395
呼符: 64
友情點: +310 / 1987555`
*連続ログイン1日目
※ログインが途切れるか、7日到達すると
1日目から再開されます*
`フレンドポイント X 2000
8月交換券(2023) X 1
`*8周年記念特別回数ログインボーナス*
*開催期間中、1日1回 最大10回 回数ログインボーナスをプレゼント！*
/webview/loginbonus/20230731_f0hd3x/f0hd3x_k_09.png
`QP X 3000000
レアプリズム X 1
``從者/禮裝數: 753 / 835`
_2023-08-07 19:38:18_
--------
`友情點數召喚累計2510次

`[cc4787a257e3a46e268001195f780247]
`登入天數: 29天 / 2150天
等級: 18
石頭: 3191
呼符: 174
友情點: +350 / 2092090`
*連続ログイン1日目
※ログインが途切れるか、7日到達すると
1日目から再開されます*
`フレンドポイント X 2000
8月交換券(2023) X 1
`*8周年記念特別回数ログインボーナス*
*開催期間中、1日1回 最大10回 回数ログインボーナスをプレゼント！*
/webview/loginbonus/20230731_f0hd3x/f0hd3x_k_09.png
`QP X 3000000
レアプリズム X 1
``從者/禮裝數: 724 / 841`
_2023-08-07 19:38:30_
--------
`友情點數召喚累計3070次

`[3f5599a008981ecf87f2dea9d1d83d6a]
`登入天數: 29天 / 2155天
等級: 18
石頭: 2391
呼符: 64
友情點: +0 / 1970150`
*連続ログイン1日目
※ログインが途切れるか、7日到達すると
1日目から再開されます*
`フレンドポイント X 2000
8月交換券(2023) X 1
`*8周年記念特別回数ログインボーナス*
*開催期間中、1日1回 最大10回 回数ログインボーナスをプレゼント！*
/webview/loginbonus/20230731_f0hd3x/f0hd3x_k_09.png
`QP X 3000000
レアプリズム X 1
``從者/禮裝數: 770 / 852`
_2023-08-07 19:38:41_
--------
`友情點數召喚累計2460次

`[0d14e47d83c8b8400ed7555e0192724d]
`登入天數: 29天 / 2076天
等級: 21
石頭: 2051
呼符: 84
友情點: +450 / 1958045`
*連続ログイン1日目
※ログインが途切れるか、7日到達すると
1日目から再開されます*
`フレンドポイント X 2000
8月交換券(2023) X 1
`*8周年記念特別回数ログインボーナス*
*開催期間中、1日1回 最大10回 回数ログインボーナスをプレゼント！*
/webview/loginbonus/20230731_f0hd3x/f0hd3x_k_09.png
`QP X 3000000
レアプリズム X 1
``從者/禮裝數: 690 / 850`
_2023-08-07 19:38:52_
--------
`友情點數召喚累計2520次

`[d4c10e20929a4c973210db1453668b11]
`登入天數: 29天 / 2081天
等級: 20
石頭: 2085
呼符: 49
友情點: +0 / 1738020`
*連続ログイン1日目
※ログインが途切れるか、7日到達すると
1日目から再開されます*
`フレンドポイント X 2000
8月交換券(2023) X 1
`*8周年記念特別回数ログインボーナス*
*開催期間中、1日1回 最大10回 回数ログインボーナスをプレゼント！*
/webview/loginbonus/20230731_f0hd3x/f0hd3x_k_09.png
`QP X 3000000
レアプリズム X 1
``從者/禮裝數: 755 / 840`
_2023-08-07 19:39:04_
--------
`友情點數召喚累計2450次

`[f0cc4e7ae2d4b30013f328b2cf7d6063]
`登入天數: 29天 / 2089天
等級: 20
石頭: 1455
呼符: 125
友情點: +0 / 1831585`
*連続ログイン1日目
※ログインが途切れるか、7日到達すると
1日目から再開されます*
`フレンドポイント X 2000
8月交換券(2023) X 1
`*8周年記念特別回数ログインボーナス*
*開催期間中、1日1回 最大10回 回数ログインボーナスをプレゼント！*
/webview/loginbonus/20230731_f0hd3x/f0hd3x_k_09.png
`QP X 3000000
レアプリズム X 1
``從者/禮裝數: 741 / 840`
_2023-08-07 19:39:16_
--------
`友情點數召喚累計2412次

`[48a14ba1dd858b92594b71e0ed7d5311]
`登入天數: 1天 / 2079天
等級: 20
石頭: 2522
呼符: 172
友情點: +0 / 1740985`
*連続ログイン1日目
※ログインが途切れるか、7日到達すると
1日目から再開されます*
`フレンドポイント X 2000
8月交換券(2023) X 1
`*8周年記念特別回数ログインボーナス*
*開催期間中、1日1回 最大10回 回数ログインボーナスをプレゼント！*
/webview/loginbonus/20230731_f0hd3x/f0hd3x_k_08.png
`QP X 3000000
カルデアの夢火 X 1
``從者/禮裝數: 774 / 837`
_2023-08-07 19:39:27_
--------
`友情點數召喚累計2330次

`