【登入訊息】
[c5ab1b78563b1f9e4ee17ab01234bc5e]
`登入天數: 30天 / 1952天
等級: 92
石頭: 3267
呼符: 170
友情點: +0 / 1871505`
*連続ログイン2日目
※ログインが途切れるか、7日到達すると
1日目から再開されます*
`聖晶石 X 1
8月交換券(2023) X 1
`*8周年記念特別回数ログインボーナス*
*開催期間中、1日1回 最大10回 回数ログインボーナスをプレゼント！*
/webview/loginbonus/20230731_f0hd3x/f0hd3x_k_10.png
`QP X 3000000
伝承結晶 X 1
``從者/禮裝數: 763 / 850`
_2023-08-08 19:38:08_
--------
`友情點數召喚累計3381次

`[d4825e10f75d83bc0cfb33b6768a8634]
`登入天數: 30天 / 2141天
等級: 19
石頭: 3110
呼符: 89
友情點: +220 / 2189460`
*連続ログイン2日目
※ログインが途切れるか、7日到達すると
1日目から再開されます*
`聖晶石 X 1
8月交換券(2023) X 1
`*8周年記念特別回数ログインボーナス*
*開催期間中、1日1回 最大10回 回数ログインボーナスをプレゼント！*
/webview/loginbonus/20230731_f0hd3x/f0hd3x_k_10.png
`QP X 3000000
伝承結晶 X 1
``從者/禮裝數: 767 / 837`
_2023-08-08 19:38:19_
--------
`友情點數召喚累計2690次

`[ff29db15be18f883ffccdf7ab23021a7]
`登入天數: 30天 / 2137天
等級: 18
石頭: 2395
呼符: 64
友情點: +130 / 1987885`
*連続ログイン2日目
※ログインが途切れるか、7日到達すると
1日目から再開されます*
`聖晶石 X 1
8月交換券(2023) X 1
`*8周年記念特別回数ログインボーナス*
*開催期間中、1日1回 最大10回 回数ログインボーナスをプレゼント！*
/webview/loginbonus/20230731_f0hd3x/f0hd3x_k_10.png
`QP X 3000000
伝承結晶 X 1
``從者/禮裝數: 755 / 842`
_2023-08-08 19:38:31_
--------
`友情點數召喚累計2520次

`[cc4787a257e3a46e268001195f780247]
`登入天數: 30天 / 2151天
等級: 18
石頭: 3191
呼符: 174
友情點: +40 / 2092130`
*連続ログイン2日目
※ログインが途切れるか、7日到達すると
1日目から再開されます*
`聖晶石 X 1
8月交換券(2023) X 1
`*8周年記念特別回数ログインボーナス*
*開催期間中、1日1回 最大10回 回数ログインボーナスをプレゼント！*
/webview/loginbonus/20230731_f0hd3x/f0hd3x_k_10.png
`QP X 3000000
伝承結晶 X 1
``從者/禮裝數: 725 / 847`
_2023-08-08 19:38:43_
--------
`友情點數召喚累計3080次

`[3f5599a008981ecf87f2dea9d1d83d6a]
`登入天數: 30天 / 2156天
等級: 18
石頭: 2391
呼符: 64
友情點: +0 / 1970150`
*連続ログイン2日目
※ログインが途切れるか、7日到達すると
1日目から再開されます*
`聖晶石 X 1
8月交換券(2023) X 1
`*8周年記念特別回数ログインボーナス*
*開催期間中、1日1回 最大10回 回数ログインボーナスをプレゼント！*
/webview/loginbonus/20230731_f0hd3x/f0hd3x_k_10.png
`QP X 3000000
伝承結晶 X 1
``從者/禮裝數: 774 / 857`
_2023-08-08 19:38:54_
--------
`友情點數召喚累計2470次

`[0d14e47d83c8b8400ed7555e0192724d]
`登入天數: 30天 / 2077天
等級: 21
石頭: 2051
呼符: 84
友情點: +200 / 1958245`
*連続ログイン2日目
※ログインが途切れるか、7日到達すると
1日目から再開されます*
`聖晶石 X 1
8月交換券(2023) X 1
`*8周年記念特別回数ログインボーナス*
*開催期間中、1日1回 最大10回 回数ログインボーナスをプレゼント！*
/webview/loginbonus/20230731_f0hd3x/f0hd3x_k_10.png
`QP X 3000000
伝承結晶 X 1
``從者/禮裝數: 692 / 855`
_2023-08-08 19:39:05_
--------
`友情點數召喚累計2530次

`[d4c10e20929a4c973210db1453668b11]
`登入天數: 30天 / 2082天
等級: 20
石頭: 2085
呼符: 49
友情點: +0 / 1738020`
*連続ログイン2日目
※ログインが途切れるか、7日到達すると
1日目から再開されます*
`聖晶石 X 1
8月交換券(2023) X 1
`*8周年記念特別回数ログインボーナス*
*開催期間中、1日1回 最大10回 回数ログインボーナスをプレゼント！*
/webview/loginbonus/20230731_f0hd3x/f0hd3x_k_10.png
`QP X 3000000
伝承結晶 X 1
``從者/禮裝數: 759 / 844`
_2023-08-08 19:39:17_
--------
`友情點數召喚累計2460次

`[f0cc4e7ae2d4b30013f328b2cf7d6063]
`登入天數: 30天 / 2090天
等級: 20
石頭: 1455
呼符: 125
友情點: +0 / 1831585`
*連続ログイン2日目
※ログインが途切れるか、7日到達すると
1日目から再開されます*
`聖晶石 X 1
8月交換券(2023) X 1
`*8周年記念特別回数ログインボーナス*
*開催期間中、1日1回 最大10回 回数ログインボーナスをプレゼント！*
/webview/loginbonus/20230731_f0hd3x/f0hd3x_k_10.png
`QP X 3000000
伝承結晶 X 1
``從者/禮裝數: 745 / 845`
_2023-08-08 19:39:28_
--------
`友情點數召喚累計2422次

`[48a14ba1dd858b92594b71e0ed7d5311]
`登入天數: 2天 / 2080天
等級: 20
石頭: 2522
呼符: 172
友情點: +0 / 1740985`
*連続ログイン2日目
※ログインが途切れるか、7日到達すると
1日目から再開されます*
`聖晶石 X 1
8月交換券(2023) X 1
`*8周年記念特別回数ログインボーナス*
*開催期間中、1日1回 最大10回 回数ログインボーナスをプレゼント！*
/webview/loginbonus/20230731_f0hd3x/f0hd3x_k_09.png
`QP X 3000000
レアプリズム X 1
``從者/禮裝數: 777 / 843`
_2023-08-08 19:39:39_
--------
`友情點數召喚累計2340次

`