【登入訊息】
[c5ab1b78563b1f9e4ee17ab01234bc5e]
`登入天數: 32天 / 1954天
等級: 92
石頭: 3493
呼符: 200
友情點: +0 / 1983505`
*連続ログイン4日目
※ログインが途切れるか、7日到達すると
1日目から再開されます*
`聖晶石 X 1
8月交換券(2023) X 1
`*FGO カルデア放送局 ライト版 ～サバフェス2023～ サバフェス2023開幕直前 初回ログインボーナス*
*開催期間中、初回ログインで「聖晶石×14」をプレゼント！*
/webview/loginbonus/20230811_6pb6mk/6pb6mk_s_01.png
`聖晶石 X 14
``從者/禮裝數: 765 / 693`
_2023-08-10 19:38:13_
--------
`友情點數召喚累計3391次

`[d4825e10f75d83bc0cfb33b6768a8634]
`登入天數: 32天 / 2143天
等級: 19
石頭: 3310
呼符: 119
友情點: +260 / 2302280`
*連続ログイン4日目
※ログインが途切れるか、7日到達すると
1日目から再開されます*
`聖晶石 X 1
8月交換券(2023) X 1
`*FGO カルデア放送局 ライト版 ～サバフェス2023～ サバフェス2023開幕直前 初回ログインボーナス*
*開催期間中、初回ログインで「聖晶石×14」をプレゼント！*
/webview/loginbonus/20230811_6pb6mk/6pb6mk_s_01.png
`聖晶石 X 14
``從者/禮裝數: 769 / 718`
_2023-08-10 19:38:25_
--------
`友情點數召喚累計2700次

`[ff29db15be18f883ffccdf7ab23021a7]
`登入天數: 32天 / 2139天
等級: 18
石頭: 2623
呼符: 94
友情點: +120 / 2100735`
*連続ログイン4日目
※ログインが途切れるか、7日到達すると
1日目から再開されます*
`聖晶石 X 1
8月交換券(2023) X 1
`*FGO カルデア放送局 ライト版 ～サバフェス2023～ サバフェス2023開幕直前 初回ログインボーナス*
*開催期間中、初回ログインで「聖晶石×14」をプレゼント！*
/webview/loginbonus/20230811_6pb6mk/6pb6mk_s_01.png
`聖晶石 X 14
``從者/禮裝數: 756 / 727`
_2023-08-10 19:38:37_
--------
`友情點數召喚累計2530次

`[cc4787a257e3a46e268001195f780247]
`登入天數: 32天 / 2153天
等級: 18
石頭: 3414
呼符: 204
友情點: +130 / 2204510`
*連続ログイン4日目
※ログインが途切れるか、7日到達すると
1日目から再開されます*
`聖晶石 X 1
8月交換券(2023) X 1
`*FGO カルデア放送局 ライト版 ～サバフェス2023～ サバフェス2023開幕直前 初回ログインボーナス*
*開催期間中、初回ログインで「聖晶石×14」をプレゼント！*
/webview/loginbonus/20230811_6pb6mk/6pb6mk_s_01.png
`聖晶石 X 14
``從者/禮裝數: 728 / 674`
_2023-08-10 19:38:48_
--------
`友情點數召喚累計3090次

`[3f5599a008981ecf87f2dea9d1d83d6a]
`登入天數: 32天 / 2158天
等級: 18
石頭: 2622
呼符: 94
友情點: +0 / 2082150`
*連続ログイン4日目
※ログインが途切れるか、7日到達すると
1日目から再開されます*
`聖晶石 X 1
8月交換券(2023) X 1
`*FGO カルデア放送局 ライト版 ～サバフェス2023～ サバフェス2023開幕直前 初回ログインボーナス*
*開催期間中、初回ログインで「聖晶石×14」をプレゼント！*
/webview/loginbonus/20230811_6pb6mk/6pb6mk_s_01.png
`聖晶石 X 14
``從者/禮裝數: 775 / 728`
_2023-08-10 19:38:59_
--------
`友情點數召喚累計2480次

`[0d14e47d83c8b8400ed7555e0192724d]
`登入天數: 1天 / 2078天
等級: 21
石頭: 2051
呼符: 84
友情點: +180 / 1958425`
*連続ログイン1日目
※ログインが途切れるか、7日到達すると
1日目から再開されます*
`フレンドポイント X 2000
8月交換券(2023) X 1
`*「マンガで分かる！Fate/Grand Order」4巻発売記念 特別ログインボーナス*
*開催期間中、初回ログインで「限定概念礼装×1」をプレゼント！*
/webview/loginbonus/20230810_6y3rph/6y3rph_s_01.png
`米の数だけ抱きしめて X 1
`*FGO カルデア放送局 ライト版 ～サバフェス2023～ サバフェス2023開幕直前 初回ログインボーナス*
*開催期間中、初回ログインで「聖晶石×14」をプレゼント！*
/webview/loginbonus/20230811_6pb6mk/6pb6mk_s_01.png
`聖晶石 X 14
``從者/禮裝數: 697 / 860`
_2023-08-10 19:39:11_
--------
`友情點數召喚累計2540次

`[d4c10e20929a4c973210db1453668b11]
`登入天數: 1天 / 2083天
等級: 20
石頭: 2085
呼符: 49
友情點: +0 / 1738020`
*連続ログイン1日目
※ログインが途切れるか、7日到達すると
1日目から再開されます*
`フレンドポイント X 2000
8月交換券(2023) X 1
`*「マンガで分かる！Fate/Grand Order」4巻発売記念 特別ログインボーナス*
*開催期間中、初回ログインで「限定概念礼装×1」をプレゼント！*
/webview/loginbonus/20230810_6y3rph/6y3rph_s_01.png
`米の数だけ抱きしめて X 1
`*FGO カルデア放送局 ライト版 ～サバフェス2023～ サバフェス2023開幕直前 初回ログインボーナス*
*開催期間中、初回ログインで「聖晶石×14」をプレゼント！*
/webview/loginbonus/20230811_6pb6mk/6pb6mk_s_01.png
`聖晶石 X 14
``從者/禮裝數: 763 / 847`
_2023-08-10 19:39:23_
--------
`友情點數召喚累計2470次

`[f0cc4e7ae2d4b30013f328b2cf7d6063]
`登入天數: 1天 / 2091天
等級: 20
石頭: 1455
呼符: 125
友情點: +0 / 1831585`
*連続ログイン1日目
※ログインが途切れるか、7日到達すると
1日目から再開されます*
`フレンドポイント X 2000
8月交換券(2023) X 1
`*「マンガで分かる！Fate/Grand Order」4巻発売記念 特別ログインボーナス*
*開催期間中、初回ログインで「限定概念礼装×1」をプレゼント！*
/webview/loginbonus/20230810_6y3rph/6y3rph_s_01.png
`米の数だけ抱きしめて X 1
`*FGO カルデア放送局 ライト版 ～サバフェス2023～ サバフェス2023開幕直前 初回ログインボーナス*
*開催期間中、初回ログインで「聖晶石×14」をプレゼント！*
/webview/loginbonus/20230811_6pb6mk/6pb6mk_s_01.png
`聖晶石 X 14
``從者/禮裝數: 748 / 851`
_2023-08-10 19:39:34_
--------
`友情點數召喚累計2432次

`[48a14ba1dd858b92594b71e0ed7d5311]
`登入天數: 1天 / 2081天
等級: 20
石頭: 2522
呼符: 172
友情點: +0 / 1740985`
*連続ログイン1日目
※ログインが途切れるか、7日到達すると
1日目から再開されます*
`フレンドポイント X 2000
8月交換券(2023) X 1
`*8周年記念特別回数ログインボーナス*
*開催期間中、1日1回 最大10回 回数ログインボーナスをプレゼント！*
/webview/loginbonus/20230731_f0hd3x/f0hd3x_k_10.png
`QP X 3000000
伝承結晶 X 1
`*「マンガで分かる！Fate/Grand Order」4巻発売記念 特別ログインボーナス*
*開催期間中、初回ログインで「限定概念礼装×1」をプレゼント！*
/webview/loginbonus/20230810_6y3rph/6y3rph_s_01.png
`米の数だけ抱きしめて X 1
`*FGO カルデア放送局 ライト版 ～サバフェス2023～ サバフェス2023開幕直前 初回ログインボーナス*
*開催期間中、初回ログインで「聖晶石×14」をプレゼント！*
/webview/loginbonus/20230811_6pb6mk/6pb6mk_s_01.png
`聖晶石 X 14
``從者/禮裝數: 779 / 849`
_2023-08-10 19:39:46_
--------
`友情點數召喚累計2350次

`