【登入訊息】
[c5ab1b78563b1f9e4ee17ab01234bc5e]
`登入天數: 33天 / 1955天
等級: 92
石頭: 3493
呼符: 200
友情點: +0 / 1983505`
*連続ログイン5日目
※ログインが途切れるか、7日到達すると
1日目から再開されます*
`叡智の業火 X 2
8月交換券(2023) X 1
`*サーヴァント・サマー・フェスティバル2023！開幕記念 ログインボーナス*
*開催期間中、1日1回 最大21回ログインボーナスをプレゼント！*
/webview/loginbonus/20230811_b7mecm/b7mecm_k_1.png
`黄金の果実 X 1
``從者/禮裝數: 769 / 696`
_2023-08-11 19:38:12_
--------
`友情點數召喚累計3401次

`[d4825e10f75d83bc0cfb33b6768a8634]
`登入天數: 33天 / 2144天
等級: 19
石頭: 3310
呼符: 119
友情點: +220 / 2302500`
*連続ログイン5日目
※ログインが途切れるか、7日到達すると
1日目から再開されます*
`叡智の業火 X 2
8月交換券(2023) X 1
`*サーヴァント・サマー・フェスティバル2023！開幕記念 ログインボーナス*
*開催期間中、1日1回 最大21回ログインボーナスをプレゼント！*
/webview/loginbonus/20230811_b7mecm/b7mecm_k_1.png
`黄金の果実 X 1
``從者/禮裝數: 771 / 723`
_2023-08-11 19:38:24_
--------
`友情點數召喚累計2710次

`[ff29db15be18f883ffccdf7ab23021a7]
`登入天數: 33天 / 2140天
等級: 18
石頭: 2623
呼符: 94
友情點: +210 / 2100945`
*連続ログイン5日目
※ログインが途切れるか、7日到達すると
1日目から再開されます*
`叡智の業火 X 2
8月交換券(2023) X 1
`*サーヴァント・サマー・フェスティバル2023！開幕記念 ログインボーナス*
*開催期間中、1日1回 最大21回ログインボーナスをプレゼント！*
/webview/loginbonus/20230811_b7mecm/b7mecm_k_1.png
`黄金の果実 X 1
``從者/禮裝數: 757 / 733`
_2023-08-11 19:38:36_
--------
`友情點數召喚累計2540次

`[cc4787a257e3a46e268001195f780247]
`登入天數: 33天 / 2154天
等級: 18
石頭: 3414
呼符: 204
友情點: +210 / 2204720`
*連続ログイン5日目
※ログインが途切れるか、7日到達すると
1日目から再開されます*
`叡智の業火 X 2
8月交換券(2023) X 1
`*サーヴァント・サマー・フェスティバル2023！開幕記念 ログインボーナス*
*開催期間中、1日1回 最大21回ログインボーナスをプレゼント！*
/webview/loginbonus/20230811_b7mecm/b7mecm_k_1.png
`黄金の果実 X 1
``從者/禮裝數: 730 / 680`
_2023-08-11 19:38:48_
--------
`友情點數召喚累計3100次

`[3f5599a008981ecf87f2dea9d1d83d6a]
`登入天數: 33天 / 2159天
等級: 18
石頭: 2622
呼符: 94
友情點: +0 / 2082150`
*連続ログイン5日目
※ログインが途切れるか、7日到達すると
1日目から再開されます*
`叡智の業火 X 2
8月交換券(2023) X 1
`*サーヴァント・サマー・フェスティバル2023！開幕記念 ログインボーナス*
*開催期間中、1日1回 最大21回ログインボーナスをプレゼント！*
/webview/loginbonus/20230811_b7mecm/b7mecm_k_1.png
`黄金の果実 X 1
``從者/禮裝數: 777 / 732`
_2023-08-11 19:39:00_
--------
`友情點數召喚累計2490次

`[0d14e47d83c8b8400ed7555e0192724d]
`登入天數: 2天 / 2079天
等級: 21
石頭: 2278
呼符: 114
友情點: +160 / 2074915`
*連続ログイン2日目
※ログインが途切れるか、7日到達すると
1日目から再開されます*
`聖晶石 X 1
8月交換券(2023) X 1
`*サーヴァント・サマー・フェスティバル2023！開幕記念 ログインボーナス*
*開催期間中、1日1回 最大21回ログインボーナスをプレゼント！*
/webview/loginbonus/20230811_b7mecm/b7mecm_k_1.png
`黄金の果実 X 1
``從者/禮裝數: 700 / 725`
_2023-08-11 19:39:12_
--------
`友情點數召喚累計2550次

`[d4c10e20929a4c973210db1453668b11]
`登入天數: 2天 / 2084天
等級: 20
石頭: 2281
呼符: 79
友情點: +0 / 1854020`
*連続ログイン2日目
※ログインが途切れるか、7日到達すると
1日目から再開されます*
`聖晶石 X 1
8月交換券(2023) X 1
`*サーヴァント・サマー・フェスティバル2023！開幕記念 ログインボーナス*
*開催期間中、1日1回 最大21回ログインボーナスをプレゼント！*
/webview/loginbonus/20230811_b7mecm/b7mecm_k_1.png
`黄金の果実 X 1
``從者/禮裝數: 766 / 725`
_2023-08-11 19:39:24_
--------
`友情點數召喚累計2480次

`[f0cc4e7ae2d4b30013f328b2cf7d6063]
`登入天數: 2天 / 2092天
等級: 20
石頭: 1621
呼符: 155
友情點: +0 / 1945585`
*連続ログイン2日目
※ログインが途切れるか、7日到達すると
1日目から再開されます*
`聖晶石 X 1
8月交換券(2023) X 1
`*サーヴァント・サマー・フェスティバル2023！開幕記念 ログインボーナス*
*開催期間中、1日1回 最大21回ログインボーナスをプレゼント！*
/webview/loginbonus/20230811_b7mecm/b7mecm_k_1.png
`黄金の果実 X 1
``從者/禮裝數: 750 / 720`
_2023-08-11 19:39:36_
--------
`友情點數召喚累計2442次

`[48a14ba1dd858b92594b71e0ed7d5311]
`登入天數: 2天 / 2082天
等級: 20
石頭: 2716
呼符: 201
友情點: +0 / 1854985`
*連続ログイン2日目
※ログインが途切れるか、7日到達すると
1日目から再開されます*
`聖晶石 X 1
8月交換券(2023) X 1
`*サーヴァント・サマー・フェスティバル2023！開幕記念 ログインボーナス*
*開催期間中、1日1回 最大21回ログインボーナスをプレゼント！*
/webview/loginbonus/20230811_b7mecm/b7mecm_k_1.png
`黄金の果実 X 1
``從者/禮裝數: 781 / 712`
_2023-08-11 19:39:48_
--------
`友情點數召喚累計2360次

`