【登入訊息】
[c5ab1b78563b1f9e4ee17ab01234bc5e]
`登入天數: 34天 / 1956天
等級: 92
石頭: 3493
呼符: 200
友情點: +0 / 1983505`
*連続ログイン6日目
※ログインが途切れるか、7日到達すると
1日目から再開されます*
`聖晶石 X 2
8月交換券(2023) X 1
`*サーヴァント・サマー・フェスティバル2023！開幕記念 ログインボーナス*
*開催期間中、1日1回 最大21回ログインボーナスをプレゼント！*
/webview/loginbonus/20230811_b7mecm/b7mecm_k_2.png
`白銀の果実 X 1
``從者/禮裝數: 773 / 702`
_2023-08-12 19:37:58_
--------
`友情點數召喚累計3411次

`[d4825e10f75d83bc0cfb33b6768a8634]
`登入天數: 34天 / 2145天
等級: 19
石頭: 3310
呼符: 119
友情點: +400 / 2302900`
*連続ログイン6日目
※ログインが途切れるか、7日到達すると
1日目から再開されます*
`聖晶石 X 2
8月交換券(2023) X 1
`*サーヴァント・サマー・フェスティバル2023！開幕記念 ログインボーナス*
*開催期間中、1日1回 最大21回ログインボーナスをプレゼント！*
/webview/loginbonus/20230811_b7mecm/b7mecm_k_2.png
`白銀の果実 X 1
``從者/禮裝數: 773 / 729`
_2023-08-12 19:38:09_
--------
`友情點數召喚累計2720次

`[ff29db15be18f883ffccdf7ab23021a7]
`登入天數: 34天 / 2141天
等級: 18
石頭: 2623
呼符: 94
友情點: +190 / 2101135`
*連続ログイン6日目
※ログインが途切れるか、7日到達すると
1日目から再開されます*
`聖晶石 X 2
8月交換券(2023) X 1
`*サーヴァント・サマー・フェスティバル2023！開幕記念 ログインボーナス*
*開催期間中、1日1回 最大21回ログインボーナスをプレゼント！*
/webview/loginbonus/20230811_b7mecm/b7mecm_k_2.png
`白銀の果実 X 1
``從者/禮裝數: 760 / 737`
_2023-08-12 19:38:20_
--------
`友情點數召喚累計2550次

`[cc4787a257e3a46e268001195f780247]
`登入天數: 34天 / 2155天
等級: 18
石頭: 3414
呼符: 204
友情點: +170 / 2204890`
*連続ログイン6日目
※ログインが途切れるか、7日到達すると
1日目から再開されます*
`聖晶石 X 2
8月交換券(2023) X 1
`*サーヴァント・サマー・フェスティバル2023！開幕記念 ログインボーナス*
*開催期間中、1日1回 最大21回ログインボーナスをプレゼント！*
/webview/loginbonus/20230811_b7mecm/b7mecm_k_2.png
`白銀の果実 X 1
``從者/禮裝數: 732 / 687`
_2023-08-12 19:38:32_
--------
`友情點數召喚累計3110次

`[3f5599a008981ecf87f2dea9d1d83d6a]
`登入天數: 34天 / 2160天
等級: 18
石頭: 2622
呼符: 94
友情點: +0 / 2082150`
*連続ログイン6日目
※ログインが途切れるか、7日到達すると
1日目から再開されます*
`聖晶石 X 2
8月交換券(2023) X 1
`*サーヴァント・サマー・フェスティバル2023！開幕記念 ログインボーナス*
*開催期間中、1日1回 最大21回ログインボーナスをプレゼント！*
/webview/loginbonus/20230811_b7mecm/b7mecm_k_2.png
`白銀の果実 X 1
``從者/禮裝數: 778 / 737`
_2023-08-12 19:38:43_
--------
`友情點數召喚累計2500次

`[0d14e47d83c8b8400ed7555e0192724d]
`登入天數: 3天 / 2080天
等級: 21
石頭: 2278
呼符: 114
友情點: +290 / 2075205`
*連続ログイン3日目
※ログインが途切れるか、7日到達すると
1日目から再開されます*
`叡智の業火 X 1
8月交換券(2023) X 1
`*サーヴァント・サマー・フェスティバル2023！開幕記念 ログインボーナス*
*開催期間中、1日1回 最大21回ログインボーナスをプレゼント！*
/webview/loginbonus/20230811_b7mecm/b7mecm_k_2.png
`白銀の果実 X 1
``從者/禮裝數: 701 / 733`
_2023-08-12 19:38:54_
--------
`友情點數召喚累計2560次

`[d4c10e20929a4c973210db1453668b11]
`登入天數: 3天 / 2085天
等級: 20
石頭: 2281
呼符: 79
友情點: +0 / 1854020`
*連続ログイン3日目
※ログインが途切れるか、7日到達すると
1日目から再開されます*
`叡智の業火 X 1
8月交換券(2023) X 1
`*サーヴァント・サマー・フェスティバル2023！開幕記念 ログインボーナス*
*開催期間中、1日1回 最大21回ログインボーナスをプレゼント！*
/webview/loginbonus/20230811_b7mecm/b7mecm_k_2.png
`白銀の果実 X 1
``從者/禮裝數: 769 / 732`
_2023-08-12 19:39:05_
--------
`友情點數召喚累計2490次

`[f0cc4e7ae2d4b30013f328b2cf7d6063]
`登入天數: 3天 / 2093天
等級: 20
石頭: 1621
呼符: 155
友情點: +0 / 1945585`
*連続ログイン3日目
※ログインが途切れるか、7日到達すると
1日目から再開されます*
`叡智の業火 X 1
8月交換券(2023) X 1
`*サーヴァント・サマー・フェスティバル2023！開幕記念 ログインボーナス*
*開催期間中、1日1回 最大21回ログインボーナスをプレゼント！*
/webview/loginbonus/20230811_b7mecm/b7mecm_k_2.png
`白銀の果実 X 1
``從者/禮裝數: 752 / 728`
_2023-08-12 19:39:16_
--------
`友情點數召喚累計2452次

`[48a14ba1dd858b92594b71e0ed7d5311]
`登入天數: 3天 / 2083天
等級: 20
石頭: 2716
呼符: 201
友情點: +0 / 1854985`
*連続ログイン3日目
※ログインが途切れるか、7日到達すると
1日目から再開されます*
`叡智の業火 X 1
8月交換券(2023) X 1
`*サーヴァント・サマー・フェスティバル2023！開幕記念 ログインボーナス*
*開催期間中、1日1回 最大21回ログインボーナスをプレゼント！*
/webview/loginbonus/20230811_b7mecm/b7mecm_k_2.png
`白銀の果実 X 1
``從者/禮裝數: 786 / 716`
_2023-08-12 19:39:28_
--------
`友情點數召喚累計2370次

`