【登入訊息】
[c5ab1b78563b1f9e4ee17ab01234bc5e]
`登入天數: 36天 / 1958天
等級: 92
石頭: 3493
呼符: 200
友情點: +0 / 1983505`
*連続ログイン1日目
※ログインが途切れるか、7日到達すると
1日目から再開されます*
`フレンドポイント X 2000
8月交換券(2023) X 1
`*サーヴァント・サマー・フェスティバル2023！開幕記念 ログインボーナス*
*開催期間中、1日1回 最大21回ログインボーナスをプレゼント！*
/webview/loginbonus/20230811_b7mecm/b7mecm_k_4.png
`白銀の果実 X 1
``從者/禮裝數: 777 / 712`
_2023-08-14 19:38:17_
--------
`友情點數召喚累計3431次

`[d4825e10f75d83bc0cfb33b6768a8634]
`登入天數: 36天 / 2147天
等級: 19
石頭: 3310
呼符: 119
友情點: +300 / 2303360`
*連続ログイン1日目
※ログインが途切れるか、7日到達すると
1日目から再開されます*
`フレンドポイント X 2000
8月交換券(2023) X 1
`*サーヴァント・サマー・フェスティバル2023！開幕記念 ログインボーナス*
*開催期間中、1日1回 最大21回ログインボーナスをプレゼント！*
/webview/loginbonus/20230811_b7mecm/b7mecm_k_4.png
`白銀の果実 X 1
``從者/禮裝數: 778 / 738`
_2023-08-14 19:38:29_
--------
`友情點數召喚累計2740次

`[ff29db15be18f883ffccdf7ab23021a7]
`登入天數: 36天 / 2143天
等級: 18
石頭: 2623
呼符: 94
友情點: +140 / 2101455`
*連続ログイン1日目
※ログインが途切れるか、7日到達すると
1日目から再開されます*
`フレンドポイント X 2000
8月交換券(2023) X 1
`*サーヴァント・サマー・フェスティバル2023！開幕記念 ログインボーナス*
*開催期間中、1日1回 最大21回ログインボーナスをプレゼント！*
/webview/loginbonus/20230811_b7mecm/b7mecm_k_4.png
`白銀の果実 X 1
``從者/禮裝數: 767 / 748`
_2023-08-14 19:38:41_
--------
`友情點數召喚累計2570次

`[cc4787a257e3a46e268001195f780247]
`登入天數: 36天 / 2157天
等級: 18
石頭: 3414
呼符: 204
友情點: +130 / 2205120`
*連続ログイン1日目
※ログインが途切れるか、7日到達すると
1日目から再開されます*
`フレンドポイント X 2000
8月交換券(2023) X 1
`*サーヴァント・サマー・フェスティバル2023！開幕記念 ログインボーナス*
*開催期間中、1日1回 最大21回ログインボーナスをプレゼント！*
/webview/loginbonus/20230811_b7mecm/b7mecm_k_4.png
`白銀の果実 X 1
``從者/禮裝數: 736 / 698`
_2023-08-14 19:38:53_
--------
`友情點數召喚累計3130次

`[3f5599a008981ecf87f2dea9d1d83d6a]
`登入天數: 36天 / 2162天
等級: 18
石頭: 2622
呼符: 94
友情點: +0 / 2082150`
*連続ログイン1日目
※ログインが途切れるか、7日到達すると
1日目から再開されます*
`フレンドポイント X 2000
8月交換券(2023) X 1
`*サーヴァント・サマー・フェスティバル2023！開幕記念 ログインボーナス*
*開催期間中、1日1回 最大21回ログインボーナスをプレゼント！*
/webview/loginbonus/20230811_b7mecm/b7mecm_k_4.png
`白銀の果実 X 1
``從者/禮裝數: 785 / 747`
_2023-08-14 19:39:05_
--------
`友情點數召喚累計2520次

`[0d14e47d83c8b8400ed7555e0192724d]
`登入天數: 5天 / 2082天
等級: 21
石頭: 2278
呼符: 114
友情點: +240 / 2075565`
*連続ログイン5日目
※ログインが途切れるか、7日到達すると
1日目から再開されます*
`叡智の業火 X 2
8月交換券(2023) X 1
`*サーヴァント・サマー・フェスティバル2023！開幕記念 ログインボーナス*
*開催期間中、1日1回 最大21回ログインボーナスをプレゼント！*
/webview/loginbonus/20230811_b7mecm/b7mecm_k_4.png
`白銀の果実 X 1
``從者/禮裝數: 708 / 742`
_2023-08-14 19:39:18_
--------
`友情點數召喚累計2580次

`[d4c10e20929a4c973210db1453668b11]
`登入天數: 5天 / 2087天
等級: 20
石頭: 2281
呼符: 79
友情點: +0 / 1854020`
*連続ログイン5日目
※ログインが途切れるか、7日到達すると
1日目から再開されます*
`叡智の業火 X 2
8月交換券(2023) X 1
`*サーヴァント・サマー・フェスティバル2023！開幕記念 ログインボーナス*
*開催期間中、1日1回 最大21回ログインボーナスをプレゼント！*
/webview/loginbonus/20230811_b7mecm/b7mecm_k_4.png
`白銀の果実 X 1
``從者/禮裝數: 777 / 744`
_2023-08-14 19:39:29_
--------
`友情點數召喚累計2510次

`[f0cc4e7ae2d4b30013f328b2cf7d6063]
`登入天數: 5天 / 2095天
等級: 20
石頭: 1621
呼符: 155
友情點: +0 / 1945585`
*連続ログイン5日目
※ログインが途切れるか、7日到達すると
1日目から再開されます*
`叡智の業火 X 2
8月交換券(2023) X 1
`*サーヴァント・サマー・フェスティバル2023！開幕記念 ログインボーナス*
*開催期間中、1日1回 最大21回ログインボーナスをプレゼント！*
/webview/loginbonus/20230811_b7mecm/b7mecm_k_4.png
`白銀の果実 X 1
``從者/禮裝數: 756 / 736`
_2023-08-14 19:39:42_
--------
`友情點數召喚累計2472次

`[48a14ba1dd858b92594b71e0ed7d5311]
`登入天數: 5天 / 2085天
等級: 20
石頭: 2716
呼符: 201
友情點: +0 / 1854985`
*連続ログイン5日目
※ログインが途切れるか、7日到達すると
1日目から再開されます*
`叡智の業火 X 2
8月交換券(2023) X 1
`*サーヴァント・サマー・フェスティバル2023！開幕記念 ログインボーナス*
*開催期間中、1日1回 最大21回ログインボーナスをプレゼント！*
/webview/loginbonus/20230811_b7mecm/b7mecm_k_4.png
`白銀の果実 X 1
``從者/禮裝數: 789 / 731`
_2023-08-14 19:39:53_
--------
`友情點數召喚累計2390次

`