【登入訊息】
[c5ab1b78563b1f9e4ee17ab01234bc5e]
`登入天數: 37天 / 1959天
等級: 92
石頭: 3493
呼符: 200
友情點: +0 / 1983505`
*連続ログイン2日目
※ログインが途切れるか、7日到達すると
1日目から再開されます*
`聖晶石 X 1
8月交換券(2023) X 1
`*サーヴァント・サマー・フェスティバル2023！開幕記念 ログインボーナス*
*開催期間中、1日1回 最大21回ログインボーナスをプレゼント！*
/webview/loginbonus/20230811_b7mecm/b7mecm_k_5.png
`白銀の果実 X 1
``從者/禮裝數: 778 / 719`
_2023-08-15 19:38:14_
--------
`友情點數召喚累計3441次

`[d4825e10f75d83bc0cfb33b6768a8634]
`登入天數: 37天 / 2148天
等級: 19
石頭: 3310
呼符: 119
友情點: +620 / 2304180`
*連続ログイン2日目
※ログインが途切れるか、7日到達すると
1日目から再開されます*
`聖晶石 X 1
8月交換券(2023) X 1
`*サーヴァント・サマー・フェスティバル2023！開幕記念 ログインボーナス*
*開催期間中、1日1回 最大21回ログインボーナスをプレゼント！*
/webview/loginbonus/20230811_b7mecm/b7mecm_k_5.png
`白銀の果実 X 1
``從者/禮裝數: 778 / 745`
_2023-08-15 19:38:26_
--------
`友情點數召喚累計2750次

`[ff29db15be18f883ffccdf7ab23021a7]
`登入天數: 37天 / 2144天
等級: 18
石頭: 2623
呼符: 94
友情點: +420 / 2101875`
*連続ログイン2日目
※ログインが途切れるか、7日到達すると
1日目から再開されます*
`聖晶石 X 1
8月交換券(2023) X 1
`*サーヴァント・サマー・フェスティバル2023！開幕記念 ログインボーナス*
*開催期間中、1日1回 最大21回ログインボーナスをプレゼント！*
/webview/loginbonus/20230811_b7mecm/b7mecm_k_5.png
`白銀の果実 X 1
``從者/禮裝數: 770 / 751`
_2023-08-15 19:38:37_
--------
`友情點數召喚累計2580次

`[cc4787a257e3a46e268001195f780247]
`登入天數: 37天 / 2158天
等級: 18
石頭: 3414
呼符: 204
友情點: +440 / 2205560`
*連続ログイン2日目
※ログインが途切れるか、7日到達すると
1日目から再開されます*
`聖晶石 X 1
8月交換券(2023) X 1
`*サーヴァント・サマー・フェスティバル2023！開幕記念 ログインボーナス*
*開催期間中、1日1回 最大21回ログインボーナスをプレゼント！*
/webview/loginbonus/20230811_b7mecm/b7mecm_k_5.png
`白銀の果実 X 1
``從者/禮裝數: 740 / 703`
_2023-08-15 19:38:49_
--------
`友情點數召喚累計3140次

`[3f5599a008981ecf87f2dea9d1d83d6a]
`登入天數: 37天 / 2163天
等級: 18
石頭: 2622
呼符: 94
友情點: +0 / 2082150`
*連続ログイン2日目
※ログインが途切れるか、7日到達すると
1日目から再開されます*
`聖晶石 X 1
8月交換券(2023) X 1
`*サーヴァント・サマー・フェスティバル2023！開幕記念 ログインボーナス*
*開催期間中、1日1回 最大21回ログインボーナスをプレゼント！*
/webview/loginbonus/20230811_b7mecm/b7mecm_k_5.png
`白銀の果実 X 1
``從者/禮裝數: 789 / 753`
_2023-08-15 19:39:02_
--------
`友情點數召喚累計2530次

`[0d14e47d83c8b8400ed7555e0192724d]
`登入天數: 6天 / 2083天
等級: 21
石頭: 2278
呼符: 114
友情點: +340 / 2075905`
*連続ログイン6日目
※ログインが途切れるか、7日到達すると
1日目から再開されます*
`聖晶石 X 2
8月交換券(2023) X 1
`*サーヴァント・サマー・フェスティバル2023！開幕記念 ログインボーナス*
*開催期間中、1日1回 最大21回ログインボーナスをプレゼント！*
/webview/loginbonus/20230811_b7mecm/b7mecm_k_5.png
`白銀の果実 X 1
``從者/禮裝數: 712 / 747`
_2023-08-15 19:39:14_
--------
`友情點數召喚累計2590次

`[d4c10e20929a4c973210db1453668b11]
`登入天數: 6天 / 2088天
等級: 20
石頭: 2281
呼符: 79
友情點: +0 / 1854020`
*連続ログイン6日目
※ログインが途切れるか、7日到達すると
1日目から再開されます*
`聖晶石 X 2
8月交換券(2023) X 1
`*サーヴァント・サマー・フェスティバル2023！開幕記念 ログインボーナス*
*開催期間中、1日1回 最大21回ログインボーナスをプレゼント！*
/webview/loginbonus/20230811_b7mecm/b7mecm_k_5.png
`白銀の果実 X 1
``從者/禮裝數: 780 / 750`
_2023-08-15 19:39:27_
--------
`友情點數召喚累計2520次

`[f0cc4e7ae2d4b30013f328b2cf7d6063]
`登入天數: 6天 / 2096天
等級: 20
石頭: 1621
呼符: 155
友情點: +0 / 1945585`
*連続ログイン6日目
※ログインが途切れるか、7日到達すると
1日目から再開されます*
`聖晶石 X 2
8月交換券(2023) X 1
`*サーヴァント・サマー・フェスティバル2023！開幕記念 ログインボーナス*
*開催期間中、1日1回 最大21回ログインボーナスをプレゼント！*
/webview/loginbonus/20230811_b7mecm/b7mecm_k_5.png
`白銀の果実 X 1
``從者/禮裝數: 760 / 742`
_2023-08-15 19:39:39_
--------
`友情點數召喚累計2482次

`[48a14ba1dd858b92594b71e0ed7d5311]
`登入天數: 6天 / 2086天
等級: 20
石頭: 2716
呼符: 201
友情點: +0 / 1854985`
*連続ログイン6日目
※ログインが途切れるか、7日到達すると
1日目から再開されます*
`聖晶石 X 2
8月交換券(2023) X 1
`*サーヴァント・サマー・フェスティバル2023！開幕記念 ログインボーナス*
*開催期間中、1日1回 最大21回ログインボーナスをプレゼント！*
/webview/loginbonus/20230811_b7mecm/b7mecm_k_5.png
`白銀の果実 X 1
``從者/禮裝數: 792 / 735`
_2023-08-15 19:39:50_
--------
`友情點數召喚累計2400次

`