【登入訊息】
[c5ab1b78563b1f9e4ee17ab01234bc5e]
`登入天數: 38天 / 1960天
等級: 92
石頭: 3493
呼符: 200
友情點: +0 / 1983505`
*連続ログイン3日目
※ログインが途切れるか、7日到達すると
1日目から再開されます*
`叡智の業火 X 1
8月交換券(2023) X 1
`*サーヴァント・サマー・フェスティバル2023！開幕記念 ログインボーナス*
*開催期間中、1日1回 最大21回ログインボーナスをプレゼント！*
/webview/loginbonus/20230811_b7mecm/b7mecm_k_6.png
`白銀の果実 X 1
``從者/禮裝數: 780 / 724`
_2023-08-16 19:38:06_
--------
`友情點數召喚累計3451次

`[d4825e10f75d83bc0cfb33b6768a8634]
`登入天數: 38天 / 2149天
等級: 19
石頭: 3310
呼符: 119
友情點: +520 / 2304700`
*連続ログイン3日目
※ログインが途切れるか、7日到達すると
1日目から再開されます*
`叡智の業火 X 1
8月交換券(2023) X 1
`*サーヴァント・サマー・フェスティバル2023！開幕記念 ログインボーナス*
*開催期間中、1日1回 最大21回ログインボーナスをプレゼント！*
/webview/loginbonus/20230811_b7mecm/b7mecm_k_6.png
`白銀の果実 X 1
``從者/禮裝數: 782 / 750`
_2023-08-16 19:38:19_
--------
`友情點數召喚累計2760次

`[ff29db15be18f883ffccdf7ab23021a7]
`登入天數: 38天 / 2145天
等級: 18
石頭: 2623
呼符: 94
友情點: +130 / 2102005`
*連続ログイン3日目
※ログインが途切れるか、7日到達すると
1日目から再開されます*
`叡智の業火 X 1
8月交換券(2023) X 1
`*サーヴァント・サマー・フェスティバル2023！開幕記念 ログインボーナス*
*開催期間中、1日1回 最大21回ログインボーナスをプレゼント！*
/webview/loginbonus/20230811_b7mecm/b7mecm_k_6.png
`白銀の果実 X 1
``從者/禮裝數: 774 / 754`
_2023-08-16 19:38:30_
--------
`友情點數召喚累計2590次

`[cc4787a257e3a46e268001195f780247]
`登入天數: 38天 / 2159天
等級: 18
石頭: 3414
呼符: 204
友情點: +290 / 2206050`
*連続ログイン3日目
※ログインが途切れるか、7日到達すると
1日目から再開されます*
`叡智の業火 X 1
8月交換券(2023) X 1
`*サーヴァント・サマー・フェスティバル2023！開幕記念 ログインボーナス*
*開催期間中、1日1回 最大21回ログインボーナスをプレゼント！*
/webview/loginbonus/20230811_b7mecm/b7mecm_k_6.png
`白銀の果実 X 1
``從者/禮裝數: 745 / 707`
_2023-08-16 19:38:42_
--------
`友情點數召喚累計3150次

`[3f5599a008981ecf87f2dea9d1d83d6a]
`登入天數: 38天 / 2164天
等級: 18
石頭: 2622
呼符: 94
友情點: +0 / 2082150`
*連続ログイン3日目
※ログインが途切れるか、7日到達すると
1日目から再開されます*
`叡智の業火 X 1
8月交換券(2023) X 1
`*サーヴァント・サマー・フェスティバル2023！開幕記念 ログインボーナス*
*開催期間中、1日1回 最大21回ログインボーナスをプレゼント！*
/webview/loginbonus/20230811_b7mecm/b7mecm_k_6.png
`白銀の果実 X 1
``從者/禮裝數: 791 / 760`
_2023-08-16 19:38:54_
--------
`友情點數召喚累計2540次

`[0d14e47d83c8b8400ed7555e0192724d]
`登入天數: 7天 / 2084天
等級: 21
石頭: 2278
呼符: 114
友情點: +370 / 2076275`
*連続ログイン7日間到達おめでとうございます！
明日は1日目からリスタートされます。*
`獣の足跡 X 1
呼符 X 1
8月交換券(2023) X 1
`*サーヴァント・サマー・フェスティバル2023！開幕記念 ログインボーナス*
*開催期間中、1日1回 最大21回ログインボーナスをプレゼント！*
/webview/loginbonus/20230811_b7mecm/b7mecm_k_6.png
`白銀の果実 X 1
``從者/禮裝數: 713 / 753`
_2023-08-16 19:39:07_
--------
`友情點數召喚累計2600次

`[d4c10e20929a4c973210db1453668b11]
`登入天數: 7天 / 2089天
等級: 20
石頭: 2281
呼符: 79
友情點: +0 / 1854020`
*連続ログイン7日間到達おめでとうございます！
明日は1日目からリスタートされます。*
`獣の足跡 X 1
呼符 X 1
8月交換券(2023) X 1
`*サーヴァント・サマー・フェスティバル2023！開幕記念 ログインボーナス*
*開催期間中、1日1回 最大21回ログインボーナスをプレゼント！*
/webview/loginbonus/20230811_b7mecm/b7mecm_k_6.png
`白銀の果実 X 1
``從者/禮裝數: 784 / 754`
_2023-08-16 19:39:19_
--------
`友情點數召喚累計2530次

`[f0cc4e7ae2d4b30013f328b2cf7d6063]
`登入天數: 7天 / 2097天
等級: 20
石頭: 1621
呼符: 155
友情點: +0 / 1945585`
*連続ログイン7日間到達おめでとうございます！
明日は1日目からリスタートされます。*
`獣の足跡 X 1
呼符 X 1
8月交換券(2023) X 1
`*サーヴァント・サマー・フェスティバル2023！開幕記念 ログインボーナス*
*開催期間中、1日1回 最大21回ログインボーナスをプレゼント！*
/webview/loginbonus/20230811_b7mecm/b7mecm_k_6.png
`白銀の果実 X 1
``從者/禮裝數: 763 / 747`
_2023-08-16 19:39:31_
--------
`友情點數召喚累計2492次

`[48a14ba1dd858b92594b71e0ed7d5311]
`登入天數: 7天 / 2087天
等級: 20
石頭: 2716
呼符: 201
友情點: +0 / 1854985`
*連続ログイン7日間到達おめでとうございます！
明日は1日目からリスタートされます。*
`獣の足跡 X 1
呼符 X 1
8月交換券(2023) X 1
`*サーヴァント・サマー・フェスティバル2023！開幕記念 ログインボーナス*
*開催期間中、1日1回 最大21回ログインボーナスをプレゼント！*
/webview/loginbonus/20230811_b7mecm/b7mecm_k_6.png
`白銀の果実 X 1
``從者/禮裝數: 795 / 738`
_2023-08-16 19:39:42_
--------
`友情點數召喚累計2410次

`