【登入訊息】
[c5ab1b78563b1f9e4ee17ab01234bc5e]
`登入天數: 39天 / 1961天
等級: 92
石頭: 3493
呼符: 200
友情點: +0 / 1983505`
*連続ログイン4日目
※ログインが途切れるか、7日到達すると
1日目から再開されます*
`聖晶石 X 1
8月交換券(2023) X 1
`*サーヴァント・サマー・フェスティバル2023！開幕記念 ログインボーナス*
*開催期間中、1日1回 最大21回ログインボーナスをプレゼント！*
/webview/loginbonus/20230811_b7mecm/b7mecm_k_7.png
`白銀の果実 X 1
``從者/禮裝數: 784 / 730`
_2023-08-17 19:38:14_
--------
`友情點數召喚累計3461次

`[d4825e10f75d83bc0cfb33b6768a8634]
`登入天數: 39天 / 2150天
等級: 19
石頭: 3310
呼符: 119
友情點: +460 / 2305160`
*連続ログイン4日目
※ログインが途切れるか、7日到達すると
1日目から再開されます*
`聖晶石 X 1
8月交換券(2023) X 1
`*サーヴァント・サマー・フェスティバル2023！開幕記念 ログインボーナス*
*開催期間中、1日1回 最大21回ログインボーナスをプレゼント！*
/webview/loginbonus/20230811_b7mecm/b7mecm_k_7.png
`白銀の果実 X 1
``從者/禮裝數: 786 / 755`
_2023-08-17 19:38:26_
--------
`友情點數召喚累計2770次

`[ff29db15be18f883ffccdf7ab23021a7]
`登入天數: 39天 / 2146天
等級: 18
石頭: 2623
呼符: 94
友情點: +350 / 2102355`
*連続ログイン4日目
※ログインが途切れるか、7日到達すると
1日目から再開されます*
`聖晶石 X 1
8月交換券(2023) X 1
`*サーヴァント・サマー・フェスティバル2023！開幕記念 ログインボーナス*
*開催期間中、1日1回 最大21回ログインボーナスをプレゼント！*
/webview/loginbonus/20230811_b7mecm/b7mecm_k_7.png
`白銀の果実 X 1
``從者/禮裝數: 779 / 758`
_2023-08-17 19:38:38_
--------
`友情點數召喚累計2600次

`[cc4787a257e3a46e268001195f780247]
`登入天數: 39天 / 2160天
等級: 18
石頭: 3414
呼符: 204
友情點: +270 / 2206320`
*連続ログイン4日目
※ログインが途切れるか、7日到達すると
1日目から再開されます*
`聖晶石 X 1
8月交換券(2023) X 1
`*サーヴァント・サマー・フェスティバル2023！開幕記念 ログインボーナス*
*開催期間中、1日1回 最大21回ログインボーナスをプレゼント！*
/webview/loginbonus/20230811_b7mecm/b7mecm_k_7.png
`白銀の果実 X 1
``從者/禮裝數: 747 / 712`
_2023-08-17 19:38:50_
--------
`友情點數召喚累計3160次

`[3f5599a008981ecf87f2dea9d1d83d6a]
`登入天數: 39天 / 2165天
等級: 18
石頭: 2622
呼符: 94
友情點: +0 / 2082150`
*連続ログイン4日目
※ログインが途切れるか、7日到達すると
1日目から再開されます*
`聖晶石 X 1
8月交換券(2023) X 1
`*サーヴァント・サマー・フェスティバル2023！開幕記念 ログインボーナス*
*開催期間中、1日1回 最大21回ログインボーナスをプレゼント！*
/webview/loginbonus/20230811_b7mecm/b7mecm_k_7.png
`白銀の果実 X 1
``從者/禮裝數: 795 / 764`
_2023-08-17 19:39:03_
--------
`友情點數召喚累計2550次

`[0d14e47d83c8b8400ed7555e0192724d]
`登入天數: 8天 / 2085天
等級: 21
石頭: 2278
呼符: 114
友情點: +290 / 2076565`
*連続ログイン1日目
※ログインが途切れるか、7日到達すると
1日目から再開されます*
`フレンドポイント X 2000
8月交換券(2023) X 1
`*サーヴァント・サマー・フェスティバル2023！開幕記念 ログインボーナス*
*開催期間中、1日1回 最大21回ログインボーナスをプレゼント！*
/webview/loginbonus/20230811_b7mecm/b7mecm_k_7.png
`白銀の果実 X 1
``從者/禮裝數: 715 / 758`
_2023-08-17 19:39:15_
--------
`友情點數召喚累計2610次

`[d4c10e20929a4c973210db1453668b11]
`登入天數: 8天 / 2090天
等級: 20
石頭: 2281
呼符: 79
友情點: +0 / 1854020`
*連続ログイン1日目
※ログインが途切れるか、7日到達すると
1日目から再開されます*
`フレンドポイント X 2000
8月交換券(2023) X 1
`*サーヴァント・サマー・フェスティバル2023！開幕記念 ログインボーナス*
*開催期間中、1日1回 最大21回ログインボーナスをプレゼント！*
/webview/loginbonus/20230811_b7mecm/b7mecm_k_7.png
`白銀の果実 X 1
``從者/禮裝數: 785 / 761`
_2023-08-17 19:39:27_
--------
`友情點數召喚累計2540次

`[f0cc4e7ae2d4b30013f328b2cf7d6063]
`登入天數: 8天 / 2098天
等級: 20
石頭: 1621
呼符: 155
友情點: +0 / 1945585`
*連続ログイン1日目
※ログインが途切れるか、7日到達すると
1日目から再開されます*
`フレンドポイント X 2000
8月交換券(2023) X 1
`*サーヴァント・サマー・フェスティバル2023！開幕記念 ログインボーナス*
*開催期間中、1日1回 最大21回ログインボーナスをプレゼント！*
/webview/loginbonus/20230811_b7mecm/b7mecm_k_7.png
`白銀の果実 X 1
``從者/禮裝數: 766 / 752`
_2023-08-17 19:39:39_
--------
`友情點數召喚累計2502次

`[48a14ba1dd858b92594b71e0ed7d5311]
`登入天數: 8天 / 2088天
等級: 20
石頭: 2716
呼符: 201
友情點: +0 / 1854985`
*連続ログイン1日目
※ログインが途切れるか、7日到達すると
1日目から再開されます*
`フレンドポイント X 2000
8月交換券(2023) X 1
`*サーヴァント・サマー・フェスティバル2023！開幕記念 ログインボーナス*
*開催期間中、1日1回 最大21回ログインボーナスをプレゼント！*
/webview/loginbonus/20230811_b7mecm/b7mecm_k_7.png
`白銀の果実 X 1
``從者/禮裝數: 797 / 744`
_2023-08-17 19:39:51_
--------
`友情點數召喚累計2420次

`