【登入訊息】
[c5ab1b78563b1f9e4ee17ab01234bc5e]
`登入天數: 40天 / 1962天
等級: 92
石頭: 3493
呼符: 200
友情點: +0 / 1983505`
*連続ログイン5日目
※ログインが途切れるか、7日到達すると
1日目から再開されます*
`叡智の業火 X 2
8月交換券(2023) X 1
`*サーヴァント・サマー・フェスティバル2023！開幕記念 ログインボーナス*
*開催期間中、1日1回 最大21回ログインボーナスをプレゼント！*
/webview/loginbonus/20230811_b7mecm/b7mecm_k_8.png
`黄金の果実 X 1
``從者/禮裝數: 786 / 736`
_2023-08-18 19:38:09_
--------
`友情點數召喚累計3471次

`[d4825e10f75d83bc0cfb33b6768a8634]
`登入天數: 40天 / 2151天
等級: 19
石頭: 3310
呼符: 119
友情點: +540 / 2305700`
*連続ログイン5日目
※ログインが途切れるか、7日到達すると
1日目から再開されます*
`叡智の業火 X 2
8月交換券(2023) X 1
`*サーヴァント・サマー・フェスティバル2023！開幕記念 ログインボーナス*
*開催期間中、1日1回 最大21回ログインボーナスをプレゼント！*
/webview/loginbonus/20230811_b7mecm/b7mecm_k_8.png
`黄金の果実 X 1
``從者/禮裝數: 789 / 762`
_2023-08-18 19:38:21_
--------
`友情點數召喚累計2780次

`[ff29db15be18f883ffccdf7ab23021a7]
`登入天數: 40天 / 2147天
等級: 18
石頭: 2623
呼符: 94
友情點: +580 / 2102935`
*連続ログイン5日目
※ログインが途切れるか、7日到達すると
1日目から再開されます*
`叡智の業火 X 2
8月交換券(2023) X 1
`*サーヴァント・サマー・フェスティバル2023！開幕記念 ログインボーナス*
*開催期間中、1日1回 最大21回ログインボーナスをプレゼント！*
/webview/loginbonus/20230811_b7mecm/b7mecm_k_8.png
`黄金の果実 X 1
``從者/禮裝數: 783 / 762`
_2023-08-18 19:38:32_
--------
`友情點數召喚累計2610次

`[cc4787a257e3a46e268001195f780247]
`登入天數: 40天 / 2161天
等級: 18
石頭: 3414
呼符: 204
友情點: +270 / 2206590`
*連続ログイン5日目
※ログインが途切れるか、7日到達すると
1日目から再開されます*
`叡智の業火 X 2
8月交換券(2023) X 1
`*サーヴァント・サマー・フェスティバル2023！開幕記念 ログインボーナス*
*開催期間中、1日1回 最大21回ログインボーナスをプレゼント！*
/webview/loginbonus/20230811_b7mecm/b7mecm_k_8.png
`黄金の果実 X 1
``從者/禮裝數: 750 / 718`
_2023-08-18 19:38:44_
--------
`友情點數召喚累計3170次

`[3f5599a008981ecf87f2dea9d1d83d6a]
`登入天數: 40天 / 2166天
等級: 18
石頭: 2622
呼符: 94
友情點: +0 / 2082150`
*連続ログイン5日目
※ログインが途切れるか、7日到達すると
1日目から再開されます*
`叡智の業火 X 2
8月交換券(2023) X 1
`*サーヴァント・サマー・フェスティバル2023！開幕記念 ログインボーナス*
*開催期間中、1日1回 最大21回ログインボーナスをプレゼント！*
/webview/loginbonus/20230811_b7mecm/b7mecm_k_8.png
`黄金の果実 X 1
``從者/禮裝數: 797 / 770`
_2023-08-18 19:38:55_
--------
`友情點數召喚累計2560次

`[0d14e47d83c8b8400ed7555e0192724d]
`登入天數: 9天 / 2086天
等級: 21
石頭: 2278
呼符: 114
友情點: +430 / 2078215`
*連続ログイン2日目
※ログインが途切れるか、7日到達すると
1日目から再開されます*
`聖晶石 X 1
8月交換券(2023) X 1
`*サーヴァント・サマー・フェスティバル2023！開幕記念 ログインボーナス*
*開催期間中、1日1回 最大21回ログインボーナスをプレゼント！*
/webview/loginbonus/20230811_b7mecm/b7mecm_k_8.png
`黄金の果実 X 1
``從者/禮裝數: 719 / 763`
_2023-08-18 19:39:08_
--------
`友情點數召喚累計2620次

`[d4c10e20929a4c973210db1453668b11]
`登入天數: 9天 / 2091天
等級: 20
石頭: 2281
呼符: 79
友情點: +0 / 1854020`
*連続ログイン2日目
※ログインが途切れるか、7日到達すると
1日目から再開されます*
`聖晶石 X 1
8月交換券(2023) X 1
`*サーヴァント・サマー・フェスティバル2023！開幕記念 ログインボーナス*
*開催期間中、1日1回 最大21回ログインボーナスをプレゼント！*
/webview/loginbonus/20230811_b7mecm/b7mecm_k_8.png
`黄金の果実 X 1
``從者/禮裝數: 786 / 766`
_2023-08-18 19:39:19_
--------
`友情點數召喚累計2550次

`[f0cc4e7ae2d4b30013f328b2cf7d6063]
`登入天數: 9天 / 2099天
等級: 20
石頭: 1621
呼符: 155
友情點: +0 / 1945585`
*連続ログイン2日目
※ログインが途切れるか、7日到達すると
1日目から再開されます*
`聖晶石 X 1
8月交換券(2023) X 1
`*サーヴァント・サマー・フェスティバル2023！開幕記念 ログインボーナス*
*開催期間中、1日1回 最大21回ログインボーナスをプレゼント！*
/webview/loginbonus/20230811_b7mecm/b7mecm_k_8.png
`黄金の果実 X 1
``從者/禮裝數: 772 / 753`
_2023-08-18 19:39:31_
--------
`友情點數召喚累計2512次

`[48a14ba1dd858b92594b71e0ed7d5311]
`登入天數: 9天 / 2089天
等級: 20
石頭: 2716
呼符: 201
友情點: +0 / 1854985`
*連続ログイン2日目
※ログインが途切れるか、7日到達すると
1日目から再開されます*
`聖晶石 X 1
8月交換券(2023) X 1
`*サーヴァント・サマー・フェスティバル2023！開幕記念 ログインボーナス*
*開催期間中、1日1回 最大21回ログインボーナスをプレゼント！*
/webview/loginbonus/20230811_b7mecm/b7mecm_k_8.png
`黄金の果実 X 1
``從者/禮裝數: 801 / 748`
_2023-08-18 19:39:43_
--------
`友情點數召喚累計2430次

`