【登入訊息】
[c5ab1b78563b1f9e4ee17ab01234bc5e]
`登入天數: 41天 / 1963天
等級: 92
石頭: 3493
呼符: 200
友情點: +0 / 1983505`
*連続ログイン6日目
※ログインが途切れるか、7日到達すると
1日目から再開されます*
`聖晶石 X 2
8月交換券(2023) X 1
`*サーヴァント・サマー・フェスティバル2023！開幕記念 ログインボーナス*
*開催期間中、1日1回 最大21回ログインボーナスをプレゼント！*
/webview/loginbonus/20230811_b7mecm/b7mecm_k_9.png
`白銀の果実 X 1
``從者/禮裝數: 788 / 741`
_2023-08-19 19:37:57_
--------
`友情點數召喚累計3481次

`[d4825e10f75d83bc0cfb33b6768a8634]
`登入天數: 41天 / 2152天
等級: 19
石頭: 3310
呼符: 119
友情點: +380 / 2306080`
*連続ログイン6日目
※ログインが途切れるか、7日到達すると
1日目から再開されます*
`聖晶石 X 2
8月交換券(2023) X 1
`*サーヴァント・サマー・フェスティバル2023！開幕記念 ログインボーナス*
*開催期間中、1日1回 最大21回ログインボーナスをプレゼント！*
/webview/loginbonus/20230811_b7mecm/b7mecm_k_9.png
`白銀の果実 X 1
``從者/禮裝數: 792 / 767`
_2023-08-19 19:38:09_
--------
`友情點數召喚累計2790次

`[ff29db15be18f883ffccdf7ab23021a7]
`登入天數: 41天 / 2148天
等級: 18
石頭: 2623
呼符: 94
友情點: +200 / 2103135`
*連続ログイン6日目
※ログインが途切れるか、7日到達すると
1日目から再開されます*
`聖晶石 X 2
8月交換券(2023) X 1
`*サーヴァント・サマー・フェスティバル2023！開幕記念 ログインボーナス*
*開催期間中、1日1回 最大21回ログインボーナスをプレゼント！*
/webview/loginbonus/20230811_b7mecm/b7mecm_k_9.png
`白銀の果実 X 1
``從者/禮裝數: 787 / 767`
_2023-08-19 19:38:21_
--------
`友情點數召喚累計2620次

`[cc4787a257e3a46e268001195f780247]
`登入天數: 41天 / 2162天
等級: 18
石頭: 3414
呼符: 204
友情點: +120 / 2206710`
*連続ログイン6日目
※ログインが途切れるか、7日到達すると
1日目から再開されます*
`聖晶石 X 2
8月交換券(2023) X 1
`*サーヴァント・サマー・フェスティバル2023！開幕記念 ログインボーナス*
*開催期間中、1日1回 最大21回ログインボーナスをプレゼント！*
/webview/loginbonus/20230811_b7mecm/b7mecm_k_9.png
`白銀の果実 X 1
``從者/禮裝數: 754 / 723`
_2023-08-19 19:38:32_
--------
`友情點數召喚累計3180次

`[3f5599a008981ecf87f2dea9d1d83d6a]
`登入天數: 41天 / 2167天
等級: 18
石頭: 2622
呼符: 94
友情點: +0 / 2082150`
*連続ログイン6日目
※ログインが途切れるか、7日到達すると
1日目から再開されます*
`聖晶石 X 2
8月交換券(2023) X 1
`*サーヴァント・サマー・フェスティバル2023！開幕記念 ログインボーナス*
*開催期間中、1日1回 最大21回ログインボーナスをプレゼント！*
/webview/loginbonus/20230811_b7mecm/b7mecm_k_9.png
`白銀の果実 X 1
``從者/禮裝數: 800 / 776`
_2023-08-19 19:38:44_
--------
`友情點數召喚累計2570次

`[0d14e47d83c8b8400ed7555e0192724d]
`登入天數: 10天 / 2087天
等級: 21
石頭: 2278
呼符: 114
友情點: +260 / 2078475`
*連続ログイン3日目
※ログインが途切れるか、7日到達すると
1日目から再開されます*
`叡智の業火 X 1
8月交換券(2023) X 1
`*サーヴァント・サマー・フェスティバル2023！開幕記念 ログインボーナス*
*開催期間中、1日1回 最大21回ログインボーナスをプレゼント！*
/webview/loginbonus/20230811_b7mecm/b7mecm_k_9.png
`白銀の果実 X 1
``從者/禮裝數: 721 / 767`
_2023-08-19 19:38:56_
--------
`友情點數召喚累計2630次

`[d4c10e20929a4c973210db1453668b11]
`登入天數: 10天 / 2092天
等級: 20
石頭: 2281
呼符: 79
友情點: +0 / 1854020`
*連続ログイン3日目
※ログインが途切れるか、7日到達すると
1日目から再開されます*
`叡智の業火 X 1
8月交換券(2023) X 1
`*サーヴァント・サマー・フェスティバル2023！開幕記念 ログインボーナス*
*開催期間中、1日1回 最大21回ログインボーナスをプレゼント！*
/webview/loginbonus/20230811_b7mecm/b7mecm_k_9.png
`白銀の果実 X 1
``從者/禮裝數: 787 / 773`
_2023-08-19 19:39:08_
--------
`友情點數召喚累計2560次

`[f0cc4e7ae2d4b30013f328b2cf7d6063]
`登入天數: 10天 / 2100天
等級: 20
石頭: 1621
呼符: 155
友情點: +0 / 1945585`
*連続ログイン3日目
※ログインが途切れるか、7日到達すると
1日目から再開されます*
`叡智の業火 X 1
8月交換券(2023) X 1
`*サーヴァント・サマー・フェスティバル2023！開幕記念 ログインボーナス*
*開催期間中、1日1回 最大21回ログインボーナスをプレゼント！*
/webview/loginbonus/20230811_b7mecm/b7mecm_k_9.png
`白銀の果実 X 1
``從者/禮裝數: 776 / 757`
_2023-08-19 19:39:20_
--------
`友情點數召喚累計2522次

`[48a14ba1dd858b92594b71e0ed7d5311]
`登入天數: 10天 / 2090天
等級: 20
石頭: 2716
呼符: 201
友情點: +0 / 1854985`
*連続ログイン3日目
※ログインが途切れるか、7日到達すると
1日目から再開されます*
`叡智の業火 X 1
8月交換券(2023) X 1
`*サーヴァント・サマー・フェスティバル2023！開幕記念 ログインボーナス*
*開催期間中、1日1回 最大21回ログインボーナスをプレゼント！*
/webview/loginbonus/20230811_b7mecm/b7mecm_k_9.png
`白銀の果実 X 1
``從者/禮裝數: 804 / 754`
_2023-08-19 19:39:32_
--------
`友情點數召喚累計2440次

`