【登入訊息】
[c5ab1b78563b1f9e4ee17ab01234bc5e]
`登入天數: 42天 / 1964天
等級: 92
石頭: 3493
呼符: 200
友情點: +0 / 1983505`
*連続ログイン7日間到達おめでとうございます！
明日は1日目からリスタートされます。*
`獣の足跡 X 1
呼符 X 1
8月交換券(2023) X 1
`*サーヴァント・サマー・フェスティバル2023！開幕記念 ログインボーナス*
*開催期間中、1日1回 最大21回ログインボーナスをプレゼント！*
/webview/loginbonus/20230811_b7mecm/b7mecm_k_10.png
`白銀の果実 X 1
``從者/禮裝數: 790 / 746`
_2023-08-20 19:38:00_
--------
`友情點數召喚累計3491次

`[d4825e10f75d83bc0cfb33b6768a8634]
`登入天數: 42天 / 2153天
等級: 19
石頭: 3310
呼符: 119
友情點: +1000 / 2307080`
*連続ログイン7日間到達おめでとうございます！
明日は1日目からリスタートされます。*
`獣の足跡 X 1
呼符 X 1
8月交換券(2023) X 1
`*サーヴァント・サマー・フェスティバル2023！開幕記念 ログインボーナス*
*開催期間中、1日1回 最大21回ログインボーナスをプレゼント！*
/webview/loginbonus/20230811_b7mecm/b7mecm_k_10.png
`白銀の果実 X 1
``從者/禮裝數: 795 / 770`
_2023-08-20 19:38:12_
--------
`友情點數召喚累計2800次

`[ff29db15be18f883ffccdf7ab23021a7]
`登入天數: 42天 / 2149天
等級: 18
石頭: 2623
呼符: 94
友情點: +500 / 2103635`
*連続ログイン7日間到達おめでとうございます！
明日は1日目からリスタートされます。*
`獣の足跡 X 1
呼符 X 1
8月交換券(2023) X 1
`*サーヴァント・サマー・フェスティバル2023！開幕記念 ログインボーナス*
*開催期間中、1日1回 最大21回ログインボーナスをプレゼント！*
/webview/loginbonus/20230811_b7mecm/b7mecm_k_10.png
`白銀の果実 X 1
``從者/禮裝數: 787 / 772`
_2023-08-20 19:38:23_
--------
`友情點數召喚累計2630次

`[cc4787a257e3a46e268001195f780247]
`登入天數: 42天 / 2163天
等級: 18
石頭: 3414
呼符: 204
友情點: +470 / 2207180`
*連続ログイン7日間到達おめでとうございます！
明日は1日目からリスタートされます。*
`獣の足跡 X 1
呼符 X 1
8月交換券(2023) X 1
`*サーヴァント・サマー・フェスティバル2023！開幕記念 ログインボーナス*
*開催期間中、1日1回 最大21回ログインボーナスをプレゼント！*
/webview/loginbonus/20230811_b7mecm/b7mecm_k_10.png
`白銀の果実 X 1
``從者/禮裝數: 756 / 727`
_2023-08-20 19:38:34_
--------
`友情點數召喚累計3190次

`[3f5599a008981ecf87f2dea9d1d83d6a]
`登入天數: 42天 / 2168天
等級: 18
石頭: 2622
呼符: 94
友情點: +0 / 2082150`
*連続ログイン7日間到達おめでとうございます！
明日は1日目からリスタートされます。*
`獣の足跡 X 1
呼符 X 1
8月交換券(2023) X 1
`*サーヴァント・サマー・フェスティバル2023！開幕記念 ログインボーナス*
*開催期間中、1日1回 最大21回ログインボーナスをプレゼント！*
/webview/loginbonus/20230811_b7mecm/b7mecm_k_10.png
`白銀の果実 X 1
``從者/禮裝數: 801 / 782`
_2023-08-20 19:38:44_
--------
`友情點數召喚累計2580次

`[0d14e47d83c8b8400ed7555e0192724d]
`登入天數: 11天 / 2088天
等級: 21
石頭: 2278
呼符: 114
友情點: +470 / 2078945`
*連続ログイン4日目
※ログインが途切れるか、7日到達すると
1日目から再開されます*
`聖晶石 X 1
8月交換券(2023) X 1
`*サーヴァント・サマー・フェスティバル2023！開幕記念 ログインボーナス*
*開催期間中、1日1回 最大21回ログインボーナスをプレゼント！*
/webview/loginbonus/20230811_b7mecm/b7mecm_k_10.png
`白銀の果実 X 1
``從者/禮裝數: 725 / 773`
_2023-08-20 19:38:57_
--------
`友情點數召喚累計2640次

`[d4c10e20929a4c973210db1453668b11]
`登入天數: 11天 / 2093天
等級: 20
石頭: 2281
呼符: 79
友情點: +0 / 1854020`
*連続ログイン4日目
※ログインが途切れるか、7日到達すると
1日目から再開されます*
`聖晶石 X 1
8月交換券(2023) X 1
`*サーヴァント・サマー・フェスティバル2023！開幕記念 ログインボーナス*
*開催期間中、1日1回 最大21回ログインボーナスをプレゼント！*
/webview/loginbonus/20230811_b7mecm/b7mecm_k_10.png
`白銀の果実 X 1
``從者/禮裝數: 790 / 779`
_2023-08-20 19:39:08_
--------
`友情點數召喚累計2570次

`[f0cc4e7ae2d4b30013f328b2cf7d6063]
`登入天數: 11天 / 2101天
等級: 20
石頭: 1621
呼符: 155
友情點: +0 / 1945585`
*連続ログイン4日目
※ログインが途切れるか、7日到達すると
1日目から再開されます*
`聖晶石 X 1
8月交換券(2023) X 1
`*サーヴァント・サマー・フェスティバル2023！開幕記念 ログインボーナス*
*開催期間中、1日1回 最大21回ログインボーナスをプレゼント！*
/webview/loginbonus/20230811_b7mecm/b7mecm_k_10.png
`白銀の果実 X 1
``從者/禮裝數: 780 / 763`
_2023-08-20 19:39:19_
--------
`友情點數召喚累計2532次

`[48a14ba1dd858b92594b71e0ed7d5311]
`登入天數: 11天 / 2091天
等級: 20
石頭: 2716
呼符: 201
友情點: +0 / 1854985`
*連続ログイン4日目
※ログインが途切れるか、7日到達すると
1日目から再開されます*
`聖晶石 X 1
8月交換券(2023) X 1
`*サーヴァント・サマー・フェスティバル2023！開幕記念 ログインボーナス*
*開催期間中、1日1回 最大21回ログインボーナスをプレゼント！*
/webview/loginbonus/20230811_b7mecm/b7mecm_k_10.png
`白銀の果実 X 1
``從者/禮裝數: 807 / 758`
_2023-08-20 19:39:30_
--------
`友情點數召喚累計2450次

`