【登入訊息】
[c5ab1b78563b1f9e4ee17ab01234bc5e]
`登入天數: 43天 / 1965天
等級: 92
石頭: 3493
呼符: 200
友情點: +0 / 1983505`
*連続ログイン1日目
※ログインが途切れるか、7日到達すると
1日目から再開されます*
`フレンドポイント X 2000
8月交換券(2023) X 1
`*サーヴァント・サマー・フェスティバル2023！開幕記念 ログインボーナス*
*開催期間中、1日1回 最大21回ログインボーナスをプレゼント！*
/webview/loginbonus/20230811_b7mecm/b7mecm_k_11.png
`白銀の果実 X 1
``從者/禮裝數: 794 / 751`
_2023-08-21 19:38:15_
--------
`友情點數召喚累計3501次

`[d4825e10f75d83bc0cfb33b6768a8634]
`登入天數: 43天 / 2154天
等級: 19
石頭: 3310
呼符: 119
友情點: +1220 / 2308300`
*連続ログイン1日目
※ログインが途切れるか、7日到達すると
1日目から再開されます*
`フレンドポイント X 2000
8月交換券(2023) X 1
`*サーヴァント・サマー・フェスティバル2023！開幕記念 ログインボーナス*
*開催期間中、1日1回 最大21回ログインボーナスをプレゼント！*
/webview/loginbonus/20230811_b7mecm/b7mecm_k_11.png
`白銀の果実 X 1
``從者/禮裝數: 798 / 775`
_2023-08-21 19:38:26_
--------
`友情點數召喚累計2810次

`[ff29db15be18f883ffccdf7ab23021a7]
`登入天數: 43天 / 2150天
等級: 18
石頭: 2623
呼符: 94
友情點: +560 / 2104195`
*連続ログイン1日目
※ログインが途切れるか、7日到達すると
1日目から再開されます*
`フレンドポイント X 2000
8月交換券(2023) X 1
`*サーヴァント・サマー・フェスティバル2023！開幕記念 ログインボーナス*
*開催期間中、1日1回 最大21回ログインボーナスをプレゼント！*
/webview/loginbonus/20230811_b7mecm/b7mecm_k_11.png
`白銀の果実 X 1
``從者/禮裝數: 791 / 775`
_2023-08-21 19:38:38_
--------
`友情點數召喚累計2640次

`[cc4787a257e3a46e268001195f780247]
`登入天數: 43天 / 2164天
等級: 18
石頭: 3414
呼符: 204
友情點: +430 / 2207610`
*連続ログイン1日目
※ログインが途切れるか、7日到達すると
1日目から再開されます*
`フレンドポイント X 2000
8月交換券(2023) X 1
`*サーヴァント・サマー・フェスティバル2023！開幕記念 ログインボーナス*
*開催期間中、1日1回 最大21回ログインボーナスをプレゼント！*
/webview/loginbonus/20230811_b7mecm/b7mecm_k_11.png
`白銀の果実 X 1
``從者/禮裝數: 756 / 734`
_2023-08-21 19:38:50_
--------
`友情點數召喚累計3200次

`[3f5599a008981ecf87f2dea9d1d83d6a]
`登入天數: 43天 / 2169天
等級: 18
石頭: 2622
呼符: 94
友情點: +0 / 2082150`
*連続ログイン1日目
※ログインが途切れるか、7日到達すると
1日目から再開されます*
`フレンドポイント X 2000
8月交換券(2023) X 1
`*サーヴァント・サマー・フェスティバル2023！開幕記念 ログインボーナス*
*開催期間中、1日1回 最大21回ログインボーナスをプレゼント！*
/webview/loginbonus/20230811_b7mecm/b7mecm_k_11.png
`白銀の果実 X 1
``從者/禮裝數: 803 / 786`
_2023-08-21 19:39:01_
--------
`友情點數召喚累計2590次

`[0d14e47d83c8b8400ed7555e0192724d]
`登入天數: 12天 / 2089天
等級: 21
石頭: 2278
呼符: 114
友情點: +710 / 2079855`
*連続ログイン5日目
※ログインが途切れるか、7日到達すると
1日目から再開されます*
`叡智の業火 X 2
8月交換券(2023) X 1
`*サーヴァント・サマー・フェスティバル2023！開幕記念 ログインボーナス*
*開催期間中、1日1回 最大21回ログインボーナスをプレゼント！*
/webview/loginbonus/20230811_b7mecm/b7mecm_k_11.png
`白銀の果実 X 1
``從者/禮裝數: 726 / 778`
_2023-08-21 19:39:13_
--------
`友情點數召喚累計2650次

`[d4c10e20929a4c973210db1453668b11]
`登入天數: 12天 / 2094天
等級: 20
石頭: 2281
呼符: 79
友情點: +0 / 1854020`
*連続ログイン5日目
※ログインが途切れるか、7日到達すると
1日目から再開されます*
`叡智の業火 X 2
8月交換券(2023) X 1
`*サーヴァント・サマー・フェスティバル2023！開幕記念 ログインボーナス*
*開催期間中、1日1回 最大21回ログインボーナスをプレゼント！*
/webview/loginbonus/20230811_b7mecm/b7mecm_k_11.png
`白銀の果実 X 1
``從者/禮裝數: 792 / 785`
_2023-08-21 19:39:25_
--------
`友情點數召喚累計2580次

`[f0cc4e7ae2d4b30013f328b2cf7d6063]
`登入天數: 12天 / 2102天
等級: 20
石頭: 1621
呼符: 155
友情點: +0 / 1945585`
*連続ログイン5日目
※ログインが途切れるか、7日到達すると
1日目から再開されます*
`叡智の業火 X 2
8月交換券(2023) X 1
`*サーヴァント・サマー・フェスティバル2023！開幕記念 ログインボーナス*
*開催期間中、1日1回 最大21回ログインボーナスをプレゼント！*
/webview/loginbonus/20230811_b7mecm/b7mecm_k_11.png
`白銀の果実 X 1
``從者/禮裝數: 781 / 765`
_2023-08-21 19:39:37_
--------
`友情點數召喚累計2542次

`[48a14ba1dd858b92594b71e0ed7d5311]
`登入天數: 12天 / 2092天
等級: 20
石頭: 2716
呼符: 201
友情點: +0 / 1854985`
*連続ログイン5日目
※ログインが途切れるか、7日到達すると
1日目から再開されます*
`叡智の業火 X 2
8月交換券(2023) X 1
`*サーヴァント・サマー・フェスティバル2023！開幕記念 ログインボーナス*
*開催期間中、1日1回 最大21回ログインボーナスをプレゼント！*
/webview/loginbonus/20230811_b7mecm/b7mecm_k_11.png
`白銀の果実 X 1
``從者/禮裝數: 808 / 766`
_2023-08-21 19:39:49_
--------
`友情點數召喚累計2460次

`