【登入訊息】
[c5ab1b78563b1f9e4ee17ab01234bc5e]
`登入天數: 44天 / 1966天
等級: 92
石頭: 3493
呼符: 200
友情點: +0 / 1983505`
*連続ログイン2日目
※ログインが途切れるか、7日到達すると
1日目から再開されます*
`聖晶石 X 1
8月交換券(2023) X 1
`*サーヴァント・サマー・フェスティバル2023！開幕記念 ログインボーナス*
*開催期間中、1日1回 最大21回ログインボーナスをプレゼント！*
/webview/loginbonus/20230811_b7mecm/b7mecm_k_12.png
`白銀の果実 X 1
``從者/禮裝數: 797 / 755`
_2023-08-22 19:38:00_
--------
`友情點數召喚累計3511次

`[d4825e10f75d83bc0cfb33b6768a8634]
`登入天數: 44天 / 2155天
等級: 19
石頭: 3310
呼符: 119
友情點: +520 / 2308820`
*連続ログイン2日目
※ログインが途切れるか、7日到達すると
1日目から再開されます*
`聖晶石 X 1
8月交換券(2023) X 1
`*サーヴァント・サマー・フェスティバル2023！開幕記念 ログインボーナス*
*開催期間中、1日1回 最大21回ログインボーナスをプレゼント！*
/webview/loginbonus/20230811_b7mecm/b7mecm_k_12.png
`白銀の果実 X 1
``從者/禮裝數: 800 / 782`
_2023-08-22 19:38:11_
--------
`友情點數召喚累計2820次

`[ff29db15be18f883ffccdf7ab23021a7]
`登入天數: 44天 / 2151天
等級: 18
石頭: 2623
呼符: 94
友情點: +210 / 2104405`
*連続ログイン2日目
※ログインが途切れるか、7日到達すると
1日目から再開されます*
`聖晶石 X 1
8月交換券(2023) X 1
`*サーヴァント・サマー・フェスティバル2023！開幕記念 ログインボーナス*
*開催期間中、1日1回 最大21回ログインボーナスをプレゼント！*
/webview/loginbonus/20230811_b7mecm/b7mecm_k_12.png
`白銀の果実 X 1
``從者/禮裝數: 793 / 782`
_2023-08-22 19:38:22_
--------
`友情點數召喚累計2650次

`[cc4787a257e3a46e268001195f780247]
`登入天數: 44天 / 2165天
等級: 18
石頭: 3414
呼符: 204
友情點: +170 / 2208580`
*連続ログイン2日目
※ログインが途切れるか、7日到達すると
1日目から再開されます*
`聖晶石 X 1
8月交換券(2023) X 1
`*サーヴァント・サマー・フェスティバル2023！開幕記念 ログインボーナス*
*開催期間中、1日1回 最大21回ログインボーナスをプレゼント！*
/webview/loginbonus/20230811_b7mecm/b7mecm_k_12.png
`白銀の果実 X 1
``從者/禮裝數: 759 / 739`
_2023-08-22 19:38:33_
--------
`友情點數召喚累計3210次

`[3f5599a008981ecf87f2dea9d1d83d6a]
`登入天數: 44天 / 2170天
等級: 18
石頭: 2622
呼符: 94
友情點: +0 / 2082150`
*連続ログイン2日目
※ログインが途切れるか、7日到達すると
1日目から再開されます*
`聖晶石 X 1
8月交換券(2023) X 1
`*サーヴァント・サマー・フェスティバル2023！開幕記念 ログインボーナス*
*開催期間中、1日1回 最大21回ログインボーナスをプレゼント！*
/webview/loginbonus/20230811_b7mecm/b7mecm_k_12.png
`白銀の果実 X 1
``從者/禮裝數: 806 / 790`
_2023-08-22 19:38:45_
--------
`友情點數召喚累計2600次

`[0d14e47d83c8b8400ed7555e0192724d]
`登入天數: 13天 / 2090天
等級: 21
石頭: 2278
呼符: 114
友情點: +290 / 2080145`
*連続ログイン6日目
※ログインが途切れるか、7日到達すると
1日目から再開されます*
`聖晶石 X 2
8月交換券(2023) X 1
`*サーヴァント・サマー・フェスティバル2023！開幕記念 ログインボーナス*
*開催期間中、1日1回 最大21回ログインボーナスをプレゼント！*
/webview/loginbonus/20230811_b7mecm/b7mecm_k_12.png
`白銀の果実 X 1
``從者/禮裝數: 729 / 785`
_2023-08-22 19:38:56_
--------
`友情點數召喚累計2660次

`[d4c10e20929a4c973210db1453668b11]
`登入天數: 13天 / 2095天
等級: 20
石頭: 2281
呼符: 79
友情點: +0 / 1854020`
*連続ログイン6日目
※ログインが途切れるか、7日到達すると
1日目から再開されます*
`聖晶石 X 2
8月交換券(2023) X 1
`*サーヴァント・サマー・フェスティバル2023！開幕記念 ログインボーナス*
*開催期間中、1日1回 最大21回ログインボーナスをプレゼント！*
/webview/loginbonus/20230811_b7mecm/b7mecm_k_12.png
`白銀の果実 X 1
``從者/禮裝數: 794 / 790`
_2023-08-22 19:39:07_
--------
`友情點數召喚累計2590次

`[f0cc4e7ae2d4b30013f328b2cf7d6063]
`登入天數: 13天 / 2103天
等級: 20
石頭: 1621
呼符: 155
友情點: +0 / 1945585`
*連続ログイン6日目
※ログインが途切れるか、7日到達すると
1日目から再開されます*
`聖晶石 X 2
8月交換券(2023) X 1
`*サーヴァント・サマー・フェスティバル2023！開幕記念 ログインボーナス*
*開催期間中、1日1回 最大21回ログインボーナスをプレゼント！*
/webview/loginbonus/20230811_b7mecm/b7mecm_k_12.png
`白銀の果実 X 1
``從者/禮裝數: 781 / 771`
_2023-08-22 19:39:18_
--------
`友情點數召喚累計2552次

`[48a14ba1dd858b92594b71e0ed7d5311]
`登入天數: 13天 / 2093天
等級: 20
石頭: 2716
呼符: 201
友情點: +0 / 1854985`
*連続ログイン6日目
※ログインが途切れるか、7日到達すると
1日目から再開されます*
`聖晶石 X 2
8月交換券(2023) X 1
`*サーヴァント・サマー・フェスティバル2023！開幕記念 ログインボーナス*
*開催期間中、1日1回 最大21回ログインボーナスをプレゼント！*
/webview/loginbonus/20230811_b7mecm/b7mecm_k_12.png
`白銀の果実 X 1
``從者/禮裝數: 811 / 772`
_2023-08-22 19:39:30_
--------
`友情點數召喚累計2470次

`