【登入訊息】
[c5ab1b78563b1f9e4ee17ab01234bc5e]
`登入天數: 45天 / 1967天
等級: 92
石頭: 3493
呼符: 200
友情點: +0 / 1983505`
*連続ログイン3日目
※ログインが途切れるか、7日到達すると
1日目から再開されます*
`叡智の業火 X 1
8月交換券(2023) X 1
`*サーヴァント・サマー・フェスティバル2023！開幕記念 ログインボーナス*
*開催期間中、1日1回 最大21回ログインボーナスをプレゼント！*
/webview/loginbonus/20230811_b7mecm/b7mecm_k_13.png
`白銀の果実 X 1
``從者/禮裝數: 803 / 758`
_2023-08-23 19:38:22_
--------
`友情點數召喚累計3521次

`[d4825e10f75d83bc0cfb33b6768a8634]
`登入天數: 45天 / 2156天
等級: 19
石頭: 3310
呼符: 119
友情點: +1040 / 2309860`
*連続ログイン3日目
※ログインが途切れるか、7日到達すると
1日目から再開されます*
`叡智の業火 X 1
8月交換券(2023) X 1
`*サーヴァント・サマー・フェスティバル2023！開幕記念 ログインボーナス*
*開催期間中、1日1回 最大21回ログインボーナスをプレゼント！*
/webview/loginbonus/20230811_b7mecm/b7mecm_k_13.png
`白銀の果実 X 1
``從者/禮裝數: 804 / 786`
_2023-08-23 19:38:33_
--------
`友情點數召喚累計2830次

`[ff29db15be18f883ffccdf7ab23021a7]
`登入天數: 45天 / 2152天
等級: 18
石頭: 2623
呼符: 94
友情點: +330 / 2104735`
*連続ログイン3日目
※ログインが途切れるか、7日到達すると
1日目から再開されます*
`叡智の業火 X 1
8月交換券(2023) X 1
`*サーヴァント・サマー・フェスティバル2023！開幕記念 ログインボーナス*
*開催期間中、1日1回 最大21回ログインボーナスをプレゼント！*
/webview/loginbonus/20230811_b7mecm/b7mecm_k_13.png
`白銀の果実 X 1
``從者/禮裝數: 797 / 786`
_2023-08-23 19:38:44_
--------
`友情點數召喚累計2660次

`[cc4787a257e3a46e268001195f780247]
`登入天數: 45天 / 2166天
等級: 18
石頭: 3414
呼符: 204
友情點: +220 / 2208800`
*連続ログイン3日目
※ログインが途切れるか、7日到達すると
1日目から再開されます*
`叡智の業火 X 1
8月交換券(2023) X 1
`*サーヴァント・サマー・フェスティバル2023！開幕記念 ログインボーナス*
*開催期間中、1日1回 最大21回ログインボーナスをプレゼント！*
/webview/loginbonus/20230811_b7mecm/b7mecm_k_13.png
`白銀の果実 X 1
``從者/禮裝數: 762 / 744`
_2023-08-23 19:38:55_
--------
`友情點數召喚累計3220次

`[3f5599a008981ecf87f2dea9d1d83d6a]
`登入天數: 45天 / 2171天
等級: 18
石頭: 2622
呼符: 94
友情點: +0 / 2082150`
*連続ログイン3日目
※ログインが途切れるか、7日到達すると
1日目から再開されます*
`叡智の業火 X 1
8月交換券(2023) X 1
`*サーヴァント・サマー・フェスティバル2023！開幕記念 ログインボーナス*
*開催期間中、1日1回 最大21回ログインボーナスをプレゼント！*
/webview/loginbonus/20230811_b7mecm/b7mecm_k_13.png
`白銀の果実 X 1
``從者/禮裝數: 806 / 798`
_2023-08-23 19:39:06_
--------
`友情點數召喚累計2610次

`[0d14e47d83c8b8400ed7555e0192724d]
`登入天數: 14天 / 2091天
等級: 21
石頭: 2278
呼符: 114
友情點: +340 / 2080485`
*連続ログイン7日間到達おめでとうございます！
明日は1日目からリスタートされます。*
`獣の足跡 X 1
呼符 X 1
8月交換券(2023) X 1
`*サーヴァント・サマー・フェスティバル2023！開幕記念 ログインボーナス*
*開催期間中、1日1回 最大21回ログインボーナスをプレゼント！*
/webview/loginbonus/20230811_b7mecm/b7mecm_k_13.png
`白銀の果実 X 1
``從者/禮裝數: 729 / 793`
_2023-08-23 19:39:17_
--------
`友情點數召喚累計2670次

`[d4c10e20929a4c973210db1453668b11]
`登入天數: 14天 / 2096天
等級: 20
石頭: 2281
呼符: 79
友情點: +0 / 1854020`
*連続ログイン7日間到達おめでとうございます！
明日は1日目からリスタートされます。*
`獣の足跡 X 1
呼符 X 1
8月交換券(2023) X 1
`*サーヴァント・サマー・フェスティバル2023！開幕記念 ログインボーナス*
*開催期間中、1日1回 最大21回ログインボーナスをプレゼント！*
/webview/loginbonus/20230811_b7mecm/b7mecm_k_13.png
`白銀の果実 X 1
``從者/禮裝數: 799 / 793`
_2023-08-23 19:39:29_
--------
`友情點數召喚累計2600次

`[f0cc4e7ae2d4b30013f328b2cf7d6063]
`登入天數: 14天 / 2104天
等級: 20
石頭: 1621
呼符: 155
友情點: +0 / 1945585`
*連続ログイン7日間到達おめでとうございます！
明日は1日目からリスタートされます。*
`獣の足跡 X 1
呼符 X 1
8月交換券(2023) X 1
`*サーヴァント・サマー・フェスティバル2023！開幕記念 ログインボーナス*
*開催期間中、1日1回 最大21回ログインボーナスをプレゼント！*
/webview/loginbonus/20230811_b7mecm/b7mecm_k_13.png
`白銀の果実 X 1
``從者/禮裝數: 781 / 780`
_2023-08-23 19:39:40_
--------
`友情點數召喚累計2562次

`[48a14ba1dd858b92594b71e0ed7d5311]
`登入天數: 14天 / 2094天
等級: 20
石頭: 2716
呼符: 201
友情點: +0 / 1854985`
*連続ログイン7日間到達おめでとうございます！
明日は1日目からリスタートされます。*
`獣の足跡 X 1
呼符 X 1
8月交換券(2023) X 1
`*サーヴァント・サマー・フェスティバル2023！開幕記念 ログインボーナス*
*開催期間中、1日1回 最大21回ログインボーナスをプレゼント！*
/webview/loginbonus/20230811_b7mecm/b7mecm_k_13.png
`白銀の果実 X 1
``從者/禮裝數: 814 / 776`
_2023-08-23 19:39:51_
--------
`友情點數召喚累計2480次

`