【登入訊息】
[c5ab1b78563b1f9e4ee17ab01234bc5e]
`登入天數: 46天 / 1968天
等級: 92
石頭: 3493
呼符: 200
友情點: +0 / 1983505`
*連続ログイン4日目
※ログインが途切れるか、7日到達すると
1日目から再開されます*
`聖晶石 X 1
8月交換券(2023) X 1
`*サーヴァント・サマー・フェスティバル2023！開幕記念 ログインボーナス*
*開催期間中、1日1回 最大21回ログインボーナスをプレゼント！*
/webview/loginbonus/20230811_b7mecm/b7mecm_k_14.png
`白銀の果実 X 1
``從者/禮裝數: 806 / 763`
_2023-08-24 19:38:03_
--------
`友情點數召喚累計3531次

`[d4825e10f75d83bc0cfb33b6768a8634]
`登入天數: 46天 / 2157天
等級: 19
石頭: 3310
呼符: 119
友情點: +1120 / 2310980`
*連続ログイン4日目
※ログインが途切れるか、7日到達すると
1日目から再開されます*
`聖晶石 X 1
8月交換券(2023) X 1
`*サーヴァント・サマー・フェスティバル2023！開幕記念 ログインボーナス*
*開催期間中、1日1回 最大21回ログインボーナスをプレゼント！*
/webview/loginbonus/20230811_b7mecm/b7mecm_k_14.png
`白銀の果実 X 1
``從者/禮裝數: 807 / 789`
_2023-08-24 19:38:16_
--------
`友情點數召喚累計2840次

`[ff29db15be18f883ffccdf7ab23021a7]
`登入天數: 46天 / 2153天
等級: 18
石頭: 2623
呼符: 94
友情點: +570 / 2105305`
*連続ログイン4日目
※ログインが途切れるか、7日到達すると
1日目から再開されます*
`聖晶石 X 1
8月交換券(2023) X 1
`*サーヴァント・サマー・フェスティバル2023！開幕記念 ログインボーナス*
*開催期間中、1日1回 最大21回ログインボーナスをプレゼント！*
/webview/loginbonus/20230811_b7mecm/b7mecm_k_14.png
`白銀の果実 X 1
``從者/禮裝數: 798 / 792`
_2023-08-24 19:38:28_
--------
`友情點數召喚累計2670次

`[cc4787a257e3a46e268001195f780247]
`登入天數: 46天 / 2167天
等級: 18
石頭: 3414
呼符: 204
友情點: +640 / 2209450`
*連続ログイン4日目
※ログインが途切れるか、7日到達すると
1日目から再開されます*
`聖晶石 X 1
8月交換券(2023) X 1
`*サーヴァント・サマー・フェスティバル2023！開幕記念 ログインボーナス*
*開催期間中、1日1回 最大21回ログインボーナスをプレゼント！*
/webview/loginbonus/20230811_b7mecm/b7mecm_k_14.png
`白銀の果実 X 1
``從者/禮裝數: 766 / 749`
_2023-08-24 19:38:40_
--------
`友情點數召喚累計3230次

`[3f5599a008981ecf87f2dea9d1d83d6a]
`登入天數: 46天 / 2172天
等級: 18
石頭: 2622
呼符: 94
友情點: +0 / 2082150`
*連続ログイン4日目
※ログインが途切れるか、7日到達すると
1日目から再開されます*
`聖晶石 X 1
8月交換券(2023) X 1
`*サーヴァント・サマー・フェスティバル2023！開幕記念 ログインボーナス*
*開催期間中、1日1回 最大21回ログインボーナスをプレゼント！*
/webview/loginbonus/20230811_b7mecm/b7mecm_k_14.png
`白銀の果実 X 1
``從者/禮裝數: 808 / 801`
_2023-08-24 19:38:53_
--------
`友情點數召喚累計2620次

`[0d14e47d83c8b8400ed7555e0192724d]
`登入天數: 15天 / 2092天
等級: 21
石頭: 2278
呼符: 114
友情點: +410 / 2080895`
*連続ログイン1日目
※ログインが途切れるか、7日到達すると
1日目から再開されます*
`フレンドポイント X 2000
8月交換券(2023) X 1
`*サーヴァント・サマー・フェスティバル2023！開幕記念 ログインボーナス*
*開催期間中、1日1回 最大21回ログインボーナスをプレゼント！*
/webview/loginbonus/20230811_b7mecm/b7mecm_k_14.png
`白銀の果実 X 1
``從者/禮裝數: 732 / 799`
_2023-08-24 19:39:06_
--------
`友情點數召喚累計2680次

`[d4c10e20929a4c973210db1453668b11]
`登入天數: 15天 / 2097天
等級: 20
石頭: 2281
呼符: 79
友情點: +0 / 1854020`
*連続ログイン1日目
※ログインが途切れるか、7日到達すると
1日目から再開されます*
`フレンドポイント X 2000
8月交換券(2023) X 1
`*サーヴァント・サマー・フェスティバル2023！開幕記念 ログインボーナス*
*開催期間中、1日1回 最大21回ログインボーナスをプレゼント！*
/webview/loginbonus/20230811_b7mecm/b7mecm_k_14.png
`白銀の果実 X 1
``從者/禮裝數: 801 / 799`
_2023-08-24 19:39:18_
--------
`友情點數召喚累計2610次

`[f0cc4e7ae2d4b30013f328b2cf7d6063]
`登入天數: 15天 / 2105天
等級: 20
石頭: 1621
呼符: 155
友情點: +0 / 1945585`
*連続ログイン1日目
※ログインが途切れるか、7日到達すると
1日目から再開されます*
`フレンドポイント X 2000
8月交換券(2023) X 1
`*サーヴァント・サマー・フェスティバル2023！開幕記念 ログインボーナス*
*開催期間中、1日1回 最大21回ログインボーナスをプレゼント！*
/webview/loginbonus/20230811_b7mecm/b7mecm_k_14.png
`白銀の果実 X 1
``從者/禮裝數: 785 / 784`
_2023-08-24 19:39:30_
--------
`友情點數召喚累計2572次

`[48a14ba1dd858b92594b71e0ed7d5311]
`登入天數: 15天 / 2095天
等級: 20
石頭: 2716
呼符: 201
友情點: +0 / 1854985`
*連続ログイン1日目
※ログインが途切れるか、7日到達すると
1日目から再開されます*
`フレンドポイント X 2000
8月交換券(2023) X 1
`*サーヴァント・サマー・フェスティバル2023！開幕記念 ログインボーナス*
*開催期間中、1日1回 最大21回ログインボーナスをプレゼント！*
/webview/loginbonus/20230811_b7mecm/b7mecm_k_14.png
`白銀の果実 X 1
``從者/禮裝數: 819 / 779`
_2023-08-24 19:39:43_
--------
`友情點數召喚累計2490次

`