【登入訊息】
[c5ab1b78563b1f9e4ee17ab01234bc5e]
`登入天數: 48天 / 1970天
等級: 92
石頭: 3493
呼符: 200
友情點: +0 / 1983505`
*連続ログイン6日目
※ログインが途切れるか、7日到達すると
1日目から再開されます*
`聖晶石 X 2
8月交換券(2023) X 1
`*サーヴァント・サマー・フェスティバル2023！開幕記念 ログインボーナス*
*開催期間中、1日1回 最大21回ログインボーナスをプレゼント！*
/webview/loginbonus/20230811_b7mecm/b7mecm_k_16.png
`白銀の果実 X 1
``從者/禮裝數: 815 / 771`
_2023-08-26 19:36:56_
--------
`友情點數召喚累計3551次

`[d4825e10f75d83bc0cfb33b6768a8634]
`登入天數: 48天 / 2159天
等級: 19
石頭: 3310
呼符: 119
友情點: +920 / 2312610`
*連続ログイン6日目
※ログインが途切れるか、7日到達すると
1日目から再開されます*
`聖晶石 X 2
8月交換券(2023) X 1
`*サーヴァント・サマー・フェスティバル2023！開幕記念 ログインボーナス*
*開催期間中、1日1回 最大21回ログインボーナスをプレゼント！*
/webview/loginbonus/20230811_b7mecm/b7mecm_k_16.png
`白銀の果実 X 1
``從者/禮裝數: 812 / 799`
_2023-08-26 19:37:09_
--------
`友情點數召喚累計2860次

`[ff29db15be18f883ffccdf7ab23021a7]
`登入天數: 48天 / 2155天
等級: 18
石頭: 2623
呼符: 94
友情點: +390 / 2106265`
*連続ログイン6日目
※ログインが途切れるか、7日到達すると
1日目から再開されます*
`聖晶石 X 2
8月交換券(2023) X 1
`*サーヴァント・サマー・フェスティバル2023！開幕記念 ログインボーナス*
*開催期間中、1日1回 最大21回ログインボーナスをプレゼント！*
/webview/loginbonus/20230811_b7mecm/b7mecm_k_16.png
`白銀の果実 X 1
``從者/禮裝數: 803 / 799`
_2023-08-26 19:37:21_
--------
`友情點數召喚累計2690次

`[cc4787a257e3a46e268001195f780247]
`登入天數: 48天 / 2169天
等級: 18
石頭: 3414
呼符: 204
友情點: +350 / 2210270`
*連続ログイン6日目
※ログインが途切れるか、7日到達すると
1日目から再開されます*
`聖晶石 X 2
8月交換券(2023) X 1
`*サーヴァント・サマー・フェスティバル2023！開幕記念 ログインボーナス*
*開催期間中、1日1回 最大21回ログインボーナスをプレゼント！*
/webview/loginbonus/20230811_b7mecm/b7mecm_k_16.png
`白銀の果実 X 1
``從者/禮裝數: 767 / 765`
_2023-08-26 19:37:34_
--------
`友情點數召喚累計3250次

`[3f5599a008981ecf87f2dea9d1d83d6a]
`登入天數: 48天 / 2174天
等級: 18
石頭: 2622
呼符: 94
友情點: +0 / 2082150`
*連続ログイン6日目
※ログインが途切れるか、7日到達すると
1日目から再開されます*
`聖晶石 X 2
8月交換券(2023) X 1
`*サーヴァント・サマー・フェスティバル2023！開幕記念 ログインボーナス*
*開催期間中、1日1回 最大21回ログインボーナスをプレゼント！*
/webview/loginbonus/20230811_b7mecm/b7mecm_k_16.png
`白銀の果実 X 1
``從者/禮裝數: 813 / 813`
_2023-08-26 19:37:46_
--------
`友情點數召喚累計2640次

`[0d14e47d83c8b8400ed7555e0192724d]
`登入天數: 17天 / 2094天
等級: 21
石頭: 2278
呼符: 114
友情點: +260 / 2081665`
*連続ログイン3日目
※ログインが途切れるか、7日到達すると
1日目から再開されます*
`叡智の業火 X 1
8月交換券(2023) X 1
`*サーヴァント・サマー・フェスティバル2023！開幕記念 ログインボーナス*
*開催期間中、1日1回 最大21回ログインボーナスをプレゼント！*
/webview/loginbonus/20230811_b7mecm/b7mecm_k_16.png
`白銀の果実 X 1
``從者/禮裝數: 735 / 813`
_2023-08-26 19:37:59_
--------
`友情點數召喚累計2700次

`[d4c10e20929a4c973210db1453668b11]
`登入天數: 17天 / 2099天
等級: 20
石頭: 2281
呼符: 79
友情點: +0 / 1854020`
*連続ログイン3日目
※ログインが途切れるか、7日到達すると
1日目から再開されます*
`叡智の業火 X 1
8月交換券(2023) X 1
`*サーヴァント・サマー・フェスティバル2023！開幕記念 ログインボーナス*
*開催期間中、1日1回 最大21回ログインボーナスをプレゼント！*
/webview/loginbonus/20230811_b7mecm/b7mecm_k_16.png
`白銀の果実 X 1
``從者/禮裝數: 806 / 811`
_2023-08-26 19:38:12_
--------
`友情點數召喚累計2630次

`[f0cc4e7ae2d4b30013f328b2cf7d6063]
`登入天數: 17天 / 2107天
等級: 20
石頭: 1621
呼符: 155
友情點: +0 / 1945585`
*連続ログイン3日目
※ログインが途切れるか、7日到達すると
1日目から再開されます*
`叡智の業火 X 1
8月交換券(2023) X 1
`*サーヴァント・サマー・フェスティバル2023！開幕記念 ログインボーナス*
*開催期間中、1日1回 最大21回ログインボーナスをプレゼント！*
/webview/loginbonus/20230811_b7mecm/b7mecm_k_16.png
`白銀の果実 X 1
``從者/禮裝數: 790 / 793`
_2023-08-26 19:38:24_
--------
`友情點數召喚累計2592次

`[48a14ba1dd858b92594b71e0ed7d5311]
`登入天數: 17天 / 2097天
等級: 20
石頭: 2716
呼符: 201
友情點: +0 / 1854985`
*連続ログイン3日目
※ログインが途切れるか、7日到達すると
1日目から再開されます*
`叡智の業火 X 1
8月交換券(2023) X 1
`*サーヴァント・サマー・フェスティバル2023！開幕記念 ログインボーナス*
*開催期間中、1日1回 最大21回ログインボーナスをプレゼント！*
/webview/loginbonus/20230811_b7mecm/b7mecm_k_16.png
`白銀の果実 X 1
``從者/禮裝數: 823 / 791`
_2023-08-26 19:38:36_
--------
`友情點數召喚累計2510次

`