【登入訊息】
[c5ab1b78563b1f9e4ee17ab01234bc5e]
`登入天數: 49天 / 1971天
等級: 92
石頭: 3493
呼符: 200
友情點: +0 / 1983505`
*連続ログイン7日間到達おめでとうございます！
明日は1日目からリスタートされます。*
`獣の足跡 X 1
呼符 X 1
8月交換券(2023) X 1
`*サーヴァント・サマー・フェスティバル2023！開幕記念 ログインボーナス*
*開催期間中、1日1回 最大21回ログインボーナスをプレゼント！*
/webview/loginbonus/20230811_b7mecm/b7mecm_k_17.png
`白銀の果実 X 1
``從者/禮裝數: 820 / 775`
_2023-08-27 19:36:38_
--------
`友情點數召喚累計3561次

`[d4825e10f75d83bc0cfb33b6768a8634]
`登入天數: 49天 / 2160天
等級: 19
石頭: 3310
呼符: 119
友情點: +500 / 2313110`
*連続ログイン7日間到達おめでとうございます！
明日は1日目からリスタートされます。*
`獣の足跡 X 1
呼符 X 1
8月交換券(2023) X 1
`*サーヴァント・サマー・フェスティバル2023！開幕記念 ログインボーナス*
*開催期間中、1日1回 最大21回ログインボーナスをプレゼント！*
/webview/loginbonus/20230811_b7mecm/b7mecm_k_17.png
`白銀の果実 X 1
``從者/禮裝數: 813 / 806`
_2023-08-27 19:36:51_
--------
`友情點數召喚累計2870次

`[ff29db15be18f883ffccdf7ab23021a7]
`登入天數: 49天 / 2156天
等級: 18
石頭: 2623
呼符: 94
友情點: +340 / 2106605`
*連続ログイン7日間到達おめでとうございます！
明日は1日目からリスタートされます。*
`獣の足跡 X 1
呼符 X 1
8月交換券(2023) X 1
`*サーヴァント・サマー・フェスティバル2023！開幕記念 ログインボーナス*
*開催期間中、1日1回 最大21回ログインボーナスをプレゼント！*
/webview/loginbonus/20230811_b7mecm/b7mecm_k_17.png
`白銀の果実 X 1
``從者/禮裝數: 805 / 804`
_2023-08-27 19:37:03_
--------
`友情點數召喚累計2700次

`[cc4787a257e3a46e268001195f780247]
`登入天數: 49天 / 2170天
等級: 18
石頭: 3414
呼符: 204
友情點: +330 / 2210600`
*連続ログイン7日間到達おめでとうございます！
明日は1日目からリスタートされます。*
`獣の足跡 X 1
呼符 X 1
8月交換券(2023) X 1
`*サーヴァント・サマー・フェスティバル2023！開幕記念 ログインボーナス*
*開催期間中、1日1回 最大21回ログインボーナスをプレゼント！*
/webview/loginbonus/20230811_b7mecm/b7mecm_k_17.png
`白銀の果実 X 1
``從者/禮裝數: 772 / 769`
_2023-08-27 19:37:15_
--------
`友情點數召喚累計3260次

`[3f5599a008981ecf87f2dea9d1d83d6a]
`登入天數: 49天 / 2175天
等級: 18
石頭: 2622
呼符: 94
友情點: +0 / 2082150`
*連続ログイン7日間到達おめでとうございます！
明日は1日目からリスタートされます。*
`獣の足跡 X 1
呼符 X 1
8月交換券(2023) X 1
`*サーヴァント・サマー・フェスティバル2023！開幕記念 ログインボーナス*
*開催期間中、1日1回 最大21回ログインボーナスをプレゼント！*
/webview/loginbonus/20230811_b7mecm/b7mecm_k_17.png
`白銀の果実 X 1
``從者/禮裝數: 818 / 816`
_2023-08-27 19:37:27_
--------
`友情點數召喚累計2650次

`[0d14e47d83c8b8400ed7555e0192724d]
`登入天數: 18天 / 2095天
等級: 21
石頭: 2278
呼符: 114
友情點: +260 / 2081925`
*連続ログイン4日目
※ログインが途切れるか、7日到達すると
1日目から再開されます*
`聖晶石 X 1
8月交換券(2023) X 1
`*サーヴァント・サマー・フェスティバル2023！開幕記念 ログインボーナス*
*開催期間中、1日1回 最大21回ログインボーナスをプレゼント！*
/webview/loginbonus/20230811_b7mecm/b7mecm_k_17.png
`白銀の果実 X 1
``從者/禮裝數: 739 / 818`
_2023-08-27 19:37:39_
--------
`友情點數召喚累計2710次

`[d4c10e20929a4c973210db1453668b11]
`登入天數: 18天 / 2100天
等級: 20
石頭: 2281
呼符: 79
友情點: +0 / 1854020`
*連続ログイン4日目
※ログインが途切れるか、7日到達すると
1日目から再開されます*
`聖晶石 X 1
8月交換券(2023) X 1
`*サーヴァント・サマー・フェスティバル2023！開幕記念 ログインボーナス*
*開催期間中、1日1回 最大21回ログインボーナスをプレゼント！*
/webview/loginbonus/20230811_b7mecm/b7mecm_k_17.png
`白銀の果実 X 1
``從者/禮裝數: 811 / 815`
_2023-08-27 19:37:51_
--------
`友情點數召喚累計2640次

`[f0cc4e7ae2d4b30013f328b2cf7d6063]
`登入天數: 18天 / 2108天
等級: 20
石頭: 1621
呼符: 155
友情點: +0 / 1945585`
*連続ログイン4日目
※ログインが途切れるか、7日到達すると
1日目から再開されます*
`聖晶石 X 1
8月交換券(2023) X 1
`*サーヴァント・サマー・フェスティバル2023！開幕記念 ログインボーナス*
*開催期間中、1日1回 最大21回ログインボーナスをプレゼント！*
/webview/loginbonus/20230811_b7mecm/b7mecm_k_17.png
`白銀の果実 X 1
``從者/禮裝數: 793 / 794`
_2023-08-27 19:38:02_
--------
`友情點數召喚累計2602次

`[48a14ba1dd858b92594b71e0ed7d5311]
`登入天數: 18天 / 2098天
等級: 20
石頭: 2716
呼符: 201
友情點: +0 / 1854985`
*連続ログイン4日目
※ログインが途切れるか、7日到達すると
1日目から再開されます*
`聖晶石 X 1
8月交換券(2023) X 1
`*サーヴァント・サマー・フェスティバル2023！開幕記念 ログインボーナス*
*開催期間中、1日1回 最大21回ログインボーナスをプレゼント！*
/webview/loginbonus/20230811_b7mecm/b7mecm_k_17.png
`白銀の果実 X 1
``從者/禮裝數: 825 / 797`
_2023-08-27 19:38:15_
--------
`友情點數召喚累計2520次

`