【登入訊息】
[c5ab1b78563b1f9e4ee17ab01234bc5e]
`登入天數: 50天 / 1972天
等級: 92
石頭: 3493
呼符: 200
友情點: +0 / 1983505`
*連続ログイン1日目
※ログインが途切れるか、7日到達すると
1日目から再開されます*
`フレンドポイント X 2000
8月交換券(2023) X 1
`*サーヴァント・サマー・フェスティバル2023！開幕記念 ログインボーナス*
*開催期間中、1日1回 最大21回ログインボーナスをプレゼント！*
/webview/loginbonus/20230811_b7mecm/b7mecm_k_18.png
`白銀の果実 X 1
``從者/禮裝數: 824 / 780`
_2023-08-28 19:36:59_
--------
`友情點數召喚累計3571次

`[d4825e10f75d83bc0cfb33b6768a8634]
`登入天數: 50天 / 2161天
等級: 19
石頭: 3310
呼符: 119
友情點: +1010 / 2314130`
*連続ログイン1日目
※ログインが途切れるか、7日到達すると
1日目から再開されます*
`フレンドポイント X 2000
8月交換券(2023) X 1
`*サーヴァント・サマー・フェスティバル2023！開幕記念 ログインボーナス*
*開催期間中、1日1回 最大21回ログインボーナスをプレゼント！*
/webview/loginbonus/20230811_b7mecm/b7mecm_k_18.png
`白銀の果実 X 1
``從者/禮裝數: 815 / 812`
_2023-08-28 19:37:11_
--------
`友情點數召喚累計2880次

`[ff29db15be18f883ffccdf7ab23021a7]
`登入天數: 50天 / 2157天
等級: 18
石頭: 2623
呼符: 94
友情點: +580 / 2107185`
*連続ログイン1日目
※ログインが途切れるか、7日到達すると
1日目から再開されます*
`フレンドポイント X 2000
8月交換券(2023) X 1
`*サーヴァント・サマー・フェスティバル2023！開幕記念 ログインボーナス*
*開催期間中、1日1回 最大21回ログインボーナスをプレゼント！*
/webview/loginbonus/20230811_b7mecm/b7mecm_k_18.png
`白銀の果実 X 1
``從者/禮裝數: 808 / 811`
_2023-08-28 19:37:23_
--------
`友情點數召喚累計2710次

`[cc4787a257e3a46e268001195f780247]
`登入天數: 50天 / 2171天
等級: 18
石頭: 3414
呼符: 204
友情點: +490 / 2211090`
*連続ログイン1日目
※ログインが途切れるか、7日到達すると
1日目から再開されます*
`フレンドポイント X 2000
8月交換券(2023) X 1
`*サーヴァント・サマー・フェスティバル2023！開幕記念 ログインボーナス*
*開催期間中、1日1回 最大21回ログインボーナスをプレゼント！*
/webview/loginbonus/20230811_b7mecm/b7mecm_k_18.png
`白銀の果実 X 1
``從者/禮裝數: 776 / 773`
_2023-08-28 19:37:36_
--------
`友情點數召喚累計3270次

`[3f5599a008981ecf87f2dea9d1d83d6a]
`登入天數: 50天 / 2176天
等級: 18
石頭: 2622
呼符: 94
友情點: +0 / 2082150`
*連続ログイン1日目
※ログインが途切れるか、7日到達すると
1日目から再開されます*
`フレンドポイント X 2000
8月交換券(2023) X 1
`*サーヴァント・サマー・フェスティバル2023！開幕記念 ログインボーナス*
*開催期間中、1日1回 最大21回ログインボーナスをプレゼント！*
/webview/loginbonus/20230811_b7mecm/b7mecm_k_18.png
`白銀の果実 X 1
``從者/禮裝數: 823 / 820`
_2023-08-28 19:37:48_
--------
`友情點數召喚累計2660次

`[0d14e47d83c8b8400ed7555e0192724d]
`登入天數: 19天 / 2096天
等級: 21
石頭: 2278
呼符: 114
友情點: +470 / 2082405`
*連続ログイン5日目
※ログインが途切れるか、7日到達すると
1日目から再開されます*
`叡智の業火 X 2
8月交換券(2023) X 1
`*サーヴァント・サマー・フェスティバル2023！開幕記念 ログインボーナス*
*開催期間中、1日1回 最大21回ログインボーナスをプレゼント！*
/webview/loginbonus/20230811_b7mecm/b7mecm_k_18.png
`白銀の果実 X 1
``從者/禮裝數: 739 / 825`
_2023-08-28 19:38:00_
--------
`友情點數召喚累計2720次

`[d4c10e20929a4c973210db1453668b11]
`登入天數: 19天 / 2101天
等級: 20
石頭: 2281
呼符: 79
友情點: +0 / 1854020`
*連続ログイン5日目
※ログインが途切れるか、7日到達すると
1日目から再開されます*
`叡智の業火 X 2
8月交換券(2023) X 1
`*サーヴァント・サマー・フェスティバル2023！開幕記念 ログインボーナス*
*開催期間中、1日1回 最大21回ログインボーナスをプレゼント！*
/webview/loginbonus/20230811_b7mecm/b7mecm_k_18.png
`白銀の果実 X 1
``從者/禮裝數: 811 / 821`
_2023-08-28 19:38:12_
--------
`友情點數召喚累計2650次

`[f0cc4e7ae2d4b30013f328b2cf7d6063]
`登入天數: 19天 / 2109天
等級: 20
石頭: 1621
呼符: 155
友情點: +0 / 1945585`
*連続ログイン5日目
※ログインが途切れるか、7日到達すると
1日目から再開されます*
`叡智の業火 X 2
8月交換券(2023) X 1
`*サーヴァント・サマー・フェスティバル2023！開幕記念 ログインボーナス*
*開催期間中、1日1回 最大21回ログインボーナスをプレゼント！*
/webview/loginbonus/20230811_b7mecm/b7mecm_k_18.png
`白銀の果実 X 1
``從者/禮裝數: 796 / 799`
_2023-08-28 19:38:24_
--------
`友情點數召喚累計2612次

`[48a14ba1dd858b92594b71e0ed7d5311]
`登入天數: 19天 / 2099天
等級: 20
石頭: 2716
呼符: 201
友情點: +0 / 1854985`
*連続ログイン5日目
※ログインが途切れるか、7日到達すると
1日目から再開されます*
`叡智の業火 X 2
8月交換券(2023) X 1
`*サーヴァント・サマー・フェスティバル2023！開幕記念 ログインボーナス*
*開催期間中、1日1回 最大21回ログインボーナスをプレゼント！*
/webview/loginbonus/20230811_b7mecm/b7mecm_k_18.png
`白銀の果実 X 1
``從者/禮裝數: 828 / 801`
_2023-08-28 19:38:35_
--------
`友情點數召喚累計2530次

`