【登入訊息】
[c5ab1b78563b1f9e4ee17ab01234bc5e]
`登入天數: 52天 / 1974天
等級: 92
石頭: 3493
呼符: 200
友情點: +0 / 1983505`
*連続ログイン3日目
※ログインが途切れるか、7日到達すると
1日目から再開されます*
`叡智の業火 X 1
8月交換券(2023) X 1
`*サーヴァント・サマー・フェスティバル2023！開幕記念 ログインボーナス*
*開催期間中、1日1回 最大21回ログインボーナスをプレゼント！*
/webview/loginbonus/20230811_b7mecm/b7mecm_k_20.png
`白銀の果実 X 1
``從者/禮裝數: 829 / 791`
_2023-08-30 19:36:56_
--------
`友情點數召喚累計3591次

`[d4825e10f75d83bc0cfb33b6768a8634]
`登入天數: 52天 / 2163天
等級: 19
石頭: 3310
呼符: 119
友情點: +2680 / 2320510`
*連続ログイン3日目
※ログインが途切れるか、7日到達すると
1日目から再開されます*
`叡智の業火 X 1
8月交換券(2023) X 1
`*サーヴァント・サマー・フェスティバル2023！開幕記念 ログインボーナス*
*開催期間中、1日1回 最大21回ログインボーナスをプレゼント！*
/webview/loginbonus/20230811_b7mecm/b7mecm_k_20.png
`白銀の果実 X 1
``從者/禮裝數: 822 / 820`
_2023-08-30 19:37:07_
--------
`友情點數召喚累計2900次

`[ff29db15be18f883ffccdf7ab23021a7]
`登入天數: 52天 / 2159天
等級: 18
石頭: 2623
呼符: 94
友情點: +1090 / 2108595`
*連続ログイン3日目
※ログインが途切れるか、7日到達すると
1日目から再開されます*
`叡智の業火 X 1
8月交換券(2023) X 1
`*サーヴァント・サマー・フェスティバル2023！開幕記念 ログインボーナス*
*開催期間中、1日1回 最大21回ログインボーナスをプレゼント！*
/webview/loginbonus/20230811_b7mecm/b7mecm_k_20.png
`白銀の果実 X 1
``從者/禮裝數: 814 / 819`
_2023-08-30 19:37:18_
--------
`友情點數召喚累計2730次

`[cc4787a257e3a46e268001195f780247]
`登入天數: 52天 / 2173天
等級: 18
石頭: 3414
呼符: 204
友情點: +1010 / 2212480`
*連続ログイン3日目
※ログインが途切れるか、7日到達すると
1日目から再開されます*
`叡智の業火 X 1
8月交換券(2023) X 1
`*サーヴァント・サマー・フェスティバル2023！開幕記念 ログインボーナス*
*開催期間中、1日1回 最大21回ログインボーナスをプレゼント！*
/webview/loginbonus/20230811_b7mecm/b7mecm_k_20.png
`白銀の果実 X 1
``從者/禮裝數: 782 / 785`
_2023-08-30 19:37:30_
--------
`友情點數召喚累計3290次

`[3f5599a008981ecf87f2dea9d1d83d6a]
`登入天數: 52天 / 2178天
等級: 18
石頭: 2622
呼符: 94
友情點: +0 / 2082150`
*連続ログイン3日目
※ログインが途切れるか、7日到達すると
1日目から再開されます*
`叡智の業火 X 1
8月交換券(2023) X 1
`*サーヴァント・サマー・フェスティバル2023！開幕記念 ログインボーナス*
*開催期間中、1日1回 最大21回ログインボーナスをプレゼント！*
/webview/loginbonus/20230811_b7mecm/b7mecm_k_20.png
`白銀の果実 X 1
``從者/禮裝數: 830 / 830`
_2023-08-30 19:37:43_
--------
`友情點數召喚累計2680次

`[0d14e47d83c8b8400ed7555e0192724d]
`登入天數: 21天 / 2098天
等級: 21
石頭: 2278
呼符: 114
友情點: +1270 / 2084145`
*連続ログイン7日間到達おめでとうございます！
明日は1日目からリスタートされます。*
`獣の足跡 X 1
呼符 X 1
8月交換券(2023) X 1
`*サーヴァント・サマー・フェスティバル2023！開幕記念 ログインボーナス*
*開催期間中、1日1回 最大21回ログインボーナスをプレゼント！*
/webview/loginbonus/20230811_b7mecm/b7mecm_k_20.png
`白銀の果実 X 1
``從者/禮裝數: 747 / 833`
_2023-08-30 19:37:55_
--------
`友情點數召喚累計2740次

`[d4c10e20929a4c973210db1453668b11]
`登入天數: 21天 / 2103天
等級: 20
石頭: 2281
呼符: 79
友情點: +0 / 1854020`
*連続ログイン7日間到達おめでとうございます！
明日は1日目からリスタートされます。*
`獣の足跡 X 1
呼符 X 1
8月交換券(2023) X 1
`*サーヴァント・サマー・フェスティバル2023！開幕記念 ログインボーナス*
*開催期間中、1日1回 最大21回ログインボーナスをプレゼント！*
/webview/loginbonus/20230811_b7mecm/b7mecm_k_20.png
`白銀の果実 X 1
``從者/禮裝數: 817 / 834`
_2023-08-30 19:38:07_
--------
`友情點數召喚累計2670次

`[f0cc4e7ae2d4b30013f328b2cf7d6063]
`登入天數: 21天 / 2111天
等級: 20
石頭: 1621
呼符: 155
友情點: +0 / 1945585`
*連続ログイン7日間到達おめでとうございます！
明日は1日目からリスタートされます。*
`獣の足跡 X 1
呼符 X 1
8月交換券(2023) X 1
`*サーヴァント・サマー・フェスティバル2023！開幕記念 ログインボーナス*
*開催期間中、1日1回 最大21回ログインボーナスをプレゼント！*
/webview/loginbonus/20230811_b7mecm/b7mecm_k_20.png
`白銀の果実 X 1
``從者/禮裝數: 800 / 809`
_2023-08-30 19:38:18_
--------
`友情點數召喚累計2632次

`[48a14ba1dd858b92594b71e0ed7d5311]
`登入天數: 21天 / 2101天
等級: 20
石頭: 2716
呼符: 201
友情點: +0 / 1854985`
*連続ログイン7日間到達おめでとうございます！
明日は1日目からリスタートされます。*
`獣の足跡 X 1
呼符 X 1
8月交換券(2023) X 1
`*サーヴァント・サマー・フェスティバル2023！開幕記念 ログインボーナス*
*開催期間中、1日1回 最大21回ログインボーナスをプレゼント！*
/webview/loginbonus/20230811_b7mecm/b7mecm_k_20.png
`白銀の果実 X 1
``從者/禮裝數: 838 / 811`
_2023-08-30 19:38:30_
--------
`友情點數召喚累計2550次

`