【登入訊息】
[c5ab1b78563b1f9e4ee17ab01234bc5e]
`登入天數: 12天 / 1363天
等級: 92
石頭: 1829
呼符: 121
友情點: 0 / 1544945`
*連続ログイン5日目
※ログインが途切れるか、7日到達すると
1日目から再開されます*
`叡智の猛火 X 2
12月交換券(2021) X 1
`_2021-12-24 13:33:01_
--------
[d4825e10f75d83bc0cfb33b6768a8634]
`登入天數: 12天 / 1555天
等級: 19
石頭: 2091
呼符: 88
友情點: 0 / 1672335`
*連続ログイン5日目
※ログインが途切れるか、7日到達すると
1日目から再開されます*
`叡智の猛火 X 2
12月交換券(2021) X 1
`_2021-12-24 13:33:09_
--------
[ff29db15be18f883ffccdf7ab23021a7]
`登入天數: 12天 / 1551天
等級: 18
石頭: 1752
呼符: 83
友情點: 0 / 1550540`
*連続ログイン5日目
※ログインが途切れるか、7日到達すると
1日目から再開されます*
`叡智の猛火 X 2
12月交換券(2021) X 1
`_2021-12-24 13:33:17_
--------
[cc4787a257e3a46e268001195f780247]
`登入天數: 12天 / 1565天
等級: 18
石頭: 2301
呼符: 148
友情點: 0 / 1657510`
*連続ログイン5日目
※ログインが途切れるか、7日到達すると
1日目から再開されます*
`叡智の猛火 X 2
12月交換券(2021) X 1
`_2021-12-24 13:33:25_
--------
[3f5599a008981ecf87f2dea9d1d83d6a]
`登入天數: 12天 / 1570天
等級: 18
石頭: 2074
呼符: 92
友情點: 0 / 1637575`
*連続ログイン5日目
※ログインが途切れるか、7日到達すると
1日目から再開されます*
`叡智の猛火 X 2
12月交換券(2021) X 1
`_2021-12-24 13:33:33_
--------
[0d14e47d83c8b8400ed7555e0192724d]
`登入天數: 12天 / 1492天
等級: 20
石頭: 761
呼符: 58
友情點: 0 / 1516565`
*連続ログイン5日目
※ログインが途切れるか、7日到達すると
1日目から再開されます*
`叡智の猛火 X 2
12月交換券(2021) X 1
`_2021-12-24 13:33:41_
--------
[d4c10e20929a4c973210db1453668b11]
`登入天數: 12天 / 1498天
等級: 19
石頭: 1823
呼符: 90
友情點: 0 / 1495520`
*連続ログイン5日目
※ログインが途切れるか、7日到達すると
1日目から再開されます*
`叡智の猛火 X 2
12月交換券(2021) X 1
`_2021-12-24 13:33:49_
--------
[f0cc4e7ae2d4b30013f328b2cf7d6063]
`登入天數: 12天 / 1507天
等級: 19
石頭: 189
呼符: 89
友情點: 0 / 1499520`
_2021-12-24 13:33:57_
--------
[48a14ba1dd858b92594b71e0ed7d5311]
`登入天數: 12天 / 1499天
等級: 20
石頭: 1010
呼符: 89
友情點: 0 / 1408390`
_2021-12-24 13:34:05_
--------
