【登入訊息】
[c5ab1b78563b1f9e4ee17ab01234bc5e]
`登入天數: 13天 / 1364天
等級: 92
石頭: 1829
呼符: 121
友情點: 0 / 1544945`
*連続ログイン6日目
※ログインが途切れるか、7日到達すると
1日目から再開されます*
`聖晶石 X 2
12月交換券(2021) X 1
`*マルタ〔サンタ〕からのクリスマスプレゼント*
*開催期間中、初回ログインで「聖晶石×10」をプレゼント！*
`聖晶石 X 10
`_2021-12-24 19:31:25_
--------
[d4825e10f75d83bc0cfb33b6768a8634]
`登入天數: 13天 / 1556天
等級: 19
石頭: 2091
呼符: 88
友情點: 0 / 1672335`
*連続ログイン6日目
※ログインが途切れるか、7日到達すると
1日目から再開されます*
`聖晶石 X 2
12月交換券(2021) X 1
`*マルタ〔サンタ〕からのクリスマスプレゼント*
*開催期間中、初回ログインで「聖晶石×10」をプレゼント！*
`聖晶石 X 10
`_2021-12-24 19:31:33_
--------
[ff29db15be18f883ffccdf7ab23021a7]
`登入天數: 13天 / 1552天
等級: 18
石頭: 1752
呼符: 83
友情點: 0 / 1550540`
*連続ログイン6日目
※ログインが途切れるか、7日到達すると
1日目から再開されます*
`聖晶石 X 2
12月交換券(2021) X 1
`*マルタ〔サンタ〕からのクリスマスプレゼント*
*開催期間中、初回ログインで「聖晶石×10」をプレゼント！*
`聖晶石 X 10
`_2021-12-24 19:31:41_
--------
[cc4787a257e3a46e268001195f780247]
`登入天數: 13天 / 1566天
等級: 18
石頭: 2301
呼符: 148
友情點: 0 / 1657510`
*連続ログイン6日目
※ログインが途切れるか、7日到達すると
1日目から再開されます*
`聖晶石 X 2
12月交換券(2021) X 1
`*マルタ〔サンタ〕からのクリスマスプレゼント*
*開催期間中、初回ログインで「聖晶石×10」をプレゼント！*
`聖晶石 X 10
`_2021-12-24 19:31:50_
--------
[3f5599a008981ecf87f2dea9d1d83d6a]
`登入天數: 13天 / 1571天
等級: 18
石頭: 2074
呼符: 92
友情點: 0 / 1637575`
*連続ログイン6日目
※ログインが途切れるか、7日到達すると
1日目から再開されます*
`聖晶石 X 2
12月交換券(2021) X 1
`*マルタ〔サンタ〕からのクリスマスプレゼント*
*開催期間中、初回ログインで「聖晶石×10」をプレゼント！*
`聖晶石 X 10
`_2021-12-24 19:31:58_
--------
[0d14e47d83c8b8400ed7555e0192724d]
`登入天數: 13天 / 1493天
等級: 20
石頭: 761
呼符: 58
友情點: 0 / 1516565`
*連続ログイン6日目
※ログインが途切れるか、7日到達すると
1日目から再開されます*
`聖晶石 X 2
12月交換券(2021) X 1
`*マルタ〔サンタ〕からのクリスマスプレゼント*
*開催期間中、初回ログインで「聖晶石×10」をプレゼント！*
`聖晶石 X 10
`_2021-12-24 19:32:06_
--------
[d4c10e20929a4c973210db1453668b11]
`登入天數: 13天 / 1499天
等級: 19
石頭: 1823
呼符: 90
友情點: 0 / 1495520`
*連続ログイン6日目
※ログインが途切れるか、7日到達すると
1日目から再開されます*
`聖晶石 X 2
12月交換券(2021) X 1
`*マルタ〔サンタ〕からのクリスマスプレゼント*
*開催期間中、初回ログインで「聖晶石×10」をプレゼント！*
`聖晶石 X 10
`_2021-12-24 19:32:14_
--------
[f0cc4e7ae2d4b30013f328b2cf7d6063]
`登入天數: 13天 / 1508天
等級: 19
石頭: 189
呼符: 89
友情點: 0 / 1499520`
*連続ログイン6日目
※ログインが途切れるか、7日到達すると
1日目から再開されます*
`聖晶石 X 2
12月交換券(2021) X 1
`*マルタ〔サンタ〕からのクリスマスプレゼント*
*開催期間中、初回ログインで「聖晶石×10」をプレゼント！*
`聖晶石 X 10
`_2021-12-24 19:32:23_
--------
[48a14ba1dd858b92594b71e0ed7d5311]
`登入天數: 13天 / 1500天
等級: 20
石頭: 1010
呼符: 89
友情點: 0 / 1408390`
*連続ログイン6日目
※ログインが途切れるか、7日到達すると
1日目から再開されます*
`聖晶石 X 2
12月交換券(2021) X 1
`*マルタ〔サンタ〕からのクリスマスプレゼント*
*開催期間中、初回ログインで「聖晶石×10」をプレゼント！*
`聖晶石 X 10
`_2021-12-24 19:32:31_
--------
