【登入訊息】
[c5ab1b78563b1f9e4ee17ab01234bc5e]
`登入天數: 17天 / 1368天
等級: 92
石頭: 1829
呼符: 121
友情點: 0 / 1544945`
_2021-12-29 01:07:20_
--------
[d4825e10f75d83bc0cfb33b6768a8634]
`登入天數: 17天 / 1560天
等級: 19
石頭: 2091
呼符: 88
友情點: 0 / 1672335`
_2021-12-29 01:07:28_
--------
[ff29db15be18f883ffccdf7ab23021a7]
`登入天數: 17天 / 1556天
等級: 18
石頭: 1752
呼符: 83
友情點: 0 / 1550540`
_2021-12-29 01:07:36_
--------
[cc4787a257e3a46e268001195f780247]
`登入天數: 17天 / 1570天
等級: 18
石頭: 2301
呼符: 148
友情點: 0 / 1657510`
_2021-12-29 01:07:44_
--------
[3f5599a008981ecf87f2dea9d1d83d6a]
`登入天數: 17天 / 1575天
等級: 18
石頭: 2074
呼符: 92
友情點: 0 / 1637575`
_2021-12-29 01:07:52_
--------
[0d14e47d83c8b8400ed7555e0192724d]
`登入天數: 17天 / 1497天
等級: 20
石頭: 761
呼符: 58
友情點: 0 / 1516565`
_2021-12-29 01:08:00_
--------
[d4c10e20929a4c973210db1453668b11]
`登入天數: 17天 / 1503天
等級: 19
石頭: 1823
呼符: 90
友情點: 0 / 1495520`
_2021-12-29 01:08:07_
--------
[f0cc4e7ae2d4b30013f328b2cf7d6063]
`登入天數: 17天 / 1512天
等級: 19
石頭: 189
呼符: 89
友情點: 0 / 1499520`
_2021-12-29 01:08:15_
--------
[48a14ba1dd858b92594b71e0ed7d5311]
`登入天數: 17天 / 1504天
等級: 20
石頭: 1010
呼符: 89
友情點: 0 / 1408390`
_2021-12-29 01:08:23_
--------
