【登入訊息】
[c5ab1b78563b1f9e4ee17ab01234bc5e]
`登入天數: 6天 / 2096天
等級: 92
石頭: 3493
呼符: 200
友情點: +0 / 1983505`
*連続ログイン6日目
※ログインが途切れるか、7日到達すると
1日目から再開されます*
`聖晶石 X 2
1月交換券(2024) X 1
`*2024年お正月キャンペーン　三が日限定ログインボーナス*
*開催期間中、三が日限定のログインボーナスをプレゼント！*
/webview/loginbonus/20240101_4wfr7g/4wfr7g_s_01.png
`叡智の業火 X 30
QP X 10000000
`*2024年お正月キャンペーン　お年玉ログインボーナス*
*開催期間中、初回ログインで「聖晶石×30」をプレゼント！*
/webview/loginbonus/20240101_944fx7/944fx7_s_01.png
`聖晶石 X 30
``從者/禮裝數: 877 / 904`
_2023-12-31 19:35:47_
--------
[d4825e10f75d83bc0cfb33b6768a8634]
`登入天數: 6天 / 2285天
等級: 19
石頭: 3310
呼符: 119
友情點: +540 / 2418140`
*連続ログイン6日目
※ログインが途切れるか、7日到達すると
1日目から再開されます*
`聖晶石 X 2
1月交換券(2024) X 1
`*2024年お正月キャンペーン　三が日限定ログインボーナス*
*開催期間中、三が日限定のログインボーナスをプレゼント！*
/webview/loginbonus/20240101_4wfr7g/4wfr7g_s_01.png
`叡智の業火 X 30
QP X 10000000
`*2024年お正月キャンペーン　お年玉ログインボーナス*
*開催期間中、初回ログインで「聖晶石×30」をプレゼント！*
/webview/loginbonus/20240101_944fx7/944fx7_s_01.png
`聖晶石 X 30
``從者/禮裝數: 863 / 902`
_2023-12-31 19:35:55_
--------
[ff29db15be18f883ffccdf7ab23021a7]
`登入天數: 6天 / 2281天
等級: 18
石頭: 2623
呼符: 94
友情點: +300 / 2158615`
*連続ログイン6日目
※ログインが途切れるか、7日到達すると
1日目から再開されます*
`聖晶石 X 2
1月交換券(2024) X 1
`*2024年お正月キャンペーン　三が日限定ログインボーナス*
*開催期間中、三が日限定のログインボーナスをプレゼント！*
/webview/loginbonus/20240101_4wfr7g/4wfr7g_s_01.png
`叡智の業火 X 30
QP X 10000000
`*2024年お正月キャンペーン　お年玉ログインボーナス*
*開催期間中、初回ログインで「聖晶石×30」をプレゼント！*
/webview/loginbonus/20240101_944fx7/944fx7_s_01.png
`聖晶石 X 30
``從者/禮裝數: 856 / 905`
_2023-12-31 19:36:04_
--------
[cc4787a257e3a46e268001195f780247]
`登入天數: 6天 / 2295天
等級: 18
石頭: 3414
呼符: 204
友情點: +240 / 2259455`
*連続ログイン6日目
※ログインが途切れるか、7日到達すると
1日目から再開されます*
`聖晶石 X 2
1月交換券(2024) X 1
`*2024年お正月キャンペーン　三が日限定ログインボーナス*
*開催期間中、三が日限定のログインボーナスをプレゼント！*
/webview/loginbonus/20240101_4wfr7g/4wfr7g_s_01.png
`叡智の業火 X 30
QP X 10000000
`*2024年お正月キャンペーン　お年玉ログインボーナス*
*開催期間中、初回ログインで「聖晶石×30」をプレゼント！*
/webview/loginbonus/20240101_944fx7/944fx7_s_01.png
`聖晶石 X 30
``從者/禮裝數: 847 / 900`
_2023-12-31 19:36:12_
--------
[3f5599a008981ecf87f2dea9d1d83d6a]
`登入天數: 6天 / 2300天
等級: 18
石頭: 2622
呼符: 94
友情點: +0 / 2082150`
*連続ログイン6日目
※ログインが途切れるか、7日到達すると
1日目から再開されます*
`聖晶石 X 2
1月交換券(2024) X 1
`*2024年お正月キャンペーン　三が日限定ログインボーナス*
*開催期間中、三が日限定のログインボーナスをプレゼント！*
/webview/loginbonus/20240101_4wfr7g/4wfr7g_s_01.png
`叡智の業火 X 30
QP X 10000000
`*2024年お正月キャンペーン　お年玉ログインボーナス*
*開催期間中、初回ログインで「聖晶石×30」をプレゼント！*
/webview/loginbonus/20240101_944fx7/944fx7_s_01.png
`聖晶石 X 30
``從者/禮裝數: 864 / 901`
_2023-12-31 19:36:20_
--------
[0d14e47d83c8b8400ed7555e0192724d]
`登入天數: 6天 / 2220天
等級: 21
石頭: 2278
呼符: 114
友情點: +140 / 2140915`
*連続ログイン6日目
※ログインが途切れるか、7日到達すると
1日目から再開されます*
`聖晶石 X 2
1月交換券(2024) X 1
`*2024年お正月キャンペーン　三が日限定ログインボーナス*
*開催期間中、三が日限定のログインボーナスをプレゼント！*
/webview/loginbonus/20240101_4wfr7g/4wfr7g_s_01.png
`叡智の業火 X 30
QP X 10000000
`*2024年お正月キャンペーン　お年玉ログインボーナス*
*開催期間中、初回ログインで「聖晶石×30」をプレゼント！*
/webview/loginbonus/20240101_944fx7/944fx7_s_01.png
`聖晶石 X 30
``從者/禮裝數: 785 / 903`
_2023-12-31 19:36:28_
--------
[d4c10e20929a4c973210db1453668b11]
`登入天數: 6天 / 2225天
等級: 20
石頭: 2281
呼符: 79
友情點: +0 / 1854020`
*連続ログイン6日目
※ログインが途切れるか、7日到達すると
1日目から再開されます*
`聖晶石 X 2
1月交換券(2024) X 1
`*2024年お正月キャンペーン　三が日限定ログインボーナス*
*開催期間中、三が日限定のログインボーナスをプレゼント！*
/webview/loginbonus/20240101_4wfr7g/4wfr7g_s_01.png
`叡智の業火 X 30
QP X 10000000
`*2024年お正月キャンペーン　お年玉ログインボーナス*
*開催期間中、初回ログインで「聖晶石×30」をプレゼント！*
/webview/loginbonus/20240101_944fx7/944fx7_s_01.png
`聖晶石 X 30
``從者/禮裝數: 854 / 902`
_2023-12-31 19:36:37_
--------
[f0cc4e7ae2d4b30013f328b2cf7d6063]
`登入天數: 6天 / 2233天
等級: 20
石頭: 1621
呼符: 155
友情點: +0 / 1945585`
*連続ログイン6日目
※ログインが途切れるか、7日到達すると
1日目から再開されます*
`聖晶石 X 2
1月交換券(2024) X 1
`*2024年お正月キャンペーン　三が日限定ログインボーナス*
*開催期間中、三が日限定のログインボーナスをプレゼント！*
/webview/loginbonus/20240101_4wfr7g/4wfr7g_s_01.png
`叡智の業火 X 30
QP X 10000000
`*2024年お正月キャンペーン　お年玉ログインボーナス*
*開催期間中、初回ログインで「聖晶石×30」をプレゼント！*
/webview/loginbonus/20240101_944fx7/944fx7_s_01.png
`聖晶石 X 30
``從者/禮裝數: 847 / 903`
_2023-12-31 19:36:46_
--------
[48a14ba1dd858b92594b71e0ed7d5311]
`登入天數: 6天 / 2223天
等級: 20
石頭: 2716
呼符: 201
友情點: +0 / 1854985`
*連続ログイン6日目
※ログインが途切れるか、7日到達すると
1日目から再開されます*
`聖晶石 X 2
1月交換券(2024) X 1
`*2024年お正月キャンペーン　三が日限定ログインボーナス*
*開催期間中、三が日限定のログインボーナスをプレゼント！*
/webview/loginbonus/20240101_4wfr7g/4wfr7g_s_01.png
`叡智の業火 X 30
QP X 10000000
`*2024年お正月キャンペーン　お年玉ログインボーナス*
*開催期間中、初回ログインで「聖晶石×30」をプレゼント！*
/webview/loginbonus/20240101_944fx7/944fx7_s_01.png
`聖晶石 X 30
``從者/禮裝數: 900 / 889`
_2023-12-31 19:36:54_
--------
