【登入訊息】
[c5ab1b78563b1f9e4ee17ab01234bc5e]
`登入天數: 10天 / 2100天
等級: 92
石頭: 3493
呼符: 200
友情點: +0 / 1983505`
*連続ログイン3日目
※ログインが途切れるか、7日到達すると
1日目から再開されます*
`叡智の業火 X 1
1月交換券(2024) X 1
``從者/禮裝數: 877 / 904`
_2024-01-04 19:35:47_
--------
[d4825e10f75d83bc0cfb33b6768a8634]
`登入天數: 10天 / 2289天
等級: 19
石頭: 3310
呼符: 119
友情點: +200 / 2419220`
*連続ログイン3日目
※ログインが途切れるか、7日到達すると
1日目から再開されます*
`叡智の業火 X 1
1月交換券(2024) X 1
``從者/禮裝數: 863 / 902`
_2024-01-04 19:35:56_
--------
[ff29db15be18f883ffccdf7ab23021a7]
`登入天數: 10天 / 2285天
等級: 18
石頭: 2623
呼符: 94
友情點: +80 / 2159165`
*連続ログイン3日目
※ログインが途切れるか、7日到達すると
1日目から再開されます*
`叡智の業火 X 1
1月交換券(2024) X 1
``從者/禮裝數: 856 / 905`
_2024-01-04 19:36:05_
--------
[cc4787a257e3a46e268001195f780247]
`登入天數: 10天 / 2299天
等級: 18
石頭: 3414
呼符: 204
友情點: +100 / 2260055`
*連続ログイン3日目
※ログインが途切れるか、7日到達すると
1日目から再開されます*
`叡智の業火 X 1
1月交換券(2024) X 1
``從者/禮裝數: 847 / 900`
_2024-01-04 19:36:14_
--------
[3f5599a008981ecf87f2dea9d1d83d6a]
`登入天數: 10天 / 2304天
等級: 18
石頭: 2622
呼符: 94
友情點: +0 / 2082150`
*連続ログイン3日目
※ログインが途切れるか、7日到達すると
1日目から再開されます*
`叡智の業火 X 1
1月交換券(2024) X 1
``從者/禮裝數: 864 / 901`
_2024-01-04 19:36:23_
--------
[0d14e47d83c8b8400ed7555e0192724d]
`登入天數: 10天 / 2224天
等級: 21
石頭: 2278
呼符: 114
友情點: +70 / 2142435`
*連続ログイン3日目
※ログインが途切れるか、7日到達すると
1日目から再開されます*
`叡智の業火 X 1
1月交換券(2024) X 1
``從者/禮裝數: 785 / 903`
_2024-01-04 19:36:32_
--------
[d4c10e20929a4c973210db1453668b11]
`登入天數: 10天 / 2229天
等級: 20
石頭: 2281
呼符: 79
友情點: +0 / 1854020`
*連続ログイン3日目
※ログインが途切れるか、7日到達すると
1日目から再開されます*
`叡智の業火 X 1
1月交換券(2024) X 1
``從者/禮裝數: 854 / 902`
_2024-01-04 19:36:41_
--------
[f0cc4e7ae2d4b30013f328b2cf7d6063]
`登入天數: 10天 / 2237天
等級: 20
石頭: 1621
呼符: 155
友情點: +0 / 1945585`
*連続ログイン3日目
※ログインが途切れるか、7日到達すると
1日目から再開されます*
`叡智の業火 X 1
1月交換券(2024) X 1
``從者/禮裝數: 847 / 903`
_2024-01-04 19:36:50_
--------
[48a14ba1dd858b92594b71e0ed7d5311]
`登入天數: 10天 / 2227天
等級: 20
石頭: 2716
呼符: 201
友情點: +0 / 1854985`
*連続ログイン3日目
※ログインが途切れるか、7日到達すると
1日目から再開されます*
`叡智の業火 X 1
1月交換券(2024) X 1
``從者/禮裝數: 900 / 889`
_2024-01-04 19:36:59_
--------
