【登入訊息】
[c5ab1b78563b1f9e4ee17ab01234bc5e]
`登入天數: 14天 / 2104天
等級: 92
石頭: 3493
呼符: 200
友情點: +0 / 1983505`
*連続ログイン7日間到達おめでとうございます！
明日は1日目からリスタートされます。*
`獣の足跡 X 1
呼符 X 1
1月交換券(2024) X 1
``從者/禮裝數: 877 / 904`
_2024-01-09 01:13:22_
--------
[d4825e10f75d83bc0cfb33b6768a8634]
`登入天數: 14天 / 2293天
等級: 19
石頭: 3310
呼符: 119
友情點: +200 / 2420230`
*連続ログイン7日間到達おめでとうございます！
明日は1日目からリスタートされます。*
`獣の足跡 X 1
呼符 X 1
1月交換券(2024) X 1
``從者/禮裝數: 863 / 902`
_2024-01-09 01:13:31_
--------
[ff29db15be18f883ffccdf7ab23021a7]
`登入天數: 14天 / 2289天
等級: 18
石頭: 2623
呼符: 94
友情點: +260 / 2160025`
*連続ログイン7日間到達おめでとうございます！
明日は1日目からリスタートされます。*
`獣の足跡 X 1
呼符 X 1
1月交換券(2024) X 1
``從者/禮裝數: 856 / 905`
_2024-01-09 01:13:41_
--------
[cc4787a257e3a46e268001195f780247]
`登入天數: 14天 / 2303天
等級: 18
石頭: 3414
呼符: 204
友情點: +120 / 2260635`
*連続ログイン7日間到達おめでとうございます！
明日は1日目からリスタートされます。*
`獣の足跡 X 1
呼符 X 1
1月交換券(2024) X 1
``從者/禮裝數: 847 / 900`
_2024-01-09 01:13:50_
--------
[3f5599a008981ecf87f2dea9d1d83d6a]
`登入天數: 14天 / 2308天
等級: 18
石頭: 2622
呼符: 94
友情點: +0 / 2082150`
*連続ログイン7日間到達おめでとうございます！
明日は1日目からリスタートされます。*
`獣の足跡 X 1
呼符 X 1
1月交換券(2024) X 1
``從者/禮裝數: 864 / 901`
_2024-01-09 01:13:59_
--------
[0d14e47d83c8b8400ed7555e0192724d]
`登入天數: 14天 / 2228天
等級: 21
石頭: 2278
呼符: 114
友情點: +100 / 2143035`
*連続ログイン7日間到達おめでとうございます！
明日は1日目からリスタートされます。*
`獣の足跡 X 1
呼符 X 1
1月交換券(2024) X 1
``從者/禮裝數: 785 / 903`
_2024-01-09 01:14:08_
--------
[d4c10e20929a4c973210db1453668b11]
`登入天數: 14天 / 2233天
等級: 20
石頭: 2281
呼符: 79
友情點: +0 / 1854020`
*連続ログイン7日間到達おめでとうございます！
明日は1日目からリスタートされます。*
`獣の足跡 X 1
呼符 X 1
1月交換券(2024) X 1
``從者/禮裝數: 854 / 902`
_2024-01-09 01:14:17_
--------
[f0cc4e7ae2d4b30013f328b2cf7d6063]
`登入天數: 14天 / 2241天
等級: 20
石頭: 1621
呼符: 155
友情點: +0 / 1945585`
*連続ログイン7日間到達おめでとうございます！
明日は1日目からリスタートされます。*
`獣の足跡 X 1
呼符 X 1
1月交換券(2024) X 1
``從者/禮裝數: 847 / 903`
_2024-01-09 01:14:27_
--------
[48a14ba1dd858b92594b71e0ed7d5311]
`登入天數: 14天 / 2231天
等級: 20
石頭: 2716
呼符: 201
友情點: +0 / 1854985`
*連続ログイン7日間到達おめでとうございます！
明日は1日目からリスタートされます。*
`獣の足跡 X 1
呼符 X 1
1月交換券(2024) X 1
``從者/禮裝數: 900 / 889`
_2024-01-09 01:14:36_
--------
