【登入訊息】
[c5ab1b78563b1f9e4ee17ab01234bc5e]
`登入天數: 22天 / 2112天
等級: 92
石頭: 3493
呼符: 200
友情點: +0 / 1983505`
*連続ログイン1日目
※ログインが途切れるか、7日到達すると
1日目から再開されます*
`フレンドポイント X 2000
1月交換券(2024) X 1
`*Fate/Samurai Remnant×Fate/Grand Order
コラボレーションイベント
開幕直前特別ログインボーナス*
*開催期間中、1日1回 最大7回ログインボーナスをプレゼント！*
/webview/loginbonus/20240114_x86oq5/x86oq5_k_04.png
`聖晶石 X 1
白銀の果実 X 1
``從者/禮裝數: 877 / 904`
_2024-01-16 19:35:36_
--------
[d4825e10f75d83bc0cfb33b6768a8634]
`登入天數: 22天 / 2301天
等級: 19
石頭: 3310
呼符: 119
友情點: +120 / 2423070`
*連続ログイン1日目
※ログインが途切れるか、7日到達すると
1日目から再開されます*
`フレンドポイント X 2000
1月交換券(2024) X 1
`*Fate/Samurai Remnant×Fate/Grand Order
コラボレーションイベント
開幕直前特別ログインボーナス*
*開催期間中、1日1回 最大7回ログインボーナスをプレゼント！*
/webview/loginbonus/20240114_x86oq5/x86oq5_k_04.png
`聖晶石 X 1
白銀の果実 X 1
``從者/禮裝數: 863 / 902`
_2024-01-16 19:35:46_
--------
[ff29db15be18f883ffccdf7ab23021a7]
`登入天數: 22天 / 2297天
等級: 18
石頭: 2623
呼符: 94
友情點: +130 / 2160815`
*連続ログイン1日目
※ログインが途切れるか、7日到達すると
1日目から再開されます*
`フレンドポイント X 2000
1月交換券(2024) X 1
`*Fate/Samurai Remnant×Fate/Grand Order
コラボレーションイベント
開幕直前特別ログインボーナス*
*開催期間中、1日1回 最大7回ログインボーナスをプレゼント！*
/webview/loginbonus/20240114_x86oq5/x86oq5_k_04.png
`聖晶石 X 1
白銀の果実 X 1
``從者/禮裝數: 856 / 905`
_2024-01-16 19:35:55_
--------
[cc4787a257e3a46e268001195f780247]
`登入天數: 22天 / 2311天
等級: 18
石頭: 3414
呼符: 204
友情點: +80 / 2261615`
*連続ログイン1日目
※ログインが途切れるか、7日到達すると
1日目から再開されます*
`フレンドポイント X 2000
1月交換券(2024) X 1
`*Fate/Samurai Remnant×Fate/Grand Order
コラボレーションイベント
開幕直前特別ログインボーナス*
*開催期間中、1日1回 最大7回ログインボーナスをプレゼント！*
/webview/loginbonus/20240114_x86oq5/x86oq5_k_04.png
`聖晶石 X 1
白銀の果実 X 1
``從者/禮裝數: 847 / 900`
_2024-01-16 19:36:05_
--------
[3f5599a008981ecf87f2dea9d1d83d6a]
`登入天數: 22天 / 2316天
等級: 18
石頭: 2622
呼符: 94
友情點: +0 / 2082150`
*連続ログイン1日目
※ログインが途切れるか、7日到達すると
1日目から再開されます*
`フレンドポイント X 2000
1月交換券(2024) X 1
`*Fate/Samurai Remnant×Fate/Grand Order
コラボレーションイベント
開幕直前特別ログインボーナス*
*開催期間中、1日1回 最大7回ログインボーナスをプレゼント！*
/webview/loginbonus/20240114_x86oq5/x86oq5_k_04.png
`聖晶石 X 1
白銀の果実 X 1
``從者/禮裝數: 864 / 901`
_2024-01-16 19:36:14_
--------
[0d14e47d83c8b8400ed7555e0192724d]
`登入天數: 22天 / 2236天
等級: 21
石頭: 2278
呼符: 114
友情點: +50 / 2143745`
*連続ログイン1日目
※ログインが途切れるか、7日到達すると
1日目から再開されます*
`フレンドポイント X 2000
1月交換券(2024) X 1
`*Fate/Samurai Remnant×Fate/Grand Order
コラボレーションイベント
開幕直前特別ログインボーナス*
*開催期間中、1日1回 最大7回ログインボーナスをプレゼント！*
/webview/loginbonus/20240114_x86oq5/x86oq5_k_04.png
`聖晶石 X 1
白銀の果実 X 1
``從者/禮裝數: 785 / 903`
_2024-01-16 19:36:24_
--------
[d4c10e20929a4c973210db1453668b11]
`登入天數: 22天 / 2241天
等級: 20
石頭: 2281
呼符: 79
友情點: +0 / 1854020`
*連続ログイン1日目
※ログインが途切れるか、7日到達すると
1日目から再開されます*
`フレンドポイント X 2000
1月交換券(2024) X 1
`*Fate/Samurai Remnant×Fate/Grand Order
コラボレーションイベント
開幕直前特別ログインボーナス*
*開催期間中、1日1回 最大7回ログインボーナスをプレゼント！*
/webview/loginbonus/20240114_x86oq5/x86oq5_k_04.png
`聖晶石 X 1
白銀の果実 X 1
``從者/禮裝數: 854 / 902`
_2024-01-16 19:36:33_
--------
[f0cc4e7ae2d4b30013f328b2cf7d6063]
`登入天數: 22天 / 2249天
等級: 20
石頭: 1621
呼符: 155
友情點: +0 / 1945585`
*連続ログイン1日目
※ログインが途切れるか、7日到達すると
1日目から再開されます*
`フレンドポイント X 2000
1月交換券(2024) X 1
`*Fate/Samurai Remnant×Fate/Grand Order
コラボレーションイベント
開幕直前特別ログインボーナス*
*開催期間中、1日1回 最大7回ログインボーナスをプレゼント！*
/webview/loginbonus/20240114_x86oq5/x86oq5_k_04.png
`聖晶石 X 1
白銀の果実 X 1
``從者/禮裝數: 847 / 903`
_2024-01-16 19:36:43_
--------
[48a14ba1dd858b92594b71e0ed7d5311]
`登入天數: 22天 / 2239天
等級: 20
石頭: 2716
呼符: 201
友情點: +0 / 1854985`
*連続ログイン1日目
※ログインが途切れるか、7日到達すると
1日目から再開されます*
`フレンドポイント X 2000
1月交換券(2024) X 1
`*Fate/Samurai Remnant×Fate/Grand Order
コラボレーションイベント
開幕直前特別ログインボーナス*
*開催期間中、1日1回 最大7回ログインボーナスをプレゼント！*
/webview/loginbonus/20240114_x86oq5/x86oq5_k_04.png
`聖晶石 X 1
白銀の果実 X 1
``從者/禮裝數: 900 / 889`
_2024-01-16 19:36:53_
--------
