【登入訊息】
[c5ab1b78563b1f9e4ee17ab01234bc5e]
`登入天數: 26天 / 2116天
等級: 92
石頭: 3493
呼符: 200
友情點: +0 / 1983505`
*連続ログイン5日目
※ログインが途切れるか、7日到達すると
1日目から再開されます*
`叡智の業火 X 2
1月交換券(2024) X 1
`*盈月剣風帖開幕記念 ログインボーナス*
*開催期間中、1日1回 最大21回ログインボーナスをプレゼント！*
/webview/loginbonus/20240117_5f8m2c/5f8m2c_k_04.png
`白銀の果実 X 1
``從者/禮裝數: 877 / 904`
_2024-01-20 19:35:13_
--------
[d4825e10f75d83bc0cfb33b6768a8634]
`登入天數: 26天 / 2305天
等級: 19
石頭: 3310
呼符: 119
友情點: +580 / 2425020`
*連続ログイン5日目
※ログインが途切れるか、7日到達すると
1日目から再開されます*
`叡智の業火 X 2
1月交換券(2024) X 1
`*盈月剣風帖開幕記念 ログインボーナス*
*開催期間中、1日1回 最大21回ログインボーナスをプレゼント！*
/webview/loginbonus/20240117_5f8m2c/5f8m2c_k_04.png
`白銀の果実 X 1
``從者/禮裝數: 863 / 902`
_2024-01-20 19:35:22_
--------
[ff29db15be18f883ffccdf7ab23021a7]
`登入天數: 26天 / 2301天
等級: 18
石頭: 2623
呼符: 94
友情點: +310 / 2161805`
*連続ログイン5日目
※ログインが途切れるか、7日到達すると
1日目から再開されます*
`叡智の業火 X 2
1月交換券(2024) X 1
`*盈月剣風帖開幕記念 ログインボーナス*
*開催期間中、1日1回 最大21回ログインボーナスをプレゼント！*
/webview/loginbonus/20240117_5f8m2c/5f8m2c_k_04.png
`白銀の果実 X 1
``從者/禮裝數: 856 / 905`
_2024-01-20 19:35:31_
--------
[cc4787a257e3a46e268001195f780247]
`登入天數: 26天 / 2315天
等級: 18
石頭: 3414
呼符: 204
友情點: +230 / 2264445`
*連続ログイン5日目
※ログインが途切れるか、7日到達すると
1日目から再開されます*
`叡智の業火 X 2
1月交換券(2024) X 1
`*盈月剣風帖開幕記念 ログインボーナス*
*開催期間中、1日1回 最大21回ログインボーナスをプレゼント！*
/webview/loginbonus/20240117_5f8m2c/5f8m2c_k_04.png
`白銀の果実 X 1
``從者/禮裝數: 847 / 900`
_2024-01-20 19:35:40_
--------
[3f5599a008981ecf87f2dea9d1d83d6a]
`登入天數: 26天 / 2320天
等級: 18
石頭: 2622
呼符: 94
友情點: +0 / 2082150`
*連続ログイン5日目
※ログインが途切れるか、7日到達すると
1日目から再開されます*
`叡智の業火 X 2
1月交換券(2024) X 1
`*盈月剣風帖開幕記念 ログインボーナス*
*開催期間中、1日1回 最大21回ログインボーナスをプレゼント！*
/webview/loginbonus/20240117_5f8m2c/5f8m2c_k_04.png
`白銀の果実 X 1
``從者/禮裝數: 864 / 901`
_2024-01-20 19:35:49_
--------
[0d14e47d83c8b8400ed7555e0192724d]
`登入天數: 26天 / 2240天
等級: 21
石頭: 2278
呼符: 114
友情點: +280 / 2144805`
*連続ログイン5日目
※ログインが途切れるか、7日到達すると
1日目から再開されます*
`叡智の業火 X 2
1月交換券(2024) X 1
`*盈月剣風帖開幕記念 ログインボーナス*
*開催期間中、1日1回 最大21回ログインボーナスをプレゼント！*
/webview/loginbonus/20240117_5f8m2c/5f8m2c_k_04.png
`白銀の果実 X 1
``從者/禮裝數: 785 / 903`
_2024-01-20 19:35:58_
--------
[d4c10e20929a4c973210db1453668b11]
`登入天數: 26天 / 2245天
等級: 20
石頭: 2281
呼符: 79
友情點: +0 / 1854020`
*連続ログイン5日目
※ログインが途切れるか、7日到達すると
1日目から再開されます*
`叡智の業火 X 2
1月交換券(2024) X 1
`*盈月剣風帖開幕記念 ログインボーナス*
*開催期間中、1日1回 最大21回ログインボーナスをプレゼント！*
/webview/loginbonus/20240117_5f8m2c/5f8m2c_k_04.png
`白銀の果実 X 1
``從者/禮裝數: 854 / 902`
_2024-01-20 19:36:07_
--------
[f0cc4e7ae2d4b30013f328b2cf7d6063]
`登入天數: 26天 / 2253天
等級: 20
石頭: 1621
呼符: 155
友情點: +0 / 1945585`
*連続ログイン5日目
※ログインが途切れるか、7日到達すると
1日目から再開されます*
`叡智の業火 X 2
1月交換券(2024) X 1
`*盈月剣風帖開幕記念 ログインボーナス*
*開催期間中、1日1回 最大21回ログインボーナスをプレゼント！*
/webview/loginbonus/20240117_5f8m2c/5f8m2c_k_04.png
`白銀の果実 X 1
``從者/禮裝數: 847 / 903`
_2024-01-20 19:36:16_
--------
[48a14ba1dd858b92594b71e0ed7d5311]
`登入天數: 26天 / 2243天
等級: 20
石頭: 2716
呼符: 201
友情點: +0 / 1854985`
*連続ログイン5日目
※ログインが途切れるか、7日到達すると
1日目から再開されます*
`叡智の業火 X 2
1月交換券(2024) X 1
`*盈月剣風帖開幕記念 ログインボーナス*
*開催期間中、1日1回 最大21回ログインボーナスをプレゼント！*
/webview/loginbonus/20240117_5f8m2c/5f8m2c_k_04.png
`白銀の果実 X 1
``從者/禮裝數: 900 / 889`
_2024-01-20 19:36:25_
--------
