【登入訊息】
[c5ab1b78563b1f9e4ee17ab01234bc5e]
`登入天數: 36天 / 2126天
等級: 92
石頭: 3493
呼符: 200
友情點: +0 / 1983505`
*連続ログイン1日目
※ログインが途切れるか、7日到達すると
1日目から再開されます*
`フレンドポイント X 2000
1月交換券(2024) X 1
`*「Fate/stay night」20周年記念
「Fate/stay night」サーヴァント特別召喚アイテムプレゼント*
*開催期間中、初回ログインで「Fate/stay night 20th記念特別交換チケット」をプレゼント！*
/webview/loginbonus/20240130_z8kd9h/z8kd9h_s_01.png
`Fate/stay night 20th記念特別交換チケット X 1
`*「Fate/stay night」20周年記念特別ログインボーナス*
*開催期間中、1日1回 最大7回ログインボーナスをプレゼント！*
/webview/loginbonus/20240130_px4ugw/px4ugw_k_01.png
`QP X 2000000
`*盈月剣風帖開幕記念 ログインボーナス*
*開催期間中、1日1回 最大21回ログインボーナスをプレゼント！*
/webview/loginbonus/20240117_5f8m2c/5f8m2c_k_14.png
`白銀の果実 X 1
``從者/禮裝數: 877 / 904`
_2024-01-30 19:35:41_
--------
[d4825e10f75d83bc0cfb33b6768a8634]
`登入天數: 36天 / 2315天
等級: 19
石頭: 3310
呼符: 119
友情點: +320 / 2429850`
*連続ログイン1日目
※ログインが途切れるか、7日到達すると
1日目から再開されます*
`フレンドポイント X 2000
1月交換券(2024) X 1
`*「Fate/stay night」20周年記念
「Fate/stay night」サーヴァント特別召喚アイテムプレゼント*
*開催期間中、初回ログインで「Fate/stay night 20th記念特別交換チケット」をプレゼント！*
/webview/loginbonus/20240130_z8kd9h/z8kd9h_s_01.png
`Fate/stay night 20th記念特別交換チケット X 1
`*「Fate/stay night」20周年記念特別ログインボーナス*
*開催期間中、1日1回 最大7回ログインボーナスをプレゼント！*
/webview/loginbonus/20240130_px4ugw/px4ugw_k_01.png
`QP X 2000000
`*盈月剣風帖開幕記念 ログインボーナス*
*開催期間中、1日1回 最大21回ログインボーナスをプレゼント！*
/webview/loginbonus/20240117_5f8m2c/5f8m2c_k_14.png
`白銀の果実 X 1
``從者/禮裝數: 863 / 902`
_2024-01-30 19:35:50_
--------
[ff29db15be18f883ffccdf7ab23021a7]
`登入天數: 36天 / 2311天
等級: 18
石頭: 2623
呼符: 94
友情點: +140 / 2164065`
*連続ログイン1日目
※ログインが途切れるか、7日到達すると
1日目から再開されます*
`フレンドポイント X 2000
1月交換券(2024) X 1
`*「Fate/stay night」20周年記念
「Fate/stay night」サーヴァント特別召喚アイテムプレゼント*
*開催期間中、初回ログインで「Fate/stay night 20th記念特別交換チケット」をプレゼント！*
/webview/loginbonus/20240130_z8kd9h/z8kd9h_s_01.png
`Fate/stay night 20th記念特別交換チケット X 1
`*「Fate/stay night」20周年記念特別ログインボーナス*
*開催期間中、1日1回 最大7回ログインボーナスをプレゼント！*
/webview/loginbonus/20240130_px4ugw/px4ugw_k_01.png
`QP X 2000000
`*盈月剣風帖開幕記念 ログインボーナス*
*開催期間中、1日1回 最大21回ログインボーナスをプレゼント！*
/webview/loginbonus/20240117_5f8m2c/5f8m2c_k_14.png
`白銀の果実 X 1
``從者/禮裝數: 856 / 905`
_2024-01-30 19:35:59_
--------
[cc4787a257e3a46e268001195f780247]
`登入天數: 36天 / 2325天
等級: 18
石頭: 3414
呼符: 204
友情點: +150 / 2266875`
*連続ログイン1日目
※ログインが途切れるか、7日到達すると
1日目から再開されます*
`フレンドポイント X 2000
1月交換券(2024) X 1
`*「Fate/stay night」20周年記念
「Fate/stay night」サーヴァント特別召喚アイテムプレゼント*
*開催期間中、初回ログインで「Fate/stay night 20th記念特別交換チケット」をプレゼント！*
/webview/loginbonus/20240130_z8kd9h/z8kd9h_s_01.png
`Fate/stay night 20th記念特別交換チケット X 1
`*「Fate/stay night」20周年記念特別ログインボーナス*
*開催期間中、1日1回 最大7回ログインボーナスをプレゼント！*
/webview/loginbonus/20240130_px4ugw/px4ugw_k_01.png
`QP X 2000000
`*盈月剣風帖開幕記念 ログインボーナス*
*開催期間中、1日1回 最大21回ログインボーナスをプレゼント！*
/webview/loginbonus/20240117_5f8m2c/5f8m2c_k_14.png
`白銀の果実 X 1
``從者/禮裝數: 847 / 900`
_2024-01-30 19:36:08_
--------
[3f5599a008981ecf87f2dea9d1d83d6a]
`登入天數: 36天 / 2330天
等級: 18
石頭: 2622
呼符: 94
友情點: +0 / 2082150`
*連続ログイン1日目
※ログインが途切れるか、7日到達すると
1日目から再開されます*
`フレンドポイント X 2000
1月交換券(2024) X 1
`*「Fate/stay night」20周年記念
「Fate/stay night」サーヴァント特別召喚アイテムプレゼント*
*開催期間中、初回ログインで「Fate/stay night 20th記念特別交換チケット」をプレゼント！*
/webview/loginbonus/20240130_z8kd9h/z8kd9h_s_01.png
`Fate/stay night 20th記念特別交換チケット X 1
`*「Fate/stay night」20周年記念特別ログインボーナス*
*開催期間中、1日1回 最大7回ログインボーナスをプレゼント！*
/webview/loginbonus/20240130_px4ugw/px4ugw_k_01.png
`QP X 2000000
`*盈月剣風帖開幕記念 ログインボーナス*
*開催期間中、1日1回 最大21回ログインボーナスをプレゼント！*
/webview/loginbonus/20240117_5f8m2c/5f8m2c_k_14.png
`白銀の果実 X 1
``從者/禮裝數: 864 / 901`
_2024-01-30 19:36:18_
--------
[0d14e47d83c8b8400ed7555e0192724d]
`登入天數: 36天 / 2250天
等級: 21
石頭: 2278
呼符: 114
友情點: +130 / 2147225`
*連続ログイン1日目
※ログインが途切れるか、7日到達すると
1日目から再開されます*
`フレンドポイント X 2000
1月交換券(2024) X 1
`*「Fate/stay night」20周年記念
「Fate/stay night」サーヴァント特別召喚アイテムプレゼント*
*開催期間中、初回ログインで「Fate/stay night 20th記念特別交換チケット」をプレゼント！*
/webview/loginbonus/20240130_z8kd9h/z8kd9h_s_01.png
`Fate/stay night 20th記念特別交換チケット X 1
`*「Fate/stay night」20周年記念特別ログインボーナス*
*開催期間中、1日1回 最大7回ログインボーナスをプレゼント！*
/webview/loginbonus/20240130_px4ugw/px4ugw_k_01.png
`QP X 2000000
`*盈月剣風帖開幕記念 ログインボーナス*
*開催期間中、1日1回 最大21回ログインボーナスをプレゼント！*
/webview/loginbonus/20240117_5f8m2c/5f8m2c_k_14.png
`白銀の果実 X 1
``從者/禮裝數: 785 / 903`
_2024-01-30 19:36:27_
--------
[d4c10e20929a4c973210db1453668b11]
`登入天數: 36天 / 2255天
等級: 20
石頭: 2281
呼符: 79
友情點: +0 / 1854020`
*連続ログイン1日目
※ログインが途切れるか、7日到達すると
1日目から再開されます*
`フレンドポイント X 2000
1月交換券(2024) X 1
`*「Fate/stay night」20周年記念
「Fate/stay night」サーヴァント特別召喚アイテムプレゼント*
*開催期間中、初回ログインで「Fate/stay night 20th記念特別交換チケット」をプレゼント！*
/webview/loginbonus/20240130_z8kd9h/z8kd9h_s_01.png
`Fate/stay night 20th記念特別交換チケット X 1
`*「Fate/stay night」20周年記念特別ログインボーナス*
*開催期間中、1日1回 最大7回ログインボーナスをプレゼント！*
/webview/loginbonus/20240130_px4ugw/px4ugw_k_01.png
`QP X 2000000
`*盈月剣風帖開幕記念 ログインボーナス*
*開催期間中、1日1回 最大21回ログインボーナスをプレゼント！*
/webview/loginbonus/20240117_5f8m2c/5f8m2c_k_14.png
`白銀の果実 X 1
``從者/禮裝數: 854 / 902`
_2024-01-30 19:36:36_
--------
[f0cc4e7ae2d4b30013f328b2cf7d6063]
`登入天數: 36天 / 2263天
等級: 20
石頭: 1621
呼符: 155
友情點: +0 / 1945585`
*連続ログイン1日目
※ログインが途切れるか、7日到達すると
1日目から再開されます*
`フレンドポイント X 2000
1月交換券(2024) X 1
`*「Fate/stay night」20周年記念
「Fate/stay night」サーヴァント特別召喚アイテムプレゼント*
*開催期間中、初回ログインで「Fate/stay night 20th記念特別交換チケット」をプレゼント！*
/webview/loginbonus/20240130_z8kd9h/z8kd9h_s_01.png
`Fate/stay night 20th記念特別交換チケット X 1
`*「Fate/stay night」20周年記念特別ログインボーナス*
*開催期間中、1日1回 最大7回ログインボーナスをプレゼント！*
/webview/loginbonus/20240130_px4ugw/px4ugw_k_01.png
`QP X 2000000
`*盈月剣風帖開幕記念 ログインボーナス*
*開催期間中、1日1回 最大21回ログインボーナスをプレゼント！*
/webview/loginbonus/20240117_5f8m2c/5f8m2c_k_14.png
`白銀の果実 X 1
``從者/禮裝數: 847 / 903`
_2024-01-30 19:36:45_
--------
[48a14ba1dd858b92594b71e0ed7d5311]
`登入天數: 36天 / 2253天
等級: 20
石頭: 2716
呼符: 201
友情點: +0 / 1854985`
*連続ログイン1日目
※ログインが途切れるか、7日到達すると
1日目から再開されます*
`フレンドポイント X 2000
1月交換券(2024) X 1
`*「Fate/stay night」20周年記念
「Fate/stay night」サーヴァント特別召喚アイテムプレゼント*
*開催期間中、初回ログインで「Fate/stay night 20th記念特別交換チケット」をプレゼント！*
/webview/loginbonus/20240130_z8kd9h/z8kd9h_s_01.png
`Fate/stay night 20th記念特別交換チケット X 1
`*「Fate/stay night」20周年記念特別ログインボーナス*
*開催期間中、1日1回 最大7回ログインボーナスをプレゼント！*
/webview/loginbonus/20240130_px4ugw/px4ugw_k_01.png
`QP X 2000000
`*盈月剣風帖開幕記念 ログインボーナス*
*開催期間中、1日1回 最大21回ログインボーナスをプレゼント！*
/webview/loginbonus/20240117_5f8m2c/5f8m2c_k_14.png
`白銀の果実 X 1
``從者/禮裝數: 900 / 889`
_2024-01-30 19:36:54_
--------
