【登入訊息】
[c5ab1b78563b1f9e4ee17ab01234bc5e]
`登入天數: 22天 / 1764天
等級: 92
石頭: 2899
呼符: 131
友情點: +0 / 1837505`
*連続ログイン1日目
※ログインが途切れるか、7日到達すると
1日目から再開されます*
`フレンドポイント X 2000
2月交換券(2023) X 1
`*FGO カルデア放送局 Vol.19 第2部 第7章 ナウイ･ミクトラン(後編) 開幕直前SP 放送記念 初回ログインボーナス*
*開催期間中、初回ログインで「聖晶石×14」をプレゼント！*
/webview/loginbonus/20230201_n7a7um/n7a7um_s_01.png
`聖晶石 X 14
``從者/禮裝數: 729 / 752`
_2023-01-31 19:30:48_
--------
`友情點數召喚累計2931次

`[d4825e10f75d83bc0cfb33b6768a8634]
`登入天數: 22天 / 1953天
等級: 19
石頭: 2742
呼符: 50
友情點: +80 / 1993500`
*連続ログイン1日目
※ログインが途切れるか、7日到達すると
1日目から再開されます*
`フレンドポイント X 2000
2月交換券(2023) X 1
`*FGO カルデア放送局 Vol.19 第2部 第7章 ナウイ･ミクトラン(後編) 開幕直前SP 放送記念 初回ログインボーナス*
*開催期間中、初回ログインで「聖晶石×14」をプレゼント！*
/webview/loginbonus/20230201_n7a7um/n7a7um_s_01.png
`聖晶石 X 14
``從者/禮裝數: 657 / 784`
_2023-01-31 19:31:00_
--------
`友情點數召喚累計2320次

`[ff29db15be18f883ffccdf7ab23021a7]
`登入天數: 22天 / 1949天
等級: 18
石頭: 2057
呼符: 25
友情點: +20 / 1865275`
*連続ログイン1日目
※ログインが途切れるか、7日到達すると
1日目から再開されます*
`フレンドポイント X 2000
2月交換券(2023) X 1
`*FGO カルデア放送局 Vol.19 第2部 第7章 ナウイ･ミクトラン(後編) 開幕直前SP 放送記念 初回ログインボーナス*
*開催期間中、初回ログインで「聖晶石×14」をプレゼント！*
/webview/loginbonus/20230201_n7a7um/n7a7um_s_01.png
`聖晶石 X 14
``從者/禮裝數: 731 / 792`
_2023-01-31 19:31:12_
--------
`友情點數召喚累計2220次

`[cc4787a257e3a46e268001195f780247]
`登入天數: 22天 / 1963天
等級: 18
石頭: 2823
呼符: 135
友情點: +30 / 1974410`
*連続ログイン1日目
※ログインが途切れるか、7日到達すると
1日目から再開されます*
`フレンドポイント X 2000
2月交換券(2023) X 1
`*FGO カルデア放送局 Vol.19 第2部 第7章 ナウイ･ミクトラン(後編) 開幕直前SP 放送記念 初回ログインボーナス*
*開催期間中、初回ログインで「聖晶石×14」をプレゼント！*
/webview/loginbonus/20230201_n7a7um/n7a7um_s_01.png
`聖晶石 X 14
``從者/禮裝數: 586 / 722`
_2023-01-31 19:31:24_
--------
`友情點數召喚累計2530次

`[3f5599a008981ecf87f2dea9d1d83d6a]
`登入天數: 22天 / 1968天
等級: 18
石頭: 2023
呼符: 25
友情點: +0 / 1934150`
*連続ログイン1日目
※ログインが途切れるか、7日到達すると
1日目から再開されます*
`フレンドポイント X 2000
2月交換券(2023) X 1
`*FGO カルデア放送局 Vol.19 第2部 第7章 ナウイ･ミクトラン(後編) 開幕直前SP 放送記念 初回ログインボーナス*
*開催期間中、初回ログインで「聖晶石×14」をプレゼント！*
/webview/loginbonus/20230201_n7a7um/n7a7um_s_01.png
`聖晶石 X 14
``從者/禮裝數: 681 / 795`
_2023-01-31 19:31:36_
--------
`友情點數召喚累計2160次

`[0d14e47d83c8b8400ed7555e0192724d]
`登入天數: 22天 / 1890天
等級: 21
石頭: 1713
呼符: 45
友情點: +20 / 1824465`
*連続ログイン1日目
※ログインが途切れるか、7日到達すると
1日目から再開されます*
`フレンドポイント X 2000
2月交換券(2023) X 1
`*FGO カルデア放送局 Vol.19 第2部 第7章 ナウイ･ミクトラン(後編) 開幕直前SP 放送記念 初回ログインボーナス*
*開催期間中、初回ログインで「聖晶石×14」をプレゼント！*
/webview/loginbonus/20230201_n7a7um/n7a7um_s_01.png
`聖晶石 X 14
``從者/禮裝數: 619 / 801`
_2023-01-31 19:31:48_
--------
[d4c10e20929a4c973210db1453668b11]
`登入天數: 22天 / 1896天
等級: 20
石頭: 1747
呼符: 10
友情點: +0 / 1702020`
*連続ログイン1日目
※ログインが途切れるか、7日到達すると
1日目から再開されます*
`フレンドポイント X 2000
2月交換券(2023) X 1
`*FGO カルデア放送局 Vol.19 第2部 第7章 ナウイ･ミクトラン(後編) 開幕直前SP 放送記念 初回ログインボーナス*
*開催期間中、初回ログインで「聖晶石×14」をプレゼント！*
/webview/loginbonus/20230201_n7a7um/n7a7um_s_01.png
`聖晶石 X 14
``從者/禮裝數: 658 / 798`
_2023-01-31 19:31:57_
--------
`友情點數召喚累計2120次

`[f0cc4e7ae2d4b30013f328b2cf7d6063]
`登入天數: 22天 / 1905天
等級: 20
石頭: 1087
呼符: 86
友情點: +0 / 1795585`
*連続ログイン1日目
※ログインが途切れるか、7日到達すると
1日目から再開されます*
`フレンドポイント X 2000
2月交換券(2023) X 1
`*FGO カルデア放送局 Vol.19 第2部 第7章 ナウイ･ミクトラン(後編) 開幕直前SP 放送記念 初回ログインボーナス*
*開催期間中、初回ログインで「聖晶石×14」をプレゼント！*
/webview/loginbonus/20230201_n7a7um/n7a7um_s_01.png
`聖晶石 X 14
``從者/禮裝數: 670 / 801`
_2023-01-31 19:32:09_
--------
[48a14ba1dd858b92594b71e0ed7d5311]
`登入天數: 22天 / 1897天
等級: 20
石頭: 2184
呼符: 133
友情點: +0 / 1704985`
*連続ログイン1日目
※ログインが途切れるか、7日到達すると
1日目から再開されます*
`フレンドポイント X 2000
2月交換券(2023) X 1
`*FGO カルデア放送局 Vol.19 第2部 第7章 ナウイ･ミクトラン(後編) 開幕直前SP 放送記念 初回ログインボーナス*
*開催期間中、初回ログインで「聖晶石×14」をプレゼント！*
/webview/loginbonus/20230201_n7a7um/n7a7um_s_01.png
`聖晶石 X 14
``從者/禮裝數: 686 / 778`
_2023-01-31 19:32:18_
--------
`友情點數召喚累計2000次

`