【登入訊息】
[c5ab1b78563b1f9e4ee17ab01234bc5e]
`登入天數: 23天 / 1765天
等級: 92
石頭: 2899
呼符: 131
友情點: +0 / 1837505`
*連続ログイン2日目
※ログインが途切れるか、7日到達すると
1日目から再開されます*
`聖晶石 X 1
2月交換券(2023) X 1
`*「FGO ウィンターパーティー 2022-2023」宮城会場開催直前 ログインボーナス*
*開催期間中、1日1回 最大3回 ログインボーナスをプレゼント！*
/webview/loginbonus/20230202_cudk73/cudk73_k_01.png
`黄金の果実 X 1
``從者/禮裝數: 729 / 761`
_2023-02-01 19:30:36_
--------
`友情點數召喚累計2941次

`[d4825e10f75d83bc0cfb33b6768a8634]
`登入天數: 23天 / 1954天
等級: 19
石頭: 2742
呼符: 50
友情點: +120 / 1993620`
*連続ログイン2日目
※ログインが途切れるか、7日到達すると
1日目から再開されます*
`聖晶石 X 1
2月交換券(2023) X 1
`*「FGO ウィンターパーティー 2022-2023」宮城会場開催直前 ログインボーナス*
*開催期間中、1日1回 最大3回 ログインボーナスをプレゼント！*
/webview/loginbonus/20230202_cudk73/cudk73_k_01.png
`黄金の果実 X 1
``從者/禮裝數: 660 / 789`
_2023-02-01 19:30:48_
--------
`友情點數召喚累計2330次

`[ff29db15be18f883ffccdf7ab23021a7]
`登入天數: 23天 / 1950天
等級: 18
石頭: 2057
呼符: 25
友情點: +0 / 1865275`
*連続ログイン2日目
※ログインが途切れるか、7日到達すると
1日目から再開されます*
`聖晶石 X 1
2月交換券(2023) X 1
`*「FGO ウィンターパーティー 2022-2023」宮城会場開催直前 ログインボーナス*
*開催期間中、1日1回 最大3回 ログインボーナスをプレゼント！*
/webview/loginbonus/20230202_cudk73/cudk73_k_01.png
`黄金の果実 X 1
``從者/禮裝數: 735 / 794`
_2023-02-01 19:31:00_
--------
`友情點數召喚累計2230次

`[cc4787a257e3a46e268001195f780247]
`登入天數: 23天 / 1964天
等級: 18
石頭: 2823
呼符: 135
友情點: +20 / 1974430`
*連続ログイン2日目
※ログインが途切れるか、7日到達すると
1日目から再開されます*
`聖晶石 X 1
2月交換券(2023) X 1
`*「FGO ウィンターパーティー 2022-2023」宮城会場開催直前 ログインボーナス*
*開催期間中、1日1回 最大3回 ログインボーナスをプレゼント！*
/webview/loginbonus/20230202_cudk73/cudk73_k_01.png
`黄金の果実 X 1
``從者/禮裝數: 589 / 724`
_2023-02-01 19:31:12_
--------
`友情點數召喚累計2540次

`[3f5599a008981ecf87f2dea9d1d83d6a]
`登入天數: 23天 / 1969天
等級: 18
石頭: 2023
呼符: 25
友情點: +0 / 1934150`
*連続ログイン2日目
※ログインが途切れるか、7日到達すると
1日目から再開されます*
`聖晶石 X 1
2月交換券(2023) X 1
`*「FGO ウィンターパーティー 2022-2023」宮城会場開催直前 ログインボーナス*
*開催期間中、1日1回 最大3回 ログインボーナスをプレゼント！*
/webview/loginbonus/20230202_cudk73/cudk73_k_01.png
`黄金の果実 X 1
``從者/禮裝數: 682 / 801`
_2023-02-01 19:31:24_
--------
[0d14e47d83c8b8400ed7555e0192724d]
`登入天數: 23天 / 1891天
等級: 21
石頭: 1713
呼符: 45
友情點: +40 / 1824505`
*連続ログイン2日目
※ログインが途切れるか、7日到達すると
1日目から再開されます*
`聖晶石 X 1
2月交換券(2023) X 1
`*「FGO ウィンターパーティー 2022-2023」宮城会場開催直前 ログインボーナス*
*開催期間中、1日1回 最大3回 ログインボーナスをプレゼント！*
/webview/loginbonus/20230202_cudk73/cudk73_k_01.png
`黄金の果実 X 1
``從者/禮裝數: 619 / 801`
_2023-02-01 19:31:33_
--------
[d4c10e20929a4c973210db1453668b11]
`登入天數: 23天 / 1897天
等級: 20
石頭: 1747
呼符: 10
友情點: +0 / 1702020`
*連続ログイン2日目
※ログインが途切れるか、7日到達すると
1日目から再開されます*
`聖晶石 X 1
2月交換券(2023) X 1
`*「FGO ウィンターパーティー 2022-2023」宮城会場開催直前 ログインボーナス*
*開催期間中、1日1回 最大3回 ログインボーナスをプレゼント！*
/webview/loginbonus/20230202_cudk73/cudk73_k_01.png
`黄金の果実 X 1
``從者/禮裝數: 658 / 805`
_2023-02-01 19:31:43_
--------
[f0cc4e7ae2d4b30013f328b2cf7d6063]
`登入天數: 23天 / 1906天
等級: 20
石頭: 1087
呼符: 86
友情點: +0 / 1795585`
*連続ログイン2日目
※ログインが途切れるか、7日到達すると
1日目から再開されます*
`聖晶石 X 1
2月交換券(2023) X 1
`*「FGO ウィンターパーティー 2022-2023」宮城会場開催直前 ログインボーナス*
*開催期間中、1日1回 最大3回 ログインボーナスをプレゼント！*
/webview/loginbonus/20230202_cudk73/cudk73_k_01.png
`黄金の果実 X 1
``從者/禮裝數: 670 / 801`
_2023-02-01 19:31:52_
--------
[48a14ba1dd858b92594b71e0ed7d5311]
`登入天數: 23天 / 1898天
等級: 20
石頭: 2184
呼符: 133
友情點: +0 / 1704985`
*連続ログイン2日目
※ログインが途切れるか、7日到達すると
1日目から再開されます*
`聖晶石 X 1
2月交換券(2023) X 1
`*「FGO ウィンターパーティー 2022-2023」宮城会場開催直前 ログインボーナス*
*開催期間中、1日1回 最大3回 ログインボーナスをプレゼント！*
/webview/loginbonus/20230202_cudk73/cudk73_k_01.png
`黄金の果実 X 1
``從者/禮裝數: 688 / 785`
_2023-02-01 19:32:01_
--------
`友情點數召喚累計2010次

`