【登入訊息】
[c5ab1b78563b1f9e4ee17ab01234bc5e]
`登入天數: 26天 / 1768天
等級: 92
石頭: 2899
呼符: 131
友情點: +0 / 1837505`
*連続ログイン5日目
※ログインが途切れるか、7日到達すると
1日目から再開されます*
`叡智の業火 X 2
2月交換券(2023) X 1
`*「FGO ウィンターパーティー 2022-2023」宮城会場開催記念 初回ログインボーナス*
*開催期間中、初回ログインで「聖晶石×10」をプレゼント！*
/webview/loginbonus/20230205_jdr9kf/jdr9kf_s_01.png
`聖晶石 X 10
`*「FGO ウィンターパーティー 2022-2023」宮城会場開催記念 3万リツイート達成プレゼント*
*開催期間中、初回ログインで「聖晶石×6」をプレゼント！*
/webview/loginbonus/20230205_8ubgnn/8ubgnn_s_01.png
`聖晶石 X 6
``從者/禮裝數: 736 / 779`
_2023-02-04 19:30:49_
--------
`友情點數召喚累計2971次

`[d4825e10f75d83bc0cfb33b6768a8634]
`登入天數: 26天 / 1957天
等級: 19
石頭: 2742
呼符: 50
友情點: +100 / 1994000`
*連続ログイン5日目
※ログインが途切れるか、7日到達すると
1日目から再開されます*
`叡智の業火 X 2
2月交換券(2023) X 1
`*「FGO ウィンターパーティー 2022-2023」宮城会場開催記念 初回ログインボーナス*
*開催期間中、初回ログインで「聖晶石×10」をプレゼント！*
/webview/loginbonus/20230205_jdr9kf/jdr9kf_s_01.png
`聖晶石 X 10
`*「FGO ウィンターパーティー 2022-2023」宮城会場開催記念 3万リツイート達成プレゼント*
*開催期間中、初回ログインで「聖晶石×6」をプレゼント！*
/webview/loginbonus/20230205_8ubgnn/8ubgnn_s_01.png
`聖晶石 X 6
``從者/禮裝數: 673 / 799`
_2023-02-04 19:31:00_
--------
`友情點數召喚累計2360次

`[ff29db15be18f883ffccdf7ab23021a7]
`登入天數: 26天 / 1953天
等級: 18
石頭: 2057
呼符: 25
友情點: +10 / 1865365`
*連続ログイン5日目
※ログインが途切れるか、7日到達すると
1日目から再開されます*
`叡智の業火 X 2
2月交換券(2023) X 1
`*「FGO ウィンターパーティー 2022-2023」宮城会場開催記念 初回ログインボーナス*
*開催期間中、初回ログインで「聖晶石×10」をプレゼント！*
/webview/loginbonus/20230205_jdr9kf/jdr9kf_s_01.png
`聖晶石 X 10
`*「FGO ウィンターパーティー 2022-2023」宮城会場開催記念 3万リツイート達成プレゼント*
*開催期間中、初回ログインで「聖晶石×6」をプレゼント！*
/webview/loginbonus/20230205_8ubgnn/8ubgnn_s_01.png
`聖晶石 X 6
``從者/禮裝數: 740 / 802`
_2023-02-04 19:31:12_
--------
[cc4787a257e3a46e268001195f780247]
`登入天數: 26天 / 1967天
等級: 18
石頭: 2823
呼符: 135
友情點: +10 / 1974470`
*連続ログイン5日目
※ログインが途切れるか、7日到達すると
1日目から再開されます*
`叡智の業火 X 2
2月交換券(2023) X 1
`*「FGO ウィンターパーティー 2022-2023」宮城会場開催記念 初回ログインボーナス*
*開催期間中、初回ログインで「聖晶石×10」をプレゼント！*
/webview/loginbonus/20230205_jdr9kf/jdr9kf_s_01.png
`聖晶石 X 10
`*「FGO ウィンターパーティー 2022-2023」宮城会場開催記念 3万リツイート達成プレゼント*
*開催期間中、初回ログインで「聖晶石×6」をプレゼント！*
/webview/loginbonus/20230205_8ubgnn/8ubgnn_s_01.png
`聖晶石 X 6
``從者/禮裝數: 596 / 739`
_2023-02-04 19:31:21_
--------
`友情點數召喚累計2570次

`[3f5599a008981ecf87f2dea9d1d83d6a]
`登入天數: 26天 / 1972天
等級: 18
石頭: 2023
呼符: 25
友情點: +0 / 1934150`
*連続ログイン5日目
※ログインが途切れるか、7日到達すると
1日目から再開されます*
`叡智の業火 X 2
2月交換券(2023) X 1
`*「FGO ウィンターパーティー 2022-2023」宮城会場開催記念 初回ログインボーナス*
*開催期間中、初回ログインで「聖晶石×10」をプレゼント！*
/webview/loginbonus/20230205_jdr9kf/jdr9kf_s_01.png
`聖晶石 X 10
`*「FGO ウィンターパーティー 2022-2023」宮城会場開催記念 3万リツイート達成プレゼント*
*開催期間中、初回ログインで「聖晶石×6」をプレゼント！*
/webview/loginbonus/20230205_8ubgnn/8ubgnn_s_01.png
`聖晶石 X 6
``從者/禮裝數: 682 / 801`
_2023-02-04 19:31:32_
--------
[0d14e47d83c8b8400ed7555e0192724d]
`登入天數: 26天 / 1894天
等級: 21
石頭: 1713
呼符: 45
友情點: +30 / 1824605`
*連続ログイン5日目
※ログインが途切れるか、7日到達すると
1日目から再開されます*
`叡智の業火 X 2
2月交換券(2023) X 1
`*「FGO ウィンターパーティー 2022-2023」宮城会場開催記念 初回ログインボーナス*
*開催期間中、初回ログインで「聖晶石×10」をプレゼント！*
/webview/loginbonus/20230205_jdr9kf/jdr9kf_s_01.png
`聖晶石 X 10
`*「FGO ウィンターパーティー 2022-2023」宮城会場開催記念 3万リツイート達成プレゼント*
*開催期間中、初回ログインで「聖晶石×6」をプレゼント！*
/webview/loginbonus/20230205_8ubgnn/8ubgnn_s_01.png
`聖晶石 X 6
``從者/禮裝數: 619 / 801`
_2023-02-04 19:31:41_
--------
[d4c10e20929a4c973210db1453668b11]
`登入天數: 26天 / 1900天
等級: 20
石頭: 1747
呼符: 10
友情點: +0 / 1702020`
*連続ログイン5日目
※ログインが途切れるか、7日到達すると
1日目から再開されます*
`叡智の業火 X 2
2月交換券(2023) X 1
`*「FGO ウィンターパーティー 2022-2023」宮城会場開催記念 初回ログインボーナス*
*開催期間中、初回ログインで「聖晶石×10」をプレゼント！*
/webview/loginbonus/20230205_jdr9kf/jdr9kf_s_01.png
`聖晶石 X 10
`*「FGO ウィンターパーティー 2022-2023」宮城会場開催記念 3万リツイート達成プレゼント*
*開催期間中、初回ログインで「聖晶石×6」をプレゼント！*
/webview/loginbonus/20230205_8ubgnn/8ubgnn_s_01.png
`聖晶石 X 6
``從者/禮裝數: 658 / 805`
_2023-02-04 19:31:50_
--------
[f0cc4e7ae2d4b30013f328b2cf7d6063]
`登入天數: 26天 / 1909天
等級: 20
石頭: 1087
呼符: 86
友情點: +0 / 1795585`
*連続ログイン5日目
※ログインが途切れるか、7日到達すると
1日目から再開されます*
`叡智の業火 X 2
2月交換券(2023) X 1
`*「FGO ウィンターパーティー 2022-2023」宮城会場開催記念 初回ログインボーナス*
*開催期間中、初回ログインで「聖晶石×10」をプレゼント！*
/webview/loginbonus/20230205_jdr9kf/jdr9kf_s_01.png
`聖晶石 X 10
`*「FGO ウィンターパーティー 2022-2023」宮城会場開催記念 3万リツイート達成プレゼント*
*開催期間中、初回ログインで「聖晶石×6」をプレゼント！*
/webview/loginbonus/20230205_8ubgnn/8ubgnn_s_01.png
`聖晶石 X 6
``從者/禮裝數: 670 / 801`
_2023-02-04 19:31:59_
--------
[48a14ba1dd858b92594b71e0ed7d5311]
`登入天數: 26天 / 1901天
等級: 20
石頭: 2184
呼符: 133
友情點: +0 / 1704985`
*連続ログイン5日目
※ログインが途切れるか、7日到達すると
1日目から再開されます*
`叡智の業火 X 2
2月交換券(2023) X 1
`*「FGO ウィンターパーティー 2022-2023」宮城会場開催記念 初回ログインボーナス*
*開催期間中、初回ログインで「聖晶石×10」をプレゼント！*
/webview/loginbonus/20230205_jdr9kf/jdr9kf_s_01.png
`聖晶石 X 10
`*「FGO ウィンターパーティー 2022-2023」宮城会場開催記念 3万リツイート達成プレゼント*
*開催期間中、初回ログインで「聖晶石×6」をプレゼント！*
/webview/loginbonus/20230205_8ubgnn/8ubgnn_s_01.png
`聖晶石 X 6
``從者/禮裝數: 693 / 803`
_2023-02-04 19:32:07_
--------
