【登入訊息】
[c5ab1b78563b1f9e4ee17ab01234bc5e]
`登入天數: 32天 / 1774天
等級: 92
石頭: 2899
呼符: 131
友情點: +0 / 1837505`
*連続ログイン4日目
※ログインが途切れるか、7日到達すると
1日目から再開されます*
`聖晶石 X 1
2月交換券(2023) X 1
``從者/禮裝數: 750 / 802`
_2023-02-10 19:30:50_
--------
[d4825e10f75d83bc0cfb33b6768a8634]
`登入天數: 32天 / 1963天
等級: 19
石頭: 2742
呼符: 50
友情點: +200 / 1994740`
*連続ログイン4日目
※ログインが途切れるか、7日到達すると
1日目から再開されます*
`聖晶石 X 1
2月交換券(2023) X 1
``從者/禮裝數: 677 / 802`
_2023-02-10 19:30:59_
--------
[ff29db15be18f883ffccdf7ab23021a7]
`登入天數: 32天 / 1959天
等級: 18
石頭: 2057
呼符: 25
友情點: +130 / 1865785`
*連続ログイン4日目
※ログインが途切れるか、7日到達すると
1日目から再開されます*
`聖晶石 X 1
2月交換券(2023) X 1
``從者/禮裝數: 740 / 802`
_2023-02-10 19:31:08_
--------
[cc4787a257e3a46e268001195f780247]
`登入天數: 32天 / 1973天
等級: 18
石頭: 2823
呼符: 135
友情點: +80 / 1974840`
*連続ログイン4日目
※ログインが途切れるか、7日到達すると
1日目から再開されます*
`聖晶石 X 1
2月交換券(2023) X 1
``從者/禮裝數: 616 / 770`
_2023-02-10 19:31:18_
--------
`友情點數召喚累計2630次

`[3f5599a008981ecf87f2dea9d1d83d6a]
`登入天數: 32天 / 1978天
等級: 18
石頭: 2023
呼符: 25
友情點: +0 / 1934150`
*連続ログイン4日目
※ログインが途切れるか、7日到達すると
1日目から再開されます*
`聖晶石 X 1
2月交換券(2023) X 1
``從者/禮裝數: 682 / 801`
_2023-02-10 19:31:29_
--------
[0d14e47d83c8b8400ed7555e0192724d]
`登入天數: 32天 / 1900天
等級: 21
石頭: 1713
呼符: 45
友情點: +30 / 1825015`
*連続ログイン4日目
※ログインが途切れるか、7日到達すると
1日目から再開されます*
`聖晶石 X 1
2月交換券(2023) X 1
``從者/禮裝數: 619 / 801`
_2023-02-10 19:31:38_
--------
[d4c10e20929a4c973210db1453668b11]
`登入天數: 32天 / 1906天
等級: 20
石頭: 1747
呼符: 10
友情點: +0 / 1702020`
*連続ログイン4日目
※ログインが途切れるか、7日到達すると
1日目から再開されます*
`聖晶石 X 1
2月交換券(2023) X 1
``從者/禮裝數: 658 / 805`
_2023-02-10 19:31:47_
--------
[f0cc4e7ae2d4b30013f328b2cf7d6063]
`登入天數: 32天 / 1915天
等級: 20
石頭: 1087
呼符: 86
友情點: +0 / 1795585`
*連続ログイン4日目
※ログインが途切れるか、7日到達すると
1日目から再開されます*
`聖晶石 X 1
2月交換券(2023) X 1
``從者/禮裝數: 670 / 801`
_2023-02-10 19:31:56_
--------
[48a14ba1dd858b92594b71e0ed7d5311]
`登入天數: 32天 / 1907天
等級: 20
石頭: 2184
呼符: 133
友情點: +0 / 1704985`
*連続ログイン4日目
※ログインが途切れるか、7日到達すると
1日目から再開されます*
`聖晶石 X 1
2月交換券(2023) X 1
``從者/禮裝數: 693 / 803`
_2023-02-10 19:32:05_
--------
