【登入訊息】
[c5ab1b78563b1f9e4ee17ab01234bc5e]
`登入天數: 36天 / 1778天
等級: 92
石頭: 2899
呼符: 131
友情點: +0 / 1837505`
*連続ログイン1日目
※ログインが途切れるか、7日到達すると
1日目から再開されます*
`フレンドポイント X 2000
2月交換券(2023) X 1
`*2700万DL突破記念 特別連続ログインボーナス*
*開催期間中、1日1回 最大7回 連続ログインボーナスをプレゼント！*
/webview/loginbonus/20230214_8muhm7/8muhm7_r_02.png
`黄金の果実 X 10
`*2700万DL突破記念 特別回数ログインボーナス*
*開催期間中、1日1回 最大5回 回数ログインボーナスをプレゼント！*
/webview/loginbonus/20230214_i848jn/i848jn_k_02.png
`英霊結晶・流星のフォウくん X 1
``從者/禮裝數: 750 / 802`
_2023-02-14 19:31:01_
--------
[d4825e10f75d83bc0cfb33b6768a8634]
`登入天數: 36天 / 1967天
等級: 19
石頭: 2742
呼符: 50
友情點: +40 / 1995020`
*連続ログイン1日目
※ログインが途切れるか、7日到達すると
1日目から再開されます*
`フレンドポイント X 2000
2月交換券(2023) X 1
`*2700万DL突破記念 特別連続ログインボーナス*
*開催期間中、1日1回 最大7回 連続ログインボーナスをプレゼント！*
/webview/loginbonus/20230214_8muhm7/8muhm7_r_02.png
`黄金の果実 X 10
`*2700万DL突破記念 特別回数ログインボーナス*
*開催期間中、1日1回 最大5回 回数ログインボーナスをプレゼント！*
/webview/loginbonus/20230214_i848jn/i848jn_k_02.png
`英霊結晶・流星のフォウくん X 1
``從者/禮裝數: 677 / 802`
_2023-02-14 19:31:09_
--------
[ff29db15be18f883ffccdf7ab23021a7]
`登入天數: 36天 / 1963天
等級: 18
石頭: 2057
呼符: 25
友情點: +60 / 1865965`
*連続ログイン1日目
※ログインが途切れるか、7日到達すると
1日目から再開されます*
`フレンドポイント X 2000
2月交換券(2023) X 1
`*2700万DL突破記念 特別連続ログインボーナス*
*開催期間中、1日1回 最大7回 連続ログインボーナスをプレゼント！*
/webview/loginbonus/20230214_8muhm7/8muhm7_r_02.png
`黄金の果実 X 10
`*2700万DL突破記念 特別回数ログインボーナス*
*開催期間中、1日1回 最大5回 回数ログインボーナスをプレゼント！*
/webview/loginbonus/20230214_i848jn/i848jn_k_02.png
`英霊結晶・流星のフォウくん X 1
``從者/禮裝數: 740 / 802`
_2023-02-14 19:31:18_
--------
[cc4787a257e3a46e268001195f780247]
`登入天數: 36天 / 1977天
等級: 18
石頭: 2823
呼符: 135
友情點: +40 / 1974960`
*連続ログイン1日目
※ログインが途切れるか、7日到達すると
1日目から再開されます*
`フレンドポイント X 2000
2月交換券(2023) X 1
`*2700万DL突破記念 特別連続ログインボーナス*
*開催期間中、1日1回 最大7回 連続ログインボーナスをプレゼント！*
/webview/loginbonus/20230214_8muhm7/8muhm7_r_02.png
`黄金の果実 X 10
`*2700万DL突破記念 特別回数ログインボーナス*
*開催期間中、1日1回 最大5回 回数ログインボーナスをプレゼント！*
/webview/loginbonus/20230214_i848jn/i848jn_k_02.png
`英霊結晶・流星のフォウくん X 1
``從者/禮裝數: 628 / 788`
_2023-02-14 19:31:27_
--------
`友情點數召喚累計2670次

`[3f5599a008981ecf87f2dea9d1d83d6a]
`登入天數: 36天 / 1982天
等級: 18
石頭: 2023
呼符: 25
友情點: +0 / 1934150`
*連続ログイン1日目
※ログインが途切れるか、7日到達すると
1日目から再開されます*
`フレンドポイント X 2000
2月交換券(2023) X 1
`*2700万DL突破記念 特別連続ログインボーナス*
*開催期間中、1日1回 最大7回 連続ログインボーナスをプレゼント！*
/webview/loginbonus/20230214_8muhm7/8muhm7_r_02.png
`黄金の果実 X 10
`*2700万DL突破記念 特別回数ログインボーナス*
*開催期間中、1日1回 最大5回 回数ログインボーナスをプレゼント！*
/webview/loginbonus/20230214_i848jn/i848jn_k_02.png
`英霊結晶・流星のフォウくん X 1
``從者/禮裝數: 682 / 801`
_2023-02-14 19:31:38_
--------
[0d14e47d83c8b8400ed7555e0192724d]
`登入天數: 36天 / 1904天
等級: 21
石頭: 1713
呼符: 45
友情點: +70 / 1825185`
*連続ログイン1日目
※ログインが途切れるか、7日到達すると
1日目から再開されます*
`フレンドポイント X 2000
2月交換券(2023) X 1
`*2700万DL突破記念 特別連続ログインボーナス*
*開催期間中、1日1回 最大7回 連続ログインボーナスをプレゼント！*
/webview/loginbonus/20230214_8muhm7/8muhm7_r_02.png
`黄金の果実 X 10
`*2700万DL突破記念 特別回数ログインボーナス*
*開催期間中、1日1回 最大5回 回数ログインボーナスをプレゼント！*
/webview/loginbonus/20230214_i848jn/i848jn_k_02.png
`英霊結晶・流星のフォウくん X 1
``從者/禮裝數: 619 / 801`
_2023-02-14 19:31:47_
--------
[d4c10e20929a4c973210db1453668b11]
`登入天數: 36天 / 1910天
等級: 20
石頭: 1747
呼符: 10
友情點: +0 / 1702020`
*連続ログイン1日目
※ログインが途切れるか、7日到達すると
1日目から再開されます*
`フレンドポイント X 2000
2月交換券(2023) X 1
`*2700万DL突破記念 特別連続ログインボーナス*
*開催期間中、1日1回 最大7回 連続ログインボーナスをプレゼント！*
/webview/loginbonus/20230214_8muhm7/8muhm7_r_02.png
`黄金の果実 X 10
`*2700万DL突破記念 特別回数ログインボーナス*
*開催期間中、1日1回 最大5回 回数ログインボーナスをプレゼント！*
/webview/loginbonus/20230214_i848jn/i848jn_k_02.png
`英霊結晶・流星のフォウくん X 1
``從者/禮裝數: 658 / 805`
_2023-02-14 19:31:57_
--------
[f0cc4e7ae2d4b30013f328b2cf7d6063]
`登入天數: 36天 / 1919天
等級: 20
石頭: 1087
呼符: 86
友情點: +0 / 1795585`
*連続ログイン1日目
※ログインが途切れるか、7日到達すると
1日目から再開されます*
`フレンドポイント X 2000
2月交換券(2023) X 1
`*2700万DL突破記念 特別連続ログインボーナス*
*開催期間中、1日1回 最大7回 連続ログインボーナスをプレゼント！*
/webview/loginbonus/20230214_8muhm7/8muhm7_r_02.png
`黄金の果実 X 10
`*2700万DL突破記念 特別回数ログインボーナス*
*開催期間中、1日1回 最大5回 回数ログインボーナスをプレゼント！*
/webview/loginbonus/20230214_i848jn/i848jn_k_02.png
`英霊結晶・流星のフォウくん X 1
``從者/禮裝數: 670 / 801`
_2023-02-14 19:32:06_
--------
[48a14ba1dd858b92594b71e0ed7d5311]
`登入天數: 36天 / 1911天
等級: 20
石頭: 2184
呼符: 133
友情點: +0 / 1704985`
*連続ログイン1日目
※ログインが途切れるか、7日到達すると
1日目から再開されます*
`フレンドポイント X 2000
2月交換券(2023) X 1
`*2700万DL突破記念 特別連続ログインボーナス*
*開催期間中、1日1回 最大7回 連続ログインボーナスをプレゼント！*
/webview/loginbonus/20230214_8muhm7/8muhm7_r_02.png
`黄金の果実 X 10
`*2700万DL突破記念 特別回数ログインボーナス*
*開催期間中、1日1回 最大5回 回数ログインボーナスをプレゼント！*
/webview/loginbonus/20230214_i848jn/i848jn_k_02.png
`英霊結晶・流星のフォウくん X 1
``從者/禮裝數: 693 / 803`
_2023-02-14 19:32:15_
--------
