【登入訊息】
[c5ab1b78563b1f9e4ee17ab01234bc5e]
`登入天數: 37天 / 1779天
等級: 92
石頭: 2899
呼符: 131
友情點: +0 / 1837505`
*連続ログイン2日目
※ログインが途切れるか、7日到達すると
1日目から再開されます*
`聖晶石 X 1
2月交換券(2023) X 1
`*2700万DL突破記念 特別連続ログインボーナス*
*開催期間中、1日1回 最大7回 連続ログインボーナスをプレゼント！*
/webview/loginbonus/20230214_8muhm7/8muhm7_r_03.png
`QP X 10000000
`*2700万DL突破記念 特別回数ログインボーナス*
*開催期間中、1日1回 最大5回 回数ログインボーナスをプレゼント！*
/webview/loginbonus/20230214_i848jn/i848jn_k_03.png
`英霊結晶・日輪のフォウくん X 1
``從者/禮裝數: 750 / 802`
_2023-02-15 19:30:47_
--------
[d4825e10f75d83bc0cfb33b6768a8634]
`登入天數: 37天 / 1968天
等級: 19
石頭: 2742
呼符: 50
友情點: +180 / 1995200`
*連続ログイン2日目
※ログインが途切れるか、7日到達すると
1日目から再開されます*
`聖晶石 X 1
2月交換券(2023) X 1
`*2700万DL突破記念 特別連続ログインボーナス*
*開催期間中、1日1回 最大7回 連続ログインボーナスをプレゼント！*
/webview/loginbonus/20230214_8muhm7/8muhm7_r_03.png
`QP X 10000000
`*2700万DL突破記念 特別回数ログインボーナス*
*開催期間中、1日1回 最大5回 回数ログインボーナスをプレゼント！*
/webview/loginbonus/20230214_i848jn/i848jn_k_03.png
`英霊結晶・日輪のフォウくん X 1
``從者/禮裝數: 677 / 802`
_2023-02-15 19:30:55_
--------
[ff29db15be18f883ffccdf7ab23021a7]
`登入天數: 37天 / 1964天
等級: 18
石頭: 2057
呼符: 25
友情點: +80 / 1866045`
*連続ログイン2日目
※ログインが途切れるか、7日到達すると
1日目から再開されます*
`聖晶石 X 1
2月交換券(2023) X 1
`*2700万DL突破記念 特別連続ログインボーナス*
*開催期間中、1日1回 最大7回 連続ログインボーナスをプレゼント！*
/webview/loginbonus/20230214_8muhm7/8muhm7_r_03.png
`QP X 10000000
`*2700万DL突破記念 特別回数ログインボーナス*
*開催期間中、1日1回 最大5回 回数ログインボーナスをプレゼント！*
/webview/loginbonus/20230214_i848jn/i848jn_k_03.png
`英霊結晶・日輪のフォウくん X 1
``從者/禮裝數: 740 / 802`
_2023-02-15 19:31:04_
--------
[cc4787a257e3a46e268001195f780247]
`登入天數: 37天 / 1978天
等級: 18
石頭: 2823
呼符: 135
友情點: +110 / 1975070`
*連続ログイン2日目
※ログインが途切れるか、7日到達すると
1日目から再開されます*
`聖晶石 X 1
2月交換券(2023) X 1
`*2700万DL突破記念 特別連続ログインボーナス*
*開催期間中、1日1回 最大7回 連続ログインボーナスをプレゼント！*
/webview/loginbonus/20230214_8muhm7/8muhm7_r_03.png
`QP X 10000000
`*2700万DL突破記念 特別回数ログインボーナス*
*開催期間中、1日1回 最大5回 回数ログインボーナスをプレゼント！*
/webview/loginbonus/20230214_i848jn/i848jn_k_03.png
`英霊結晶・日輪のフォウくん X 1
``從者/禮裝數: 631 / 792`
_2023-02-15 19:31:13_
--------
`友情點數召喚累計2680次

`[3f5599a008981ecf87f2dea9d1d83d6a]
`登入天數: 37天 / 1983天
等級: 18
石頭: 2023
呼符: 25
友情點: +0 / 1934150`
*連続ログイン2日目
※ログインが途切れるか、7日到達すると
1日目から再開されます*
`聖晶石 X 1
2月交換券(2023) X 1
`*2700万DL突破記念 特別連続ログインボーナス*
*開催期間中、1日1回 最大7回 連続ログインボーナスをプレゼント！*
/webview/loginbonus/20230214_8muhm7/8muhm7_r_03.png
`QP X 10000000
`*2700万DL突破記念 特別回数ログインボーナス*
*開催期間中、1日1回 最大5回 回数ログインボーナスをプレゼント！*
/webview/loginbonus/20230214_i848jn/i848jn_k_03.png
`英霊結晶・日輪のフォウくん X 1
``從者/禮裝數: 682 / 801`
_2023-02-15 19:31:25_
--------
[0d14e47d83c8b8400ed7555e0192724d]
`登入天數: 37天 / 1905天
等級: 21
石頭: 1713
呼符: 45
友情點: +60 / 1825245`
*連続ログイン2日目
※ログインが途切れるか、7日到達すると
1日目から再開されます*
`聖晶石 X 1
2月交換券(2023) X 1
`*2700万DL突破記念 特別連続ログインボーナス*
*開催期間中、1日1回 最大7回 連続ログインボーナスをプレゼント！*
/webview/loginbonus/20230214_8muhm7/8muhm7_r_03.png
`QP X 10000000
`*2700万DL突破記念 特別回数ログインボーナス*
*開催期間中、1日1回 最大5回 回数ログインボーナスをプレゼント！*
/webview/loginbonus/20230214_i848jn/i848jn_k_03.png
`英霊結晶・日輪のフォウくん X 1
``從者/禮裝數: 619 / 801`
_2023-02-15 19:31:34_
--------
[d4c10e20929a4c973210db1453668b11]
`登入天數: 37天 / 1911天
等級: 20
石頭: 1747
呼符: 10
友情點: +0 / 1702020`
*連続ログイン2日目
※ログインが途切れるか、7日到達すると
1日目から再開されます*
`聖晶石 X 1
2月交換券(2023) X 1
`*2700万DL突破記念 特別連続ログインボーナス*
*開催期間中、1日1回 最大7回 連続ログインボーナスをプレゼント！*
/webview/loginbonus/20230214_8muhm7/8muhm7_r_03.png
`QP X 10000000
`*2700万DL突破記念 特別回数ログインボーナス*
*開催期間中、1日1回 最大5回 回数ログインボーナスをプレゼント！*
/webview/loginbonus/20230214_i848jn/i848jn_k_03.png
`英霊結晶・日輪のフォウくん X 1
``從者/禮裝數: 658 / 805`
_2023-02-15 19:31:43_
--------
[f0cc4e7ae2d4b30013f328b2cf7d6063]
`登入天數: 37天 / 1920天
等級: 20
石頭: 1087
呼符: 86
友情點: +0 / 1795585`
*連続ログイン2日目
※ログインが途切れるか、7日到達すると
1日目から再開されます*
`聖晶石 X 1
2月交換券(2023) X 1
`*2700万DL突破記念 特別連続ログインボーナス*
*開催期間中、1日1回 最大7回 連続ログインボーナスをプレゼント！*
/webview/loginbonus/20230214_8muhm7/8muhm7_r_03.png
`QP X 10000000
`*2700万DL突破記念 特別回数ログインボーナス*
*開催期間中、1日1回 最大5回 回数ログインボーナスをプレゼント！*
/webview/loginbonus/20230214_i848jn/i848jn_k_03.png
`英霊結晶・日輪のフォウくん X 1
``從者/禮裝數: 670 / 801`
_2023-02-15 19:31:52_
--------
[48a14ba1dd858b92594b71e0ed7d5311]
`登入天數: 37天 / 1912天
等級: 20
石頭: 2184
呼符: 133
友情點: +0 / 1704985`
*連続ログイン2日目
※ログインが途切れるか、7日到達すると
1日目から再開されます*
`聖晶石 X 1
2月交換券(2023) X 1
`*2700万DL突破記念 特別連続ログインボーナス*
*開催期間中、1日1回 最大7回 連続ログインボーナスをプレゼント！*
/webview/loginbonus/20230214_8muhm7/8muhm7_r_03.png
`QP X 10000000
`*2700万DL突破記念 特別回数ログインボーナス*
*開催期間中、1日1回 最大5回 回数ログインボーナスをプレゼント！*
/webview/loginbonus/20230214_i848jn/i848jn_k_03.png
`英霊結晶・日輪のフォウくん X 1
``從者/禮裝數: 693 / 803`
_2023-02-15 19:32:01_
--------
