【登入訊息】
[c5ab1b78563b1f9e4ee17ab01234bc5e]
`登入天數: 38天 / 2128天
等級: 92
石頭: 3493
呼符: 200
友情點: +0 / 1983505`
*連続ログイン3日目
※ログインが途切れるか、7日到達すると
1日目から再開されます*
`叡智の業火 X 1
2月交換券(2024) X 1
`*日替りログインボーナス*
*開催期間中、1日1回 2週間日替りでログインボーナスをプレゼント！*
/webview/loginbonus/20240202_fc3f01/fc3f01_s_01.png
`聖晶石 X 1
巡霊の葉 X 50
`*「Fate/stay night」20周年記念特別ログインボーナス*
*開催期間中、1日1回 最大7回ログインボーナスをプレゼント！*
/webview/loginbonus/20240130_px4ugw/px4ugw_k_03.png
`英霊結晶・星のフォウくん X 10
英霊結晶・太陽のフォウくん X 10
`*盈月剣風帖開幕記念 ログインボーナス*
*開催期間中、1日1回 最大21回ログインボーナスをプレゼント！*
/webview/loginbonus/20240117_5f8m2c/5f8m2c_k_16.png
`白銀の果実 X 1
``從者/禮裝數: 877 / 904`
_2024-02-01 19:35:31_
--------
[d4825e10f75d83bc0cfb33b6768a8634]
`登入天數: 38天 / 2317天
等級: 19
石頭: 3310
呼符: 119
友情點: +200 / 2430150`
*連続ログイン3日目
※ログインが途切れるか、7日到達すると
1日目から再開されます*
`叡智の業火 X 1
2月交換券(2024) X 1
`*日替りログインボーナス*
*開催期間中、1日1回 2週間日替りでログインボーナスをプレゼント！*
/webview/loginbonus/20240202_fc3f01/fc3f01_s_01.png
`聖晶石 X 1
巡霊の葉 X 50
`*「Fate/stay night」20周年記念特別ログインボーナス*
*開催期間中、1日1回 最大7回ログインボーナスをプレゼント！*
/webview/loginbonus/20240130_px4ugw/px4ugw_k_03.png
`英霊結晶・星のフォウくん X 10
英霊結晶・太陽のフォウくん X 10
`*盈月剣風帖開幕記念 ログインボーナス*
*開催期間中、1日1回 最大21回ログインボーナスをプレゼント！*
/webview/loginbonus/20240117_5f8m2c/5f8m2c_k_16.png
`白銀の果実 X 1
``從者/禮裝數: 863 / 902`
_2024-02-01 19:35:40_
--------
[ff29db15be18f883ffccdf7ab23021a7]
`登入天數: 38天 / 2313天
等級: 18
石頭: 2623
呼符: 94
友情點: +120 / 2164285`
*連続ログイン3日目
※ログインが途切れるか、7日到達すると
1日目から再開されます*
`叡智の業火 X 1
2月交換券(2024) X 1
`*日替りログインボーナス*
*開催期間中、1日1回 2週間日替りでログインボーナスをプレゼント！*
/webview/loginbonus/20240202_fc3f01/fc3f01_s_01.png
`聖晶石 X 1
巡霊の葉 X 50
`*「Fate/stay night」20周年記念特別ログインボーナス*
*開催期間中、1日1回 最大7回ログインボーナスをプレゼント！*
/webview/loginbonus/20240130_px4ugw/px4ugw_k_03.png
`英霊結晶・星のフォウくん X 10
英霊結晶・太陽のフォウくん X 10
`*盈月剣風帖開幕記念 ログインボーナス*
*開催期間中、1日1回 最大21回ログインボーナスをプレゼント！*
/webview/loginbonus/20240117_5f8m2c/5f8m2c_k_16.png
`白銀の果実 X 1
``從者/禮裝數: 856 / 905`
_2024-02-01 19:35:49_
--------
[cc4787a257e3a46e268001195f780247]
`登入天數: 38天 / 2327天
等級: 18
石頭: 3414
呼符: 204
友情點: +70 / 2267025`
*連続ログイン3日目
※ログインが途切れるか、7日到達すると
1日目から再開されます*
`叡智の業火 X 1
2月交換券(2024) X 1
`*日替りログインボーナス*
*開催期間中、1日1回 2週間日替りでログインボーナスをプレゼント！*
/webview/loginbonus/20240202_fc3f01/fc3f01_s_01.png
`聖晶石 X 1
巡霊の葉 X 50
`*「Fate/stay night」20周年記念特別ログインボーナス*
*開催期間中、1日1回 最大7回ログインボーナスをプレゼント！*
/webview/loginbonus/20240130_px4ugw/px4ugw_k_03.png
`英霊結晶・星のフォウくん X 10
英霊結晶・太陽のフォウくん X 10
`*盈月剣風帖開幕記念 ログインボーナス*
*開催期間中、1日1回 最大21回ログインボーナスをプレゼント！*
/webview/loginbonus/20240117_5f8m2c/5f8m2c_k_16.png
`白銀の果実 X 1
``從者/禮裝數: 847 / 900`
_2024-02-01 19:35:58_
--------
[3f5599a008981ecf87f2dea9d1d83d6a]
`登入天數: 38天 / 2332天
等級: 18
石頭: 2622
呼符: 94
友情點: +0 / 2082150`
*連続ログイン3日目
※ログインが途切れるか、7日到達すると
1日目から再開されます*
`叡智の業火 X 1
2月交換券(2024) X 1
`*日替りログインボーナス*
*開催期間中、1日1回 2週間日替りでログインボーナスをプレゼント！*
/webview/loginbonus/20240202_fc3f01/fc3f01_s_01.png
`聖晶石 X 1
巡霊の葉 X 50
`*「Fate/stay night」20周年記念特別ログインボーナス*
*開催期間中、1日1回 最大7回ログインボーナスをプレゼント！*
/webview/loginbonus/20240130_px4ugw/px4ugw_k_03.png
`英霊結晶・星のフォウくん X 10
英霊結晶・太陽のフォウくん X 10
`*盈月剣風帖開幕記念 ログインボーナス*
*開催期間中、1日1回 最大21回ログインボーナスをプレゼント！*
/webview/loginbonus/20240117_5f8m2c/5f8m2c_k_16.png
`白銀の果実 X 1
``從者/禮裝數: 864 / 901`
_2024-02-01 19:36:07_
--------
[0d14e47d83c8b8400ed7555e0192724d]
`登入天數: 38天 / 2252天
等級: 21
石頭: 2278
呼符: 114
友情點: +80 / 2147835`
*連続ログイン3日目
※ログインが途切れるか、7日到達すると
1日目から再開されます*
`叡智の業火 X 1
2月交換券(2024) X 1
`*日替りログインボーナス*
*開催期間中、1日1回 2週間日替りでログインボーナスをプレゼント！*
/webview/loginbonus/20240202_fc3f01/fc3f01_s_01.png
`聖晶石 X 1
巡霊の葉 X 50
`*「Fate/stay night」20周年記念特別ログインボーナス*
*開催期間中、1日1回 最大7回ログインボーナスをプレゼント！*
/webview/loginbonus/20240130_px4ugw/px4ugw_k_03.png
`英霊結晶・星のフォウくん X 10
英霊結晶・太陽のフォウくん X 10
`*盈月剣風帖開幕記念 ログインボーナス*
*開催期間中、1日1回 最大21回ログインボーナスをプレゼント！*
/webview/loginbonus/20240117_5f8m2c/5f8m2c_k_16.png
`白銀の果実 X 1
``從者/禮裝數: 785 / 903`
_2024-02-01 19:36:16_
--------
[d4c10e20929a4c973210db1453668b11]
`登入天數: 38天 / 2257天
等級: 20
石頭: 2281
呼符: 79
友情點: +0 / 1854020`
*連続ログイン3日目
※ログインが途切れるか、7日到達すると
1日目から再開されます*
`叡智の業火 X 1
2月交換券(2024) X 1
`*日替りログインボーナス*
*開催期間中、1日1回 2週間日替りでログインボーナスをプレゼント！*
/webview/loginbonus/20240202_fc3f01/fc3f01_s_01.png
`聖晶石 X 1
巡霊の葉 X 50
`*「Fate/stay night」20周年記念特別ログインボーナス*
*開催期間中、1日1回 最大7回ログインボーナスをプレゼント！*
/webview/loginbonus/20240130_px4ugw/px4ugw_k_03.png
`英霊結晶・星のフォウくん X 10
英霊結晶・太陽のフォウくん X 10
`*盈月剣風帖開幕記念 ログインボーナス*
*開催期間中、1日1回 最大21回ログインボーナスをプレゼント！*
/webview/loginbonus/20240117_5f8m2c/5f8m2c_k_16.png
`白銀の果実 X 1
``從者/禮裝數: 854 / 902`
_2024-02-01 19:36:26_
--------
[f0cc4e7ae2d4b30013f328b2cf7d6063]
`登入天數: 38天 / 2265天
等級: 20
石頭: 1621
呼符: 155
友情點: +0 / 1945585`
*連続ログイン3日目
※ログインが途切れるか、7日到達すると
1日目から再開されます*
`叡智の業火 X 1
2月交換券(2024) X 1
`*日替りログインボーナス*
*開催期間中、1日1回 2週間日替りでログインボーナスをプレゼント！*
/webview/loginbonus/20240202_fc3f01/fc3f01_s_01.png
`聖晶石 X 1
巡霊の葉 X 50
`*「Fate/stay night」20周年記念特別ログインボーナス*
*開催期間中、1日1回 最大7回ログインボーナスをプレゼント！*
/webview/loginbonus/20240130_px4ugw/px4ugw_k_03.png
`英霊結晶・星のフォウくん X 10
英霊結晶・太陽のフォウくん X 10
`*盈月剣風帖開幕記念 ログインボーナス*
*開催期間中、1日1回 最大21回ログインボーナスをプレゼント！*
/webview/loginbonus/20240117_5f8m2c/5f8m2c_k_16.png
`白銀の果実 X 1
``從者/禮裝數: 847 / 903`
_2024-02-01 19:36:35_
--------
[48a14ba1dd858b92594b71e0ed7d5311]
`登入天數: 38天 / 2255天
等級: 20
石頭: 2716
呼符: 201
友情點: +0 / 1854985`
*連続ログイン3日目
※ログインが途切れるか、7日到達すると
1日目から再開されます*
`叡智の業火 X 1
2月交換券(2024) X 1
`*日替りログインボーナス*
*開催期間中、1日1回 2週間日替りでログインボーナスをプレゼント！*
/webview/loginbonus/20240202_fc3f01/fc3f01_s_01.png
`聖晶石 X 1
巡霊の葉 X 50
`*「Fate/stay night」20周年記念特別ログインボーナス*
*開催期間中、1日1回 最大7回ログインボーナスをプレゼント！*
/webview/loginbonus/20240130_px4ugw/px4ugw_k_03.png
`英霊結晶・星のフォウくん X 10
英霊結晶・太陽のフォウくん X 10
`*盈月剣風帖開幕記念 ログインボーナス*
*開催期間中、1日1回 最大21回ログインボーナスをプレゼント！*
/webview/loginbonus/20240117_5f8m2c/5f8m2c_k_16.png
`白銀の果実 X 1
``從者/禮裝數: 900 / 889`
_2024-02-01 19:36:44_
--------
