【登入訊息】
[c5ab1b78563b1f9e4ee17ab01234bc5e]
`登入天數: 46天 / 2136天
等級: 92
石頭: 3493
呼符: 200
友情點: +0 / 1983505`
*連続ログイン4日目
※ログインが途切れるか、7日到達すると
1日目から再開されます*
`聖晶石 X 1
2月交換券(2024) X 1
`*日替りログインボーナス*
*開催期間中、1日1回 2週間日替りでログインボーナスをプレゼント！*
/webview/loginbonus/20240210_fc3f09/fc3f09_s_01.png
`巡霊の葉 X 30
`*「FGO カルデア・サテライトステーション 2023-2024」新潟会場開催直前 ログインボーナス*
*開催期間中、1日1回 最大3回 ログインボーナスをプレゼント！*
/webview/loginbonus/20240209_igzua3/igzua3_k_02.png
`黄金の果実 X 1
`*バレンタイン2024
開幕直前特別ログインボーナス*
*開催期間中、1日1回 最大7回ログインボーナスをプレゼント！*
/webview/loginbonus/20240207_it9rj5/it9rj5_k_03.png
`QP X 2000000
``從者/禮裝數: 877 / 904`
_2024-02-09 19:35:59_
--------
[d4825e10f75d83bc0cfb33b6768a8634]
`登入天數: 46天 / 2325天
等級: 19
石頭: 3310
呼符: 119
友情點: +720 / 2433600`
*連続ログイン4日目
※ログインが途切れるか、7日到達すると
1日目から再開されます*
`聖晶石 X 1
2月交換券(2024) X 1
`*日替りログインボーナス*
*開催期間中、1日1回 2週間日替りでログインボーナスをプレゼント！*
/webview/loginbonus/20240210_fc3f09/fc3f09_s_01.png
`巡霊の葉 X 30
`*「FGO カルデア・サテライトステーション 2023-2024」新潟会場開催直前 ログインボーナス*
*開催期間中、1日1回 最大3回 ログインボーナスをプレゼント！*
/webview/loginbonus/20240209_igzua3/igzua3_k_02.png
`黄金の果実 X 1
`*バレンタイン2024
開幕直前特別ログインボーナス*
*開催期間中、1日1回 最大7回ログインボーナスをプレゼント！*
/webview/loginbonus/20240207_it9rj5/it9rj5_k_03.png
`QP X 2000000
``從者/禮裝數: 863 / 902`
_2024-02-09 19:36:08_
--------
[ff29db15be18f883ffccdf7ab23021a7]
`登入天數: 46天 / 2321天
等級: 18
石頭: 2623
呼符: 94
友情點: +420 / 2166435`
*連続ログイン4日目
※ログインが途切れるか、7日到達すると
1日目から再開されます*
`聖晶石 X 1
2月交換券(2024) X 1
`*日替りログインボーナス*
*開催期間中、1日1回 2週間日替りでログインボーナスをプレゼント！*
/webview/loginbonus/20240210_fc3f09/fc3f09_s_01.png
`巡霊の葉 X 30
`*「FGO カルデア・サテライトステーション 2023-2024」新潟会場開催直前 ログインボーナス*
*開催期間中、1日1回 最大3回 ログインボーナスをプレゼント！*
/webview/loginbonus/20240209_igzua3/igzua3_k_02.png
`黄金の果実 X 1
`*バレンタイン2024
開幕直前特別ログインボーナス*
*開催期間中、1日1回 最大7回ログインボーナスをプレゼント！*
/webview/loginbonus/20240207_it9rj5/it9rj5_k_03.png
`QP X 2000000
``從者/禮裝數: 856 / 905`
_2024-02-09 19:36:17_
--------
[cc4787a257e3a46e268001195f780247]
`登入天數: 46天 / 2335天
等級: 18
石頭: 3414
呼符: 204
友情點: +600 / 2272925`
*連続ログイン4日目
※ログインが途切れるか、7日到達すると
1日目から再開されます*
`聖晶石 X 1
2月交換券(2024) X 1
`*日替りログインボーナス*
*開催期間中、1日1回 2週間日替りでログインボーナスをプレゼント！*
/webview/loginbonus/20240210_fc3f09/fc3f09_s_01.png
`巡霊の葉 X 30
`*「FGO カルデア・サテライトステーション 2023-2024」新潟会場開催直前 ログインボーナス*
*開催期間中、1日1回 最大3回 ログインボーナスをプレゼント！*
/webview/loginbonus/20240209_igzua3/igzua3_k_02.png
`黄金の果実 X 1
`*バレンタイン2024
開幕直前特別ログインボーナス*
*開催期間中、1日1回 最大7回ログインボーナスをプレゼント！*
/webview/loginbonus/20240207_it9rj5/it9rj5_k_03.png
`QP X 2000000
``從者/禮裝數: 847 / 900`
_2024-02-09 19:36:27_
--------
[3f5599a008981ecf87f2dea9d1d83d6a]
`登入天數: 46天 / 2340天
等級: 18
石頭: 2622
呼符: 94
友情點: +0 / 2082150`
*連続ログイン4日目
※ログインが途切れるか、7日到達すると
1日目から再開されます*
`聖晶石 X 1
2月交換券(2024) X 1
`*日替りログインボーナス*
*開催期間中、1日1回 2週間日替りでログインボーナスをプレゼント！*
/webview/loginbonus/20240210_fc3f09/fc3f09_s_01.png
`巡霊の葉 X 30
`*「FGO カルデア・サテライトステーション 2023-2024」新潟会場開催直前 ログインボーナス*
*開催期間中、1日1回 最大3回 ログインボーナスをプレゼント！*
/webview/loginbonus/20240209_igzua3/igzua3_k_02.png
`黄金の果実 X 1
`*バレンタイン2024
開幕直前特別ログインボーナス*
*開催期間中、1日1回 最大7回ログインボーナスをプレゼント！*
/webview/loginbonus/20240207_it9rj5/it9rj5_k_03.png
`QP X 2000000
``從者/禮裝數: 864 / 901`
_2024-02-09 19:36:36_
--------
[0d14e47d83c8b8400ed7555e0192724d]
`登入天數: 46天 / 2260天
等級: 21
石頭: 2278
呼符: 114
友情點: +490 / 2149685`
*連続ログイン4日目
※ログインが途切れるか、7日到達すると
1日目から再開されます*
`聖晶石 X 1
2月交換券(2024) X 1
`*日替りログインボーナス*
*開催期間中、1日1回 2週間日替りでログインボーナスをプレゼント！*
/webview/loginbonus/20240210_fc3f09/fc3f09_s_01.png
`巡霊の葉 X 30
`*「FGO カルデア・サテライトステーション 2023-2024」新潟会場開催直前 ログインボーナス*
*開催期間中、1日1回 最大3回 ログインボーナスをプレゼント！*
/webview/loginbonus/20240209_igzua3/igzua3_k_02.png
`黄金の果実 X 1
`*バレンタイン2024
開幕直前特別ログインボーナス*
*開催期間中、1日1回 最大7回ログインボーナスをプレゼント！*
/webview/loginbonus/20240207_it9rj5/it9rj5_k_03.png
`QP X 2000000
``從者/禮裝數: 785 / 903`
_2024-02-09 19:36:45_
--------
[d4c10e20929a4c973210db1453668b11]
`登入天數: 46天 / 2265天
等級: 20
石頭: 2281
呼符: 79
友情點: +0 / 1854020`
*連続ログイン4日目
※ログインが途切れるか、7日到達すると
1日目から再開されます*
`聖晶石 X 1
2月交換券(2024) X 1
`*日替りログインボーナス*
*開催期間中、1日1回 2週間日替りでログインボーナスをプレゼント！*
/webview/loginbonus/20240210_fc3f09/fc3f09_s_01.png
`巡霊の葉 X 30
`*「FGO カルデア・サテライトステーション 2023-2024」新潟会場開催直前 ログインボーナス*
*開催期間中、1日1回 最大3回 ログインボーナスをプレゼント！*
/webview/loginbonus/20240209_igzua3/igzua3_k_02.png
`黄金の果実 X 1
`*バレンタイン2024
開幕直前特別ログインボーナス*
*開催期間中、1日1回 最大7回ログインボーナスをプレゼント！*
/webview/loginbonus/20240207_it9rj5/it9rj5_k_03.png
`QP X 2000000
``從者/禮裝數: 854 / 902`
_2024-02-09 19:36:55_
--------
[f0cc4e7ae2d4b30013f328b2cf7d6063]
`登入天數: 46天 / 2273天
等級: 20
石頭: 1621
呼符: 155
友情點: +0 / 1945585`
*連続ログイン4日目
※ログインが途切れるか、7日到達すると
1日目から再開されます*
`聖晶石 X 1
2月交換券(2024) X 1
`*日替りログインボーナス*
*開催期間中、1日1回 2週間日替りでログインボーナスをプレゼント！*
/webview/loginbonus/20240210_fc3f09/fc3f09_s_01.png
`巡霊の葉 X 30
`*「FGO カルデア・サテライトステーション 2023-2024」新潟会場開催直前 ログインボーナス*
*開催期間中、1日1回 最大3回 ログインボーナスをプレゼント！*
/webview/loginbonus/20240209_igzua3/igzua3_k_02.png
`黄金の果実 X 1
`*バレンタイン2024
開幕直前特別ログインボーナス*
*開催期間中、1日1回 最大7回ログインボーナスをプレゼント！*
/webview/loginbonus/20240207_it9rj5/it9rj5_k_03.png
`QP X 2000000
``從者/禮裝數: 847 / 903`
_2024-02-09 19:37:04_
--------
[48a14ba1dd858b92594b71e0ed7d5311]
`登入天數: 46天 / 2263天
等級: 20
石頭: 2716
呼符: 201
友情點: +0 / 1854985`
*連続ログイン4日目
※ログインが途切れるか、7日到達すると
1日目から再開されます*
`聖晶石 X 1
2月交換券(2024) X 1
`*日替りログインボーナス*
*開催期間中、1日1回 2週間日替りでログインボーナスをプレゼント！*
/webview/loginbonus/20240210_fc3f09/fc3f09_s_01.png
`巡霊の葉 X 30
`*「FGO カルデア・サテライトステーション 2023-2024」新潟会場開催直前 ログインボーナス*
*開催期間中、1日1回 最大3回 ログインボーナスをプレゼント！*
/webview/loginbonus/20240209_igzua3/igzua3_k_02.png
`黄金の果実 X 1
`*バレンタイン2024
開幕直前特別ログインボーナス*
*開催期間中、1日1回 最大7回ログインボーナスをプレゼント！*
/webview/loginbonus/20240207_it9rj5/it9rj5_k_03.png
`QP X 2000000
``從者/禮裝數: 900 / 889`
_2024-02-09 19:37:14_
--------
