【登入訊息】
[c5ab1b78563b1f9e4ee17ab01234bc5e]
`登入天數: 48天 / 2138天
等級: 92
石頭: 3493
呼符: 200
友情點: +0 / 1983505`
*連続ログイン6日目
※ログインが途切れるか、7日到達すると
1日目から再開されます*
`聖晶石 X 2
2月交換券(2024) X 1
`*「FGO カルデア・サテライトステーション 2023-2024」新潟会場開催記念 3万リポスト達成プレゼント*
*開催期間中、初回ログインで「聖晶石×6」をプレゼント！*
/webview/loginbonus/20240212_7d72su/7d72su_s_01.png
`聖晶石 X 6
`*「FGO カルデア・サテライトステーション 2023-2024」新潟会場開催記念 初回ログインボーナス*
*開催期間中、初回ログインで「聖晶石×10」をプレゼント！*
/webview/loginbonus/20240212_juh97u/juh97u_s_01.png
`聖晶石 X 10
`*日替りログインボーナス*
*開催期間中、1日1回 2週間日替りでログインボーナスをプレゼント！*
/webview/loginbonus/20240212_fc3f11/fc3f11_s_01.png
`聖晶石 X 1
巡霊の葉 X 80
`*バレンタイン2024
開幕直前特別ログインボーナス*
*開催期間中、1日1回 最大7回ログインボーナスをプレゼント！*
/webview/loginbonus/20240207_it9rj5/it9rj5_k_05.png
`英霊結晶・太陽のフォウくん X 5
``從者/禮裝數: 877 / 904`
_2024-02-11 19:35:40_
--------
[d4825e10f75d83bc0cfb33b6768a8634]
`登入天數: 48天 / 2327天
等級: 19
石頭: 3310
呼符: 119
友情點: +660 / 2434920`
*連続ログイン6日目
※ログインが途切れるか、7日到達すると
1日目から再開されます*
`聖晶石 X 2
2月交換券(2024) X 1
`*「FGO カルデア・サテライトステーション 2023-2024」新潟会場開催記念 3万リポスト達成プレゼント*
*開催期間中、初回ログインで「聖晶石×6」をプレゼント！*
/webview/loginbonus/20240212_7d72su/7d72su_s_01.png
`聖晶石 X 6
`*「FGO カルデア・サテライトステーション 2023-2024」新潟会場開催記念 初回ログインボーナス*
*開催期間中、初回ログインで「聖晶石×10」をプレゼント！*
/webview/loginbonus/20240212_juh97u/juh97u_s_01.png
`聖晶石 X 10
`*日替りログインボーナス*
*開催期間中、1日1回 2週間日替りでログインボーナスをプレゼント！*
/webview/loginbonus/20240212_fc3f11/fc3f11_s_01.png
`聖晶石 X 1
巡霊の葉 X 80
`*バレンタイン2024
開幕直前特別ログインボーナス*
*開催期間中、1日1回 最大7回ログインボーナスをプレゼント！*
/webview/loginbonus/20240207_it9rj5/it9rj5_k_05.png
`英霊結晶・太陽のフォウくん X 5
``從者/禮裝數: 863 / 902`
_2024-02-11 19:35:50_
--------
[ff29db15be18f883ffccdf7ab23021a7]
`登入天數: 48天 / 2323天
等級: 18
石頭: 2623
呼符: 94
友情點: +410 / 2167145`
*連続ログイン6日目
※ログインが途切れるか、7日到達すると
1日目から再開されます*
`聖晶石 X 2
2月交換券(2024) X 1
`*「FGO カルデア・サテライトステーション 2023-2024」新潟会場開催記念 3万リポスト達成プレゼント*
*開催期間中、初回ログインで「聖晶石×6」をプレゼント！*
/webview/loginbonus/20240212_7d72su/7d72su_s_01.png
`聖晶石 X 6
`*「FGO カルデア・サテライトステーション 2023-2024」新潟会場開催記念 初回ログインボーナス*
*開催期間中、初回ログインで「聖晶石×10」をプレゼント！*
/webview/loginbonus/20240212_juh97u/juh97u_s_01.png
`聖晶石 X 10
`*日替りログインボーナス*
*開催期間中、1日1回 2週間日替りでログインボーナスをプレゼント！*
/webview/loginbonus/20240212_fc3f11/fc3f11_s_01.png
`聖晶石 X 1
巡霊の葉 X 80
`*バレンタイン2024
開幕直前特別ログインボーナス*
*開催期間中、1日1回 最大7回ログインボーナスをプレゼント！*
/webview/loginbonus/20240207_it9rj5/it9rj5_k_05.png
`英霊結晶・太陽のフォウくん X 5
``從者/禮裝數: 856 / 905`
_2024-02-11 19:35:59_
--------
[cc4787a257e3a46e268001195f780247]
`登入天數: 48天 / 2337天
等級: 18
石頭: 3414
呼符: 204
友情點: +250 / 2273395`
*連続ログイン6日目
※ログインが途切れるか、7日到達すると
1日目から再開されます*
`聖晶石 X 2
2月交換券(2024) X 1
`*「FGO カルデア・サテライトステーション 2023-2024」新潟会場開催記念 3万リポスト達成プレゼント*
*開催期間中、初回ログインで「聖晶石×6」をプレゼント！*
/webview/loginbonus/20240212_7d72su/7d72su_s_01.png
`聖晶石 X 6
`*「FGO カルデア・サテライトステーション 2023-2024」新潟会場開催記念 初回ログインボーナス*
*開催期間中、初回ログインで「聖晶石×10」をプレゼント！*
/webview/loginbonus/20240212_juh97u/juh97u_s_01.png
`聖晶石 X 10
`*日替りログインボーナス*
*開催期間中、1日1回 2週間日替りでログインボーナスをプレゼント！*
/webview/loginbonus/20240212_fc3f11/fc3f11_s_01.png
`聖晶石 X 1
巡霊の葉 X 80
`*バレンタイン2024
開幕直前特別ログインボーナス*
*開催期間中、1日1回 最大7回ログインボーナスをプレゼント！*
/webview/loginbonus/20240207_it9rj5/it9rj5_k_05.png
`英霊結晶・太陽のフォウくん X 5
``從者/禮裝數: 847 / 900`
_2024-02-11 19:36:08_
--------
[3f5599a008981ecf87f2dea9d1d83d6a]
`登入天數: 48天 / 2342天
等級: 18
石頭: 2622
呼符: 94
友情點: +0 / 2082150`
*連続ログイン6日目
※ログインが途切れるか、7日到達すると
1日目から再開されます*
`聖晶石 X 2
2月交換券(2024) X 1
`*「FGO カルデア・サテライトステーション 2023-2024」新潟会場開催記念 3万リポスト達成プレゼント*
*開催期間中、初回ログインで「聖晶石×6」をプレゼント！*
/webview/loginbonus/20240212_7d72su/7d72su_s_01.png
`聖晶石 X 6
`*「FGO カルデア・サテライトステーション 2023-2024」新潟会場開催記念 初回ログインボーナス*
*開催期間中、初回ログインで「聖晶石×10」をプレゼント！*
/webview/loginbonus/20240212_juh97u/juh97u_s_01.png
`聖晶石 X 10
`*日替りログインボーナス*
*開催期間中、1日1回 2週間日替りでログインボーナスをプレゼント！*
/webview/loginbonus/20240212_fc3f11/fc3f11_s_01.png
`聖晶石 X 1
巡霊の葉 X 80
`*バレンタイン2024
開幕直前特別ログインボーナス*
*開催期間中、1日1回 最大7回ログインボーナスをプレゼント！*
/webview/loginbonus/20240207_it9rj5/it9rj5_k_05.png
`英霊結晶・太陽のフォウくん X 5
``從者/禮裝數: 864 / 901`
_2024-02-11 19:36:17_
--------
[0d14e47d83c8b8400ed7555e0192724d]
`登入天數: 48天 / 2262天
等級: 21
石頭: 2278
呼符: 114
友情點: +310 / 2150285`
*連続ログイン6日目
※ログインが途切れるか、7日到達すると
1日目から再開されます*
`聖晶石 X 2
2月交換券(2024) X 1
`*「FGO カルデア・サテライトステーション 2023-2024」新潟会場開催記念 3万リポスト達成プレゼント*
*開催期間中、初回ログインで「聖晶石×6」をプレゼント！*
/webview/loginbonus/20240212_7d72su/7d72su_s_01.png
`聖晶石 X 6
`*「FGO カルデア・サテライトステーション 2023-2024」新潟会場開催記念 初回ログインボーナス*
*開催期間中、初回ログインで「聖晶石×10」をプレゼント！*
/webview/loginbonus/20240212_juh97u/juh97u_s_01.png
`聖晶石 X 10
`*日替りログインボーナス*
*開催期間中、1日1回 2週間日替りでログインボーナスをプレゼント！*
/webview/loginbonus/20240212_fc3f11/fc3f11_s_01.png
`聖晶石 X 1
巡霊の葉 X 80
`*バレンタイン2024
開幕直前特別ログインボーナス*
*開催期間中、1日1回 最大7回ログインボーナスをプレゼント！*
/webview/loginbonus/20240207_it9rj5/it9rj5_k_05.png
`英霊結晶・太陽のフォウくん X 5
``從者/禮裝數: 785 / 903`
_2024-02-11 19:36:26_
--------
[d4c10e20929a4c973210db1453668b11]
`登入天數: 48天 / 2267天
等級: 20
石頭: 2281
呼符: 79
友情點: +0 / 1854020`
*連続ログイン6日目
※ログインが途切れるか、7日到達すると
1日目から再開されます*
`聖晶石 X 2
2月交換券(2024) X 1
`*「FGO カルデア・サテライトステーション 2023-2024」新潟会場開催記念 3万リポスト達成プレゼント*
*開催期間中、初回ログインで「聖晶石×6」をプレゼント！*
/webview/loginbonus/20240212_7d72su/7d72su_s_01.png
`聖晶石 X 6
`*「FGO カルデア・サテライトステーション 2023-2024」新潟会場開催記念 初回ログインボーナス*
*開催期間中、初回ログインで「聖晶石×10」をプレゼント！*
/webview/loginbonus/20240212_juh97u/juh97u_s_01.png
`聖晶石 X 10
`*日替りログインボーナス*
*開催期間中、1日1回 2週間日替りでログインボーナスをプレゼント！*
/webview/loginbonus/20240212_fc3f11/fc3f11_s_01.png
`聖晶石 X 1
巡霊の葉 X 80
`*バレンタイン2024
開幕直前特別ログインボーナス*
*開催期間中、1日1回 最大7回ログインボーナスをプレゼント！*
/webview/loginbonus/20240207_it9rj5/it9rj5_k_05.png
`英霊結晶・太陽のフォウくん X 5
``從者/禮裝數: 854 / 902`
_2024-02-11 19:36:35_
--------
[f0cc4e7ae2d4b30013f328b2cf7d6063]
`登入天數: 48天 / 2275天
等級: 20
石頭: 1621
呼符: 155
友情點: +0 / 1945585`
*連続ログイン6日目
※ログインが途切れるか、7日到達すると
1日目から再開されます*
`聖晶石 X 2
2月交換券(2024) X 1
`*「FGO カルデア・サテライトステーション 2023-2024」新潟会場開催記念 3万リポスト達成プレゼント*
*開催期間中、初回ログインで「聖晶石×6」をプレゼント！*
/webview/loginbonus/20240212_7d72su/7d72su_s_01.png
`聖晶石 X 6
`*「FGO カルデア・サテライトステーション 2023-2024」新潟会場開催記念 初回ログインボーナス*
*開催期間中、初回ログインで「聖晶石×10」をプレゼント！*
/webview/loginbonus/20240212_juh97u/juh97u_s_01.png
`聖晶石 X 10
`*日替りログインボーナス*
*開催期間中、1日1回 2週間日替りでログインボーナスをプレゼント！*
/webview/loginbonus/20240212_fc3f11/fc3f11_s_01.png
`聖晶石 X 1
巡霊の葉 X 80
`*バレンタイン2024
開幕直前特別ログインボーナス*
*開催期間中、1日1回 最大7回ログインボーナスをプレゼント！*
/webview/loginbonus/20240207_it9rj5/it9rj5_k_05.png
`英霊結晶・太陽のフォウくん X 5
``從者/禮裝數: 847 / 903`
_2024-02-11 19:36:44_
--------
[48a14ba1dd858b92594b71e0ed7d5311]
`登入天數: 48天 / 2265天
等級: 20
石頭: 2716
呼符: 201
友情點: +0 / 1854985`
*連続ログイン6日目
※ログインが途切れるか、7日到達すると
1日目から再開されます*
`聖晶石 X 2
2月交換券(2024) X 1
`*「FGO カルデア・サテライトステーション 2023-2024」新潟会場開催記念 3万リポスト達成プレゼント*
*開催期間中、初回ログインで「聖晶石×6」をプレゼント！*
/webview/loginbonus/20240212_7d72su/7d72su_s_01.png
`聖晶石 X 6
`*「FGO カルデア・サテライトステーション 2023-2024」新潟会場開催記念 初回ログインボーナス*
*開催期間中、初回ログインで「聖晶石×10」をプレゼント！*
/webview/loginbonus/20240212_juh97u/juh97u_s_01.png
`聖晶石 X 10
`*日替りログインボーナス*
*開催期間中、1日1回 2週間日替りでログインボーナスをプレゼント！*
/webview/loginbonus/20240212_fc3f11/fc3f11_s_01.png
`聖晶石 X 1
巡霊の葉 X 80
`*バレンタイン2024
開幕直前特別ログインボーナス*
*開催期間中、1日1回 最大7回ログインボーナスをプレゼント！*
/webview/loginbonus/20240207_it9rj5/it9rj5_k_05.png
`英霊結晶・太陽のフォウくん X 5
``從者/禮裝數: 900 / 889`
_2024-02-11 19:36:53_
--------
