【登入訊息】
[c5ab1b78563b1f9e4ee17ab01234bc5e]
`登入天數: 50天 / 2140天
等級: 92
石頭: 3493
呼符: 200
友情點: +0 / 1983505`
*連続ログイン1日目
※ログインが途切れるか、7日到達すると
1日目から再開されます*
`フレンドポイント X 2000
2月交換券(2024) X 1
`*バレンタイン2024
開幕直前特別ログインボーナス*
*開催期間中、1日1回 最大7回ログインボーナスをプレゼント！*
/webview/loginbonus/20240207_it9rj5/it9rj5_k_07.png
`マナプリズム X 50
`*日替りログインボーナス*
*開催期間中、1日1回 2週間日替りでログインボーナスをプレゼント！*
/webview/loginbonus/20240214_fc3f13/fc3f13_s_01.png
`巡霊の葉 X 30
``從者/禮裝數: 877 / 904`
_2024-02-13 19:35:38_
--------
[d4825e10f75d83bc0cfb33b6768a8634]
`登入天數: 50天 / 2329天
等級: 19
石頭: 3310
呼符: 119
友情點: +560 / 2436580`
*連続ログイン1日目
※ログインが途切れるか、7日到達すると
1日目から再開されます*
`フレンドポイント X 2000
2月交換券(2024) X 1
`*バレンタイン2024
開幕直前特別ログインボーナス*
*開催期間中、1日1回 最大7回ログインボーナスをプレゼント！*
/webview/loginbonus/20240207_it9rj5/it9rj5_k_07.png
`マナプリズム X 50
`*日替りログインボーナス*
*開催期間中、1日1回 2週間日替りでログインボーナスをプレゼント！*
/webview/loginbonus/20240214_fc3f13/fc3f13_s_01.png
`巡霊の葉 X 30
``從者/禮裝數: 863 / 902`
_2024-02-13 19:35:48_
--------
[ff29db15be18f883ffccdf7ab23021a7]
`登入天數: 50天 / 2325天
等級: 18
石頭: 2623
呼符: 94
友情點: +180 / 2168275`
*連続ログイン1日目
※ログインが途切れるか、7日到達すると
1日目から再開されます*
`フレンドポイント X 2000
2月交換券(2024) X 1
`*バレンタイン2024
開幕直前特別ログインボーナス*
*開催期間中、1日1回 最大7回ログインボーナスをプレゼント！*
/webview/loginbonus/20240207_it9rj5/it9rj5_k_07.png
`マナプリズム X 50
`*日替りログインボーナス*
*開催期間中、1日1回 2週間日替りでログインボーナスをプレゼント！*
/webview/loginbonus/20240214_fc3f13/fc3f13_s_01.png
`巡霊の葉 X 30
``從者/禮裝數: 856 / 905`
_2024-02-13 19:35:56_
--------
[cc4787a257e3a46e268001195f780247]
`登入天數: 50天 / 2339天
等級: 18
石頭: 3414
呼符: 204
友情點: +220 / 2274025`
*連続ログイン1日目
※ログインが途切れるか、7日到達すると
1日目から再開されます*
`フレンドポイント X 2000
2月交換券(2024) X 1
`*バレンタイン2024
開幕直前特別ログインボーナス*
*開催期間中、1日1回 最大7回ログインボーナスをプレゼント！*
/webview/loginbonus/20240207_it9rj5/it9rj5_k_07.png
`マナプリズム X 50
`*日替りログインボーナス*
*開催期間中、1日1回 2週間日替りでログインボーナスをプレゼント！*
/webview/loginbonus/20240214_fc3f13/fc3f13_s_01.png
`巡霊の葉 X 30
``從者/禮裝數: 847 / 900`
_2024-02-13 19:36:05_
--------
[3f5599a008981ecf87f2dea9d1d83d6a]
`登入天數: 50天 / 2344天
等級: 18
石頭: 2622
呼符: 94
友情點: +0 / 2082150`
*連続ログイン1日目
※ログインが途切れるか、7日到達すると
1日目から再開されます*
`フレンドポイント X 2000
2月交換券(2024) X 1
`*バレンタイン2024
開幕直前特別ログインボーナス*
*開催期間中、1日1回 最大7回ログインボーナスをプレゼント！*
/webview/loginbonus/20240207_it9rj5/it9rj5_k_07.png
`マナプリズム X 50
`*日替りログインボーナス*
*開催期間中、1日1回 2週間日替りでログインボーナスをプレゼント！*
/webview/loginbonus/20240214_fc3f13/fc3f13_s_01.png
`巡霊の葉 X 30
``從者/禮裝數: 864 / 901`
_2024-02-13 19:36:15_
--------
[0d14e47d83c8b8400ed7555e0192724d]
`登入天數: 50天 / 2264天
等級: 21
石頭: 2278
呼符: 114
友情點: +150 / 2151305`
*連続ログイン1日目
※ログインが途切れるか、7日到達すると
1日目から再開されます*
`フレンドポイント X 2000
2月交換券(2024) X 1
`*バレンタイン2024
開幕直前特別ログインボーナス*
*開催期間中、1日1回 最大7回ログインボーナスをプレゼント！*
/webview/loginbonus/20240207_it9rj5/it9rj5_k_07.png
`マナプリズム X 50
`*日替りログインボーナス*
*開催期間中、1日1回 2週間日替りでログインボーナスをプレゼント！*
/webview/loginbonus/20240214_fc3f13/fc3f13_s_01.png
`巡霊の葉 X 30
``從者/禮裝數: 785 / 903`
_2024-02-13 19:36:24_
--------
[d4c10e20929a4c973210db1453668b11]
`登入天數: 50天 / 2269天
等級: 20
石頭: 2281
呼符: 79
友情點: +0 / 1854020`
*連続ログイン1日目
※ログインが途切れるか、7日到達すると
1日目から再開されます*
`フレンドポイント X 2000
2月交換券(2024) X 1
`*バレンタイン2024
開幕直前特別ログインボーナス*
*開催期間中、1日1回 最大7回ログインボーナスをプレゼント！*
/webview/loginbonus/20240207_it9rj5/it9rj5_k_07.png
`マナプリズム X 50
`*日替りログインボーナス*
*開催期間中、1日1回 2週間日替りでログインボーナスをプレゼント！*
/webview/loginbonus/20240214_fc3f13/fc3f13_s_01.png
`巡霊の葉 X 30
``從者/禮裝數: 854 / 902`
_2024-02-13 19:36:33_
--------
[f0cc4e7ae2d4b30013f328b2cf7d6063]
`登入天數: 50天 / 2277天
等級: 20
石頭: 1621
呼符: 155
友情點: +0 / 1945585`
*連続ログイン1日目
※ログインが途切れるか、7日到達すると
1日目から再開されます*
`フレンドポイント X 2000
2月交換券(2024) X 1
`*バレンタイン2024
開幕直前特別ログインボーナス*
*開催期間中、1日1回 最大7回ログインボーナスをプレゼント！*
/webview/loginbonus/20240207_it9rj5/it9rj5_k_07.png
`マナプリズム X 50
`*日替りログインボーナス*
*開催期間中、1日1回 2週間日替りでログインボーナスをプレゼント！*
/webview/loginbonus/20240214_fc3f13/fc3f13_s_01.png
`巡霊の葉 X 30
``從者/禮裝數: 847 / 903`
_2024-02-13 19:36:42_
--------
[48a14ba1dd858b92594b71e0ed7d5311]
`登入天數: 50天 / 2267天
等級: 20
石頭: 2716
呼符: 201
友情點: +0 / 1854985`
*連続ログイン1日目
※ログインが途切れるか、7日到達すると
1日目から再開されます*
`フレンドポイント X 2000
2月交換券(2024) X 1
`*バレンタイン2024
開幕直前特別ログインボーナス*
*開催期間中、1日1回 最大7回ログインボーナスをプレゼント！*
/webview/loginbonus/20240207_it9rj5/it9rj5_k_07.png
`マナプリズム X 50
`*日替りログインボーナス*
*開催期間中、1日1回 2週間日替りでログインボーナスをプレゼント！*
/webview/loginbonus/20240214_fc3f13/fc3f13_s_01.png
`巡霊の葉 X 30
``從者/禮裝數: 900 / 889`
_2024-02-13 19:36:51_
--------
