【登入訊息】
[c5ab1b78563b1f9e4ee17ab01234bc5e]
`登入天數: 263天 / 1614天
等級: 92
石頭: 2459
呼符: 172
友情點: +0 / 1705505`
*連続ログイン4日目
※ログインが途切れるか、7日到達すると
1日目から再開されます*
`聖晶石 X 1
9月交換券(2022) X 1
`*2600万DL突破記念 特別連続ログインボーナス*
*開催期間中、1日1回 最大7回 連続ログインボーナスをプレゼント！*
/webview/loginbonus/20220901_cmf6j5/cmf6j5_r_01.png
`白銀の果実 X 10
`*2600万DL突破記念 特別回数ログインボーナス*
*開催期間中、1日1回 最大5回 回数ログインボーナスをプレゼント！*
/webview/loginbonus/20220901_ztce8r/ztce8r_k_01.png
`マナプリズム X 200
``從者/禮裝數: 729 / 777`
_2022-08-31 19:39:28_
--------
`友情點數召喚累計2351次

`[d4825e10f75d83bc0cfb33b6768a8634]
`登入天數: 153天 / 1803天
等級: 19
石頭: 2301
呼符: 2
友情點: +360 / 1842600`
*連続ログイン6日目
※ログインが途切れるか、7日到達すると
1日目から再開されます*
`聖晶石 X 2
9月交換券(2022) X 1
`*2600万DL突破記念 特別連続ログインボーナス*
*開催期間中、1日1回 最大7回 連続ログインボーナスをプレゼント！*
/webview/loginbonus/20220901_cmf6j5/cmf6j5_r_01.png
`白銀の果実 X 10
`*2600万DL突破記念 特別回数ログインボーナス*
*開催期間中、1日1回 最大5回 回数ログインボーナスをプレゼント！*
/webview/loginbonus/20220901_ztce8r/ztce8r_k_01.png
`マナプリズム X 200
``從者/禮裝數: 709 / 778`
_2022-08-31 19:39:39_
--------
`友情點數召喚累計1860次

`[ff29db15be18f883ffccdf7ab23021a7]
`登入天數: 153天 / 1799天
等級: 18
石頭: 1676
呼符: 2
友情點: +160 / 1720755`
*連続ログイン6日目
※ログインが途切れるか、7日到達すると
1日目から再開されます*
`聖晶石 X 2
9月交換券(2022) X 1
`*2600万DL突破記念 特別連続ログインボーナス*
*開催期間中、1日1回 最大7回 連続ログインボーナスをプレゼント！*
/webview/loginbonus/20220901_cmf6j5/cmf6j5_r_01.png
`白銀の果実 X 10
`*2600万DL突破記念 特別回数ログインボーナス*
*開催期間中、1日1回 最大5回 回数ログインボーナスをプレゼント！*
/webview/loginbonus/20220901_ztce8r/ztce8r_k_01.png
`マナプリズム X 200
``從者/禮裝數: 736 / 800`
_2022-08-31 19:39:50_
--------
[cc4787a257e3a46e268001195f780247]
`登入天數: 153天 / 1813天
等級: 18
石頭: 2382
呼符: 166
友情點: +120 / 1831110`
*連続ログイン6日目
※ログインが途切れるか、7日到達すると
1日目から再開されます*
`聖晶石 X 2
9月交換券(2022) X 1
`*2600万DL突破記念 特別連続ログインボーナス*
*開催期間中、1日1回 最大7回 連続ログインボーナスをプレゼント！*
/webview/loginbonus/20220901_cmf6j5/cmf6j5_r_01.png
`白銀の果実 X 10
`*2600万DL突破記念 特別回数ログインボーナス*
*開催期間中、1日1回 最大5回 回数ログインボーナスをプレゼント！*
/webview/loginbonus/20220901_ztce8r/ztce8r_k_01.png
`マナプリズム X 200
``從者/禮裝數: 736 / 699`
_2022-08-31 19:39:59_
--------
`友情點數召喚累計1780次

`[3f5599a008981ecf87f2dea9d1d83d6a]
`登入天數: 153天 / 1818天
等級: 18
石頭: 2091
呼符: 2
友情點: +0 / 1804150`
*連続ログイン6日目
※ログインが途切れるか、7日到達すると
1日目から再開されます*
`聖晶石 X 2
9月交換券(2022) X 1
`*2600万DL突破記念 特別連続ログインボーナス*
*開催期間中、1日1回 最大7回 連続ログインボーナスをプレゼント！*
/webview/loginbonus/20220901_cmf6j5/cmf6j5_r_01.png
`白銀の果実 X 10
`*2600万DL突破記念 特別回数ログインボーナス*
*開催期間中、1日1回 最大5回 回数ログインボーナスをプレゼント！*
/webview/loginbonus/20220901_ztce8r/ztce8r_k_01.png
`マナプリズム X 200
``從者/禮裝數: 728 / 797`
_2022-08-31 19:40:09_
--------
`友情點數召喚累計1700次

`[0d14e47d83c8b8400ed7555e0192724d]
`登入天數: 153天 / 1740天
等級: 21
石頭: 1271
呼符: 73
友情點: +280 / 1687430`
*連続ログイン6日目
※ログインが途切れるか、7日到達すると
1日目から再開されます*
`聖晶石 X 2
9月交換券(2022) X 1
`*2600万DL突破記念 特別連続ログインボーナス*
*開催期間中、1日1回 最大7回 連続ログインボーナスをプレゼント！*
/webview/loginbonus/20220901_cmf6j5/cmf6j5_r_01.png
`白銀の果実 X 10
`*2600万DL突破記念 特別回数ログインボーナス*
*開催期間中、1日1回 最大5回 回数ログインボーナスをプレゼント！*
/webview/loginbonus/20220901_ztce8r/ztce8r_k_01.png
`マナプリズム X 200
``從者/禮裝數: 724 / 739`
_2022-08-31 19:40:21_
--------
`友情點數召喚累計1650次

`[d4c10e20929a4c973210db1453668b11]
`登入天數: 153天 / 1746天
等級: 20
石頭: 1504
呼符: 2
友情點: +0 / 1660020`
*連続ログイン6日目
※ログインが途切れるか、7日到達すると
1日目から再開されます*
`聖晶石 X 2
9月交換券(2022) X 1
`*2600万DL突破記念 特別連続ログインボーナス*
*開催期間中、1日1回 最大7回 連続ログインボーナスをプレゼント！*
/webview/loginbonus/20220901_cmf6j5/cmf6j5_r_01.png
`白銀の果実 X 10
`*2600万DL突破記念 特別回数ログインボーナス*
*開催期間中、1日1回 最大5回 回数ログインボーナスをプレゼント！*
/webview/loginbonus/20220901_ztce8r/ztce8r_k_01.png
`マナプリズム X 200
``從者/禮裝數: 735 / 779`
_2022-08-31 19:40:33_
--------
`友情點數召喚累計1610次

`[f0cc4e7ae2d4b30013f328b2cf7d6063]
`登入天數: 153天 / 1755天
等級: 20
石頭: 645
呼符: 53
友情點: +0 / 1663585`
*連続ログイン6日目
※ログインが途切れるか、7日到達すると
1日目から再開されます*
`聖晶石 X 2
9月交換券(2022) X 1
`*2600万DL突破記念 特別連続ログインボーナス*
*開催期間中、1日1回 最大7回 連続ログインボーナスをプレゼント！*
/webview/loginbonus/20220901_cmf6j5/cmf6j5_r_01.png
`白銀の果実 X 10
`*2600万DL突破記念 特別回数ログインボーナス*
*開催期間中、1日1回 最大5回 回数ログインボーナスをプレゼント！*
/webview/loginbonus/20220901_ztce8r/ztce8r_k_01.png
`マナプリズム X 200
``從者/禮裝數: 742 / 753`
_2022-08-31 19:40:44_
--------
`友情點數召喚累計1592次

`[48a14ba1dd858b92594b71e0ed7d5311]
`登入天數: 153天 / 1747天
等級: 20
石頭: 1742
呼符: 113
友情點: +0 / 1572985`
*連続ログイン6日目
※ログインが途切れるか、7日到達すると
1日目から再開されます*
`聖晶石 X 2
9月交換券(2022) X 1
`*2600万DL突破記念 特別連続ログインボーナス*
*開催期間中、1日1回 最大7回 連続ログインボーナスをプレゼント！*
/webview/loginbonus/20220901_cmf6j5/cmf6j5_r_01.png
`白銀の果実 X 10
`*2600万DL突破記念 特別回数ログインボーナス*
*開催期間中、1日1回 最大5回 回数ログインボーナスをプレゼント！*
/webview/loginbonus/20220901_ztce8r/ztce8r_k_01.png
`マナプリズム X 200
``從者/禮裝數: 680 / 764`
_2022-08-31 19:40:55_
--------
`友情點數召喚累計1450次

`