【登入訊息】
[c5ab1b78563b1f9e4ee17ab01234bc5e]
`登入天數: 264天 / 1615天
等級: 92
石頭: 2459
呼符: 172
友情點: +0 / 1705505`
*連続ログイン5日目
※ログインが途切れるか、7日到達すると
1日目から再開されます*
`叡智の業火 X 2
9月交換券(2022) X 1
`*2600万DL突破記念 特別連続ログインボーナス*
*開催期間中、1日1回 最大7回 連続ログインボーナスをプレゼント！*
/webview/loginbonus/20220901_cmf6j5/cmf6j5_r_02.png
`黄金の果実 X 10
`*2600万DL突破記念 特別回数ログインボーナス*
*開催期間中、1日1回 最大5回 回数ログインボーナスをプレゼント！*
/webview/loginbonus/20220901_ztce8r/ztce8r_k_02.png
`英霊結晶・流星のフォウくん X 1
``從者/禮裝數: 732 / 782`
_2022-09-01 19:39:23_
--------
`友情點數召喚累計2361次

`[d4825e10f75d83bc0cfb33b6768a8634]
`登入天數: 154天 / 1804天
等級: 19
石頭: 2301
呼符: 2
友情點: +640 / 1843240`
*連続ログイン7日間到達おめでとうございます！
明日は1日目からリスタートされます。*
`獣の足跡 X 1
呼符 X 1
9月交換券(2022) X 1
`*2600万DL突破記念 特別連続ログインボーナス*
*開催期間中、1日1回 最大7回 連続ログインボーナスをプレゼント！*
/webview/loginbonus/20220901_cmf6j5/cmf6j5_r_02.png
`黄金の果実 X 10
`*2600万DL突破記念 特別回数ログインボーナス*
*開催期間中、1日1回 最大5回 回数ログインボーナスをプレゼント！*
/webview/loginbonus/20220901_ztce8r/ztce8r_k_02.png
`英霊結晶・流星のフォウくん X 1
``從者/禮裝數: 710 / 785`
_2022-09-01 19:39:36_
--------
`友情點數召喚累計1870次

`[ff29db15be18f883ffccdf7ab23021a7]
`登入天數: 154天 / 1800天
等級: 18
石頭: 1676
呼符: 2
友情點: +120 / 1720875`
*連続ログイン7日間到達おめでとうございます！
明日は1日目からリスタートされます。*
`獣の足跡 X 1
呼符 X 1
9月交換券(2022) X 1
`*2600万DL突破記念 特別連続ログインボーナス*
*開催期間中、1日1回 最大7回 連続ログインボーナスをプレゼント！*
/webview/loginbonus/20220901_cmf6j5/cmf6j5_r_02.png
`黄金の果実 X 10
`*2600万DL突破記念 特別回数ログインボーナス*
*開催期間中、1日1回 最大5回 回数ログインボーナスをプレゼント！*
/webview/loginbonus/20220901_ztce8r/ztce8r_k_02.png
`英霊結晶・流星のフォウくん X 1
``從者/禮裝數: 736 / 800`
_2022-09-01 19:39:48_
--------
[cc4787a257e3a46e268001195f780247]
`登入天數: 154天 / 1814天
等級: 18
石頭: 2382
呼符: 166
友情點: +210 / 1831320`
*連続ログイン7日間到達おめでとうございます！
明日は1日目からリスタートされます。*
`獣の足跡 X 1
呼符 X 1
9月交換券(2022) X 1
`*2600万DL突破記念 特別連続ログインボーナス*
*開催期間中、1日1回 最大7回 連続ログインボーナスをプレゼント！*
/webview/loginbonus/20220901_cmf6j5/cmf6j5_r_02.png
`黄金の果実 X 10
`*2600万DL突破記念 特別回数ログインボーナス*
*開催期間中、1日1回 最大5回 回数ログインボーナスをプレゼント！*
/webview/loginbonus/20220901_ztce8r/ztce8r_k_02.png
`英霊結晶・流星のフォウくん X 1
``從者/禮裝數: 742 / 702`
_2022-09-01 19:39:57_
--------
`友情點數召喚累計1790次

`[3f5599a008981ecf87f2dea9d1d83d6a]
`登入天數: 154天 / 1819天
等級: 18
石頭: 2091
呼符: 2
友情點: +0 / 1804150`
*連続ログイン7日間到達おめでとうございます！
明日は1日目からリスタートされます。*
`獣の足跡 X 1
呼符 X 1
9月交換券(2022) X 1
`*2600万DL突破記念 特別連続ログインボーナス*
*開催期間中、1日1回 最大7回 連続ログインボーナスをプレゼント！*
/webview/loginbonus/20220901_cmf6j5/cmf6j5_r_02.png
`黄金の果実 X 10
`*2600万DL突破記念 特別回数ログインボーナス*
*開催期間中、1日1回 最大5回 回数ログインボーナスをプレゼント！*
/webview/loginbonus/20220901_ztce8r/ztce8r_k_02.png
`英霊結晶・流星のフォウくん X 1
``從者/禮裝數: 730 / 802`
_2022-09-01 19:40:08_
--------
[0d14e47d83c8b8400ed7555e0192724d]
`登入天數: 154天 / 1741天
等級: 21
石頭: 1271
呼符: 73
友情點: +230 / 1687660`
*連続ログイン7日間到達おめでとうございます！
明日は1日目からリスタートされます。*
`獣の足跡 X 1
呼符 X 1
9月交換券(2022) X 1
`*2600万DL突破記念 特別連続ログインボーナス*
*開催期間中、1日1回 最大7回 連続ログインボーナスをプレゼント！*
/webview/loginbonus/20220901_cmf6j5/cmf6j5_r_02.png
`黄金の果実 X 10
`*2600万DL突破記念 特別回数ログインボーナス*
*開催期間中、1日1回 最大5回 回数ログインボーナスをプレゼント！*
/webview/loginbonus/20220901_ztce8r/ztce8r_k_02.png
`英霊結晶・流星のフォウくん X 1
``從者/禮裝數: 727 / 744`
_2022-09-01 19:40:17_
--------
`友情點數召喚累計1660次

`[d4c10e20929a4c973210db1453668b11]
`登入天數: 154天 / 1747天
等級: 20
石頭: 1504
呼符: 2
友情點: +0 / 1660020`
*連続ログイン7日間到達おめでとうございます！
明日は1日目からリスタートされます。*
`獣の足跡 X 1
呼符 X 1
9月交換券(2022) X 1
`*2600万DL突破記念 特別連続ログインボーナス*
*開催期間中、1日1回 最大7回 連続ログインボーナスをプレゼント！*
/webview/loginbonus/20220901_cmf6j5/cmf6j5_r_02.png
`黄金の果実 X 10
`*2600万DL突破記念 特別回数ログインボーナス*
*開催期間中、1日1回 最大5回 回数ログインボーナスをプレゼント！*
/webview/loginbonus/20220901_ztce8r/ztce8r_k_02.png
`英霊結晶・流星のフォウくん X 1
``從者/禮裝數: 738 / 785`
_2022-09-01 19:40:29_
--------
`友情點數召喚累計1620次

`[f0cc4e7ae2d4b30013f328b2cf7d6063]
`登入天數: 154天 / 1756天
等級: 20
石頭: 645
呼符: 53
友情點: +0 / 1663585`
*連続ログイン7日間到達おめでとうございます！
明日は1日目からリスタートされます。*
`獣の足跡 X 1
呼符 X 1
9月交換券(2022) X 1
`*2600万DL突破記念 特別連続ログインボーナス*
*開催期間中、1日1回 最大7回 連続ログインボーナスをプレゼント！*
/webview/loginbonus/20220901_cmf6j5/cmf6j5_r_02.png
`黄金の果実 X 10
`*2600万DL突破記念 特別回数ログインボーナス*
*開催期間中、1日1回 最大5回 回数ログインボーナスをプレゼント！*
/webview/loginbonus/20220901_ztce8r/ztce8r_k_02.png
`英霊結晶・流星のフォウくん X 1
``從者/禮裝數: 743 / 756`
_2022-09-01 19:40:40_
--------
`友情點數召喚累計1602次

`[48a14ba1dd858b92594b71e0ed7d5311]
`登入天數: 154天 / 1748天
等級: 20
石頭: 1742
呼符: 113
友情點: +0 / 1572985`
*連続ログイン7日間到達おめでとうございます！
明日は1日目からリスタートされます。*
`獣の足跡 X 1
呼符 X 1
9月交換券(2022) X 1
`*2600万DL突破記念 特別連続ログインボーナス*
*開催期間中、1日1回 最大7回 連続ログインボーナスをプレゼント！*
/webview/loginbonus/20220901_cmf6j5/cmf6j5_r_02.png
`黄金の果実 X 10
`*2600万DL突破記念 特別回数ログインボーナス*
*開催期間中、1日1回 最大5回 回数ログインボーナスをプレゼント！*
/webview/loginbonus/20220901_ztce8r/ztce8r_k_02.png
`英霊結晶・流星のフォウくん X 1
``從者/禮裝數: 684 / 769`
_2022-09-01 19:40:52_
--------
`友情點數召喚累計1460次

`