【登入訊息】
[c5ab1b78563b1f9e4ee17ab01234bc5e]
`登入天數: 265天 / 1616天
等級: 92
石頭: 2459
呼符: 172
友情點: +0 / 1705505`
*連続ログイン6日目
※ログインが途切れるか、7日到達すると
1日目から再開されます*
`聖晶石 X 2
9月交換券(2022) X 1
`*2600万DL突破記念 特別連続ログインボーナス*
*開催期間中、1日1回 最大7回 連続ログインボーナスをプレゼント！*
/webview/loginbonus/20220901_cmf6j5/cmf6j5_r_03.png
`叡智の業火 X 10
`*2600万DL突破記念 特別回数ログインボーナス*
*開催期間中、1日1回 最大5回 回数ログインボーナスをプレゼント！*
/webview/loginbonus/20220901_ztce8r/ztce8r_k_03.png
`英霊結晶・日輪のフォウくん X 1
``從者/禮裝數: 733 / 789`
_2022-09-02 19:39:08_
--------
`友情點數召喚累計2371次

`[d4825e10f75d83bc0cfb33b6768a8634]
`登入天數: 155天 / 1805天
等級: 19
石頭: 2301
呼符: 2
友情點: +200 / 1843440`
*連続ログイン1日目
※ログインが途切れるか、7日到達すると
1日目から再開されます*
`フレンドポイント X 2000
9月交換券(2022) X 1
`*2600万DL突破記念 特別連続ログインボーナス*
*開催期間中、1日1回 最大7回 連続ログインボーナスをプレゼント！*
/webview/loginbonus/20220901_cmf6j5/cmf6j5_r_03.png
`叡智の業火 X 10
`*2600万DL突破記念 特別回数ログインボーナス*
*開催期間中、1日1回 最大5回 回数ログインボーナスをプレゼント！*
/webview/loginbonus/20220901_ztce8r/ztce8r_k_03.png
`英霊結晶・日輪のフォウくん X 1
``從者/禮裝數: 714 / 789`
_2022-09-02 19:39:20_
--------
`友情點數召喚累計1880次

`[ff29db15be18f883ffccdf7ab23021a7]
`登入天數: 155天 / 1801天
等級: 18
石頭: 1676
呼符: 2
友情點: +320 / 1721195`
*連続ログイン1日目
※ログインが途切れるか、7日到達すると
1日目から再開されます*
`フレンドポイント X 2000
9月交換券(2022) X 1
`*2600万DL突破記念 特別連続ログインボーナス*
*開催期間中、1日1回 最大7回 連続ログインボーナスをプレゼント！*
/webview/loginbonus/20220901_cmf6j5/cmf6j5_r_03.png
`叡智の業火 X 10
`*2600万DL突破記念 特別回数ログインボーナス*
*開催期間中、1日1回 最大5回 回数ログインボーナスをプレゼント！*
/webview/loginbonus/20220901_ztce8r/ztce8r_k_03.png
`英霊結晶・日輪のフォウくん X 1
``從者/禮裝數: 736 / 800`
_2022-09-02 19:39:31_
--------
[cc4787a257e3a46e268001195f780247]
`登入天數: 155天 / 1815天
等級: 18
石頭: 2382
呼符: 166
友情點: +190 / 1831510`
*連続ログイン1日目
※ログインが途切れるか、7日到達すると
1日目から再開されます*
`フレンドポイント X 2000
9月交換券(2022) X 1
`*2600万DL突破記念 特別連続ログインボーナス*
*開催期間中、1日1回 最大7回 連続ログインボーナスをプレゼント！*
/webview/loginbonus/20220901_cmf6j5/cmf6j5_r_03.png
`叡智の業火 X 10
`*2600万DL突破記念 特別回数ログインボーナス*
*開催期間中、1日1回 最大5回 回数ログインボーナスをプレゼント！*
/webview/loginbonus/20220901_ztce8r/ztce8r_k_03.png
`英霊結晶・日輪のフォウくん X 1
``從者/禮裝數: 744 / 707`
_2022-09-02 19:39:40_
--------
`友情點數召喚累計1800次

`[3f5599a008981ecf87f2dea9d1d83d6a]
`登入天數: 155天 / 1820天
等級: 18
石頭: 2091
呼符: 2
友情點: +0 / 1804150`
*連続ログイン1日目
※ログインが途切れるか、7日到達すると
1日目から再開されます*
`フレンドポイント X 2000
9月交換券(2022) X 1
`*2600万DL突破記念 特別連続ログインボーナス*
*開催期間中、1日1回 最大7回 連続ログインボーナスをプレゼント！*
/webview/loginbonus/20220901_cmf6j5/cmf6j5_r_03.png
`叡智の業火 X 10
`*2600万DL突破記念 特別回数ログインボーナス*
*開催期間中、1日1回 最大5回 回数ログインボーナスをプレゼント！*
/webview/loginbonus/20220901_ztce8r/ztce8r_k_03.png
`英霊結晶・日輪のフォウくん X 1
``從者/禮裝數: 730 / 802`
_2022-09-02 19:39:51_
--------
[0d14e47d83c8b8400ed7555e0192724d]
`登入天數: 155天 / 1742天
等級: 21
石頭: 1271
呼符: 73
友情點: +190 / 1687850`
*連続ログイン1日目
※ログインが途切れるか、7日到達すると
1日目から再開されます*
`フレンドポイント X 2000
9月交換券(2022) X 1
`*2600万DL突破記念 特別連続ログインボーナス*
*開催期間中、1日1回 最大7回 連続ログインボーナスをプレゼント！*
/webview/loginbonus/20220901_cmf6j5/cmf6j5_r_03.png
`叡智の業火 X 10
`*2600万DL突破記念 特別回数ログインボーナス*
*開催期間中、1日1回 最大5回 回数ログインボーナスをプレゼント！*
/webview/loginbonus/20220901_ztce8r/ztce8r_k_03.png
`英霊結晶・日輪のフォウくん X 1
``從者/禮裝數: 730 / 750`
_2022-09-02 19:39:59_
--------
`友情點數召喚累計1670次

`[d4c10e20929a4c973210db1453668b11]
`登入天數: 155天 / 1748天
等級: 20
石頭: 1504
呼符: 2
友情點: +0 / 1660020`
*連続ログイン1日目
※ログインが途切れるか、7日到達すると
1日目から再開されます*
`フレンドポイント X 2000
9月交換券(2022) X 1
`*2600万DL突破記念 特別連続ログインボーナス*
*開催期間中、1日1回 最大7回 連続ログインボーナスをプレゼント！*
/webview/loginbonus/20220901_cmf6j5/cmf6j5_r_03.png
`叡智の業火 X 10
`*2600万DL突破記念 特別回数ログインボーナス*
*開催期間中、1日1回 最大5回 回数ログインボーナスをプレゼント！*
/webview/loginbonus/20220901_ztce8r/ztce8r_k_03.png
`英霊結晶・日輪のフォウくん X 1
``從者/禮裝數: 743 / 788`
_2022-09-02 19:40:11_
--------
`友情點數召喚累計1630次

`[f0cc4e7ae2d4b30013f328b2cf7d6063]
`登入天數: 155天 / 1757天
等級: 20
石頭: 645
呼符: 53
友情點: +0 / 1663585`
*連続ログイン1日目
※ログインが途切れるか、7日到達すると
1日目から再開されます*
`フレンドポイント X 2000
9月交換券(2022) X 1
`*2600万DL突破記念 特別連続ログインボーナス*
*開催期間中、1日1回 最大7回 連続ログインボーナスをプレゼント！*
/webview/loginbonus/20220901_cmf6j5/cmf6j5_r_03.png
`叡智の業火 X 10
`*2600万DL突破記念 特別回数ログインボーナス*
*開催期間中、1日1回 最大5回 回数ログインボーナスをプレゼント！*
/webview/loginbonus/20220901_ztce8r/ztce8r_k_03.png
`英霊結晶・日輪のフォウくん X 1
``從者/禮裝數: 747 / 760`
_2022-09-02 19:40:22_
--------
`友情點數召喚累計1612次

`[48a14ba1dd858b92594b71e0ed7d5311]
`登入天數: 155天 / 1749天
等級: 20
石頭: 1742
呼符: 113
友情點: +0 / 1572985`
*連続ログイン1日目
※ログインが途切れるか、7日到達すると
1日目から再開されます*
`フレンドポイント X 2000
9月交換券(2022) X 1
`*2600万DL突破記念 特別連続ログインボーナス*
*開催期間中、1日1回 最大7回 連続ログインボーナスをプレゼント！*
/webview/loginbonus/20220901_cmf6j5/cmf6j5_r_03.png
`叡智の業火 X 10
`*2600万DL突破記念 特別回数ログインボーナス*
*開催期間中、1日1回 最大5回 回数ログインボーナスをプレゼント！*
/webview/loginbonus/20220901_ztce8r/ztce8r_k_03.png
`英霊結晶・日輪のフォウくん X 1
``從者/禮裝數: 685 / 776`
_2022-09-02 19:40:34_
--------
`友情點數召喚累計1470次

`