【登入訊息】
[c5ab1b78563b1f9e4ee17ab01234bc5e]
`登入天數: 266天 / 1617天
等級: 92
石頭: 2459
呼符: 172
友情點: +0 / 1705505`
*連続ログイン7日間到達おめでとうございます！
明日は1日目からリスタートされます。*
`獣の足跡 X 1
呼符 X 1
9月交換券(2022) X 1
`*2600万DL突破記念 特別連続ログインボーナス*
*開催期間中、1日1回 最大7回 連続ログインボーナスをプレゼント！*
/webview/loginbonus/20220901_cmf6j5/cmf6j5_r_04.png
`QP X 10000000
`*2600万DL突破記念 特別回数ログインボーナス*
*開催期間中、1日1回 最大5回 回数ログインボーナスをプレゼント！*
/webview/loginbonus/20220901_ztce8r/ztce8r_k_04.png
`レアプリズム X 1
``從者/禮裝數: 733 / 794`
_2022-09-03 19:38:58_
--------
`友情點數召喚累計2381次

`[d4825e10f75d83bc0cfb33b6768a8634]
`登入天數: 156天 / 1806天
等級: 19
石頭: 2301
呼符: 2
友情點: +300 / 1843740`
*連続ログイン2日目
※ログインが途切れるか、7日到達すると
1日目から再開されます*
`聖晶石 X 1
9月交換券(2022) X 1
`*2600万DL突破記念 特別連続ログインボーナス*
*開催期間中、1日1回 最大7回 連続ログインボーナスをプレゼント！*
/webview/loginbonus/20220901_cmf6j5/cmf6j5_r_04.png
`QP X 10000000
`*2600万DL突破記念 特別回数ログインボーナス*
*開催期間中、1日1回 最大5回 回数ログインボーナスをプレゼント！*
/webview/loginbonus/20220901_ztce8r/ztce8r_k_04.png
`レアプリズム X 1
``從者/禮裝數: 718 / 793`
_2022-09-03 19:39:10_
--------
`友情點數召喚累計1890次

`[ff29db15be18f883ffccdf7ab23021a7]
`登入天數: 156天 / 1802天
等級: 18
石頭: 1676
呼符: 2
友情點: +220 / 1722215`
*連続ログイン2日目
※ログインが途切れるか、7日到達すると
1日目から再開されます*
`聖晶石 X 1
9月交換券(2022) X 1
`*2600万DL突破記念 特別連続ログインボーナス*
*開催期間中、1日1回 最大7回 連続ログインボーナスをプレゼント！*
/webview/loginbonus/20220901_cmf6j5/cmf6j5_r_04.png
`QP X 10000000
`*2600万DL突破記念 特別回数ログインボーナス*
*開催期間中、1日1回 最大5回 回数ログインボーナスをプレゼント！*
/webview/loginbonus/20220901_ztce8r/ztce8r_k_04.png
`レアプリズム X 1
``從者/禮裝數: 736 / 800`
_2022-09-03 19:39:21_
--------
[cc4787a257e3a46e268001195f780247]
`登入天數: 156天 / 1816天
等級: 18
石頭: 2382
呼符: 166
友情點: +130 / 1831640`
*連続ログイン2日目
※ログインが途切れるか、7日到達すると
1日目から再開されます*
`聖晶石 X 1
9月交換券(2022) X 1
`*2600万DL突破記念 特別連続ログインボーナス*
*開催期間中、1日1回 最大7回 連続ログインボーナスをプレゼント！*
/webview/loginbonus/20220901_cmf6j5/cmf6j5_r_04.png
`QP X 10000000
`*2600万DL突破記念 特別回数ログインボーナス*
*開催期間中、1日1回 最大5回 回数ログインボーナスをプレゼント！*
/webview/loginbonus/20220901_ztce8r/ztce8r_k_04.png
`レアプリズム X 1
``從者/禮裝數: 747 / 714`
_2022-09-03 19:39:30_
--------
`友情點數召喚累計1810次

`[3f5599a008981ecf87f2dea9d1d83d6a]
`登入天數: 156天 / 1821天
等級: 18
石頭: 2091
呼符: 2
友情點: +0 / 1804150`
*連続ログイン2日目
※ログインが途切れるか、7日到達すると
1日目から再開されます*
`聖晶石 X 1
9月交換券(2022) X 1
`*2600万DL突破記念 特別連続ログインボーナス*
*開催期間中、1日1回 最大7回 連続ログインボーナスをプレゼント！*
/webview/loginbonus/20220901_cmf6j5/cmf6j5_r_04.png
`QP X 10000000
`*2600万DL突破記念 特別回数ログインボーナス*
*開催期間中、1日1回 最大5回 回数ログインボーナスをプレゼント！*
/webview/loginbonus/20220901_ztce8r/ztce8r_k_04.png
`レアプリズム X 1
``從者/禮裝數: 730 / 802`
_2022-09-03 19:39:41_
--------
[0d14e47d83c8b8400ed7555e0192724d]
`登入天數: 156天 / 1743天
等級: 21
石頭: 1271
呼符: 73
友情點: +400 / 1688250`
*連続ログイン2日目
※ログインが途切れるか、7日到達すると
1日目から再開されます*
`聖晶石 X 1
9月交換券(2022) X 1
`*2600万DL突破記念 特別連続ログインボーナス*
*開催期間中、1日1回 最大7回 連続ログインボーナスをプレゼント！*
/webview/loginbonus/20220901_cmf6j5/cmf6j5_r_04.png
`QP X 10000000
`*2600万DL突破記念 特別回数ログインボーナス*
*開催期間中、1日1回 最大5回 回数ログインボーナスをプレゼント！*
/webview/loginbonus/20220901_ztce8r/ztce8r_k_04.png
`レアプリズム X 1
``從者/禮裝數: 733 / 754`
_2022-09-03 19:39:50_
--------
`友情點數召喚累計1680次

`[d4c10e20929a4c973210db1453668b11]
`登入天數: 156天 / 1749天
等級: 20
石頭: 1504
呼符: 2
友情點: +0 / 1660020`
*連続ログイン2日目
※ログインが途切れるか、7日到達すると
1日目から再開されます*
`聖晶石 X 1
9月交換券(2022) X 1
`*2600万DL突破記念 特別連続ログインボーナス*
*開催期間中、1日1回 最大7回 連続ログインボーナスをプレゼント！*
/webview/loginbonus/20220901_cmf6j5/cmf6j5_r_04.png
`QP X 10000000
`*2600万DL突破記念 特別回数ログインボーナス*
*開催期間中、1日1回 最大5回 回数ログインボーナスをプレゼント！*
/webview/loginbonus/20220901_ztce8r/ztce8r_k_04.png
`レアプリズム X 1
``從者/禮裝數: 745 / 793`
_2022-09-03 19:40:02_
--------
`友情點數召喚累計1640次

`[f0cc4e7ae2d4b30013f328b2cf7d6063]
`登入天數: 156天 / 1758天
等級: 20
石頭: 645
呼符: 53
友情點: +0 / 1663585`
*連続ログイン2日目
※ログインが途切れるか、7日到達すると
1日目から再開されます*
`聖晶石 X 1
9月交換券(2022) X 1
`*2600万DL突破記念 特別連続ログインボーナス*
*開催期間中、1日1回 最大7回 連続ログインボーナスをプレゼント！*
/webview/loginbonus/20220901_cmf6j5/cmf6j5_r_04.png
`QP X 10000000
`*2600万DL突破記念 特別回数ログインボーナス*
*開催期間中、1日1回 最大5回 回数ログインボーナスをプレゼント！*
/webview/loginbonus/20220901_ztce8r/ztce8r_k_04.png
`レアプリズム X 1
``從者/禮裝數: 751 / 761`
_2022-09-03 19:40:14_
--------
`友情點數召喚累計1622次

`[48a14ba1dd858b92594b71e0ed7d5311]
`登入天數: 156天 / 1750天
等級: 20
石頭: 1742
呼符: 113
友情點: +0 / 1572985`
*連続ログイン2日目
※ログインが途切れるか、7日到達すると
1日目から再開されます*
`聖晶石 X 1
9月交換券(2022) X 1
`*2600万DL突破記念 特別連続ログインボーナス*
*開催期間中、1日1回 最大7回 連続ログインボーナスをプレゼント！*
/webview/loginbonus/20220901_cmf6j5/cmf6j5_r_04.png
`QP X 10000000
`*2600万DL突破記念 特別回数ログインボーナス*
*開催期間中、1日1回 最大5回 回数ログインボーナスをプレゼント！*
/webview/loginbonus/20220901_ztce8r/ztce8r_k_04.png
`レアプリズム X 1
``從者/禮裝數: 686 / 783`
_2022-09-03 19:40:25_
--------
`友情點數召喚累計1480次

`