【登入訊息】
[c5ab1b78563b1f9e4ee17ab01234bc5e]
`登入天數: 268天 / 1619天
等級: 92
石頭: 2459
呼符: 172
友情點: +0 / 1705505`
*連続ログイン2日目
※ログインが途切れるか、7日到達すると
1日目から再開されます*
`聖晶石 X 1
9月交換券(2022) X 1
`*2600万DL突破記念 特別連続ログインボーナス*
*開催期間中、1日1回 最大7回 連続ログインボーナスをプレゼント！*
/webview/loginbonus/20220901_cmf6j5/cmf6j5_r_06.png
`英霊結晶・太陽のフォウくん X 10
``從者/禮裝數: 738 / 805`
_2022-09-05 19:38:58_
--------
[d4825e10f75d83bc0cfb33b6768a8634]
`登入天數: 158天 / 1808天
等級: 19
石頭: 2301
呼符: 2
友情點: +420 / 1844340`
*連続ログイン4日目
※ログインが途切れるか、7日到達すると
1日目から再開されます*
`聖晶石 X 1
9月交換券(2022) X 1
`*2600万DL突破記念 特別連続ログインボーナス*
*開催期間中、1日1回 最大7回 連続ログインボーナスをプレゼント！*
/webview/loginbonus/20220901_cmf6j5/cmf6j5_r_06.png
`英霊結晶・太陽のフォウくん X 10
``從者/禮裝數: 719 / 801`
_2022-09-05 19:39:07_
--------
[ff29db15be18f883ffccdf7ab23021a7]
`登入天數: 158天 / 1804天
等級: 18
石頭: 1676
呼符: 2
友情點: +270 / 1722615`
*連続ログイン4日目
※ログインが途切れるか、7日到達すると
1日目から再開されます*
`聖晶石 X 1
9月交換券(2022) X 1
`*2600万DL突破記念 特別連続ログインボーナス*
*開催期間中、1日1回 最大7回 連続ログインボーナスをプレゼント！*
/webview/loginbonus/20220901_cmf6j5/cmf6j5_r_06.png
`英霊結晶・太陽のフォウくん X 10
``從者/禮裝數: 736 / 800`
_2022-09-05 19:39:16_
--------
[cc4787a257e3a46e268001195f780247]
`登入天數: 158天 / 1818天
等級: 18
石頭: 2382
呼符: 166
友情點: +220 / 1832010`
*連続ログイン4日目
※ログインが途切れるか、7日到達すると
1日目から再開されます*
`聖晶石 X 1
9月交換券(2022) X 1
`*2600万DL突破記念 特別連続ログインボーナス*
*開催期間中、1日1回 最大7回 連続ログインボーナスをプレゼント！*
/webview/loginbonus/20220901_cmf6j5/cmf6j5_r_06.png
`英霊結晶・太陽のフォウくん X 10
``從者/禮裝數: 749 / 724`
_2022-09-05 19:39:25_
--------
`友情點數召喚累計1830次

`[3f5599a008981ecf87f2dea9d1d83d6a]
`登入天數: 158天 / 1823天
等級: 18
石頭: 2091
呼符: 2
友情點: +0 / 1804150`
*連続ログイン4日目
※ログインが途切れるか、7日到達すると
1日目から再開されます*
`聖晶石 X 1
9月交換券(2022) X 1
`*2600万DL突破記念 特別連続ログインボーナス*
*開催期間中、1日1回 最大7回 連続ログインボーナスをプレゼント！*
/webview/loginbonus/20220901_cmf6j5/cmf6j5_r_06.png
`英霊結晶・太陽のフォウくん X 10
``從者/禮裝數: 730 / 802`
_2022-09-05 19:39:37_
--------
[0d14e47d83c8b8400ed7555e0192724d]
`登入天數: 158天 / 1745天
等級: 21
石頭: 1271
呼符: 73
友情點: +290 / 1688830`
*連続ログイン4日目
※ログインが途切れるか、7日到達すると
1日目から再開されます*
`聖晶石 X 1
9月交換券(2022) X 1
`*2600万DL突破記念 特別連続ログインボーナス*
*開催期間中、1日1回 最大7回 連続ログインボーナスをプレゼント！*
/webview/loginbonus/20220901_cmf6j5/cmf6j5_r_06.png
`英霊結晶・太陽のフォウくん X 10
``從者/禮裝數: 738 / 764`
_2022-09-05 19:39:45_
--------
`友情點數召喚累計1700次

`[d4c10e20929a4c973210db1453668b11]
`登入天數: 158天 / 1751天
等級: 20
石頭: 1504
呼符: 2
友情點: +0 / 1660020`
*連続ログイン4日目
※ログインが途切れるか、7日到達すると
1日目から再開されます*
`聖晶石 X 1
9月交換券(2022) X 1
`*2600万DL突破記念 特別連続ログインボーナス*
*開催期間中、1日1回 最大7回 連続ログインボーナスをプレゼント！*
/webview/loginbonus/20220901_cmf6j5/cmf6j5_r_06.png
`英霊結晶・太陽のフォウくん X 10
``從者/禮裝數: 745 / 801`
_2022-09-05 19:39:57_
--------
[f0cc4e7ae2d4b30013f328b2cf7d6063]
`登入天數: 158天 / 1760天
等級: 20
石頭: 645
呼符: 53
友情點: +0 / 1663585`
*連続ログイン4日目
※ログインが途切れるか、7日到達すると
1日目から再開されます*
`聖晶石 X 1
9月交換券(2022) X 1
`*2600万DL突破記念 特別連続ログインボーナス*
*開催期間中、1日1回 最大7回 連続ログインボーナスをプレゼント！*
/webview/loginbonus/20220901_cmf6j5/cmf6j5_r_06.png
`英霊結晶・太陽のフォウくん X 10
``從者/禮裝數: 756 / 772`
_2022-09-05 19:40:06_
--------
`友情點數召喚累計1642次

`[48a14ba1dd858b92594b71e0ed7d5311]
`登入天數: 158天 / 1752天
等級: 20
石頭: 1742
呼符: 113
友情點: +0 / 1572985`
*連続ログイン4日目
※ログインが途切れるか、7日到達すると
1日目から再開されます*
`聖晶石 X 1
9月交換券(2022) X 1
`*2600万DL突破記念 特別連続ログインボーナス*
*開催期間中、1日1回 最大7回 連続ログインボーナスをプレゼント！*
/webview/loginbonus/20220901_cmf6j5/cmf6j5_r_06.png
`英霊結晶・太陽のフォウくん X 10
``從者/禮裝數: 692 / 792`
_2022-09-05 19:40:18_
--------
`友情點數召喚累計1500次

`