【登入訊息】
[c5ab1b78563b1f9e4ee17ab01234bc5e]
`登入天數: 271天 / 1622天
等級: 92
石頭: 2459
呼符: 172
友情點: +0 / 1705505`
*連続ログイン5日目
※ログインが途切れるか、7日到達すると
1日目から再開されます*
`叡智の業火 X 2
9月交換券(2022) X 1
``從者/禮裝數: 738 / 805`
_2022-09-08 19:41:25_
--------
[d4825e10f75d83bc0cfb33b6768a8634]
`登入天數: 161天 / 1811天
等級: 19
石頭: 2301
呼符: 2
友情點: +180 / 1845200`
*連続ログイン7日間到達おめでとうございます！
明日は1日目からリスタートされます。*
`獣の足跡 X 1
呼符 X 1
9月交換券(2022) X 1
``從者/禮裝數: 719 / 801`
_2022-09-08 19:41:34_
--------
[ff29db15be18f883ffccdf7ab23021a7]
`登入天數: 161天 / 1807天
等級: 18
石頭: 1676
呼符: 2
友情點: +170 / 1723295`
*連続ログイン7日間到達おめでとうございます！
明日は1日目からリスタートされます。*
`獣の足跡 X 1
呼符 X 1
9月交換券(2022) X 1
``從者/禮裝數: 736 / 800`
_2022-09-08 19:41:43_
--------
[cc4787a257e3a46e268001195f780247]
`登入天數: 161天 / 1821天
等級: 18
石頭: 2382
呼符: 166
友情點: +170 / 1832560`
*連続ログイン7日間到達おめでとうございます！
明日は1日目からリスタートされます。*
`獣の足跡 X 1
呼符 X 1
9月交換券(2022) X 1
``從者/禮裝數: 752 / 745`
_2022-09-08 19:41:52_
--------
`友情點數召喚累計1860次

`[3f5599a008981ecf87f2dea9d1d83d6a]
`登入天數: 161天 / 1826天
等級: 18
石頭: 2091
呼符: 2
友情點: +0 / 1804150`
*連続ログイン7日間到達おめでとうございます！
明日は1日目からリスタートされます。*
`獣の足跡 X 1
呼符 X 1
9月交換券(2022) X 1
``從者/禮裝數: 730 / 802`
_2022-09-08 19:42:04_
--------
[0d14e47d83c8b8400ed7555e0192724d]
`登入天數: 161天 / 1748天
等級: 21
石頭: 1271
呼符: 73
友情點: +130 / 1689580`
*連続ログイン7日間到達おめでとうございます！
明日は1日目からリスタートされます。*
`獣の足跡 X 1
呼符 X 1
9月交換券(2022) X 1
``從者/禮裝數: 743 / 781`
_2022-09-08 19:42:13_
--------
`友情點數召喚累計1730次

`[d4c10e20929a4c973210db1453668b11]
`登入天數: 161天 / 1754天
等級: 20
石頭: 1504
呼符: 2
友情點: +0 / 1660020`
*連続ログイン7日間到達おめでとうございます！
明日は1日目からリスタートされます。*
`獣の足跡 X 1
呼符 X 1
9月交換券(2022) X 1
``從者/禮裝數: 745 / 801`
_2022-09-08 19:42:25_
--------
[f0cc4e7ae2d4b30013f328b2cf7d6063]
`登入天數: 161天 / 1763天
等級: 20
石頭: 645
呼符: 53
友情點: +0 / 1663585`
*連続ログイン7日間到達おめでとうございます！
明日は1日目からリスタートされます。*
`獣の足跡 X 1
呼符 X 1
9月交換券(2022) X 1
``從者/禮裝數: 765 / 788`
_2022-09-08 19:42:34_
--------
`友情點數召喚累計1672次

`[48a14ba1dd858b92594b71e0ed7d5311]
`登入天數: 161天 / 1755天
等級: 20
石頭: 1742
呼符: 113
友情點: +0 / 1572985`
*連続ログイン7日間到達おめでとうございます！
明日は1日目からリスタートされます。*
`獣の足跡 X 1
呼符 X 1
9月交換券(2022) X 1
``從者/禮裝數: 700 / 806`
_2022-09-08 19:42:45_
--------
