【登入訊息】
[c5ab1b78563b1f9e4ee17ab01234bc5e]
`登入天數: 272天 / 1623天
等級: 92
石頭: 2459
呼符: 172
友情點: +0 / 1705505`
*連続ログイン6日目
※ログインが途切れるか、7日到達すると
1日目から再開されます*
`聖晶石 X 2
9月交換券(2022) X 1
`*リリース2600日突破キャンペーン 初回ログインボーナス*
*開催期間中、初回ログインで「聖晶石×10」をプレゼント！*
/webview/loginbonus/20220910_njeu9g/njeu9g_s_01.png
`聖晶石 X 10
``從者/禮裝數: 738 / 805`
_2022-09-09 19:41:05_
--------
[d4825e10f75d83bc0cfb33b6768a8634]
`登入天數: 162天 / 1812天
等級: 19
石頭: 2301
呼符: 2
友情點: +140 / 1845340`
*連続ログイン1日目
※ログインが途切れるか、7日到達すると
1日目から再開されます*
`フレンドポイント X 2000
9月交換券(2022) X 1
`*リリース2600日突破キャンペーン 初回ログインボーナス*
*開催期間中、初回ログインで「聖晶石×10」をプレゼント！*
/webview/loginbonus/20220910_njeu9g/njeu9g_s_01.png
`聖晶石 X 10
``從者/禮裝數: 719 / 801`
_2022-09-09 19:41:14_
--------
[ff29db15be18f883ffccdf7ab23021a7]
`登入天數: 162天 / 1808天
等級: 18
石頭: 1676
呼符: 2
友情點: +100 / 1723395`
*連続ログイン1日目
※ログインが途切れるか、7日到達すると
1日目から再開されます*
`フレンドポイント X 2000
9月交換券(2022) X 1
`*リリース2600日突破キャンペーン 初回ログインボーナス*
*開催期間中、初回ログインで「聖晶石×10」をプレゼント！*
/webview/loginbonus/20220910_njeu9g/njeu9g_s_01.png
`聖晶石 X 10
``從者/禮裝數: 736 / 800`
_2022-09-09 19:41:23_
--------
[cc4787a257e3a46e268001195f780247]
`登入天數: 162天 / 1822天
等級: 18
石頭: 2382
呼符: 166
友情點: +30 / 1832590`
*連続ログイン1日目
※ログインが途切れるか、7日到達すると
1日目から再開されます*
`フレンドポイント X 2000
9月交換券(2022) X 1
`*リリース2600日突破キャンペーン 初回ログインボーナス*
*開催期間中、初回ログインで「聖晶石×10」をプレゼント！*
/webview/loginbonus/20220910_njeu9g/njeu9g_s_01.png
`聖晶石 X 10
``從者/禮裝數: 754 / 751`
_2022-09-09 19:41:32_
--------
`友情點數召喚累計1870次

`[3f5599a008981ecf87f2dea9d1d83d6a]
`登入天數: 162天 / 1827天
等級: 18
石頭: 2091
呼符: 2
友情點: +0 / 1804150`
*連続ログイン1日目
※ログインが途切れるか、7日到達すると
1日目から再開されます*
`フレンドポイント X 2000
9月交換券(2022) X 1
`*リリース2600日突破キャンペーン 初回ログインボーナス*
*開催期間中、初回ログインで「聖晶石×10」をプレゼント！*
/webview/loginbonus/20220910_njeu9g/njeu9g_s_01.png
`聖晶石 X 10
``從者/禮裝數: 730 / 802`
_2022-09-09 19:41:43_
--------
[0d14e47d83c8b8400ed7555e0192724d]
`登入天數: 162天 / 1749天
等級: 21
石頭: 1271
呼符: 73
友情點: +40 / 1689620`
*連続ログイン1日目
※ログインが途切れるか、7日到達すると
1日目から再開されます*
`フレンドポイント X 2000
9月交換券(2022) X 1
`*リリース2600日突破キャンペーン 初回ログインボーナス*
*開催期間中、初回ログインで「聖晶石×10」をプレゼント！*
/webview/loginbonus/20220910_njeu9g/njeu9g_s_01.png
`聖晶石 X 10
``從者/禮裝數: 746 / 784`
_2022-09-09 19:41:52_
--------
`友情點數召喚累計1740次

`[d4c10e20929a4c973210db1453668b11]
`登入天數: 162天 / 1755天
等級: 20
石頭: 1504
呼符: 2
友情點: +0 / 1660020`
*連続ログイン1日目
※ログインが途切れるか、7日到達すると
1日目から再開されます*
`フレンドポイント X 2000
9月交換券(2022) X 1
`*リリース2600日突破キャンペーン 初回ログインボーナス*
*開催期間中、初回ログインで「聖晶石×10」をプレゼント！*
/webview/loginbonus/20220910_njeu9g/njeu9g_s_01.png
`聖晶石 X 10
``從者/禮裝數: 745 / 801`
_2022-09-09 19:42:04_
--------
[f0cc4e7ae2d4b30013f328b2cf7d6063]
`登入天數: 162天 / 1764天
等級: 20
石頭: 645
呼符: 53
友情點: +0 / 1663585`
*連続ログイン1日目
※ログインが途切れるか、7日到達すると
1日目から再開されます*
`フレンドポイント X 2000
9月交換券(2022) X 1
`*リリース2600日突破キャンペーン 初回ログインボーナス*
*開催期間中、初回ログインで「聖晶石×10」をプレゼント！*
/webview/loginbonus/20220910_njeu9g/njeu9g_s_01.png
`聖晶石 X 10
``從者/禮裝數: 766 / 795`
_2022-09-09 19:42:13_
--------
`友情點數召喚累計1682次

`[48a14ba1dd858b92594b71e0ed7d5311]
`登入天數: 162天 / 1756天
等級: 20
石頭: 1742
呼符: 113
友情點: +0 / 1572985`
*連続ログイン1日目
※ログインが途切れるか、7日到達すると
1日目から再開されます*
`フレンドポイント X 2000
9月交換券(2022) X 1
`*リリース2600日突破キャンペーン 初回ログインボーナス*
*開催期間中、初回ログインで「聖晶石×10」をプレゼント！*
/webview/loginbonus/20220910_njeu9g/njeu9g_s_01.png
`聖晶石 X 10
``從者/禮裝數: 700 / 806`
_2022-09-09 19:42:24_
--------
