【登入訊息】
[c5ab1b78563b1f9e4ee17ab01234bc5e]
`登入天數: 279天 / 1630天
等級: 92
石頭: 2459
呼符: 172
友情點: +0 / 1705505`
*連続ログイン6日目
※ログインが途切れるか、7日到達すると
1日目から再開されます*
`聖晶石 X 2
9月交換券(2022) X 1
``從者/禮裝數: 738 / 805`
_2022-09-16 19:41:38_
--------
[d4825e10f75d83bc0cfb33b6768a8634]
`登入天數: 169天 / 1819天
等級: 19
石頭: 2301
呼符: 2
友情點: +560 / 1846600`
*連続ログイン1日目
※ログインが途切れるか、7日到達すると
1日目から再開されます*
`フレンドポイント X 2000
9月交換券(2022) X 1
``從者/禮裝數: 719 / 801`
_2022-09-16 19:41:47_
--------
[ff29db15be18f883ffccdf7ab23021a7]
`登入天數: 169天 / 1815天
等級: 18
石頭: 1676
呼符: 2
友情點: +280 / 1724365`
*連続ログイン1日目
※ログインが途切れるか、7日到達すると
1日目から再開されます*
`フレンドポイント X 2000
9月交換券(2022) X 1
``從者/禮裝數: 736 / 800`
_2022-09-16 19:41:56_
--------
[cc4787a257e3a46e268001195f780247]
`登入天數: 169天 / 1829天
等級: 18
石頭: 2382
呼符: 166
友情點: +270 / 1833400`
*連続ログイン1日目
※ログインが途切れるか、7日到達すると
1日目から再開されます*
`フレンドポイント X 2000
9月交換券(2022) X 1
``從者/禮裝數: 771 / 784`
_2022-09-16 19:42:04_
--------
`友情點數召喚累計1940次

`[3f5599a008981ecf87f2dea9d1d83d6a]
`登入天數: 169天 / 1834天
等級: 18
石頭: 2091
呼符: 2
友情點: +0 / 1804150`
*連続ログイン1日目
※ログインが途切れるか、7日到達すると
1日目から再開されます*
`フレンドポイント X 2000
9月交換券(2022) X 1
``從者/禮裝數: 730 / 802`
_2022-09-16 19:42:16_
--------
[0d14e47d83c8b8400ed7555e0192724d]
`登入天數: 169天 / 1756天
等級: 21
石頭: 1271
呼符: 73
友情點: +310 / 1690500`
*連続ログイン1日目
※ログインが途切れるか、7日到達すると
1日目から再開されます*
`フレンドポイント X 2000
9月交換券(2022) X 1
``從者/禮裝數: 752 / 800`
_2022-09-16 19:42:25_
--------
[d4c10e20929a4c973210db1453668b11]
`登入天數: 169天 / 1762天
等級: 20
石頭: 1504
呼符: 2
友情點: +0 / 1660020`
*連続ログイン1日目
※ログインが途切れるか、7日到達すると
1日目から再開されます*
`フレンドポイント X 2000
9月交換券(2022) X 1
``從者/禮裝數: 745 / 801`
_2022-09-16 19:42:34_
--------
[f0cc4e7ae2d4b30013f328b2cf7d6063]
`登入天數: 169天 / 1771天
等級: 20
石頭: 645
呼符: 53
友情點: +0 / 1663585`
*連続ログイン1日目
※ログインが途切れるか、7日到達すると
1日目から再開されます*
`フレンドポイント X 2000
9月交換券(2022) X 1
``從者/禮裝數: 770 / 800`
_2022-09-16 19:42:43_
--------
[48a14ba1dd858b92594b71e0ed7d5311]
`登入天數: 169天 / 1763天
等級: 20
石頭: 1742
呼符: 113
友情點: +0 / 1572985`
*連続ログイン1日目
※ログインが途切れるか、7日到達すると
1日目から再開されます*
`フレンドポイント X 2000
9月交換券(2022) X 1
``從者/禮裝數: 700 / 806`
_2022-09-16 19:42:52_
--------
