【登入訊息】
[c5ab1b78563b1f9e4ee17ab01234bc5e]
`登入天數: 290天 / 1641天
等級: 92
石頭: 2459
呼符: 172
友情點: +0 / 1705505`
*連続ログイン3日目
※ログインが途切れるか、7日到達すると
1日目から再開されます*
`叡智の業火 X 1
9月交換券(2022) X 1
``從者/禮裝數: 738 / 805`
_2022-09-27 19:44:59_
--------
[d4825e10f75d83bc0cfb33b6768a8634]
`登入天數: 180天 / 1830天
等級: 19
石頭: 2301
呼符: 2
友情點: +20 / 1847860`
*連続ログイン5日目
※ログインが途切れるか、7日到達すると
1日目から再開されます*
`叡智の業火 X 2
9月交換券(2022) X 1
``從者/禮裝數: 719 / 801`
_2022-09-27 19:45:07_
--------
[ff29db15be18f883ffccdf7ab23021a7]
`登入天數: 180天 / 1826天
等級: 18
石頭: 1676
呼符: 2
友情點: +50 / 1725105`
*連続ログイン5日目
※ログインが途切れるか、7日到達すると
1日目から再開されます*
`叡智の業火 X 2
9月交換券(2022) X 1
``從者/禮裝數: 736 / 800`
_2022-09-27 19:45:16_
--------
[cc4787a257e3a46e268001195f780247]
`登入天數: 180天 / 1840天
等級: 18
石頭: 2382
呼符: 166
友情點: +20 / 1833990`
*連続ログイン5日目
※ログインが途切れるか、7日到達すると
1日目から再開されます*
`叡智の業火 X 2
9月交換券(2022) X 1
``從者/禮裝數: 781 / 800`
_2022-09-27 19:45:25_
--------
[3f5599a008981ecf87f2dea9d1d83d6a]
`登入天數: 180天 / 1845天
等級: 18
石頭: 2091
呼符: 2
友情點: +0 / 1804150`
*連続ログイン5日目
※ログインが途切れるか、7日到達すると
1日目から再開されます*
`叡智の業火 X 2
9月交換券(2022) X 1
``從者/禮裝數: 730 / 802`
_2022-09-27 19:45:34_
--------
[0d14e47d83c8b8400ed7555e0192724d]
`登入天數: 180天 / 1767天
等級: 21
石頭: 1271
呼符: 73
友情點: +100 / 1691470`
*連続ログイン5日目
※ログインが途切れるか、7日到達すると
1日目から再開されます*
`叡智の業火 X 2
9月交換券(2022) X 1
``從者/禮裝數: 752 / 800`
_2022-09-27 19:45:43_
--------
[d4c10e20929a4c973210db1453668b11]
`登入天數: 180天 / 1773天
等級: 20
石頭: 1504
呼符: 2
友情點: +0 / 1660020`
*連続ログイン5日目
※ログインが途切れるか、7日到達すると
1日目から再開されます*
`叡智の業火 X 2
9月交換券(2022) X 1
``從者/禮裝數: 745 / 801`
_2022-09-27 19:45:52_
--------
[f0cc4e7ae2d4b30013f328b2cf7d6063]
`登入天數: 180天 / 1782天
等級: 20
石頭: 645
呼符: 53
友情點: +0 / 1663585`
*連続ログイン5日目
※ログインが途切れるか、7日到達すると
1日目から再開されます*
`叡智の業火 X 2
9月交換券(2022) X 1
``從者/禮裝數: 770 / 800`
_2022-09-27 19:46:01_
--------
[48a14ba1dd858b92594b71e0ed7d5311]
`登入天數: 180天 / 1774天
等級: 20
石頭: 1742
呼符: 113
友情點: +0 / 1572985`
*連続ログイン5日目
※ログインが途切れるか、7日到達すると
1日目から再開されます*
`叡智の業火 X 2
9月交換券(2022) X 1
``從者/禮裝數: 700 / 806`
_2022-09-27 19:46:10_
--------
