【登入訊息】
[c5ab1b78563b1f9e4ee17ab01234bc5e]
`登入天數: 291天 / 1642天
等級: 92
石頭: 2459
呼符: 172
友情點: +0 / 1705505`
*連続ログイン4日目
※ログインが途切れるか、7日到達すると
1日目から再開されます*
`聖晶石 X 1
9月交換券(2022) X 1
`*Road to 7 [Lostbelt No.5 アトランティス]開催！*
*Road to 7 [Lostbelt No.5 アトランティス]開催！*
/webview/loginbonus/20220928_rt7l51/rt7l51_s_01.png
``*使用期限付コンティニューアイテムプレゼント！*
*開催期間中、初回ログインでコンティニューアイテム「霊脈石×3」をプレゼント！*
/webview/loginbonus/20220928_fhi3sg/fhi3sg_s_01.png
`霊脈石 X 3
``從者/禮裝數: 738 / 805`
_2022-09-28 19:44:16_
--------
[d4825e10f75d83bc0cfb33b6768a8634]
`登入天數: 181天 / 1831天
等級: 19
石頭: 2301
呼符: 2
友情點: +180 / 1848040`
*連続ログイン6日目
※ログインが途切れるか、7日到達すると
1日目から再開されます*
`聖晶石 X 2
9月交換券(2022) X 1
`*Road to 7 [Lostbelt No.5 アトランティス]開催！*
*Road to 7 [Lostbelt No.5 アトランティス]開催！*
/webview/loginbonus/20220928_rt7l51/rt7l51_s_01.png
``*使用期限付コンティニューアイテムプレゼント！*
*開催期間中、初回ログインでコンティニューアイテム「霊脈石×3」をプレゼント！*
/webview/loginbonus/20220928_fhi3sg/fhi3sg_s_01.png
`霊脈石 X 3
``從者/禮裝數: 719 / 801`
_2022-09-28 19:44:25_
--------
[ff29db15be18f883ffccdf7ab23021a7]
`登入天數: 181天 / 1827天
等級: 18
石頭: 1676
呼符: 2
友情點: +90 / 1725195`
*連続ログイン6日目
※ログインが途切れるか、7日到達すると
1日目から再開されます*
`聖晶石 X 2
9月交換券(2022) X 1
`*Road to 7 [Lostbelt No.5 アトランティス]開催！*
*Road to 7 [Lostbelt No.5 アトランティス]開催！*
/webview/loginbonus/20220928_rt7l51/rt7l51_s_01.png
``*使用期限付コンティニューアイテムプレゼント！*
*開催期間中、初回ログインでコンティニューアイテム「霊脈石×3」をプレゼント！*
/webview/loginbonus/20220928_fhi3sg/fhi3sg_s_01.png
`霊脈石 X 3
``從者/禮裝數: 736 / 800`
_2022-09-28 19:44:34_
--------
[cc4787a257e3a46e268001195f780247]
`登入天數: 181天 / 1841天
等級: 18
石頭: 2382
呼符: 166
友情點: +90 / 1834080`
*連続ログイン6日目
※ログインが途切れるか、7日到達すると
1日目から再開されます*
`聖晶石 X 2
9月交換券(2022) X 1
`*Road to 7 [Lostbelt No.5 アトランティス]開催！*
*Road to 7 [Lostbelt No.5 アトランティス]開催！*
/webview/loginbonus/20220928_rt7l51/rt7l51_s_01.png
``*使用期限付コンティニューアイテムプレゼント！*
*開催期間中、初回ログインでコンティニューアイテム「霊脈石×3」をプレゼント！*
/webview/loginbonus/20220928_fhi3sg/fhi3sg_s_01.png
`霊脈石 X 3
``從者/禮裝數: 781 / 800`
_2022-09-28 19:44:43_
--------
[3f5599a008981ecf87f2dea9d1d83d6a]
`登入天數: 181天 / 1846天
等級: 18
石頭: 2091
呼符: 2
友情點: +0 / 1804150`
*連続ログイン6日目
※ログインが途切れるか、7日到達すると
1日目から再開されます*
`聖晶石 X 2
9月交換券(2022) X 1
`*Road to 7 [Lostbelt No.5 アトランティス]開催！*
*Road to 7 [Lostbelt No.5 アトランティス]開催！*
/webview/loginbonus/20220928_rt7l51/rt7l51_s_01.png
``*使用期限付コンティニューアイテムプレゼント！*
*開催期間中、初回ログインでコンティニューアイテム「霊脈石×3」をプレゼント！*
/webview/loginbonus/20220928_fhi3sg/fhi3sg_s_01.png
`霊脈石 X 3
``從者/禮裝數: 730 / 802`
_2022-09-28 19:44:52_
--------
[0d14e47d83c8b8400ed7555e0192724d]
`登入天數: 181天 / 1768天
等級: 21
石頭: 1271
呼符: 73
友情點: +90 / 1691560`
*連続ログイン6日目
※ログインが途切れるか、7日到達すると
1日目から再開されます*
`聖晶石 X 2
9月交換券(2022) X 1
`*Road to 7 [Lostbelt No.5 アトランティス]開催！*
*Road to 7 [Lostbelt No.5 アトランティス]開催！*
/webview/loginbonus/20220928_rt7l51/rt7l51_s_01.png
``*使用期限付コンティニューアイテムプレゼント！*
*開催期間中、初回ログインでコンティニューアイテム「霊脈石×3」をプレゼント！*
/webview/loginbonus/20220928_fhi3sg/fhi3sg_s_01.png
`霊脈石 X 3
``從者/禮裝數: 752 / 800`
_2022-09-28 19:45:00_
--------
[d4c10e20929a4c973210db1453668b11]
`登入天數: 181天 / 1774天
等級: 20
石頭: 1504
呼符: 2
友情點: +0 / 1660020`
*連続ログイン6日目
※ログインが途切れるか、7日到達すると
1日目から再開されます*
`聖晶石 X 2
9月交換券(2022) X 1
`*Road to 7 [Lostbelt No.5 アトランティス]開催！*
*Road to 7 [Lostbelt No.5 アトランティス]開催！*
/webview/loginbonus/20220928_rt7l51/rt7l51_s_01.png
``*使用期限付コンティニューアイテムプレゼント！*
*開催期間中、初回ログインでコンティニューアイテム「霊脈石×3」をプレゼント！*
/webview/loginbonus/20220928_fhi3sg/fhi3sg_s_01.png
`霊脈石 X 3
``從者/禮裝數: 745 / 801`
_2022-09-28 19:45:09_
--------
[f0cc4e7ae2d4b30013f328b2cf7d6063]
`登入天數: 181天 / 1783天
等級: 20
石頭: 645
呼符: 53
友情點: +0 / 1663585`
*連続ログイン6日目
※ログインが途切れるか、7日到達すると
1日目から再開されます*
`聖晶石 X 2
9月交換券(2022) X 1
`*Road to 7 [Lostbelt No.5 アトランティス]開催！*
*Road to 7 [Lostbelt No.5 アトランティス]開催！*
/webview/loginbonus/20220928_rt7l51/rt7l51_s_01.png
``*使用期限付コンティニューアイテムプレゼント！*
*開催期間中、初回ログインでコンティニューアイテム「霊脈石×3」をプレゼント！*
/webview/loginbonus/20220928_fhi3sg/fhi3sg_s_01.png
`霊脈石 X 3
``從者/禮裝數: 770 / 800`
_2022-09-28 19:45:18_
--------
[48a14ba1dd858b92594b71e0ed7d5311]
`登入天數: 181天 / 1775天
等級: 20
石頭: 1742
呼符: 113
友情點: +0 / 1572985`
*連続ログイン6日目
※ログインが途切れるか、7日到達すると
1日目から再開されます*
`聖晶石 X 2
9月交換券(2022) X 1
`*Road to 7 [Lostbelt No.5 アトランティス]開催！*
*Road to 7 [Lostbelt No.5 アトランティス]開催！*
/webview/loginbonus/20220928_rt7l51/rt7l51_s_01.png
``*使用期限付コンティニューアイテムプレゼント！*
*開催期間中、初回ログインでコンティニューアイテム「霊脈石×3」をプレゼント！*
/webview/loginbonus/20220928_fhi3sg/fhi3sg_s_01.png
`霊脈石 X 3
``從者/禮裝數: 700 / 806`
_2022-09-28 19:45:27_
--------
