【登入訊息】
[c5ab1b78563b1f9e4ee17ab01234bc5e]
`登入天數: 142天 / 1493天
等級: 92
石頭: 2033
呼符: 170
友情點: +0 / 1569145`
*連続ログイン2日目
※ログインが途切れるか、7日到達すると
1日目から再開されます*
`聖晶石 X 1
5月交換券(2022) X 1
``從者/禮裝數: 701 / 689`
_2022-05-02 19:35:50_
--------
[d4825e10f75d83bc0cfb33b6768a8634]
`登入天數: 32天 / 1682天
等級: 19
石頭: 1974
呼符: 11
友情點: +0 / 1704430`
*連続ログイン4日目
※ログインが途切れるか、7日到達すると
1日目から再開されます*
`聖晶石 X 1
5月交換券(2022) X 1
``從者/禮裝數: 605 / 701`
_2022-05-02 19:35:59_
--------
[ff29db15be18f883ffccdf7ab23021a7]
`登入天數: 32天 / 1678天
等級: 18
石頭: 1320
呼符: 41
友情點: +0 / 1580310`
*連続ログイン4日目
※ログインが途切れるか、7日到達すると
1日目から再開されます*
`聖晶石 X 1
5月交換券(2022) X 1
``從者/禮裝數: 695 / 701`
_2022-05-02 19:36:07_
--------
[cc4787a257e3a46e268001195f780247]
`登入天數: 32天 / 1692天
等級: 18
石頭: 1962
呼符: 144
友情點: +0 / 1690920`
*連続ログイン4日目
※ログインが途切れるか、7日到達すると
1日目から再開されます*
`聖晶石 X 1
5月交換券(2022) X 1
``從者/禮裝數: 672 / 705`
_2022-05-02 19:36:16_
--------
[3f5599a008981ecf87f2dea9d1d83d6a]
`登入天數: 32天 / 1697天
等級: 18
石頭: 2245
呼符: 38
友情點: +0 / 1667775`
*連続ログイン4日目
※ログインが途切れるか、7日到達すると
1日目から再開されます*
`聖晶石 X 1
5月交換券(2022) X 1
``從者/禮裝數: 575 / 702`
_2022-05-02 19:36:25_
--------
[0d14e47d83c8b8400ed7555e0192724d]
`登入天數: 32天 / 1619天
等級: 20
石頭: 824
呼符: 40
友情點: +0 / 1548620`
*連続ログイン4日目
※ログインが途切れるか、7日到達すると
1日目から再開されます*
`聖晶石 X 1
5月交換券(2022) X 1
``從者/禮裝數: 630 / 703`
_2022-05-02 19:36:34_
--------
[d4c10e20929a4c973210db1453668b11]
`登入天數: 32天 / 1625天
等級: 19
石頭: 2018
呼符: 35
友情點: +0 / 1525745`
*連続ログイン4日目
※ログインが途切れるか、7日到達すると
1日目から再開されます*
`聖晶石 X 1
5月交換券(2022) X 1
``從者/禮裝數: 647 / 667`
_2022-05-02 19:36:42_
--------
`友情點數召喚累計1100次

`[f0cc4e7ae2d4b30013f328b2cf7d6063]
`登入天數: 32天 / 1634天
等級: 20
石頭: 228
呼符: 35
友情點: +0 / 1529320`
*連続ログイン4日目
※ログインが途切れるか、7日到達すると
1日目から再開されます*
`聖晶石 X 1
5月交換券(2022) X 1
``從者/禮裝數: 606 / 702`
_2022-05-02 19:36:54_
--------
[48a14ba1dd858b92594b71e0ed7d5311]
`登入天數: 32天 / 1626天
等級: 20
石頭: 1331
呼符: 59
友情點: +0 / 1438640`
*連続ログイン4日目
※ログインが途切れるか、7日到達すると
1日目から再開されます*
`聖晶石 X 1
5月交換券(2022) X 1
``從者/禮裝數: 680 / 705`
_2022-05-02 19:37:03_
--------
