【登入訊息】
[c5ab1b78563b1f9e4ee17ab01234bc5e]
`登入天數: 151天 / 1502天
等級: 92
石頭: 2033
呼符: 170
友情點: +0 / 1569145`
`從者/禮裝數: 701 / 689`
_2022-05-12 10:01:18_
--------
[d4825e10f75d83bc0cfb33b6768a8634]
`登入天數: 41天 / 1691天
等級: 19
石頭: 2055
呼符: 21
友情點: +0 / 1714430`
`從者/禮裝數: 605 / 701`
_2022-05-12 10:01:26_
--------
[ff29db15be18f883ffccdf7ab23021a7]
`登入天數: 41天 / 1687天
等級: 18
石頭: 1320
呼符: 41
友情點: +0 / 1580370`
`從者/禮裝數: 695 / 701`
_2022-05-12 10:01:35_
--------
[cc4787a257e3a46e268001195f780247]
`登入天數: 41天 / 1701天
等級: 18
石頭: 1962
呼符: 144
友情點: +0 / 1690990`
*連続ログイン6日目
※ログインが途切れるか、7日到達すると
1日目から再開されます*
`聖晶石 X 2
5月交換券(2022) X 1
`*2500万DL突破記念 ★4(SR)サーヴァント交換券プレゼント*
*開催期間中、初回ログインで「2500万DL記念チケット〔サーヴァント〕」をプレゼント！*
/webview/loginbonus/20220511_ga3tpo/ga3tpo_s_01.png
`2500万DL記念チケット〔サーヴァント〕 X 1
`*2500万DL突破記念 ★4(SR)概念礼装交換券プレゼント*
*開催期間中、初回ログインで「2500万DL記念チケット〔概念礼装〕」をプレゼント！*
/webview/loginbonus/20220511_zry5yj/zry5yj_s_01.png
`2500万DL記念チケット〔概念礼装〕 X 1
`*2500万DL突破記念 APをAP回復アイテムに変換できるアイテムプレゼント！*
*開催期間中、初回ログインでAPをAP回復アイテムに変換できるアイテム「青銅の苗木×3」をプレゼント！*
/webview/loginbonus/20220511_zow6jc/zow6jc_s_01.png
`青銅の苗木 X 3
`*2500万DL突破記念 特別連続ログインボーナス*
*開催期間中、1日1回 最大7回 連続ログインボーナスをプレゼント！*
/webview/loginbonus/20220512_z4a0pd/z4a0pd_r_01.png
`叡智の業火 X 10
`*2500万DL突破記念 特別回数ログインボーナス*
*開催期間中、1日1回 最大5回 回数ログインボーナスをプレゼント！*
/webview/loginbonus/20220512_zud8la/zud8la_k_01.png
`マナプリズム X 200
``從者/禮裝數: 672 / 705`
_2022-05-12 10:01:43_
--------
[3f5599a008981ecf87f2dea9d1d83d6a]
`登入天數: 41天 / 1706天
等級: 18
石頭: 2245
呼符: 38
友情點: +0 / 1667775`
*連続ログイン6日目
※ログインが途切れるか、7日到達すると
1日目から再開されます*
`聖晶石 X 2
5月交換券(2022) X 1
`*2500万DL突破記念 ★4(SR)サーヴァント交換券プレゼント*
*開催期間中、初回ログインで「2500万DL記念チケット〔サーヴァント〕」をプレゼント！*
/webview/loginbonus/20220511_ga3tpo/ga3tpo_s_01.png
`2500万DL記念チケット〔サーヴァント〕 X 1
`*2500万DL突破記念 ★4(SR)概念礼装交換券プレゼント*
*開催期間中、初回ログインで「2500万DL記念チケット〔概念礼装〕」をプレゼント！*
/webview/loginbonus/20220511_zry5yj/zry5yj_s_01.png
`2500万DL記念チケット〔概念礼装〕 X 1
`*2500万DL突破記念 APをAP回復アイテムに変換できるアイテムプレゼント！*
*開催期間中、初回ログインでAPをAP回復アイテムに変換できるアイテム「青銅の苗木×3」をプレゼント！*
/webview/loginbonus/20220511_zow6jc/zow6jc_s_01.png
`青銅の苗木 X 3
`*2500万DL突破記念 特別連続ログインボーナス*
*開催期間中、1日1回 最大7回 連続ログインボーナスをプレゼント！*
/webview/loginbonus/20220512_z4a0pd/z4a0pd_r_01.png
`叡智の業火 X 10
`*2500万DL突破記念 特別回数ログインボーナス*
*開催期間中、1日1回 最大5回 回数ログインボーナスをプレゼント！*
/webview/loginbonus/20220512_zud8la/zud8la_k_01.png
`マナプリズム X 200
``從者/禮裝數: 575 / 702`
_2022-05-12 10:01:52_
--------
[0d14e47d83c8b8400ed7555e0192724d]
`登入天數: 41天 / 1628天
等級: 20
石頭: 824
呼符: 40
友情點: +0 / 1548660`
*連続ログイン6日目
※ログインが途切れるか、7日到達すると
1日目から再開されます*
`聖晶石 X 2
5月交換券(2022) X 1
`*2500万DL突破記念 ★4(SR)サーヴァント交換券プレゼント*
*開催期間中、初回ログインで「2500万DL記念チケット〔サーヴァント〕」をプレゼント！*
/webview/loginbonus/20220511_ga3tpo/ga3tpo_s_01.png
`2500万DL記念チケット〔サーヴァント〕 X 1
`*2500万DL突破記念 ★4(SR)概念礼装交換券プレゼント*
*開催期間中、初回ログインで「2500万DL記念チケット〔概念礼装〕」をプレゼント！*
/webview/loginbonus/20220511_zry5yj/zry5yj_s_01.png
`2500万DL記念チケット〔概念礼装〕 X 1
`*2500万DL突破記念 APをAP回復アイテムに変換できるアイテムプレゼント！*
*開催期間中、初回ログインでAPをAP回復アイテムに変換できるアイテム「青銅の苗木×3」をプレゼント！*
/webview/loginbonus/20220511_zow6jc/zow6jc_s_01.png
`青銅の苗木 X 3
`*2500万DL突破記念 特別連続ログインボーナス*
*開催期間中、1日1回 最大7回 連続ログインボーナスをプレゼント！*
/webview/loginbonus/20220512_z4a0pd/z4a0pd_r_01.png
`叡智の業火 X 10
`*2500万DL突破記念 特別回数ログインボーナス*
*開催期間中、1日1回 最大5回 回数ログインボーナスをプレゼント！*
/webview/loginbonus/20220512_zud8la/zud8la_k_01.png
`マナプリズム X 200
``從者/禮裝數: 630 / 703`
_2022-05-12 10:02:01_
--------
[d4c10e20929a4c973210db1453668b11]
`登入天數: 41天 / 1634天
等級: 19
石頭: 2018
呼符: 35
友情點: +0 / 1525745`
*連続ログイン6日目
※ログインが途切れるか、7日到達すると
1日目から再開されます*
`聖晶石 X 2
5月交換券(2022) X 1
`*2500万DL突破記念 ★4(SR)サーヴァント交換券プレゼント*
*開催期間中、初回ログインで「2500万DL記念チケット〔サーヴァント〕」をプレゼント！*
/webview/loginbonus/20220511_ga3tpo/ga3tpo_s_01.png
`2500万DL記念チケット〔サーヴァント〕 X 1
`*2500万DL突破記念 ★4(SR)概念礼装交換券プレゼント*
*開催期間中、初回ログインで「2500万DL記念チケット〔概念礼装〕」をプレゼント！*
/webview/loginbonus/20220511_zry5yj/zry5yj_s_01.png
`2500万DL記念チケット〔概念礼装〕 X 1
`*2500万DL突破記念 APをAP回復アイテムに変換できるアイテムプレゼント！*
*開催期間中、初回ログインでAPをAP回復アイテムに変換できるアイテム「青銅の苗木×3」をプレゼント！*
/webview/loginbonus/20220511_zow6jc/zow6jc_s_01.png
`青銅の苗木 X 3
`*2500万DL突破記念 特別連続ログインボーナス*
*開催期間中、1日1回 最大7回 連続ログインボーナスをプレゼント！*
/webview/loginbonus/20220512_z4a0pd/z4a0pd_r_01.png
`叡智の業火 X 10
`*2500万DL突破記念 特別回数ログインボーナス*
*開催期間中、1日1回 最大5回 回数ログインボーナスをプレゼント！*
/webview/loginbonus/20220512_zud8la/zud8la_k_01.png
`マナプリズム X 200
``從者/禮裝數: 671 / 700`
_2022-05-12 10:02:11_
--------
[f0cc4e7ae2d4b30013f328b2cf7d6063]
`登入天數: 41天 / 1643天
等級: 20
石頭: 228
呼符: 35
友情點: +0 / 1529320`
*連続ログイン6日目
※ログインが途切れるか、7日到達すると
1日目から再開されます*
`聖晶石 X 2
5月交換券(2022) X 1
`*2500万DL突破記念 ★4(SR)サーヴァント交換券プレゼント*
*開催期間中、初回ログインで「2500万DL記念チケット〔サーヴァント〕」をプレゼント！*
/webview/loginbonus/20220511_ga3tpo/ga3tpo_s_01.png
`2500万DL記念チケット〔サーヴァント〕 X 1
`*2500万DL突破記念 ★4(SR)概念礼装交換券プレゼント*
*開催期間中、初回ログインで「2500万DL記念チケット〔概念礼装〕」をプレゼント！*
/webview/loginbonus/20220511_zry5yj/zry5yj_s_01.png
`2500万DL記念チケット〔概念礼装〕 X 1
`*2500万DL突破記念 APをAP回復アイテムに変換できるアイテムプレゼント！*
*開催期間中、初回ログインでAPをAP回復アイテムに変換できるアイテム「青銅の苗木×3」をプレゼント！*
/webview/loginbonus/20220511_zow6jc/zow6jc_s_01.png
`青銅の苗木 X 3
`*2500万DL突破記念 特別連続ログインボーナス*
*開催期間中、1日1回 最大7回 連続ログインボーナスをプレゼント！*
/webview/loginbonus/20220512_z4a0pd/z4a0pd_r_01.png
`叡智の業火 X 10
`*2500万DL突破記念 特別回数ログインボーナス*
*開催期間中、1日1回 最大5回 回数ログインボーナスをプレゼント！*
/webview/loginbonus/20220512_zud8la/zud8la_k_01.png
`マナプリズム X 200
``從者/禮裝數: 606 / 702`
_2022-05-12 10:02:20_
--------
[48a14ba1dd858b92594b71e0ed7d5311]
`登入天數: 41天 / 1635天
等級: 20
石頭: 1331
呼符: 59
友情點: +0 / 1438640`
*連続ログイン6日目
※ログインが途切れるか、7日到達すると
1日目から再開されます*
`聖晶石 X 2
5月交換券(2022) X 1
`*2500万DL突破記念 ★4(SR)サーヴァント交換券プレゼント*
*開催期間中、初回ログインで「2500万DL記念チケット〔サーヴァント〕」をプレゼント！*
/webview/loginbonus/20220511_ga3tpo/ga3tpo_s_01.png
`2500万DL記念チケット〔サーヴァント〕 X 1
`*2500万DL突破記念 ★4(SR)概念礼装交換券プレゼント*
*開催期間中、初回ログインで「2500万DL記念チケット〔概念礼装〕」をプレゼント！*
/webview/loginbonus/20220511_zry5yj/zry5yj_s_01.png
`2500万DL記念チケット〔概念礼装〕 X 1
`*2500万DL突破記念 APをAP回復アイテムに変換できるアイテムプレゼント！*
*開催期間中、初回ログインでAPをAP回復アイテムに変換できるアイテム「青銅の苗木×3」をプレゼント！*
/webview/loginbonus/20220511_zow6jc/zow6jc_s_01.png
`青銅の苗木 X 3
`*2500万DL突破記念 特別連続ログインボーナス*
*開催期間中、1日1回 最大7回 連続ログインボーナスをプレゼント！*
/webview/loginbonus/20220512_z4a0pd/z4a0pd_r_01.png
`叡智の業火 X 10
`*2500万DL突破記念 特別回数ログインボーナス*
*開催期間中、1日1回 最大5回 回数ログインボーナスをプレゼント！*
/webview/loginbonus/20220512_zud8la/zud8la_k_01.png
`マナプリズム X 200
``從者/禮裝數: 680 / 705`
_2022-05-12 10:02:29_
--------
