【登入訊息】
[c5ab1b78563b1f9e4ee17ab01234bc5e]
`登入天數: 153天 / 1504天
等級: 92
石頭: 2033
呼符: 170
友情點: +0 / 1569145`
*連続ログイン6日目
※ログインが途切れるか、7日到達すると
1日目から再開されます*
`聖晶石 X 2
5月交換券(2022) X 1
`*2500万DL突破記念 特別連続ログインボーナス*
*開催期間中、1日1回 最大7回 連続ログインボーナスをプレゼント！*
/webview/loginbonus/20220512_z4a0pd/z4a0pd_r_03.png
`QP X 10000000
`*2500万DL突破記念 特別回数ログインボーナス*
*開催期間中、1日1回 最大5回 回数ログインボーナスをプレゼント！*
/webview/loginbonus/20220512_zud8la/zud8la_k_03.png
`英霊結晶・日輪のフォウくん X 1
`*2500万DL突破記念 10万リツイート達成プレゼント*
*開催期間中、初回ログインで「聖晶石×30」をプレゼント！*
/webview/loginbonus/20220513_shru9o/shru9o_s_01.png
`聖晶石 X 30
``從者/禮裝數: 701 / 689`
_2022-05-13 19:35:45_
--------
[d4825e10f75d83bc0cfb33b6768a8634]
`登入天數: 43天 / 1693天
等級: 19
石頭: 2085
呼符: 27
友情點: +0 / 1714430`
*連続ログイン1日目
※ログインが途切れるか、7日到達すると
1日目から再開されます*
`フレンドポイント X 2000
5月交換券(2022) X 1
`*2500万DL突破記念 特別連続ログインボーナス*
*開催期間中、1日1回 最大7回 連続ログインボーナスをプレゼント！*
/webview/loginbonus/20220512_z4a0pd/z4a0pd_r_03.png
`QP X 10000000
`*2500万DL突破記念 特別回数ログインボーナス*
*開催期間中、1日1回 最大5回 回数ログインボーナスをプレゼント！*
/webview/loginbonus/20220512_zud8la/zud8la_k_03.png
`英霊結晶・日輪のフォウくん X 1
``從者/禮裝數: 591 / 566`
_2022-05-13 19:35:55_
--------
`友情點數召喚累計980次

`[ff29db15be18f883ffccdf7ab23021a7]
`登入天數: 43天 / 1689天
等級: 18
石頭: 1320
呼符: 41
友情點: +0 / 1580370`
*連続ログイン1日目
※ログインが途切れるか、7日到達すると
1日目から再開されます*
`フレンドポイント X 2000
5月交換券(2022) X 1
`*2500万DL突破記念 特別連続ログインボーナス*
*開催期間中、1日1回 最大7回 連続ログインボーナスをプレゼント！*
/webview/loginbonus/20220512_z4a0pd/z4a0pd_r_03.png
`QP X 10000000
`*2500万DL突破記念 特別回数ログインボーナス*
*開催期間中、1日1回 最大5回 回数ログインボーナスをプレゼント！*
/webview/loginbonus/20220512_zud8la/zud8la_k_03.png
`英霊結晶・日輪のフォウくん X 1
`*2500万DL突破記念 10万リツイート達成プレゼント*
*開催期間中、初回ログインで「聖晶石×30」をプレゼント！*
/webview/loginbonus/20220513_shru9o/shru9o_s_01.png
`聖晶石 X 30
``從者/禮裝數: 695 / 701`
_2022-05-13 19:36:08_
--------
[cc4787a257e3a46e268001195f780247]
`登入天數: 43天 / 1703天
等級: 18
石頭: 1962
呼符: 144
友情點: +0 / 1690990`
*連続ログイン1日目
※ログインが途切れるか、7日到達すると
1日目から再開されます*
`フレンドポイント X 2000
5月交換券(2022) X 1
`*2500万DL突破記念 特別連続ログインボーナス*
*開催期間中、1日1回 最大7回 連続ログインボーナスをプレゼント！*
/webview/loginbonus/20220512_z4a0pd/z4a0pd_r_03.png
`QP X 10000000
`*2500万DL突破記念 特別回数ログインボーナス*
*開催期間中、1日1回 最大5回 回数ログインボーナスをプレゼント！*
/webview/loginbonus/20220512_zud8la/zud8la_k_03.png
`英霊結晶・日輪のフォウくん X 1
`*2500万DL突破記念 10万リツイート達成プレゼント*
*開催期間中、初回ログインで「聖晶石×30」をプレゼント！*
/webview/loginbonus/20220513_shru9o/shru9o_s_01.png
`聖晶石 X 30
``從者/禮裝數: 672 / 705`
_2022-05-13 19:36:18_
--------
[3f5599a008981ecf87f2dea9d1d83d6a]
`登入天數: 43天 / 1708天
等級: 18
石頭: 2245
呼符: 38
友情點: +0 / 1667775`
*連続ログイン1日目
※ログインが途切れるか、7日到達すると
1日目から再開されます*
`フレンドポイント X 2000
5月交換券(2022) X 1
`*2500万DL突破記念 特別連続ログインボーナス*
*開催期間中、1日1回 最大7回 連続ログインボーナスをプレゼント！*
/webview/loginbonus/20220512_z4a0pd/z4a0pd_r_03.png
`QP X 10000000
`*2500万DL突破記念 特別回数ログインボーナス*
*開催期間中、1日1回 最大5回 回数ログインボーナスをプレゼント！*
/webview/loginbonus/20220512_zud8la/zud8la_k_03.png
`英霊結晶・日輪のフォウくん X 1
`*2500万DL突破記念 10万リツイート達成プレゼント*
*開催期間中、初回ログインで「聖晶石×30」をプレゼント！*
/webview/loginbonus/20220513_shru9o/shru9o_s_01.png
`聖晶石 X 30
``從者/禮裝數: 575 / 702`
_2022-05-13 19:36:28_
--------
[0d14e47d83c8b8400ed7555e0192724d]
`登入天數: 43天 / 1630天
等級: 20
石頭: 824
呼符: 40
友情點: +0 / 1548660`
*連続ログイン1日目
※ログインが途切れるか、7日到達すると
1日目から再開されます*
`フレンドポイント X 2000
5月交換券(2022) X 1
`*2500万DL突破記念 特別連続ログインボーナス*
*開催期間中、1日1回 最大7回 連続ログインボーナスをプレゼント！*
/webview/loginbonus/20220512_z4a0pd/z4a0pd_r_03.png
`QP X 10000000
`*2500万DL突破記念 特別回数ログインボーナス*
*開催期間中、1日1回 最大5回 回数ログインボーナスをプレゼント！*
/webview/loginbonus/20220512_zud8la/zud8la_k_03.png
`英霊結晶・日輪のフォウくん X 1
`*2500万DL突破記念 10万リツイート達成プレゼント*
*開催期間中、初回ログインで「聖晶石×30」をプレゼント！*
/webview/loginbonus/20220513_shru9o/shru9o_s_01.png
`聖晶石 X 30
``從者/禮裝數: 630 / 703`
_2022-05-13 19:36:38_
--------
[d4c10e20929a4c973210db1453668b11]
`登入天數: 43天 / 1636天
等級: 19
石頭: 2018
呼符: 35
友情點: +0 / 1525745`
*連続ログイン1日目
※ログインが途切れるか、7日到達すると
1日目から再開されます*
`フレンドポイント X 2000
5月交換券(2022) X 1
`*2500万DL突破記念 特別連続ログインボーナス*
*開催期間中、1日1回 最大7回 連続ログインボーナスをプレゼント！*
/webview/loginbonus/20220512_z4a0pd/z4a0pd_r_03.png
`QP X 10000000
`*2500万DL突破記念 特別回数ログインボーナス*
*開催期間中、1日1回 最大5回 回数ログインボーナスをプレゼント！*
/webview/loginbonus/20220512_zud8la/zud8la_k_03.png
`英霊結晶・日輪のフォウくん X 1
`*2500万DL突破記念 10万リツイート達成プレゼント*
*開催期間中、初回ログインで「聖晶石×30」をプレゼント！*
/webview/loginbonus/20220513_shru9o/shru9o_s_01.png
`聖晶石 X 30
``從者/禮裝數: 671 / 700`
_2022-05-13 19:36:48_
--------
[f0cc4e7ae2d4b30013f328b2cf7d6063]
`登入天數: 43天 / 1645天
等級: 20
石頭: 228
呼符: 35
友情點: +0 / 1529320`
*連続ログイン1日目
※ログインが途切れるか、7日到達すると
1日目から再開されます*
`フレンドポイント X 2000
5月交換券(2022) X 1
`*2500万DL突破記念 特別連続ログインボーナス*
*開催期間中、1日1回 最大7回 連続ログインボーナスをプレゼント！*
/webview/loginbonus/20220512_z4a0pd/z4a0pd_r_03.png
`QP X 10000000
`*2500万DL突破記念 特別回数ログインボーナス*
*開催期間中、1日1回 最大5回 回数ログインボーナスをプレゼント！*
/webview/loginbonus/20220512_zud8la/zud8la_k_03.png
`英霊結晶・日輪のフォウくん X 1
`*2500万DL突破記念 10万リツイート達成プレゼント*
*開催期間中、初回ログインで「聖晶石×30」をプレゼント！*
/webview/loginbonus/20220513_shru9o/shru9o_s_01.png
`聖晶石 X 30
``從者/禮裝數: 606 / 702`
_2022-05-13 19:36:56_
--------
[48a14ba1dd858b92594b71e0ed7d5311]
`登入天數: 43天 / 1637天
等級: 20
石頭: 1331
呼符: 59
友情點: +0 / 1438640`
*連続ログイン1日目
※ログインが途切れるか、7日到達すると
1日目から再開されます*
`フレンドポイント X 2000
5月交換券(2022) X 1
`*2500万DL突破記念 特別連続ログインボーナス*
*開催期間中、1日1回 最大7回 連続ログインボーナスをプレゼント！*
/webview/loginbonus/20220512_z4a0pd/z4a0pd_r_03.png
`QP X 10000000
`*2500万DL突破記念 特別回数ログインボーナス*
*開催期間中、1日1回 最大5回 回数ログインボーナスをプレゼント！*
/webview/loginbonus/20220512_zud8la/zud8la_k_03.png
`英霊結晶・日輪のフォウくん X 1
`*2500万DL突破記念 10万リツイート達成プレゼント*
*開催期間中、初回ログインで「聖晶石×30」をプレゼント！*
/webview/loginbonus/20220513_shru9o/shru9o_s_01.png
`聖晶石 X 30
``從者/禮裝數: 680 / 705`
_2022-05-13 19:37:06_
--------
