【登入訊息】
[c5ab1b78563b1f9e4ee17ab01234bc5e]
`登入天數: 155天 / 1506天
等級: 92
石頭: 2174
呼符: 186
友情點: +0 / 1581145`
*連続ログイン1日目
※ログインが途切れるか、7日到達すると
1日目から再開されます*
`フレンドポイント X 2000
5月交換券(2022) X 1
`*2500万DL突破記念 特別連続ログインボーナス*
*開催期間中、1日1回 最大7回 連続ログインボーナスをプレゼント！*
/webview/loginbonus/20220512_z4a0pd/z4a0pd_r_05.png
`英霊結晶・星のフォウくん X 10
`*2500万DL突破記念 特別回数ログインボーナス*
*開催期間中、1日1回 最大5回 回数ログインボーナスをプレゼント！*
/webview/loginbonus/20220512_zud8la/zud8la_k_05.png
`伝承結晶 X 1
``從者/禮裝數: 573 / 564`
_2022-05-15 19:35:07_
--------
`友情點數召喚累計1541次

`[d4825e10f75d83bc0cfb33b6768a8634]
`登入天數: 45天 / 1695天
等級: 19
石頭: 2085
呼符: 27
友情點: +0 / 1714430`
*連続ログイン3日目
※ログインが途切れるか、7日到達すると
1日目から再開されます*
`叡智の猛火 X 1
5月交換券(2022) X 1
`*2500万DL突破記念 特別連続ログインボーナス*
*開催期間中、1日1回 最大7回 連続ログインボーナスをプレゼント！*
/webview/loginbonus/20220512_z4a0pd/z4a0pd_r_05.png
`英霊結晶・星のフォウくん X 10
`*2500万DL突破記念 特別回数ログインボーナス*
*開催期間中、1日1回 最大5回 回数ログインボーナスをプレゼント！*
/webview/loginbonus/20220512_zud8la/zud8la_k_05.png
`伝承結晶 X 1
``從者/禮裝數: 595 / 576`
_2022-05-15 19:35:18_
--------
`友情點數召喚累計1000次

`[ff29db15be18f883ffccdf7ab23021a7]
`登入天數: 45天 / 1691天
等級: 18
石頭: 1320
呼符: 41
友情點: +30 / 1580400`
*連続ログイン3日目
※ログインが途切れるか、7日到達すると
1日目から再開されます*
`叡智の猛火 X 1
5月交換券(2022) X 1
`*2500万DL突破記念 特別連続ログインボーナス*
*開催期間中、1日1回 最大7回 連続ログインボーナスをプレゼント！*
/webview/loginbonus/20220512_z4a0pd/z4a0pd_r_05.png
`英霊結晶・星のフォウくん X 10
`*2500万DL突破記念 特別回数ログインボーナス*
*開催期間中、1日1回 最大5回 回数ログインボーナスをプレゼント！*
/webview/loginbonus/20220512_zud8la/zud8la_k_05.png
`伝承結晶 X 1
``從者/禮裝數: 695 / 701`
_2022-05-15 19:35:29_
--------
[cc4787a257e3a46e268001195f780247]
`登入天數: 45天 / 1705天
等級: 18
石頭: 1962
呼符: 144
友情點: +20 / 1691010`
*連続ログイン3日目
※ログインが途切れるか、7日到達すると
1日目から再開されます*
`叡智の猛火 X 1
5月交換券(2022) X 1
`*2500万DL突破記念 特別連続ログインボーナス*
*開催期間中、1日1回 最大7回 連続ログインボーナスをプレゼント！*
/webview/loginbonus/20220512_z4a0pd/z4a0pd_r_05.png
`英霊結晶・星のフォウくん X 10
`*2500万DL突破記念 特別回数ログインボーナス*
*開催期間中、1日1回 最大5回 回数ログインボーナスをプレゼント！*
/webview/loginbonus/20220512_zud8la/zud8la_k_05.png
`伝承結晶 X 1
``從者/禮裝數: 672 / 705`
_2022-05-15 19:35:38_
--------
[3f5599a008981ecf87f2dea9d1d83d6a]
`登入天數: 45天 / 1710天
等級: 18
石頭: 1906
呼符: 49
友情點: +0 / 1679775`
*連続ログイン3日目
※ログインが途切れるか、7日到達すると
1日目から再開されます*
`叡智の猛火 X 1
5月交換券(2022) X 1
`*2500万DL突破記念 特別連続ログインボーナス*
*開催期間中、1日1回 最大7回 連続ログインボーナスをプレゼント！*
/webview/loginbonus/20220512_z4a0pd/z4a0pd_r_05.png
`英霊結晶・星のフォウくん X 10
`*2500万DL突破記念 特別回数ログインボーナス*
*開催期間中、1日1回 最大5回 回数ログインボーナスをプレゼント！*
/webview/loginbonus/20220512_zud8la/zud8la_k_05.png
`伝承結晶 X 1
``從者/禮裝數: 663 / 790`
_2022-05-15 19:35:46_
--------
[0d14e47d83c8b8400ed7555e0192724d]
`登入天數: 45天 / 1632天
等級: 20
石頭: 824
呼符: 40
友情點: +0 / 1548660`
*連続ログイン3日目
※ログインが途切れるか、7日到達すると
1日目から再開されます*
`叡智の猛火 X 1
5月交換券(2022) X 1
`*2500万DL突破記念 特別連続ログインボーナス*
*開催期間中、1日1回 最大7回 連続ログインボーナスをプレゼント！*
/webview/loginbonus/20220512_z4a0pd/z4a0pd_r_05.png
`英霊結晶・星のフォウくん X 10
`*2500万DL突破記念 特別回数ログインボーナス*
*開催期間中、1日1回 最大5回 回数ログインボーナスをプレゼント！*
/webview/loginbonus/20220512_zud8la/zud8la_k_05.png
`伝承結晶 X 1
``從者/禮裝數: 630 / 703`
_2022-05-15 19:35:55_
--------
[d4c10e20929a4c973210db1453668b11]
`登入天數: 45天 / 1638天
等級: 19
石頭: 2018
呼符: 35
友情點: +0 / 1525745`
*連続ログイン3日目
※ログインが途切れるか、7日到達すると
1日目から再開されます*
`叡智の猛火 X 1
5月交換券(2022) X 1
`*2500万DL突破記念 特別連続ログインボーナス*
*開催期間中、1日1回 最大7回 連続ログインボーナスをプレゼント！*
/webview/loginbonus/20220512_z4a0pd/z4a0pd_r_05.png
`英霊結晶・星のフォウくん X 10
`*2500万DL突破記念 特別回数ログインボーナス*
*開催期間中、1日1回 最大5回 回数ログインボーナスをプレゼント！*
/webview/loginbonus/20220512_zud8la/zud8la_k_05.png
`伝承結晶 X 1
``從者/禮裝數: 671 / 700`
_2022-05-15 19:36:04_
--------
[f0cc4e7ae2d4b30013f328b2cf7d6063]
`登入天數: 45天 / 1647天
等級: 20
石頭: 228
呼符: 35
友情點: +0 / 1529320`
*連続ログイン3日目
※ログインが途切れるか、7日到達すると
1日目から再開されます*
`叡智の猛火 X 1
5月交換券(2022) X 1
`*2500万DL突破記念 特別連続ログインボーナス*
*開催期間中、1日1回 最大7回 連続ログインボーナスをプレゼント！*
/webview/loginbonus/20220512_z4a0pd/z4a0pd_r_05.png
`英霊結晶・星のフォウくん X 10
`*2500万DL突破記念 特別回数ログインボーナス*
*開催期間中、1日1回 最大5回 回数ログインボーナスをプレゼント！*
/webview/loginbonus/20220512_zud8la/zud8la_k_05.png
`伝承結晶 X 1
``從者/禮裝數: 606 / 702`
_2022-05-15 19:36:13_
--------
[48a14ba1dd858b92594b71e0ed7d5311]
`登入天數: 45天 / 1639天
等級: 20
石頭: 1331
呼符: 59
友情點: +0 / 1438640`
*連続ログイン3日目
※ログインが途切れるか、7日到達すると
1日目から再開されます*
`叡智の猛火 X 1
5月交換券(2022) X 1
`*2500万DL突破記念 特別連続ログインボーナス*
*開催期間中、1日1回 最大7回 連続ログインボーナスをプレゼント！*
/webview/loginbonus/20220512_z4a0pd/z4a0pd_r_05.png
`英霊結晶・星のフォウくん X 10
`*2500万DL突破記念 特別回数ログインボーナス*
*開催期間中、1日1回 最大5回 回数ログインボーナスをプレゼント！*
/webview/loginbonus/20220512_zud8la/zud8la_k_05.png
`伝承結晶 X 1
``從者/禮裝數: 680 / 705`
_2022-05-15 19:36:23_
--------
