【登入訊息】
[c5ab1b78563b1f9e4ee17ab01234bc5e]
`登入天數: 156天 / 1507天
等級: 92
石頭: 2174
呼符: 186
友情點: +0 / 1581145`
*連続ログイン2日目
※ログインが途切れるか、7日到達すると
1日目から再開されます*
`聖晶石 X 1
5月交換券(2022) X 1
`*2500万DL突破記念 特別連続ログインボーナス*
*開催期間中、1日1回 最大7回 連続ログインボーナスをプレゼント！*
/webview/loginbonus/20220512_z4a0pd/z4a0pd_r_06.png
`英霊結晶・太陽のフォウくん X 10
``從者/禮裝數: 575 / 570`
_2022-05-16 19:35:33_
--------
`友情點數召喚累計1551次

`[d4825e10f75d83bc0cfb33b6768a8634]
`登入天數: 46天 / 1696天
等級: 19
石頭: 2085
呼符: 27
友情點: +0 / 1714430`
*連続ログイン4日目
※ログインが途切れるか、7日到達すると
1日目から再開されます*
`聖晶石 X 1
5月交換券(2022) X 1
`*2500万DL突破記念 特別連続ログインボーナス*
*開催期間中、1日1回 最大7回 連続ログインボーナスをプレゼント！*
/webview/loginbonus/20220512_z4a0pd/z4a0pd_r_06.png
`英霊結晶・太陽のフォウくん X 10
``從者/禮裝數: 597 / 581`
_2022-05-16 19:35:44_
--------
`友情點數召喚累計1010次

`[ff29db15be18f883ffccdf7ab23021a7]
`登入天數: 46天 / 1692天
等級: 18
石頭: 1320
呼符: 41
友情點: +20 / 1580420`
*連続ログイン4日目
※ログインが途切れるか、7日到達すると
1日目から再開されます*
`聖晶石 X 1
5月交換券(2022) X 1
`*2500万DL突破記念 特別連続ログインボーナス*
*開催期間中、1日1回 最大7回 連続ログインボーナスをプレゼント！*
/webview/loginbonus/20220512_z4a0pd/z4a0pd_r_06.png
`英霊結晶・太陽のフォウくん X 10
``從者/禮裝數: 695 / 701`
_2022-05-16 19:35:55_
--------
[cc4787a257e3a46e268001195f780247]
`登入天數: 46天 / 1706天
等級: 18
石頭: 1962
呼符: 144
友情點: +10 / 1691020`
*連続ログイン4日目
※ログインが途切れるか、7日到達すると
1日目から再開されます*
`聖晶石 X 1
5月交換券(2022) X 1
`*2500万DL突破記念 特別連続ログインボーナス*
*開催期間中、1日1回 最大7回 連続ログインボーナスをプレゼント！*
/webview/loginbonus/20220512_z4a0pd/z4a0pd_r_06.png
`英霊結晶・太陽のフォウくん X 10
``從者/禮裝數: 672 / 705`
_2022-05-16 19:36:04_
--------
[3f5599a008981ecf87f2dea9d1d83d6a]
`登入天數: 46天 / 1711天
等級: 18
石頭: 1906
呼符: 49
友情點: +0 / 1679775`
*連続ログイン4日目
※ログインが途切れるか、7日到達すると
1日目から再開されます*
`聖晶石 X 1
5月交換券(2022) X 1
`*2500万DL突破記念 特別連続ログインボーナス*
*開催期間中、1日1回 最大7回 連続ログインボーナスをプレゼント！*
/webview/loginbonus/20220512_z4a0pd/z4a0pd_r_06.png
`英霊結晶・太陽のフォウくん X 10
``從者/禮裝數: 663 / 790`
_2022-05-16 19:36:13_
--------
[0d14e47d83c8b8400ed7555e0192724d]
`登入天數: 46天 / 1633天
等級: 20
石頭: 824
呼符: 40
友情點: +20 / 1548680`
*連続ログイン4日目
※ログインが途切れるか、7日到達すると
1日目から再開されます*
`聖晶石 X 1
5月交換券(2022) X 1
`*2500万DL突破記念 特別連続ログインボーナス*
*開催期間中、1日1回 最大7回 連続ログインボーナスをプレゼント！*
/webview/loginbonus/20220512_z4a0pd/z4a0pd_r_06.png
`英霊結晶・太陽のフォウくん X 10
``從者/禮裝數: 630 / 703`
_2022-05-16 19:36:22_
--------
[d4c10e20929a4c973210db1453668b11]
`登入天數: 46天 / 1639天
等級: 19
石頭: 2018
呼符: 35
友情點: +0 / 1525745`
*連続ログイン4日目
※ログインが途切れるか、7日到達すると
1日目から再開されます*
`聖晶石 X 1
5月交換券(2022) X 1
`*2500万DL突破記念 特別連続ログインボーナス*
*開催期間中、1日1回 最大7回 連続ログインボーナスをプレゼント！*
/webview/loginbonus/20220512_z4a0pd/z4a0pd_r_06.png
`英霊結晶・太陽のフォウくん X 10
``從者/禮裝數: 671 / 700`
_2022-05-16 19:36:30_
--------
[f0cc4e7ae2d4b30013f328b2cf7d6063]
`登入天數: 46天 / 1648天
等級: 20
石頭: 228
呼符: 35
友情點: +0 / 1529320`
*連続ログイン4日目
※ログインが途切れるか、7日到達すると
1日目から再開されます*
`聖晶石 X 1
5月交換券(2022) X 1
`*2500万DL突破記念 特別連続ログインボーナス*
*開催期間中、1日1回 最大7回 連続ログインボーナスをプレゼント！*
/webview/loginbonus/20220512_z4a0pd/z4a0pd_r_06.png
`英霊結晶・太陽のフォウくん X 10
``從者/禮裝數: 606 / 702`
_2022-05-16 19:36:40_
--------
[48a14ba1dd858b92594b71e0ed7d5311]
`登入天數: 46天 / 1640天
等級: 20
石頭: 1331
呼符: 59
友情點: +0 / 1438640`
*連続ログイン4日目
※ログインが途切れるか、7日到達すると
1日目から再開されます*
`聖晶石 X 1
5月交換券(2022) X 1
`*2500万DL突破記念 特別連続ログインボーナス*
*開催期間中、1日1回 最大7回 連続ログインボーナスをプレゼント！*
/webview/loginbonus/20220512_z4a0pd/z4a0pd_r_06.png
`英霊結晶・太陽のフォウくん X 10
``從者/禮裝數: 680 / 705`
_2022-05-16 19:36:49_
--------
