【登入訊息】
[c5ab1b78563b1f9e4ee17ab01234bc5e]
`登入天數: 157天 / 1508天
等級: 92
石頭: 2174
呼符: 186
友情點: +0 / 1581145`
*連続ログイン3日目
※ログインが途切れるか、7日到達すると
1日目から再開されます*
`叡智の猛火 X 1
5月交換券(2022) X 1
`*2500万DL突破記念 特別連続ログインボーナス*
*開催期間中、1日1回 最大7回 連続ログインボーナスをプレゼント！*
/webview/loginbonus/20220512_z4a0pd/z4a0pd_r_07.png
`呼符 X 10
``從者/禮裝數: 577 / 576`
_2022-05-17 19:35:06_
--------
`友情點數召喚累計1561次

`[d4825e10f75d83bc0cfb33b6768a8634]
`登入天數: 47天 / 1697天
等級: 19
石頭: 2085
呼符: 27
友情點: +0 / 1714430`
*連続ログイン5日目
※ログインが途切れるか、7日到達すると
1日目から再開されます*
`叡智の猛火 X 2
5月交換券(2022) X 1
`*2500万DL突破記念 特別連続ログインボーナス*
*開催期間中、1日1回 最大7回 連続ログインボーナスをプレゼント！*
/webview/loginbonus/20220512_z4a0pd/z4a0pd_r_07.png
`呼符 X 10
``從者/禮裝數: 600 / 587`
_2022-05-17 19:35:18_
--------
`友情點數召喚累計1020次

`[ff29db15be18f883ffccdf7ab23021a7]
`登入天數: 47天 / 1693天
等級: 18
石頭: 1320
呼符: 41
友情點: +0 / 1580420`
*連続ログイン5日目
※ログインが途切れるか、7日到達すると
1日目から再開されます*
`叡智の猛火 X 2
5月交換券(2022) X 1
`*2500万DL突破記念 特別連続ログインボーナス*
*開催期間中、1日1回 最大7回 連続ログインボーナスをプレゼント！*
/webview/loginbonus/20220512_z4a0pd/z4a0pd_r_07.png
`呼符 X 10
``從者/禮裝數: 695 / 701`
_2022-05-17 19:35:29_
--------
[cc4787a257e3a46e268001195f780247]
`登入天數: 47天 / 1707天
等級: 18
石頭: 1962
呼符: 144
友情點: +0 / 1691020`
*連続ログイン5日目
※ログインが途切れるか、7日到達すると
1日目から再開されます*
`叡智の猛火 X 2
5月交換券(2022) X 1
`*2500万DL突破記念 特別連続ログインボーナス*
*開催期間中、1日1回 最大7回 連続ログインボーナスをプレゼント！*
/webview/loginbonus/20220512_z4a0pd/z4a0pd_r_07.png
`呼符 X 10
``從者/禮裝數: 672 / 705`
_2022-05-17 19:35:38_
--------
[3f5599a008981ecf87f2dea9d1d83d6a]
`登入天數: 47天 / 1712天
等級: 18
石頭: 1906
呼符: 49
友情點: +0 / 1679775`
*連続ログイン5日目
※ログインが途切れるか、7日到達すると
1日目から再開されます*
`叡智の猛火 X 2
5月交換券(2022) X 1
`*2500万DL突破記念 特別連続ログインボーナス*
*開催期間中、1日1回 最大7回 連続ログインボーナスをプレゼント！*
/webview/loginbonus/20220512_z4a0pd/z4a0pd_r_07.png
`呼符 X 10
``從者/禮裝數: 663 / 790`
_2022-05-17 19:35:47_
--------
[0d14e47d83c8b8400ed7555e0192724d]
`登入天數: 47天 / 1634天
等級: 20
石頭: 824
呼符: 40
友情點: +0 / 1548680`
*連続ログイン5日目
※ログインが途切れるか、7日到達すると
1日目から再開されます*
`叡智の猛火 X 2
5月交換券(2022) X 1
`*2500万DL突破記念 特別連続ログインボーナス*
*開催期間中、1日1回 最大7回 連続ログインボーナスをプレゼント！*
/webview/loginbonus/20220512_z4a0pd/z4a0pd_r_07.png
`呼符 X 10
``從者/禮裝數: 630 / 703`
_2022-05-17 19:35:56_
--------
[d4c10e20929a4c973210db1453668b11]
`登入天數: 47天 / 1640天
等級: 19
石頭: 2018
呼符: 35
友情點: +0 / 1525745`
*連続ログイン5日目
※ログインが途切れるか、7日到達すると
1日目から再開されます*
`叡智の猛火 X 2
5月交換券(2022) X 1
`*2500万DL突破記念 特別連続ログインボーナス*
*開催期間中、1日1回 最大7回 連続ログインボーナスをプレゼント！*
/webview/loginbonus/20220512_z4a0pd/z4a0pd_r_07.png
`呼符 X 10
``從者/禮裝數: 671 / 700`
_2022-05-17 19:36:06_
--------
[f0cc4e7ae2d4b30013f328b2cf7d6063]
`登入天數: 47天 / 1649天
等級: 20
石頭: 228
呼符: 35
友情點: +0 / 1529320`
*連続ログイン5日目
※ログインが途切れるか、7日到達すると
1日目から再開されます*
`叡智の猛火 X 2
5月交換券(2022) X 1
`*2500万DL突破記念 特別連続ログインボーナス*
*開催期間中、1日1回 最大7回 連続ログインボーナスをプレゼント！*
/webview/loginbonus/20220512_z4a0pd/z4a0pd_r_07.png
`呼符 X 10
``從者/禮裝數: 606 / 702`
_2022-05-17 19:36:15_
--------
[48a14ba1dd858b92594b71e0ed7d5311]
`登入天數: 47天 / 1641天
等級: 20
石頭: 1331
呼符: 59
友情點: +0 / 1438640`
*連続ログイン5日目
※ログインが途切れるか、7日到達すると
1日目から再開されます*
`叡智の猛火 X 2
5月交換券(2022) X 1
`*2500万DL突破記念 特別連続ログインボーナス*
*開催期間中、1日1回 最大7回 連続ログインボーナスをプレゼント！*
/webview/loginbonus/20220512_z4a0pd/z4a0pd_r_07.png
`呼符 X 10
``從者/禮裝數: 680 / 705`
_2022-05-17 19:36:24_
--------
