【登入訊息】
[c5ab1b78563b1f9e4ee17ab01234bc5e]
`登入天數: 163天 / 1514天
等級: 92
石頭: 2174
呼符: 186
友情點: +0 / 1581145`
*連続ログイン2日目
※ログインが途切れるか、7日到達すると
1日目から再開されます*
`聖晶石 X 1
5月交換券(2022) X 1
``從者/禮裝數: 594 / 607`
_2022-05-23 19:35:44_
--------
`友情點數召喚累計1621次

`[d4825e10f75d83bc0cfb33b6768a8634]
`登入天數: 53天 / 1703天
等級: 19
石頭: 2085
呼符: 27
友情點: +0 / 1714430`
*連続ログイン4日目
※ログインが途切れるか、7日到達すると
1日目から再開されます*
`聖晶石 X 1
5月交換券(2022) X 1
``從者/禮裝數: 616 / 616`
_2022-05-23 19:35:56_
--------
`友情點數召喚累計1080次

`[ff29db15be18f883ffccdf7ab23021a7]
`登入天數: 53天 / 1699天
等級: 18
石頭: 1320
呼符: 41
友情點: +10 / 1580460`
*連続ログイン4日目
※ログインが途切れるか、7日到達すると
1日目から再開されます*
`聖晶石 X 1
5月交換券(2022) X 1
``從者/禮裝數: 695 / 701`
_2022-05-23 19:36:08_
--------
[cc4787a257e3a46e268001195f780247]
`登入天數: 53天 / 1713天
等級: 18
石頭: 1962
呼符: 144
友情點: +0 / 1691060`
*連続ログイン4日目
※ログインが途切れるか、7日到達すると
1日目から再開されます*
`聖晶石 X 1
5月交換券(2022) X 1
``從者/禮裝數: 672 / 705`
_2022-05-23 19:36:17_
--------
[3f5599a008981ecf87f2dea9d1d83d6a]
`登入天數: 53天 / 1718天
等級: 18
石頭: 1906
呼符: 49
友情點: +0 / 1679775`
*連続ログイン4日目
※ログインが途切れるか、7日到達すると
1日目から再開されます*
`聖晶石 X 1
5月交換券(2022) X 1
``從者/禮裝數: 663 / 790`
_2022-05-23 19:36:26_
--------
[0d14e47d83c8b8400ed7555e0192724d]
`登入天數: 53天 / 1640天
等級: 20
石頭: 824
呼符: 40
友情點: +10 / 1548730`
*連続ログイン4日目
※ログインが途切れるか、7日到達すると
1日目から再開されます*
`聖晶石 X 1
5月交換券(2022) X 1
``從者/禮裝數: 630 / 703`
_2022-05-23 19:36:35_
--------
[d4c10e20929a4c973210db1453668b11]
`登入天數: 53天 / 1646天
等級: 19
石頭: 2018
呼符: 35
友情點: +0 / 1525745`
*連続ログイン4日目
※ログインが途切れるか、7日到達すると
1日目から再開されます*
`聖晶石 X 1
5月交換券(2022) X 1
``從者/禮裝數: 671 / 700`
_2022-05-23 19:36:45_
--------
[f0cc4e7ae2d4b30013f328b2cf7d6063]
`登入天數: 53天 / 1655天
等級: 20
石頭: 228
呼符: 35
友情點: +0 / 1529320`
*連続ログイン4日目
※ログインが途切れるか、7日到達すると
1日目から再開されます*
`聖晶石 X 1
5月交換券(2022) X 1
``從者/禮裝數: 606 / 702`
_2022-05-23 19:36:53_
--------
[48a14ba1dd858b92594b71e0ed7d5311]
`登入天數: 53天 / 1647天
等級: 20
石頭: 1331
呼符: 59
友情點: +0 / 1438640`
*連続ログイン4日目
※ログインが途切れるか、7日到達すると
1日目から再開されます*
`聖晶石 X 1
5月交換券(2022) X 1
``從者/禮裝數: 680 / 705`
_2022-05-23 19:37:02_
--------
