【登入訊息】
[c5ab1b78563b1f9e4ee17ab01234bc5e]
`登入天數: 170天 / 1521天
等級: 92
石頭: 2174
呼符: 186
友情點: +0 / 1581145`
*連続ログイン2日目
※ログインが途切れるか、7日到達すると
1日目から再開されます*
`聖晶石 X 1
5月交換券(2022) X 1
`*死想顕現界域 トラオム 或る幻想の生と死 開幕直前ログインボーナス*
*開催期間中、1日1回 最大7回 ログインボーナスをプレゼント！*
/webview/loginbonus/20220526_s0klfs/s0klfs_k_06.png
`聖晶石 X 1
黄金の果実 X 1
``從者/禮裝數: 615 / 638`
_2022-05-30 19:35:43_
--------
`友情點數召喚累計1691次

`[d4825e10f75d83bc0cfb33b6768a8634]
`登入天數: 60天 / 1710天
等級: 19
石頭: 2085
呼符: 27
友情點: +0 / 1714430`
*連続ログイン4日目
※ログインが途切れるか、7日到達すると
1日目から再開されます*
`聖晶石 X 1
5月交換券(2022) X 1
`*死想顕現界域 トラオム 或る幻想の生と死 開幕直前ログインボーナス*
*開催期間中、1日1回 最大7回 ログインボーナスをプレゼント！*
/webview/loginbonus/20220526_s0klfs/s0klfs_k_06.png
`聖晶石 X 1
黄金の果実 X 1
``從者/禮裝數: 632 / 645`
_2022-05-30 19:35:54_
--------
`友情點數召喚累計1150次

`[ff29db15be18f883ffccdf7ab23021a7]
`登入天數: 60天 / 1706天
等級: 18
石頭: 1320
呼符: 41
友情點: +10 / 1580560`
*連続ログイン4日目
※ログインが途切れるか、7日到達すると
1日目から再開されます*
`聖晶石 X 1
5月交換券(2022) X 1
`*死想顕現界域 トラオム 或る幻想の生と死 開幕直前ログインボーナス*
*開催期間中、1日1回 最大7回 ログインボーナスをプレゼント！*
/webview/loginbonus/20220526_s0klfs/s0klfs_k_06.png
`聖晶石 X 1
黄金の果実 X 1
``從者/禮裝數: 695 / 701`
_2022-05-30 19:36:05_
--------
[cc4787a257e3a46e268001195f780247]
`登入天數: 60天 / 1720天
等級: 18
石頭: 1962
呼符: 144
友情點: +50 / 1691150`
*連続ログイン4日目
※ログインが途切れるか、7日到達すると
1日目から再開されます*
`聖晶石 X 1
5月交換券(2022) X 1
`*死想顕現界域 トラオム 或る幻想の生と死 開幕直前ログインボーナス*
*開催期間中、1日1回 最大7回 ログインボーナスをプレゼント！*
/webview/loginbonus/20220526_s0klfs/s0klfs_k_06.png
`聖晶石 X 1
黄金の果実 X 1
``從者/禮裝數: 672 / 705`
_2022-05-30 19:36:14_
--------
[3f5599a008981ecf87f2dea9d1d83d6a]
`登入天數: 60天 / 1725天
等級: 18
石頭: 1906
呼符: 49
友情點: +0 / 1679775`
*連続ログイン4日目
※ログインが途切れるか、7日到達すると
1日目から再開されます*
`聖晶石 X 1
5月交換券(2022) X 1
`*死想顕現界域 トラオム 或る幻想の生と死 開幕直前ログインボーナス*
*開催期間中、1日1回 最大7回 ログインボーナスをプレゼント！*
/webview/loginbonus/20220526_s0klfs/s0klfs_k_06.png
`聖晶石 X 1
黄金の果実 X 1
``從者/禮裝數: 663 / 790`
_2022-05-30 19:36:24_
--------
[0d14e47d83c8b8400ed7555e0192724d]
`登入天數: 60天 / 1647天
等級: 20
石頭: 824
呼符: 40
友情點: +30 / 1548870`
*連続ログイン4日目
※ログインが途切れるか、7日到達すると
1日目から再開されます*
`聖晶石 X 1
5月交換券(2022) X 1
`*死想顕現界域 トラオム 或る幻想の生と死 開幕直前ログインボーナス*
*開催期間中、1日1回 最大7回 ログインボーナスをプレゼント！*
/webview/loginbonus/20220526_s0klfs/s0klfs_k_06.png
`聖晶石 X 1
黄金の果実 X 1
``從者/禮裝數: 630 / 703`
_2022-05-30 19:36:32_
--------
[d4c10e20929a4c973210db1453668b11]
`登入天數: 60天 / 1653天
等級: 19
石頭: 2018
呼符: 35
友情點: +0 / 1525745`
*連続ログイン4日目
※ログインが途切れるか、7日到達すると
1日目から再開されます*
`聖晶石 X 1
5月交換券(2022) X 1
`*死想顕現界域 トラオム 或る幻想の生と死 開幕直前ログインボーナス*
*開催期間中、1日1回 最大7回 ログインボーナスをプレゼント！*
/webview/loginbonus/20220526_s0klfs/s0klfs_k_06.png
`聖晶石 X 1
黄金の果実 X 1
``從者/禮裝數: 671 / 700`
_2022-05-30 19:36:41_
--------
[f0cc4e7ae2d4b30013f328b2cf7d6063]
`登入天數: 60天 / 1662天
等級: 20
石頭: 228
呼符: 35
友情點: +0 / 1529320`
*連続ログイン4日目
※ログインが途切れるか、7日到達すると
1日目から再開されます*
`聖晶石 X 1
5月交換券(2022) X 1
`*死想顕現界域 トラオム 或る幻想の生と死 開幕直前ログインボーナス*
*開催期間中、1日1回 最大7回 ログインボーナスをプレゼント！*
/webview/loginbonus/20220526_s0klfs/s0klfs_k_06.png
`聖晶石 X 1
黄金の果実 X 1
``從者/禮裝數: 606 / 702`
_2022-05-30 19:36:51_
--------
[48a14ba1dd858b92594b71e0ed7d5311]
`登入天數: 60天 / 1654天
等級: 20
石頭: 1331
呼符: 59
友情點: +0 / 1438640`
*連続ログイン4日目
※ログインが途切れるか、7日到達すると
1日目から再開されます*
`聖晶石 X 1
5月交換券(2022) X 1
`*死想顕現界域 トラオム 或る幻想の生と死 開幕直前ログインボーナス*
*開催期間中、1日1回 最大7回 ログインボーナスをプレゼント！*
/webview/loginbonus/20220526_s0klfs/s0klfs_k_06.png
`聖晶石 X 1
黄金の果実 X 1
``從者/禮裝數: 680 / 705`
_2022-05-30 19:37:00_
--------
