【登入訊息】
[c5ab1b78563b1f9e4ee17ab01234bc5e]
`登入天數: 172天 / 1914天
等級: 92
石頭: 3267
呼符: 170
友情點: +0 / 1873505`
*連続ログイン4日目
※ログインが途切れるか、7日到達すると
1日目から再開されます*
`聖晶石 X 1
7月交換券(2023) X 1
`*TVスペシャルアニメ「Fate/strange Fake -Whispers of Dawn-」放送記念
特別ログインボーナス*
*開催期間中、1日1回 最大3回 ログインボーナスをプレゼント！*
/webview/loginbonus/20230630_8k223t/8k223t_k_02.png
`QP X 5000000
`*2800万DL突破記念 特別回数ログインボーナス*
*開催期間中、1日1回 最大10回 回数ログインボーナスをプレゼント！*
/webview/loginbonus/20230629_rff7pc/rff7pc_k_03.png
`QP X 10000000
``從者/禮裝數: 673 / 668`
_2023-06-30 19:38:07_
--------
`友情點數召喚累計3031次

`[d4825e10f75d83bc0cfb33b6768a8634]
`登入天數: 172天 / 2103天
等級: 19
石頭: 3110
呼符: 89
友情點: +440 / 2163555`
*連続ログイン4日目
※ログインが途切れるか、7日到達すると
1日目から再開されます*
`聖晶石 X 1
7月交換券(2023) X 1
`*TVスペシャルアニメ「Fate/strange Fake -Whispers of Dawn-」放送記念
特別ログインボーナス*
*開催期間中、1日1回 最大3回 ログインボーナスをプレゼント！*
/webview/loginbonus/20230630_8k223t/8k223t_k_02.png
`QP X 5000000
`*2800万DL突破記念 特別回数ログインボーナス*
*開催期間中、1日1回 最大10回 回数ログインボーナスをプレゼント！*
/webview/loginbonus/20230629_rff7pc/rff7pc_k_03.png
`QP X 10000000
``從者/禮裝數: 675 / 693`
_2023-06-30 19:38:19_
--------
`友情點數召喚累計2380次

`[ff29db15be18f883ffccdf7ab23021a7]
`登入天數: 172天 / 2099天
等級: 18
石頭: 2395
呼符: 64
友情點: +150 / 1974625`
*連続ログイン4日目
※ログインが途切れるか、7日到達すると
1日目から再開されます*
`聖晶石 X 1
7月交換券(2023) X 1
`*TVスペシャルアニメ「Fate/strange Fake -Whispers of Dawn-」放送記念
特別ログインボーナス*
*開催期間中、1日1回 最大3回 ログインボーナスをプレゼント！*
/webview/loginbonus/20230630_8k223t/8k223t_k_02.png
`QP X 5000000
`*2800万DL突破記念 特別回数ログインボーナス*
*開催期間中、1日1回 最大10回 回数ログインボーナスをプレゼント！*
/webview/loginbonus/20230629_rff7pc/rff7pc_k_03.png
`QP X 10000000
``從者/禮裝數: 694 / 706`
_2023-06-30 19:38:31_
--------
`友情點數召喚累計2260次

`[cc4787a257e3a46e268001195f780247]
`登入天數: 172天 / 2113天
等級: 18
石頭: 3191
呼符: 174
友情點: +170 / 2079700`
*連続ログイン4日目
※ログインが途切れるか、7日到達すると
1日目から再開されます*
`聖晶石 X 1
7月交換券(2023) X 1
`*TVスペシャルアニメ「Fate/strange Fake -Whispers of Dawn-」放送記念
特別ログインボーナス*
*開催期間中、1日1回 最大3回 ログインボーナスをプレゼント！*
/webview/loginbonus/20230630_8k223t/8k223t_k_02.png
`QP X 5000000
`*2800万DL突破記念 特別回数ログインボーナス*
*開催期間中、1日1回 最大10回 回数ログインボーナスをプレゼント！*
/webview/loginbonus/20230629_rff7pc/rff7pc_k_03.png
`QP X 10000000
``從者/禮裝數: 639 / 649`
_2023-06-30 19:38:43_
--------
`友情點數召喚累計2710次

`[3f5599a008981ecf87f2dea9d1d83d6a]
`登入天數: 172天 / 2118天
等級: 18
石頭: 2391
呼符: 64
友情點: +0 / 1970150`
*連続ログイン4日目
※ログインが途切れるか、7日到達すると
1日目から再開されます*
`聖晶石 X 1
7月交換券(2023) X 1
`*TVスペシャルアニメ「Fate/strange Fake -Whispers of Dawn-」放送記念
特別ログインボーナス*
*開催期間中、1日1回 最大3回 ログインボーナスをプレゼント！*
/webview/loginbonus/20230630_8k223t/8k223t_k_02.png
`QP X 5000000
`*2800万DL突破記念 特別回数ログインボーナス*
*開催期間中、1日1回 最大10回 回数ログインボーナスをプレゼント！*
/webview/loginbonus/20230629_rff7pc/rff7pc_k_03.png
`QP X 10000000
``從者/禮裝數: 686 / 704`
_2023-06-30 19:38:55_
--------
`友情點數召喚累計2180次

`[0d14e47d83c8b8400ed7555e0192724d]
`登入天數: 172天 / 2040天
等級: 21
石頭: 2051
呼符: 84
友情點: +230 / 1943065`
*連続ログイン4日目
※ログインが途切れるか、7日到達すると
1日目から再開されます*
`聖晶石 X 1
7月交換券(2023) X 1
`*TVスペシャルアニメ「Fate/strange Fake -Whispers of Dawn-」放送記念
特別ログインボーナス*
*開催期間中、1日1回 最大3回 ログインボーナスをプレゼント！*
/webview/loginbonus/20230630_8k223t/8k223t_k_02.png
`QP X 5000000
`*2800万DL突破記念 特別回数ログインボーナス*
*開催期間中、1日1回 最大10回 回数ログインボーナスをプレゼント！*
/webview/loginbonus/20230629_rff7pc/rff7pc_k_03.png
`QP X 10000000
``從者/禮裝數: 621 / 700`
_2023-06-30 19:39:08_
--------
`友情點數召喚累計2250次

`[d4c10e20929a4c973210db1453668b11]
`登入天數: 172天 / 2046天
等級: 20
石頭: 2085
呼符: 49
友情點: +0 / 1738020`
*連続ログイン4日目
※ログインが途切れるか、7日到達すると
1日目から再開されます*
`聖晶石 X 1
7月交換券(2023) X 1
`*TVスペシャルアニメ「Fate/strange Fake -Whispers of Dawn-」放送記念
特別ログインボーナス*
*開催期間中、1日1回 最大3回 ログインボーナスをプレゼント！*
/webview/loginbonus/20230630_8k223t/8k223t_k_02.png
`QP X 5000000
`*2800万DL突破記念 特別回数ログインボーナス*
*開催期間中、1日1回 最大10回 回数ログインボーナスをプレゼント！*
/webview/loginbonus/20230629_rff7pc/rff7pc_k_03.png
`QP X 10000000
``從者/禮裝數: 659 / 698`
_2023-06-30 19:39:19_
--------
`友情點數召喚累計2140次

`[f0cc4e7ae2d4b30013f328b2cf7d6063]
`登入天數: 172天 / 2055天
等級: 20
石頭: 1455
呼符: 125
友情點: +0 / 1831585`
*連続ログイン4日目
※ログインが途切れるか、7日到達すると
1日目から再開されます*
`聖晶石 X 1
7月交換券(2023) X 1
`*TVスペシャルアニメ「Fate/strange Fake -Whispers of Dawn-」放送記念
特別ログインボーナス*
*開催期間中、1日1回 最大3回 ログインボーナスをプレゼント！*
/webview/loginbonus/20230630_8k223t/8k223t_k_02.png
`QP X 5000000
`*2800万DL突破記念 特別回数ログインボーナス*
*開催期間中、1日1回 最大10回 回数ログインボーナスをプレゼント！*
/webview/loginbonus/20230629_rff7pc/rff7pc_k_03.png
`QP X 10000000
``從者/禮裝數: 670 / 696`
_2023-06-30 19:39:31_
--------
`友情點數召喚累計2132次

`[48a14ba1dd858b92594b71e0ed7d5311]
`登入天數: 172天 / 2047天
等級: 20
石頭: 2522
呼符: 172
友情點: +0 / 1740985`
*連続ログイン4日目
※ログインが途切れるか、7日到達すると
1日目から再開されます*
`聖晶石 X 1
7月交換券(2023) X 1
`*TVスペシャルアニメ「Fate/strange Fake -Whispers of Dawn-」放送記念
特別ログインボーナス*
*開催期間中、1日1回 最大3回 ログインボーナスをプレゼント！*
/webview/loginbonus/20230630_8k223t/8k223t_k_02.png
`QP X 5000000
`*2800万DL突破記念 特別回数ログインボーナス*
*開催期間中、1日1回 最大10回 回数ログインボーナスをプレゼント！*
/webview/loginbonus/20230629_rff7pc/rff7pc_k_03.png
`QP X 10000000
``從者/禮裝數: 697 / 688`
_2023-06-30 19:39:43_
--------
`友情點數召喚累計2050次

`