【登入訊息】
[c5ab1b78563b1f9e4ee17ab01234bc5e]
`登入天數: 173天 / 1915天
等級: 92
石頭: 3267
呼符: 170
友情點: +0 / 1873505`
*連続ログイン5日目
※ログインが途切れるか、7日到達すると
1日目から再開されます*
`叡智の業火 X 2
7月交換券(2023) X 1
`*TVスペシャルアニメ「Fate/strange Fake -Whispers of Dawn-」放送記念
特別ログインボーナス*
*開催期間中、1日1回 最大3回 ログインボーナスをプレゼント！*
/webview/loginbonus/20230630_8k223t/8k223t_k_03.png
`strange Fake X 1
`*2800万DL突破記念 特別回数ログインボーナス*
*開催期間中、1日1回 最大10回 回数ログインボーナスをプレゼント！*
/webview/loginbonus/20230629_rff7pc/rff7pc_k_04.png
`叡智の業火 X 10
星見のティーポット X 3
``從者/禮裝數: 676 / 672`
_2023-07-01 19:38:00_
--------
`友情點數召喚累計3041次

`[d4825e10f75d83bc0cfb33b6768a8634]
`登入天數: 173天 / 2104天
等級: 19
石頭: 3110
呼符: 89
友情點: +160 / 2163715`
*連続ログイン5日目
※ログインが途切れるか、7日到達すると
1日目から再開されます*
`叡智の業火 X 2
7月交換券(2023) X 1
`*TVスペシャルアニメ「Fate/strange Fake -Whispers of Dawn-」放送記念
特別ログインボーナス*
*開催期間中、1日1回 最大3回 ログインボーナスをプレゼント！*
/webview/loginbonus/20230630_8k223t/8k223t_k_03.png
`strange Fake X 1
`*2800万DL突破記念 特別回数ログインボーナス*
*開催期間中、1日1回 最大10回 回数ログインボーナスをプレゼント！*
/webview/loginbonus/20230629_rff7pc/rff7pc_k_04.png
`叡智の業火 X 10
星見のティーポット X 3
``從者/禮裝數: 678 / 698`
_2023-07-01 19:38:11_
--------
`友情點數召喚累計2390次

`[ff29db15be18f883ffccdf7ab23021a7]
`登入天數: 173天 / 2100天
等級: 18
石頭: 2395
呼符: 64
友情點: +150 / 1974775`
*連続ログイン5日目
※ログインが途切れるか、7日到達すると
1日目から再開されます*
`叡智の業火 X 2
7月交換券(2023) X 1
`*TVスペシャルアニメ「Fate/strange Fake -Whispers of Dawn-」放送記念
特別ログインボーナス*
*開催期間中、1日1回 最大3回 ログインボーナスをプレゼント！*
/webview/loginbonus/20230630_8k223t/8k223t_k_03.png
`strange Fake X 1
`*2800万DL突破記念 特別回数ログインボーナス*
*開催期間中、1日1回 最大10回 回数ログインボーナスをプレゼント！*
/webview/loginbonus/20230629_rff7pc/rff7pc_k_04.png
`叡智の業火 X 10
星見のティーポット X 3
``從者/禮裝數: 699 / 707`
_2023-07-01 19:38:23_
--------
`友情點數召喚累計2270次

`[cc4787a257e3a46e268001195f780247]
`登入天數: 173天 / 2114天
等級: 18
石頭: 3191
呼符: 174
友情點: +160 / 2079860`
*連続ログイン5日目
※ログインが途切れるか、7日到達すると
1日目から再開されます*
`叡智の業火 X 2
7月交換券(2023) X 1
`*TVスペシャルアニメ「Fate/strange Fake -Whispers of Dawn-」放送記念
特別ログインボーナス*
*開催期間中、1日1回 最大3回 ログインボーナスをプレゼント！*
/webview/loginbonus/20230630_8k223t/8k223t_k_03.png
`strange Fake X 1
`*2800万DL突破記念 特別回数ログインボーナス*
*開催期間中、1日1回 最大10回 回数ログインボーナスをプレゼント！*
/webview/loginbonus/20230629_rff7pc/rff7pc_k_04.png
`叡智の業火 X 10
星見のティーポット X 3
``從者/禮裝數: 641 / 653`
_2023-07-01 19:38:34_
--------
`友情點數召喚累計2720次

`[3f5599a008981ecf87f2dea9d1d83d6a]
`登入天數: 173天 / 2119天
等級: 18
石頭: 2391
呼符: 64
友情點: +0 / 1970150`
*連続ログイン5日目
※ログインが途切れるか、7日到達すると
1日目から再開されます*
`叡智の業火 X 2
7月交換券(2023) X 1
`*TVスペシャルアニメ「Fate/strange Fake -Whispers of Dawn-」放送記念
特別ログインボーナス*
*開催期間中、1日1回 最大3回 ログインボーナスをプレゼント！*
/webview/loginbonus/20230630_8k223t/8k223t_k_03.png
`strange Fake X 1
`*2800万DL突破記念 特別回数ログインボーナス*
*開催期間中、1日1回 最大10回 回数ログインボーナスをプレゼント！*
/webview/loginbonus/20230629_rff7pc/rff7pc_k_04.png
`叡智の業火 X 10
星見のティーポット X 3
``從者/禮裝數: 689 / 708`
_2023-07-01 19:38:46_
--------
`友情點數召喚累計2190次

`[0d14e47d83c8b8400ed7555e0192724d]
`登入天數: 173天 / 2041天
等級: 21
石頭: 2051
呼符: 84
友情點: +120 / 1943185`
*連続ログイン5日目
※ログインが途切れるか、7日到達すると
1日目から再開されます*
`叡智の業火 X 2
7月交換券(2023) X 1
`*TVスペシャルアニメ「Fate/strange Fake -Whispers of Dawn-」放送記念
特別ログインボーナス*
*開催期間中、1日1回 最大3回 ログインボーナスをプレゼント！*
/webview/loginbonus/20230630_8k223t/8k223t_k_03.png
`strange Fake X 1
`*2800万DL突破記念 特別回数ログインボーナス*
*開催期間中、1日1回 最大10回 回数ログインボーナスをプレゼント！*
/webview/loginbonus/20230629_rff7pc/rff7pc_k_04.png
`叡智の業火 X 10
星見のティーポット X 3
``從者/禮裝數: 624 / 707`
_2023-07-01 19:38:58_
--------
`友情點數召喚累計2260次

`[d4c10e20929a4c973210db1453668b11]
`登入天數: 173天 / 2047天
等級: 20
石頭: 2085
呼符: 49
友情點: +0 / 1738020`
*連続ログイン5日目
※ログインが途切れるか、7日到達すると
1日目から再開されます*
`叡智の業火 X 2
7月交換券(2023) X 1
`*TVスペシャルアニメ「Fate/strange Fake -Whispers of Dawn-」放送記念
特別ログインボーナス*
*開催期間中、1日1回 最大3回 ログインボーナスをプレゼント！*
/webview/loginbonus/20230630_8k223t/8k223t_k_03.png
`strange Fake X 1
`*2800万DL突破記念 特別回数ログインボーナス*
*開催期間中、1日1回 最大10回 回数ログインボーナスをプレゼント！*
/webview/loginbonus/20230629_rff7pc/rff7pc_k_04.png
`叡智の業火 X 10
星見のティーポット X 3
``從者/禮裝數: 661 / 704`
_2023-07-01 19:39:10_
--------
`友情點數召喚累計2150次

`[f0cc4e7ae2d4b30013f328b2cf7d6063]
`登入天數: 173天 / 2056天
等級: 20
石頭: 1455
呼符: 125
友情點: +0 / 1831585`
*連続ログイン5日目
※ログインが途切れるか、7日到達すると
1日目から再開されます*
`叡智の業火 X 2
7月交換券(2023) X 1
`*TVスペシャルアニメ「Fate/strange Fake -Whispers of Dawn-」放送記念
特別ログインボーナス*
*開催期間中、1日1回 最大3回 ログインボーナスをプレゼント！*
/webview/loginbonus/20230630_8k223t/8k223t_k_03.png
`strange Fake X 1
`*2800万DL突破記念 特別回数ログインボーナス*
*開催期間中、1日1回 最大10回 回数ログインボーナスをプレゼント！*
/webview/loginbonus/20230629_rff7pc/rff7pc_k_04.png
`叡智の業火 X 10
星見のティーポット X 3
``從者/禮裝數: 670 / 702`
_2023-07-01 19:39:21_
--------
`友情點數召喚累計2142次

`[48a14ba1dd858b92594b71e0ed7d5311]
`登入天數: 173天 / 2048天
等級: 20
石頭: 2522
呼符: 172
友情點: +0 / 1740985`
*連続ログイン5日目
※ログインが途切れるか、7日到達すると
1日目から再開されます*
`叡智の業火 X 2
7月交換券(2023) X 1
`*TVスペシャルアニメ「Fate/strange Fake -Whispers of Dawn-」放送記念
特別ログインボーナス*
*開催期間中、1日1回 最大3回 ログインボーナスをプレゼント！*
/webview/loginbonus/20230630_8k223t/8k223t_k_03.png
`strange Fake X 1
`*2800万DL突破記念 特別回数ログインボーナス*
*開催期間中、1日1回 最大10回 回数ログインボーナスをプレゼント！*
/webview/loginbonus/20230629_rff7pc/rff7pc_k_04.png
`叡智の業火 X 10
星見のティーポット X 3
``從者/禮裝數: 698 / 694`
_2023-07-01 19:39:32_
--------
`友情點數召喚累計2060次

`