【登入訊息】
[c5ab1b78563b1f9e4ee17ab01234bc5e]
`登入天數: 174天 / 1916天
等級: 92
石頭: 3267
呼符: 170
友情點: +0 / 1873505`
*連続ログイン6日目
※ログインが途切れるか、7日到達すると
1日目から再開されます*
`聖晶石 X 2
7月交換券(2023) X 1
`*2800万DL突破記念 特別回数ログインボーナス*
*開催期間中、1日1回 最大10回 回数ログインボーナスをプレゼント！*
/webview/loginbonus/20230629_rff7pc/rff7pc_k_05.png
`英霊結晶・星のフォウくん X 10
英霊結晶・太陽のフォウくん X 10
``從者/禮裝數: 680 / 676`
_2023-07-02 19:38:09_
--------
`友情點數召喚累計3051次

`[d4825e10f75d83bc0cfb33b6768a8634]
`登入天數: 174天 / 2105天
等級: 19
石頭: 3110
呼符: 89
友情點: +900 / 2164615`
*連続ログイン6日目
※ログインが途切れるか、7日到達すると
1日目から再開されます*
`聖晶石 X 2
7月交換券(2023) X 1
`*2800万DL突破記念 特別回数ログインボーナス*
*開催期間中、1日1回 最大10回 回数ログインボーナスをプレゼント！*
/webview/loginbonus/20230629_rff7pc/rff7pc_k_05.png
`英霊結晶・星のフォウくん X 10
英霊結晶・太陽のフォウくん X 10
``從者/禮裝數: 679 / 704`
_2023-07-02 19:38:21_
--------
`友情點數召喚累計2400次

`[ff29db15be18f883ffccdf7ab23021a7]
`登入天數: 174天 / 2101天
等級: 18
石頭: 2395
呼符: 64
友情點: +270 / 1975045`
*連続ログイン6日目
※ログインが途切れるか、7日到達すると
1日目から再開されます*
`聖晶石 X 2
7月交換券(2023) X 1
`*2800万DL突破記念 特別回数ログインボーナス*
*開催期間中、1日1回 最大10回 回数ログインボーナスをプレゼント！*
/webview/loginbonus/20230629_rff7pc/rff7pc_k_05.png
`英霊結晶・星のフォウくん X 10
英霊結晶・太陽のフォウくん X 10
``從者/禮裝數: 700 / 714`
_2023-07-02 19:38:33_
--------
`友情點數召喚累計2280次

`[cc4787a257e3a46e268001195f780247]
`登入天數: 174天 / 2115天
等級: 18
石頭: 3191
呼符: 174
友情點: +340 / 2080200`
*連続ログイン6日目
※ログインが途切れるか、7日到達すると
1日目から再開されます*
`聖晶石 X 2
7月交換券(2023) X 1
`*2800万DL突破記念 特別回数ログインボーナス*
*開催期間中、1日1回 最大10回 回数ログインボーナスをプレゼント！*
/webview/loginbonus/20230629_rff7pc/rff7pc_k_05.png
`英霊結晶・星のフォウくん X 10
英霊結晶・太陽のフォウくん X 10
``從者/禮裝數: 644 / 659`
_2023-07-02 19:38:45_
--------
`友情點數召喚累計2730次

`[3f5599a008981ecf87f2dea9d1d83d6a]
`登入天數: 174天 / 2120天
等級: 18
石頭: 2391
呼符: 64
友情點: +0 / 1970150`
*連続ログイン6日目
※ログインが途切れるか、7日到達すると
1日目から再開されます*
`聖晶石 X 2
7月交換券(2023) X 1
`*2800万DL突破記念 特別回数ログインボーナス*
*開催期間中、1日1回 最大10回 回数ログインボーナスをプレゼント！*
/webview/loginbonus/20230629_rff7pc/rff7pc_k_05.png
`英霊結晶・星のフォウくん X 10
英霊結晶・太陽のフォウくん X 10
``從者/禮裝數: 692 / 713`
_2023-07-02 19:38:56_
--------
`友情點數召喚累計2200次

`[0d14e47d83c8b8400ed7555e0192724d]
`登入天數: 174天 / 2042天
等級: 21
石頭: 2051
呼符: 84
友情點: +210 / 1943395`
*連続ログイン6日目
※ログインが途切れるか、7日到達すると
1日目から再開されます*
`聖晶石 X 2
7月交換券(2023) X 1
`*2800万DL突破記念 特別回数ログインボーナス*
*開催期間中、1日1回 最大10回 回数ログインボーナスをプレゼント！*
/webview/loginbonus/20230629_rff7pc/rff7pc_k_05.png
`英霊結晶・星のフォウくん X 10
英霊結晶・太陽のフォウくん X 10
``從者/禮裝數: 626 / 712`
_2023-07-02 19:39:08_
--------
`友情點數召喚累計2270次

`[d4c10e20929a4c973210db1453668b11]
`登入天數: 174天 / 2048天
等級: 20
石頭: 2085
呼符: 49
友情點: +0 / 1738020`
*連続ログイン6日目
※ログインが途切れるか、7日到達すると
1日目から再開されます*
`聖晶石 X 2
7月交換券(2023) X 1
`*2800万DL突破記念 特別回数ログインボーナス*
*開催期間中、1日1回 最大10回 回数ログインボーナスをプレゼント！*
/webview/loginbonus/20230629_rff7pc/rff7pc_k_05.png
`英霊結晶・星のフォウくん X 10
英霊結晶・太陽のフォウくん X 10
``從者/禮裝數: 662 / 710`
_2023-07-02 19:39:20_
--------
`友情點數召喚累計2160次

`[f0cc4e7ae2d4b30013f328b2cf7d6063]
`登入天數: 174天 / 2057天
等級: 20
石頭: 1455
呼符: 125
友情點: +0 / 1831585`
*連続ログイン6日目
※ログインが途切れるか、7日到達すると
1日目から再開されます*
`聖晶石 X 2
7月交換券(2023) X 1
`*2800万DL突破記念 特別回数ログインボーナス*
*開催期間中、1日1回 最大10回 回数ログインボーナスをプレゼント！*
/webview/loginbonus/20230629_rff7pc/rff7pc_k_05.png
`英霊結晶・星のフォウくん X 10
英霊結晶・太陽のフォウくん X 10
``從者/禮裝數: 673 / 707`
_2023-07-02 19:39:31_
--------
`友情點數召喚累計2152次

`[48a14ba1dd858b92594b71e0ed7d5311]
`登入天數: 174天 / 2049天
等級: 20
石頭: 2522
呼符: 172
友情點: +0 / 1740985`
*連続ログイン6日目
※ログインが途切れるか、7日到達すると
1日目から再開されます*
`聖晶石 X 2
7月交換券(2023) X 1
`*2800万DL突破記念 特別回数ログインボーナス*
*開催期間中、1日1回 最大10回 回数ログインボーナスをプレゼント！*
/webview/loginbonus/20230629_rff7pc/rff7pc_k_05.png
`英霊結晶・星のフォウくん X 10
英霊結晶・太陽のフォウくん X 10
``從者/禮裝數: 700 / 700`
_2023-07-02 19:39:43_
--------
`友情點數召喚累計2070次

`