【登入訊息】
[c5ab1b78563b1f9e4ee17ab01234bc5e]
`登入天數: 175天 / 1917天
等級: 92
石頭: 3267
呼符: 170
友情點: +0 / 1873505`
*連続ログイン7日間到達おめでとうございます！
明日は1日目からリスタートされます。*
`獣の足跡 X 1
呼符 X 1
7月交換券(2023) X 1
`*日替りログインボーナス*
*開催期間中、1日1回 2週間日替りでログインボーナスをプレゼント！*
/webview/loginbonus/20230704_2nte01/2nte01_s_01.png
`巡霊の葉 X 30
`*2800万DL突破記念 特別回数ログインボーナス*
*開催期間中、1日1回 最大10回 回数ログインボーナスをプレゼント！*
/webview/loginbonus/20230629_rff7pc/rff7pc_k_06.png
`叡智の業火 X 10
マナプリズム X 100
``從者/禮裝數: 684 / 682`
_2023-07-03 19:38:08_
--------
`友情點數召喚累計3061次

`[d4825e10f75d83bc0cfb33b6768a8634]
`登入天數: 175天 / 2106天
等級: 19
石頭: 3110
呼符: 89
友情點: +1460 / 2166275`
*連続ログイン7日間到達おめでとうございます！
明日は1日目からリスタートされます。*
`獣の足跡 X 1
呼符 X 1
7月交換券(2023) X 1
`*日替りログインボーナス*
*開催期間中、1日1回 2週間日替りでログインボーナスをプレゼント！*
/webview/loginbonus/20230704_2nte01/2nte01_s_01.png
`巡霊の葉 X 30
`*2800万DL突破記念 特別回数ログインボーナス*
*開催期間中、1日1回 最大10回 回数ログインボーナスをプレゼント！*
/webview/loginbonus/20230629_rff7pc/rff7pc_k_06.png
`叡智の業火 X 10
マナプリズム X 100
``從者/禮裝數: 684 / 707`
_2023-07-03 19:38:20_
--------
`友情點數召喚累計2410次

`[ff29db15be18f883ffccdf7ab23021a7]
`登入天數: 175天 / 2102天
等級: 18
石頭: 2395
呼符: 64
友情點: +890 / 1976335`
*連続ログイン7日間到達おめでとうございます！
明日は1日目からリスタートされます。*
`獣の足跡 X 1
呼符 X 1
7月交換券(2023) X 1
`*日替りログインボーナス*
*開催期間中、1日1回 2週間日替りでログインボーナスをプレゼント！*
/webview/loginbonus/20230704_2nte01/2nte01_s_01.png
`巡霊の葉 X 30
`*2800万DL突破記念 特別回数ログインボーナス*
*開催期間中、1日1回 最大10回 回数ログインボーナスをプレゼント！*
/webview/loginbonus/20230629_rff7pc/rff7pc_k_06.png
`叡智の業火 X 10
マナプリズム X 100
``從者/禮裝數: 701 / 718`
_2023-07-03 19:38:32_
--------
`友情點數召喚累計2290次

`[cc4787a257e3a46e268001195f780247]
`登入天數: 175天 / 2116天
等級: 18
石頭: 3191
呼符: 174
友情點: +710 / 2080910`
*連続ログイン7日間到達おめでとうございます！
明日は1日目からリスタートされます。*
`獣の足跡 X 1
呼符 X 1
7月交換券(2023) X 1
`*日替りログインボーナス*
*開催期間中、1日1回 2週間日替りでログインボーナスをプレゼント！*
/webview/loginbonus/20230704_2nte01/2nte01_s_01.png
`巡霊の葉 X 30
`*2800万DL突破記念 特別回数ログインボーナス*
*開催期間中、1日1回 最大10回 回数ログインボーナスをプレゼント！*
/webview/loginbonus/20230629_rff7pc/rff7pc_k_06.png
`叡智の業火 X 10
マナプリズム X 100
``從者/禮裝數: 645 / 665`
_2023-07-03 19:38:44_
--------
`友情點數召喚累計2740次

`[3f5599a008981ecf87f2dea9d1d83d6a]
`登入天數: 175天 / 2121天
等級: 18
石頭: 2391
呼符: 64
友情點: +0 / 1970150`
*連続ログイン7日間到達おめでとうございます！
明日は1日目からリスタートされます。*
`獣の足跡 X 1
呼符 X 1
7月交換券(2023) X 1
`*日替りログインボーナス*
*開催期間中、1日1回 2週間日替りでログインボーナスをプレゼント！*
/webview/loginbonus/20230704_2nte01/2nte01_s_01.png
`巡霊の葉 X 30
`*2800万DL突破記念 特別回数ログインボーナス*
*開催期間中、1日1回 最大10回 回数ログインボーナスをプレゼント！*
/webview/loginbonus/20230629_rff7pc/rff7pc_k_06.png
`叡智の業火 X 10
マナプリズム X 100
``從者/禮裝數: 694 / 718`
_2023-07-03 19:38:56_
--------
`友情點數召喚累計2210次

`[0d14e47d83c8b8400ed7555e0192724d]
`登入天數: 175天 / 2043天
等級: 21
石頭: 2051
呼符: 84
友情點: +760 / 1944355`
*連続ログイン7日間到達おめでとうございます！
明日は1日目からリスタートされます。*
`獣の足跡 X 1
呼符 X 1
7月交換券(2023) X 1
`*日替りログインボーナス*
*開催期間中、1日1回 2週間日替りでログインボーナスをプレゼント！*
/webview/loginbonus/20230704_2nte01/2nte01_s_01.png
`巡霊の葉 X 30
`*2800万DL突破記念 特別回数ログインボーナス*
*開催期間中、1日1回 最大10回 回数ログインボーナスをプレゼント！*
/webview/loginbonus/20230629_rff7pc/rff7pc_k_06.png
`叡智の業火 X 10
マナプリズム X 100
``從者/禮裝數: 629 / 717`
_2023-07-03 19:39:09_
--------
`友情點數召喚累計2280次

`[d4c10e20929a4c973210db1453668b11]
`登入天數: 175天 / 2049天
等級: 20
石頭: 2085
呼符: 49
友情點: +0 / 1738020`
*連続ログイン7日間到達おめでとうございます！
明日は1日目からリスタートされます。*
`獣の足跡 X 1
呼符 X 1
7月交換券(2023) X 1
`*日替りログインボーナス*
*開催期間中、1日1回 2週間日替りでログインボーナスをプレゼント！*
/webview/loginbonus/20230704_2nte01/2nte01_s_01.png
`巡霊の葉 X 30
`*2800万DL突破記念 特別回数ログインボーナス*
*開催期間中、1日1回 最大10回 回数ログインボーナスをプレゼント！*
/webview/loginbonus/20230629_rff7pc/rff7pc_k_06.png
`叡智の業火 X 10
マナプリズム X 100
``從者/禮裝數: 664 / 717`
_2023-07-03 19:39:21_
--------
`友情點數召喚累計2170次

`[f0cc4e7ae2d4b30013f328b2cf7d6063]
`登入天數: 175天 / 2058天
等級: 20
石頭: 1455
呼符: 125
友情點: +0 / 1831585`
*連続ログイン7日間到達おめでとうございます！
明日は1日目からリスタートされます。*
`獣の足跡 X 1
呼符 X 1
7月交換券(2023) X 1
`*日替りログインボーナス*
*開催期間中、1日1回 2週間日替りでログインボーナスをプレゼント！*
/webview/loginbonus/20230704_2nte01/2nte01_s_01.png
`巡霊の葉 X 30
`*2800万DL突破記念 特別回数ログインボーナス*
*開催期間中、1日1回 最大10回 回数ログインボーナスをプレゼント！*
/webview/loginbonus/20230629_rff7pc/rff7pc_k_06.png
`叡智の業火 X 10
マナプリズム X 100
``從者/禮裝數: 678 / 710`
_2023-07-03 19:39:33_
--------
`友情點數召喚累計2162次

`[48a14ba1dd858b92594b71e0ed7d5311]
`登入天數: 175天 / 2050天
等級: 20
石頭: 2522
呼符: 172
友情點: +0 / 1740985`
*連続ログイン7日間到達おめでとうございます！
明日は1日目からリスタートされます。*
`獣の足跡 X 1
呼符 X 1
7月交換券(2023) X 1
`*日替りログインボーナス*
*開催期間中、1日1回 2週間日替りでログインボーナスをプレゼント！*
/webview/loginbonus/20230704_2nte01/2nte01_s_01.png
`巡霊の葉 X 30
`*2800万DL突破記念 特別回数ログインボーナス*
*開催期間中、1日1回 最大10回 回数ログインボーナスをプレゼント！*
/webview/loginbonus/20230629_rff7pc/rff7pc_k_06.png
`叡智の業火 X 10
マナプリズム X 100
``從者/禮裝數: 704 / 705`
_2023-07-03 19:39:44_
--------
`友情點數召喚累計2080次

`