【登入訊息】
[c5ab1b78563b1f9e4ee17ab01234bc5e]
`登入天數: 176天 / 1918天
等級: 92
石頭: 3267
呼符: 170
友情點: +0 / 1873505`
*連続ログイン1日目
※ログインが途切れるか、7日到達すると
1日目から再開されます*
`フレンドポイント X 2000
7月交換券(2023) X 1
`*日替りログインボーナス*
*開催期間中、1日1回 2週間日替りでログインボーナスをプレゼント！*
/webview/loginbonus/20230705_2nte02/2nte02_s_01.png
`巡霊の葉 X 30
`*2800万DL突破記念 特別回数ログインボーナス*
*開催期間中、1日1回 最大10回 回数ログインボーナスをプレゼント！*
/webview/loginbonus/20230629_rff7pc/rff7pc_k_07.png
`英霊結晶・流星のフォウくん X 1
英霊結晶・日輪のフォウくん X 1
``從者/禮裝數: 687 / 689`
_2023-07-04 19:37:58_
--------
`友情點數召喚累計3071次

`[d4825e10f75d83bc0cfb33b6768a8634]
`登入天數: 176天 / 2107天
等級: 19
石頭: 3110
呼符: 89
友情點: +220 / 2166495`
*連続ログイン1日目
※ログインが途切れるか、7日到達すると
1日目から再開されます*
`フレンドポイント X 2000
7月交換券(2023) X 1
`*日替りログインボーナス*
*開催期間中、1日1回 2週間日替りでログインボーナスをプレゼント！*
/webview/loginbonus/20230705_2nte02/2nte02_s_01.png
`巡霊の葉 X 30
`*2800万DL突破記念 特別回数ログインボーナス*
*開催期間中、1日1回 最大10回 回数ログインボーナスをプレゼント！*
/webview/loginbonus/20230629_rff7pc/rff7pc_k_07.png
`英霊結晶・流星のフォウくん X 1
英霊結晶・日輪のフォウくん X 1
``從者/禮裝數: 686 / 713`
_2023-07-04 19:38:10_
--------
`友情點數召喚累計2420次

`[ff29db15be18f883ffccdf7ab23021a7]
`登入天數: 176天 / 2103天
等級: 18
石頭: 2395
呼符: 64
友情點: +60 / 1976395`
*連続ログイン1日目
※ログインが途切れるか、7日到達すると
1日目から再開されます*
`フレンドポイント X 2000
7月交換券(2023) X 1
`*日替りログインボーナス*
*開催期間中、1日1回 2週間日替りでログインボーナスをプレゼント！*
/webview/loginbonus/20230705_2nte02/2nte02_s_01.png
`巡霊の葉 X 30
`*2800万DL突破記念 特別回数ログインボーナス*
*開催期間中、1日1回 最大10回 回数ログインボーナスをプレゼント！*
/webview/loginbonus/20230629_rff7pc/rff7pc_k_07.png
`英霊結晶・流星のフォウくん X 1
英霊結晶・日輪のフォウくん X 1
``從者/禮裝數: 706 / 722`
_2023-07-04 19:38:22_
--------
`友情點數召喚累計2300次

`[cc4787a257e3a46e268001195f780247]
`登入天數: 176天 / 2117天
等級: 18
石頭: 3191
呼符: 174
友情點: +130 / 2081040`
*連続ログイン1日目
※ログインが途切れるか、7日到達すると
1日目から再開されます*
`フレンドポイント X 2000
7月交換券(2023) X 1
`*日替りログインボーナス*
*開催期間中、1日1回 2週間日替りでログインボーナスをプレゼント！*
/webview/loginbonus/20230705_2nte02/2nte02_s_01.png
`巡霊の葉 X 30
`*2800万DL突破記念 特別回数ログインボーナス*
*開催期間中、1日1回 最大10回 回数ログインボーナスをプレゼント！*
/webview/loginbonus/20230629_rff7pc/rff7pc_k_07.png
`英霊結晶・流星のフォウくん X 1
英霊結晶・日輪のフォウくん X 1
``從者/禮裝數: 647 / 670`
_2023-07-04 19:38:35_
--------
`友情點數召喚累計2750次

`[3f5599a008981ecf87f2dea9d1d83d6a]
`登入天數: 176天 / 2122天
等級: 18
石頭: 2391
呼符: 64
友情點: +0 / 1970150`
*連続ログイン1日目
※ログインが途切れるか、7日到達すると
1日目から再開されます*
`フレンドポイント X 2000
7月交換券(2023) X 1
`*日替りログインボーナス*
*開催期間中、1日1回 2週間日替りでログインボーナスをプレゼント！*
/webview/loginbonus/20230705_2nte02/2nte02_s_01.png
`巡霊の葉 X 30
`*2800万DL突破記念 特別回数ログインボーナス*
*開催期間中、1日1回 最大10回 回数ログインボーナスをプレゼント！*
/webview/loginbonus/20230629_rff7pc/rff7pc_k_07.png
`英霊結晶・流星のフォウくん X 1
英霊結晶・日輪のフォウくん X 1
``從者/禮裝數: 698 / 722`
_2023-07-04 19:38:47_
--------
`友情點數召喚累計2220次

`[0d14e47d83c8b8400ed7555e0192724d]
`登入天數: 176天 / 2044天
等級: 21
石頭: 2051
呼符: 84
友情點: +120 / 1944475`
*連続ログイン1日目
※ログインが途切れるか、7日到達すると
1日目から再開されます*
`フレンドポイント X 2000
7月交換券(2023) X 1
`*日替りログインボーナス*
*開催期間中、1日1回 2週間日替りでログインボーナスをプレゼント！*
/webview/loginbonus/20230705_2nte02/2nte02_s_01.png
`巡霊の葉 X 30
`*2800万DL突破記念 特別回数ログインボーナス*
*開催期間中、1日1回 最大10回 回数ログインボーナスをプレゼント！*
/webview/loginbonus/20230629_rff7pc/rff7pc_k_07.png
`英霊結晶・流星のフォウくん X 1
英霊結晶・日輪のフォウくん X 1
``從者/禮裝數: 630 / 723`
_2023-07-04 19:38:59_
--------
`友情點數召喚累計2290次

`[d4c10e20929a4c973210db1453668b11]
`登入天數: 176天 / 2050天
等級: 20
石頭: 2085
呼符: 49
友情點: +0 / 1738020`
*連続ログイン1日目
※ログインが途切れるか、7日到達すると
1日目から再開されます*
`フレンドポイント X 2000
7月交換券(2023) X 1
`*日替りログインボーナス*
*開催期間中、1日1回 2週間日替りでログインボーナスをプレゼント！*
/webview/loginbonus/20230705_2nte02/2nte02_s_01.png
`巡霊の葉 X 30
`*2800万DL突破記念 特別回数ログインボーナス*
*開催期間中、1日1回 最大10回 回数ログインボーナスをプレゼント！*
/webview/loginbonus/20230629_rff7pc/rff7pc_k_07.png
`英霊結晶・流星のフォウくん X 1
英霊結晶・日輪のフォウくん X 1
``從者/禮裝數: 669 / 719`
_2023-07-04 19:39:11_
--------
`友情點數召喚累計2180次

`[f0cc4e7ae2d4b30013f328b2cf7d6063]
`登入天數: 176天 / 2059天
等級: 20
石頭: 1455
呼符: 125
友情點: +0 / 1831585`
*連続ログイン1日目
※ログインが途切れるか、7日到達すると
1日目から再開されます*
`フレンドポイント X 2000
7月交換券(2023) X 1
`*日替りログインボーナス*
*開催期間中、1日1回 2週間日替りでログインボーナスをプレゼント！*
/webview/loginbonus/20230705_2nte02/2nte02_s_01.png
`巡霊の葉 X 30
`*2800万DL突破記念 特別回数ログインボーナス*
*開催期間中、1日1回 最大10回 回数ログインボーナスをプレゼント！*
/webview/loginbonus/20230629_rff7pc/rff7pc_k_07.png
`英霊結晶・流星のフォウくん X 1
英霊結晶・日輪のフォウくん X 1
``從者/禮裝數: 679 / 718`
_2023-07-04 19:39:23_
--------
`友情點數召喚累計2172次

`[48a14ba1dd858b92594b71e0ed7d5311]
`登入天數: 176天 / 2051天
等級: 20
石頭: 2522
呼符: 172
友情點: +0 / 1740985`
*連続ログイン1日目
※ログインが途切れるか、7日到達すると
1日目から再開されます*
`フレンドポイント X 2000
7月交換券(2023) X 1
`*日替りログインボーナス*
*開催期間中、1日1回 2週間日替りでログインボーナスをプレゼント！*
/webview/loginbonus/20230705_2nte02/2nte02_s_01.png
`巡霊の葉 X 30
`*2800万DL突破記念 特別回数ログインボーナス*
*開催期間中、1日1回 最大10回 回数ログインボーナスをプレゼント！*
/webview/loginbonus/20230629_rff7pc/rff7pc_k_07.png
`英霊結晶・流星のフォウくん X 1
英霊結晶・日輪のフォウくん X 1
``從者/禮裝數: 707 / 710`
_2023-07-04 19:39:34_
--------
`友情點數召喚累計2090次

`