【登入訊息】
[c5ab1b78563b1f9e4ee17ab01234bc5e]
`登入天數: 177天 / 1919天
等級: 92
石頭: 3267
呼符: 170
友情點: +0 / 1873505`
*連続ログイン2日目
※ログインが途切れるか、7日到達すると
1日目から再開されます*
`聖晶石 X 1
7月交換券(2023) X 1
`*日替りログインボーナス*
*開催期間中、1日1回 2週間日替りでログインボーナスをプレゼント！*
/webview/loginbonus/20230706_2nte03/2nte03_s_01.png
`聖晶石 X 2
巡霊の葉 X 100
`*2800万DL突破記念 特別回数ログインボーナス*
*開催期間中、1日1回 最大10回 回数ログインボーナスをプレゼント！*
/webview/loginbonus/20230629_rff7pc/rff7pc_k_08.png
`レアプリズム X 1
星見のティーポット X 3
`*FGO カルデア放送局 ライト版 FGO Fes. 2023＆ゲーム最新情報 放送記念 初回ログインボーナス*
*開催期間中、初回ログインで「聖晶石×14」をプレゼント！*
/webview/loginbonus/20230706_4ujzws/4ujzws_s_01.png
`聖晶石 X 14
`*ミスティックアイズ・シンフォニー開幕記念 ログインボーナス*
*開催期間中、1日1回 最大21回ログインボーナスをプレゼント！*
/webview/loginbonus/20230705_m5gr2h/m5gr2h_k_1.png
`白銀の果実 X 1
``從者/禮裝數: 691 / 695`
_2023-07-05 19:38:11_
--------
`友情點數召喚累計3081次

`[d4825e10f75d83bc0cfb33b6768a8634]
`登入天數: 177天 / 2108天
等級: 19
石頭: 3110
呼符: 89
友情點: +520 / 2167015`
*連続ログイン2日目
※ログインが途切れるか、7日到達すると
1日目から再開されます*
`聖晶石 X 1
7月交換券(2023) X 1
`*日替りログインボーナス*
*開催期間中、1日1回 2週間日替りでログインボーナスをプレゼント！*
/webview/loginbonus/20230706_2nte03/2nte03_s_01.png
`聖晶石 X 2
巡霊の葉 X 100
`*2800万DL突破記念 特別回数ログインボーナス*
*開催期間中、1日1回 最大10回 回数ログインボーナスをプレゼント！*
/webview/loginbonus/20230629_rff7pc/rff7pc_k_08.png
`レアプリズム X 1
星見のティーポット X 3
`*FGO カルデア放送局 ライト版 FGO Fes. 2023＆ゲーム最新情報 放送記念 初回ログインボーナス*
*開催期間中、初回ログインで「聖晶石×14」をプレゼント！*
/webview/loginbonus/20230706_4ujzws/4ujzws_s_01.png
`聖晶石 X 14
`*ミスティックアイズ・シンフォニー開幕記念 ログインボーナス*
*開催期間中、1日1回 最大21回ログインボーナスをプレゼント！*
/webview/loginbonus/20230705_m5gr2h/m5gr2h_k_1.png
`白銀の果実 X 1
``從者/禮裝數: 688 / 718`
_2023-07-05 19:38:23_
--------
`友情點數召喚累計2430次

`[ff29db15be18f883ffccdf7ab23021a7]
`登入天數: 177天 / 2104天
等級: 18
石頭: 2395
呼符: 64
友情點: +290 / 1976685`
*連続ログイン2日目
※ログインが途切れるか、7日到達すると
1日目から再開されます*
`聖晶石 X 1
7月交換券(2023) X 1
`*日替りログインボーナス*
*開催期間中、1日1回 2週間日替りでログインボーナスをプレゼント！*
/webview/loginbonus/20230706_2nte03/2nte03_s_01.png
`聖晶石 X 2
巡霊の葉 X 100
`*2800万DL突破記念 特別回数ログインボーナス*
*開催期間中、1日1回 最大10回 回数ログインボーナスをプレゼント！*
/webview/loginbonus/20230629_rff7pc/rff7pc_k_08.png
`レアプリズム X 1
星見のティーポット X 3
`*FGO カルデア放送局 ライト版 FGO Fes. 2023＆ゲーム最新情報 放送記念 初回ログインボーナス*
*開催期間中、初回ログインで「聖晶石×14」をプレゼント！*
/webview/loginbonus/20230706_4ujzws/4ujzws_s_01.png
`聖晶石 X 14
`*ミスティックアイズ・シンフォニー開幕記念 ログインボーナス*
*開催期間中、1日1回 最大21回ログインボーナスをプレゼント！*
/webview/loginbonus/20230705_m5gr2h/m5gr2h_k_1.png
`白銀の果実 X 1
``從者/禮裝數: 708 / 729`
_2023-07-05 19:38:34_
--------
`友情點數召喚累計2310次

`[cc4787a257e3a46e268001195f780247]
`登入天數: 177天 / 2118天
等級: 18
石頭: 3191
呼符: 174
友情點: +190 / 2081230`
*連続ログイン2日目
※ログインが途切れるか、7日到達すると
1日目から再開されます*
`聖晶石 X 1
7月交換券(2023) X 1
`*日替りログインボーナス*
*開催期間中、1日1回 2週間日替りでログインボーナスをプレゼント！*
/webview/loginbonus/20230706_2nte03/2nte03_s_01.png
`聖晶石 X 2
巡霊の葉 X 100
`*2800万DL突破記念 特別回数ログインボーナス*
*開催期間中、1日1回 最大10回 回数ログインボーナスをプレゼント！*
/webview/loginbonus/20230629_rff7pc/rff7pc_k_08.png
`レアプリズム X 1
星見のティーポット X 3
`*FGO カルデア放送局 ライト版 FGO Fes. 2023＆ゲーム最新情報 放送記念 初回ログインボーナス*
*開催期間中、初回ログインで「聖晶石×14」をプレゼント！*
/webview/loginbonus/20230706_4ujzws/4ujzws_s_01.png
`聖晶石 X 14
`*ミスティックアイズ・シンフォニー開幕記念 ログインボーナス*
*開催期間中、1日1回 最大21回ログインボーナスをプレゼント！*
/webview/loginbonus/20230705_m5gr2h/m5gr2h_k_1.png
`白銀の果実 X 1
``從者/禮裝數: 651 / 675`
_2023-07-05 19:38:46_
--------
`友情點數召喚累計2760次

`[3f5599a008981ecf87f2dea9d1d83d6a]
`登入天數: 177天 / 2123天
等級: 18
石頭: 2391
呼符: 64
友情點: +0 / 1970150`
*連続ログイン2日目
※ログインが途切れるか、7日到達すると
1日目から再開されます*
`聖晶石 X 1
7月交換券(2023) X 1
`*日替りログインボーナス*
*開催期間中、1日1回 2週間日替りでログインボーナスをプレゼント！*
/webview/loginbonus/20230706_2nte03/2nte03_s_01.png
`聖晶石 X 2
巡霊の葉 X 100
`*2800万DL突破記念 特別回数ログインボーナス*
*開催期間中、1日1回 最大10回 回数ログインボーナスをプレゼント！*
/webview/loginbonus/20230629_rff7pc/rff7pc_k_08.png
`レアプリズム X 1
星見のティーポット X 3
`*FGO カルデア放送局 ライト版 FGO Fes. 2023＆ゲーム最新情報 放送記念 初回ログインボーナス*
*開催期間中、初回ログインで「聖晶石×14」をプレゼント！*
/webview/loginbonus/20230706_4ujzws/4ujzws_s_01.png
`聖晶石 X 14
`*ミスティックアイズ・シンフォニー開幕記念 ログインボーナス*
*開催期間中、1日1回 最大21回ログインボーナスをプレゼント！*
/webview/loginbonus/20230705_m5gr2h/m5gr2h_k_1.png
`白銀の果実 X 1
``從者/禮裝數: 701 / 728`
_2023-07-05 19:38:57_
--------
`友情點數召喚累計2230次

`[0d14e47d83c8b8400ed7555e0192724d]
`登入天數: 177天 / 2045天
等級: 21
石頭: 2051
呼符: 84
友情點: +260 / 1944735`
*連続ログイン2日目
※ログインが途切れるか、7日到達すると
1日目から再開されます*
`聖晶石 X 1
7月交換券(2023) X 1
`*日替りログインボーナス*
*開催期間中、1日1回 2週間日替りでログインボーナスをプレゼント！*
/webview/loginbonus/20230706_2nte03/2nte03_s_01.png
`聖晶石 X 2
巡霊の葉 X 100
`*2800万DL突破記念 特別回数ログインボーナス*
*開催期間中、1日1回 最大10回 回数ログインボーナスをプレゼント！*
/webview/loginbonus/20230629_rff7pc/rff7pc_k_08.png
`レアプリズム X 1
星見のティーポット X 3
`*FGO カルデア放送局 ライト版 FGO Fes. 2023＆ゲーム最新情報 放送記念 初回ログインボーナス*
*開催期間中、初回ログインで「聖晶石×14」をプレゼント！*
/webview/loginbonus/20230706_4ujzws/4ujzws_s_01.png
`聖晶石 X 14
`*ミスティックアイズ・シンフォニー開幕記念 ログインボーナス*
*開催期間中、1日1回 最大21回ログインボーナスをプレゼント！*
/webview/loginbonus/20230705_m5gr2h/m5gr2h_k_1.png
`白銀の果実 X 1
``從者/禮裝數: 632 / 728`
_2023-07-05 19:39:09_
--------
`友情點數召喚累計2300次

`[d4c10e20929a4c973210db1453668b11]
`登入天數: 177天 / 2051天
等級: 20
石頭: 2085
呼符: 49
友情點: +0 / 1738020`
*連続ログイン2日目
※ログインが途切れるか、7日到達すると
1日目から再開されます*
`聖晶石 X 1
7月交換券(2023) X 1
`*日替りログインボーナス*
*開催期間中、1日1回 2週間日替りでログインボーナスをプレゼント！*
/webview/loginbonus/20230706_2nte03/2nte03_s_01.png
`聖晶石 X 2
巡霊の葉 X 100
`*2800万DL突破記念 特別回数ログインボーナス*
*開催期間中、1日1回 最大10回 回数ログインボーナスをプレゼント！*
/webview/loginbonus/20230629_rff7pc/rff7pc_k_08.png
`レアプリズム X 1
星見のティーポット X 3
`*FGO カルデア放送局 ライト版 FGO Fes. 2023＆ゲーム最新情報 放送記念 初回ログインボーナス*
*開催期間中、初回ログインで「聖晶石×14」をプレゼント！*
/webview/loginbonus/20230706_4ujzws/4ujzws_s_01.png
`聖晶石 X 14
`*ミスティックアイズ・シンフォニー開幕記念 ログインボーナス*
*開催期間中、1日1回 最大21回ログインボーナスをプレゼント！*
/webview/loginbonus/20230705_m5gr2h/m5gr2h_k_1.png
`白銀の果実 X 1
``從者/禮裝數: 670 / 724`
_2023-07-05 19:39:21_
--------
`友情點數召喚累計2190次

`[f0cc4e7ae2d4b30013f328b2cf7d6063]
`登入天數: 177天 / 2060天
等級: 20
石頭: 1455
呼符: 125
友情點: +0 / 1831585`
*連続ログイン2日目
※ログインが途切れるか、7日到達すると
1日目から再開されます*
`聖晶石 X 1
7月交換券(2023) X 1
`*日替りログインボーナス*
*開催期間中、1日1回 2週間日替りでログインボーナスをプレゼント！*
/webview/loginbonus/20230706_2nte03/2nte03_s_01.png
`聖晶石 X 2
巡霊の葉 X 100
`*2800万DL突破記念 特別回数ログインボーナス*
*開催期間中、1日1回 最大10回 回数ログインボーナスをプレゼント！*
/webview/loginbonus/20230629_rff7pc/rff7pc_k_08.png
`レアプリズム X 1
星見のティーポット X 3
`*FGO カルデア放送局 ライト版 FGO Fes. 2023＆ゲーム最新情報 放送記念 初回ログインボーナス*
*開催期間中、初回ログインで「聖晶石×14」をプレゼント！*
/webview/loginbonus/20230706_4ujzws/4ujzws_s_01.png
`聖晶石 X 14
`*ミスティックアイズ・シンフォニー開幕記念 ログインボーナス*
*開催期間中、1日1回 最大21回ログインボーナスをプレゼント！*
/webview/loginbonus/20230705_m5gr2h/m5gr2h_k_1.png
`白銀の果実 X 1
``從者/禮裝數: 680 / 723`
_2023-07-05 19:39:32_
--------
`友情點數召喚累計2182次

`[48a14ba1dd858b92594b71e0ed7d5311]
`登入天數: 177天 / 2052天
等級: 20
石頭: 2522
呼符: 172
友情點: +0 / 1740985`
*連続ログイン2日目
※ログインが途切れるか、7日到達すると
1日目から再開されます*
`聖晶石 X 1
7月交換券(2023) X 1
`*日替りログインボーナス*
*開催期間中、1日1回 2週間日替りでログインボーナスをプレゼント！*
/webview/loginbonus/20230706_2nte03/2nte03_s_01.png
`聖晶石 X 2
巡霊の葉 X 100
`*2800万DL突破記念 特別回数ログインボーナス*
*開催期間中、1日1回 最大10回 回数ログインボーナスをプレゼント！*
/webview/loginbonus/20230629_rff7pc/rff7pc_k_08.png
`レアプリズム X 1
星見のティーポット X 3
`*FGO カルデア放送局 ライト版 FGO Fes. 2023＆ゲーム最新情報 放送記念 初回ログインボーナス*
*開催期間中、初回ログインで「聖晶石×14」をプレゼント！*
/webview/loginbonus/20230706_4ujzws/4ujzws_s_01.png
`聖晶石 X 14
`*ミスティックアイズ・シンフォニー開幕記念 ログインボーナス*
*開催期間中、1日1回 最大21回ログインボーナスをプレゼント！*
/webview/loginbonus/20230705_m5gr2h/m5gr2h_k_1.png
`白銀の果実 X 1
``從者/禮裝數: 711 / 715`
_2023-07-05 19:39:44_
--------
`友情點數召喚累計2100次

`