【登入訊息】
[c5ab1b78563b1f9e4ee17ab01234bc5e]
`登入天數: 3天 / 1925天
等級: 92
石頭: 3267
呼符: 170
友情點: +0 / 1871505`
*連続ログイン3日目
※ログインが途切れるか、7日到達すると
1日目から再開されます*
`叡智の業火 X 1
7月交換券(2023) X 1
`*日替りログインボーナス*
*開催期間中、1日1回 2週間日替りでログインボーナスをプレゼント！*
/webview/loginbonus/20230713_2nte10/2nte10_s_01.png
`聖晶石 X 2
巡霊の葉 X 100
`*ミスティックアイズ・シンフォニー開幕記念 ログインボーナス*
*開催期間中、1日1回 最大21回ログインボーナスをプレゼント！*
/webview/loginbonus/20230705_m5gr2h/m5gr2h_k_7.png
`黄金の果実 X 1
``從者/禮裝數: 710 / 733`
_2023-07-12 19:38:09_
--------
`友情點數召喚累計3151次

`[d4825e10f75d83bc0cfb33b6768a8634]
`登入天數: 3天 / 2114天
等級: 19
石頭: 3110
呼符: 89
友情點: +1100 / 2173115`
*連続ログイン3日目
※ログインが途切れるか、7日到達すると
1日目から再開されます*
`叡智の業火 X 1
7月交換券(2023) X 1
`*日替りログインボーナス*
*開催期間中、1日1回 2週間日替りでログインボーナスをプレゼント！*
/webview/loginbonus/20230713_2nte10/2nte10_s_01.png
`聖晶石 X 2
巡霊の葉 X 100
`*ミスティックアイズ・シンフォニー開幕記念 ログインボーナス*
*開催期間中、1日1回 最大21回ログインボーナスをプレゼント！*
/webview/loginbonus/20230705_m5gr2h/m5gr2h_k_7.png
`黄金の果実 X 1
``從者/禮裝數: 707 / 752`
_2023-07-12 19:38:21_
--------
`友情點數召喚累計2500次

`[ff29db15be18f883ffccdf7ab23021a7]
`登入天數: 3天 / 2110天
等級: 18
石頭: 2395
呼符: 64
友情點: +570 / 1978495`
*連続ログイン3日目
※ログインが途切れるか、7日到達すると
1日目から再開されます*
`叡智の業火 X 1
7月交換券(2023) X 1
`*日替りログインボーナス*
*開催期間中、1日1回 2週間日替りでログインボーナスをプレゼント！*
/webview/loginbonus/20230713_2nte10/2nte10_s_01.png
`聖晶石 X 2
巡霊の葉 X 100
`*ミスティックアイズ・シンフォニー開幕記念 ログインボーナス*
*開催期間中、1日1回 最大21回ログインボーナスをプレゼント！*
/webview/loginbonus/20230705_m5gr2h/m5gr2h_k_7.png
`黄金の果実 X 1
``從者/禮裝數: 724 / 767`
_2023-07-12 19:38:33_
--------
`友情點數召喚累計2380次

`[cc4787a257e3a46e268001195f780247]
`登入天數: 3天 / 2124天
等級: 18
石頭: 3191
呼符: 174
友情點: +350 / 2084410`
*連続ログイン3日目
※ログインが途切れるか、7日到達すると
1日目から再開されます*
`叡智の業火 X 1
7月交換券(2023) X 1
`*日替りログインボーナス*
*開催期間中、1日1回 2週間日替りでログインボーナスをプレゼント！*
/webview/loginbonus/20230713_2nte10/2nte10_s_01.png
`聖晶石 X 2
巡霊の葉 X 100
`*ミスティックアイズ・シンフォニー開幕記念 ログインボーナス*
*開催期間中、1日1回 最大21回ログインボーナスをプレゼント！*
/webview/loginbonus/20230705_m5gr2h/m5gr2h_k_7.png
`黄金の果実 X 1
``從者/禮裝數: 663 / 708`
_2023-07-12 19:38:45_
--------
`友情點數召喚累計2820次

`[3f5599a008981ecf87f2dea9d1d83d6a]
`登入天數: 3天 / 2129天
等級: 18
石頭: 2391
呼符: 64
友情點: +0 / 1970150`
*連続ログイン3日目
※ログインが途切れるか、7日到達すると
1日目から再開されます*
`叡智の業火 X 1
7月交換券(2023) X 1
`*日替りログインボーナス*
*開催期間中、1日1回 2週間日替りでログインボーナスをプレゼント！*
/webview/loginbonus/20230713_2nte10/2nte10_s_01.png
`聖晶石 X 2
巡霊の葉 X 100
`*ミスティックアイズ・シンフォニー開幕記念 ログインボーナス*
*開催期間中、1日1回 最大21回ログインボーナスをプレゼント！*
/webview/loginbonus/20230705_m5gr2h/m5gr2h_k_7.png
`黄金の果実 X 1
``從者/禮裝數: 715 / 754`
_2023-07-12 19:38:56_
--------
`友情點數召喚累計2280次

`[0d14e47d83c8b8400ed7555e0192724d]
`登入天數: 3天 / 2050天
等級: 21
石頭: 2051
呼符: 84
友情點: +450 / 1947405`
*連続ログイン3日目
※ログインが途切れるか、7日到達すると
1日目から再開されます*
`叡智の業火 X 1
7月交換券(2023) X 1
`*日替りログインボーナス*
*開催期間中、1日1回 2週間日替りでログインボーナスをプレゼント！*
/webview/loginbonus/20230713_2nte10/2nte10_s_01.png
`聖晶石 X 2
巡霊の葉 X 100
`*ミスティックアイズ・シンフォニー開幕記念 ログインボーナス*
*開催期間中、1日1回 最大21回ログインボーナスをプレゼント！*
/webview/loginbonus/20230705_m5gr2h/m5gr2h_k_6.png
`白銀の果実 X 1
``從者/禮裝數: 643 / 752`
_2023-07-12 19:39:09_
--------
`友情點數召喚累計2340次

`[d4c10e20929a4c973210db1453668b11]
`登入天數: 3天 / 2055天
等級: 20
石頭: 2085
呼符: 49
友情點: +0 / 1738020`
*連続ログイン3日目
※ログインが途切れるか、7日到達すると
1日目から再開されます*
`叡智の業火 X 1
7月交換券(2023) X 1
`*日替りログインボーナス*
*開催期間中、1日1回 2週間日替りでログインボーナスをプレゼント！*
/webview/loginbonus/20230713_2nte10/2nte10_s_01.png
`聖晶石 X 2
巡霊の葉 X 100
`*ミスティックアイズ・シンフォニー開幕記念 ログインボーナス*
*開催期間中、1日1回 最大21回ログインボーナスをプレゼント！*
/webview/loginbonus/20230705_m5gr2h/m5gr2h_k_5.png
`白銀の果実 X 1
``從者/禮裝數: 682 / 736`
_2023-07-12 19:39:21_
--------
`友情點數召喚累計2220次

`[f0cc4e7ae2d4b30013f328b2cf7d6063]
`登入天數: 3天 / 2063天
等級: 20
石頭: 1455
呼符: 125
友情點: +0 / 1831585`
*連続ログイン3日目
※ログインが途切れるか、7日到達すると
1日目から再開されます*
`叡智の業火 X 1
7月交換券(2023) X 1
`*日替りログインボーナス*
*開催期間中、1日1回 2週間日替りでログインボーナスをプレゼント！*
/webview/loginbonus/20230713_2nte10/2nte10_s_01.png
`聖晶石 X 2
巡霊の葉 X 100
`*ミスティックアイズ・シンフォニー開幕記念 ログインボーナス*
*開催期間中、1日1回 最大21回ログインボーナスをプレゼント！*
/webview/loginbonus/20230705_m5gr2h/m5gr2h_k_4.png
`白銀の果実 X 1
``從者/禮裝數: 688 / 733`
_2023-07-12 19:39:32_
--------
`友情點數召喚累計2202次

`[48a14ba1dd858b92594b71e0ed7d5311]
`登入天數: 2天 / 2054天
等級: 20
石頭: 2522
呼符: 172
友情點: +0 / 1740985`
*連続ログイン2日目
※ログインが途切れるか、7日到達すると
1日目から再開されます*
`聖晶石 X 1
7月交換券(2023) X 1
`*日替りログインボーナス*
*開催期間中、1日1回 2週間日替りでログインボーナスをプレゼント！*
/webview/loginbonus/20230713_2nte10/2nte10_s_01.png
`聖晶石 X 2
巡霊の葉 X 100
`*ミスティックアイズ・シンフォニー開幕記念 ログインボーナス*
*開催期間中、1日1回 最大21回ログインボーナスをプレゼント！*
/webview/loginbonus/20230705_m5gr2h/m5gr2h_k_3.png
`白銀の果実 X 1
``從者/禮裝數: 715 / 719`
_2023-07-12 19:39:44_
--------
`友情點數召喚累計2110次

`