【登入訊息】
[c5ab1b78563b1f9e4ee17ab01234bc5e]
`登入天數: 4天 / 1926天
等級: 92
石頭: 3267
呼符: 170
友情點: +0 / 1871505`
*連続ログイン4日目
※ログインが途切れるか、7日到達すると
1日目から再開されます*
`聖晶石 X 1
7月交換券(2023) X 1
`*日替りログインボーナス*
*開催期間中、1日1回 2週間日替りでログインボーナスをプレゼント！*
/webview/loginbonus/20230714_2nte11/2nte11_s_01.png
`巡霊の葉 X 30
`*ミスティックアイズ・シンフォニー開幕記念 ログインボーナス*
*開催期間中、1日1回 最大21回ログインボーナスをプレゼント！*
/webview/loginbonus/20230705_m5gr2h/m5gr2h_k_8.png
`白銀の果実 X 1
``從者/禮裝數: 710 / 742`
_2023-07-13 19:38:04_
--------
`友情點數召喚累計3161次

`[d4825e10f75d83bc0cfb33b6768a8634]
`登入天數: 4天 / 2115天
等級: 19
石頭: 3110
呼符: 89
友情點: +200 / 2173315`
*連続ログイン4日目
※ログインが途切れるか、7日到達すると
1日目から再開されます*
`聖晶石 X 1
7月交換券(2023) X 1
`*日替りログインボーナス*
*開催期間中、1日1回 2週間日替りでログインボーナスをプレゼント！*
/webview/loginbonus/20230714_2nte11/2nte11_s_01.png
`巡霊の葉 X 30
`*ミスティックアイズ・シンフォニー開幕記念 ログインボーナス*
*開催期間中、1日1回 最大21回ログインボーナスをプレゼント！*
/webview/loginbonus/20230705_m5gr2h/m5gr2h_k_8.png
`白銀の果実 X 1
``從者/禮裝數: 707 / 759`
_2023-07-13 19:38:16_
--------
`友情點數召喚累計2510次

`[ff29db15be18f883ffccdf7ab23021a7]
`登入天數: 4天 / 2111天
等級: 18
石頭: 2395
呼符: 64
友情點: +70 / 1978565`
*連続ログイン4日目
※ログインが途切れるか、7日到達すると
1日目から再開されます*
`聖晶石 X 1
7月交換券(2023) X 1
`*日替りログインボーナス*
*開催期間中、1日1回 2週間日替りでログインボーナスをプレゼント！*
/webview/loginbonus/20230714_2nte11/2nte11_s_01.png
`巡霊の葉 X 30
`*ミスティックアイズ・シンフォニー開幕記念 ログインボーナス*
*開催期間中、1日1回 最大21回ログインボーナスをプレゼント！*
/webview/loginbonus/20230705_m5gr2h/m5gr2h_k_8.png
`白銀の果実 X 1
``從者/禮裝數: 725 / 775`
_2023-07-13 19:38:28_
--------
`友情點數召喚累計2390次

`[cc4787a257e3a46e268001195f780247]
`登入天數: 4天 / 2125天
等級: 18
石頭: 3191
呼符: 174
友情點: +80 / 2084490`
*連続ログイン4日目
※ログインが途切れるか、7日到達すると
1日目から再開されます*
`聖晶石 X 1
7月交換券(2023) X 1
`*日替りログインボーナス*
*開催期間中、1日1回 2週間日替りでログインボーナスをプレゼント！*
/webview/loginbonus/20230714_2nte11/2nte11_s_01.png
`巡霊の葉 X 30
`*ミスティックアイズ・シンフォニー開幕記念 ログインボーナス*
*開催期間中、1日1回 最大21回ログインボーナスをプレゼント！*
/webview/loginbonus/20230705_m5gr2h/m5gr2h_k_8.png
`白銀の果実 X 1
``從者/禮裝數: 665 / 714`
_2023-07-13 19:38:40_
--------
`友情點數召喚累計2830次

`[3f5599a008981ecf87f2dea9d1d83d6a]
`登入天數: 4天 / 2130天
等級: 18
石頭: 2391
呼符: 64
友情點: +0 / 1970150`
*連続ログイン4日目
※ログインが途切れるか、7日到達すると
1日目から再開されます*
`聖晶石 X 1
7月交換券(2023) X 1
`*日替りログインボーナス*
*開催期間中、1日1回 2週間日替りでログインボーナスをプレゼント！*
/webview/loginbonus/20230714_2nte11/2nte11_s_01.png
`巡霊の葉 X 30
`*ミスティックアイズ・シンフォニー開幕記念 ログインボーナス*
*開催期間中、1日1回 最大21回ログインボーナスをプレゼント！*
/webview/loginbonus/20230705_m5gr2h/m5gr2h_k_8.png
`白銀の果実 X 1
``從者/禮裝數: 719 / 759`
_2023-07-13 19:38:52_
--------
`友情點數召喚累計2290次

`[0d14e47d83c8b8400ed7555e0192724d]
`登入天數: 4天 / 2051天
等級: 21
石頭: 2051
呼符: 84
友情點: +70 / 1947475`
*連続ログイン4日目
※ログインが途切れるか、7日到達すると
1日目から再開されます*
`聖晶石 X 1
7月交換券(2023) X 1
`*日替りログインボーナス*
*開催期間中、1日1回 2週間日替りでログインボーナスをプレゼント！*
/webview/loginbonus/20230714_2nte11/2nte11_s_01.png
`巡霊の葉 X 30
`*ミスティックアイズ・シンフォニー開幕記念 ログインボーナス*
*開催期間中、1日1回 最大21回ログインボーナスをプレゼント！*
/webview/loginbonus/20230705_m5gr2h/m5gr2h_k_7.png
`黄金の果実 X 1
``從者/禮裝數: 647 / 755`
_2023-07-13 19:39:04_
--------
`友情點數召喚累計2350次

`[d4c10e20929a4c973210db1453668b11]
`登入天數: 4天 / 2056天
等級: 20
石頭: 2085
呼符: 49
友情點: +0 / 1738020`
*連続ログイン4日目
※ログインが途切れるか、7日到達すると
1日目から再開されます*
`聖晶石 X 1
7月交換券(2023) X 1
`*日替りログインボーナス*
*開催期間中、1日1回 2週間日替りでログインボーナスをプレゼント！*
/webview/loginbonus/20230714_2nte11/2nte11_s_01.png
`巡霊の葉 X 30
`*ミスティックアイズ・シンフォニー開幕記念 ログインボーナス*
*開催期間中、1日1回 最大21回ログインボーナスをプレゼント！*
/webview/loginbonus/20230705_m5gr2h/m5gr2h_k_6.png
`白銀の果実 X 1
``從者/禮裝數: 686 / 740`
_2023-07-13 19:39:17_
--------
`友情點數召喚累計2230次

`[f0cc4e7ae2d4b30013f328b2cf7d6063]
`登入天數: 4天 / 2064天
等級: 20
石頭: 1455
呼符: 125
友情點: +0 / 1831585`
*連続ログイン4日目
※ログインが途切れるか、7日到達すると
1日目から再開されます*
`聖晶石 X 1
7月交換券(2023) X 1
`*日替りログインボーナス*
*開催期間中、1日1回 2週間日替りでログインボーナスをプレゼント！*
/webview/loginbonus/20230714_2nte11/2nte11_s_01.png
`巡霊の葉 X 30
`*ミスティックアイズ・シンフォニー開幕記念 ログインボーナス*
*開催期間中、1日1回 最大21回ログインボーナスをプレゼント！*
/webview/loginbonus/20230705_m5gr2h/m5gr2h_k_5.png
`白銀の果実 X 1
``從者/禮裝數: 690 / 738`
_2023-07-13 19:39:29_
--------
`友情點數召喚累計2212次

`[48a14ba1dd858b92594b71e0ed7d5311]
`登入天數: 3天 / 2055天
等級: 20
石頭: 2522
呼符: 172
友情點: +0 / 1740985`
*連続ログイン3日目
※ログインが途切れるか、7日到達すると
1日目から再開されます*
`叡智の業火 X 1
7月交換券(2023) X 1
`*日替りログインボーナス*
*開催期間中、1日1回 2週間日替りでログインボーナスをプレゼント！*
/webview/loginbonus/20230714_2nte11/2nte11_s_01.png
`巡霊の葉 X 30
`*ミスティックアイズ・シンフォニー開幕記念 ログインボーナス*
*開催期間中、1日1回 最大21回ログインボーナスをプレゼント！*
/webview/loginbonus/20230705_m5gr2h/m5gr2h_k_4.png
`白銀の果実 X 1
``從者/禮裝數: 717 / 723`
_2023-07-13 19:39:41_
--------
`友情點數召喚累計2120次

`