【登入訊息】
[c5ab1b78563b1f9e4ee17ab01234bc5e]
`登入天數: 5天 / 1927天
等級: 92
石頭: 3267
呼符: 170
友情點: +0 / 1871505`
*連続ログイン5日目
※ログインが途切れるか、7日到達すると
1日目から再開されます*
`叡智の業火 X 2
7月交換券(2023) X 1
`*日替りログインボーナス*
*開催期間中、1日1回 2週間日替りでログインボーナスをプレゼント！*
/webview/loginbonus/20230715_2nte12/2nte12_s_01.png
`巡霊の葉 X 30
`*ミスティックアイズ・シンフォニー開幕記念 ログインボーナス*
*開催期間中、1日1回 最大21回ログインボーナスをプレゼント！*
/webview/loginbonus/20230705_m5gr2h/m5gr2h_k_9.png
`白銀の果実 X 1
``從者/禮裝數: 714 / 745`
_2023-07-14 19:37:57_
--------
`友情點數召喚累計3171次

`[d4825e10f75d83bc0cfb33b6768a8634]
`登入天數: 5天 / 2116天
等級: 19
石頭: 3110
呼符: 89
友情點: +60 / 2173375`
*連続ログイン5日目
※ログインが途切れるか、7日到達すると
1日目から再開されます*
`叡智の業火 X 2
7月交換券(2023) X 1
`*日替りログインボーナス*
*開催期間中、1日1回 2週間日替りでログインボーナスをプレゼント！*
/webview/loginbonus/20230715_2nte12/2nte12_s_01.png
`巡霊の葉 X 30
`*ミスティックアイズ・シンフォニー開幕記念 ログインボーナス*
*開催期間中、1日1回 最大21回ログインボーナスをプレゼント！*
/webview/loginbonus/20230705_m5gr2h/m5gr2h_k_9.png
`白銀の果実 X 1
``從者/禮裝數: 709 / 763`
_2023-07-14 19:38:09_
--------
`友情點數召喚累計2520次

`[ff29db15be18f883ffccdf7ab23021a7]
`登入天數: 5天 / 2112天
等級: 18
石頭: 2395
呼符: 64
友情點: +40 / 1978605`
*連続ログイン5日目
※ログインが途切れるか、7日到達すると
1日目から再開されます*
`叡智の業火 X 2
7月交換券(2023) X 1
`*日替りログインボーナス*
*開催期間中、1日1回 2週間日替りでログインボーナスをプレゼント！*
/webview/loginbonus/20230715_2nte12/2nte12_s_01.png
`巡霊の葉 X 30
`*ミスティックアイズ・シンフォニー開幕記念 ログインボーナス*
*開催期間中、1日1回 最大21回ログインボーナスをプレゼント！*
/webview/loginbonus/20230705_m5gr2h/m5gr2h_k_9.png
`白銀の果実 X 1
``從者/禮裝數: 728 / 780`
_2023-07-14 19:38:21_
--------
`友情點數召喚累計2400次

`[cc4787a257e3a46e268001195f780247]
`登入天數: 5天 / 2126天
等級: 18
石頭: 3191
呼符: 174
友情點: +10 / 2084500`
*連続ログイン5日目
※ログインが途切れるか、7日到達すると
1日目から再開されます*
`叡智の業火 X 2
7月交換券(2023) X 1
`*日替りログインボーナス*
*開催期間中、1日1回 2週間日替りでログインボーナスをプレゼント！*
/webview/loginbonus/20230715_2nte12/2nte12_s_01.png
`巡霊の葉 X 30
`*ミスティックアイズ・シンフォニー開幕記念 ログインボーナス*
*開催期間中、1日1回 最大21回ログインボーナスをプレゼント！*
/webview/loginbonus/20230705_m5gr2h/m5gr2h_k_9.png
`白銀の果実 X 1
``從者/禮裝數: 667 / 720`
_2023-07-14 19:38:33_
--------
`友情點數召喚累計2840次

`[3f5599a008981ecf87f2dea9d1d83d6a]
`登入天數: 5天 / 2131天
等級: 18
石頭: 2391
呼符: 64
友情點: +0 / 1970150`
*連続ログイン5日目
※ログインが途切れるか、7日到達すると
1日目から再開されます*
`叡智の業火 X 2
7月交換券(2023) X 1
`*日替りログインボーナス*
*開催期間中、1日1回 2週間日替りでログインボーナスをプレゼント！*
/webview/loginbonus/20230715_2nte12/2nte12_s_01.png
`巡霊の葉 X 30
`*ミスティックアイズ・シンフォニー開幕記念 ログインボーナス*
*開催期間中、1日1回 最大21回ログインボーナスをプレゼント！*
/webview/loginbonus/20230705_m5gr2h/m5gr2h_k_9.png
`白銀の果実 X 1
``從者/禮裝數: 722 / 764`
_2023-07-14 19:38:45_
--------
`友情點數召喚累計2300次

`[0d14e47d83c8b8400ed7555e0192724d]
`登入天數: 5天 / 2052天
等級: 21
石頭: 2051
呼符: 84
友情點: +40 / 1947515`
*連続ログイン5日目
※ログインが途切れるか、7日到達すると
1日目から再開されます*
`叡智の業火 X 2
7月交換券(2023) X 1
`*日替りログインボーナス*
*開催期間中、1日1回 2週間日替りでログインボーナスをプレゼント！*
/webview/loginbonus/20230715_2nte12/2nte12_s_01.png
`巡霊の葉 X 30
`*ミスティックアイズ・シンフォニー開幕記念 ログインボーナス*
*開催期間中、1日1回 最大21回ログインボーナスをプレゼント！*
/webview/loginbonus/20230705_m5gr2h/m5gr2h_k_8.png
`白銀の果実 X 1
``從者/禮裝數: 651 / 760`
_2023-07-14 19:38:57_
--------
`友情點數召喚累計2360次

`[d4c10e20929a4c973210db1453668b11]
`登入天數: 5天 / 2057天
等級: 20
石頭: 2085
呼符: 49
友情點: +0 / 1738020`
*連続ログイン5日目
※ログインが途切れるか、7日到達すると
1日目から再開されます*
`叡智の業火 X 2
7月交換券(2023) X 1
`*日替りログインボーナス*
*開催期間中、1日1回 2週間日替りでログインボーナスをプレゼント！*
/webview/loginbonus/20230715_2nte12/2nte12_s_01.png
`巡霊の葉 X 30
`*ミスティックアイズ・シンフォニー開幕記念 ログインボーナス*
*開催期間中、1日1回 最大21回ログインボーナスをプレゼント！*
/webview/loginbonus/20230705_m5gr2h/m5gr2h_k_7.png
`黄金の果実 X 1
``從者/禮裝數: 688 / 746`
_2023-07-14 19:39:09_
--------
`友情點數召喚累計2240次

`[f0cc4e7ae2d4b30013f328b2cf7d6063]
`登入天數: 5天 / 2065天
等級: 20
石頭: 1455
呼符: 125
友情點: +0 / 1831585`
*連続ログイン5日目
※ログインが途切れるか、7日到達すると
1日目から再開されます*
`叡智の業火 X 2
7月交換券(2023) X 1
`*日替りログインボーナス*
*開催期間中、1日1回 2週間日替りでログインボーナスをプレゼント！*
/webview/loginbonus/20230715_2nte12/2nte12_s_01.png
`巡霊の葉 X 30
`*ミスティックアイズ・シンフォニー開幕記念 ログインボーナス*
*開催期間中、1日1回 最大21回ログインボーナスをプレゼント！*
/webview/loginbonus/20230705_m5gr2h/m5gr2h_k_6.png
`白銀の果実 X 1
``從者/禮裝數: 692 / 740`
_2023-07-14 19:39:21_
--------
`友情點數召喚累計2222次

`[48a14ba1dd858b92594b71e0ed7d5311]
`登入天數: 4天 / 2056天
等級: 20
石頭: 2522
呼符: 172
友情點: +0 / 1740985`
*連続ログイン4日目
※ログインが途切れるか、7日到達すると
1日目から再開されます*
`聖晶石 X 1
7月交換券(2023) X 1
`*日替りログインボーナス*
*開催期間中、1日1回 2週間日替りでログインボーナスをプレゼント！*
/webview/loginbonus/20230715_2nte12/2nte12_s_01.png
`巡霊の葉 X 30
`*ミスティックアイズ・シンフォニー開幕記念 ログインボーナス*
*開催期間中、1日1回 最大21回ログインボーナスをプレゼント！*
/webview/loginbonus/20230705_m5gr2h/m5gr2h_k_5.png
`白銀の果実 X 1
``從者/禮裝數: 720 / 728`
_2023-07-14 19:39:33_
--------
`友情點數召喚累計2130次

`