【登入訊息】
[c5ab1b78563b1f9e4ee17ab01234bc5e]
`登入天數: 6天 / 1928天
等級: 92
石頭: 3267
呼符: 170
友情點: +0 / 1871505`
*連続ログイン6日目
※ログインが途切れるか、7日到達すると
1日目から再開されます*
`聖晶石 X 2
7月交換券(2023) X 1
`*日替りログインボーナス*
*開催期間中、1日1回 2週間日替りでログインボーナスをプレゼント！*
/webview/loginbonus/20230716_2nte13/2nte13_s_01.png
`巡霊の葉 X 30
`*ミスティックアイズ・シンフォニー開幕記念 ログインボーナス*
*開催期間中、1日1回 最大21回ログインボーナスをプレゼント！*
/webview/loginbonus/20230705_m5gr2h/m5gr2h_k_10.png
`白銀の果実 X 1
``從者/禮裝數: 717 / 749`
_2023-07-15 19:38:04_
--------
`友情點數召喚累計3181次

`[d4825e10f75d83bc0cfb33b6768a8634]
`登入天數: 6天 / 2117天
等級: 19
石頭: 3110
呼符: 89
友情點: +140 / 2173515`
*連続ログイン6日目
※ログインが途切れるか、7日到達すると
1日目から再開されます*
`聖晶石 X 2
7月交換券(2023) X 1
`*日替りログインボーナス*
*開催期間中、1日1回 2週間日替りでログインボーナスをプレゼント！*
/webview/loginbonus/20230716_2nte13/2nte13_s_01.png
`巡霊の葉 X 30
`*ミスティックアイズ・シンフォニー開幕記念 ログインボーナス*
*開催期間中、1日1回 最大21回ログインボーナスをプレゼント！*
/webview/loginbonus/20230705_m5gr2h/m5gr2h_k_10.png
`白銀の果実 X 1
``從者/禮裝數: 712 / 767`
_2023-07-15 19:38:17_
--------
`友情點數召喚累計2530次

`[ff29db15be18f883ffccdf7ab23021a7]
`登入天數: 6天 / 2113天
等級: 18
石頭: 2395
呼符: 64
友情點: +90 / 1978695`
*連続ログイン6日目
※ログインが途切れるか、7日到達すると
1日目から再開されます*
`聖晶石 X 2
7月交換券(2023) X 1
`*日替りログインボーナス*
*開催期間中、1日1回 2週間日替りでログインボーナスをプレゼント！*
/webview/loginbonus/20230716_2nte13/2nte13_s_01.png
`巡霊の葉 X 30
`*ミスティックアイズ・シンフォニー開幕記念 ログインボーナス*
*開催期間中、1日1回 最大21回ログインボーナスをプレゼント！*
/webview/loginbonus/20230705_m5gr2h/m5gr2h_k_10.png
`白銀の果実 X 1
``從者/禮裝數: 730 / 787`
_2023-07-15 19:38:29_
--------
`友情點數召喚累計2410次

`[cc4787a257e3a46e268001195f780247]
`登入天數: 6天 / 2127天
等級: 18
石頭: 3191
呼符: 174
友情點: +90 / 2084590`
*連続ログイン6日目
※ログインが途切れるか、7日到達すると
1日目から再開されます*
`聖晶石 X 2
7月交換券(2023) X 1
`*日替りログインボーナス*
*開催期間中、1日1回 2週間日替りでログインボーナスをプレゼント！*
/webview/loginbonus/20230716_2nte13/2nte13_s_01.png
`巡霊の葉 X 30
`*ミスティックアイズ・シンフォニー開幕記念 ログインボーナス*
*開催期間中、1日1回 最大21回ログインボーナスをプレゼント！*
/webview/loginbonus/20230705_m5gr2h/m5gr2h_k_10.png
`白銀の果実 X 1
``從者/禮裝數: 669 / 727`
_2023-07-15 19:38:41_
--------
`友情點數召喚累計2850次

`[3f5599a008981ecf87f2dea9d1d83d6a]
`登入天數: 6天 / 2132天
等級: 18
石頭: 2391
呼符: 64
友情點: +0 / 1970150`
*連続ログイン6日目
※ログインが途切れるか、7日到達すると
1日目から再開されます*
`聖晶石 X 2
7月交換券(2023) X 1
`*日替りログインボーナス*
*開催期間中、1日1回 2週間日替りでログインボーナスをプレゼント！*
/webview/loginbonus/20230716_2nte13/2nte13_s_01.png
`巡霊の葉 X 30
`*ミスティックアイズ・シンフォニー開幕記念 ログインボーナス*
*開催期間中、1日1回 最大21回ログインボーナスをプレゼント！*
/webview/loginbonus/20230705_m5gr2h/m5gr2h_k_10.png
`白銀の果実 X 1
``從者/禮裝數: 724 / 769`
_2023-07-15 19:38:53_
--------
`友情點數召喚累計2310次

`[0d14e47d83c8b8400ed7555e0192724d]
`登入天數: 6天 / 2053天
等級: 21
石頭: 2051
呼符: 84
友情點: +130 / 1947645`
*連続ログイン6日目
※ログインが途切れるか、7日到達すると
1日目から再開されます*
`聖晶石 X 2
7月交換券(2023) X 1
`*日替りログインボーナス*
*開催期間中、1日1回 2週間日替りでログインボーナスをプレゼント！*
/webview/loginbonus/20230716_2nte13/2nte13_s_01.png
`巡霊の葉 X 30
`*ミスティックアイズ・シンフォニー開幕記念 ログインボーナス*
*開催期間中、1日1回 最大21回ログインボーナスをプレゼント！*
/webview/loginbonus/20230705_m5gr2h/m5gr2h_k_9.png
`白銀の果実 X 1
``從者/禮裝數: 654 / 766`
_2023-07-15 19:39:06_
--------
`友情點數召喚累計2370次

`[d4c10e20929a4c973210db1453668b11]
`登入天數: 6天 / 2058天
等級: 20
石頭: 2085
呼符: 49
友情點: +0 / 1738020`
*連続ログイン6日目
※ログインが途切れるか、7日到達すると
1日目から再開されます*
`聖晶石 X 2
7月交換券(2023) X 1
`*日替りログインボーナス*
*開催期間中、1日1回 2週間日替りでログインボーナスをプレゼント！*
/webview/loginbonus/20230716_2nte13/2nte13_s_01.png
`巡霊の葉 X 30
`*ミスティックアイズ・シンフォニー開幕記念 ログインボーナス*
*開催期間中、1日1回 最大21回ログインボーナスをプレゼント！*
/webview/loginbonus/20230705_m5gr2h/m5gr2h_k_8.png
`白銀の果実 X 1
``從者/禮裝數: 691 / 750`
_2023-07-15 19:39:18_
--------
`友情點數召喚累計2250次

`[f0cc4e7ae2d4b30013f328b2cf7d6063]
`登入天數: 6天 / 2066天
等級: 20
石頭: 1455
呼符: 125
友情點: +0 / 1831585`
*連続ログイン6日目
※ログインが途切れるか、7日到達すると
1日目から再開されます*
`聖晶石 X 2
7月交換券(2023) X 1
`*日替りログインボーナス*
*開催期間中、1日1回 2週間日替りでログインボーナスをプレゼント！*
/webview/loginbonus/20230716_2nte13/2nte13_s_01.png
`巡霊の葉 X 30
`*ミスティックアイズ・シンフォニー開幕記念 ログインボーナス*
*開催期間中、1日1回 最大21回ログインボーナスをプレゼント！*
/webview/loginbonus/20230705_m5gr2h/m5gr2h_k_7.png
`黄金の果実 X 1
``從者/禮裝數: 696 / 743`
_2023-07-15 19:39:29_
--------
`友情點數召喚累計2232次

`[48a14ba1dd858b92594b71e0ed7d5311]
`登入天數: 5天 / 2057天
等級: 20
石頭: 2522
呼符: 172
友情點: +0 / 1740985`
*連続ログイン5日目
※ログインが途切れるか、7日到達すると
1日目から再開されます*
`叡智の業火 X 2
7月交換券(2023) X 1
`*日替りログインボーナス*
*開催期間中、1日1回 2週間日替りでログインボーナスをプレゼント！*
/webview/loginbonus/20230716_2nte13/2nte13_s_01.png
`巡霊の葉 X 30
`*ミスティックアイズ・シンフォニー開幕記念 ログインボーナス*
*開催期間中、1日1回 最大21回ログインボーナスをプレゼント！*
/webview/loginbonus/20230705_m5gr2h/m5gr2h_k_6.png
`白銀の果実 X 1
``從者/禮裝數: 721 / 736`
_2023-07-15 19:39:42_
--------
`友情點數召喚累計2140次

`