【登入訊息】
[c5ab1b78563b1f9e4ee17ab01234bc5e]
`登入天數: 7天 / 1929天
等級: 92
石頭: 3267
呼符: 170
友情點: +0 / 1871505`
*連続ログイン7日間到達おめでとうございます！
明日は1日目からリスタートされます。*
`獣の足跡 X 1
呼符 X 1
7月交換券(2023) X 1
`*日替りログインボーナス*
*開催期間中、1日1回 2週間日替りでログインボーナスをプレゼント！*
/webview/loginbonus/20230717_2nte14/2nte14_s_01.png
`聖晶石 X 3
巡霊の葉 X 50
`*ミスティックアイズ・シンフォニー開幕記念 ログインボーナス*
*開催期間中、1日1回 最大21回ログインボーナスをプレゼント！*
/webview/loginbonus/20230705_m5gr2h/m5gr2h_k_11.png
`白銀の果実 X 1
``從者/禮裝數: 721 / 754`
_2023-07-16 19:38:12_
--------
`友情點數召喚累計3191次

`[d4825e10f75d83bc0cfb33b6768a8634]
`登入天數: 7天 / 2118天
等級: 19
石頭: 3110
呼符: 89
友情點: +220 / 2173735`
*連続ログイン7日間到達おめでとうございます！
明日は1日目からリスタートされます。*
`獣の足跡 X 1
呼符 X 1
7月交換券(2023) X 1
`*日替りログインボーナス*
*開催期間中、1日1回 2週間日替りでログインボーナスをプレゼント！*
/webview/loginbonus/20230717_2nte14/2nte14_s_01.png
`聖晶石 X 3
巡霊の葉 X 50
`*ミスティックアイズ・シンフォニー開幕記念 ログインボーナス*
*開催期間中、1日1回 最大21回ログインボーナスをプレゼント！*
/webview/loginbonus/20230705_m5gr2h/m5gr2h_k_11.png
`白銀の果実 X 1
``從者/禮裝數: 715 / 773`
_2023-07-16 19:38:23_
--------
`友情點數召喚累計2540次

`[ff29db15be18f883ffccdf7ab23021a7]
`登入天數: 7天 / 2114天
等級: 18
石頭: 2395
呼符: 64
友情點: +80 / 1978775`
*連続ログイン7日間到達おめでとうございます！
明日は1日目からリスタートされます。*
`獣の足跡 X 1
呼符 X 1
7月交換券(2023) X 1
`*日替りログインボーナス*
*開催期間中、1日1回 2週間日替りでログインボーナスをプレゼント！*
/webview/loginbonus/20230717_2nte14/2nte14_s_01.png
`聖晶石 X 3
巡霊の葉 X 50
`*ミスティックアイズ・シンフォニー開幕記念 ログインボーナス*
*開催期間中、1日1回 最大21回ログインボーナスをプレゼント！*
/webview/loginbonus/20230705_m5gr2h/m5gr2h_k_11.png
`白銀の果実 X 1
``從者/禮裝數: 730 / 792`
_2023-07-16 19:38:35_
--------
`友情點數召喚累計2420次

`[cc4787a257e3a46e268001195f780247]
`登入天數: 7天 / 2128天
等級: 18
石頭: 3191
呼符: 174
友情點: +170 / 2084760`
*連続ログイン7日間到達おめでとうございます！
明日は1日目からリスタートされます。*
`獣の足跡 X 1
呼符 X 1
7月交換券(2023) X 1
`*日替りログインボーナス*
*開催期間中、1日1回 2週間日替りでログインボーナスをプレゼント！*
/webview/loginbonus/20230717_2nte14/2nte14_s_01.png
`聖晶石 X 3
巡霊の葉 X 50
`*ミスティックアイズ・シンフォニー開幕記念 ログインボーナス*
*開催期間中、1日1回 最大21回ログインボーナスをプレゼント！*
/webview/loginbonus/20230705_m5gr2h/m5gr2h_k_11.png
`白銀の果実 X 1
``從者/禮裝數: 671 / 733`
_2023-07-16 19:38:46_
--------
`友情點數召喚累計2860次

`[3f5599a008981ecf87f2dea9d1d83d6a]
`登入天數: 7天 / 2133天
等級: 18
石頭: 2391
呼符: 64
友情點: +0 / 1970150`
*連続ログイン7日間到達おめでとうございます！
明日は1日目からリスタートされます。*
`獣の足跡 X 1
呼符 X 1
7月交換券(2023) X 1
`*日替りログインボーナス*
*開催期間中、1日1回 2週間日替りでログインボーナスをプレゼント！*
/webview/loginbonus/20230717_2nte14/2nte14_s_01.png
`聖晶石 X 3
巡霊の葉 X 50
`*ミスティックアイズ・シンフォニー開幕記念 ログインボーナス*
*開催期間中、1日1回 最大21回ログインボーナスをプレゼント！*
/webview/loginbonus/20230705_m5gr2h/m5gr2h_k_11.png
`白銀の果実 X 1
``從者/禮裝數: 726 / 773`
_2023-07-16 19:38:57_
--------
`友情點數召喚累計2320次

`[0d14e47d83c8b8400ed7555e0192724d]
`登入天數: 7天 / 2054天
等級: 21
石頭: 2051
呼符: 84
友情點: +110 / 1947755`
*連続ログイン7日間到達おめでとうございます！
明日は1日目からリスタートされます。*
`獣の足跡 X 1
呼符 X 1
7月交換券(2023) X 1
`*日替りログインボーナス*
*開催期間中、1日1回 2週間日替りでログインボーナスをプレゼント！*
/webview/loginbonus/20230717_2nte14/2nte14_s_01.png
`聖晶石 X 3
巡霊の葉 X 50
`*ミスティックアイズ・シンフォニー開幕記念 ログインボーナス*
*開催期間中、1日1回 最大21回ログインボーナスをプレゼント！*
/webview/loginbonus/20230705_m5gr2h/m5gr2h_k_10.png
`白銀の果実 X 1
``從者/禮裝數: 657 / 770`
_2023-07-16 19:39:08_
--------
`友情點數召喚累計2380次

`[d4c10e20929a4c973210db1453668b11]
`登入天數: 7天 / 2059天
等級: 20
石頭: 2085
呼符: 49
友情點: +0 / 1738020`
*連続ログイン7日間到達おめでとうございます！
明日は1日目からリスタートされます。*
`獣の足跡 X 1
呼符 X 1
7月交換券(2023) X 1
`*日替りログインボーナス*
*開催期間中、1日1回 2週間日替りでログインボーナスをプレゼント！*
/webview/loginbonus/20230717_2nte14/2nte14_s_01.png
`聖晶石 X 3
巡霊の葉 X 50
`*ミスティックアイズ・シンフォニー開幕記念 ログインボーナス*
*開催期間中、1日1回 最大21回ログインボーナスをプレゼント！*
/webview/loginbonus/20230705_m5gr2h/m5gr2h_k_9.png
`白銀の果実 X 1
``從者/禮裝數: 693 / 757`
_2023-07-16 19:39:21_
--------
`友情點數召喚累計2260次

`[f0cc4e7ae2d4b30013f328b2cf7d6063]
`登入天數: 7天 / 2067天
等級: 20
石頭: 1455
呼符: 125
友情點: +0 / 1831585`
*連続ログイン7日間到達おめでとうございます！
明日は1日目からリスタートされます。*
`獣の足跡 X 1
呼符 X 1
7月交換券(2023) X 1
`*日替りログインボーナス*
*開催期間中、1日1回 2週間日替りでログインボーナスをプレゼント！*
/webview/loginbonus/20230717_2nte14/2nte14_s_01.png
`聖晶石 X 3
巡霊の葉 X 50
`*ミスティックアイズ・シンフォニー開幕記念 ログインボーナス*
*開催期間中、1日1回 最大21回ログインボーナスをプレゼント！*
/webview/loginbonus/20230705_m5gr2h/m5gr2h_k_8.png
`白銀の果実 X 1
``從者/禮裝數: 699 / 750`
_2023-07-16 19:39:32_
--------
`友情點數召喚累計2242次

`[48a14ba1dd858b92594b71e0ed7d5311]
`登入天數: 6天 / 2058天
等級: 20
石頭: 2522
呼符: 172
友情點: +0 / 1740985`
*連続ログイン6日目
※ログインが途切れるか、7日到達すると
1日目から再開されます*
`聖晶石 X 2
7月交換券(2023) X 1
`*日替りログインボーナス*
*開催期間中、1日1回 2週間日替りでログインボーナスをプレゼント！*
/webview/loginbonus/20230717_2nte14/2nte14_s_01.png
`聖晶石 X 3
巡霊の葉 X 50
`*ミスティックアイズ・シンフォニー開幕記念 ログインボーナス*
*開催期間中、1日1回 最大21回ログインボーナスをプレゼント！*
/webview/loginbonus/20230705_m5gr2h/m5gr2h_k_7.png
`黄金の果実 X 1
``從者/禮裝數: 721 / 744`
_2023-07-16 19:39:43_
--------
`友情點數召喚累計2150次

`