【登入訊息】
[c5ab1b78563b1f9e4ee17ab01234bc5e]
`登入天數: 8天 / 1930天
等級: 92
石頭: 3267
呼符: 170
友情點: +0 / 1871505`
*連続ログイン1日目
※ログインが途切れるか、7日到達すると
1日目から再開されます*
`フレンドポイント X 2000
7月交換券(2023) X 1
`*ミスティックアイズ・シンフォニー開幕記念 ログインボーナス*
*開催期間中、1日1回 最大21回ログインボーナスをプレゼント！*
/webview/loginbonus/20230705_m5gr2h/m5gr2h_k_12.png
`白銀の果実 X 1
``從者/禮裝數: 723 / 757`
_2023-07-17 19:38:10_
--------
`友情點數召喚累計3201次

`[d4825e10f75d83bc0cfb33b6768a8634]
`登入天數: 8天 / 2119天
等級: 19
石頭: 3110
呼符: 89
友情點: +340 / 2174075`
*連続ログイン1日目
※ログインが途切れるか、7日到達すると
1日目から再開されます*
`フレンドポイント X 2000
7月交換券(2023) X 1
`*ミスティックアイズ・シンフォニー開幕記念 ログインボーナス*
*開催期間中、1日1回 最大21回ログインボーナスをプレゼント！*
/webview/loginbonus/20230705_m5gr2h/m5gr2h_k_12.png
`白銀の果実 X 1
``從者/禮裝數: 717 / 776`
_2023-07-17 19:38:22_
--------
`友情點數召喚累計2550次

`[ff29db15be18f883ffccdf7ab23021a7]
`登入天數: 8天 / 2115天
等級: 18
石頭: 2395
呼符: 64
友情點: +170 / 1978945`
*連続ログイン1日目
※ログインが途切れるか、7日到達すると
1日目から再開されます*
`フレンドポイント X 2000
7月交換券(2023) X 1
`*ミスティックアイズ・シンフォニー開幕記念 ログインボーナス*
*開催期間中、1日1回 最大21回ログインボーナスをプレゼント！*
/webview/loginbonus/20230705_m5gr2h/m5gr2h_k_12.png
`白銀の果実 X 1
``從者/禮裝數: 730 / 800`
_2023-07-17 19:38:33_
--------
[cc4787a257e3a46e268001195f780247]
`登入天數: 8天 / 2129天
等級: 18
石頭: 3191
呼符: 174
友情點: +130 / 2084890`
*連続ログイン1日目
※ログインが途切れるか、7日到達すると
1日目から再開されます*
`フレンドポイント X 2000
7月交換券(2023) X 1
`*ミスティックアイズ・シンフォニー開幕記念 ログインボーナス*
*開催期間中、1日1回 最大21回ログインボーナスをプレゼント！*
/webview/loginbonus/20230705_m5gr2h/m5gr2h_k_12.png
`白銀の果実 X 1
``從者/禮裝數: 674 / 738`
_2023-07-17 19:38:42_
--------
`友情點數召喚累計2870次

`[3f5599a008981ecf87f2dea9d1d83d6a]
`登入天數: 8天 / 2134天
等級: 18
石頭: 2391
呼符: 64
友情點: +0 / 1970150`
*連続ログイン1日目
※ログインが途切れるか、7日到達すると
1日目から再開されます*
`フレンドポイント X 2000
7月交換券(2023) X 1
`*ミスティックアイズ・シンフォニー開幕記念 ログインボーナス*
*開催期間中、1日1回 最大21回ログインボーナスをプレゼント！*
/webview/loginbonus/20230705_m5gr2h/m5gr2h_k_12.png
`白銀の果実 X 1
``從者/禮裝數: 732 / 775`
_2023-07-17 19:38:53_
--------
`友情點數召喚累計2330次

`[0d14e47d83c8b8400ed7555e0192724d]
`登入天數: 8天 / 2055天
等級: 21
石頭: 2051
呼符: 84
友情點: +110 / 1947865`
*連続ログイン1日目
※ログインが途切れるか、7日到達すると
1日目から再開されます*
`フレンドポイント X 2000
7月交換券(2023) X 1
`*ミスティックアイズ・シンフォニー開幕記念 ログインボーナス*
*開催期間中、1日1回 最大21回ログインボーナスをプレゼント！*
/webview/loginbonus/20230705_m5gr2h/m5gr2h_k_11.png
`白銀の果実 X 1
``從者/禮裝數: 659 / 774`
_2023-07-17 19:39:04_
--------
`友情點數召喚累計2390次

`[d4c10e20929a4c973210db1453668b11]
`登入天數: 8天 / 2060天
等級: 20
石頭: 2085
呼符: 49
友情點: +0 / 1738020`
*連続ログイン1日目
※ログインが途切れるか、7日到達すると
1日目から再開されます*
`フレンドポイント X 2000
7月交換券(2023) X 1
`*ミスティックアイズ・シンフォニー開幕記念 ログインボーナス*
*開催期間中、1日1回 最大21回ログインボーナスをプレゼント！*
/webview/loginbonus/20230705_m5gr2h/m5gr2h_k_10.png
`白銀の果実 X 1
``從者/禮裝數: 697 / 759`
_2023-07-17 19:39:16_
--------
`友情點數召喚累計2270次

`[f0cc4e7ae2d4b30013f328b2cf7d6063]
`登入天數: 8天 / 2068天
等級: 20
石頭: 1455
呼符: 125
友情點: +0 / 1831585`
*連続ログイン1日目
※ログインが途切れるか、7日到達すると
1日目から再開されます*
`フレンドポイント X 2000
7月交換券(2023) X 1
`*ミスティックアイズ・シンフォニー開幕記念 ログインボーナス*
*開催期間中、1日1回 最大21回ログインボーナスをプレゼント！*
/webview/loginbonus/20230705_m5gr2h/m5gr2h_k_9.png
`白銀の果実 X 1
``從者/禮裝數: 700 / 758`
_2023-07-17 19:39:27_
--------
`友情點數召喚累計2252次

`[48a14ba1dd858b92594b71e0ed7d5311]
`登入天數: 7天 / 2059天
等級: 20
石頭: 2522
呼符: 172
友情點: +0 / 1740985`
*連続ログイン7日間到達おめでとうございます！
明日は1日目からリスタートされます。*
`獣の足跡 X 1
呼符 X 1
7月交換券(2023) X 1
`*ミスティックアイズ・シンフォニー開幕記念 ログインボーナス*
*開催期間中、1日1回 最大21回ログインボーナスをプレゼント！*
/webview/loginbonus/20230705_m5gr2h/m5gr2h_k_8.png
`白銀の果実 X 1
``從者/禮裝數: 724 / 748`
_2023-07-17 19:39:38_
--------
`友情點數召喚累計2160次

`