【登入訊息】
[c5ab1b78563b1f9e4ee17ab01234bc5e]
`登入天數: 9天 / 1931天
等級: 92
石頭: 3267
呼符: 170
友情點: +0 / 1871505`
*連続ログイン2日目
※ログインが途切れるか、7日到達すると
1日目から再開されます*
`聖晶石 X 1
7月交換券(2023) X 1
`*ミスティックアイズ・シンフォニー開幕記念 ログインボーナス*
*開催期間中、1日1回 最大21回ログインボーナスをプレゼント！*
/webview/loginbonus/20230705_m5gr2h/m5gr2h_k_13.png
`白銀の果実 X 1
``從者/禮裝數: 727 / 762`
_2023-07-18 19:37:56_
--------
`友情點數召喚累計3211次

`[d4825e10f75d83bc0cfb33b6768a8634]
`登入天數: 9天 / 2120天
等級: 19
石頭: 3110
呼符: 89
友情點: +560 / 2174635`
*連続ログイン2日目
※ログインが途切れるか、7日到達すると
1日目から再開されます*
`聖晶石 X 1
7月交換券(2023) X 1
`*ミスティックアイズ・シンフォニー開幕記念 ログインボーナス*
*開催期間中、1日1回 最大21回ログインボーナスをプレゼント！*
/webview/loginbonus/20230705_m5gr2h/m5gr2h_k_13.png
`白銀の果実 X 1
``從者/禮裝數: 721 / 781`
_2023-07-18 19:38:07_
--------
`友情點數召喚累計2560次

`[ff29db15be18f883ffccdf7ab23021a7]
`登入天數: 9天 / 2116天
等級: 18
石頭: 2395
呼符: 64
友情點: +360 / 1979305`
*連続ログイン2日目
※ログインが途切れるか、7日到達すると
1日目から再開されます*
`聖晶石 X 1
7月交換券(2023) X 1
`*ミスティックアイズ・シンフォニー開幕記念 ログインボーナス*
*開催期間中、1日1回 最大21回ログインボーナスをプレゼント！*
/webview/loginbonus/20230705_m5gr2h/m5gr2h_k_13.png
`白銀の果実 X 1
``從者/禮裝數: 730 / 800`
_2023-07-18 19:38:19_
--------
[cc4787a257e3a46e268001195f780247]
`登入天數: 9天 / 2130天
等級: 18
石頭: 3191
呼符: 174
友情點: +380 / 2085270`
*連続ログイン2日目
※ログインが途切れるか、7日到達すると
1日目から再開されます*
`聖晶石 X 1
7月交換券(2023) X 1
`*ミスティックアイズ・シンフォニー開幕記念 ログインボーナス*
*開催期間中、1日1回 最大21回ログインボーナスをプレゼント！*
/webview/loginbonus/20230705_m5gr2h/m5gr2h_k_13.png
`白銀の果実 X 1
``從者/禮裝數: 676 / 743`
_2023-07-18 19:38:28_
--------
`友情點數召喚累計2880次

`[3f5599a008981ecf87f2dea9d1d83d6a]
`登入天數: 9天 / 2135天
等級: 18
石頭: 2391
呼符: 64
友情點: +0 / 1970150`
*連続ログイン2日目
※ログインが途切れるか、7日到達すると
1日目から再開されます*
`聖晶石 X 1
7月交換券(2023) X 1
`*ミスティックアイズ・シンフォニー開幕記念 ログインボーナス*
*開催期間中、1日1回 最大21回ログインボーナスをプレゼント！*
/webview/loginbonus/20230705_m5gr2h/m5gr2h_k_13.png
`白銀の果実 X 1
``從者/禮裝數: 735 / 781`
_2023-07-18 19:38:39_
--------
`友情點數召喚累計2340次

`[0d14e47d83c8b8400ed7555e0192724d]
`登入天數: 9天 / 2056天
等級: 21
石頭: 2051
呼符: 84
友情點: +540 / 1948405`
*連続ログイン2日目
※ログインが途切れるか、7日到達すると
1日目から再開されます*
`聖晶石 X 1
7月交換券(2023) X 1
`*ミスティックアイズ・シンフォニー開幕記念 ログインボーナス*
*開催期間中、1日1回 最大21回ログインボーナスをプレゼント！*
/webview/loginbonus/20230705_m5gr2h/m5gr2h_k_12.png
`白銀の果実 X 1
``從者/禮裝數: 662 / 779`
_2023-07-18 19:38:51_
--------
`友情點數召喚累計2400次

`[d4c10e20929a4c973210db1453668b11]
`登入天數: 9天 / 2061天
等級: 20
石頭: 2085
呼符: 49
友情點: +0 / 1738020`
*連続ログイン2日目
※ログインが途切れるか、7日到達すると
1日目から再開されます*
`聖晶石 X 1
7月交換券(2023) X 1
`*ミスティックアイズ・シンフォニー開幕記念 ログインボーナス*
*開催期間中、1日1回 最大21回ログインボーナスをプレゼント！*
/webview/loginbonus/20230705_m5gr2h/m5gr2h_k_11.png
`白銀の果実 X 1
``從者/禮裝數: 700 / 763`
_2023-07-18 19:39:03_
--------
`友情點數召喚累計2280次

`[f0cc4e7ae2d4b30013f328b2cf7d6063]
`登入天數: 9天 / 2069天
等級: 20
石頭: 1455
呼符: 125
友情點: +0 / 1831585`
*連続ログイン2日目
※ログインが途切れるか、7日到達すると
1日目から再開されます*
`聖晶石 X 1
7月交換券(2023) X 1
`*ミスティックアイズ・シンフォニー開幕記念 ログインボーナス*
*開催期間中、1日1回 最大21回ログインボーナスをプレゼント！*
/webview/loginbonus/20230705_m5gr2h/m5gr2h_k_10.png
`白銀の果実 X 1
``從者/禮裝數: 703 / 761`
_2023-07-18 19:39:14_
--------
`友情點數召喚累計2262次

`[48a14ba1dd858b92594b71e0ed7d5311]
`登入天數: 8天 / 2060天
等級: 20
石頭: 2522
呼符: 172
友情點: +0 / 1740985`
*連続ログイン1日目
※ログインが途切れるか、7日到達すると
1日目から再開されます*
`フレンドポイント X 2000
7月交換券(2023) X 1
`*ミスティックアイズ・シンフォニー開幕記念 ログインボーナス*
*開催期間中、1日1回 最大21回ログインボーナスをプレゼント！*
/webview/loginbonus/20230705_m5gr2h/m5gr2h_k_9.png
`白銀の果実 X 1
``從者/禮裝數: 725 / 756`
_2023-07-18 19:39:25_
--------
`友情點數召喚累計2170次

`