【登入訊息】
[c5ab1b78563b1f9e4ee17ab01234bc5e]
`登入天數: 11天 / 1933天
等級: 92
石頭: 3267
呼符: 170
友情點: +0 / 1871505`
*連続ログイン4日目
※ログインが途切れるか、7日到達すると
1日目から再開されます*
`聖晶石 X 1
7月交換券(2023) X 1
`*ミスティックアイズ・シンフォニー開幕記念 ログインボーナス*
*開催期間中、1日1回 最大21回ログインボーナスをプレゼント！*
/webview/loginbonus/20230705_m5gr2h/m5gr2h_k_15.png
`白銀の果実 X 1
``從者/禮裝數: 730 / 775`
_2023-07-20 19:38:03_
--------
`友情點數召喚累計3231次

`[d4825e10f75d83bc0cfb33b6768a8634]
`登入天數: 11天 / 2122天
等級: 19
石頭: 3110
呼符: 89
友情點: +1960 / 2177815`
*連続ログイン4日目
※ログインが途切れるか、7日到達すると
1日目から再開されます*
`聖晶石 X 1
7月交換券(2023) X 1
`*ミスティックアイズ・シンフォニー開幕記念 ログインボーナス*
*開催期間中、1日1回 最大21回ログインボーナスをプレゼント！*
/webview/loginbonus/20230705_m5gr2h/m5gr2h_k_15.png
`白銀の果実 X 1
``從者/禮裝數: 726 / 793`
_2023-07-20 19:38:15_
--------
`友情點數召喚累計2580次

`[ff29db15be18f883ffccdf7ab23021a7]
`登入天數: 11天 / 2118天
等級: 18
石頭: 2395
呼符: 64
友情點: +1440 / 1981065`
*連続ログイン4日目
※ログインが途切れるか、7日到達すると
1日目から再開されます*
`聖晶石 X 1
7月交換券(2023) X 1
`*ミスティックアイズ・シンフォニー開幕記念 ログインボーナス*
*開催期間中、1日1回 最大21回ログインボーナスをプレゼント！*
/webview/loginbonus/20230705_m5gr2h/m5gr2h_k_15.png
`白銀の果実 X 1
``從者/禮裝數: 730 / 800`
_2023-07-20 19:38:27_
--------
[cc4787a257e3a46e268001195f780247]
`登入天數: 11天 / 2132天
等級: 18
石頭: 3191
呼符: 174
友情點: +870 / 2086270`
*連続ログイン4日目
※ログインが途切れるか、7日到達すると
1日目から再開されます*
`聖晶石 X 1
7月交換券(2023) X 1
`*ミスティックアイズ・シンフォニー開幕記念 ログインボーナス*
*開催期間中、1日1回 最大21回ログインボーナスをプレゼント！*
/webview/loginbonus/20230705_m5gr2h/m5gr2h_k_15.png
`白銀の果実 X 1
``從者/禮裝數: 680 / 752`
_2023-07-20 19:38:36_
--------
`友情點數召喚累計2900次

`[3f5599a008981ecf87f2dea9d1d83d6a]
`登入天數: 11天 / 2137天
等級: 18
石頭: 2391
呼符: 64
友情點: +0 / 1970150`
*連続ログイン4日目
※ログインが途切れるか、7日到達すると
1日目から再開されます*
`聖晶石 X 1
7月交換券(2023) X 1
`*ミスティックアイズ・シンフォニー開幕記念 ログインボーナス*
*開催期間中、1日1回 最大21回ログインボーナスをプレゼント！*
/webview/loginbonus/20230705_m5gr2h/m5gr2h_k_15.png
`白銀の果実 X 1
``從者/禮裝數: 741 / 793`
_2023-07-20 19:38:47_
--------
`友情點數召喚累計2360次

`[0d14e47d83c8b8400ed7555e0192724d]
`登入天數: 11天 / 2058天
等級: 21
石頭: 2051
呼符: 84
友情點: +1200 / 1949895`
*連続ログイン4日目
※ログインが途切れるか、7日到達すると
1日目から再開されます*
`聖晶石 X 1
7月交換券(2023) X 1
`*ミスティックアイズ・シンフォニー開幕記念 ログインボーナス*
*開催期間中、1日1回 最大21回ログインボーナスをプレゼント！*
/webview/loginbonus/20230705_m5gr2h/m5gr2h_k_14.png
`黄金の果実 X 1
``從者/禮裝數: 665 / 794`
_2023-07-20 19:38:59_
--------
`友情點數召喚累計2420次

`[d4c10e20929a4c973210db1453668b11]
`登入天數: 11天 / 2063天
等級: 20
石頭: 2085
呼符: 49
友情點: +0 / 1738020`
*連続ログイン4日目
※ログインが途切れるか、7日到達すると
1日目から再開されます*
`聖晶石 X 1
7月交換券(2023) X 1
`*ミスティックアイズ・シンフォニー開幕記念 ログインボーナス*
*開催期間中、1日1回 最大21回ログインボーナスをプレゼント！*
/webview/loginbonus/20230705_m5gr2h/m5gr2h_k_13.png
`白銀の果実 X 1
``從者/禮裝數: 705 / 772`
_2023-07-20 19:39:11_
--------
`友情點數召喚累計2300次

`[f0cc4e7ae2d4b30013f328b2cf7d6063]
`登入天數: 11天 / 2071天
等級: 20
石頭: 1455
呼符: 125
友情點: +0 / 1831585`
*連続ログイン4日目
※ログインが途切れるか、7日到達すると
1日目から再開されます*
`聖晶石 X 1
7月交換券(2023) X 1
`*ミスティックアイズ・シンフォニー開幕記念 ログインボーナス*
*開催期間中、1日1回 最大21回ログインボーナスをプレゼント！*
/webview/loginbonus/20230705_m5gr2h/m5gr2h_k_12.png
`白銀の果実 X 1
``從者/禮裝數: 709 / 773`
_2023-07-20 19:39:22_
--------
`友情點數召喚累計2282次

`[48a14ba1dd858b92594b71e0ed7d5311]
`登入天數: 10天 / 2062天
等級: 20
石頭: 2522
呼符: 172
友情點: +0 / 1740985`
*連続ログイン3日目
※ログインが途切れるか、7日到達すると
1日目から再開されます*
`叡智の業火 X 1
7月交換券(2023) X 1
`*ミスティックアイズ・シンフォニー開幕記念 ログインボーナス*
*開催期間中、1日1回 最大21回ログインボーナスをプレゼント！*
/webview/loginbonus/20230705_m5gr2h/m5gr2h_k_11.png
`白銀の果実 X 1
``從者/禮裝數: 731 / 766`
_2023-07-20 19:39:33_
--------
`友情點數召喚累計2190次

`