【登入訊息】
[c5ab1b78563b1f9e4ee17ab01234bc5e]
`登入天數: 12天 / 1934天
等級: 92
石頭: 3267
呼符: 170
友情點: +0 / 1871505`
*連続ログイン5日目
※ログインが途切れるか、7日到達すると
1日目から再開されます*
`叡智の業火 X 2
7月交換券(2023) X 1
`*「Fate/Grand Order Fes. 2023 夏祭り ～8th Anniversary～」開催直前カウントダウンログインボーナス*
*開催期間中、1日1回 8日間日替りでログインボーナスをプレゼント！*
/webview/loginbonus/20230722_lix874/lix874_s_01.png
`叡智の業火 X 5
`*ミスティックアイズ・シンフォニー開幕記念 ログインボーナス*
*開催期間中、1日1回 最大21回ログインボーナスをプレゼント！*
/webview/loginbonus/20230705_m5gr2h/m5gr2h_k_16.png
`白銀の果実 X 1
``從者/禮裝數: 731 / 782`
_2023-07-21 19:37:53_
--------
`友情點數召喚累計3241次

`[d4825e10f75d83bc0cfb33b6768a8634]
`登入天數: 12天 / 2123天
等級: 19
石頭: 3110
呼符: 89
友情點: +700 / 2178515`
*連続ログイン5日目
※ログインが途切れるか、7日到達すると
1日目から再開されます*
`叡智の業火 X 2
7月交換券(2023) X 1
`*「Fate/Grand Order Fes. 2023 夏祭り ～8th Anniversary～」開催直前カウントダウンログインボーナス*
*開催期間中、1日1回 8日間日替りでログインボーナスをプレゼント！*
/webview/loginbonus/20230722_lix874/lix874_s_01.png
`叡智の業火 X 5
`*ミスティックアイズ・シンフォニー開幕記念 ログインボーナス*
*開催期間中、1日1回 最大21回ログインボーナスをプレゼント！*
/webview/loginbonus/20230705_m5gr2h/m5gr2h_k_16.png
`白銀の果実 X 1
``從者/禮裝數: 732 / 797`
_2023-07-21 19:38:05_
--------
`友情點數召喚累計2590次

`[ff29db15be18f883ffccdf7ab23021a7]
`登入天數: 12天 / 2119天
等級: 18
石頭: 2395
呼符: 64
友情點: +270 / 1981535`
*連続ログイン5日目
※ログインが途切れるか、7日到達すると
1日目から再開されます*
`叡智の業火 X 2
7月交換券(2023) X 1
`*「Fate/Grand Order Fes. 2023 夏祭り ～8th Anniversary～」開催直前カウントダウンログインボーナス*
*開催期間中、1日1回 8日間日替りでログインボーナスをプレゼント！*
/webview/loginbonus/20230722_lix874/lix874_s_01.png
`叡智の業火 X 5
`*ミスティックアイズ・シンフォニー開幕記念 ログインボーナス*
*開催期間中、1日1回 最大21回ログインボーナスをプレゼント！*
/webview/loginbonus/20230705_m5gr2h/m5gr2h_k_16.png
`白銀の果実 X 1
``從者/禮裝數: 730 / 800`
_2023-07-21 19:38:17_
--------
[cc4787a257e3a46e268001195f780247]
`登入天數: 12天 / 2133天
等級: 18
石頭: 3191
呼符: 174
友情點: +340 / 2086610`
*連続ログイン5日目
※ログインが途切れるか、7日到達すると
1日目から再開されます*
`叡智の業火 X 2
7月交換券(2023) X 1
`*「Fate/Grand Order Fes. 2023 夏祭り ～8th Anniversary～」開催直前カウントダウンログインボーナス*
*開催期間中、1日1回 8日間日替りでログインボーナスをプレゼント！*
/webview/loginbonus/20230722_lix874/lix874_s_01.png
`叡智の業火 X 5
`*ミスティックアイズ・シンフォニー開幕記念 ログインボーナス*
*開催期間中、1日1回 最大21回ログインボーナスをプレゼント！*
/webview/loginbonus/20230705_m5gr2h/m5gr2h_k_16.png
`白銀の果実 X 1
``從者/禮裝數: 682 / 758`
_2023-07-21 19:38:26_
--------
`友情點數召喚累計2910次

`[3f5599a008981ecf87f2dea9d1d83d6a]
`登入天數: 12天 / 2138天
等級: 18
石頭: 2391
呼符: 64
友情點: +0 / 1970150`
*連続ログイン5日目
※ログインが途切れるか、7日到達すると
1日目から再開されます*
`叡智の業火 X 2
7月交換券(2023) X 1
`*「Fate/Grand Order Fes. 2023 夏祭り ～8th Anniversary～」開催直前カウントダウンログインボーナス*
*開催期間中、1日1回 8日間日替りでログインボーナスをプレゼント！*
/webview/loginbonus/20230722_lix874/lix874_s_01.png
`叡智の業火 X 5
`*ミスティックアイズ・シンフォニー開幕記念 ログインボーナス*
*開催期間中、1日1回 最大21回ログインボーナスをプレゼント！*
/webview/loginbonus/20230705_m5gr2h/m5gr2h_k_16.png
`白銀の果実 X 1
``從者/禮裝數: 744 / 799`
_2023-07-21 19:38:38_
--------
`友情點數召喚累計2370次

`[0d14e47d83c8b8400ed7555e0192724d]
`登入天數: 12天 / 2059天
等級: 21
石頭: 2051
呼符: 84
友情點: +260 / 1950155`
*連続ログイン5日目
※ログインが途切れるか、7日到達すると
1日目から再開されます*
`叡智の業火 X 2
7月交換券(2023) X 1
`*「Fate/Grand Order Fes. 2023 夏祭り ～8th Anniversary～」開催直前カウントダウンログインボーナス*
*開催期間中、1日1回 8日間日替りでログインボーナスをプレゼント！*
/webview/loginbonus/20230722_lix874/lix874_s_01.png
`叡智の業火 X 5
`*ミスティックアイズ・シンフォニー開幕記念 ログインボーナス*
*開催期間中、1日1回 最大21回ログインボーナスをプレゼント！*
/webview/loginbonus/20230705_m5gr2h/m5gr2h_k_15.png
`白銀の果実 X 1
``從者/禮裝數: 670 / 798`
_2023-07-21 19:38:50_
--------
`友情點數召喚累計2430次

`[d4c10e20929a4c973210db1453668b11]
`登入天數: 12天 / 2064天
等級: 20
石頭: 2085
呼符: 49
友情點: +0 / 1738020`
*連続ログイン5日目
※ログインが途切れるか、7日到達すると
1日目から再開されます*
`叡智の業火 X 2
7月交換券(2023) X 1
`*「Fate/Grand Order Fes. 2023 夏祭り ～8th Anniversary～」開催直前カウントダウンログインボーナス*
*開催期間中、1日1回 8日間日替りでログインボーナスをプレゼント！*
/webview/loginbonus/20230722_lix874/lix874_s_01.png
`叡智の業火 X 5
`*ミスティックアイズ・シンフォニー開幕記念 ログインボーナス*
*開催期間中、1日1回 最大21回ログインボーナスをプレゼント！*
/webview/loginbonus/20230705_m5gr2h/m5gr2h_k_14.png
`黄金の果実 X 1
``從者/禮裝數: 707 / 777`
_2023-07-21 19:39:03_
--------
`友情點數召喚累計2310次

`[f0cc4e7ae2d4b30013f328b2cf7d6063]
`登入天數: 12天 / 2072天
等級: 20
石頭: 1455
呼符: 125
友情點: +0 / 1831585`
*連続ログイン5日目
※ログインが途切れるか、7日到達すると
1日目から再開されます*
`叡智の業火 X 2
7月交換券(2023) X 1
`*「Fate/Grand Order Fes. 2023 夏祭り ～8th Anniversary～」開催直前カウントダウンログインボーナス*
*開催期間中、1日1回 8日間日替りでログインボーナスをプレゼント！*
/webview/loginbonus/20230722_lix874/lix874_s_01.png
`叡智の業火 X 5
`*ミスティックアイズ・シンフォニー開幕記念 ログインボーナス*
*開催期間中、1日1回 最大21回ログインボーナスをプレゼント！*
/webview/loginbonus/20230705_m5gr2h/m5gr2h_k_13.png
`白銀の果実 X 1
``從者/禮裝數: 711 / 778`
_2023-07-21 19:39:15_
--------
`友情點數召喚累計2292次

`[48a14ba1dd858b92594b71e0ed7d5311]
`登入天數: 11天 / 2063天
等級: 20
石頭: 2522
呼符: 172
友情點: +0 / 1740985`
*連続ログイン4日目
※ログインが途切れるか、7日到達すると
1日目から再開されます*
`聖晶石 X 1
7月交換券(2023) X 1
`*「Fate/Grand Order Fes. 2023 夏祭り ～8th Anniversary～」開催直前カウントダウンログインボーナス*
*開催期間中、1日1回 8日間日替りでログインボーナスをプレゼント！*
/webview/loginbonus/20230722_lix874/lix874_s_01.png
`叡智の業火 X 5
`*ミスティックアイズ・シンフォニー開幕記念 ログインボーナス*
*開催期間中、1日1回 最大21回ログインボーナスをプレゼント！*
/webview/loginbonus/20230705_m5gr2h/m5gr2h_k_12.png
`白銀の果実 X 1
``從者/禮裝數: 732 / 773`
_2023-07-21 19:39:26_
--------
`友情點數召喚累計2200次

`