【登入訊息】
[c5ab1b78563b1f9e4ee17ab01234bc5e]
`登入天數: 13天 / 1935天
等級: 92
石頭: 3267
呼符: 170
友情點: +0 / 1871505`
*連続ログイン6日目
※ログインが途切れるか、7日到達すると
1日目から再開されます*
`聖晶石 X 2
7月交換券(2023) X 1
`*「Fate/Grand Order Fes. 2023 夏祭り ～8th Anniversary～」開催直前カウントダウンログインボーナス*
*開催期間中、1日1回 8日間日替りでログインボーナスをプレゼント！*
/webview/loginbonus/20230723_2c8f1k/2c8f1k_s_01.png
`QP X 2000000
`*ミスティックアイズ・シンフォニー開幕記念 ログインボーナス*
*開催期間中、1日1回 最大21回ログインボーナスをプレゼント！*
/webview/loginbonus/20230705_m5gr2h/m5gr2h_k_17.png
`白銀の果実 X 1
``從者/禮裝數: 734 / 786`
_2023-07-22 19:37:51_
--------
`友情點數召喚累計3251次

`[d4825e10f75d83bc0cfb33b6768a8634]
`登入天數: 13天 / 2124天
等級: 19
石頭: 3110
呼符: 89
友情點: +440 / 2178955`
*連続ログイン6日目
※ログインが途切れるか、7日到達すると
1日目から再開されます*
`聖晶石 X 2
7月交換券(2023) X 1
`*「Fate/Grand Order Fes. 2023 夏祭り ～8th Anniversary～」開催直前カウントダウンログインボーナス*
*開催期間中、1日1回 8日間日替りでログインボーナスをプレゼント！*
/webview/loginbonus/20230723_2c8f1k/2c8f1k_s_01.png
`QP X 2000000
`*ミスティックアイズ・シンフォニー開幕記念 ログインボーナス*
*開催期間中、1日1回 最大21回ログインボーナスをプレゼント！*
/webview/loginbonus/20230705_m5gr2h/m5gr2h_k_17.png
`白銀の果実 X 1
``從者/禮裝數: 737 / 800`
_2023-07-22 19:38:04_
--------
[ff29db15be18f883ffccdf7ab23021a7]
`登入天數: 13天 / 2120天
等級: 18
石頭: 2395
呼符: 64
友情點: +250 / 1982585`
*連続ログイン6日目
※ログインが途切れるか、7日到達すると
1日目から再開されます*
`聖晶石 X 2
7月交換券(2023) X 1
`*「Fate/Grand Order Fes. 2023 夏祭り ～8th Anniversary～」開催直前カウントダウンログインボーナス*
*開催期間中、1日1回 8日間日替りでログインボーナスをプレゼント！*
/webview/loginbonus/20230723_2c8f1k/2c8f1k_s_01.png
`QP X 2000000
`*ミスティックアイズ・シンフォニー開幕記念 ログインボーナス*
*開催期間中、1日1回 最大21回ログインボーナスをプレゼント！*
/webview/loginbonus/20230705_m5gr2h/m5gr2h_k_17.png
`白銀の果実 X 1
``從者/禮裝數: 730 / 800`
_2023-07-22 19:38:13_
--------
[cc4787a257e3a46e268001195f780247]
`登入天數: 13天 / 2134天
等級: 18
石頭: 3191
呼符: 174
友情點: +190 / 2086800`
*連続ログイン6日目
※ログインが途切れるか、7日到達すると
1日目から再開されます*
`聖晶石 X 2
7月交換券(2023) X 1
`*「Fate/Grand Order Fes. 2023 夏祭り ～8th Anniversary～」開催直前カウントダウンログインボーナス*
*開催期間中、1日1回 8日間日替りでログインボーナスをプレゼント！*
/webview/loginbonus/20230723_2c8f1k/2c8f1k_s_01.png
`QP X 2000000
`*ミスティックアイズ・シンフォニー開幕記念 ログインボーナス*
*開催期間中、1日1回 最大21回ログインボーナスをプレゼント！*
/webview/loginbonus/20230705_m5gr2h/m5gr2h_k_17.png
`白銀の果実 X 1
``從者/禮裝數: 682 / 765`
_2023-07-22 19:38:22_
--------
`友情點數召喚累計2920次

`[3f5599a008981ecf87f2dea9d1d83d6a]
`登入天數: 13天 / 2139天
等級: 18
石頭: 2391
呼符: 64
友情點: +0 / 1970150`
*連続ログイン6日目
※ログインが途切れるか、7日到達すると
1日目から再開されます*
`聖晶石 X 2
7月交換券(2023) X 1
`*「Fate/Grand Order Fes. 2023 夏祭り ～8th Anniversary～」開催直前カウントダウンログインボーナス*
*開催期間中、1日1回 8日間日替りでログインボーナスをプレゼント！*
/webview/loginbonus/20230723_2c8f1k/2c8f1k_s_01.png
`QP X 2000000
`*ミスティックアイズ・シンフォニー開幕記念 ログインボーナス*
*開催期間中、1日1回 最大21回ログインボーナスをプレゼント！*
/webview/loginbonus/20230705_m5gr2h/m5gr2h_k_17.png
`白銀の果実 X 1
``從者/禮裝數: 748 / 805`
_2023-07-22 19:38:34_
--------
[0d14e47d83c8b8400ed7555e0192724d]
`登入天數: 13天 / 2060天
等級: 21
石頭: 2051
呼符: 84
友情點: +380 / 1951335`
*連続ログイン6日目
※ログインが途切れるか、7日到達すると
1日目から再開されます*
`聖晶石 X 2
7月交換券(2023) X 1
`*「Fate/Grand Order Fes. 2023 夏祭り ～8th Anniversary～」開催直前カウントダウンログインボーナス*
*開催期間中、1日1回 8日間日替りでログインボーナスをプレゼント！*
/webview/loginbonus/20230723_2c8f1k/2c8f1k_s_01.png
`QP X 2000000
`*ミスティックアイズ・シンフォニー開幕記念 ログインボーナス*
*開催期間中、1日1回 最大21回ログインボーナスをプレゼント！*
/webview/loginbonus/20230705_m5gr2h/m5gr2h_k_16.png
`白銀の果実 X 1
``從者/禮裝數: 672 / 804`
_2023-07-22 19:38:43_
--------
[d4c10e20929a4c973210db1453668b11]
`登入天數: 13天 / 2065天
等級: 20
石頭: 2085
呼符: 49
友情點: +0 / 1738020`
*連続ログイン6日目
※ログインが途切れるか、7日到達すると
1日目から再開されます*
`聖晶石 X 2
7月交換券(2023) X 1
`*「Fate/Grand Order Fes. 2023 夏祭り ～8th Anniversary～」開催直前カウントダウンログインボーナス*
*開催期間中、1日1回 8日間日替りでログインボーナスをプレゼント！*
/webview/loginbonus/20230723_2c8f1k/2c8f1k_s_01.png
`QP X 2000000
`*ミスティックアイズ・シンフォニー開幕記念 ログインボーナス*
*開催期間中、1日1回 最大21回ログインボーナスをプレゼント！*
/webview/loginbonus/20230705_m5gr2h/m5gr2h_k_15.png
`白銀の果実 X 1
``從者/禮裝數: 709 / 782`
_2023-07-22 19:38:53_
--------
`友情點數召喚累計2320次

`[f0cc4e7ae2d4b30013f328b2cf7d6063]
`登入天數: 13天 / 2073天
等級: 20
石頭: 1455
呼符: 125
友情點: +0 / 1831585`
*連続ログイン6日目
※ログインが途切れるか、7日到達すると
1日目から再開されます*
`聖晶石 X 2
7月交換券(2023) X 1
`*「Fate/Grand Order Fes. 2023 夏祭り ～8th Anniversary～」開催直前カウントダウンログインボーナス*
*開催期間中、1日1回 8日間日替りでログインボーナスをプレゼント！*
/webview/loginbonus/20230723_2c8f1k/2c8f1k_s_01.png
`QP X 2000000
`*ミスティックアイズ・シンフォニー開幕記念 ログインボーナス*
*開催期間中、1日1回 最大21回ログインボーナスをプレゼント！*
/webview/loginbonus/20230705_m5gr2h/m5gr2h_k_14.png
`黄金の果実 X 1
``從者/禮裝數: 715 / 781`
_2023-07-22 19:39:05_
--------
`友情點數召喚累計2302次

`[48a14ba1dd858b92594b71e0ed7d5311]
`登入天數: 12天 / 2064天
等級: 20
石頭: 2522
呼符: 172
友情點: +0 / 1740985`
*連続ログイン5日目
※ログインが途切れるか、7日到達すると
1日目から再開されます*
`叡智の業火 X 2
7月交換券(2023) X 1
`*「Fate/Grand Order Fes. 2023 夏祭り ～8th Anniversary～」開催直前カウントダウンログインボーナス*
*開催期間中、1日1回 8日間日替りでログインボーナスをプレゼント！*
/webview/loginbonus/20230723_2c8f1k/2c8f1k_s_01.png
`QP X 2000000
`*ミスティックアイズ・シンフォニー開幕記念 ログインボーナス*
*開催期間中、1日1回 最大21回ログインボーナスをプレゼント！*
/webview/loginbonus/20230705_m5gr2h/m5gr2h_k_13.png
`白銀の果実 X 1
``從者/禮裝數: 736 / 779`
_2023-07-22 19:39:17_
--------
`友情點數召喚累計2210次

`