【登入訊息】
[c5ab1b78563b1f9e4ee17ab01234bc5e]
`登入天數: 14天 / 1936天
等級: 92
石頭: 3267
呼符: 170
友情點: +0 / 1871505`
*連続ログイン7日間到達おめでとうございます！
明日は1日目からリスタートされます。*
`獣の足跡 X 1
呼符 X 1
7月交換券(2023) X 1
`*「Fate/Grand Order Fes. 2023 夏祭り ～8th Anniversary～」開催直前カウントダウンログインボーナス*
*開催期間中、1日1回 8日間日替りでログインボーナスをプレゼント！*
/webview/loginbonus/20230724_3u6oiy/3u6oiy_s_01.png
`叡智の業火 X 10
`*ミスティックアイズ・シンフォニー開幕記念 ログインボーナス*
*開催期間中、1日1回 最大21回ログインボーナスをプレゼント！*
/webview/loginbonus/20230705_m5gr2h/m5gr2h_k_18.png
`白銀の果実 X 1
``從者/禮裝數: 737 / 791`
_2023-07-23 19:37:58_
--------
`友情點數召喚累計3261次

`[d4825e10f75d83bc0cfb33b6768a8634]
`登入天數: 14天 / 2125天
等級: 19
石頭: 3110
呼符: 89
友情點: +520 / 2179475`
*連続ログイン7日間到達おめでとうございます！
明日は1日目からリスタートされます。*
`獣の足跡 X 1
呼符 X 1
7月交換券(2023) X 1
`*「Fate/Grand Order Fes. 2023 夏祭り ～8th Anniversary～」開催直前カウントダウンログインボーナス*
*開催期間中、1日1回 8日間日替りでログインボーナスをプレゼント！*
/webview/loginbonus/20230724_3u6oiy/3u6oiy_s_01.png
`叡智の業火 X 10
`*ミスティックアイズ・シンフォニー開幕記念 ログインボーナス*
*開催期間中、1日1回 最大21回ログインボーナスをプレゼント！*
/webview/loginbonus/20230705_m5gr2h/m5gr2h_k_18.png
`白銀の果実 X 1
``從者/禮裝數: 737 / 800`
_2023-07-23 19:38:09_
--------
[ff29db15be18f883ffccdf7ab23021a7]
`登入天數: 14天 / 2121天
等級: 18
石頭: 2395
呼符: 64
友情點: +260 / 1982845`
*連続ログイン7日間到達おめでとうございます！
明日は1日目からリスタートされます。*
`獣の足跡 X 1
呼符 X 1
7月交換券(2023) X 1
`*「Fate/Grand Order Fes. 2023 夏祭り ～8th Anniversary～」開催直前カウントダウンログインボーナス*
*開催期間中、1日1回 8日間日替りでログインボーナスをプレゼント！*
/webview/loginbonus/20230724_3u6oiy/3u6oiy_s_01.png
`叡智の業火 X 10
`*ミスティックアイズ・シンフォニー開幕記念 ログインボーナス*
*開催期間中、1日1回 最大21回ログインボーナスをプレゼント！*
/webview/loginbonus/20230705_m5gr2h/m5gr2h_k_18.png
`白銀の果実 X 1
``從者/禮裝數: 730 / 800`
_2023-07-23 19:38:18_
--------
[cc4787a257e3a46e268001195f780247]
`登入天數: 14天 / 2135天
等級: 18
石頭: 3191
呼符: 174
友情點: +190 / 2086990`
*連続ログイン7日間到達おめでとうございます！
明日は1日目からリスタートされます。*
`獣の足跡 X 1
呼符 X 1
7月交換券(2023) X 1
`*「Fate/Grand Order Fes. 2023 夏祭り ～8th Anniversary～」開催直前カウントダウンログインボーナス*
*開催期間中、1日1回 8日間日替りでログインボーナスをプレゼント！*
/webview/loginbonus/20230724_3u6oiy/3u6oiy_s_01.png
`叡智の業火 X 10
`*ミスティックアイズ・シンフォニー開幕記念 ログインボーナス*
*開催期間中、1日1回 最大21回ログインボーナスをプレゼント！*
/webview/loginbonus/20230705_m5gr2h/m5gr2h_k_18.png
`白銀の果実 X 1
``從者/禮裝數: 683 / 771`
_2023-07-23 19:38:26_
--------
`友情點數召喚累計2930次

`[3f5599a008981ecf87f2dea9d1d83d6a]
`登入天數: 14天 / 2140天
等級: 18
石頭: 2391
呼符: 64
友情點: +0 / 1970150`
*連続ログイン7日間到達おめでとうございます！
明日は1日目からリスタートされます。*
`獣の足跡 X 1
呼符 X 1
7月交換券(2023) X 1
`*「Fate/Grand Order Fes. 2023 夏祭り ～8th Anniversary～」開催直前カウントダウンログインボーナス*
*開催期間中、1日1回 8日間日替りでログインボーナスをプレゼント！*
/webview/loginbonus/20230724_3u6oiy/3u6oiy_s_01.png
`叡智の業火 X 10
`*ミスティックアイズ・シンフォニー開幕記念 ログインボーナス*
*開催期間中、1日1回 最大21回ログインボーナスをプレゼント！*
/webview/loginbonus/20230705_m5gr2h/m5gr2h_k_18.png
`白銀の果実 X 1
``從者/禮裝數: 748 / 805`
_2023-07-23 19:38:37_
--------
[0d14e47d83c8b8400ed7555e0192724d]
`登入天數: 14天 / 2061天
等級: 21
石頭: 2051
呼符: 84
友情點: +250 / 1951585`
*連続ログイン7日間到達おめでとうございます！
明日は1日目からリスタートされます。*
`獣の足跡 X 1
呼符 X 1
7月交換券(2023) X 1
`*「Fate/Grand Order Fes. 2023 夏祭り ～8th Anniversary～」開催直前カウントダウンログインボーナス*
*開催期間中、1日1回 8日間日替りでログインボーナスをプレゼント！*
/webview/loginbonus/20230724_3u6oiy/3u6oiy_s_01.png
`叡智の業火 X 10
`*ミスティックアイズ・シンフォニー開幕記念 ログインボーナス*
*開催期間中、1日1回 最大21回ログインボーナスをプレゼント！*
/webview/loginbonus/20230705_m5gr2h/m5gr2h_k_17.png
`白銀の果実 X 1
``從者/禮裝數: 672 / 804`
_2023-07-23 19:38:46_
--------
[d4c10e20929a4c973210db1453668b11]
`登入天數: 14天 / 2066天
等級: 20
石頭: 2085
呼符: 49
友情點: +0 / 1738020`
*連続ログイン7日間到達おめでとうございます！
明日は1日目からリスタートされます。*
`獣の足跡 X 1
呼符 X 1
7月交換券(2023) X 1
`*「Fate/Grand Order Fes. 2023 夏祭り ～8th Anniversary～」開催直前カウントダウンログインボーナス*
*開催期間中、1日1回 8日間日替りでログインボーナスをプレゼント！*
/webview/loginbonus/20230724_3u6oiy/3u6oiy_s_01.png
`叡智の業火 X 10
`*ミスティックアイズ・シンフォニー開幕記念 ログインボーナス*
*開催期間中、1日1回 最大21回ログインボーナスをプレゼント！*
/webview/loginbonus/20230705_m5gr2h/m5gr2h_k_16.png
`白銀の果実 X 1
``從者/禮裝數: 712 / 788`
_2023-07-23 19:38:55_
--------
`友情點數召喚累計2330次

`[f0cc4e7ae2d4b30013f328b2cf7d6063]
`登入天數: 14天 / 2074天
等級: 20
石頭: 1455
呼符: 125
友情點: +0 / 1831585`
*連続ログイン7日間到達おめでとうございます！
明日は1日目からリスタートされます。*
`獣の足跡 X 1
呼符 X 1
7月交換券(2023) X 1
`*「Fate/Grand Order Fes. 2023 夏祭り ～8th Anniversary～」開催直前カウントダウンログインボーナス*
*開催期間中、1日1回 8日間日替りでログインボーナスをプレゼント！*
/webview/loginbonus/20230724_3u6oiy/3u6oiy_s_01.png
`叡智の業火 X 10
`*ミスティックアイズ・シンフォニー開幕記念 ログインボーナス*
*開催期間中、1日1回 最大21回ログインボーナスをプレゼント！*
/webview/loginbonus/20230705_m5gr2h/m5gr2h_k_15.png
`白銀の果実 X 1
``從者/禮裝數: 717 / 786`
_2023-07-23 19:39:07_
--------
`友情點數召喚累計2312次

`[48a14ba1dd858b92594b71e0ed7d5311]
`登入天數: 13天 / 2065天
等級: 20
石頭: 2522
呼符: 172
友情點: +0 / 1740985`
*連続ログイン6日目
※ログインが途切れるか、7日到達すると
1日目から再開されます*
`聖晶石 X 2
7月交換券(2023) X 1
`*「Fate/Grand Order Fes. 2023 夏祭り ～8th Anniversary～」開催直前カウントダウンログインボーナス*
*開催期間中、1日1回 8日間日替りでログインボーナスをプレゼント！*
/webview/loginbonus/20230724_3u6oiy/3u6oiy_s_01.png
`叡智の業火 X 10
`*ミスティックアイズ・シンフォニー開幕記念 ログインボーナス*
*開催期間中、1日1回 最大21回ログインボーナスをプレゼント！*
/webview/loginbonus/20230705_m5gr2h/m5gr2h_k_14.png
`黄金の果実 X 1
``從者/禮裝數: 738 / 785`
_2023-07-23 19:39:18_
--------
`友情點數召喚累計2220次

`