【登入訊息】
[c5ab1b78563b1f9e4ee17ab01234bc5e]
`登入天數: 15天 / 1937天
等級: 92
石頭: 3267
呼符: 170
友情點: +0 / 1871505`
*連続ログイン1日目
※ログインが途切れるか、7日到達すると
1日目から再開されます*
`フレンドポイント X 2000
7月交換券(2023) X 1
`*「Fate/Grand Order Fes. 2023 夏祭り ～8th Anniversary～」開催直前カウントダウンログインボーナス*
*開催期間中、1日1回 8日間日替りでログインボーナスをプレゼント！*
/webview/loginbonus/20230725_v10ifu/v10ifu_s_01.png
`QP X 3000000
`*ミスティックアイズ・シンフォニー開幕記念 ログインボーナス*
*開催期間中、1日1回 最大21回ログインボーナスをプレゼント！*
/webview/loginbonus/20230705_m5gr2h/m5gr2h_k_19.png
`白銀の果実 X 1
``從者/禮裝數: 738 / 793`
_2023-07-24 19:38:12_
--------
`友情點數召喚累計3271次

`[d4825e10f75d83bc0cfb33b6768a8634]
`登入天數: 15天 / 2126天
等級: 19
石頭: 3110
呼符: 89
友情點: +740 / 2180215`
*連続ログイン1日目
※ログインが途切れるか、7日到達すると
1日目から再開されます*
`フレンドポイント X 2000
7月交換券(2023) X 1
`*「Fate/Grand Order Fes. 2023 夏祭り ～8th Anniversary～」開催直前カウントダウンログインボーナス*
*開催期間中、1日1回 8日間日替りでログインボーナスをプレゼント！*
/webview/loginbonus/20230725_v10ifu/v10ifu_s_01.png
`QP X 3000000
`*ミスティックアイズ・シンフォニー開幕記念 ログインボーナス*
*開催期間中、1日1回 最大21回ログインボーナスをプレゼント！*
/webview/loginbonus/20230705_m5gr2h/m5gr2h_k_19.png
`白銀の果実 X 1
``從者/禮裝數: 737 / 800`
_2023-07-24 19:38:24_
--------
[ff29db15be18f883ffccdf7ab23021a7]
`登入天數: 15天 / 2122天
等級: 18
石頭: 2395
呼符: 64
友情點: +360 / 1983205`
*連続ログイン1日目
※ログインが途切れるか、7日到達すると
1日目から再開されます*
`フレンドポイント X 2000
7月交換券(2023) X 1
`*「Fate/Grand Order Fes. 2023 夏祭り ～8th Anniversary～」開催直前カウントダウンログインボーナス*
*開催期間中、1日1回 8日間日替りでログインボーナスをプレゼント！*
/webview/loginbonus/20230725_v10ifu/v10ifu_s_01.png
`QP X 3000000
`*ミスティックアイズ・シンフォニー開幕記念 ログインボーナス*
*開催期間中、1日1回 最大21回ログインボーナスをプレゼント！*
/webview/loginbonus/20230705_m5gr2h/m5gr2h_k_19.png
`白銀の果実 X 1
``從者/禮裝數: 730 / 800`
_2023-07-24 19:38:34_
--------
[cc4787a257e3a46e268001195f780247]
`登入天數: 15天 / 2136天
等級: 18
石頭: 3191
呼符: 174
友情點: +440 / 2087430`
*連続ログイン1日目
※ログインが途切れるか、7日到達すると
1日目から再開されます*
`フレンドポイント X 2000
7月交換券(2023) X 1
`*「Fate/Grand Order Fes. 2023 夏祭り ～8th Anniversary～」開催直前カウントダウンログインボーナス*
*開催期間中、1日1回 8日間日替りでログインボーナスをプレゼント！*
/webview/loginbonus/20230725_v10ifu/v10ifu_s_01.png
`QP X 3000000
`*ミスティックアイズ・シンフォニー開幕記念 ログインボーナス*
*開催期間中、1日1回 最大21回ログインボーナスをプレゼント！*
/webview/loginbonus/20230705_m5gr2h/m5gr2h_k_19.png
`白銀の果実 X 1
``從者/禮裝數: 688 / 774`
_2023-07-24 19:38:43_
--------
`友情點數召喚累計2940次

`[3f5599a008981ecf87f2dea9d1d83d6a]
`登入天數: 15天 / 2141天
等級: 18
石頭: 2391
呼符: 64
友情點: +0 / 1970150`
*連続ログイン1日目
※ログインが途切れるか、7日到達すると
1日目から再開されます*
`フレンドポイント X 2000
7月交換券(2023) X 1
`*「Fate/Grand Order Fes. 2023 夏祭り ～8th Anniversary～」開催直前カウントダウンログインボーナス*
*開催期間中、1日1回 8日間日替りでログインボーナスをプレゼント！*
/webview/loginbonus/20230725_v10ifu/v10ifu_s_01.png
`QP X 3000000
`*ミスティックアイズ・シンフォニー開幕記念 ログインボーナス*
*開催期間中、1日1回 最大21回ログインボーナスをプレゼント！*
/webview/loginbonus/20230705_m5gr2h/m5gr2h_k_19.png
`白銀の果実 X 1
``從者/禮裝數: 748 / 805`
_2023-07-24 19:38:55_
--------
[0d14e47d83c8b8400ed7555e0192724d]
`登入天數: 15天 / 2062天
等級: 21
石頭: 2051
呼符: 84
友情點: +430 / 1952015`
*連続ログイン1日目
※ログインが途切れるか、7日到達すると
1日目から再開されます*
`フレンドポイント X 2000
7月交換券(2023) X 1
`*「Fate/Grand Order Fes. 2023 夏祭り ～8th Anniversary～」開催直前カウントダウンログインボーナス*
*開催期間中、1日1回 8日間日替りでログインボーナスをプレゼント！*
/webview/loginbonus/20230725_v10ifu/v10ifu_s_01.png
`QP X 3000000
`*ミスティックアイズ・シンフォニー開幕記念 ログインボーナス*
*開催期間中、1日1回 最大21回ログインボーナスをプレゼント！*
/webview/loginbonus/20230705_m5gr2h/m5gr2h_k_18.png
`白銀の果実 X 1
``從者/禮裝數: 672 / 804`
_2023-07-24 19:39:04_
--------
[d4c10e20929a4c973210db1453668b11]
`登入天數: 15天 / 2067天
等級: 20
石頭: 2085
呼符: 49
友情點: +0 / 1738020`
*連続ログイン1日目
※ログインが途切れるか、7日到達すると
1日目から再開されます*
`フレンドポイント X 2000
7月交換券(2023) X 1
`*「Fate/Grand Order Fes. 2023 夏祭り ～8th Anniversary～」開催直前カウントダウンログインボーナス*
*開催期間中、1日1回 8日間日替りでログインボーナスをプレゼント！*
/webview/loginbonus/20230725_v10ifu/v10ifu_s_01.png
`QP X 3000000
`*ミスティックアイズ・シンフォニー開幕記念 ログインボーナス*
*開催期間中、1日1回 最大21回ログインボーナスをプレゼント！*
/webview/loginbonus/20230705_m5gr2h/m5gr2h_k_17.png
`白銀の果実 X 1
``從者/禮裝數: 717 / 792`
_2023-07-24 19:39:14_
--------
`友情點數召喚累計2340次

`[f0cc4e7ae2d4b30013f328b2cf7d6063]
`登入天數: 15天 / 2075天
等級: 20
石頭: 1455
呼符: 125
友情點: +0 / 1831585`
*連続ログイン1日目
※ログインが途切れるか、7日到達すると
1日目から再開されます*
`フレンドポイント X 2000
7月交換券(2023) X 1
`*「Fate/Grand Order Fes. 2023 夏祭り ～8th Anniversary～」開催直前カウントダウンログインボーナス*
*開催期間中、1日1回 8日間日替りでログインボーナスをプレゼント！*
/webview/loginbonus/20230725_v10ifu/v10ifu_s_01.png
`QP X 3000000
`*ミスティックアイズ・シンフォニー開幕記念 ログインボーナス*
*開催期間中、1日1回 最大21回ログインボーナスをプレゼント！*
/webview/loginbonus/20230705_m5gr2h/m5gr2h_k_16.png
`白銀の果実 X 1
``從者/禮裝數: 717 / 795`
_2023-07-24 19:39:26_
--------
`友情點數召喚累計2322次

`[48a14ba1dd858b92594b71e0ed7d5311]
`登入天數: 14天 / 2066天
等級: 20
石頭: 2522
呼符: 172
友情點: +0 / 1740985`
*連続ログイン7日間到達おめでとうございます！
明日は1日目からリスタートされます。*
`獣の足跡 X 1
呼符 X 1
7月交換券(2023) X 1
`*「Fate/Grand Order Fes. 2023 夏祭り ～8th Anniversary～」開催直前カウントダウンログインボーナス*
*開催期間中、1日1回 8日間日替りでログインボーナスをプレゼント！*
/webview/loginbonus/20230725_v10ifu/v10ifu_s_01.png
`QP X 3000000
`*ミスティックアイズ・シンフォニー開幕記念 ログインボーナス*
*開催期間中、1日1回 最大21回ログインボーナスをプレゼント！*
/webview/loginbonus/20230705_m5gr2h/m5gr2h_k_15.png
`白銀の果実 X 1
``從者/禮裝數: 741 / 788`
_2023-07-24 19:39:38_
--------
`友情點數召喚累計2230次

`