【登入訊息】
[c5ab1b78563b1f9e4ee17ab01234bc5e]
`登入天數: 16天 / 1938天
等級: 92
石頭: 3267
呼符: 170
友情點: +0 / 1871505`
*連続ログイン2日目
※ログインが途切れるか、7日到達すると
1日目から再開されます*
`聖晶石 X 1
7月交換券(2023) X 1
`*ミスティックアイズ・シンフォニー開幕記念 ログインボーナス*
*開催期間中、1日1回 最大21回ログインボーナスをプレゼント！*
/webview/loginbonus/20230705_m5gr2h/m5gr2h_k_20.png
`白銀の果実 X 1
`*「Fate/Grand Order Fes. 2023 夏祭り ～8th Anniversary～」開催直前カウントダウンログインボーナス*
*開催期間中、1日1回 8日間日替りでログインボーナスをプレゼント！*
/webview/loginbonus/20230726_dmt8i8/dmt8i8_s_01.png
`叡智の業火 X 5
``從者/禮裝數: 740 / 797`
_2023-07-25 19:37:59_
--------
`友情點數召喚累計3281次

`[d4825e10f75d83bc0cfb33b6768a8634]
`登入天數: 16天 / 2127天
等級: 19
石頭: 3110
呼符: 89
友情點: +1560 / 2181775`
*連続ログイン2日目
※ログインが途切れるか、7日到達すると
1日目から再開されます*
`聖晶石 X 1
7月交換券(2023) X 1
`*ミスティックアイズ・シンフォニー開幕記念 ログインボーナス*
*開催期間中、1日1回 最大21回ログインボーナスをプレゼント！*
/webview/loginbonus/20230705_m5gr2h/m5gr2h_k_20.png
`白銀の果実 X 1
`*「Fate/Grand Order Fes. 2023 夏祭り ～8th Anniversary～」開催直前カウントダウンログインボーナス*
*開催期間中、1日1回 8日間日替りでログインボーナスをプレゼント！*
/webview/loginbonus/20230726_dmt8i8/dmt8i8_s_01.png
`叡智の業火 X 5
``從者/禮裝數: 737 / 800`
_2023-07-25 19:38:11_
--------
[ff29db15be18f883ffccdf7ab23021a7]
`登入天數: 16天 / 2123天
等級: 18
石頭: 2395
呼符: 64
友情點: +710 / 1984115`
*連続ログイン2日目
※ログインが途切れるか、7日到達すると
1日目から再開されます*
`聖晶石 X 1
7月交換券(2023) X 1
`*ミスティックアイズ・シンフォニー開幕記念 ログインボーナス*
*開催期間中、1日1回 最大21回ログインボーナスをプレゼント！*
/webview/loginbonus/20230705_m5gr2h/m5gr2h_k_20.png
`白銀の果実 X 1
`*「Fate/Grand Order Fes. 2023 夏祭り ～8th Anniversary～」開催直前カウントダウンログインボーナス*
*開催期間中、1日1回 8日間日替りでログインボーナスをプレゼント！*
/webview/loginbonus/20230726_dmt8i8/dmt8i8_s_01.png
`叡智の業火 X 5
``從者/禮裝數: 730 / 800`
_2023-07-25 19:38:20_
--------
[cc4787a257e3a46e268001195f780247]
`登入天數: 16天 / 2137天
等級: 18
石頭: 3191
呼符: 174
友情點: +900 / 2088330`
*連続ログイン2日目
※ログインが途切れるか、7日到達すると
1日目から再開されます*
`聖晶石 X 1
7月交換券(2023) X 1
`*ミスティックアイズ・シンフォニー開幕記念 ログインボーナス*
*開催期間中、1日1回 最大21回ログインボーナスをプレゼント！*
/webview/loginbonus/20230705_m5gr2h/m5gr2h_k_20.png
`白銀の果実 X 1
`*「Fate/Grand Order Fes. 2023 夏祭り ～8th Anniversary～」開催直前カウントダウンログインボーナス*
*開催期間中、1日1回 8日間日替りでログインボーナスをプレゼント！*
/webview/loginbonus/20230726_dmt8i8/dmt8i8_s_01.png
`叡智の業火 X 5
``從者/禮裝數: 690 / 779`
_2023-07-25 19:38:29_
--------
`友情點數召喚累計2950次

`[3f5599a008981ecf87f2dea9d1d83d6a]
`登入天數: 16天 / 2142天
等級: 18
石頭: 2391
呼符: 64
友情點: +0 / 1970150`
*連続ログイン2日目
※ログインが途切れるか、7日到達すると
1日目から再開されます*
`聖晶石 X 1
7月交換券(2023) X 1
`*ミスティックアイズ・シンフォニー開幕記念 ログインボーナス*
*開催期間中、1日1回 最大21回ログインボーナスをプレゼント！*
/webview/loginbonus/20230705_m5gr2h/m5gr2h_k_20.png
`白銀の果実 X 1
`*「Fate/Grand Order Fes. 2023 夏祭り ～8th Anniversary～」開催直前カウントダウンログインボーナス*
*開催期間中、1日1回 8日間日替りでログインボーナスをプレゼント！*
/webview/loginbonus/20230726_dmt8i8/dmt8i8_s_01.png
`叡智の業火 X 5
``從者/禮裝數: 748 / 805`
_2023-07-25 19:38:40_
--------
[0d14e47d83c8b8400ed7555e0192724d]
`登入天數: 16天 / 2063天
等級: 21
石頭: 2051
呼符: 84
友情點: +1190 / 1953205`
*連続ログイン2日目
※ログインが途切れるか、7日到達すると
1日目から再開されます*
`聖晶石 X 1
7月交換券(2023) X 1
`*ミスティックアイズ・シンフォニー開幕記念 ログインボーナス*
*開催期間中、1日1回 最大21回ログインボーナスをプレゼント！*
/webview/loginbonus/20230705_m5gr2h/m5gr2h_k_19.png
`白銀の果実 X 1
`*「Fate/Grand Order Fes. 2023 夏祭り ～8th Anniversary～」開催直前カウントダウンログインボーナス*
*開催期間中、1日1回 8日間日替りでログインボーナスをプレゼント！*
/webview/loginbonus/20230726_dmt8i8/dmt8i8_s_01.png
`叡智の業火 X 5
``從者/禮裝數: 672 / 804`
_2023-07-25 19:38:50_
--------
[d4c10e20929a4c973210db1453668b11]
`登入天數: 16天 / 2068天
等級: 20
石頭: 2085
呼符: 49
友情點: +0 / 1738020`
*連続ログイン2日目
※ログインが途切れるか、7日到達すると
1日目から再開されます*
`聖晶石 X 1
7月交換券(2023) X 1
`*ミスティックアイズ・シンフォニー開幕記念 ログインボーナス*
*開催期間中、1日1回 最大21回ログインボーナスをプレゼント！*
/webview/loginbonus/20230705_m5gr2h/m5gr2h_k_18.png
`白銀の果実 X 1
`*「Fate/Grand Order Fes. 2023 夏祭り ～8th Anniversary～」開催直前カウントダウンログインボーナス*
*開催期間中、1日1回 8日間日替りでログインボーナスをプレゼント！*
/webview/loginbonus/20230726_dmt8i8/dmt8i8_s_01.png
`叡智の業火 X 5
``從者/禮裝數: 722 / 796`
_2023-07-25 19:38:59_
--------
`友情點數召喚累計2350次

`[f0cc4e7ae2d4b30013f328b2cf7d6063]
`登入天數: 16天 / 2076天
等級: 20
石頭: 1455
呼符: 125
友情點: +0 / 1831585`
*連続ログイン2日目
※ログインが途切れるか、7日到達すると
1日目から再開されます*
`聖晶石 X 1
7月交換券(2023) X 1
`*ミスティックアイズ・シンフォニー開幕記念 ログインボーナス*
*開催期間中、1日1回 最大21回ログインボーナスをプレゼント！*
/webview/loginbonus/20230705_m5gr2h/m5gr2h_k_17.png
`白銀の果実 X 1
`*「Fate/Grand Order Fes. 2023 夏祭り ～8th Anniversary～」開催直前カウントダウンログインボーナス*
*開催期間中、1日1回 8日間日替りでログインボーナスをプレゼント！*
/webview/loginbonus/20230726_dmt8i8/dmt8i8_s_01.png
`叡智の業火 X 5
``從者/禮裝數: 719 / 799`
_2023-07-25 19:39:10_
--------
`友情點數召喚累計2332次

`[48a14ba1dd858b92594b71e0ed7d5311]
`登入天數: 15天 / 2067天
等級: 20
石頭: 2522
呼符: 172
友情點: +0 / 1740985`
*連続ログイン1日目
※ログインが途切れるか、7日到達すると
1日目から再開されます*
`フレンドポイント X 2000
7月交換券(2023) X 1
`*ミスティックアイズ・シンフォニー開幕記念 ログインボーナス*
*開催期間中、1日1回 最大21回ログインボーナスをプレゼント！*
/webview/loginbonus/20230705_m5gr2h/m5gr2h_k_16.png
`白銀の果実 X 1
`*「Fate/Grand Order Fes. 2023 夏祭り ～8th Anniversary～」開催直前カウントダウンログインボーナス*
*開催期間中、1日1回 8日間日替りでログインボーナスをプレゼント！*
/webview/loginbonus/20230726_dmt8i8/dmt8i8_s_01.png
`叡智の業火 X 5
``從者/禮裝數: 746 / 792`
_2023-07-25 19:39:22_
--------
`友情點數召喚累計2240次

`