【登入訊息】
[c5ab1b78563b1f9e4ee17ab01234bc5e]
`登入天數: 17天 / 1939天
等級: 92
石頭: 3267
呼符: 170
友情點: +0 / 1871505`
*連続ログイン3日目
※ログインが途切れるか、7日到達すると
1日目から再開されます*
`叡智の業火 X 1
7月交換券(2023) X 1
`*「Fate/Grand Order Fes. 2023 夏祭り ～8th Anniversary～」開催直前カウントダウンログインボーナス*
*開催期間中、1日1回 8日間日替りでログインボーナスをプレゼント！*
/webview/loginbonus/20230727_g6klqe/g6klqe_s_01.png
`QP X 3000000
``從者/禮裝數: 744 / 802`
_2023-07-26 19:37:57_
--------
[d4825e10f75d83bc0cfb33b6768a8634]
`登入天數: 17天 / 2128天
等級: 19
石頭: 3110
呼符: 89
友情點: +800 / 2182575`
*連続ログイン3日目
※ログインが途切れるか、7日到達すると
1日目から再開されます*
`叡智の業火 X 1
7月交換券(2023) X 1
`*「Fate/Grand Order Fes. 2023 夏祭り ～8th Anniversary～」開催直前カウントダウンログインボーナス*
*開催期間中、1日1回 8日間日替りでログインボーナスをプレゼント！*
/webview/loginbonus/20230727_g6klqe/g6klqe_s_01.png
`QP X 3000000
``從者/禮裝數: 737 / 800`
_2023-07-26 19:38:06_
--------
[ff29db15be18f883ffccdf7ab23021a7]
`登入天數: 17天 / 2124天
等級: 18
石頭: 2395
呼符: 64
友情點: +710 / 1984825`
*連続ログイン3日目
※ログインが途切れるか、7日到達すると
1日目から再開されます*
`叡智の業火 X 1
7月交換券(2023) X 1
`*「Fate/Grand Order Fes. 2023 夏祭り ～8th Anniversary～」開催直前カウントダウンログインボーナス*
*開催期間中、1日1回 8日間日替りでログインボーナスをプレゼント！*
/webview/loginbonus/20230727_g6klqe/g6klqe_s_01.png
`QP X 3000000
``從者/禮裝數: 730 / 800`
_2023-07-26 19:38:15_
--------
[cc4787a257e3a46e268001195f780247]
`登入天數: 17天 / 2138天
等級: 18
石頭: 3191
呼符: 174
友情點: +610 / 2088940`
*連続ログイン3日目
※ログインが途切れるか、7日到達すると
1日目から再開されます*
`叡智の業火 X 1
7月交換券(2023) X 1
`*「Fate/Grand Order Fes. 2023 夏祭り ～8th Anniversary～」開催直前カウントダウンログインボーナス*
*開催期間中、1日1回 8日間日替りでログインボーナスをプレゼント！*
/webview/loginbonus/20230727_g6klqe/g6klqe_s_01.png
`QP X 3000000
``從者/禮裝數: 691 / 787`
_2023-07-26 19:38:25_
--------
`友情點數召喚累計2960次

`[3f5599a008981ecf87f2dea9d1d83d6a]
`登入天數: 17天 / 2143天
等級: 18
石頭: 2391
呼符: 64
友情點: +0 / 1970150`
*連続ログイン3日目
※ログインが途切れるか、7日到達すると
1日目から再開されます*
`叡智の業火 X 1
7月交換券(2023) X 1
`*「Fate/Grand Order Fes. 2023 夏祭り ～8th Anniversary～」開催直前カウントダウンログインボーナス*
*開催期間中、1日1回 8日間日替りでログインボーナスをプレゼント！*
/webview/loginbonus/20230727_g6klqe/g6klqe_s_01.png
`QP X 3000000
``從者/禮裝數: 748 / 805`
_2023-07-26 19:38:37_
--------
[0d14e47d83c8b8400ed7555e0192724d]
`登入天數: 17天 / 2064天
等級: 21
石頭: 2051
呼符: 84
友情點: +480 / 1953685`
*連続ログイン3日目
※ログインが途切れるか、7日到達すると
1日目から再開されます*
`叡智の業火 X 1
7月交換券(2023) X 1
`*「Fate/Grand Order Fes. 2023 夏祭り ～8th Anniversary～」開催直前カウントダウンログインボーナス*
*開催期間中、1日1回 8日間日替りでログインボーナスをプレゼント！*
/webview/loginbonus/20230727_g6klqe/g6klqe_s_01.png
`QP X 3000000
``從者/禮裝數: 672 / 804`
_2023-07-26 19:38:46_
--------
[d4c10e20929a4c973210db1453668b11]
`登入天數: 17天 / 2069天
等級: 20
石頭: 2085
呼符: 49
友情點: +0 / 1738020`
*連続ログイン3日目
※ログインが途切れるか、7日到達すると
1日目から再開されます*
`叡智の業火 X 1
7月交換券(2023) X 1
`*「Fate/Grand Order Fes. 2023 夏祭り ～8th Anniversary～」開催直前カウントダウンログインボーナス*
*開催期間中、1日1回 8日間日替りでログインボーナスをプレゼント！*
/webview/loginbonus/20230727_g6klqe/g6klqe_s_01.png
`QP X 3000000
``從者/禮裝數: 727 / 799`
_2023-07-26 19:38:56_
--------
`友情點數召喚累計2360次

`[f0cc4e7ae2d4b30013f328b2cf7d6063]
`登入天數: 17天 / 2077天
等級: 20
石頭: 1455
呼符: 125
友情點: +0 / 1831585`
*連続ログイン3日目
※ログインが途切れるか、7日到達すると
1日目から再開されます*
`叡智の業火 X 1
7月交換券(2023) X 1
`*「Fate/Grand Order Fes. 2023 夏祭り ～8th Anniversary～」開催直前カウントダウンログインボーナス*
*開催期間中、1日1回 8日間日替りでログインボーナスをプレゼント！*
/webview/loginbonus/20230727_g6klqe/g6klqe_s_01.png
`QP X 3000000
``從者/禮裝數: 720 / 804`
_2023-07-26 19:39:08_
--------
[48a14ba1dd858b92594b71e0ed7d5311]
`登入天數: 16天 / 2068天
等級: 20
石頭: 2522
呼符: 172
友情點: +0 / 1740985`
*連続ログイン2日目
※ログインが途切れるか、7日到達すると
1日目から再開されます*
`聖晶石 X 1
7月交換券(2023) X 1
`*「Fate/Grand Order Fes. 2023 夏祭り ～8th Anniversary～」開催直前カウントダウンログインボーナス*
*開催期間中、1日1回 8日間日替りでログインボーナスをプレゼント！*
/webview/loginbonus/20230727_g6klqe/g6klqe_s_01.png
`QP X 3000000
``從者/禮裝數: 749 / 798`
_2023-07-26 19:39:17_
--------
`友情點數召喚累計2250次

`