【登入訊息】
[c5ab1b78563b1f9e4ee17ab01234bc5e]
`登入天數: 19天 / 1941天
等級: 92
石頭: 3267
呼符: 170
友情點: +0 / 1871505`
*連続ログイン5日目
※ログインが途切れるか、7日到達すると
1日目から再開されます*
`叡智の業火 X 2
7月交換券(2023) X 1
`*「Fate/Grand Order Fes. 2023 夏祭り ～8th Anniversary～」開催直前カウントダウンログインボーナス*
*開催期間中、1日1回 8日間日替りでログインボーナスをプレゼント！*
/webview/loginbonus/20230729_34qw52/34qw52_s_01.png
`星見のティーポット X 3
``從者/禮裝數: 744 / 802`
_2023-07-28 19:37:58_
--------
[d4825e10f75d83bc0cfb33b6768a8634]
`登入天數: 19天 / 2130天
等級: 19
石頭: 3110
呼符: 89
友情點: +1260 / 2184295`
*連続ログイン5日目
※ログインが途切れるか、7日到達すると
1日目から再開されます*
`叡智の業火 X 2
7月交換券(2023) X 1
`*「Fate/Grand Order Fes. 2023 夏祭り ～8th Anniversary～」開催直前カウントダウンログインボーナス*
*開催期間中、1日1回 8日間日替りでログインボーナスをプレゼント！*
/webview/loginbonus/20230729_34qw52/34qw52_s_01.png
`星見のティーポット X 3
``從者/禮裝數: 737 / 800`
_2023-07-28 19:38:07_
--------
[ff29db15be18f883ffccdf7ab23021a7]
`登入天數: 19天 / 2126天
等級: 18
石頭: 2395
呼符: 64
友情點: +510 / 1985505`
*連続ログイン5日目
※ログインが途切れるか、7日到達すると
1日目から再開されます*
`叡智の業火 X 2
7月交換券(2023) X 1
`*「Fate/Grand Order Fes. 2023 夏祭り ～8th Anniversary～」開催直前カウントダウンログインボーナス*
*開催期間中、1日1回 8日間日替りでログインボーナスをプレゼント！*
/webview/loginbonus/20230729_34qw52/34qw52_s_01.png
`星見のティーポット X 3
``從者/禮裝數: 730 / 800`
_2023-07-28 19:38:16_
--------
[cc4787a257e3a46e268001195f780247]
`登入天數: 19天 / 2140天
等級: 18
石頭: 3191
呼符: 174
友情點: +630 / 2089800`
*連続ログイン5日目
※ログインが途切れるか、7日到達すると
1日目から再開されます*
`叡智の業火 X 2
7月交換券(2023) X 1
`*「Fate/Grand Order Fes. 2023 夏祭り ～8th Anniversary～」開催直前カウントダウンログインボーナス*
*開催期間中、1日1回 8日間日替りでログインボーナスをプレゼント！*
/webview/loginbonus/20230729_34qw52/34qw52_s_01.png
`星見のティーポット X 3
``從者/禮裝數: 699 / 795`
_2023-07-28 19:38:25_
--------
`友情點數召喚累計2980次

`[3f5599a008981ecf87f2dea9d1d83d6a]
`登入天數: 19天 / 2145天
等級: 18
石頭: 2391
呼符: 64
友情點: +0 / 1970150`
*連続ログイン5日目
※ログインが途切れるか、7日到達すると
1日目から再開されます*
`叡智の業火 X 2
7月交換券(2023) X 1
`*「Fate/Grand Order Fes. 2023 夏祭り ～8th Anniversary～」開催直前カウントダウンログインボーナス*
*開催期間中、1日1回 8日間日替りでログインボーナスをプレゼント！*
/webview/loginbonus/20230729_34qw52/34qw52_s_01.png
`星見のティーポット X 3
``從者/禮裝數: 748 / 805`
_2023-07-28 19:38:36_
--------
[0d14e47d83c8b8400ed7555e0192724d]
`登入天數: 19天 / 2066天
等級: 21
石頭: 2051
呼符: 84
友情點: +540 / 1954495`
*連続ログイン5日目
※ログインが途切れるか、7日到達すると
1日目から再開されます*
`叡智の業火 X 2
7月交換券(2023) X 1
`*「Fate/Grand Order Fes. 2023 夏祭り ～8th Anniversary～」開催直前カウントダウンログインボーナス*
*開催期間中、1日1回 8日間日替りでログインボーナスをプレゼント！*
/webview/loginbonus/20230729_34qw52/34qw52_s_01.png
`星見のティーポット X 3
``從者/禮裝數: 672 / 804`
_2023-07-28 19:38:45_
--------
[d4c10e20929a4c973210db1453668b11]
`登入天數: 19天 / 2071天
等級: 20
石頭: 2085
呼符: 49
友情點: +0 / 1738020`
*連続ログイン5日目
※ログインが途切れるか、7日到達すると
1日目から再開されます*
`叡智の業火 X 2
7月交換券(2023) X 1
`*「Fate/Grand Order Fes. 2023 夏祭り ～8th Anniversary～」開催直前カウントダウンログインボーナス*
*開催期間中、1日1回 8日間日替りでログインボーナスをプレゼント！*
/webview/loginbonus/20230729_34qw52/34qw52_s_01.png
`星見のティーポット X 3
``從者/禮裝數: 729 / 802`
_2023-07-28 19:38:54_
--------
[f0cc4e7ae2d4b30013f328b2cf7d6063]
`登入天數: 19天 / 2079天
等級: 20
石頭: 1455
呼符: 125
友情點: +0 / 1831585`
*連続ログイン5日目
※ログインが途切れるか、7日到達すると
1日目から再開されます*
`叡智の業火 X 2
7月交換券(2023) X 1
`*「Fate/Grand Order Fes. 2023 夏祭り ～8th Anniversary～」開催直前カウントダウンログインボーナス*
*開催期間中、1日1回 8日間日替りでログインボーナスをプレゼント！*
/webview/loginbonus/20230729_34qw52/34qw52_s_01.png
`星見のティーポット X 3
``從者/禮裝數: 720 / 804`
_2023-07-28 19:39:03_
--------
[48a14ba1dd858b92594b71e0ed7d5311]
`登入天數: 18天 / 2070天
等級: 20
石頭: 2522
呼符: 172
友情點: +0 / 1740985`
*連続ログイン4日目
※ログインが途切れるか、7日到達すると
1日目から再開されます*
`聖晶石 X 1
7月交換券(2023) X 1
`*「Fate/Grand Order Fes. 2023 夏祭り ～8th Anniversary～」開催直前カウントダウンログインボーナス*
*開催期間中、1日1回 8日間日替りでログインボーナスをプレゼント！*
/webview/loginbonus/20230729_34qw52/34qw52_s_01.png
`星見のティーポット X 3
``從者/禮裝數: 751 / 803`
_2023-07-28 19:39:12_
--------
