【登入訊息】
[c5ab1b78563b1f9e4ee17ab01234bc5e]
`登入天數: 20天 / 1942天
等級: 92
石頭: 3267
呼符: 170
友情點: +0 / 1871505`
*連続ログイン6日目
※ログインが途切れるか、7日到達すると
1日目から再開されます*
`聖晶石 X 2
7月交換券(2023) X 1
``從者/禮裝數: 744 / 802`
_2023-07-29 19:38:04_
--------
[d4825e10f75d83bc0cfb33b6768a8634]
`登入天數: 20天 / 2131天
等級: 19
石頭: 3110
呼符: 89
友情點: +220 / 2184515`
*連続ログイン6日目
※ログインが途切れるか、7日到達すると
1日目から再開されます*
`聖晶石 X 2
7月交換券(2023) X 1
``從者/禮裝數: 737 / 800`
_2023-07-29 19:38:13_
--------
[ff29db15be18f883ffccdf7ab23021a7]
`登入天數: 20天 / 2127天
等級: 18
石頭: 2395
呼符: 64
友情點: +210 / 1985715`
*連続ログイン6日目
※ログインが途切れるか、7日到達すると
1日目から再開されます*
`聖晶石 X 2
7月交換券(2023) X 1
``從者/禮裝數: 730 / 800`
_2023-07-29 19:38:21_
--------
[cc4787a257e3a46e268001195f780247]
`登入天數: 20天 / 2141天
等級: 18
石頭: 3191
呼符: 174
友情點: +120 / 2089920`
*連続ログイン6日目
※ログインが途切れるか、7日到達すると
1日目から再開されます*
`聖晶石 X 2
7月交換券(2023) X 1
``從者/禮裝數: 699 / 801`
_2023-07-29 19:38:30_
--------
[3f5599a008981ecf87f2dea9d1d83d6a]
`登入天數: 20天 / 2146天
等級: 18
石頭: 2391
呼符: 64
友情點: +0 / 1970150`
*連続ログイン6日目
※ログインが途切れるか、7日到達すると
1日目から再開されます*
`聖晶石 X 2
7月交換券(2023) X 1
``從者/禮裝數: 748 / 805`
_2023-07-29 19:38:38_
--------
[0d14e47d83c8b8400ed7555e0192724d]
`登入天數: 20天 / 2067天
等級: 21
石頭: 2051
呼符: 84
友情點: +170 / 1954665`
*連続ログイン6日目
※ログインが途切れるか、7日到達すると
1日目から再開されます*
`聖晶石 X 2
7月交換券(2023) X 1
``從者/禮裝數: 672 / 804`
_2023-07-29 19:38:47_
--------
[d4c10e20929a4c973210db1453668b11]
`登入天數: 20天 / 2072天
等級: 20
石頭: 2085
呼符: 49
友情點: +0 / 1738020`
*連続ログイン6日目
※ログインが途切れるか、7日到達すると
1日目から再開されます*
`聖晶石 X 2
7月交換券(2023) X 1
``從者/禮裝數: 729 / 802`
_2023-07-29 19:38:55_
--------
[f0cc4e7ae2d4b30013f328b2cf7d6063]
`登入天數: 20天 / 2080天
等級: 20
石頭: 1455
呼符: 125
友情點: +0 / 1831585`
*連続ログイン6日目
※ログインが途切れるか、7日到達すると
1日目から再開されます*
`聖晶石 X 2
7月交換券(2023) X 1
``從者/禮裝數: 720 / 804`
_2023-07-29 19:39:04_
--------
[48a14ba1dd858b92594b71e0ed7d5311]
`登入天數: 19天 / 2071天
等級: 20
石頭: 2522
呼符: 172
友情點: +0 / 1740985`
*連続ログイン5日目
※ログインが途切れるか、7日到達すると
1日目から再開されます*
`叡智の業火 X 2
7月交換券(2023) X 1
``從者/禮裝數: 751 / 803`
_2023-07-29 19:39:13_
--------
