【登入訊息】
[c5ab1b78563b1f9e4ee17ab01234bc5e]
`登入天數: 21天 / 1943天
等級: 92
石頭: 3267
呼符: 170
友情點: +0 / 1871505`
*連続ログイン7日間到達おめでとうございます！
明日は1日目からリスタートされます。*
`獣の足跡 X 1
呼符 X 1
7月交換券(2023) X 1
`*ショートアニメ「藤丸立香はわからない」グランドフィナーレ記念 特別ログインボーナス*
*開催期間中、初回ログインで「限定概念礼装×1」をプレゼント！*
/webview/loginbonus/20230730_ou1e6k/ou1e6k_s_01.png
`慰労会はおわらない X 1
`*「Fate/Grand Order Fes. 2023 夏祭り ～8th Anniversary～」配信番組連動キャンペーン報酬プレゼント*
*開催期間中、初回ログインで「聖晶石×100」をプレゼント！*
/webview/loginbonus/20230731_n335c7/n335c7_s_01.png
`聖晶石 X 100
`*8周年記念特別回数ログインボーナス*
*開催期間中、1日1回 最大10回 回数ログインボーナスをプレゼント！*
/webview/loginbonus/20230731_f0hd3x/f0hd3x_k_01.png
`叡智の業火 X 10
QP X 3000000
`*使用期限付コンティニューアイテムプレゼント！*
*開催期間中、初回ログインでコンティニューアイテム「霊脈石×3」をプレゼント！*
/webview/loginbonus/20230730_2gvrxo/2gvrxo_s_01.png
`霊脈石 X 3
``從者/禮裝數: 744 / 802`
_2023-07-30 19:38:02_
--------
`友情點數召喚累計3291次

`[d4825e10f75d83bc0cfb33b6768a8634]
`登入天數: 21天 / 2132天
等級: 19
石頭: 3110
呼符: 89
友情點: +635 / 2185950`
*連続ログイン7日間到達おめでとうございます！
明日は1日目からリスタートされます。*
`獣の足跡 X 1
呼符 X 1
7月交換券(2023) X 1
`*ショートアニメ「藤丸立香はわからない」グランドフィナーレ記念 特別ログインボーナス*
*開催期間中、初回ログインで「限定概念礼装×1」をプレゼント！*
/webview/loginbonus/20230730_ou1e6k/ou1e6k_s_01.png
`慰労会はおわらない X 1
`*「Fate/Grand Order Fes. 2023 夏祭り ～8th Anniversary～」配信番組連動キャンペーン報酬プレゼント*
*開催期間中、初回ログインで「聖晶石×100」をプレゼント！*
/webview/loginbonus/20230731_n335c7/n335c7_s_01.png
`聖晶石 X 100
`*8周年記念特別回数ログインボーナス*
*開催期間中、1日1回 最大10回 回数ログインボーナスをプレゼント！*
/webview/loginbonus/20230731_f0hd3x/f0hd3x_k_01.png
`叡智の業火 X 10
QP X 3000000
`*使用期限付コンティニューアイテムプレゼント！*
*開催期間中、初回ログインでコンティニューアイテム「霊脈石×3」をプレゼント！*
/webview/loginbonus/20230730_2gvrxo/2gvrxo_s_01.png
`霊脈石 X 3
``從者/禮裝數: 737 / 800`
_2023-07-30 19:38:14_
--------
`友情點數召喚累計2600次

`[ff29db15be18f883ffccdf7ab23021a7]
`登入天數: 21天 / 2128天
等級: 18
石頭: 2395
呼符: 64
友情點: +90 / 1985805`
*連続ログイン7日間到達おめでとうございます！
明日は1日目からリスタートされます。*
`獣の足跡 X 1
呼符 X 1
7月交換券(2023) X 1
`*ショートアニメ「藤丸立香はわからない」グランドフィナーレ記念 特別ログインボーナス*
*開催期間中、初回ログインで「限定概念礼装×1」をプレゼント！*
/webview/loginbonus/20230730_ou1e6k/ou1e6k_s_01.png
`慰労会はおわらない X 1
`*「Fate/Grand Order Fes. 2023 夏祭り ～8th Anniversary～」配信番組連動キャンペーン報酬プレゼント*
*開催期間中、初回ログインで「聖晶石×100」をプレゼント！*
/webview/loginbonus/20230731_n335c7/n335c7_s_01.png
`聖晶石 X 100
`*8周年記念特別回数ログインボーナス*
*開催期間中、1日1回 最大10回 回数ログインボーナスをプレゼント！*
/webview/loginbonus/20230731_f0hd3x/f0hd3x_k_01.png
`叡智の業火 X 10
QP X 3000000
`*使用期限付コンティニューアイテムプレゼント！*
*開催期間中、初回ログインでコンティニューアイテム「霊脈石×3」をプレゼント！*
/webview/loginbonus/20230730_2gvrxo/2gvrxo_s_01.png
`霊脈石 X 3
``從者/禮裝數: 730 / 800`
_2023-07-30 19:38:26_
--------
`友情點數召喚累計2430次

`[cc4787a257e3a46e268001195f780247]
`登入天數: 21天 / 2142天
等級: 18
石頭: 3191
呼符: 174
友情點: +240 / 2090160`
*連続ログイン7日間到達おめでとうございます！
明日は1日目からリスタートされます。*
`獣の足跡 X 1
呼符 X 1
7月交換券(2023) X 1
`*ショートアニメ「藤丸立香はわからない」グランドフィナーレ記念 特別ログインボーナス*
*開催期間中、初回ログインで「限定概念礼装×1」をプレゼント！*
/webview/loginbonus/20230730_ou1e6k/ou1e6k_s_01.png
`慰労会はおわらない X 1
`*「Fate/Grand Order Fes. 2023 夏祭り ～8th Anniversary～」配信番組連動キャンペーン報酬プレゼント*
*開催期間中、初回ログインで「聖晶石×100」をプレゼント！*
/webview/loginbonus/20230731_n335c7/n335c7_s_01.png
`聖晶石 X 100
`*8周年記念特別回数ログインボーナス*
*開催期間中、1日1回 最大10回 回数ログインボーナスをプレゼント！*
/webview/loginbonus/20230731_f0hd3x/f0hd3x_k_01.png
`叡智の業火 X 10
QP X 3000000
`*使用期限付コンティニューアイテムプレゼント！*
*開催期間中、初回ログインでコンティニューアイテム「霊脈石×3」をプレゼント！*
/webview/loginbonus/20230730_2gvrxo/2gvrxo_s_01.png
`霊脈石 X 3
``從者/禮裝數: 699 / 801`
_2023-07-30 19:38:38_
--------
`友情點數召喚累計2990次

`[3f5599a008981ecf87f2dea9d1d83d6a]
`登入天數: 21天 / 2147天
等級: 18
石頭: 2391
呼符: 64
友情點: +0 / 1970150`
*連続ログイン7日間到達おめでとうございます！
明日は1日目からリスタートされます。*
`獣の足跡 X 1
呼符 X 1
7月交換券(2023) X 1
`*ショートアニメ「藤丸立香はわからない」グランドフィナーレ記念 特別ログインボーナス*
*開催期間中、初回ログインで「限定概念礼装×1」をプレゼント！*
/webview/loginbonus/20230730_ou1e6k/ou1e6k_s_01.png
`慰労会はおわらない X 1
`*「Fate/Grand Order Fes. 2023 夏祭り ～8th Anniversary～」配信番組連動キャンペーン報酬プレゼント*
*開催期間中、初回ログインで「聖晶石×100」をプレゼント！*
/webview/loginbonus/20230731_n335c7/n335c7_s_01.png
`聖晶石 X 100
`*8周年記念特別回数ログインボーナス*
*開催期間中、1日1回 最大10回 回数ログインボーナスをプレゼント！*
/webview/loginbonus/20230731_f0hd3x/f0hd3x_k_01.png
`叡智の業火 X 10
QP X 3000000
`*使用期限付コンティニューアイテムプレゼント！*
*開催期間中、初回ログインでコンティニューアイテム「霊脈石×3」をプレゼント！*
/webview/loginbonus/20230730_2gvrxo/2gvrxo_s_01.png
`霊脈石 X 3
``從者/禮裝數: 748 / 805`
_2023-07-30 19:38:49_
--------
`友情點數召喚累計2380次

`[0d14e47d83c8b8400ed7555e0192724d]
`登入天數: 21天 / 2068天
等級: 21
石頭: 2051
呼符: 84
友情點: +200 / 1954865`
*連続ログイン7日間到達おめでとうございます！
明日は1日目からリスタートされます。*
`獣の足跡 X 1
呼符 X 1
7月交換券(2023) X 1
`*ショートアニメ「藤丸立香はわからない」グランドフィナーレ記念 特別ログインボーナス*
*開催期間中、初回ログインで「限定概念礼装×1」をプレゼント！*
/webview/loginbonus/20230730_ou1e6k/ou1e6k_s_01.png
`慰労会はおわらない X 1
`*「Fate/Grand Order Fes. 2023 夏祭り ～8th Anniversary～」配信番組連動キャンペーン報酬プレゼント*
*開催期間中、初回ログインで「聖晶石×100」をプレゼント！*
/webview/loginbonus/20230731_n335c7/n335c7_s_01.png
`聖晶石 X 100
`*8周年記念特別回数ログインボーナス*
*開催期間中、1日1回 最大10回 回数ログインボーナスをプレゼント！*
/webview/loginbonus/20230731_f0hd3x/f0hd3x_k_01.png
`叡智の業火 X 10
QP X 3000000
`*使用期限付コンティニューアイテムプレゼント！*
*開催期間中、初回ログインでコンティニューアイテム「霊脈石×3」をプレゼント！*
/webview/loginbonus/20230730_2gvrxo/2gvrxo_s_01.png
`霊脈石 X 3
``從者/禮裝數: 672 / 804`
_2023-07-30 19:39:01_
--------
`友情點數召喚累計2440次

`[d4c10e20929a4c973210db1453668b11]
`登入天數: 21天 / 2073天
等級: 20
石頭: 2085
呼符: 49
友情點: +0 / 1738020`
*連続ログイン7日間到達おめでとうございます！
明日は1日目からリスタートされます。*
`獣の足跡 X 1
呼符 X 1
7月交換券(2023) X 1
`*ショートアニメ「藤丸立香はわからない」グランドフィナーレ記念 特別ログインボーナス*
*開催期間中、初回ログインで「限定概念礼装×1」をプレゼント！*
/webview/loginbonus/20230730_ou1e6k/ou1e6k_s_01.png
`慰労会はおわらない X 1
`*「Fate/Grand Order Fes. 2023 夏祭り ～8th Anniversary～」配信番組連動キャンペーン報酬プレゼント*
*開催期間中、初回ログインで「聖晶石×100」をプレゼント！*
/webview/loginbonus/20230731_n335c7/n335c7_s_01.png
`聖晶石 X 100
`*8周年記念特別回数ログインボーナス*
*開催期間中、1日1回 最大10回 回数ログインボーナスをプレゼント！*
/webview/loginbonus/20230731_f0hd3x/f0hd3x_k_01.png
`叡智の業火 X 10
QP X 3000000
`*使用期限付コンティニューアイテムプレゼント！*
*開催期間中、初回ログインでコンティニューアイテム「霊脈石×3」をプレゼント！*
/webview/loginbonus/20230730_2gvrxo/2gvrxo_s_01.png
`霊脈石 X 3
``從者/禮裝數: 729 / 802`
_2023-07-30 19:39:13_
--------
`友情點數召喚累計2370次

`[f0cc4e7ae2d4b30013f328b2cf7d6063]
`登入天數: 21天 / 2081天
等級: 20
石頭: 1455
呼符: 125
友情點: +0 / 1831585`
*連続ログイン7日間到達おめでとうございます！
明日は1日目からリスタートされます。*
`獣の足跡 X 1
呼符 X 1
7月交換券(2023) X 1
`*ショートアニメ「藤丸立香はわからない」グランドフィナーレ記念 特別ログインボーナス*
*開催期間中、初回ログインで「限定概念礼装×1」をプレゼント！*
/webview/loginbonus/20230730_ou1e6k/ou1e6k_s_01.png
`慰労会はおわらない X 1
`*「Fate/Grand Order Fes. 2023 夏祭り ～8th Anniversary～」配信番組連動キャンペーン報酬プレゼント*
*開催期間中、初回ログインで「聖晶石×100」をプレゼント！*
/webview/loginbonus/20230731_n335c7/n335c7_s_01.png
`聖晶石 X 100
`*8周年記念特別回数ログインボーナス*
*開催期間中、1日1回 最大10回 回数ログインボーナスをプレゼント！*
/webview/loginbonus/20230731_f0hd3x/f0hd3x_k_01.png
`叡智の業火 X 10
QP X 3000000
`*使用期限付コンティニューアイテムプレゼント！*
*開催期間中、初回ログインでコンティニューアイテム「霊脈石×3」をプレゼント！*
/webview/loginbonus/20230730_2gvrxo/2gvrxo_s_01.png
`霊脈石 X 3
``從者/禮裝數: 720 / 804`
_2023-07-30 19:39:24_
--------
`友情點數召喚累計2342次

`[48a14ba1dd858b92594b71e0ed7d5311]
`登入天數: 20天 / 2072天
等級: 20
石頭: 2522
呼符: 172
友情點: +0 / 1740985`
*連続ログイン6日目
※ログインが途切れるか、7日到達すると
1日目から再開されます*
`聖晶石 X 2
7月交換券(2023) X 1
`*ショートアニメ「藤丸立香はわからない」グランドフィナーレ記念 特別ログインボーナス*
*開催期間中、初回ログインで「限定概念礼装×1」をプレゼント！*
/webview/loginbonus/20230730_ou1e6k/ou1e6k_s_01.png
`慰労会はおわらない X 1
`*「Fate/Grand Order Fes. 2023 夏祭り ～8th Anniversary～」配信番組連動キャンペーン報酬プレゼント*
*開催期間中、初回ログインで「聖晶石×100」をプレゼント！*
/webview/loginbonus/20230731_n335c7/n335c7_s_01.png
`聖晶石 X 100
`*8周年記念特別回数ログインボーナス*
*開催期間中、1日1回 最大10回 回数ログインボーナスをプレゼント！*
/webview/loginbonus/20230731_f0hd3x/f0hd3x_k_01.png
`叡智の業火 X 10
QP X 3000000
`*使用期限付コンティニューアイテムプレゼント！*
*開催期間中、初回ログインでコンティニューアイテム「霊脈石×3」をプレゼント！*
/webview/loginbonus/20230730_2gvrxo/2gvrxo_s_01.png
`霊脈石 X 3
``從者/禮裝數: 751 / 803`
_2023-07-30 19:39:35_
--------
`友情點數召喚累計2260次

`