【登入訊息】
[c5ab1b78563b1f9e4ee17ab01234bc5e]
`登入天數: 83天 / 1825天
等級: 92
石頭: 2899
呼符: 131
友情點: +0 / 1837505`
*連続ログイン6日目
※ログインが途切れるか、7日到達すると
1日目から再開されます*
`聖晶石 X 2
4月交換券(2023) X 1
`*日替りログインボーナス*
*開催期間中、1日1回 4週間日替りでログインボーナスをプレゼント！*
/webview/loginbonus/20230403_sa1h01/sa1h01_s_01.png
`巡霊の葉 X 30
`*Fate/Grand Order 春の新米マスター応援キャンペーン2023！
日替りログインボーナス*
*開催期間中、1日1回 7日間日替りでログインボーナスをプレゼント！*
/webview/loginbonus/20230403_55ag7s/55ag7s_s_01.png
`黄金の果実 X 1
``從者/禮裝數: 750 / 802`
_2023-04-02 19:36:03_
--------
[d4825e10f75d83bc0cfb33b6768a8634]
`登入天數: 83天 / 2014天
等級: 19
石頭: 2742
呼符: 50
友情點: +0 / 2005205`
*連続ログイン6日目
※ログインが途切れるか、7日到達すると
1日目から再開されます*
`聖晶石 X 2
4月交換券(2023) X 1
`*日替りログインボーナス*
*開催期間中、1日1回 4週間日替りでログインボーナスをプレゼント！*
/webview/loginbonus/20230403_sa1h01/sa1h01_s_01.png
`巡霊の葉 X 30
`*Fate/Grand Order 春の新米マスター応援キャンペーン2023！
日替りログインボーナス*
*開催期間中、1日1回 7日間日替りでログインボーナスをプレゼント！*
/webview/loginbonus/20230403_55ag7s/55ag7s_s_01.png
`黄金の果実 X 1
``從者/禮裝數: 677 / 802`
_2023-04-02 19:36:12_
--------
[ff29db15be18f883ffccdf7ab23021a7]
`登入天數: 83天 / 2010天
等級: 18
石頭: 2057
呼符: 25
友情點: +20 / 1871735`
*連続ログイン6日目
※ログインが途切れるか、7日到達すると
1日目から再開されます*
`聖晶石 X 2
4月交換券(2023) X 1
`*日替りログインボーナス*
*開催期間中、1日1回 4週間日替りでログインボーナスをプレゼント！*
/webview/loginbonus/20230403_sa1h01/sa1h01_s_01.png
`巡霊の葉 X 30
`*Fate/Grand Order 春の新米マスター応援キャンペーン2023！
日替りログインボーナス*
*開催期間中、1日1回 7日間日替りでログインボーナスをプレゼント！*
/webview/loginbonus/20230403_55ag7s/55ag7s_s_01.png
`黄金の果実 X 1
``從者/禮裝數: 740 / 802`
_2023-04-02 19:36:22_
--------
[cc4787a257e3a46e268001195f780247]
`登入天數: 83天 / 2024天
等級: 18
石頭: 2823
呼符: 135
友情點: +20 / 1980640`
*連続ログイン6日目
※ログインが途切れるか、7日到達すると
1日目から再開されます*
`聖晶石 X 2
4月交換券(2023) X 1
`*日替りログインボーナス*
*開催期間中、1日1回 4週間日替りでログインボーナスをプレゼント！*
/webview/loginbonus/20230403_sa1h01/sa1h01_s_01.png
`巡霊の葉 X 30
`*Fate/Grand Order 春の新米マスター応援キャンペーン2023！
日替りログインボーナス*
*開催期間中、1日1回 7日間日替りでログインボーナスをプレゼント！*
/webview/loginbonus/20230403_55ag7s/55ag7s_s_01.png
`黄金の果実 X 1
``從者/禮裝數: 637 / 801`
_2023-04-02 19:36:31_
--------
[3f5599a008981ecf87f2dea9d1d83d6a]
`登入天數: 83天 / 2029天
等級: 18
石頭: 2023
呼符: 25
友情點: +0 / 1934150`
*連続ログイン6日目
※ログインが途切れるか、7日到達すると
1日目から再開されます*
`聖晶石 X 2
4月交換券(2023) X 1
`*日替りログインボーナス*
*開催期間中、1日1回 4週間日替りでログインボーナスをプレゼント！*
/webview/loginbonus/20230403_sa1h01/sa1h01_s_01.png
`巡霊の葉 X 30
`*Fate/Grand Order 春の新米マスター応援キャンペーン2023！
日替りログインボーナス*
*開催期間中、1日1回 7日間日替りでログインボーナスをプレゼント！*
/webview/loginbonus/20230403_55ag7s/55ag7s_s_01.png
`黄金の果実 X 1
``從者/禮裝數: 682 / 801`
_2023-04-02 19:36:40_
--------
[0d14e47d83c8b8400ed7555e0192724d]
`登入天數: 83天 / 1951天
等級: 21
石頭: 1713
呼符: 45
友情點: +0 / 1830675`
*連続ログイン6日目
※ログインが途切れるか、7日到達すると
1日目から再開されます*
`聖晶石 X 2
4月交換券(2023) X 1
`*日替りログインボーナス*
*開催期間中、1日1回 4週間日替りでログインボーナスをプレゼント！*
/webview/loginbonus/20230403_sa1h01/sa1h01_s_01.png
`巡霊の葉 X 30
`*Fate/Grand Order 春の新米マスター応援キャンペーン2023！
日替りログインボーナス*
*開催期間中、1日1回 7日間日替りでログインボーナスをプレゼント！*
/webview/loginbonus/20230403_55ag7s/55ag7s_s_01.png
`黄金の果実 X 1
``從者/禮裝數: 619 / 801`
_2023-04-02 19:36:50_
--------
[d4c10e20929a4c973210db1453668b11]
`登入天數: 83天 / 1957天
等級: 20
石頭: 1747
呼符: 10
友情點: +0 / 1702020`
*連続ログイン6日目
※ログインが途切れるか、7日到達すると
1日目から再開されます*
`聖晶石 X 2
4月交換券(2023) X 1
`*日替りログインボーナス*
*開催期間中、1日1回 4週間日替りでログインボーナスをプレゼント！*
/webview/loginbonus/20230403_sa1h01/sa1h01_s_01.png
`巡霊の葉 X 30
`*Fate/Grand Order 春の新米マスター応援キャンペーン2023！
日替りログインボーナス*
*開催期間中、1日1回 7日間日替りでログインボーナスをプレゼント！*
/webview/loginbonus/20230403_55ag7s/55ag7s_s_01.png
`黄金の果実 X 1
``從者/禮裝數: 658 / 805`
_2023-04-02 19:36:59_
--------
[f0cc4e7ae2d4b30013f328b2cf7d6063]
`登入天數: 83天 / 1966天
等級: 20
石頭: 1087
呼符: 86
友情點: +0 / 1795585`
*連続ログイン6日目
※ログインが途切れるか、7日到達すると
1日目から再開されます*
`聖晶石 X 2
4月交換券(2023) X 1
`*日替りログインボーナス*
*開催期間中、1日1回 4週間日替りでログインボーナスをプレゼント！*
/webview/loginbonus/20230403_sa1h01/sa1h01_s_01.png
`巡霊の葉 X 30
`*Fate/Grand Order 春の新米マスター応援キャンペーン2023！
日替りログインボーナス*
*開催期間中、1日1回 7日間日替りでログインボーナスをプレゼント！*
/webview/loginbonus/20230403_55ag7s/55ag7s_s_01.png
`黄金の果実 X 1
``從者/禮裝數: 670 / 801`
_2023-04-02 19:37:08_
--------
[48a14ba1dd858b92594b71e0ed7d5311]
`登入天數: 83天 / 1958天
等級: 20
石頭: 2184
呼符: 133
友情點: +0 / 1704985`
*連続ログイン6日目
※ログインが途切れるか、7日到達すると
1日目から再開されます*
`聖晶石 X 2
4月交換券(2023) X 1
`*日替りログインボーナス*
*開催期間中、1日1回 4週間日替りでログインボーナスをプレゼント！*
/webview/loginbonus/20230403_sa1h01/sa1h01_s_01.png
`巡霊の葉 X 30
`*Fate/Grand Order 春の新米マスター応援キャンペーン2023！
日替りログインボーナス*
*開催期間中、1日1回 7日間日替りでログインボーナスをプレゼント！*
/webview/loginbonus/20230403_55ag7s/55ag7s_s_01.png
`黄金の果実 X 1
``從者/禮裝數: 693 / 803`
_2023-04-02 19:37:18_
--------
