【登入訊息】
[c5ab1b78563b1f9e4ee17ab01234bc5e]
`登入天數: 90天 / 1832天
等級: 92
石頭: 2899
呼符: 131
友情點: +0 / 1837505`
*連続ログイン6日目
※ログインが途切れるか、7日到達すると
1日目から再開されます*
`聖晶石 X 2
4月交換券(2023) X 1
`*日替りログインボーナス*
*開催期間中、1日1回 4週間日替りでログインボーナスをプレゼント！*
/webview/loginbonus/20230410_sa1h08/sa1h08_s_01.png
`巡霊の葉 X 30
`*Fate/Grand Order 春の新米マスター応援キャンペーン2023！
日替りログインボーナス*
*開催期間中、1日1回 10日間日替りでログインボーナスをプレゼント！*
/webview/loginbonus/20230410_m5x8k2/m5x8k2_s_01.png
`黄金の果実 X 1
``從者/禮裝數: 750 / 802`
_2023-04-09 19:36:01_
--------
[d4825e10f75d83bc0cfb33b6768a8634]
`登入天數: 90天 / 2021天
等級: 19
石頭: 2742
呼符: 50
友情點: +1120 / 2012565`
*連続ログイン6日目
※ログインが途切れるか、7日到達すると
1日目から再開されます*
`聖晶石 X 2
4月交換券(2023) X 1
`*日替りログインボーナス*
*開催期間中、1日1回 4週間日替りでログインボーナスをプレゼント！*
/webview/loginbonus/20230410_sa1h08/sa1h08_s_01.png
`巡霊の葉 X 30
`*Fate/Grand Order 春の新米マスター応援キャンペーン2023！
日替りログインボーナス*
*開催期間中、1日1回 10日間日替りでログインボーナスをプレゼント！*
/webview/loginbonus/20230410_m5x8k2/m5x8k2_s_01.png
`黄金の果実 X 1
``從者/禮裝數: 677 / 802`
_2023-04-09 19:36:10_
--------
[ff29db15be18f883ffccdf7ab23021a7]
`登入天數: 90天 / 2017天
等級: 18
石頭: 2057
呼符: 25
友情點: +560 / 1875195`
*連続ログイン6日目
※ログインが途切れるか、7日到達すると
1日目から再開されます*
`聖晶石 X 2
4月交換券(2023) X 1
`*日替りログインボーナス*
*開催期間中、1日1回 4週間日替りでログインボーナスをプレゼント！*
/webview/loginbonus/20230410_sa1h08/sa1h08_s_01.png
`巡霊の葉 X 30
`*Fate/Grand Order 春の新米マスター応援キャンペーン2023！
日替りログインボーナス*
*開催期間中、1日1回 10日間日替りでログインボーナスをプレゼント！*
/webview/loginbonus/20230410_m5x8k2/m5x8k2_s_01.png
`黄金の果実 X 1
``從者/禮裝數: 740 / 802`
_2023-04-09 19:36:18_
--------
[cc4787a257e3a46e268001195f780247]
`登入天數: 90天 / 2031天
等級: 18
石頭: 2823
呼符: 135
友情點: +1100 / 1983520`
*連続ログイン6日目
※ログインが途切れるか、7日到達すると
1日目から再開されます*
`聖晶石 X 2
4月交換券(2023) X 1
`*日替りログインボーナス*
*開催期間中、1日1回 4週間日替りでログインボーナスをプレゼント！*
/webview/loginbonus/20230410_sa1h08/sa1h08_s_01.png
`巡霊の葉 X 30
`*Fate/Grand Order 春の新米マスター応援キャンペーン2023！
日替りログインボーナス*
*開催期間中、1日1回 10日間日替りでログインボーナスをプレゼント！*
/webview/loginbonus/20230410_m5x8k2/m5x8k2_s_01.png
`黄金の果実 X 1
``從者/禮裝數: 637 / 801`
_2023-04-09 19:36:27_
--------
[3f5599a008981ecf87f2dea9d1d83d6a]
`登入天數: 90天 / 2036天
等級: 18
石頭: 2023
呼符: 25
友情點: +0 / 1934150`
*連続ログイン6日目
※ログインが途切れるか、7日到達すると
1日目から再開されます*
`聖晶石 X 2
4月交換券(2023) X 1
`*日替りログインボーナス*
*開催期間中、1日1回 4週間日替りでログインボーナスをプレゼント！*
/webview/loginbonus/20230410_sa1h08/sa1h08_s_01.png
`巡霊の葉 X 30
`*Fate/Grand Order 春の新米マスター応援キャンペーン2023！
日替りログインボーナス*
*開催期間中、1日1回 10日間日替りでログインボーナスをプレゼント！*
/webview/loginbonus/20230410_m5x8k2/m5x8k2_s_01.png
`黄金の果実 X 1
``從者/禮裝數: 682 / 801`
_2023-04-09 19:36:36_
--------
[0d14e47d83c8b8400ed7555e0192724d]
`登入天數: 90天 / 1958天
等級: 21
石頭: 1713
呼符: 45
友情點: +580 / 1833605`
*連続ログイン6日目
※ログインが途切れるか、7日到達すると
1日目から再開されます*
`聖晶石 X 2
4月交換券(2023) X 1
`*日替りログインボーナス*
*開催期間中、1日1回 4週間日替りでログインボーナスをプレゼント！*
/webview/loginbonus/20230410_sa1h08/sa1h08_s_01.png
`巡霊の葉 X 30
`*Fate/Grand Order 春の新米マスター応援キャンペーン2023！
日替りログインボーナス*
*開催期間中、1日1回 10日間日替りでログインボーナスをプレゼント！*
/webview/loginbonus/20230410_m5x8k2/m5x8k2_s_01.png
`黄金の果実 X 1
``從者/禮裝數: 619 / 801`
_2023-04-09 19:36:45_
--------
[d4c10e20929a4c973210db1453668b11]
`登入天數: 90天 / 1964天
等級: 20
石頭: 1747
呼符: 10
友情點: +0 / 1702020`
*連続ログイン6日目
※ログインが途切れるか、7日到達すると
1日目から再開されます*
`聖晶石 X 2
4月交換券(2023) X 1
`*日替りログインボーナス*
*開催期間中、1日1回 4週間日替りでログインボーナスをプレゼント！*
/webview/loginbonus/20230410_sa1h08/sa1h08_s_01.png
`巡霊の葉 X 30
`*Fate/Grand Order 春の新米マスター応援キャンペーン2023！
日替りログインボーナス*
*開催期間中、1日1回 10日間日替りでログインボーナスをプレゼント！*
/webview/loginbonus/20230410_m5x8k2/m5x8k2_s_01.png
`黄金の果実 X 1
``從者/禮裝數: 658 / 805`
_2023-04-09 19:36:54_
--------
[f0cc4e7ae2d4b30013f328b2cf7d6063]
`登入天數: 90天 / 1973天
等級: 20
石頭: 1087
呼符: 86
友情點: +0 / 1795585`
*連続ログイン6日目
※ログインが途切れるか、7日到達すると
1日目から再開されます*
`聖晶石 X 2
4月交換券(2023) X 1
`*日替りログインボーナス*
*開催期間中、1日1回 4週間日替りでログインボーナスをプレゼント！*
/webview/loginbonus/20230410_sa1h08/sa1h08_s_01.png
`巡霊の葉 X 30
`*Fate/Grand Order 春の新米マスター応援キャンペーン2023！
日替りログインボーナス*
*開催期間中、1日1回 10日間日替りでログインボーナスをプレゼント！*
/webview/loginbonus/20230410_m5x8k2/m5x8k2_s_01.png
`黄金の果実 X 1
``從者/禮裝數: 670 / 801`
_2023-04-09 19:37:03_
--------
[48a14ba1dd858b92594b71e0ed7d5311]
`登入天數: 90天 / 1965天
等級: 20
石頭: 2184
呼符: 133
友情點: +0 / 1704985`
*連続ログイン6日目
※ログインが途切れるか、7日到達すると
1日目から再開されます*
`聖晶石 X 2
4月交換券(2023) X 1
`*日替りログインボーナス*
*開催期間中、1日1回 4週間日替りでログインボーナスをプレゼント！*
/webview/loginbonus/20230410_sa1h08/sa1h08_s_01.png
`巡霊の葉 X 30
`*Fate/Grand Order 春の新米マスター応援キャンペーン2023！
日替りログインボーナス*
*開催期間中、1日1回 10日間日替りでログインボーナスをプレゼント！*
/webview/loginbonus/20230410_m5x8k2/m5x8k2_s_01.png
`黄金の果実 X 1
``從者/禮裝數: 693 / 803`
_2023-04-09 19:37:12_
--------
