【登入訊息】
[c5ab1b78563b1f9e4ee17ab01234bc5e]
`登入天數: 107天 / 1849天
等級: 92
石頭: 2899
呼符: 131
友情點: +0 / 1837505`
*連続ログイン2日目
※ログインが途切れるか、7日到達すると
1日目から再開されます*
`聖晶石 X 1
4月交換券(2023) X 1
`*日替りログインボーナス*
*開催期間中、1日1回 4週間日替りでログインボーナスをプレゼント！*
/webview/loginbonus/20230427_sa1h25/sa1h25_s_01.png
`巡霊の葉 X 30
`*Fate/Grand Order 春の新米マスター応援キャンペーン2023！10万リツイート達成プレゼント*
*開催期間中、初回ログインで10万リツイート達成報酬をプレゼント！*
/webview/loginbonus/20230426_4sr8pr/4sr8pr_s_01.png
`QP X 5000000
聖晶石 X 12
マナプリズム X 100
レアプリズム X 1
黄金の果実 X 5
白銀の果実 X 5
呼符 X 5
`*「Fate/Grand Order Arcade」コラボレーションイベント開幕記念放送 FGO カルデア放送局SP 放送記念 初回ログインボーナス*
*開催期間中、初回ログインで「聖晶石×14」をプレゼント！*
/webview/loginbonus/20230427_2ak5ee/2ak5ee_s_01.png
`聖晶石 X 14
``從者/禮裝數: 750 / 802`
_2023-04-26 19:35:56_
--------
[d4825e10f75d83bc0cfb33b6768a8634]
`登入天數: 107天 / 2038天
等級: 19
石頭: 2742
呼符: 50
友情點: +920 / 2041365`
*連続ログイン2日目
※ログインが途切れるか、7日到達すると
1日目から再開されます*
`聖晶石 X 1
4月交換券(2023) X 1
`*日替りログインボーナス*
*開催期間中、1日1回 4週間日替りでログインボーナスをプレゼント！*
/webview/loginbonus/20230427_sa1h25/sa1h25_s_01.png
`巡霊の葉 X 30
`*Fate/Grand Order 春の新米マスター応援キャンペーン2023！10万リツイート達成プレゼント*
*開催期間中、初回ログインで10万リツイート達成報酬をプレゼント！*
/webview/loginbonus/20230426_4sr8pr/4sr8pr_s_01.png
`QP X 5000000
聖晶石 X 12
マナプリズム X 100
レアプリズム X 1
黄金の果実 X 5
白銀の果実 X 5
呼符 X 5
`*「Fate/Grand Order Arcade」コラボレーションイベント開幕記念放送 FGO カルデア放送局SP 放送記念 初回ログインボーナス*
*開催期間中、初回ログインで「聖晶石×14」をプレゼント！*
/webview/loginbonus/20230427_2ak5ee/2ak5ee_s_01.png
`聖晶石 X 14
``從者/禮裝數: 677 / 802`
_2023-04-26 19:36:05_
--------
[ff29db15be18f883ffccdf7ab23021a7]
`登入天數: 107天 / 2034天
等級: 18
石頭: 2057
呼符: 25
友情點: +360 / 1893125`
*連続ログイン2日目
※ログインが途切れるか、7日到達すると
1日目から再開されます*
`聖晶石 X 1
4月交換券(2023) X 1
`*日替りログインボーナス*
*開催期間中、1日1回 4週間日替りでログインボーナスをプレゼント！*
/webview/loginbonus/20230427_sa1h25/sa1h25_s_01.png
`巡霊の葉 X 30
`*Fate/Grand Order 春の新米マスター応援キャンペーン2023！10万リツイート達成プレゼント*
*開催期間中、初回ログインで10万リツイート達成報酬をプレゼント！*
/webview/loginbonus/20230426_4sr8pr/4sr8pr_s_01.png
`QP X 5000000
聖晶石 X 12
マナプリズム X 100
レアプリズム X 1
黄金の果実 X 5
白銀の果実 X 5
呼符 X 5
`*「Fate/Grand Order Arcade」コラボレーションイベント開幕記念放送 FGO カルデア放送局SP 放送記念 初回ログインボーナス*
*開催期間中、初回ログインで「聖晶石×14」をプレゼント！*
/webview/loginbonus/20230427_2ak5ee/2ak5ee_s_01.png
`聖晶石 X 14
``從者/禮裝數: 740 / 802`
_2023-04-26 19:36:14_
--------
[cc4787a257e3a46e268001195f780247]
`登入天數: 107天 / 2048天
等級: 18
石頭: 2823
呼符: 135
友情點: +420 / 1999070`
*連続ログイン2日目
※ログインが途切れるか、7日到達すると
1日目から再開されます*
`聖晶石 X 1
4月交換券(2023) X 1
`*日替りログインボーナス*
*開催期間中、1日1回 4週間日替りでログインボーナスをプレゼント！*
/webview/loginbonus/20230427_sa1h25/sa1h25_s_01.png
`巡霊の葉 X 30
`*Fate/Grand Order 春の新米マスター応援キャンペーン2023！10万リツイート達成プレゼント*
*開催期間中、初回ログインで10万リツイート達成報酬をプレゼント！*
/webview/loginbonus/20230426_4sr8pr/4sr8pr_s_01.png
`QP X 5000000
聖晶石 X 12
マナプリズム X 100
レアプリズム X 1
黄金の果実 X 5
白銀の果実 X 5
呼符 X 5
`*「Fate/Grand Order Arcade」コラボレーションイベント開幕記念放送 FGO カルデア放送局SP 放送記念 初回ログインボーナス*
*開催期間中、初回ログインで「聖晶石×14」をプレゼント！*
/webview/loginbonus/20230427_2ak5ee/2ak5ee_s_01.png
`聖晶石 X 14
``從者/禮裝數: 637 / 801`
_2023-04-26 19:36:23_
--------
[3f5599a008981ecf87f2dea9d1d83d6a]
`登入天數: 107天 / 2053天
等級: 18
石頭: 2023
呼符: 25
友情點: +0 / 1934150`
*連続ログイン2日目
※ログインが途切れるか、7日到達すると
1日目から再開されます*
`聖晶石 X 1
4月交換券(2023) X 1
`*日替りログインボーナス*
*開催期間中、1日1回 4週間日替りでログインボーナスをプレゼント！*
/webview/loginbonus/20230427_sa1h25/sa1h25_s_01.png
`巡霊の葉 X 30
`*Fate/Grand Order 春の新米マスター応援キャンペーン2023！10万リツイート達成プレゼント*
*開催期間中、初回ログインで10万リツイート達成報酬をプレゼント！*
/webview/loginbonus/20230426_4sr8pr/4sr8pr_s_01.png
`QP X 5000000
聖晶石 X 12
マナプリズム X 100
レアプリズム X 1
黄金の果実 X 5
白銀の果実 X 5
呼符 X 5
`*「Fate/Grand Order Arcade」コラボレーションイベント開幕記念放送 FGO カルデア放送局SP 放送記念 初回ログインボーナス*
*開催期間中、初回ログインで「聖晶石×14」をプレゼント！*
/webview/loginbonus/20230427_2ak5ee/2ak5ee_s_01.png
`聖晶石 X 14
``從者/禮裝數: 682 / 801`
_2023-04-26 19:36:32_
--------
[0d14e47d83c8b8400ed7555e0192724d]
`登入天數: 107天 / 1975天
等級: 21
石頭: 1713
呼符: 45
友情點: +560 / 1852085`
*連続ログイン2日目
※ログインが途切れるか、7日到達すると
1日目から再開されます*
`聖晶石 X 1
4月交換券(2023) X 1
`*日替りログインボーナス*
*開催期間中、1日1回 4週間日替りでログインボーナスをプレゼント！*
/webview/loginbonus/20230427_sa1h25/sa1h25_s_01.png
`巡霊の葉 X 30
`*Fate/Grand Order 春の新米マスター応援キャンペーン2023！10万リツイート達成プレゼント*
*開催期間中、初回ログインで10万リツイート達成報酬をプレゼント！*
/webview/loginbonus/20230426_4sr8pr/4sr8pr_s_01.png
`QP X 5000000
聖晶石 X 12
マナプリズム X 100
レアプリズム X 1
黄金の果実 X 5
白銀の果実 X 5
呼符 X 5
`*「Fate/Grand Order Arcade」コラボレーションイベント開幕記念放送 FGO カルデア放送局SP 放送記念 初回ログインボーナス*
*開催期間中、初回ログインで「聖晶石×14」をプレゼント！*
/webview/loginbonus/20230427_2ak5ee/2ak5ee_s_01.png
`聖晶石 X 14
``從者/禮裝數: 619 / 801`
_2023-04-26 19:36:41_
--------
[d4c10e20929a4c973210db1453668b11]
`登入天數: 107天 / 1981天
等級: 20
石頭: 1747
呼符: 10
友情點: +0 / 1702020`
*連続ログイン2日目
※ログインが途切れるか、7日到達すると
1日目から再開されます*
`聖晶石 X 1
4月交換券(2023) X 1
`*日替りログインボーナス*
*開催期間中、1日1回 4週間日替りでログインボーナスをプレゼント！*
/webview/loginbonus/20230427_sa1h25/sa1h25_s_01.png
`巡霊の葉 X 30
`*Fate/Grand Order 春の新米マスター応援キャンペーン2023！10万リツイート達成プレゼント*
*開催期間中、初回ログインで10万リツイート達成報酬をプレゼント！*
/webview/loginbonus/20230426_4sr8pr/4sr8pr_s_01.png
`QP X 5000000
聖晶石 X 12
マナプリズム X 100
レアプリズム X 1
黄金の果実 X 5
白銀の果実 X 5
呼符 X 5
`*「Fate/Grand Order Arcade」コラボレーションイベント開幕記念放送 FGO カルデア放送局SP 放送記念 初回ログインボーナス*
*開催期間中、初回ログインで「聖晶石×14」をプレゼント！*
/webview/loginbonus/20230427_2ak5ee/2ak5ee_s_01.png
`聖晶石 X 14
``從者/禮裝數: 658 / 805`
_2023-04-26 19:36:50_
--------
[f0cc4e7ae2d4b30013f328b2cf7d6063]
`登入天數: 107天 / 1990天
等級: 20
石頭: 1087
呼符: 86
友情點: +0 / 1795585`
*連続ログイン2日目
※ログインが途切れるか、7日到達すると
1日目から再開されます*
`聖晶石 X 1
4月交換券(2023) X 1
`*日替りログインボーナス*
*開催期間中、1日1回 4週間日替りでログインボーナスをプレゼント！*
/webview/loginbonus/20230427_sa1h25/sa1h25_s_01.png
`巡霊の葉 X 30
`*Fate/Grand Order 春の新米マスター応援キャンペーン2023！10万リツイート達成プレゼント*
*開催期間中、初回ログインで10万リツイート達成報酬をプレゼント！*
/webview/loginbonus/20230426_4sr8pr/4sr8pr_s_01.png
`QP X 5000000
聖晶石 X 12
マナプリズム X 100
レアプリズム X 1
黄金の果実 X 5
白銀の果実 X 5
呼符 X 5
`*「Fate/Grand Order Arcade」コラボレーションイベント開幕記念放送 FGO カルデア放送局SP 放送記念 初回ログインボーナス*
*開催期間中、初回ログインで「聖晶石×14」をプレゼント！*
/webview/loginbonus/20230427_2ak5ee/2ak5ee_s_01.png
`聖晶石 X 14
``從者/禮裝數: 670 / 801`
_2023-04-26 19:37:00_
--------
[48a14ba1dd858b92594b71e0ed7d5311]
`登入天數: 107天 / 1982天
等級: 20
石頭: 2184
呼符: 133
友情點: +0 / 1704985`
*連続ログイン2日目
※ログインが途切れるか、7日到達すると
1日目から再開されます*
`聖晶石 X 1
4月交換券(2023) X 1
`*日替りログインボーナス*
*開催期間中、1日1回 4週間日替りでログインボーナスをプレゼント！*
/webview/loginbonus/20230427_sa1h25/sa1h25_s_01.png
`巡霊の葉 X 30
`*Fate/Grand Order 春の新米マスター応援キャンペーン2023！10万リツイート達成プレゼント*
*開催期間中、初回ログインで10万リツイート達成報酬をプレゼント！*
/webview/loginbonus/20230426_4sr8pr/4sr8pr_s_01.png
`QP X 5000000
聖晶石 X 12
マナプリズム X 100
レアプリズム X 1
黄金の果実 X 5
白銀の果実 X 5
呼符 X 5
`*「Fate/Grand Order Arcade」コラボレーションイベント開幕記念放送 FGO カルデア放送局SP 放送記念 初回ログインボーナス*
*開催期間中、初回ログインで「聖晶石×14」をプレゼント！*
/webview/loginbonus/20230427_2ak5ee/2ak5ee_s_01.png
`聖晶石 X 14
``從者/禮裝數: 693 / 803`
_2023-04-26 19:37:09_
--------
