【登入訊息】
[c5ab1b78563b1f9e4ee17ab01234bc5e]
`登入天數: 51天 / 1402天
等級: 92
石頭: 1711
呼符: 133
友情點: +0 / 1543145`
*連続ログイン2日目
※ログインが途切れるか、7日到達すると
1日目から再開されます*
`聖晶石 X 1
2月交換券(2022) X 1
``從者/禮裝數: 627 / 633`
_2022-01-31 19:31:13_
--------
`友情點數召喚累計791次

`[d4825e10f75d83bc0cfb33b6768a8634]
`登入天數: 51天 / 1594天
等級: 19
石頭: 2029
呼符: 5
友情點: +0 / 1678815`
*連続ログイン2日目
※ログインが途切れるか、7日到達すると
1日目から再開されます*
`聖晶石 X 1
2月交換券(2022) X 1
``從者/禮裝數: 514 / 702`
_2022-01-31 19:31:24_
--------
[ff29db15be18f883ffccdf7ab23021a7]
`登入天數: 51天 / 1590天
等級: 18
石頭: 1135
呼符: 5
友情點: +0 / 1556810`
*連続ログイン2日目
※ログインが途切れるか、7日到達すると
1日目から再開されます*
`聖晶石 X 1
2月交換券(2022) X 1
``從者/禮裝數: 590 / 685`
_2022-01-31 19:31:33_
--------
`友情點數召喚累計450次

`[cc4787a257e3a46e268001195f780247]
`登入天數: 51天 / 1604天
等級: 18
石頭: 1747
呼符: 109
友情點: +10 / 1667800`
*連続ログイン2日目
※ログインが途切れるか、7日到達すると
1日目から再開されます*
`聖晶石 X 1
2月交換券(2022) X 1
``從者/禮裝數: 484 / 679`
_2022-01-31 19:31:44_
--------
`友情點數召喚累計360次

`[3f5599a008981ecf87f2dea9d1d83d6a]
`登入天數: 51天 / 1609天
等級: 18
石頭: 2029
呼符: 3
友情點: +0 / 1647775`
*連続ログイン2日目
※ログインが途切れるか、7日到達すると
1日目から再開されます*
`聖晶石 X 1
2月交換券(2022) X 1
``從者/禮裝數: 457 / 659`
_2022-01-31 19:31:55_
--------
`友情點數召喚累計410次

`[0d14e47d83c8b8400ed7555e0192724d]
`登入天數: 51天 / 1531天
等級: 20
石頭: 505
呼符: 0
友情點: +10 / 1517255`
*連続ログイン2日目
※ログインが途切れるか、7日到達すると
1日目から再開されます*
`聖晶石 X 1
2月交換券(2022) X 1
``從者/禮裝數: 408 / 664`
_2022-01-31 19:32:05_
--------
`友情點數召喚累計350次

`[d4c10e20929a4c973210db1453668b11]
`登入天數: 51天 / 1537天
等級: 19
石頭: 1832
呼符: 0
友情點: +0 / 1505720`
*連続ログイン2日目
※ログインが途切れるか、7日到達すると
1日目から再開されます*
`聖晶石 X 1
2月交換券(2022) X 1
``從者/禮裝數: 412 / 599`
_2022-01-31 19:32:17_
--------
`友情點數召喚累計320次

`[f0cc4e7ae2d4b30013f328b2cf7d6063]
`登入天數: 51天 / 1546天
等級: 20
石頭: 12
呼符: 0
友情點: +0 / 1509320`
*連続ログイン2日目
※ログインが途切れるか、7日到達すると
1日目から再開されます*
`聖晶石 X 1
2月交換券(2022) X 1
``從者/禮裝數: 404 / 659`
_2022-01-31 19:32:28_
--------
`友情點數召喚累計342次

`[48a14ba1dd858b92594b71e0ed7d5311]
`登入天數: 51天 / 1538天
等級: 20
石頭: 1145
呼符: 29
友情點: +0 / 1418590`
*連続ログイン2日目
※ログインが途切れるか、7日到達すると
1日目から再開されます*
`聖晶石 X 1
2月交換券(2022) X 1
``從者/禮裝數: 513 / 676`
_2022-01-31 19:32:39_
--------
`友情點數召喚累計350次

`