【登入訊息】
[c5ab1b78563b1f9e4ee17ab01234bc5e]
`登入天數: 52天 / 1403天
等級: 92
石頭: 1872
呼符: 145
友情點: +0 / 1557145`
`從者/禮裝數: 633 / 642`
_2022-02-02 08:19:38_
--------
[d4825e10f75d83bc0cfb33b6768a8634]
`登入天數: 52天 / 1595天
等級: 19
石頭: 2029
呼符: 5
友情點: +0 / 1678815`
*連続ログイン3日目
※ログインが途切れるか、7日到達すると
1日目から再開されます*
`叡智の猛火 X 1
2月交換券(2022) X 1
`*株式会社ラセングルからのお知らせ*
*開催期間中、初回ログインで「聖晶石×10」をプレゼント！*
/webview/loginbonus/20220201_e4ydy6/e4ydy6_s_01.png
`聖晶石 X 10
``從者/禮裝數: 514 / 702`
_2022-02-02 08:19:46_
--------
[ff29db15be18f883ffccdf7ab23021a7]
`登入天數: 52天 / 1591天
等級: 18
石頭: 1135
呼符: 5
友情點: +0 / 1556810`
*連続ログイン3日目
※ログインが途切れるか、7日到達すると
1日目から再開されます*
`叡智の猛火 X 1
2月交換券(2022) X 1
`*株式会社ラセングルからのお知らせ*
*開催期間中、初回ログインで「聖晶石×10」をプレゼント！*
/webview/loginbonus/20220201_e4ydy6/e4ydy6_s_01.png
`聖晶石 X 10
``從者/禮裝數: 590 / 691`
_2022-02-02 08:19:54_
--------
`友情點數召喚累計460次

`[cc4787a257e3a46e268001195f780247]
`登入天數: 52天 / 1605天
等級: 18
石頭: 1747
呼符: 109
友情點: +0 / 1667800`
*連続ログイン3日目
※ログインが途切れるか、7日到達すると
1日目から再開されます*
`叡智の猛火 X 1
2月交換券(2022) X 1
`*株式会社ラセングルからのお知らせ*
*開催期間中、初回ログインで「聖晶石×10」をプレゼント！*
/webview/loginbonus/20220201_e4ydy6/e4ydy6_s_01.png
`聖晶石 X 10
``從者/禮裝數: 489 / 682`
_2022-02-02 08:20:05_
--------
`友情點數召喚累計370次

`[3f5599a008981ecf87f2dea9d1d83d6a]
`登入天數: 52天 / 1610天
等級: 18
石頭: 2029
呼符: 3
友情點: +0 / 1647775`
*連続ログイン3日目
※ログインが途切れるか、7日到達すると
1日目から再開されます*
`叡智の猛火 X 1
2月交換券(2022) X 1
`*株式会社ラセングルからのお知らせ*
*開催期間中、初回ログインで「聖晶石×10」をプレゼント！*
/webview/loginbonus/20220201_e4ydy6/e4ydy6_s_01.png
`聖晶石 X 10
``從者/禮裝數: 460 / 664`
_2022-02-02 08:20:15_
--------
`友情點數召喚累計420次

`[0d14e47d83c8b8400ed7555e0192724d]
`登入天數: 52天 / 1532天
等級: 20
石頭: 505
呼符: 0
友情點: +0 / 1517255`
*連続ログイン3日目
※ログインが途切れるか、7日到達すると
1日目から再開されます*
`叡智の猛火 X 1
2月交換券(2022) X 1
`*株式会社ラセングルからのお知らせ*
*開催期間中、初回ログインで「聖晶石×10」をプレゼント！*
/webview/loginbonus/20220201_e4ydy6/e4ydy6_s_01.png
`聖晶石 X 10
``從者/禮裝數: 413 / 667`
_2022-02-02 08:20:26_
--------
`友情點數召喚累計360次

`[d4c10e20929a4c973210db1453668b11]
`登入天數: 52天 / 1538天
等級: 19
石頭: 1832
呼符: 0
友情點: +0 / 1505720`
*連続ログイン3日目
※ログインが途切れるか、7日到達すると
1日目から再開されます*
`叡智の猛火 X 1
2月交換券(2022) X 1
`*株式会社ラセングルからのお知らせ*
*開催期間中、初回ログインで「聖晶石×10」をプレゼント！*
/webview/loginbonus/20220201_e4ydy6/e4ydy6_s_01.png
`聖晶石 X 10
``從者/禮裝數: 414 / 604`
_2022-02-02 08:20:37_
--------
`友情點數召喚累計330次

`[f0cc4e7ae2d4b30013f328b2cf7d6063]
`登入天數: 52天 / 1547天
等級: 20
石頭: 12
呼符: 0
友情點: +0 / 1509320`
*連続ログイン3日目
※ログインが途切れるか、7日到達すると
1日目から再開されます*
`叡智の猛火 X 1
2月交換券(2022) X 1
`*株式会社ラセングルからのお知らせ*
*開催期間中、初回ログインで「聖晶石×10」をプレゼント！*
/webview/loginbonus/20220201_e4ydy6/e4ydy6_s_01.png
`聖晶石 X 10
``從者/禮裝數: 406 / 663`
_2022-02-02 08:20:48_
--------
`友情點數召喚累計352次

`[48a14ba1dd858b92594b71e0ed7d5311]
`登入天數: 52天 / 1539天
等級: 20
石頭: 1145
呼符: 29
友情點: +0 / 1418590`
*連続ログイン3日目
※ログインが途切れるか、7日到達すると
1日目から再開されます*
`叡智の猛火 X 1
2月交換券(2022) X 1
`*株式会社ラセングルからのお知らせ*
*開催期間中、初回ログインで「聖晶石×10」をプレゼント！*
/webview/loginbonus/20220201_e4ydy6/e4ydy6_s_01.png
`聖晶石 X 10
``從者/禮裝數: 518 / 681`
_2022-02-02 08:20:59_
--------
`友情點數召喚累計360次

`