【登入訊息】
[c5ab1b78563b1f9e4ee17ab01234bc5e]
`登入天數: 53天 / 1404天
等級: 92
石頭: 1872
呼符: 150
友情點: +0 / 1557145`
*連続ログイン4日目
※ログインが途切れるか、7日到達すると
1日目から再開されます*
`聖晶石 X 1
2月交換券(2022) X 1
`*バレンタイン2022
開催直前特別ログインボーナス！*
*開催期間中、1日1回 最大7回 ログインボーナスをプレゼント！*
/webview/loginbonus/20220202_zsa35h/zsa35h_k_01.png
`白銀の果実 X 1
``從者/禮裝數: 589 / 585`
_2022-02-02 19:31:19_
--------
[d4825e10f75d83bc0cfb33b6768a8634]
`登入天數: 53天 / 1596天
等級: 19
石頭: 2056
呼符: 17
友情點: +0 / 1684835`
*連続ログイン4日目
※ログインが途切れるか、7日到達すると
1日目から再開されます*
`聖晶石 X 1
2月交換券(2022) X 1
`*バレンタイン2022
開催直前特別ログインボーナス！*
*開催期間中、1日1回 最大7回 ログインボーナスをプレゼント！*
/webview/loginbonus/20220202_zsa35h/zsa35h_k_01.png
`白銀の果実 X 1
``從者/禮裝數: 499 / 595`
_2022-02-02 19:31:28_
--------
[ff29db15be18f883ffccdf7ab23021a7]
`登入天數: 53天 / 1592天
等級: 18
石頭: 1162
呼符: 17
友情點: +0 / 1562810`
*連続ログイン4日目
※ログインが途切れるか、7日到達すると
1日目から再開されます*
`聖晶石 X 1
2月交換券(2022) X 1
`*バレンタイン2022
開催直前特別ログインボーナス！*
*開催期間中、1日1回 最大7回 ログインボーナスをプレゼント！*
/webview/loginbonus/20220202_zsa35h/zsa35h_k_01.png
`白銀の果実 X 1
``從者/禮裝數: 586 / 583`
_2022-02-02 19:31:37_
--------
[cc4787a257e3a46e268001195f780247]
`登入天數: 53天 / 1606天
等級: 18
石頭: 1804
呼符: 121
友情點: +0 / 1673810`
*連続ログイン4日目
※ログインが途切れるか、7日到達すると
1日目から再開されます*
`聖晶石 X 1
2月交換券(2022) X 1
`*バレンタイン2022
開催直前特別ログインボーナス！*
*開催期間中、1日1回 最大7回 ログインボーナスをプレゼント！*
/webview/loginbonus/20220202_zsa35h/zsa35h_k_02.png
`黄金の果実 X 1
``從者/禮裝數: 488 / 685`
_2022-02-02 19:31:46_
--------
[3f5599a008981ecf87f2dea9d1d83d6a]
`登入天數: 53天 / 1611天
等級: 18
石頭: 2029
呼符: 3
友情點: +0 / 1647775`
*連続ログイン4日目
※ログインが途切れるか、7日到達すると
1日目から再開されます*
`聖晶石 X 1
2月交換券(2022) X 1
`*バレンタイン2022
開催直前特別ログインボーナス！*
*開催期間中、1日1回 最大7回 ログインボーナスをプレゼント！*
/webview/loginbonus/20220202_zsa35h/zsa35h_k_01.png
`白銀の果実 X 1
``從者/禮裝數: 463 / 670`
_2022-02-02 19:31:55_
--------
[0d14e47d83c8b8400ed7555e0192724d]
`登入天數: 53天 / 1533天
等級: 20
石頭: 505
呼符: 0
友情點: +0 / 1517255`
*連続ログイン4日目
※ログインが途切れるか、7日到達すると
1日目から再開されます*
`聖晶石 X 1
2月交換券(2022) X 1
`*バレンタイン2022
開催直前特別ログインボーナス！*
*開催期間中、1日1回 最大7回 ログインボーナスをプレゼント！*
/webview/loginbonus/20220202_zsa35h/zsa35h_k_01.png
`白銀の果実 X 1
``從者/禮裝數: 416 / 673`
_2022-02-02 19:32:03_
--------
[d4c10e20929a4c973210db1453668b11]
`登入天數: 53天 / 1539天
等級: 19
石頭: 1832
呼符: 0
友情點: +0 / 1505720`
*連続ログイン4日目
※ログインが途切れるか、7日到達すると
1日目から再開されます*
`聖晶石 X 1
2月交換券(2022) X 1
`*バレンタイン2022
開催直前特別ログインボーナス！*
*開催期間中、1日1回 最大7回 ログインボーナスをプレゼント！*
/webview/loginbonus/20220202_zsa35h/zsa35h_k_01.png
`白銀の果実 X 1
``從者/禮裝數: 416 / 610`
_2022-02-02 19:32:12_
--------
[f0cc4e7ae2d4b30013f328b2cf7d6063]
`登入天數: 53天 / 1548天
等級: 20
石頭: 12
呼符: 0
友情點: +0 / 1509320`
*連続ログイン4日目
※ログインが途切れるか、7日到達すると
1日目から再開されます*
`聖晶石 X 1
2月交換券(2022) X 1
`*バレンタイン2022
開催直前特別ログインボーナス！*
*開催期間中、1日1回 最大7回 ログインボーナスをプレゼント！*
/webview/loginbonus/20220202_zsa35h/zsa35h_k_01.png
`白銀の果実 X 1
``從者/禮裝數: 409 / 667`
_2022-02-02 19:32:21_
--------
[48a14ba1dd858b92594b71e0ed7d5311]
`登入天數: 53天 / 1540天
等級: 20
石頭: 1145
呼符: 29
友情點: +0 / 1418590`
*連続ログイン4日目
※ログインが途切れるか、7日到達すると
1日目から再開されます*
`聖晶石 X 1
2月交換券(2022) X 1
`*バレンタイン2022
開催直前特別ログインボーナス！*
*開催期間中、1日1回 最大7回 ログインボーナスをプレゼント！*
/webview/loginbonus/20220202_zsa35h/zsa35h_k_01.png
`白銀の果実 X 1
``從者/禮裝數: 521 / 684`
_2022-02-02 19:32:30_
--------
