【登入訊息】
[c5ab1b78563b1f9e4ee17ab01234bc5e]
`登入天數: 55天 / 1406天
等級: 92
石頭: 1872
呼符: 150
友情點: +0 / 1557145`
*連続ログイン6日目
※ログインが途切れるか、7日到達すると
1日目から再開されます*
`聖晶石 X 2
2月交換券(2022) X 1
`*「FGO カルデア・サテライトステーション 2021-2022」高知会場代替開催直前ログインボーナス*
*開催期間中、1日1回 最大3回 ログインボーナスをプレゼント！*
/webview/loginbonus/20220203_frdns3/frdns3_k_02.png
`黄金の果実 X 1
`*バレンタイン2022
開催直前特別ログインボーナス！*
*開催期間中、1日1回 最大7回 ログインボーナスをプレゼント！*
/webview/loginbonus/20220202_zsa35h/zsa35h_k_03.png
`聖晶石 X 1
``從者/禮裝數: 591 / 593`
_2022-02-04 19:30:54_
--------
[d4825e10f75d83bc0cfb33b6768a8634]
`登入天數: 55天 / 1598天
等級: 19
石頭: 2056
呼符: 17
友情點: +20 / 1684855`
*連続ログイン6日目
※ログインが途切れるか、7日到達すると
1日目から再開されます*
`聖晶石 X 2
2月交換券(2022) X 1
`*「FGO カルデア・サテライトステーション 2021-2022」高知会場代替開催直前ログインボーナス*
*開催期間中、1日1回 最大3回 ログインボーナスをプレゼント！*
/webview/loginbonus/20220203_frdns3/frdns3_k_02.png
`黄金の果実 X 1
`*バレンタイン2022
開催直前特別ログインボーナス！*
*開催期間中、1日1回 最大7回 ログインボーナスをプレゼント！*
/webview/loginbonus/20220202_zsa35h/zsa35h_k_03.png
`聖晶石 X 1
``從者/禮裝數: 501 / 600`
_2022-02-04 19:31:03_
--------
[ff29db15be18f883ffccdf7ab23021a7]
`登入天數: 55天 / 1594天
等級: 18
石頭: 1162
呼符: 17
友情點: +30 / 1562840`
*連続ログイン6日目
※ログインが途切れるか、7日到達すると
1日目から再開されます*
`聖晶石 X 2
2月交換券(2022) X 1
`*「FGO カルデア・サテライトステーション 2021-2022」高知会場代替開催直前ログインボーナス*
*開催期間中、1日1回 最大3回 ログインボーナスをプレゼント！*
/webview/loginbonus/20220203_frdns3/frdns3_k_02.png
`黄金の果実 X 1
`*バレンタイン2022
開催直前特別ログインボーナス！*
*開催期間中、1日1回 最大7回 ログインボーナスをプレゼント！*
/webview/loginbonus/20220202_zsa35h/zsa35h_k_03.png
`聖晶石 X 1
``從者/禮裝數: 587 / 589`
_2022-02-04 19:31:11_
--------
[cc4787a257e3a46e268001195f780247]
`登入天數: 55天 / 1608天
等級: 18
石頭: 1804
呼符: 121
友情點: +50 / 1673860`
*連続ログイン6日目
※ログインが途切れるか、7日到達すると
1日目から再開されます*
`聖晶石 X 2
2月交換券(2022) X 1
`*「FGO カルデア・サテライトステーション 2021-2022」高知会場代替開催直前ログインボーナス*
*開催期間中、1日1回 最大3回 ログインボーナスをプレゼント！*
/webview/loginbonus/20220203_frdns3/frdns3_k_02.png
`黄金の果実 X 1
`*バレンタイン2022
開催直前特別ログインボーナス！*
*開催期間中、1日1回 最大7回 ログインボーナスをプレゼント！*
/webview/loginbonus/20220202_zsa35h/zsa35h_k_04.png
`白銀の果実 X 1
``從者/禮裝數: 490 / 689`
_2022-02-04 19:31:19_
--------
[3f5599a008981ecf87f2dea9d1d83d6a]
`登入天數: 55天 / 1613天
等級: 18
石頭: 2029
呼符: 3
友情點: +0 / 1647775`
*連続ログイン6日目
※ログインが途切れるか、7日到達すると
1日目から再開されます*
`聖晶石 X 2
2月交換券(2022) X 1
`*「FGO カルデア・サテライトステーション 2021-2022」高知会場代替開催直前ログインボーナス*
*開催期間中、1日1回 最大3回 ログインボーナスをプレゼント！*
/webview/loginbonus/20220203_frdns3/frdns3_k_02.png
`黄金の果実 X 1
`*バレンタイン2022
開催直前特別ログインボーナス！*
*開催期間中、1日1回 最大7回 ログインボーナスをプレゼント！*
/webview/loginbonus/20220202_zsa35h/zsa35h_k_03.png
`聖晶石 X 1
``從者/禮裝數: 465 / 674`
_2022-02-04 19:31:27_
--------
[0d14e47d83c8b8400ed7555e0192724d]
`登入天數: 55天 / 1535天
等級: 20
石頭: 505
呼符: 0
友情點: +20 / 1517275`
*連続ログイン6日目
※ログインが途切れるか、7日到達すると
1日目から再開されます*
`聖晶石 X 2
2月交換券(2022) X 1
`*「FGO カルデア・サテライトステーション 2021-2022」高知会場代替開催直前ログインボーナス*
*開催期間中、1日1回 最大3回 ログインボーナスをプレゼント！*
/webview/loginbonus/20220203_frdns3/frdns3_k_02.png
`黄金の果実 X 1
`*バレンタイン2022
開催直前特別ログインボーナス！*
*開催期間中、1日1回 最大7回 ログインボーナスをプレゼント！*
/webview/loginbonus/20220202_zsa35h/zsa35h_k_03.png
`聖晶石 X 1
``從者/禮裝數: 419 / 679`
_2022-02-04 19:31:36_
--------
[d4c10e20929a4c973210db1453668b11]
`登入天數: 55天 / 1541天
等級: 19
石頭: 1832
呼符: 0
友情點: +0 / 1505720`
*連続ログイン6日目
※ログインが途切れるか、7日到達すると
1日目から再開されます*
`聖晶石 X 2
2月交換券(2022) X 1
`*「FGO カルデア・サテライトステーション 2021-2022」高知会場代替開催直前ログインボーナス*
*開催期間中、1日1回 最大3回 ログインボーナスをプレゼント！*
/webview/loginbonus/20220203_frdns3/frdns3_k_02.png
`黄金の果実 X 1
`*バレンタイン2022
開催直前特別ログインボーナス！*
*開催期間中、1日1回 最大7回 ログインボーナスをプレゼント！*
/webview/loginbonus/20220202_zsa35h/zsa35h_k_03.png
`聖晶石 X 1
``從者/禮裝數: 420 / 614`
_2022-02-04 19:31:44_
--------
[f0cc4e7ae2d4b30013f328b2cf7d6063]
`登入天數: 55天 / 1550天
等級: 20
石頭: 12
呼符: 0
友情點: +0 / 1509320`
*連続ログイン6日目
※ログインが途切れるか、7日到達すると
1日目から再開されます*
`聖晶石 X 2
2月交換券(2022) X 1
`*「FGO カルデア・サテライトステーション 2021-2022」高知会場代替開催直前ログインボーナス*
*開催期間中、1日1回 最大3回 ログインボーナスをプレゼント！*
/webview/loginbonus/20220203_frdns3/frdns3_k_02.png
`黄金の果実 X 1
`*バレンタイン2022
開催直前特別ログインボーナス！*
*開催期間中、1日1回 最大7回 ログインボーナスをプレゼント！*
/webview/loginbonus/20220202_zsa35h/zsa35h_k_03.png
`聖晶石 X 1
``從者/禮裝數: 412 / 670`
_2022-02-04 19:31:52_
--------
[48a14ba1dd858b92594b71e0ed7d5311]
`登入天數: 55天 / 1542天
等級: 20
石頭: 1145
呼符: 29
友情點: +0 / 1418590`
*連続ログイン6日目
※ログインが途切れるか、7日到達すると
1日目から再開されます*
`聖晶石 X 2
2月交換券(2022) X 1
`*「FGO カルデア・サテライトステーション 2021-2022」高知会場代替開催直前ログインボーナス*
*開催期間中、1日1回 最大3回 ログインボーナスをプレゼント！*
/webview/loginbonus/20220203_frdns3/frdns3_k_02.png
`黄金の果実 X 1
`*バレンタイン2022
開催直前特別ログインボーナス！*
*開催期間中、1日1回 最大7回 ログインボーナスをプレゼント！*
/webview/loginbonus/20220202_zsa35h/zsa35h_k_03.png
`聖晶石 X 1
``從者/禮裝數: 525 / 688`
_2022-02-04 19:32:01_
--------
