【登入訊息】
[c5ab1b78563b1f9e4ee17ab01234bc5e]
`登入天數: 56天 / 1407天
等級: 92
石頭: 1872
呼符: 150
友情點: +0 / 1557145`
*連続ログイン7日間到達おめでとうございます！
明日は1日目からリスタートされます。*
`獣の足跡 X 1
呼符 X 1
2月交換券(2022) X 1
`*「FGO カルデア・サテライトステーション 2021-2022」高知会場代替開催直前ログインボーナス*
*開催期間中、1日1回 最大3回 ログインボーナスをプレゼント！*
/webview/loginbonus/20220203_frdns3/frdns3_k_03.png
`黄金の果実 X 1
`*バレンタイン2022
開催直前特別ログインボーナス！*
*開催期間中、1日1回 最大7回 ログインボーナスをプレゼント！*
/webview/loginbonus/20220202_zsa35h/zsa35h_k_04.png
`白銀の果実 X 1
``從者/禮裝數: 591 / 593`
_2022-02-05 19:31:08_
--------
`友情點數召喚累計821次

`[d4825e10f75d83bc0cfb33b6768a8634]
`登入天數: 56天 / 1599天
等級: 19
石頭: 2056
呼符: 17
友情點: +60 / 1684915`
*連続ログイン7日間到達おめでとうございます！
明日は1日目からリスタートされます。*
`獣の足跡 X 1
呼符 X 1
2月交換券(2022) X 1
`*「FGO カルデア・サテライトステーション 2021-2022」高知会場代替開催直前ログインボーナス*
*開催期間中、1日1回 最大3回 ログインボーナスをプレゼント！*
/webview/loginbonus/20220203_frdns3/frdns3_k_03.png
`黄金の果実 X 1
`*バレンタイン2022
開催直前特別ログインボーナス！*
*開催期間中、1日1回 最大7回 ログインボーナスをプレゼント！*
/webview/loginbonus/20220202_zsa35h/zsa35h_k_04.png
`白銀の果実 X 1
``從者/禮裝數: 501 / 600`
_2022-02-05 19:31:19_
--------
`友情點數召喚累計380次

`[ff29db15be18f883ffccdf7ab23021a7]
`登入天數: 56天 / 1595天
等級: 18
石頭: 1162
呼符: 17
友情點: +10 / 1562850`
*連続ログイン7日間到達おめでとうございます！
明日は1日目からリスタートされます。*
`獣の足跡 X 1
呼符 X 1
2月交換券(2022) X 1
`*「FGO カルデア・サテライトステーション 2021-2022」高知会場代替開催直前ログインボーナス*
*開催期間中、1日1回 最大3回 ログインボーナスをプレゼント！*
/webview/loginbonus/20220203_frdns3/frdns3_k_03.png
`黄金の果実 X 1
`*バレンタイン2022
開催直前特別ログインボーナス！*
*開催期間中、1日1回 最大7回 ログインボーナスをプレゼント！*
/webview/loginbonus/20220202_zsa35h/zsa35h_k_04.png
`白銀の果実 X 1
``從者/禮裝數: 587 / 589`
_2022-02-05 19:31:30_
--------
`友情點數召喚累計480次

`[cc4787a257e3a46e268001195f780247]
`登入天數: 56天 / 1609天
等級: 18
石頭: 1804
呼符: 121
友情點: +30 / 1673890`
*連続ログイン7日間到達おめでとうございます！
明日は1日目からリスタートされます。*
`獣の足跡 X 1
呼符 X 1
2月交換券(2022) X 1
`*「FGO カルデア・サテライトステーション 2021-2022」高知会場代替開催直前ログインボーナス*
*開催期間中、1日1回 最大3回 ログインボーナスをプレゼント！*
/webview/loginbonus/20220203_frdns3/frdns3_k_03.png
`黄金の果実 X 1
`*バレンタイン2022
開催直前特別ログインボーナス！*
*開催期間中、1日1回 最大7回 ログインボーナスをプレゼント！*
/webview/loginbonus/20220202_zsa35h/zsa35h_k_05.png
`黄金の果実 X 1
``從者/禮裝數: 490 / 689`
_2022-02-05 19:31:41_
--------
`友情點數召喚累計390次

`[3f5599a008981ecf87f2dea9d1d83d6a]
`登入天數: 56天 / 1614天
等級: 18
石頭: 2029
呼符: 3
友情點: +0 / 1647775`
*連続ログイン7日間到達おめでとうございます！
明日は1日目からリスタートされます。*
`獣の足跡 X 1
呼符 X 1
2月交換券(2022) X 1
`*「FGO カルデア・サテライトステーション 2021-2022」高知会場代替開催直前ログインボーナス*
*開催期間中、1日1回 最大3回 ログインボーナスをプレゼント！*
/webview/loginbonus/20220203_frdns3/frdns3_k_03.png
`黄金の果実 X 1
`*バレンタイン2022
開催直前特別ログインボーナス！*
*開催期間中、1日1回 最大7回 ログインボーナスをプレゼント！*
/webview/loginbonus/20220202_zsa35h/zsa35h_k_04.png
`白銀の果実 X 1
``從者/禮裝數: 465 / 674`
_2022-02-05 19:31:53_
--------
`友情點數召喚累計440次

`[0d14e47d83c8b8400ed7555e0192724d]
`登入天數: 56天 / 1536天
等級: 20
石頭: 505
呼符: 0
友情點: +220 / 1517495`
*連続ログイン7日間到達おめでとうございます！
明日は1日目からリスタートされます。*
`獣の足跡 X 1
呼符 X 1
2月交換券(2022) X 1
`*「FGO カルデア・サテライトステーション 2021-2022」高知会場代替開催直前ログインボーナス*
*開催期間中、1日1回 最大3回 ログインボーナスをプレゼント！*
/webview/loginbonus/20220203_frdns3/frdns3_k_03.png
`黄金の果実 X 1
`*バレンタイン2022
開催直前特別ログインボーナス！*
*開催期間中、1日1回 最大7回 ログインボーナスをプレゼント！*
/webview/loginbonus/20220202_zsa35h/zsa35h_k_04.png
`白銀の果実 X 1
``從者/禮裝數: 419 / 679`
_2022-02-05 19:32:04_
--------
`友情點數召喚累計380次

`[d4c10e20929a4c973210db1453668b11]
`登入天數: 56天 / 1542天
等級: 19
石頭: 1832
呼符: 0
友情點: +25 / 1505745`
*連続ログイン7日間到達おめでとうございます！
明日は1日目からリスタートされます。*
`獣の足跡 X 1
呼符 X 1
2月交換券(2022) X 1
`*「FGO カルデア・サテライトステーション 2021-2022」高知会場代替開催直前ログインボーナス*
*開催期間中、1日1回 最大3回 ログインボーナスをプレゼント！*
/webview/loginbonus/20220203_frdns3/frdns3_k_03.png
`黄金の果実 X 1
`*バレンタイン2022
開催直前特別ログインボーナス！*
*開催期間中、1日1回 最大7回 ログインボーナスをプレゼント！*
/webview/loginbonus/20220202_zsa35h/zsa35h_k_04.png
`白銀の果実 X 1
``從者/禮裝數: 420 / 614`
_2022-02-05 19:32:15_
--------
`友情點數召喚累計350次

`[f0cc4e7ae2d4b30013f328b2cf7d6063]
`登入天數: 56天 / 1551天
等級: 20
石頭: 12
呼符: 0
友情點: +0 / 1509320`
*連続ログイン7日間到達おめでとうございます！
明日は1日目からリスタートされます。*
`獣の足跡 X 1
呼符 X 1
2月交換券(2022) X 1
`*「FGO カルデア・サテライトステーション 2021-2022」高知会場代替開催直前ログインボーナス*
*開催期間中、1日1回 最大3回 ログインボーナスをプレゼント！*
/webview/loginbonus/20220203_frdns3/frdns3_k_03.png
`黄金の果実 X 1
`*バレンタイン2022
開催直前特別ログインボーナス！*
*開催期間中、1日1回 最大7回 ログインボーナスをプレゼント！*
/webview/loginbonus/20220202_zsa35h/zsa35h_k_04.png
`白銀の果実 X 1
``從者/禮裝數: 412 / 670`
_2022-02-05 19:32:27_
--------
`友情點數召喚累計372次

`[48a14ba1dd858b92594b71e0ed7d5311]
`登入天數: 56天 / 1543天
等級: 20
石頭: 1145
呼符: 29
友情點: +50 / 1418640`
*連続ログイン7日間到達おめでとうございます！
明日は1日目からリスタートされます。*
`獣の足跡 X 1
呼符 X 1
2月交換券(2022) X 1
`*「FGO カルデア・サテライトステーション 2021-2022」高知会場代替開催直前ログインボーナス*
*開催期間中、1日1回 最大3回 ログインボーナスをプレゼント！*
/webview/loginbonus/20220203_frdns3/frdns3_k_03.png
`黄金の果実 X 1
`*バレンタイン2022
開催直前特別ログインボーナス！*
*開催期間中、1日1回 最大7回 ログインボーナスをプレゼント！*
/webview/loginbonus/20220202_zsa35h/zsa35h_k_04.png
`白銀の果実 X 1
``從者/禮裝數: 525 / 688`
_2022-02-05 19:32:38_
--------
`友情點數召喚累計380次

`