【登入訊息】
[c5ab1b78563b1f9e4ee17ab01234bc5e]
`登入天數: 57天 / 1408天
等級: 92
石頭: 1872
呼符: 150
友情點: +0 / 1557145`
*連続ログイン1日目
※ログインが途切れるか、7日到達すると
1日目から再開されます*
`フレンドポイント X 2000
2月交換券(2022) X 1
`*バレンタイン2022
開催直前特別ログインボーナス！*
*開催期間中、1日1回 最大7回 ログインボーナスをプレゼント！*
/webview/loginbonus/20220202_zsa35h/zsa35h_k_05.png
`黄金の果実 X 1
`*「FGO カルデア・サテライトステーション 2021-2022」高知会場代替開催記念 初回ログインボーナス*
*開催期間中、初回ログインで「聖晶石×10」をプレゼント！*
/webview/loginbonus/20220207_5apfwm/5apfwm_s_01.png
`聖晶石 X 10
`*「FGO カルデア・サテライトステーション 2021-2022」高知会場代替開催記念 3万リツイート達成プレゼント*
*開催期間中、初回ログインで「聖晶石×6」をプレゼント！*
/webview/loginbonus/20220207_38gtf4/38gtf4_s_01.png
`聖晶石 X 6
``從者/禮裝數: 593 / 600`
_2022-02-06 19:31:00_
--------
`友情點數召喚累計831次

`[d4825e10f75d83bc0cfb33b6768a8634]
`登入天數: 57天 / 1600天
等級: 19
石頭: 2056
呼符: 17
友情點: +320 / 1685235`
*連続ログイン1日目
※ログインが途切れるか、7日到達すると
1日目から再開されます*
`フレンドポイント X 2000
2月交換券(2022) X 1
`*バレンタイン2022
開催直前特別ログインボーナス！*
*開催期間中、1日1回 最大7回 ログインボーナスをプレゼント！*
/webview/loginbonus/20220202_zsa35h/zsa35h_k_05.png
`黄金の果実 X 1
`*「FGO カルデア・サテライトステーション 2021-2022」高知会場代替開催記念 初回ログインボーナス*
*開催期間中、初回ログインで「聖晶石×10」をプレゼント！*
/webview/loginbonus/20220207_5apfwm/5apfwm_s_01.png
`聖晶石 X 10
`*「FGO カルデア・サテライトステーション 2021-2022」高知会場代替開催記念 3万リツイート達成プレゼント*
*開催期間中、初回ログインで「聖晶石×6」をプレゼント！*
/webview/loginbonus/20220207_38gtf4/38gtf4_s_01.png
`聖晶石 X 6
``從者/禮裝數: 503 / 604`
_2022-02-06 19:31:10_
--------
`友情點數召喚累計390次

`[ff29db15be18f883ffccdf7ab23021a7]
`登入天數: 57天 / 1596天
等級: 18
石頭: 1162
呼符: 17
友情點: +30 / 1562880`
*連続ログイン1日目
※ログインが途切れるか、7日到達すると
1日目から再開されます*
`フレンドポイント X 2000
2月交換券(2022) X 1
`*バレンタイン2022
開催直前特別ログインボーナス！*
*開催期間中、1日1回 最大7回 ログインボーナスをプレゼント！*
/webview/loginbonus/20220202_zsa35h/zsa35h_k_05.png
`黄金の果実 X 1
`*「FGO カルデア・サテライトステーション 2021-2022」高知会場代替開催記念 初回ログインボーナス*
*開催期間中、初回ログインで「聖晶石×10」をプレゼント！*
/webview/loginbonus/20220207_5apfwm/5apfwm_s_01.png
`聖晶石 X 10
`*「FGO カルデア・サテライトステーション 2021-2022」高知会場代替開催記念 3万リツイート達成プレゼント*
*開催期間中、初回ログインで「聖晶石×6」をプレゼント！*
/webview/loginbonus/20220207_38gtf4/38gtf4_s_01.png
`聖晶石 X 6
``從者/禮裝數: 591 / 593`
_2022-02-06 19:31:21_
--------
`友情點數召喚累計490次

`[cc4787a257e3a46e268001195f780247]
`登入天數: 57天 / 1610天
等級: 18
石頭: 1804
呼符: 121
友情點: +50 / 1673940`
*連続ログイン1日目
※ログインが途切れるか、7日到達すると
1日目から再開されます*
`フレンドポイント X 2000
2月交換券(2022) X 1
`*バレンタイン2022
開催直前特別ログインボーナス！*
*開催期間中、1日1回 最大7回 ログインボーナスをプレゼント！*
/webview/loginbonus/20220202_zsa35h/zsa35h_k_06.png
`聖晶石 X 1
`*「FGO カルデア・サテライトステーション 2021-2022」高知会場代替開催記念 初回ログインボーナス*
*開催期間中、初回ログインで「聖晶石×10」をプレゼント！*
/webview/loginbonus/20220207_5apfwm/5apfwm_s_01.png
`聖晶石 X 10
`*「FGO カルデア・サテライトステーション 2021-2022」高知会場代替開催記念 3万リツイート達成プレゼント*
*開催期間中、初回ログインで「聖晶石×6」をプレゼント！*
/webview/loginbonus/20220207_38gtf4/38gtf4_s_01.png
`聖晶石 X 6
``從者/禮裝數: 494 / 694`
_2022-02-06 19:31:31_
--------
`友情點數召喚累計400次

`[3f5599a008981ecf87f2dea9d1d83d6a]
`登入天數: 57天 / 1615天
等級: 18
石頭: 2029
呼符: 3
友情點: +0 / 1647775`
*連続ログイン1日目
※ログインが途切れるか、7日到達すると
1日目から再開されます*
`フレンドポイント X 2000
2月交換券(2022) X 1
`*バレンタイン2022
開催直前特別ログインボーナス！*
*開催期間中、1日1回 最大7回 ログインボーナスをプレゼント！*
/webview/loginbonus/20220202_zsa35h/zsa35h_k_05.png
`黄金の果実 X 1
`*「FGO カルデア・サテライトステーション 2021-2022」高知会場代替開催記念 初回ログインボーナス*
*開催期間中、初回ログインで「聖晶石×10」をプレゼント！*
/webview/loginbonus/20220207_5apfwm/5apfwm_s_01.png
`聖晶石 X 10
`*「FGO カルデア・サテライトステーション 2021-2022」高知会場代替開催記念 3万リツイート達成プレゼント*
*開催期間中、初回ログインで「聖晶石×6」をプレゼント！*
/webview/loginbonus/20220207_38gtf4/38gtf4_s_01.png
`聖晶石 X 6
``從者/禮裝數: 469 / 678`
_2022-02-06 19:31:42_
--------
`友情點數召喚累計450次

`[0d14e47d83c8b8400ed7555e0192724d]
`登入天數: 57天 / 1537天
等級: 20
石頭: 505
呼符: 0
友情點: +10 / 1517505`
*連続ログイン1日目
※ログインが途切れるか、7日到達すると
1日目から再開されます*
`フレンドポイント X 2000
2月交換券(2022) X 1
`*バレンタイン2022
開催直前特別ログインボーナス！*
*開催期間中、1日1回 最大7回 ログインボーナスをプレゼント！*
/webview/loginbonus/20220202_zsa35h/zsa35h_k_05.png
`黄金の果実 X 1
`*「FGO カルデア・サテライトステーション 2021-2022」高知会場代替開催記念 初回ログインボーナス*
*開催期間中、初回ログインで「聖晶石×10」をプレゼント！*
/webview/loginbonus/20220207_5apfwm/5apfwm_s_01.png
`聖晶石 X 10
`*「FGO カルデア・サテライトステーション 2021-2022」高知会場代替開催記念 3万リツイート達成プレゼント*
*開催期間中、初回ログインで「聖晶石×6」をプレゼント！*
/webview/loginbonus/20220207_38gtf4/38gtf4_s_01.png
`聖晶石 X 6
``從者/禮裝數: 423 / 683`
_2022-02-06 19:31:52_
--------
`友情點數召喚累計390次

`[d4c10e20929a4c973210db1453668b11]
`登入天數: 57天 / 1543天
等級: 19
石頭: 1832
呼符: 0
友情點: +0 / 1505745`
*連続ログイン1日目
※ログインが途切れるか、7日到達すると
1日目から再開されます*
`フレンドポイント X 2000
2月交換券(2022) X 1
`*バレンタイン2022
開催直前特別ログインボーナス！*
*開催期間中、1日1回 最大7回 ログインボーナスをプレゼント！*
/webview/loginbonus/20220202_zsa35h/zsa35h_k_05.png
`黄金の果実 X 1
`*「FGO カルデア・サテライトステーション 2021-2022」高知会場代替開催記念 初回ログインボーナス*
*開催期間中、初回ログインで「聖晶石×10」をプレゼント！*
/webview/loginbonus/20220207_5apfwm/5apfwm_s_01.png
`聖晶石 X 10
`*「FGO カルデア・サテライトステーション 2021-2022」高知会場代替開催記念 3万リツイート達成プレゼント*
*開催期間中、初回ログインで「聖晶石×6」をプレゼント！*
/webview/loginbonus/20220207_38gtf4/38gtf4_s_01.png
`聖晶石 X 6
``從者/禮裝數: 422 / 618`
_2022-02-06 19:32:03_
--------
`友情點數召喚累計360次

`[f0cc4e7ae2d4b30013f328b2cf7d6063]
`登入天數: 57天 / 1552天
等級: 20
石頭: 12
呼符: 0
友情點: +0 / 1509320`
*連続ログイン1日目
※ログインが途切れるか、7日到達すると
1日目から再開されます*
`フレンドポイント X 2000
2月交換券(2022) X 1
`*バレンタイン2022
開催直前特別ログインボーナス！*
*開催期間中、1日1回 最大7回 ログインボーナスをプレゼント！*
/webview/loginbonus/20220202_zsa35h/zsa35h_k_05.png
`黄金の果実 X 1
`*「FGO カルデア・サテライトステーション 2021-2022」高知会場代替開催記念 初回ログインボーナス*
*開催期間中、初回ログインで「聖晶石×10」をプレゼント！*
/webview/loginbonus/20220207_5apfwm/5apfwm_s_01.png
`聖晶石 X 10
`*「FGO カルデア・サテライトステーション 2021-2022」高知会場代替開催記念 3万リツイート達成プレゼント*
*開催期間中、初回ログインで「聖晶石×6」をプレゼント！*
/webview/loginbonus/20220207_38gtf4/38gtf4_s_01.png
`聖晶石 X 6
``從者/禮裝數: 416 / 674`
_2022-02-06 19:32:14_
--------
`友情點數召喚累計382次

`[48a14ba1dd858b92594b71e0ed7d5311]
`登入天數: 57天 / 1544天
等級: 20
石頭: 1145
呼符: 29
友情點: +0 / 1418640`
*連続ログイン1日目
※ログインが途切れるか、7日到達すると
1日目から再開されます*
`フレンドポイント X 2000
2月交換券(2022) X 1
`*バレンタイン2022
開催直前特別ログインボーナス！*
*開催期間中、1日1回 最大7回 ログインボーナスをプレゼント！*
/webview/loginbonus/20220202_zsa35h/zsa35h_k_05.png
`黄金の果実 X 1
`*「FGO カルデア・サテライトステーション 2021-2022」高知会場代替開催記念 初回ログインボーナス*
*開催期間中、初回ログインで「聖晶石×10」をプレゼント！*
/webview/loginbonus/20220207_5apfwm/5apfwm_s_01.png
`聖晶石 X 10
`*「FGO カルデア・サテライトステーション 2021-2022」高知会場代替開催記念 3万リツイート達成プレゼント*
*開催期間中、初回ログインで「聖晶石×6」をプレゼント！*
/webview/loginbonus/20220207_38gtf4/38gtf4_s_01.png
`聖晶石 X 6
``從者/禮裝數: 527 / 691`
_2022-02-06 19:32:25_
--------
`友情點數召喚累計390次

`