【登入訊息】
[c5ab1b78563b1f9e4ee17ab01234bc5e]
`登入天數: 59天 / 1410天
等級: 92
石頭: 1872
呼符: 150
友情點: +0 / 1557145`
*連続ログイン3日目
※ログインが途切れるか、7日到達すると
1日目から再開されます*
`叡智の猛火 X 1
2月交換券(2022) X 1
`*バレンタイン2022
開催直前特別ログインボーナス！*
*開催期間中、1日1回 最大7回 ログインボーナスをプレゼント！*
/webview/loginbonus/20220202_zsa35h/zsa35h_k_07.png
`聖晶石 X 1
``從者/禮裝數: 599 / 610`
_2022-02-08 19:31:17_
--------
`友情點數召喚累計851次

`[d4825e10f75d83bc0cfb33b6768a8634]
`登入天數: 59天 / 1602天
等級: 19
石頭: 2056
呼符: 17
友情點: +40 / 1685355`
*連続ログイン3日目
※ログインが途切れるか、7日到達すると
1日目から再開されます*
`叡智の猛火 X 1
2月交換券(2022) X 1
`*バレンタイン2022
開催直前特別ログインボーナス！*
*開催期間中、1日1回 最大7回 ログインボーナスをプレゼント！*
/webview/loginbonus/20220202_zsa35h/zsa35h_k_07.png
`聖晶石 X 1
``從者/禮裝數: 509 / 616`
_2022-02-08 19:31:28_
--------
`友情點數召喚累計410次

`[ff29db15be18f883ffccdf7ab23021a7]
`登入天數: 59天 / 1598天
等級: 18
石頭: 1162
呼符: 17
友情點: +80 / 1563000`
*連続ログイン3日目
※ログインが途切れるか、7日到達すると
1日目から再開されます*
`叡智の猛火 X 1
2月交換券(2022) X 1
`*バレンタイン2022
開催直前特別ログインボーナス！*
*開催期間中、1日1回 最大7回 ログインボーナスをプレゼント！*
/webview/loginbonus/20220202_zsa35h/zsa35h_k_07.png
`聖晶石 X 1
``從者/禮裝數: 598 / 602`
_2022-02-08 19:31:40_
--------
`友情點數召喚累計510次

`[cc4787a257e3a46e268001195f780247]
`登入天數: 59天 / 1612天
等級: 18
石頭: 1827
呼符: 122
友情點: +10 / 1675970`
*連続ログイン3日目
※ログインが途切れるか、7日到達すると
1日目から再開されます*
`叡智の猛火 X 1
2月交換券(2022) X 1
``從者/禮裝數: 494 / 580`
_2022-02-08 19:31:51_
--------
`友情點數召喚累計410次

`[3f5599a008981ecf87f2dea9d1d83d6a]
`登入天數: 59天 / 1617天
等級: 18
石頭: 2109
呼符: 16
友情點: +0 / 1655775`
*連続ログイン3日目
※ログインが途切れるか、7日到達すると
1日目から再開されます*
`叡智の猛火 X 1
2月交換券(2022) X 1
`*バレンタイン2022
開催直前特別ログインボーナス！*
*開催期間中、1日1回 最大7回 ログインボーナスをプレゼント！*
/webview/loginbonus/20220202_zsa35h/zsa35h_k_07.png
`聖晶石 X 1
``從者/禮裝數: 370 / 569`
_2022-02-08 19:32:02_
--------
`友情點數召喚累計460次

`[0d14e47d83c8b8400ed7555e0192724d]
`登入天數: 59天 / 1539天
等級: 20
石頭: 688
呼符: 18
友情點: +30 / 1533595`
*連続ログイン3日目
※ログインが途切れるか、7日到達すると
1日目から再開されます*
`叡智の猛火 X 1
2月交換券(2022) X 1
`*バレンタイン2022
開催直前特別ログインボーナス！*
*開催期間中、1日1回 最大7回 ログインボーナスをプレゼント！*
/webview/loginbonus/20220202_zsa35h/zsa35h_k_07.png
`聖晶石 X 1
``從者/禮裝數: 426 / 571`
_2022-02-08 19:32:13_
--------
`友情點數召喚累計400次

`[d4c10e20929a4c973210db1453668b11]
`登入天數: 59天 / 1545天
等級: 19
石頭: 1882
呼符: 13
友情點: +0 / 1513745`
*連続ログイン3日目
※ログインが途切れるか、7日到達すると
1日目から再開されます*
`叡智の猛火 X 1
2月交換券(2022) X 1
`*バレンタイン2022
開催直前特別ログインボーナス！*
*開催期間中、1日1回 最大7回 ログインボーナスをプレゼント！*
/webview/loginbonus/20220202_zsa35h/zsa35h_k_07.png
`聖晶石 X 1
``從者/禮裝數: 426 / 565`
_2022-02-08 19:32:24_
--------
`友情點數召喚累計370次

`[f0cc4e7ae2d4b30013f328b2cf7d6063]
`登入天數: 59天 / 1554天
等級: 20
石頭: 92
呼符: 13
友情點: +0 / 1517320`
*連続ログイン3日目
※ログインが途切れるか、7日到達すると
1日目から再開されます*
`叡智の猛火 X 1
2月交換券(2022) X 1
`*バレンタイン2022
開催直前特別ログインボーナス！*
*開催期間中、1日1回 最大7回 ログインボーナスをプレゼント！*
/webview/loginbonus/20220202_zsa35h/zsa35h_k_07.png
`聖晶石 X 1
``從者/禮裝數: 419 / 549`
_2022-02-08 19:32:36_
--------
`友情點數召喚累計392次

`[48a14ba1dd858b92594b71e0ed7d5311]
`登入天數: 59天 / 1546天
等級: 20
石頭: 1195
呼符: 37
友情點: +0 / 1426640`
*連続ログイン3日目
※ログインが途切れるか、7日到達すると
1日目から再開されます*
`叡智の猛火 X 1
2月交換券(2022) X 1
`*バレンタイン2022
開催直前特別ログインボーナス！*
*開催期間中、1日1回 最大7回 ログインボーナスをプレゼント！*
/webview/loginbonus/20220202_zsa35h/zsa35h_k_07.png
`聖晶石 X 1
``從者/禮裝數: 531 / 693`
_2022-02-08 19:32:46_
--------
`友情點數召喚累計400次

`