【登入訊息】
[c5ab1b78563b1f9e4ee17ab01234bc5e]
`登入天數: 60天 / 1411天
等級: 92
石頭: 1872
呼符: 150
友情點: +0 / 1557145`
`從者/禮裝數: 604 / 615`
_2022-02-10 06:01:16_
--------
`友情點數召喚累計861次

`[d4825e10f75d83bc0cfb33b6768a8634]
`登入天數: 60天 / 1603天
等級: 19
石頭: 2056
呼符: 17
友情點: +180 / 1685535`
*連続ログイン4日目
※ログインが途切れるか、7日到達すると
1日目から再開されます*
`聖晶石 X 1
2月交換券(2022) X 1
``從者/禮裝數: 511 / 622`
_2022-02-10 06:01:27_
--------
`友情點數召喚累計420次

`[ff29db15be18f883ffccdf7ab23021a7]
`登入天數: 60天 / 1599天
等級: 18
石頭: 1162
呼符: 17
友情點: +30 / 1563030`
*連続ログイン4日目
※ログインが途切れるか、7日到達すると
1日目から再開されます*
`聖晶石 X 1
2月交換券(2022) X 1
``從者/禮裝數: 600 / 608`
_2022-02-10 06:01:39_
--------
`友情點數召喚累計520次

`[cc4787a257e3a46e268001195f780247]
`登入天數: 60天 / 1613天
等級: 18
石頭: 1827
呼符: 122
友情點: +20 / 1675990`
*連続ログイン4日目
※ログインが途切れるか、7日到達すると
1日目から再開されます*
`聖晶石 X 1
2月交換券(2022) X 1
``從者/禮裝數: 496 / 587`
_2022-02-10 06:01:50_
--------
`友情點數召喚累計420次

`[3f5599a008981ecf87f2dea9d1d83d6a]
`登入天數: 60天 / 1618天
等級: 18
石頭: 2109
呼符: 16
友情點: +0 / 1655775`
*連続ログイン4日目
※ログインが途切れるか、7日到達すると
1日目から再開されます*
`聖晶石 X 1
2月交換券(2022) X 1
``從者/禮裝數: 374 / 574`
_2022-02-10 06:02:01_
--------
`友情點數召喚累計470次

`[0d14e47d83c8b8400ed7555e0192724d]
`登入天數: 60天 / 1540天
等級: 20
石頭: 688
呼符: 18
友情點: +100 / 1533695`
*連続ログイン4日目
※ログインが途切れるか、7日到達すると
1日目から再開されます*
`聖晶石 X 1
2月交換券(2022) X 1
``從者/禮裝數: 427 / 578`
_2022-02-10 06:02:13_
--------
`友情點數召喚累計410次

`[d4c10e20929a4c973210db1453668b11]
`登入天數: 60天 / 1546天
等級: 19
石頭: 1882
呼符: 13
友情點: +0 / 1513745`
*連続ログイン4日目
※ログインが途切れるか、7日到達すると
1日目から再開されます*
`聖晶石 X 1
2月交換券(2022) X 1
``從者/禮裝數: 427 / 571`
_2022-02-10 06:02:25_
--------
`友情點數召喚累計380次

`[f0cc4e7ae2d4b30013f328b2cf7d6063]
`登入天數: 60天 / 1555天
等級: 20
石頭: 92
呼符: 13
友情點: +0 / 1517320`
*連続ログイン4日目
※ログインが途切れるか、7日到達すると
1日目から再開されます*
`聖晶石 X 1
2月交換券(2022) X 1
``從者/禮裝數: 422 / 554`
_2022-02-10 06:02:36_
--------
`友情點數召喚累計402次

`[48a14ba1dd858b92594b71e0ed7d5311]
`登入天數: 60天 / 1547天
等級: 20
石頭: 1195
呼符: 37
友情點: +0 / 1426640`
*連続ログイン4日目
※ログインが途切れるか、7日到達すると
1日目から再開されます*
`聖晶石 X 1
2月交換券(2022) X 1
``從者/禮裝數: 534 / 698`
_2022-02-10 06:02:48_
--------
`友情點數召喚累計410次

`