【登入訊息】
[c5ab1b78563b1f9e4ee17ab01234bc5e]
`登入天數: 61天 / 1412天
等級: 92
石頭: 1872
呼符: 150
友情點: +0 / 1557145`
*連続ログイン5日目
※ログインが途切れるか、7日到達すると
1日目から再開されます*
`叡智の猛火 X 2
2月交換券(2022) X 1
``從者/禮裝數: 606 / 622`
_2022-02-10 19:31:14_
--------
`友情點數召喚累計871次

`[d4825e10f75d83bc0cfb33b6768a8634]
`登入天數: 61天 / 1604天
等級: 19
石頭: 2056
呼符: 17
友情點: +80 / 1685615`
*連続ログイン5日目
※ログインが途切れるか、7日到達すると
1日目から再開されます*
`叡智の猛火 X 2
2月交換券(2022) X 1
``從者/禮裝數: 513 / 625`
_2022-02-10 19:31:26_
--------
`友情點數召喚累計430次

`[ff29db15be18f883ffccdf7ab23021a7]
`登入天數: 61天 / 1600天
等級: 18
石頭: 1162
呼符: 17
友情點: +20 / 1563050`
*連続ログイン5日目
※ログインが途切れるか、7日到達すると
1日目から再開されます*
`叡智の猛火 X 2
2月交換券(2022) X 1
``從者/禮裝數: 603 / 613`
_2022-02-10 19:31:37_
--------
`友情點數召喚累計530次

`[cc4787a257e3a46e268001195f780247]
`登入天數: 61天 / 1614天
等級: 18
石頭: 1827
呼符: 122
友情點: +70 / 1676060`
*連続ログイン5日目
※ログインが途切れるか、7日到達すると
1日目から再開されます*
`叡智の猛火 X 2
2月交換券(2022) X 1
``從者/禮裝數: 500 / 590`
_2022-02-10 19:31:49_
--------
`友情點數召喚累計430次

`[3f5599a008981ecf87f2dea9d1d83d6a]
`登入天數: 61天 / 1619天
等級: 18
石頭: 2109
呼符: 16
友情點: +0 / 1655775`
*連続ログイン5日目
※ログインが途切れるか、7日到達すると
1日目から再開されます*
`叡智の猛火 X 2
2月交換券(2022) X 1
``從者/禮裝數: 376 / 579`
_2022-02-10 19:32:00_
--------
`友情點數召喚累計480次

`[0d14e47d83c8b8400ed7555e0192724d]
`登入天數: 61天 / 1541天
等級: 20
石頭: 688
呼符: 18
友情點: +30 / 1533725`
*連続ログイン5日目
※ログインが途切れるか、7日到達すると
1日目から再開されます*
`叡智の猛火 X 2
2月交換券(2022) X 1
``從者/禮裝數: 429 / 580`
_2022-02-10 19:32:12_
--------
`友情點數召喚累計420次

`[d4c10e20929a4c973210db1453668b11]
`登入天數: 61天 / 1547天
等級: 19
石頭: 1882
呼符: 13
友情點: +0 / 1513745`
*連続ログイン5日目
※ログインが途切れるか、7日到達すると
1日目から再開されます*
`叡智の猛火 X 2
2月交換券(2022) X 1
``從者/禮裝數: 428 / 576`
_2022-02-10 19:32:24_
--------
`友情點數召喚累計390次

`[f0cc4e7ae2d4b30013f328b2cf7d6063]
`登入天數: 61天 / 1556天
等級: 20
石頭: 92
呼符: 13
友情點: +0 / 1517320`
*連続ログイン5日目
※ログインが途切れるか、7日到達すると
1日目から再開されます*
`叡智の猛火 X 2
2月交換券(2022) X 1
``從者/禮裝數: 426 / 560`
_2022-02-10 19:32:35_
--------
`友情點數召喚累計412次

`[48a14ba1dd858b92594b71e0ed7d5311]
`登入天數: 61天 / 1548天
等級: 20
石頭: 1195
呼符: 37
友情點: +0 / 1426640`
*連続ログイン5日目
※ログインが途切れるか、7日到達すると
1日目から再開されます*
`叡智の猛火 X 2
2月交換券(2022) X 1
``從者/禮裝數: 537 / 704`
_2022-02-10 19:32:46_
--------
