【登入訊息】
[c5ab1b78563b1f9e4ee17ab01234bc5e]
`登入天數: 63天 / 1414天
等級: 92
石頭: 1872
呼符: 150
友情點: +0 / 1557145`
*連続ログイン7日間到達おめでとうございます！
明日は1日目からリスタートされます。*
`獣の足跡 X 1
呼符 X 1
2月交換券(2022) X 1
``從者/禮裝數: 612 / 630`
_2022-02-12 19:31:02_
--------
`友情點數召喚累計891次

`[d4825e10f75d83bc0cfb33b6768a8634]
`登入天數: 63天 / 1606天
等級: 19
石頭: 2056
呼符: 17
友情點: +0 / 1685615`
*連続ログイン7日間到達おめでとうございます！
明日は1日目からリスタートされます。*
`獣の足跡 X 1
呼符 X 1
2月交換券(2022) X 1
``從者/禮裝數: 518 / 636`
_2022-02-12 19:31:13_
--------
`友情點數召喚累計450次

`[ff29db15be18f883ffccdf7ab23021a7]
`登入天數: 63天 / 1602天
等級: 18
石頭: 1162
呼符: 17
友情點: +50 / 1563100`
*連続ログイン7日間到達おめでとうございます！
明日は1日目からリスタートされます。*
`獣の足跡 X 1
呼符 X 1
2月交換券(2022) X 1
``從者/禮裝數: 607 / 624`
_2022-02-12 19:31:24_
--------
`友情點數召喚累計550次

`[cc4787a257e3a46e268001195f780247]
`登入天數: 63天 / 1616天
等級: 18
石頭: 1827
呼符: 122
友情點: +430 / 1676490`
*連続ログイン7日間到達おめでとうございます！
明日は1日目からリスタートされます。*
`獣の足跡 X 1
呼符 X 1
2月交換券(2022) X 1
``從者/禮裝數: 505 / 598`
_2022-02-12 19:31:35_
--------
`友情點數召喚累計450次

`[3f5599a008981ecf87f2dea9d1d83d6a]
`登入天數: 63天 / 1621天
等級: 18
石頭: 2109
呼符: 16
友情點: +0 / 1655775`
*連続ログイン7日間到達おめでとうございます！
明日は1日目からリスタートされます。*
`獣の足跡 X 1
呼符 X 1
2月交換券(2022) X 1
``從者/禮裝數: 381 / 590`
_2022-02-12 19:31:46_
--------
`友情點數召喚累計500次

`[0d14e47d83c8b8400ed7555e0192724d]
`登入天數: 63天 / 1543天
等級: 20
石頭: 688
呼符: 18
友情點: +10 / 1533735`
*連続ログイン7日間到達おめでとうございます！
明日は1日目からリスタートされます。*
`獣の足跡 X 1
呼符 X 1
2月交換券(2022) X 1
``從者/禮裝數: 433 / 586`
_2022-02-12 19:31:57_
--------
`友情點數召喚累計440次

`[d4c10e20929a4c973210db1453668b11]
`登入天數: 63天 / 1549天
等級: 19
石頭: 1882
呼符: 13
友情點: +0 / 1513745`
*連続ログイン7日間到達おめでとうございます！
明日は1日目からリスタートされます。*
`獣の足跡 X 1
呼符 X 1
2月交換券(2022) X 1
``從者/禮裝數: 436 / 582`
_2022-02-12 19:32:09_
--------
`友情點數召喚累計410次

`[f0cc4e7ae2d4b30013f328b2cf7d6063]
`登入天數: 63天 / 1558天
等級: 20
石頭: 92
呼符: 13
友情點: +0 / 1517320`
*連続ログイン7日間到達おめでとうございます！
明日は1日目からリスタートされます。*
`獣の足跡 X 1
呼符 X 1
2月交換券(2022) X 1
``從者/禮裝數: 431 / 571`
_2022-02-12 19:32:20_
--------
`友情點數召喚累計432次

`[48a14ba1dd858b92594b71e0ed7d5311]
`登入天數: 63天 / 1550天
等級: 20
石頭: 1195
呼符: 37
友情點: +0 / 1426640`
*連続ログイン7日間到達おめでとうございます！
明日は1日目からリスタートされます。*
`獣の足跡 X 1
呼符 X 1
2月交換券(2022) X 1
``從者/禮裝數: 537 / 704`
_2022-02-12 19:32:31_
--------
