【登入訊息】
[c5ab1b78563b1f9e4ee17ab01234bc5e]
`登入天數: 64天 / 1415天
等級: 92
石頭: 1872
呼符: 150
友情點: +0 / 1557145`
*連続ログイン1日目
※ログインが途切れるか、7日到達すると
1日目から再開されます*
`フレンドポイント X 2000
2月交換券(2022) X 1
``從者/禮裝數: 614 / 638`
_2022-02-13 19:31:06_
--------
`友情點數召喚累計901次

`[d4825e10f75d83bc0cfb33b6768a8634]
`登入天數: 64天 / 1607天
等級: 19
石頭: 2056
呼符: 17
友情點: +20 / 1685635`
*連続ログイン1日目
※ログインが途切れるか、7日到達すると
1日目から再開されます*
`フレンドポイント X 2000
2月交換券(2022) X 1
``從者/禮裝數: 521 / 639`
_2022-02-13 19:31:17_
--------
`友情點數召喚累計460次

`[ff29db15be18f883ffccdf7ab23021a7]
`登入天數: 64天 / 1603天
等級: 18
石頭: 1162
呼符: 17
友情點: +0 / 1563100`
*連続ログイン1日目
※ログインが途切れるか、7日到達すると
1日目から再開されます*
`フレンドポイント X 2000
2月交換券(2022) X 1
``從者/禮裝數: 610 / 631`
_2022-02-13 19:31:27_
--------
`友情點數召喚累計560次

`[cc4787a257e3a46e268001195f780247]
`登入天數: 64天 / 1617天
等級: 18
石頭: 1827
呼符: 122
友情點: +230 / 1676720`
*連続ログイン1日目
※ログインが途切れるか、7日到達すると
1日目から再開されます*
`フレンドポイント X 2000
2月交換券(2022) X 1
``從者/禮裝數: 507 / 602`
_2022-02-13 19:31:38_
--------
`友情點數召喚累計460次

`[3f5599a008981ecf87f2dea9d1d83d6a]
`登入天數: 64天 / 1622天
等級: 18
石頭: 2109
呼符: 16
友情點: +0 / 1655775`
*連続ログイン1日目
※ログインが途切れるか、7日到達すると
1日目から再開されます*
`フレンドポイント X 2000
2月交換券(2022) X 1
``從者/禮裝數: 382 / 596`
_2022-02-13 19:31:49_
--------
`友情點數召喚累計510次

`[0d14e47d83c8b8400ed7555e0192724d]
`登入天數: 64天 / 1544天
等級: 20
石頭: 688
呼符: 18
友情點: +50 / 1533785`
*連続ログイン1日目
※ログインが途切れるか、7日到達すると
1日目から再開されます*
`フレンドポイント X 2000
2月交換券(2022) X 1
``從者/禮裝數: 433 / 592`
_2022-02-13 19:31:59_
--------
`友情點數召喚累計450次

`[d4c10e20929a4c973210db1453668b11]
`登入天數: 64天 / 1550天
等級: 19
石頭: 1882
呼符: 13
友情點: +0 / 1513745`
*連続ログイン1日目
※ログインが途切れるか、7日到達すると
1日目から再開されます*
`フレンドポイント X 2000
2月交換券(2022) X 1
``從者/禮裝數: 437 / 590`
_2022-02-13 19:32:10_
--------
`友情點數召喚累計420次

`[f0cc4e7ae2d4b30013f328b2cf7d6063]
`登入天數: 64天 / 1559天
等級: 20
石頭: 92
呼符: 13
友情點: +0 / 1517320`
*連続ログイン1日目
※ログインが途切れるか、7日到達すると
1日目から再開されます*
`フレンドポイント X 2000
2月交換券(2022) X 1
``從者/禮裝數: 435 / 574`
_2022-02-13 19:32:21_
--------
`友情點數召喚累計442次

`[48a14ba1dd858b92594b71e0ed7d5311]
`登入天數: 64天 / 1551天
等級: 20
石頭: 1195
呼符: 37
友情點: +0 / 1426640`
*連続ログイン1日目
※ログインが途切れるか、7日到達すると
1日目から再開されます*
`フレンドポイント X 2000
2月交換券(2022) X 1
``從者/禮裝數: 537 / 704`
_2022-02-13 19:32:31_
--------
