【登入訊息】
[c5ab1b78563b1f9e4ee17ab01234bc5e]
`登入天數: 66天 / 1417天
等級: 92
石頭: 1872
呼符: 150
友情點: +0 / 1557145`
*連続ログイン3日目
※ログインが途切れるか、7日到達すると
1日目から再開されます*
`叡智の猛火 X 1
2月交換券(2022) X 1
``從者/禮裝數: 621 / 647`
_2022-02-15 19:31:19_
--------
`友情點數召喚累計921次

`[d4825e10f75d83bc0cfb33b6768a8634]
`登入天數: 66天 / 1609天
等級: 19
石頭: 2056
呼符: 17
友情點: +0 / 1685695`
*連続ログイン3日目
※ログインが途切れるか、7日到達すると
1日目から再開されます*
`叡智の猛火 X 1
2月交換券(2022) X 1
``從者/禮裝數: 525 / 653`
_2022-02-15 19:31:30_
--------
`友情點數召喚累計480次

`[ff29db15be18f883ffccdf7ab23021a7]
`登入天數: 66天 / 1605天
等級: 18
石頭: 1162
呼符: 17
友情點: +0 / 1563100`
*連続ログイン3日目
※ログインが途切れるか、7日到達すると
1日目から再開されます*
`叡智の猛火 X 1
2月交換券(2022) X 1
``從者/禮裝數: 616 / 641`
_2022-02-15 19:31:41_
--------
`友情點數召喚累計580次

`[cc4787a257e3a46e268001195f780247]
`登入天數: 66天 / 1619天
等級: 18
石頭: 1827
呼符: 122
友情點: +0 / 1676760`
*連続ログイン3日目
※ログインが途切れるか、7日到達すると
1日目から再開されます*
`叡智の猛火 X 1
2月交換券(2022) X 1
``從者/禮裝數: 511 / 611`
_2022-02-15 19:31:52_
--------
`友情點數召喚累計480次

`[3f5599a008981ecf87f2dea9d1d83d6a]
`登入天數: 66天 / 1624天
等級: 18
石頭: 2109
呼符: 16
友情點: +0 / 1655775`
*連続ログイン3日目
※ログインが途切れるか、7日到達すると
1日目から再開されます*
`叡智の猛火 X 1
2月交換券(2022) X 1
``從者/禮裝數: 387 / 606`
_2022-02-15 19:32:03_
--------
`友情點數召喚累計530次

`[0d14e47d83c8b8400ed7555e0192724d]
`登入天數: 66天 / 1546天
等級: 20
石頭: 688
呼符: 18
友情點: +0 / 1533855`
*連続ログイン3日目
※ログインが途切れるか、7日到達すると
1日目から再開されます*
`叡智の猛火 X 1
2月交換券(2022) X 1
``從者/禮裝數: 440 / 601`
_2022-02-15 19:32:14_
--------
`友情點數召喚累計470次

`[d4c10e20929a4c973210db1453668b11]
`登入天數: 66天 / 1552天
等級: 19
石頭: 1882
呼符: 13
友情點: +0 / 1513745`
*連続ログイン3日目
※ログインが途切れるか、7日到達すると
1日目から再開されます*
`叡智の猛火 X 1
2月交換券(2022) X 1
``從者/禮裝數: 443 / 600`
_2022-02-15 19:32:25_
--------
`友情點數召喚累計440次

`[f0cc4e7ae2d4b30013f328b2cf7d6063]
`登入天數: 66天 / 1561天
等級: 20
石頭: 92
呼符: 13
友情點: +0 / 1517320`
*連続ログイン3日目
※ログインが途切れるか、7日到達すると
1日目から再開されます*
`叡智の猛火 X 1
2月交換券(2022) X 1
``從者/禮裝數: 438 / 587`
_2022-02-15 19:32:36_
--------
`友情點數召喚累計462次

`[48a14ba1dd858b92594b71e0ed7d5311]
`登入天數: 66天 / 1553天
等級: 20
石頭: 1195
呼符: 37
友情點: +0 / 1426640`
*連続ログイン3日目
※ログインが途切れるか、7日到達すると
1日目から再開されます*
`叡智の猛火 X 1
2月交換券(2022) X 1
``從者/禮裝數: 537 / 704`
_2022-02-15 19:32:47_
--------
