【登入訊息】
[c5ab1b78563b1f9e4ee17ab01234bc5e]
`登入天數: 68天 / 1419天
等級: 92
石頭: 1872
呼符: 150
友情點: +0 / 1557145`
`從者/禮裝數: 624 / 653`
_2022-02-18 12:35:31_
--------
`友情點數召喚累計931次

`[d4825e10f75d83bc0cfb33b6768a8634]
`登入天數: 1天 / 1610天
等級: 19
石頭: 2056
呼符: 17
友情點: +60 / 1685755`
*連続ログイン1日目
※ログインが途切れるか、7日到達すると
1日目から再開されます*
`フレンドポイント X 2000
2月交換券(2022) X 1
``從者/禮裝數: 528 / 657`
_2022-02-18 12:35:42_
--------
`友情點數召喚累計490次

`[ff29db15be18f883ffccdf7ab23021a7]
`登入天數: 1天 / 1606天
等級: 18
石頭: 1162
呼符: 17
友情點: +20 / 1563120`
*連続ログイン1日目
※ログインが途切れるか、7日到達すると
1日目から再開されます*
`フレンドポイント X 2000
2月交換券(2022) X 1
``從者/禮裝數: 617 / 646`
_2022-02-18 12:35:53_
--------
`友情點數召喚累計590次

`[cc4787a257e3a46e268001195f780247]
`登入天數: 1天 / 1620天
等級: 18
石頭: 1827
呼符: 122
友情點: +20 / 1676780`
*連続ログイン1日目
※ログインが途切れるか、7日到達すると
1日目から再開されます*
`フレンドポイント X 2000
2月交換券(2022) X 1
``從者/禮裝數: 514 / 614`
_2022-02-18 12:36:05_
--------
`友情點數召喚累計490次

`[3f5599a008981ecf87f2dea9d1d83d6a]
`登入天數: 1天 / 1625天
等級: 18
石頭: 2109
呼符: 16
友情點: +0 / 1655775`
*連続ログイン1日目
※ログインが途切れるか、7日到達すると
1日目から再開されます*
`フレンドポイント X 2000
2月交換券(2022) X 1
``從者/禮裝數: 391 / 610`
_2022-02-18 12:36:16_
--------
`友情點數召喚累計540次

`[0d14e47d83c8b8400ed7555e0192724d]
`登入天數: 1天 / 1547天
等級: 20
石頭: 688
呼符: 18
友情點: +10 / 1533865`
*連続ログイン1日目
※ログインが途切れるか、7日到達すると
1日目から再開されます*
`フレンドポイント X 2000
2月交換券(2022) X 1
``從者/禮裝數: 441 / 607`
_2022-02-18 12:36:27_
--------
`友情點數召喚累計480次

`[d4c10e20929a4c973210db1453668b11]
`登入天數: 1天 / 1553天
等級: 19
石頭: 1882
呼符: 13
友情點: +0 / 1513745`
*連続ログイン1日目
※ログインが途切れるか、7日到達すると
1日目から再開されます*
`フレンドポイント X 2000
2月交換券(2022) X 1
``從者/禮裝數: 447 / 603`
_2022-02-18 12:36:39_
--------
`友情點數召喚累計450次

`[f0cc4e7ae2d4b30013f328b2cf7d6063]
`登入天數: 1天 / 1562天
等級: 20
石頭: 92
呼符: 13
友情點: +0 / 1517320`
*連続ログイン1日目
※ログインが途切れるか、7日到達すると
1日目から再開されます*
`フレンドポイント X 2000
2月交換券(2022) X 1
``從者/禮裝數: 443 / 588`
_2022-02-18 12:36:51_
--------
`友情點數召喚累計472次

`[48a14ba1dd858b92594b71e0ed7d5311]
`登入天數: 1天 / 1554天
等級: 20
石頭: 1195
呼符: 37
友情點: +0 / 1426640`
*連続ログイン1日目
※ログインが途切れるか、7日到達すると
1日目から再開されます*
`フレンドポイント X 2000
2月交換券(2022) X 1
``從者/禮裝數: 537 / 704`
_2022-02-18 12:37:02_
--------
