【登入訊息】
[c5ab1b78563b1f9e4ee17ab01234bc5e]
`登入天數: 69天 / 1420天
等級: 92
石頭: 1872
呼符: 150
友情點: +0 / 1557145`
*連続ログイン6日目
※ログインが途切れるか、7日到達すると
1日目から再開されます*
`聖晶石 X 2
2月交換券(2022) X 1
``從者/禮裝數: 628 / 655`
_2022-02-18 19:30:59_
--------
[d4825e10f75d83bc0cfb33b6768a8634]
`登入天數: 2天 / 1611天
等級: 19
石頭: 2056
呼符: 17
友情點: +20 / 1685775`
*連続ログイン2日目
※ログインが途切れるか、7日到達すると
1日目から再開されます*
`聖晶石 X 1
2月交換券(2022) X 1
``從者/禮裝數: 530 / 661`
_2022-02-18 19:31:07_
--------
[ff29db15be18f883ffccdf7ab23021a7]
`登入天數: 2天 / 1607天
等級: 18
石頭: 1162
呼符: 17
友情點: +10 / 1563130`
*連続ログイン2日目
※ログインが途切れるか、7日到達すると
1日目から再開されます*
`聖晶石 X 1
2月交換券(2022) X 1
``從者/禮裝數: 620 / 652`
_2022-02-18 19:31:16_
--------
[cc4787a257e3a46e268001195f780247]
`登入天數: 2天 / 1621天
等級: 18
石頭: 1827
呼符: 122
友情點: +10 / 1676790`
*連続ログイン2日目
※ログインが途切れるか、7日到達すると
1日目から再開されます*
`聖晶石 X 1
2月交換券(2022) X 1
``從者/禮裝數: 514 / 623`
_2022-02-18 19:31:25_
--------
[3f5599a008981ecf87f2dea9d1d83d6a]
`登入天數: 2天 / 1626天
等級: 18
石頭: 2109
呼符: 16
友情點: +0 / 1655775`
*連続ログイン2日目
※ログインが途切れるか、7日到達すると
1日目から再開されます*
`聖晶石 X 1
2月交換券(2022) X 1
``從者/禮裝數: 392 / 615`
_2022-02-18 19:31:33_
--------
[0d14e47d83c8b8400ed7555e0192724d]
`登入天數: 2天 / 1548天
等級: 20
石頭: 688
呼符: 18
友情點: +0 / 1533865`
*連続ログイン2日目
※ログインが途切れるか、7日到達すると
1日目から再開されます*
`聖晶石 X 1
2月交換券(2022) X 1
``從者/禮裝數: 444 / 612`
_2022-02-18 19:31:42_
--------
[d4c10e20929a4c973210db1453668b11]
`登入天數: 2天 / 1554天
等級: 19
石頭: 1882
呼符: 13
友情點: +0 / 1513745`
*連続ログイン2日目
※ログインが途切れるか、7日到達すると
1日目から再開されます*
`聖晶石 X 1
2月交換券(2022) X 1
``從者/禮裝數: 449 / 608`
_2022-02-18 19:31:51_
--------
[f0cc4e7ae2d4b30013f328b2cf7d6063]
`登入天數: 2天 / 1563天
等級: 20
石頭: 92
呼符: 13
友情點: +0 / 1517320`
*連続ログイン2日目
※ログインが途切れるか、7日到達すると
1日目から再開されます*
`聖晶石 X 1
2月交換券(2022) X 1
``從者/禮裝數: 445 / 593`
_2022-02-18 19:32:00_
--------
[48a14ba1dd858b92594b71e0ed7d5311]
`登入天數: 2天 / 1555天
等級: 20
石頭: 1195
呼符: 37
友情點: +0 / 1426640`
*連続ログイン2日目
※ログインが途切れるか、7日到達すると
1日目から再開されます*
`聖晶石 X 1
2月交換券(2022) X 1
``從者/禮裝數: 537 / 704`
_2022-02-18 19:32:08_
--------
