【登入訊息】
[c5ab1b78563b1f9e4ee17ab01234bc5e]
`登入天數: 70天 / 1421天
等級: 92
石頭: 1872
呼符: 150
友情點: +0 / 1557145`
*連続ログイン7日間到達おめでとうございます！
明日は1日目からリスタートされます。*
`獣の足跡 X 1
呼符 X 1
2月交換券(2022) X 1
``從者/禮裝數: 628 / 655`
_2022-02-19 19:31:02_
--------
`友情點數召喚累計941次

`[d4825e10f75d83bc0cfb33b6768a8634]
`登入天數: 3天 / 1612天
等級: 19
石頭: 2056
呼符: 17
友情點: +40 / 1685815`
*連続ログイン3日目
※ログインが途切れるか、7日到達すると
1日目から再開されます*
`叡智の猛火 X 1
2月交換券(2022) X 1
``從者/禮裝數: 530 / 661`
_2022-02-19 19:31:13_
--------
`友情點數召喚累計500次

`[ff29db15be18f883ffccdf7ab23021a7]
`登入天數: 3天 / 1608天
等級: 18
石頭: 1162
呼符: 17
友情點: +40 / 1563170`
*連続ログイン3日目
※ログインが途切れるか、7日到達すると
1日目から再開されます*
`叡智の猛火 X 1
2月交換券(2022) X 1
``從者/禮裝數: 620 / 652`
_2022-02-19 19:31:24_
--------
`友情點數召喚累計600次

`[cc4787a257e3a46e268001195f780247]
`登入天數: 3天 / 1622天
等級: 18
石頭: 1827
呼符: 122
友情點: +240 / 1677030`
*連続ログイン3日目
※ログインが途切れるか、7日到達すると
1日目から再開されます*
`叡智の猛火 X 1
2月交換券(2022) X 1
``從者/禮裝數: 514 / 623`
_2022-02-19 19:31:36_
--------
`友情點數召喚累計500次

`[3f5599a008981ecf87f2dea9d1d83d6a]
`登入天數: 3天 / 1627天
等級: 18
石頭: 2109
呼符: 16
友情點: +0 / 1655775`
*連続ログイン3日目
※ログインが途切れるか、7日到達すると
1日目から再開されます*
`叡智の猛火 X 1
2月交換券(2022) X 1
``從者/禮裝數: 392 / 615`
_2022-02-19 19:31:47_
--------
`友情點數召喚累計550次

`[0d14e47d83c8b8400ed7555e0192724d]
`登入天數: 3天 / 1549天
等級: 20
石頭: 688
呼符: 18
友情點: +20 / 1533885`
*連続ログイン3日目
※ログインが途切れるか、7日到達すると
1日目から再開されます*
`叡智の猛火 X 1
2月交換券(2022) X 1
``從者/禮裝數: 444 / 612`
_2022-02-19 19:31:58_
--------
`友情點數召喚累計490次

`[d4c10e20929a4c973210db1453668b11]
`登入天數: 3天 / 1555天
等級: 19
石頭: 1882
呼符: 13
友情點: +0 / 1513745`
*連続ログイン3日目
※ログインが途切れるか、7日到達すると
1日目から再開されます*
`叡智の猛火 X 1
2月交換券(2022) X 1
``從者/禮裝數: 449 / 608`
_2022-02-19 19:32:10_
--------
`友情點數召喚累計460次

`[f0cc4e7ae2d4b30013f328b2cf7d6063]
`登入天數: 3天 / 1564天
等級: 20
石頭: 92
呼符: 13
友情點: +0 / 1517320`
*連続ログイン3日目
※ログインが途切れるか、7日到達すると
1日目から再開されます*
`叡智の猛火 X 1
2月交換券(2022) X 1
``從者/禮裝數: 445 / 593`
_2022-02-19 19:32:21_
--------
`友情點數召喚累計482次

`[48a14ba1dd858b92594b71e0ed7d5311]
`登入天數: 3天 / 1556天
等級: 20
石頭: 1195
呼符: 37
友情點: +0 / 1426640`
*連続ログイン3日目
※ログインが途切れるか、7日到達すると
1日目から再開されます*
`叡智の猛火 X 1
2月交換券(2022) X 1
``從者/禮裝數: 537 / 704`
_2022-02-19 19:32:33_
--------
