【登入訊息】
[c5ab1b78563b1f9e4ee17ab01234bc5e]
`登入天數: 71天 / 1422天
等級: 92
石頭: 1872
呼符: 150
友情點: +0 / 1557145`
*連続ログイン1日目
※ログインが途切れるか、7日到達すると
1日目から再開されます*
`フレンドポイント X 2000
2月交換券(2022) X 1
``從者/禮裝數: 630 / 660`
_2022-02-20 19:31:14_
--------
`友情點數召喚累計951次

`[d4825e10f75d83bc0cfb33b6768a8634]
`登入天數: 4天 / 1613天
等級: 19
石頭: 2056
呼符: 17
友情點: +40 / 1685855`
*連続ログイン4日目
※ログインが途切れるか、7日到達すると
1日目から再開されます*
`聖晶石 X 1
2月交換券(2022) X 1
``從者/禮裝數: 537 / 663`
_2022-02-20 19:31:24_
--------
`友情點數召喚累計510次

`[ff29db15be18f883ffccdf7ab23021a7]
`登入天數: 4天 / 1609天
等級: 18
石頭: 1162
呼符: 17
友情點: +70 / 1563240`
*連続ログイン4日目
※ログインが途切れるか、7日到達すると
1日目から再開されます*
`聖晶石 X 1
2月交換券(2022) X 1
``從者/禮裝數: 623 / 656`
_2022-02-20 19:31:35_
--------
`友情點數召喚累計610次

`[cc4787a257e3a46e268001195f780247]
`登入天數: 4天 / 1623天
等級: 18
石頭: 1827
呼符: 122
友情點: +260 / 1677290`
*連続ログイン4日目
※ログインが途切れるか、7日到達すると
1日目から再開されます*
`聖晶石 X 1
2月交換券(2022) X 1
``從者/禮裝數: 517 / 628`
_2022-02-20 19:31:46_
--------
`友情點數召喚累計510次

`[3f5599a008981ecf87f2dea9d1d83d6a]
`登入天數: 4天 / 1628天
等級: 18
石頭: 2109
呼符: 16
友情點: +0 / 1655775`
*連続ログイン4日目
※ログインが途切れるか、7日到達すると
1日目から再開されます*
`聖晶石 X 1
2月交換券(2022) X 1
``從者/禮裝數: 396 / 619`
_2022-02-20 19:31:57_
--------
`友情點數召喚累計560次

`[0d14e47d83c8b8400ed7555e0192724d]
`登入天數: 4天 / 1550天
等級: 20
石頭: 688
呼符: 18
友情點: +110 / 1533995`
*連続ログイン4日目
※ログインが途切れるか、7日到達すると
1日目から再開されます*
`聖晶石 X 1
2月交換券(2022) X 1
``從者/禮裝數: 446 / 617`
_2022-02-20 19:32:08_
--------
`友情點數召喚累計500次

`[d4c10e20929a4c973210db1453668b11]
`登入天數: 4天 / 1556天
等級: 19
石頭: 1882
呼符: 13
友情點: +0 / 1513745`
*連続ログイン4日目
※ログインが途切れるか、7日到達すると
1日目から再開されます*
`聖晶石 X 1
2月交換券(2022) X 1
``從者/禮裝數: 452 / 613`
_2022-02-20 19:32:19_
--------
`友情點數召喚累計470次

`[f0cc4e7ae2d4b30013f328b2cf7d6063]
`登入天數: 4天 / 1565天
等級: 20
石頭: 92
呼符: 13
友情點: +0 / 1517320`
*連続ログイン4日目
※ログインが途切れるか、7日到達すると
1日目から再開されます*
`聖晶石 X 1
2月交換券(2022) X 1
``從者/禮裝數: 449 / 596`
_2022-02-20 19:32:30_
--------
`友情點數召喚累計492次

`[48a14ba1dd858b92594b71e0ed7d5311]
`登入天數: 4天 / 1557天
等級: 20
石頭: 1195
呼符: 37
友情點: +0 / 1426640`
*連続ログイン4日目
※ログインが途切れるか、7日到達すると
1日目から再開されます*
`聖晶石 X 1
2月交換券(2022) X 1
``從者/禮裝數: 537 / 704`
_2022-02-20 19:32:40_
--------
