【登入訊息】
[c5ab1b78563b1f9e4ee17ab01234bc5e]
`登入天數: 72天 / 1423天
等級: 92
石頭: 1872
呼符: 150
友情點: +0 / 1557145`
*連続ログイン2日目
※ログインが途切れるか、7日到達すると
1日目から再開されます*
`聖晶石 X 1
2月交換券(2022) X 1
`*リリース2400日突破キャンペーン 初回ログインボーナス*
*開催期間中、初回ログインで「聖晶石×10」をプレゼント！*
/webview/loginbonus/20220222_aa4ph0/aa4ph0_s_01.png
`聖晶石 X 10
``從者/禮裝數: 631 / 667`
_2022-02-21 19:31:13_
--------
`友情點數召喚累計961次

`[d4825e10f75d83bc0cfb33b6768a8634]
`登入天數: 5天 / 1614天
等級: 19
石頭: 2056
呼符: 17
友情點: +120 / 1685975`
*連続ログイン5日目
※ログインが途切れるか、7日到達すると
1日目から再開されます*
`叡智の猛火 X 2
2月交換券(2022) X 1
`*リリース2400日突破キャンペーン 初回ログインボーナス*
*開催期間中、初回ログインで「聖晶石×10」をプレゼント！*
/webview/loginbonus/20220222_aa4ph0/aa4ph0_s_01.png
`聖晶石 X 10
``從者/禮裝數: 541 / 666`
_2022-02-21 19:31:25_
--------
`友情點數召喚累計520次

`[ff29db15be18f883ffccdf7ab23021a7]
`登入天數: 5天 / 1610天
等級: 18
石頭: 1162
呼符: 17
友情點: +50 / 1563290`
*連続ログイン5日目
※ログインが途切れるか、7日到達すると
1日目から再開されます*
`叡智の猛火 X 2
2月交換券(2022) X 1
`*リリース2400日突破キャンペーン 初回ログインボーナス*
*開催期間中、初回ログインで「聖晶石×10」をプレゼント！*
/webview/loginbonus/20220222_aa4ph0/aa4ph0_s_01.png
`聖晶石 X 10
``從者/禮裝數: 626 / 660`
_2022-02-21 19:31:36_
--------
`友情點數召喚累計620次

`[cc4787a257e3a46e268001195f780247]
`登入天數: 5天 / 1624天
等級: 18
石頭: 1827
呼符: 122
友情點: +30 / 1677320`
*連続ログイン5日目
※ログインが途切れるか、7日到達すると
1日目から再開されます*
`叡智の猛火 X 2
2月交換券(2022) X 1
`*リリース2400日突破キャンペーン 初回ログインボーナス*
*開催期間中、初回ログインで「聖晶石×10」をプレゼント！*
/webview/loginbonus/20220222_aa4ph0/aa4ph0_s_01.png
`聖晶石 X 10
``從者/禮裝數: 521 / 633`
_2022-02-21 19:31:47_
--------
`友情點數召喚累計520次

`[3f5599a008981ecf87f2dea9d1d83d6a]
`登入天數: 5天 / 1629天
等級: 18
石頭: 2109
呼符: 16
友情點: +0 / 1655775`
*連続ログイン5日目
※ログインが途切れるか、7日到達すると
1日目から再開されます*
`叡智の猛火 X 2
2月交換券(2022) X 1
`*リリース2400日突破キャンペーン 初回ログインボーナス*
*開催期間中、初回ログインで「聖晶石×10」をプレゼント！*
/webview/loginbonus/20220222_aa4ph0/aa4ph0_s_01.png
`聖晶石 X 10
``從者/禮裝數: 401 / 624`
_2022-02-21 19:31:58_
--------
`友情點數召喚累計570次

`[0d14e47d83c8b8400ed7555e0192724d]
`登入天數: 5天 / 1551天
等級: 20
石頭: 688
呼符: 18
友情點: +60 / 1534055`
*連続ログイン5日目
※ログインが途切れるか、7日到達すると
1日目から再開されます*
`叡智の猛火 X 2
2月交換券(2022) X 1
`*リリース2400日突破キャンペーン 初回ログインボーナス*
*開催期間中、初回ログインで「聖晶石×10」をプレゼント！*
/webview/loginbonus/20220222_aa4ph0/aa4ph0_s_01.png
`聖晶石 X 10
``從者/禮裝數: 448 / 622`
_2022-02-21 19:32:09_
--------
`友情點數召喚累計510次

`[d4c10e20929a4c973210db1453668b11]
`登入天數: 5天 / 1557天
等級: 19
石頭: 1882
呼符: 13
友情點: +0 / 1513745`
*連続ログイン5日目
※ログインが途切れるか、7日到達すると
1日目から再開されます*
`叡智の猛火 X 2
2月交換券(2022) X 1
`*リリース2400日突破キャンペーン 初回ログインボーナス*
*開催期間中、初回ログインで「聖晶石×10」をプレゼント！*
/webview/loginbonus/20220222_aa4ph0/aa4ph0_s_01.png
`聖晶石 X 10
``從者/禮裝數: 453 / 619`
_2022-02-21 19:32:20_
--------
`友情點數召喚累計480次

`[f0cc4e7ae2d4b30013f328b2cf7d6063]
`登入天數: 5天 / 1566天
等級: 20
石頭: 92
呼符: 13
友情點: +0 / 1517320`
*連続ログイン5日目
※ログインが途切れるか、7日到達すると
1日目から再開されます*
`叡智の猛火 X 2
2月交換券(2022) X 1
`*リリース2400日突破キャンペーン 初回ログインボーナス*
*開催期間中、初回ログインで「聖晶石×10」をプレゼント！*
/webview/loginbonus/20220222_aa4ph0/aa4ph0_s_01.png
`聖晶石 X 10
``從者/禮裝數: 453 / 601`
_2022-02-21 19:32:32_
--------
`友情點數召喚累計502次

`[48a14ba1dd858b92594b71e0ed7d5311]
`登入天數: 5天 / 1558天
等級: 20
石頭: 1195
呼符: 37
友情點: +0 / 1426640`
*連続ログイン5日目
※ログインが途切れるか、7日到達すると
1日目から再開されます*
`叡智の猛火 X 2
2月交換券(2022) X 1
`*リリース2400日突破キャンペーン 初回ログインボーナス*
*開催期間中、初回ログインで「聖晶石×10」をプレゼント！*
/webview/loginbonus/20220222_aa4ph0/aa4ph0_s_01.png
`聖晶石 X 10
``從者/禮裝數: 537 / 704`
_2022-02-21 19:32:42_
--------
