【登入訊息】
[c5ab1b78563b1f9e4ee17ab01234bc5e]
`登入天數: 73天 / 1424天
等級: 92
石頭: 1872
呼符: 150
友情點: +0 / 1557145`
*連続ログイン3日目
※ログインが途切れるか、7日到達すると
1日目から再開されます*
`叡智の猛火 X 1
2月交換券(2022) X 1
``從者/禮裝數: 635 / 671`
_2022-02-22 19:31:16_
--------
`友情點數召喚累計971次

`[d4825e10f75d83bc0cfb33b6768a8634]
`登入天數: 6天 / 1615天
等級: 19
石頭: 2056
呼符: 17
友情點: +100 / 1686075`
*連続ログイン6日目
※ログインが途切れるか、7日到達すると
1日目から再開されます*
`聖晶石 X 2
2月交換券(2022) X 1
``從者/禮裝數: 542 / 672`
_2022-02-22 19:31:27_
--------
`友情點數召喚累計530次

`[ff29db15be18f883ffccdf7ab23021a7]
`登入天數: 6天 / 1611天
等級: 18
石頭: 1162
呼符: 17
友情點: +30 / 1563320`
*連続ログイン6日目
※ログインが途切れるか、7日到達すると
1日目から再開されます*
`聖晶石 X 2
2月交換券(2022) X 1
``從者/禮裝數: 627 / 664`
_2022-02-22 19:31:38_
--------
`友情點數召喚累計630次

`[cc4787a257e3a46e268001195f780247]
`登入天數: 6天 / 1625天
等級: 18
石頭: 1827
呼符: 122
友情點: +30 / 1677350`
*連続ログイン6日目
※ログインが途切れるか、7日到達すると
1日目から再開されます*
`聖晶石 X 2
2月交換券(2022) X 1
``從者/禮裝數: 524 / 638`
_2022-02-22 19:31:49_
--------
`友情點數召喚累計530次

`[3f5599a008981ecf87f2dea9d1d83d6a]
`登入天數: 6天 / 1630天
等級: 18
石頭: 2109
呼符: 16
友情點: +0 / 1655775`
*連続ログイン6日目
※ログインが途切れるか、7日到達すると
1日目から再開されます*
`聖晶石 X 2
2月交換券(2022) X 1
``從者/禮裝數: 402 / 631`
_2022-02-22 19:32:00_
--------
`友情點數召喚累計580次

`[0d14e47d83c8b8400ed7555e0192724d]
`登入天數: 6天 / 1552天
等級: 20
石頭: 688
呼符: 18
友情點: +0 / 1534055`
*連続ログイン6日目
※ログインが途切れるか、7日到達すると
1日目から再開されます*
`聖晶石 X 2
2月交換券(2022) X 1
``從者/禮裝數: 449 / 628`
_2022-02-22 19:32:11_
--------
`友情點數召喚累計520次

`[d4c10e20929a4c973210db1453668b11]
`登入天數: 6天 / 1558天
等級: 19
石頭: 1882
呼符: 13
友情點: +0 / 1513745`
*連続ログイン6日目
※ログインが途切れるか、7日到達すると
1日目から再開されます*
`聖晶石 X 2
2月交換券(2022) X 1
``從者/禮裝數: 456 / 625`
_2022-02-22 19:32:22_
--------
`友情點數召喚累計490次

`[f0cc4e7ae2d4b30013f328b2cf7d6063]
`登入天數: 6天 / 1567天
等級: 20
石頭: 92
呼符: 13
友情點: +0 / 1517320`
*連続ログイン6日目
※ログインが途切れるか、7日到達すると
1日目から再開されます*
`聖晶石 X 2
2月交換券(2022) X 1
``從者/禮裝數: 454 / 606`
_2022-02-22 19:32:33_
--------
`友情點數召喚累計512次

`[48a14ba1dd858b92594b71e0ed7d5311]
`登入天數: 6天 / 1559天
等級: 20
石頭: 1195
呼符: 37
友情點: +0 / 1426640`
*連続ログイン6日目
※ログインが途切れるか、7日到達すると
1日目から再開されます*
`聖晶石 X 2
2月交換券(2022) X 1
``從者/禮裝數: 537 / 704`
_2022-02-22 19:32:43_
--------
