【登入訊息】
[c5ab1b78563b1f9e4ee17ab01234bc5e]
`登入天數: 74天 / 1425天
等級: 92
石頭: 1872
呼符: 150
友情點: +0 / 1557145`
`從者/禮裝數: 639 / 675`
_2022-02-24 13:57:12_
--------
`友情點數召喚累計981次

`[d4825e10f75d83bc0cfb33b6768a8634]
`登入天數: 7天 / 1616天
等級: 19
石頭: 2056
呼符: 17
友情點: +240 / 1686315`
*連続ログイン7日間到達おめでとうございます！
明日は1日目からリスタートされます。*
`獣の足跡 X 1
呼符 X 1
2月交換券(2022) X 1
`*「FGO カルデア・サテライトステーション 2021-2022」北海道会場代替開催直前ログインボーナス*
*開催期間中、1日1回 最大3回 ログインボーナスをプレゼント！*
/webview/loginbonus/20220224_aktc4g/aktc4g_k_01.png
`黄金の果実 X 1
`*ホワイトデー2022開催直前特別ログインボーナス*
*開催期間中、1日1回 最大7回 ログインボーナスをプレゼント！*
/webview/loginbonus/20220223_gtst9w/gtst9w_k_01.png
`赤銅の果実 X 1
``從者/禮裝數: 547 / 677`
_2022-02-24 13:57:23_
--------
`友情點數召喚累計540次

`[ff29db15be18f883ffccdf7ab23021a7]
`登入天數: 7天 / 1612天
等級: 18
石頭: 1162
呼符: 17
友情點: +30 / 1563350`
*連続ログイン7日間到達おめでとうございます！
明日は1日目からリスタートされます。*
`獣の足跡 X 1
呼符 X 1
2月交換券(2022) X 1
`*「FGO カルデア・サテライトステーション 2021-2022」北海道会場代替開催直前ログインボーナス*
*開催期間中、1日1回 最大3回 ログインボーナスをプレゼント！*
/webview/loginbonus/20220224_aktc4g/aktc4g_k_01.png
`黄金の果実 X 1
`*ホワイトデー2022開催直前特別ログインボーナス*
*開催期間中、1日1回 最大7回 ログインボーナスをプレゼント！*
/webview/loginbonus/20220223_gtst9w/gtst9w_k_01.png
`赤銅の果実 X 1
``從者/禮裝數: 631 / 668`
_2022-02-24 13:57:34_
--------
`友情點數召喚累計640次

`[cc4787a257e3a46e268001195f780247]
`登入天數: 7天 / 1626天
等級: 18
石頭: 1827
呼符: 122
友情點: +50 / 1677400`
*連続ログイン7日間到達おめでとうございます！
明日は1日目からリスタートされます。*
`獣の足跡 X 1
呼符 X 1
2月交換券(2022) X 1
`*「FGO カルデア・サテライトステーション 2021-2022」北海道会場代替開催直前ログインボーナス*
*開催期間中、1日1回 最大3回 ログインボーナスをプレゼント！*
/webview/loginbonus/20220224_aktc4g/aktc4g_k_01.png
`黄金の果実 X 1
`*ホワイトデー2022開催直前特別ログインボーナス*
*開催期間中、1日1回 最大7回 ログインボーナスをプレゼント！*
/webview/loginbonus/20220223_gtst9w/gtst9w_k_01.png
`赤銅の果実 X 1
``從者/禮裝數: 527 / 644`
_2022-02-24 13:57:45_
--------
`友情點數召喚累計540次

`[3f5599a008981ecf87f2dea9d1d83d6a]
`登入天數: 7天 / 1631天
等級: 18
石頭: 2109
呼符: 16
友情點: +0 / 1655775`
*連続ログイン7日間到達おめでとうございます！
明日は1日目からリスタートされます。*
`獣の足跡 X 1
呼符 X 1
2月交換券(2022) X 1
`*「FGO カルデア・サテライトステーション 2021-2022」北海道会場代替開催直前ログインボーナス*
*開催期間中、1日1回 最大3回 ログインボーナスをプレゼント！*
/webview/loginbonus/20220224_aktc4g/aktc4g_k_01.png
`黄金の果実 X 1
`*ホワイトデー2022開催直前特別ログインボーナス*
*開催期間中、1日1回 最大7回 ログインボーナスをプレゼント！*
/webview/loginbonus/20220223_gtst9w/gtst9w_k_01.png
`赤銅の果実 X 1
``從者/禮裝數: 403 / 640`
_2022-02-24 13:57:56_
--------
`友情點數召喚累計590次

`[0d14e47d83c8b8400ed7555e0192724d]
`登入天數: 7天 / 1553天
等級: 20
石頭: 688
呼符: 18
友情點: +60 / 1534115`
*連続ログイン7日間到達おめでとうございます！
明日は1日目からリスタートされます。*
`獣の足跡 X 1
呼符 X 1
2月交換券(2022) X 1
`*「FGO カルデア・サテライトステーション 2021-2022」北海道会場代替開催直前ログインボーナス*
*開催期間中、1日1回 最大3回 ログインボーナスをプレゼント！*
/webview/loginbonus/20220224_aktc4g/aktc4g_k_01.png
`黄金の果実 X 1
`*ホワイトデー2022開催直前特別ログインボーナス*
*開催期間中、1日1回 最大7回 ログインボーナスをプレゼント！*
/webview/loginbonus/20220223_gtst9w/gtst9w_k_01.png
`赤銅の果実 X 1
``從者/禮裝數: 451 / 635`
_2022-02-24 13:58:07_
--------
`友情點數召喚累計530次

`[d4c10e20929a4c973210db1453668b11]
`登入天數: 7天 / 1559天
等級: 19
石頭: 1882
呼符: 13
友情點: +0 / 1513745`
*連続ログイン7日間到達おめでとうございます！
明日は1日目からリスタートされます。*
`獣の足跡 X 1
呼符 X 1
2月交換券(2022) X 1
`*「FGO カルデア・サテライトステーション 2021-2022」北海道会場代替開催直前ログインボーナス*
*開催期間中、1日1回 最大3回 ログインボーナスをプレゼント！*
/webview/loginbonus/20220224_aktc4g/aktc4g_k_01.png
`黄金の果実 X 1
`*ホワイトデー2022開催直前特別ログインボーナス*
*開催期間中、1日1回 最大7回 ログインボーナスをプレゼント！*
/webview/loginbonus/20220223_gtst9w/gtst9w_k_01.png
`赤銅の果実 X 1
``從者/禮裝數: 458 / 630`
_2022-02-24 13:58:18_
--------
`友情點數召喚累計500次

`[f0cc4e7ae2d4b30013f328b2cf7d6063]
`登入天數: 7天 / 1568天
等級: 20
石頭: 92
呼符: 13
友情點: +0 / 1517320`
*連続ログイン7日間到達おめでとうございます！
明日は1日目からリスタートされます。*
`獣の足跡 X 1
呼符 X 1
2月交換券(2022) X 1
`*「FGO カルデア・サテライトステーション 2021-2022」北海道会場代替開催直前ログインボーナス*
*開催期間中、1日1回 最大3回 ログインボーナスをプレゼント！*
/webview/loginbonus/20220224_aktc4g/aktc4g_k_01.png
`黄金の果実 X 1
`*ホワイトデー2022開催直前特別ログインボーナス*
*開催期間中、1日1回 最大7回 ログインボーナスをプレゼント！*
/webview/loginbonus/20220223_gtst9w/gtst9w_k_01.png
`赤銅の果実 X 1
``從者/禮裝數: 458 / 611`
_2022-02-24 13:58:29_
--------
`友情點數召喚累計522次

`[48a14ba1dd858b92594b71e0ed7d5311]
`登入天數: 7天 / 1560天
等級: 20
石頭: 1195
呼符: 37
友情點: +0 / 1426640`
*連続ログイン7日間到達おめでとうございます！
明日は1日目からリスタートされます。*
`獣の足跡 X 1
呼符 X 1
2月交換券(2022) X 1
`*「FGO カルデア・サテライトステーション 2021-2022」北海道会場代替開催直前ログインボーナス*
*開催期間中、1日1回 最大3回 ログインボーナスをプレゼント！*
/webview/loginbonus/20220224_aktc4g/aktc4g_k_01.png
`黄金の果実 X 1
`*ホワイトデー2022開催直前特別ログインボーナス*
*開催期間中、1日1回 最大7回 ログインボーナスをプレゼント！*
/webview/loginbonus/20220223_gtst9w/gtst9w_k_01.png
`赤銅の果実 X 1
``從者/禮裝數: 537 / 704`
_2022-02-24 13:58:40_
--------
