【登入訊息】
[c5ab1b78563b1f9e4ee17ab01234bc5e]
`登入天數: 75天 / 1426天
等級: 92
石頭: 1872
呼符: 150
友情點: +0 / 1557145`
*連続ログイン5日目
※ログインが途切れるか、7日到達すると
1日目から再開されます*
`叡智の猛火 X 2
2月交換券(2022) X 1
`*「FGO カルデア・サテライトステーション 2021-2022」北海道会場代替開催直前ログインボーナス*
*開催期間中、1日1回 最大3回 ログインボーナスをプレゼント！*
/webview/loginbonus/20220224_aktc4g/aktc4g_k_02.png
`黄金の果実 X 1
`*ホワイトデー2022開催直前特別ログインボーナス*
*開催期間中、1日1回 最大7回 ログインボーナスをプレゼント！*
/webview/loginbonus/20220223_gtst9w/gtst9w_k_02.png
`白銀の果実 X 1
``從者/禮裝數: 642 / 680`
_2022-02-24 19:31:24_
--------
[d4825e10f75d83bc0cfb33b6768a8634]
`登入天數: 8天 / 1617天
等級: 19
石頭: 2056
呼符: 17
友情點: +20 / 1686335`
*連続ログイン1日目
※ログインが途切れるか、7日到達すると
1日目から再開されます*
`フレンドポイント X 2000
2月交換券(2022) X 1
`*「FGO カルデア・サテライトステーション 2021-2022」北海道会場代替開催直前ログインボーナス*
*開催期間中、1日1回 最大3回 ログインボーナスをプレゼント！*
/webview/loginbonus/20220224_aktc4g/aktc4g_k_02.png
`黄金の果実 X 1
`*ホワイトデー2022開催直前特別ログインボーナス*
*開催期間中、1日1回 最大7回 ログインボーナスをプレゼント！*
/webview/loginbonus/20220223_gtst9w/gtst9w_k_02.png
`白銀の果実 X 1
``從者/禮裝數: 548 / 685`
_2022-02-24 19:31:33_
--------
[ff29db15be18f883ffccdf7ab23021a7]
`登入天數: 8天 / 1613天
等級: 18
石頭: 1162
呼符: 17
友情點: +220 / 1563570`
*連続ログイン1日目
※ログインが途切れるか、7日到達すると
1日目から再開されます*
`フレンドポイント X 2000
2月交換券(2022) X 1
`*「FGO カルデア・サテライトステーション 2021-2022」北海道会場代替開催直前ログインボーナス*
*開催期間中、1日1回 最大3回 ログインボーナスをプレゼント！*
/webview/loginbonus/20220224_aktc4g/aktc4g_k_02.png
`黄金の果実 X 1
`*ホワイトデー2022開催直前特別ログインボーナス*
*開催期間中、1日1回 最大7回 ログインボーナスをプレゼント！*
/webview/loginbonus/20220223_gtst9w/gtst9w_k_02.png
`白銀の果実 X 1
``從者/禮裝數: 636 / 672`
_2022-02-24 19:31:42_
--------
[cc4787a257e3a46e268001195f780247]
`登入天數: 8天 / 1627天
等級: 18
石頭: 1827
呼符: 122
友情點: +0 / 1677400`
*連続ログイン1日目
※ログインが途切れるか、7日到達すると
1日目から再開されます*
`フレンドポイント X 2000
2月交換券(2022) X 1
`*「FGO カルデア・サテライトステーション 2021-2022」北海道会場代替開催直前ログインボーナス*
*開催期間中、1日1回 最大3回 ログインボーナスをプレゼント！*
/webview/loginbonus/20220224_aktc4g/aktc4g_k_02.png
`黄金の果実 X 1
`*ホワイトデー2022開催直前特別ログインボーナス*
*開催期間中、1日1回 最大7回 ログインボーナスをプレゼント！*
/webview/loginbonus/20220223_gtst9w/gtst9w_k_02.png
`白銀の果実 X 1
``從者/禮裝數: 529 / 648`
_2022-02-24 19:31:51_
--------
[3f5599a008981ecf87f2dea9d1d83d6a]
`登入天數: 8天 / 1632天
等級: 18
石頭: 2109
呼符: 16
友情點: +0 / 1655775`
*連続ログイン1日目
※ログインが途切れるか、7日到達すると
1日目から再開されます*
`フレンドポイント X 2000
2月交換券(2022) X 1
`*「FGO カルデア・サテライトステーション 2021-2022」北海道会場代替開催直前ログインボーナス*
*開催期間中、1日1回 最大3回 ログインボーナスをプレゼント！*
/webview/loginbonus/20220224_aktc4g/aktc4g_k_02.png
`黄金の果実 X 1
`*ホワイトデー2022開催直前特別ログインボーナス*
*開催期間中、1日1回 最大7回 ログインボーナスをプレゼント！*
/webview/loginbonus/20220223_gtst9w/gtst9w_k_02.png
`白銀の果実 X 1
``從者/禮裝數: 405 / 646`
_2022-02-24 19:32:00_
--------
[0d14e47d83c8b8400ed7555e0192724d]
`登入天數: 8天 / 1554天
等級: 20
石頭: 688
呼符: 18
友情點: +0 / 1534115`
*連続ログイン1日目
※ログインが途切れるか、7日到達すると
1日目から再開されます*
`フレンドポイント X 2000
2月交換券(2022) X 1
`*「FGO カルデア・サテライトステーション 2021-2022」北海道会場代替開催直前ログインボーナス*
*開催期間中、1日1回 最大3回 ログインボーナスをプレゼント！*
/webview/loginbonus/20220224_aktc4g/aktc4g_k_02.png
`黄金の果実 X 1
`*ホワイトデー2022開催直前特別ログインボーナス*
*開催期間中、1日1回 最大7回 ログインボーナスをプレゼント！*
/webview/loginbonus/20220223_gtst9w/gtst9w_k_02.png
`白銀の果実 X 1
``從者/禮裝數: 454 / 640`
_2022-02-24 19:32:08_
--------
[d4c10e20929a4c973210db1453668b11]
`登入天數: 8天 / 1560天
等級: 19
石頭: 1882
呼符: 13
友情點: +0 / 1513745`
*連続ログイン1日目
※ログインが途切れるか、7日到達すると
1日目から再開されます*
`フレンドポイント X 2000
2月交換券(2022) X 1
`*「FGO カルデア・サテライトステーション 2021-2022」北海道会場代替開催直前ログインボーナス*
*開催期間中、1日1回 最大3回 ログインボーナスをプレゼント！*
/webview/loginbonus/20220224_aktc4g/aktc4g_k_02.png
`黄金の果実 X 1
`*ホワイトデー2022開催直前特別ログインボーナス*
*開催期間中、1日1回 最大7回 ログインボーナスをプレゼント！*
/webview/loginbonus/20220223_gtst9w/gtst9w_k_02.png
`白銀の果実 X 1
``從者/禮裝數: 460 / 635`
_2022-02-24 19:32:17_
--------
[f0cc4e7ae2d4b30013f328b2cf7d6063]
`登入天數: 8天 / 1569天
等級: 20
石頭: 92
呼符: 13
友情點: +0 / 1517320`
*連続ログイン1日目
※ログインが途切れるか、7日到達すると
1日目から再開されます*
`フレンドポイント X 2000
2月交換券(2022) X 1
`*「FGO カルデア・サテライトステーション 2021-2022」北海道会場代替開催直前ログインボーナス*
*開催期間中、1日1回 最大3回 ログインボーナスをプレゼント！*
/webview/loginbonus/20220224_aktc4g/aktc4g_k_02.png
`黄金の果実 X 1
`*ホワイトデー2022開催直前特別ログインボーナス*
*開催期間中、1日1回 最大7回 ログインボーナスをプレゼント！*
/webview/loginbonus/20220223_gtst9w/gtst9w_k_02.png
`白銀の果実 X 1
``從者/禮裝數: 459 / 617`
_2022-02-24 19:32:26_
--------
[48a14ba1dd858b92594b71e0ed7d5311]
`登入天數: 8天 / 1561天
等級: 20
石頭: 1195
呼符: 37
友情點: +0 / 1426640`
*連続ログイン1日目
※ログインが途切れるか、7日到達すると
1日目から再開されます*
`フレンドポイント X 2000
2月交換券(2022) X 1
`*「FGO カルデア・サテライトステーション 2021-2022」北海道会場代替開催直前ログインボーナス*
*開催期間中、1日1回 最大3回 ログインボーナスをプレゼント！*
/webview/loginbonus/20220224_aktc4g/aktc4g_k_02.png
`黄金の果実 X 1
`*ホワイトデー2022開催直前特別ログインボーナス*
*開催期間中、1日1回 最大7回 ログインボーナスをプレゼント！*
/webview/loginbonus/20220223_gtst9w/gtst9w_k_02.png
`白銀の果実 X 1
``從者/禮裝數: 537 / 704`
_2022-02-24 19:32:36_
--------
