【登入訊息】
[c5ab1b78563b1f9e4ee17ab01234bc5e]
`登入天數: 77天 / 1428天
等級: 92
石頭: 1872
呼符: 150
友情點: +0 / 1557145`
*連続ログイン7日間到達おめでとうございます！
明日は1日目からリスタートされます。*
`獣の足跡 X 1
呼符 X 1
2月交換券(2022) X 1
`*ホワイトデー2022開催直前特別ログインボーナス*
*開催期間中、1日1回 最大7回 ログインボーナスをプレゼント！*
/webview/loginbonus/20220223_gtst9w/gtst9w_k_04.png
`赤銅の果実 X 1
``從者/禮裝數: 642 / 688`
_2022-02-26 19:31:07_
--------
`友情點數召喚累計1001次

`[d4825e10f75d83bc0cfb33b6768a8634]
`登入天數: 10天 / 1619天
等級: 19
石頭: 2056
呼符: 17
友情點: +0 / 1686455`
*連続ログイン3日目
※ログインが途切れるか、7日到達すると
1日目から再開されます*
`叡智の猛火 X 1
2月交換券(2022) X 1
`*ホワイトデー2022開催直前特別ログインボーナス*
*開催期間中、1日1回 最大7回 ログインボーナスをプレゼント！*
/webview/loginbonus/20220223_gtst9w/gtst9w_k_04.png
`赤銅の果実 X 1
``從者/禮裝數: 550 / 690`
_2022-02-26 19:31:18_
--------
`友情點數召喚累計560次

`[ff29db15be18f883ffccdf7ab23021a7]
`登入天數: 10天 / 1615天
等級: 18
石頭: 1162
呼符: 17
友情點: +10 / 1563840`
*連続ログイン3日目
※ログインが途切れるか、7日到達すると
1日目から再開されます*
`叡智の猛火 X 1
2月交換券(2022) X 1
`*ホワイトデー2022開催直前特別ログインボーナス*
*開催期間中、1日1回 最大7回 ログインボーナスをプレゼント！*
/webview/loginbonus/20220223_gtst9w/gtst9w_k_04.png
`赤銅の果実 X 1
``從者/禮裝數: 637 / 676`
_2022-02-26 19:31:29_
--------
`友情點數召喚累計660次

`[cc4787a257e3a46e268001195f780247]
`登入天數: 10天 / 1629天
等級: 18
石頭: 1827
呼符: 122
友情點: +0 / 1677420`
*連続ログイン3日目
※ログインが途切れるか、7日到達すると
1日目から再開されます*
`叡智の猛火 X 1
2月交換券(2022) X 1
`*ホワイトデー2022開催直前特別ログインボーナス*
*開催期間中、1日1回 最大7回 ログインボーナスをプレゼント！*
/webview/loginbonus/20220223_gtst9w/gtst9w_k_04.png
`赤銅の果実 X 1
``從者/禮裝數: 531 / 653`
_2022-02-26 19:31:41_
--------
`友情點數召喚累計560次

`[3f5599a008981ecf87f2dea9d1d83d6a]
`登入天數: 10天 / 1634天
等級: 18
石頭: 2109
呼符: 16
友情點: +0 / 1655775`
*連続ログイン3日目
※ログインが途切れるか、7日到達すると
1日目から再開されます*
`叡智の猛火 X 1
2月交換券(2022) X 1
`*ホワイトデー2022開催直前特別ログインボーナス*
*開催期間中、1日1回 最大7回 ログインボーナスをプレゼント！*
/webview/loginbonus/20220223_gtst9w/gtst9w_k_04.png
`赤銅の果実 X 1
``從者/禮裝數: 408 / 651`
_2022-02-26 19:31:52_
--------
`友情點數召喚累計610次

`[0d14e47d83c8b8400ed7555e0192724d]
`登入天數: 10天 / 1556天
等級: 20
石頭: 688
呼符: 18
友情點: +0 / 1534125`
*連続ログイン3日目
※ログインが途切れるか、7日到達すると
1日目から再開されます*
`叡智の猛火 X 1
2月交換券(2022) X 1
`*ホワイトデー2022開催直前特別ログインボーナス*
*開催期間中、1日1回 最大7回 ログインボーナスをプレゼント！*
/webview/loginbonus/20220223_gtst9w/gtst9w_k_04.png
`赤銅の果実 X 1
``從者/禮裝數: 458 / 645`
_2022-02-26 19:32:03_
--------
`友情點數召喚累計550次

`[d4c10e20929a4c973210db1453668b11]
`登入天數: 10天 / 1562天
等級: 19
石頭: 1882
呼符: 13
友情點: +0 / 1513745`
*連続ログイン3日目
※ログインが途切れるか、7日到達すると
1日目から再開されます*
`叡智の猛火 X 1
2月交換券(2022) X 1
`*ホワイトデー2022開催直前特別ログインボーナス*
*開催期間中、1日1回 最大7回 ログインボーナスをプレゼント！*
/webview/loginbonus/20220223_gtst9w/gtst9w_k_04.png
`赤銅の果実 X 1
``從者/禮裝數: 462 / 640`
_2022-02-26 19:32:14_
--------
`友情點數召喚累計520次

`[f0cc4e7ae2d4b30013f328b2cf7d6063]
`登入天數: 10天 / 1571天
等級: 20
石頭: 92
呼符: 13
友情點: +0 / 1517320`
*連続ログイン3日目
※ログインが途切れるか、7日到達すると
1日目から再開されます*
`叡智の猛火 X 1
2月交換券(2022) X 1
`*ホワイトデー2022開催直前特別ログインボーナス*
*開催期間中、1日1回 最大7回 ログインボーナスをプレゼント！*
/webview/loginbonus/20220223_gtst9w/gtst9w_k_04.png
`赤銅の果実 X 1
``從者/禮裝數: 461 / 622`
_2022-02-26 19:32:25_
--------
`友情點數召喚累計542次

`[48a14ba1dd858b92594b71e0ed7d5311]
`登入天數: 10天 / 1563天
等級: 20
石頭: 1195
呼符: 37
友情點: +0 / 1426640`
*連続ログイン3日目
※ログインが途切れるか、7日到達すると
1日目から再開されます*
`叡智の猛火 X 1
2月交換券(2022) X 1
`*ホワイトデー2022開催直前特別ログインボーナス*
*開催期間中、1日1回 最大7回 ログインボーナスをプレゼント！*
/webview/loginbonus/20220223_gtst9w/gtst9w_k_04.png
`赤銅の果実 X 1
``從者/禮裝數: 537 / 704`
_2022-02-26 19:32:35_
--------
