【登入訊息】
[c5ab1b78563b1f9e4ee17ab01234bc5e]
`登入天數: 78天 / 1429天
等級: 92
石頭: 1872
呼符: 150
友情點: +0 / 1557145`
*連続ログイン1日目
※ログインが途切れるか、7日到達すると
1日目から再開されます*
`フレンドポイント X 2000
2月交換券(2022) X 1
`*「FGO カルデア・サテライトステーション 2021-2022」北海道会場代替開催記念 初回ログインボーナス*
*開催期間中、初回ログインで「聖晶石×10」をプレゼント！*
/webview/loginbonus/20220228_jfjdp2/jfjdp2_s_01.png
`聖晶石 X 10
`*ホワイトデー2022開催直前特別ログインボーナス*
*開催期間中、1日1回 最大7回 ログインボーナスをプレゼント！*
/webview/loginbonus/20220223_gtst9w/gtst9w_k_05.png
`白銀の果実 X 1
`*「FGO カルデア・サテライトステーション 2021-2022」北海道会場代替開催記念 3万リツイート達成プレゼント*
*開催期間中、初回ログインで「聖晶石×6」をプレゼント！*
/webview/loginbonus/20220228_6buma6/6buma6_s_01.png
`聖晶石 X 6
``從者/禮裝數: 643 / 695`
_2022-02-27 19:31:03_
--------
`友情點數召喚累計1011次

`[d4825e10f75d83bc0cfb33b6768a8634]
`登入天數: 11天 / 1620天
等級: 19
石頭: 2056
呼符: 17
友情點: +0 / 1686455`
*連続ログイン4日目
※ログインが途切れるか、7日到達すると
1日目から再開されます*
`聖晶石 X 1
2月交換券(2022) X 1
`*「FGO カルデア・サテライトステーション 2021-2022」北海道会場代替開催記念 初回ログインボーナス*
*開催期間中、初回ログインで「聖晶石×10」をプレゼント！*
/webview/loginbonus/20220228_jfjdp2/jfjdp2_s_01.png
`聖晶石 X 10
`*ホワイトデー2022開催直前特別ログインボーナス*
*開催期間中、1日1回 最大7回 ログインボーナスをプレゼント！*
/webview/loginbonus/20220223_gtst9w/gtst9w_k_05.png
`白銀の果実 X 1
`*「FGO カルデア・サテライトステーション 2021-2022」北海道会場代替開催記念 3万リツイート達成プレゼント*
*開催期間中、初回ログインで「聖晶石×6」をプレゼント！*
/webview/loginbonus/20220228_6buma6/6buma6_s_01.png
`聖晶石 X 6
``從者/禮裝數: 554 / 694`
_2022-02-27 19:31:15_
--------
`友情點數召喚累計570次

`[ff29db15be18f883ffccdf7ab23021a7]
`登入天數: 11天 / 1616天
等級: 18
石頭: 1162
呼符: 17
友情點: +0 / 1563840`
*連続ログイン4日目
※ログインが途切れるか、7日到達すると
1日目から再開されます*
`聖晶石 X 1
2月交換券(2022) X 1
`*「FGO カルデア・サテライトステーション 2021-2022」北海道会場代替開催記念 初回ログインボーナス*
*開催期間中、初回ログインで「聖晶石×10」をプレゼント！*
/webview/loginbonus/20220228_jfjdp2/jfjdp2_s_01.png
`聖晶石 X 10
`*ホワイトデー2022開催直前特別ログインボーナス*
*開催期間中、1日1回 最大7回 ログインボーナスをプレゼント！*
/webview/loginbonus/20220223_gtst9w/gtst9w_k_05.png
`白銀の果実 X 1
`*「FGO カルデア・サテライトステーション 2021-2022」北海道会場代替開催記念 3万リツイート達成プレゼント*
*開催期間中、初回ログインで「聖晶石×6」をプレゼント！*
/webview/loginbonus/20220228_6buma6/6buma6_s_01.png
`聖晶石 X 6
``從者/禮裝數: 640 / 681`
_2022-02-27 19:31:26_
--------
`友情點數召喚累計670次

`[cc4787a257e3a46e268001195f780247]
`登入天數: 11天 / 1630天
等級: 18
石頭: 1827
呼符: 122
友情點: +0 / 1677420`
*連続ログイン4日目
※ログインが途切れるか、7日到達すると
1日目から再開されます*
`聖晶石 X 1
2月交換券(2022) X 1
`*「FGO カルデア・サテライトステーション 2021-2022」北海道会場代替開催記念 初回ログインボーナス*
*開催期間中、初回ログインで「聖晶石×10」をプレゼント！*
/webview/loginbonus/20220228_jfjdp2/jfjdp2_s_01.png
`聖晶石 X 10
`*ホワイトデー2022開催直前特別ログインボーナス*
*開催期間中、1日1回 最大7回 ログインボーナスをプレゼント！*
/webview/loginbonus/20220223_gtst9w/gtst9w_k_05.png
`白銀の果実 X 1
`*「FGO カルデア・サテライトステーション 2021-2022」北海道会場代替開催記念 3万リツイート達成プレゼント*
*開催期間中、初回ログインで「聖晶石×6」をプレゼント！*
/webview/loginbonus/20220228_6buma6/6buma6_s_01.png
`聖晶石 X 6
``從者/禮裝數: 532 / 660`
_2022-02-27 19:31:37_
--------
`友情點數召喚累計570次

`[3f5599a008981ecf87f2dea9d1d83d6a]
`登入天數: 11天 / 1635天
等級: 18
石頭: 2109
呼符: 16
友情點: +0 / 1655775`
*連続ログイン4日目
※ログインが途切れるか、7日到達すると
1日目から再開されます*
`聖晶石 X 1
2月交換券(2022) X 1
`*「FGO カルデア・サテライトステーション 2021-2022」北海道会場代替開催記念 初回ログインボーナス*
*開催期間中、初回ログインで「聖晶石×10」をプレゼント！*
/webview/loginbonus/20220228_jfjdp2/jfjdp2_s_01.png
`聖晶石 X 10
`*ホワイトデー2022開催直前特別ログインボーナス*
*開催期間中、1日1回 最大7回 ログインボーナスをプレゼント！*
/webview/loginbonus/20220223_gtst9w/gtst9w_k_05.png
`白銀の果実 X 1
`*「FGO カルデア・サテライトステーション 2021-2022」北海道会場代替開催記念 3万リツイート達成プレゼント*
*開催期間中、初回ログインで「聖晶石×6」をプレゼント！*
/webview/loginbonus/20220228_6buma6/6buma6_s_01.png
`聖晶石 X 6
``從者/禮裝數: 413 / 655`
_2022-02-27 19:31:48_
--------
`友情點數召喚累計620次

`[0d14e47d83c8b8400ed7555e0192724d]
`登入天數: 11天 / 1557天
等級: 20
石頭: 688
呼符: 18
友情點: +0 / 1534125`
*連続ログイン4日目
※ログインが途切れるか、7日到達すると
1日目から再開されます*
`聖晶石 X 1
2月交換券(2022) X 1
`*「FGO カルデア・サテライトステーション 2021-2022」北海道会場代替開催記念 初回ログインボーナス*
*開催期間中、初回ログインで「聖晶石×10」をプレゼント！*
/webview/loginbonus/20220228_jfjdp2/jfjdp2_s_01.png
`聖晶石 X 10
`*ホワイトデー2022開催直前特別ログインボーナス*
*開催期間中、1日1回 最大7回 ログインボーナスをプレゼント！*
/webview/loginbonus/20220223_gtst9w/gtst9w_k_05.png
`白銀の果実 X 1
`*「FGO カルデア・サテライトステーション 2021-2022」北海道会場代替開催記念 3万リツイート達成プレゼント*
*開催期間中、初回ログインで「聖晶石×6」をプレゼント！*
/webview/loginbonus/20220228_6buma6/6buma6_s_01.png
`聖晶石 X 6
``從者/禮裝數: 461 / 650`
_2022-02-27 19:32:00_
--------
`友情點數召喚累計560次

`[d4c10e20929a4c973210db1453668b11]
`登入天數: 11天 / 1563天
等級: 19
石頭: 1882
呼符: 13
友情點: +0 / 1513745`
*連続ログイン4日目
※ログインが途切れるか、7日到達すると
1日目から再開されます*
`聖晶石 X 1
2月交換券(2022) X 1
`*「FGO カルデア・サテライトステーション 2021-2022」北海道会場代替開催記念 初回ログインボーナス*
*開催期間中、初回ログインで「聖晶石×10」をプレゼント！*
/webview/loginbonus/20220228_jfjdp2/jfjdp2_s_01.png
`聖晶石 X 10
`*ホワイトデー2022開催直前特別ログインボーナス*
*開催期間中、1日1回 最大7回 ログインボーナスをプレゼント！*
/webview/loginbonus/20220223_gtst9w/gtst9w_k_05.png
`白銀の果実 X 1
`*「FGO カルデア・サテライトステーション 2021-2022」北海道会場代替開催記念 3万リツイート達成プレゼント*
*開催期間中、初回ログインで「聖晶石×6」をプレゼント！*
/webview/loginbonus/20220228_6buma6/6buma6_s_01.png
`聖晶石 X 6
``從者/禮裝數: 462 / 647`
_2022-02-27 19:32:12_
--------
`友情點數召喚累計530次

`[f0cc4e7ae2d4b30013f328b2cf7d6063]
`登入天數: 11天 / 1572天
等級: 20
石頭: 92
呼符: 13
友情點: +0 / 1517320`
*連続ログイン4日目
※ログインが途切れるか、7日到達すると
1日目から再開されます*
`聖晶石 X 1
2月交換券(2022) X 1
`*「FGO カルデア・サテライトステーション 2021-2022」北海道会場代替開催記念 初回ログインボーナス*
*開催期間中、初回ログインで「聖晶石×10」をプレゼント！*
/webview/loginbonus/20220228_jfjdp2/jfjdp2_s_01.png
`聖晶石 X 10
`*ホワイトデー2022開催直前特別ログインボーナス*
*開催期間中、1日1回 最大7回 ログインボーナスをプレゼント！*
/webview/loginbonus/20220223_gtst9w/gtst9w_k_05.png
`白銀の果実 X 1
`*「FGO カルデア・サテライトステーション 2021-2022」北海道会場代替開催記念 3万リツイート達成プレゼント*
*開催期間中、初回ログインで「聖晶石×6」をプレゼント！*
/webview/loginbonus/20220228_6buma6/6buma6_s_01.png
`聖晶石 X 6
``從者/禮裝數: 462 / 626`
_2022-02-27 19:32:24_
--------
`友情點數召喚累計552次

`[48a14ba1dd858b92594b71e0ed7d5311]
`登入天數: 11天 / 1564天
等級: 20
石頭: 1195
呼符: 37
友情點: +0 / 1426640`
*連続ログイン4日目
※ログインが途切れるか、7日到達すると
1日目から再開されます*
`聖晶石 X 1
2月交換券(2022) X 1
`*「FGO カルデア・サテライトステーション 2021-2022」北海道会場代替開催記念 初回ログインボーナス*
*開催期間中、初回ログインで「聖晶石×10」をプレゼント！*
/webview/loginbonus/20220228_jfjdp2/jfjdp2_s_01.png
`聖晶石 X 10
`*ホワイトデー2022開催直前特別ログインボーナス*
*開催期間中、1日1回 最大7回 ログインボーナスをプレゼント！*
/webview/loginbonus/20220223_gtst9w/gtst9w_k_05.png
`白銀の果実 X 1
`*「FGO カルデア・サテライトステーション 2021-2022」北海道会場代替開催記念 3万リツイート達成プレゼント*
*開催期間中、初回ログインで「聖晶石×6」をプレゼント！*
/webview/loginbonus/20220228_6buma6/6buma6_s_01.png
`聖晶石 X 6
``從者/禮裝數: 537 / 704`
_2022-02-27 19:32:35_
--------
