【登入訊息】
[c5ab1b78563b1f9e4ee17ab01234bc5e]
`登入天數: 137天 / 2059天
等級: 92
石頭: 3493
呼符: 200
友情點: +0 / 1983505`
*連続ログイン4日目
※ログインが途切れるか、7日到達すると
1日目から再開されます*
`聖晶石 X 1
11月交換券(2023) X 1
`*日替りログインボーナス*
*開催期間中、1日1回 2週間日替りでログインボーナスをプレゼント！*
/webview/loginbonus/20231124_2pxb02/2pxb02_s_01.png
`巡霊の葉 X 30
`*2900万DL突破記念 特別回数ログインボーナス*
*開催期間中、1日1回 最大10回 回数ログインボーナスをプレゼント！*
/webview/loginbonus/20231118_2ifdrr/2ifdrr_k_07.png
`英霊結晶・流星のフォウくん X 1
英霊結晶・日輪のフォウくん X 1
``從者/禮裝數: 877 / 904`
_2023-11-23 19:37:03_
--------
[d4825e10f75d83bc0cfb33b6768a8634]
`登入天數: 137天 / 2248天
等級: 19
石頭: 3310
呼符: 119
友情點: +600 / 2391680`
*連続ログイン4日目
※ログインが途切れるか、7日到達すると
1日目から再開されます*
`聖晶石 X 1
11月交換券(2023) X 1
`*日替りログインボーナス*
*開催期間中、1日1回 2週間日替りでログインボーナスをプレゼント！*
/webview/loginbonus/20231124_2pxb02/2pxb02_s_01.png
`巡霊の葉 X 30
`*2900万DL突破記念 特別回数ログインボーナス*
*開催期間中、1日1回 最大10回 回数ログインボーナスをプレゼント！*
/webview/loginbonus/20231118_2ifdrr/2ifdrr_k_07.png
`英霊結晶・流星のフォウくん X 1
英霊結晶・日輪のフォウくん X 1
``從者/禮裝數: 863 / 902`
_2023-11-23 19:37:12_
--------
[ff29db15be18f883ffccdf7ab23021a7]
`登入天數: 137天 / 2244天
等級: 18
石頭: 2623
呼符: 94
友情點: +350 / 2147865`
*連続ログイン4日目
※ログインが途切れるか、7日到達すると
1日目から再開されます*
`聖晶石 X 1
11月交換券(2023) X 1
`*日替りログインボーナス*
*開催期間中、1日1回 2週間日替りでログインボーナスをプレゼント！*
/webview/loginbonus/20231124_2pxb02/2pxb02_s_01.png
`巡霊の葉 X 30
`*2900万DL突破記念 特別回数ログインボーナス*
*開催期間中、1日1回 最大10回 回数ログインボーナスをプレゼント！*
/webview/loginbonus/20231118_2ifdrr/2ifdrr_k_07.png
`英霊結晶・流星のフォウくん X 1
英霊結晶・日輪のフォウくん X 1
``從者/禮裝數: 856 / 905`
_2023-11-23 19:37:22_
--------
[cc4787a257e3a46e268001195f780247]
`登入天數: 137天 / 2258天
等級: 18
石頭: 3414
呼符: 204
友情點: +370 / 2247695`
*連続ログイン4日目
※ログインが途切れるか、7日到達すると
1日目から再開されます*
`聖晶石 X 1
11月交換券(2023) X 1
`*日替りログインボーナス*
*開催期間中、1日1回 2週間日替りでログインボーナスをプレゼント！*
/webview/loginbonus/20231124_2pxb02/2pxb02_s_01.png
`巡霊の葉 X 30
`*2900万DL突破記念 特別回数ログインボーナス*
*開催期間中、1日1回 最大10回 回数ログインボーナスをプレゼント！*
/webview/loginbonus/20231118_2ifdrr/2ifdrr_k_07.png
`英霊結晶・流星のフォウくん X 1
英霊結晶・日輪のフォウくん X 1
``從者/禮裝數: 847 / 900`
_2023-11-23 19:37:31_
--------
[3f5599a008981ecf87f2dea9d1d83d6a]
`登入天數: 137天 / 2263天
等級: 18
石頭: 2622
呼符: 94
友情點: +0 / 2082150`
*連続ログイン4日目
※ログインが途切れるか、7日到達すると
1日目から再開されます*
`聖晶石 X 1
11月交換券(2023) X 1
`*日替りログインボーナス*
*開催期間中、1日1回 2週間日替りでログインボーナスをプレゼント！*
/webview/loginbonus/20231124_2pxb02/2pxb02_s_01.png
`巡霊の葉 X 30
`*2900万DL突破記念 特別回数ログインボーナス*
*開催期間中、1日1回 最大10回 回数ログインボーナスをプレゼント！*
/webview/loginbonus/20231118_2ifdrr/2ifdrr_k_07.png
`英霊結晶・流星のフォウくん X 1
英霊結晶・日輪のフォウくん X 1
``從者/禮裝數: 864 / 901`
_2023-11-23 19:37:40_
--------
[0d14e47d83c8b8400ed7555e0192724d]
`登入天數: 106天 / 2183天
等級: 21
石頭: 2278
呼符: 114
友情點: +430 / 2129325`
*連続ログイン1日目
※ログインが途切れるか、7日到達すると
1日目から再開されます*
`フレンドポイント X 2000
11月交換券(2023) X 1
`*日替りログインボーナス*
*開催期間中、1日1回 2週間日替りでログインボーナスをプレゼント！*
/webview/loginbonus/20231124_2pxb02/2pxb02_s_01.png
`巡霊の葉 X 30
`*2900万DL突破記念 特別回数ログインボーナス*
*開催期間中、1日1回 最大10回 回数ログインボーナスをプレゼント！*
/webview/loginbonus/20231118_2ifdrr/2ifdrr_k_07.png
`英霊結晶・流星のフォウくん X 1
英霊結晶・日輪のフォウくん X 1
``從者/禮裝數: 785 / 903`
_2023-11-23 19:37:50_
--------
[d4c10e20929a4c973210db1453668b11]
`登入天數: 106天 / 2188天
等級: 20
石頭: 2281
呼符: 79
友情點: +0 / 1854020`
*連続ログイン1日目
※ログインが途切れるか、7日到達すると
1日目から再開されます*
`フレンドポイント X 2000
11月交換券(2023) X 1
`*日替りログインボーナス*
*開催期間中、1日1回 2週間日替りでログインボーナスをプレゼント！*
/webview/loginbonus/20231124_2pxb02/2pxb02_s_01.png
`巡霊の葉 X 30
`*2900万DL突破記念 特別回数ログインボーナス*
*開催期間中、1日1回 最大10回 回数ログインボーナスをプレゼント！*
/webview/loginbonus/20231118_2ifdrr/2ifdrr_k_07.png
`英霊結晶・流星のフォウくん X 1
英霊結晶・日輪のフォウくん X 1
``從者/禮裝數: 854 / 902`
_2023-11-23 19:37:59_
--------
[f0cc4e7ae2d4b30013f328b2cf7d6063]
`登入天數: 106天 / 2196天
等級: 20
石頭: 1621
呼符: 155
友情點: +0 / 1945585`
*連続ログイン1日目
※ログインが途切れるか、7日到達すると
1日目から再開されます*
`フレンドポイント X 2000
11月交換券(2023) X 1
`*日替りログインボーナス*
*開催期間中、1日1回 2週間日替りでログインボーナスをプレゼント！*
/webview/loginbonus/20231124_2pxb02/2pxb02_s_01.png
`巡霊の葉 X 30
`*2900万DL突破記念 特別回数ログインボーナス*
*開催期間中、1日1回 最大10回 回数ログインボーナスをプレゼント！*
/webview/loginbonus/20231118_2ifdrr/2ifdrr_k_07.png
`英霊結晶・流星のフォウくん X 1
英霊結晶・日輪のフォウくん X 1
``從者/禮裝數: 847 / 903`
_2023-11-23 19:38:08_
--------
[48a14ba1dd858b92594b71e0ed7d5311]
`登入天數: 106天 / 2186天
等級: 20
石頭: 2716
呼符: 201
友情點: +0 / 1854985`
*連続ログイン1日目
※ログインが途切れるか、7日到達すると
1日目から再開されます*
`フレンドポイント X 2000
11月交換券(2023) X 1
`*日替りログインボーナス*
*開催期間中、1日1回 2週間日替りでログインボーナスをプレゼント！*
/webview/loginbonus/20231124_2pxb02/2pxb02_s_01.png
`巡霊の葉 X 30
`*2900万DL突破記念 特別回数ログインボーナス*
*開催期間中、1日1回 最大10回 回数ログインボーナスをプレゼント！*
/webview/loginbonus/20231118_2ifdrr/2ifdrr_k_07.png
`英霊結晶・流星のフォウくん X 1
英霊結晶・日輪のフォウくん X 1
``從者/禮裝數: 900 / 889`
_2023-11-23 19:38:17_
--------
