【登入訊息】
[c5ab1b78563b1f9e4ee17ab01234bc5e]
`登入天數: 143天 / 2065天
等級: 92
石頭: 3493
呼符: 200
友情點: +0 / 1983505`
*連続ログイン3日目
※ログインが途切れるか、7日到達すると
1日目から再開されます*
`叡智の業火 X 1
11月交換券(2023) X 1
`*日替りログインボーナス*
*開催期間中、1日1回 2週間日替りでログインボーナスをプレゼント！*
/webview/loginbonus/20231130_2pxb08/2pxb08_s_01.png
`巡霊の葉 X 30
`*FGO カルデア放送局 ライト版 ～ぐだぐだ2023～ 放送記念 初回ログインボーナス*
*開催期間中、初回ログインで「聖晶石×14」をプレゼント！*
/webview/loginbonus/20231130_3w84f5/3w84f5_s_01.png
`聖晶石 X 14
`*激走！川中島24時 ぐだぐだ超五稜郭 殺しのサインはM51
開幕記念 ログインボーナス*
*開催期間中、1日1回 最大21回ログインボーナスをプレゼント！*
/webview/loginbonus/20231129_jbw9bp/jbw9bp_k_01.png
`黄金の果実 X 1
``從者/禮裝數: 877 / 904`
_2023-11-29 19:36:58_
--------
[d4825e10f75d83bc0cfb33b6768a8634]
`登入天數: 143天 / 2254天
等級: 19
石頭: 3310
呼符: 119
友情點: +520 / 2397380`
*連続ログイン3日目
※ログインが途切れるか、7日到達すると
1日目から再開されます*
`叡智の業火 X 1
11月交換券(2023) X 1
`*日替りログインボーナス*
*開催期間中、1日1回 2週間日替りでログインボーナスをプレゼント！*
/webview/loginbonus/20231130_2pxb08/2pxb08_s_01.png
`巡霊の葉 X 30
`*FGO カルデア放送局 ライト版 ～ぐだぐだ2023～ 放送記念 初回ログインボーナス*
*開催期間中、初回ログインで「聖晶石×14」をプレゼント！*
/webview/loginbonus/20231130_3w84f5/3w84f5_s_01.png
`聖晶石 X 14
`*激走！川中島24時 ぐだぐだ超五稜郭 殺しのサインはM51
開幕記念 ログインボーナス*
*開催期間中、1日1回 最大21回ログインボーナスをプレゼント！*
/webview/loginbonus/20231129_jbw9bp/jbw9bp_k_01.png
`黄金の果実 X 1
``從者/禮裝數: 863 / 902`
_2023-11-29 19:37:07_
--------
[ff29db15be18f883ffccdf7ab23021a7]
`登入天數: 143天 / 2250天
等級: 18
石頭: 2623
呼符: 94
友情點: +110 / 2149545`
*連続ログイン3日目
※ログインが途切れるか、7日到達すると
1日目から再開されます*
`叡智の業火 X 1
11月交換券(2023) X 1
`*日替りログインボーナス*
*開催期間中、1日1回 2週間日替りでログインボーナスをプレゼント！*
/webview/loginbonus/20231130_2pxb08/2pxb08_s_01.png
`巡霊の葉 X 30
`*FGO カルデア放送局 ライト版 ～ぐだぐだ2023～ 放送記念 初回ログインボーナス*
*開催期間中、初回ログインで「聖晶石×14」をプレゼント！*
/webview/loginbonus/20231130_3w84f5/3w84f5_s_01.png
`聖晶石 X 14
`*激走！川中島24時 ぐだぐだ超五稜郭 殺しのサインはM51
開幕記念 ログインボーナス*
*開催期間中、1日1回 最大21回ログインボーナスをプレゼント！*
/webview/loginbonus/20231129_jbw9bp/jbw9bp_k_01.png
`黄金の果実 X 1
``從者/禮裝數: 856 / 905`
_2023-11-29 19:37:17_
--------
[cc4787a257e3a46e268001195f780247]
`登入天數: 143天 / 2264天
等級: 18
石頭: 3414
呼符: 204
友情點: +240 / 2249675`
*連続ログイン3日目
※ログインが途切れるか、7日到達すると
1日目から再開されます*
`叡智の業火 X 1
11月交換券(2023) X 1
`*日替りログインボーナス*
*開催期間中、1日1回 2週間日替りでログインボーナスをプレゼント！*
/webview/loginbonus/20231130_2pxb08/2pxb08_s_01.png
`巡霊の葉 X 30
`*FGO カルデア放送局 ライト版 ～ぐだぐだ2023～ 放送記念 初回ログインボーナス*
*開催期間中、初回ログインで「聖晶石×14」をプレゼント！*
/webview/loginbonus/20231130_3w84f5/3w84f5_s_01.png
`聖晶石 X 14
`*激走！川中島24時 ぐだぐだ超五稜郭 殺しのサインはM51
開幕記念 ログインボーナス*
*開催期間中、1日1回 最大21回ログインボーナスをプレゼント！*
/webview/loginbonus/20231129_jbw9bp/jbw9bp_k_01.png
`黄金の果実 X 1
``從者/禮裝數: 847 / 900`
_2023-11-29 19:37:26_
--------
[3f5599a008981ecf87f2dea9d1d83d6a]
`登入天數: 143天 / 2269天
等級: 18
石頭: 2622
呼符: 94
友情點: +0 / 2082150`
*連続ログイン3日目
※ログインが途切れるか、7日到達すると
1日目から再開されます*
`叡智の業火 X 1
11月交換券(2023) X 1
`*日替りログインボーナス*
*開催期間中、1日1回 2週間日替りでログインボーナスをプレゼント！*
/webview/loginbonus/20231130_2pxb08/2pxb08_s_01.png
`巡霊の葉 X 30
`*FGO カルデア放送局 ライト版 ～ぐだぐだ2023～ 放送記念 初回ログインボーナス*
*開催期間中、初回ログインで「聖晶石×14」をプレゼント！*
/webview/loginbonus/20231130_3w84f5/3w84f5_s_01.png
`聖晶石 X 14
`*激走！川中島24時 ぐだぐだ超五稜郭 殺しのサインはM51
開幕記念 ログインボーナス*
*開催期間中、1日1回 最大21回ログインボーナスをプレゼント！*
/webview/loginbonus/20231129_jbw9bp/jbw9bp_k_01.png
`黄金の果実 X 1
``從者/禮裝數: 864 / 901`
_2023-11-29 19:37:35_
--------
[0d14e47d83c8b8400ed7555e0192724d]
`登入天數: 112天 / 2189天
等級: 21
石頭: 2278
呼符: 114
友情點: +330 / 2132055`
*連続ログイン7日間到達おめでとうございます！
明日は1日目からリスタートされます。*
`獣の足跡 X 1
呼符 X 1
11月交換券(2023) X 1
`*日替りログインボーナス*
*開催期間中、1日1回 2週間日替りでログインボーナスをプレゼント！*
/webview/loginbonus/20231130_2pxb08/2pxb08_s_01.png
`巡霊の葉 X 30
`*FGO カルデア放送局 ライト版 ～ぐだぐだ2023～ 放送記念 初回ログインボーナス*
*開催期間中、初回ログインで「聖晶石×14」をプレゼント！*
/webview/loginbonus/20231130_3w84f5/3w84f5_s_01.png
`聖晶石 X 14
`*激走！川中島24時 ぐだぐだ超五稜郭 殺しのサインはM51
開幕記念 ログインボーナス*
*開催期間中、1日1回 最大21回ログインボーナスをプレゼント！*
/webview/loginbonus/20231129_jbw9bp/jbw9bp_k_01.png
`黄金の果実 X 1
``從者/禮裝數: 785 / 903`
_2023-11-29 19:37:45_
--------
[d4c10e20929a4c973210db1453668b11]
`登入天數: 112天 / 2194天
等級: 20
石頭: 2281
呼符: 79
友情點: +0 / 1854020`
*連続ログイン7日間到達おめでとうございます！
明日は1日目からリスタートされます。*
`獣の足跡 X 1
呼符 X 1
11月交換券(2023) X 1
`*日替りログインボーナス*
*開催期間中、1日1回 2週間日替りでログインボーナスをプレゼント！*
/webview/loginbonus/20231130_2pxb08/2pxb08_s_01.png
`巡霊の葉 X 30
`*FGO カルデア放送局 ライト版 ～ぐだぐだ2023～ 放送記念 初回ログインボーナス*
*開催期間中、初回ログインで「聖晶石×14」をプレゼント！*
/webview/loginbonus/20231130_3w84f5/3w84f5_s_01.png
`聖晶石 X 14
`*激走！川中島24時 ぐだぐだ超五稜郭 殺しのサインはM51
開幕記念 ログインボーナス*
*開催期間中、1日1回 最大21回ログインボーナスをプレゼント！*
/webview/loginbonus/20231129_jbw9bp/jbw9bp_k_01.png
`黄金の果実 X 1
``從者/禮裝數: 854 / 902`
_2023-11-29 19:37:54_
--------
[f0cc4e7ae2d4b30013f328b2cf7d6063]
`登入天數: 112天 / 2202天
等級: 20
石頭: 1621
呼符: 155
友情點: +0 / 1945585`
*連続ログイン7日間到達おめでとうございます！
明日は1日目からリスタートされます。*
`獣の足跡 X 1
呼符 X 1
11月交換券(2023) X 1
`*日替りログインボーナス*
*開催期間中、1日1回 2週間日替りでログインボーナスをプレゼント！*
/webview/loginbonus/20231130_2pxb08/2pxb08_s_01.png
`巡霊の葉 X 30
`*FGO カルデア放送局 ライト版 ～ぐだぐだ2023～ 放送記念 初回ログインボーナス*
*開催期間中、初回ログインで「聖晶石×14」をプレゼント！*
/webview/loginbonus/20231130_3w84f5/3w84f5_s_01.png
`聖晶石 X 14
`*激走！川中島24時 ぐだぐだ超五稜郭 殺しのサインはM51
開幕記念 ログインボーナス*
*開催期間中、1日1回 最大21回ログインボーナスをプレゼント！*
/webview/loginbonus/20231129_jbw9bp/jbw9bp_k_01.png
`黄金の果実 X 1
``從者/禮裝數: 847 / 903`
_2023-11-29 19:38:04_
--------
[48a14ba1dd858b92594b71e0ed7d5311]
`登入天數: 112天 / 2192天
等級: 20
石頭: 2716
呼符: 201
友情點: +0 / 1854985`
*連続ログイン7日間到達おめでとうございます！
明日は1日目からリスタートされます。*
`獣の足跡 X 1
呼符 X 1
11月交換券(2023) X 1
`*日替りログインボーナス*
*開催期間中、1日1回 2週間日替りでログインボーナスをプレゼント！*
/webview/loginbonus/20231130_2pxb08/2pxb08_s_01.png
`巡霊の葉 X 30
`*FGO カルデア放送局 ライト版 ～ぐだぐだ2023～ 放送記念 初回ログインボーナス*
*開催期間中、初回ログインで「聖晶石×14」をプレゼント！*
/webview/loginbonus/20231130_3w84f5/3w84f5_s_01.png
`聖晶石 X 14
`*激走！川中島24時 ぐだぐだ超五稜郭 殺しのサインはM51
開幕記念 ログインボーナス*
*開催期間中、1日1回 最大21回ログインボーナスをプレゼント！*
/webview/loginbonus/20231129_jbw9bp/jbw9bp_k_01.png
`黄金の果実 X 1
``從者/禮裝數: 900 / 889`
_2023-11-29 19:38:13_
--------
