【登入訊息】
[c5ab1b78563b1f9e4ee17ab01234bc5e]
`登入天數: 153天 / 1895天
等級: 92
石頭: 2899
呼符: 131
友情點: +0 / 1837505`
*連続ログイン6日目
※ログインが途切れるか、7日到達すると
1日目から再開されます*
`聖晶石 X 2
6月交換券(2023) X 1
`*奏章Ⅰ 
虚数羅針内界 ペーパームーン
開幕直前ログインボーナス*
*開催期間中、1日1回 7日間日替りでログインボーナスをプレゼント！*
/webview/loginbonus/20230608_kn6sxr/kn6sxr_k_05.png
`英霊結晶・星のフォウくん X 3
黄金の果実 X 1
``從者/禮裝數: 750 / 802`
_2023-06-11 19:36:17_
--------
[d4825e10f75d83bc0cfb33b6768a8634]
`登入天數: 153天 / 2084天
等級: 19
石頭: 2742
呼符: 50
友情點: +1460 / 2097605`
*連続ログイン6日目
※ログインが途切れるか、7日到達すると
1日目から再開されます*
`聖晶石 X 2
6月交換券(2023) X 1
`*奏章Ⅰ 
虚数羅針内界 ペーパームーン
開幕直前ログインボーナス*
*開催期間中、1日1回 7日間日替りでログインボーナスをプレゼント！*
/webview/loginbonus/20230608_kn6sxr/kn6sxr_k_05.png
`英霊結晶・星のフォウくん X 3
黄金の果実 X 1
``從者/禮裝數: 677 / 802`
_2023-06-11 19:36:26_
--------
[ff29db15be18f883ffccdf7ab23021a7]
`登入天數: 153天 / 2080天
等級: 18
石頭: 2057
呼符: 25
友情點: +830 / 1924415`
*連続ログイン6日目
※ログインが途切れるか、7日到達すると
1日目から再開されます*
`聖晶石 X 2
6月交換券(2023) X 1
`*奏章Ⅰ 
虚数羅針内界 ペーパームーン
開幕直前ログインボーナス*
*開催期間中、1日1回 7日間日替りでログインボーナスをプレゼント！*
/webview/loginbonus/20230608_kn6sxr/kn6sxr_k_05.png
`英霊結晶・星のフォウくん X 3
黄金の果実 X 1
``從者/禮裝數: 740 / 802`
_2023-06-11 19:36:36_
--------
[cc4787a257e3a46e268001195f780247]
`登入天數: 153天 / 2094天
等級: 18
石頭: 2823
呼符: 135
友情點: +710 / 2028090`
*連続ログイン6日目
※ログインが途切れるか、7日到達すると
1日目から再開されます*
`聖晶石 X 2
6月交換券(2023) X 1
`*奏章Ⅰ 
虚数羅針内界 ペーパームーン
開幕直前ログインボーナス*
*開催期間中、1日1回 7日間日替りでログインボーナスをプレゼント！*
/webview/loginbonus/20230608_kn6sxr/kn6sxr_k_05.png
`英霊結晶・星のフォウくん X 3
黄金の果実 X 1
``從者/禮裝數: 637 / 801`
_2023-06-11 19:36:45_
--------
[3f5599a008981ecf87f2dea9d1d83d6a]
`登入天數: 153天 / 2099天
等級: 18
石頭: 2023
呼符: 25
友情點: +0 / 1934150`
*連続ログイン6日目
※ログインが途切れるか、7日到達すると
1日目から再開されます*
`聖晶石 X 2
6月交換券(2023) X 1
`*奏章Ⅰ 
虚数羅針内界 ペーパームーン
開幕直前ログインボーナス*
*開催期間中、1日1回 7日間日替りでログインボーナスをプレゼント！*
/webview/loginbonus/20230608_kn6sxr/kn6sxr_k_05.png
`英霊結晶・星のフォウくん X 3
黄金の果実 X 1
``從者/禮裝數: 682 / 801`
_2023-06-11 19:36:53_
--------
[0d14e47d83c8b8400ed7555e0192724d]
`登入天數: 153天 / 2021天
等級: 21
石頭: 1713
呼符: 45
友情點: +720 / 1888205`
*連続ログイン6日目
※ログインが途切れるか、7日到達すると
1日目から再開されます*
`聖晶石 X 2
6月交換券(2023) X 1
`*奏章Ⅰ 
虚数羅針内界 ペーパームーン
開幕直前ログインボーナス*
*開催期間中、1日1回 7日間日替りでログインボーナスをプレゼント！*
/webview/loginbonus/20230608_kn6sxr/kn6sxr_k_05.png
`英霊結晶・星のフォウくん X 3
黄金の果実 X 1
``從者/禮裝數: 619 / 801`
_2023-06-11 19:37:02_
--------
[d4c10e20929a4c973210db1453668b11]
`登入天數: 153天 / 2027天
等級: 20
石頭: 1747
呼符: 10
友情點: +0 / 1702020`
*連続ログイン6日目
※ログインが途切れるか、7日到達すると
1日目から再開されます*
`聖晶石 X 2
6月交換券(2023) X 1
`*奏章Ⅰ 
虚数羅針内界 ペーパームーン
開幕直前ログインボーナス*
*開催期間中、1日1回 7日間日替りでログインボーナスをプレゼント！*
/webview/loginbonus/20230608_kn6sxr/kn6sxr_k_05.png
`英霊結晶・星のフォウくん X 3
黄金の果実 X 1
``從者/禮裝數: 658 / 805`
_2023-06-11 19:37:11_
--------
[f0cc4e7ae2d4b30013f328b2cf7d6063]
`登入天數: 153天 / 2036天
等級: 20
石頭: 1087
呼符: 86
友情點: +0 / 1795585`
*連続ログイン6日目
※ログインが途切れるか、7日到達すると
1日目から再開されます*
`聖晶石 X 2
6月交換券(2023) X 1
`*奏章Ⅰ 
虚数羅針内界 ペーパームーン
開幕直前ログインボーナス*
*開催期間中、1日1回 7日間日替りでログインボーナスをプレゼント！*
/webview/loginbonus/20230608_kn6sxr/kn6sxr_k_05.png
`英霊結晶・星のフォウくん X 3
黄金の果実 X 1
``從者/禮裝數: 670 / 801`
_2023-06-11 19:37:21_
--------
[48a14ba1dd858b92594b71e0ed7d5311]
`登入天數: 153天 / 2028天
等級: 20
石頭: 2184
呼符: 133
友情點: +0 / 1704985`
*連続ログイン6日目
※ログインが途切れるか、7日到達すると
1日目から再開されます*
`聖晶石 X 2
6月交換券(2023) X 1
`*奏章Ⅰ 
虚数羅針内界 ペーパームーン
開幕直前ログインボーナス*
*開催期間中、1日1回 7日間日替りでログインボーナスをプレゼント！*
/webview/loginbonus/20230608_kn6sxr/kn6sxr_k_05.png
`英霊結晶・星のフォウくん X 3
黄金の果実 X 1
``從者/禮裝數: 693 / 803`
_2023-06-11 19:37:30_
--------
