【登入訊息】
[c5ab1b78563b1f9e4ee17ab01234bc5e]
`登入天數: 154天 / 1896天
等級: 92
石頭: 2899
呼符: 131
友情點: +0 / 1837505`
*連続ログイン7日間到達おめでとうございます！
明日は1日目からリスタートされます。*
`獣の足跡 X 1
呼符 X 1
6月交換券(2023) X 1
`*奏章Ⅰ 
虚数羅針内界 ペーパームーン
開幕直前ログインボーナス*
*開催期間中、1日1回 7日間日替りでログインボーナスをプレゼント！*
/webview/loginbonus/20230608_kn6sxr/kn6sxr_k_06.png
`英霊結晶・太陽のフォウくん X 3
黄金の果実 X 1
``從者/禮裝數: 750 / 802`
_2023-06-12 19:36:33_
--------
[d4825e10f75d83bc0cfb33b6768a8634]
`登入天數: 154天 / 2085天
等級: 19
石頭: 2742
呼符: 50
友情點: +3200 / 2100805`
*連続ログイン7日間到達おめでとうございます！
明日は1日目からリスタートされます。*
`獣の足跡 X 1
呼符 X 1
6月交換券(2023) X 1
`*奏章Ⅰ 
虚数羅針内界 ペーパームーン
開幕直前ログインボーナス*
*開催期間中、1日1回 7日間日替りでログインボーナスをプレゼント！*
/webview/loginbonus/20230608_kn6sxr/kn6sxr_k_06.png
`英霊結晶・太陽のフォウくん X 3
黄金の果実 X 1
``從者/禮裝數: 677 / 802`
_2023-06-12 19:36:42_
--------
[ff29db15be18f883ffccdf7ab23021a7]
`登入天數: 154天 / 2081天
等級: 18
石頭: 2057
呼符: 25
友情點: +990 / 1925405`
*連続ログイン7日間到達おめでとうございます！
明日は1日目からリスタートされます。*
`獣の足跡 X 1
呼符 X 1
6月交換券(2023) X 1
`*奏章Ⅰ 
虚数羅針内界 ペーパームーン
開幕直前ログインボーナス*
*開催期間中、1日1回 7日間日替りでログインボーナスをプレゼント！*
/webview/loginbonus/20230608_kn6sxr/kn6sxr_k_06.png
`英霊結晶・太陽のフォウくん X 3
黄金の果実 X 1
``從者/禮裝數: 740 / 802`
_2023-06-12 19:36:51_
--------
[cc4787a257e3a46e268001195f780247]
`登入天數: 154天 / 2095天
等級: 18
石頭: 2823
呼符: 135
友情點: +1190 / 2029280`
*連続ログイン7日間到達おめでとうございます！
明日は1日目からリスタートされます。*
`獣の足跡 X 1
呼符 X 1
6月交換券(2023) X 1
`*奏章Ⅰ 
虚数羅針内界 ペーパームーン
開幕直前ログインボーナス*
*開催期間中、1日1回 7日間日替りでログインボーナスをプレゼント！*
/webview/loginbonus/20230608_kn6sxr/kn6sxr_k_06.png
`英霊結晶・太陽のフォウくん X 3
黄金の果実 X 1
``從者/禮裝數: 637 / 801`
_2023-06-12 19:37:01_
--------
[3f5599a008981ecf87f2dea9d1d83d6a]
`登入天數: 154天 / 2100天
等級: 18
石頭: 2023
呼符: 25
友情點: +0 / 1934150`
*連続ログイン7日間到達おめでとうございます！
明日は1日目からリスタートされます。*
`獣の足跡 X 1
呼符 X 1
6月交換券(2023) X 1
`*奏章Ⅰ 
虚数羅針内界 ペーパームーン
開幕直前ログインボーナス*
*開催期間中、1日1回 7日間日替りでログインボーナスをプレゼント！*
/webview/loginbonus/20230608_kn6sxr/kn6sxr_k_06.png
`英霊結晶・太陽のフォウくん X 3
黄金の果実 X 1
``從者/禮裝數: 682 / 801`
_2023-06-12 19:37:10_
--------
[0d14e47d83c8b8400ed7555e0192724d]
`登入天數: 154天 / 2022天
等級: 21
石頭: 1713
呼符: 45
友情點: +1480 / 1889685`
*連続ログイン7日間到達おめでとうございます！
明日は1日目からリスタートされます。*
`獣の足跡 X 1
呼符 X 1
6月交換券(2023) X 1
`*奏章Ⅰ 
虚数羅針内界 ペーパームーン
開幕直前ログインボーナス*
*開催期間中、1日1回 7日間日替りでログインボーナスをプレゼント！*
/webview/loginbonus/20230608_kn6sxr/kn6sxr_k_06.png
`英霊結晶・太陽のフォウくん X 3
黄金の果実 X 1
``從者/禮裝數: 619 / 801`
_2023-06-12 19:37:19_
--------
[d4c10e20929a4c973210db1453668b11]
`登入天數: 154天 / 2028天
等級: 20
石頭: 1747
呼符: 10
友情點: +0 / 1702020`
*連続ログイン7日間到達おめでとうございます！
明日は1日目からリスタートされます。*
`獣の足跡 X 1
呼符 X 1
6月交換券(2023) X 1
`*奏章Ⅰ 
虚数羅針内界 ペーパームーン
開幕直前ログインボーナス*
*開催期間中、1日1回 7日間日替りでログインボーナスをプレゼント！*
/webview/loginbonus/20230608_kn6sxr/kn6sxr_k_06.png
`英霊結晶・太陽のフォウくん X 3
黄金の果実 X 1
``從者/禮裝數: 658 / 805`
_2023-06-12 19:37:28_
--------
[f0cc4e7ae2d4b30013f328b2cf7d6063]
`登入天數: 154天 / 2037天
等級: 20
石頭: 1087
呼符: 86
友情點: +0 / 1795585`
*連続ログイン7日間到達おめでとうございます！
明日は1日目からリスタートされます。*
`獣の足跡 X 1
呼符 X 1
6月交換券(2023) X 1
`*奏章Ⅰ 
虚数羅針内界 ペーパームーン
開幕直前ログインボーナス*
*開催期間中、1日1回 7日間日替りでログインボーナスをプレゼント！*
/webview/loginbonus/20230608_kn6sxr/kn6sxr_k_06.png
`英霊結晶・太陽のフォウくん X 3
黄金の果実 X 1
``從者/禮裝數: 670 / 801`
_2023-06-12 19:37:38_
--------
[48a14ba1dd858b92594b71e0ed7d5311]
`登入天數: 154天 / 2029天
等級: 20
石頭: 2184
呼符: 133
友情點: +0 / 1704985`
*連続ログイン7日間到達おめでとうございます！
明日は1日目からリスタートされます。*
`獣の足跡 X 1
呼符 X 1
6月交換券(2023) X 1
`*奏章Ⅰ 
虚数羅針内界 ペーパームーン
開幕直前ログインボーナス*
*開催期間中、1日1回 7日間日替りでログインボーナスをプレゼント！*
/webview/loginbonus/20230608_kn6sxr/kn6sxr_k_06.png
`英霊結晶・太陽のフォウくん X 3
黄金の果実 X 1
``從者/禮裝數: 693 / 803`
_2023-06-12 19:37:47_
--------
