【登入訊息】
[c5ab1b78563b1f9e4ee17ab01234bc5e]
`登入天數: 171天 / 1913天
等級: 92
石頭: 2899
呼符: 131
友情點: +0 / 1837505`
*連続ログイン3日目
※ログインが途切れるか、7日到達すると
1日目から再開されます*
`叡智の業火 X 1
6月交換券(2023) X 1
`*2800万DL突破記念 特別回数ログインボーナス*
*開催期間中、1日1回 最大10回 回数ログインボーナスをプレゼント！*
/webview/loginbonus/20230629_rff7pc/rff7pc_k_02.png
`マナプリズム X 100
黄金の果実 X 10
``從者/禮裝數: 750 / 802`
_2023-06-29 19:37:58_
--------
[d4825e10f75d83bc0cfb33b6768a8634]
`登入天數: 171天 / 2102天
等級: 19
石頭: 2742
呼符: 50
友情點: +260 / 2125645`
*連続ログイン3日目
※ログインが途切れるか、7日到達すると
1日目から再開されます*
`叡智の業火 X 1
6月交換券(2023) X 1
`*2800万DL突破記念 特別回数ログインボーナス*
*開催期間中、1日1回 最大10回 回数ログインボーナスをプレゼント！*
/webview/loginbonus/20230629_rff7pc/rff7pc_k_02.png
`マナプリズム X 100
黄金の果実 X 10
``從者/禮裝數: 677 / 802`
_2023-06-29 19:38:07_
--------
[ff29db15be18f883ffccdf7ab23021a7]
`登入天數: 171天 / 2098天
等級: 18
石頭: 2057
呼符: 25
友情點: +260 / 1937895`
*連続ログイン3日目
※ログインが途切れるか、7日到達すると
1日目から再開されます*
`叡智の業火 X 1
6月交換券(2023) X 1
`*2800万DL突破記念 特別回数ログインボーナス*
*開催期間中、1日1回 最大10回 回数ログインボーナスをプレゼント！*
/webview/loginbonus/20230629_rff7pc/rff7pc_k_02.png
`マナプリズム X 100
黄金の果実 X 10
``從者/禮裝數: 740 / 802`
_2023-06-29 19:38:16_
--------
[cc4787a257e3a46e268001195f780247]
`登入天數: 171天 / 2112天
等級: 18
石頭: 2823
呼符: 135
友情點: +190 / 2043110`
*連続ログイン3日目
※ログインが途切れるか、7日到達すると
1日目から再開されます*
`叡智の業火 X 1
6月交換券(2023) X 1
`*2800万DL突破記念 特別回数ログインボーナス*
*開催期間中、1日1回 最大10回 回数ログインボーナスをプレゼント！*
/webview/loginbonus/20230629_rff7pc/rff7pc_k_02.png
`マナプリズム X 100
黄金の果実 X 10
``從者/禮裝數: 637 / 801`
_2023-06-29 19:38:26_
--------
[3f5599a008981ecf87f2dea9d1d83d6a]
`登入天數: 171天 / 2117天
等級: 18
石頭: 2023
呼符: 25
友情點: +0 / 1934150`
*連続ログイン3日目
※ログインが途切れるか、7日到達すると
1日目から再開されます*
`叡智の業火 X 1
6月交換券(2023) X 1
`*2800万DL突破記念 特別回数ログインボーナス*
*開催期間中、1日1回 最大10回 回数ログインボーナスをプレゼント！*
/webview/loginbonus/20230629_rff7pc/rff7pc_k_02.png
`マナプリズム X 100
黄金の果実 X 10
``從者/禮裝數: 682 / 801`
_2023-06-29 19:38:34_
--------
[0d14e47d83c8b8400ed7555e0192724d]
`登入天數: 171天 / 2039天
等級: 21
石頭: 1713
呼符: 45
友情點: +230 / 1906165`
*連続ログイン3日目
※ログインが途切れるか、7日到達すると
1日目から再開されます*
`叡智の業火 X 1
6月交換券(2023) X 1
`*2800万DL突破記念 特別回数ログインボーナス*
*開催期間中、1日1回 最大10回 回数ログインボーナスをプレゼント！*
/webview/loginbonus/20230629_rff7pc/rff7pc_k_02.png
`マナプリズム X 100
黄金の果実 X 10
``從者/禮裝數: 619 / 801`
_2023-06-29 19:38:43_
--------
[d4c10e20929a4c973210db1453668b11]
`登入天數: 171天 / 2045天
等級: 20
石頭: 1747
呼符: 10
友情點: +0 / 1702020`
*連続ログイン3日目
※ログインが途切れるか、7日到達すると
1日目から再開されます*
`叡智の業火 X 1
6月交換券(2023) X 1
`*2800万DL突破記念 特別回数ログインボーナス*
*開催期間中、1日1回 最大10回 回数ログインボーナスをプレゼント！*
/webview/loginbonus/20230629_rff7pc/rff7pc_k_02.png
`マナプリズム X 100
黄金の果実 X 10
``從者/禮裝數: 658 / 805`
_2023-06-29 19:38:52_
--------
[f0cc4e7ae2d4b30013f328b2cf7d6063]
`登入天數: 171天 / 2054天
等級: 20
石頭: 1087
呼符: 86
友情點: +0 / 1795585`
*連続ログイン3日目
※ログインが途切れるか、7日到達すると
1日目から再開されます*
`叡智の業火 X 1
6月交換券(2023) X 1
`*2800万DL突破記念 特別回数ログインボーナス*
*開催期間中、1日1回 最大10回 回数ログインボーナスをプレゼント！*
/webview/loginbonus/20230629_rff7pc/rff7pc_k_02.png
`マナプリズム X 100
黄金の果実 X 10
``從者/禮裝數: 670 / 801`
_2023-06-29 19:39:01_
--------
[48a14ba1dd858b92594b71e0ed7d5311]
`登入天數: 171天 / 2046天
等級: 20
石頭: 2184
呼符: 133
友情點: +0 / 1704985`
*連続ログイン3日目
※ログインが途切れるか、7日到達すると
1日目から再開されます*
`叡智の業火 X 1
6月交換券(2023) X 1
`*2800万DL突破記念 特別回数ログインボーナス*
*開催期間中、1日1回 最大10回 回数ログインボーナスをプレゼント！*
/webview/loginbonus/20230629_rff7pc/rff7pc_k_02.png
`マナプリズム X 100
黄金の果実 X 10
``從者/禮裝數: 693 / 803`
_2023-06-29 19:39:10_
--------
