【登入訊息】
[c5ab1b78563b1f9e4ee17ab01234bc5e]
`登入天數: 79天 / 1430天
等級: 92
石頭: 1872
呼符: 150
友情點: +0 / 1557145`
`從者/禮裝數: 645 / 701`
_2022-03-01 17:31:17_
--------
[d4825e10f75d83bc0cfb33b6768a8634]
`登入天數: 12天 / 1621天
等級: 19
石頭: 2056
呼符: 17
友情點: +0 / 1686475`
`從者/禮裝數: 557 / 700`
_2022-03-01 17:31:26_
--------
[ff29db15be18f883ffccdf7ab23021a7]
`登入天數: 12天 / 1617天
等級: 18
石頭: 1162
呼符: 17
友情點: +110 / 1563950`
*連続ログイン5日目
※ログインが途切れるか、7日到達すると
1日目から再開されます*
`叡智の猛火 X 2
3月交換券(2022) X 1
`*ホワイトデー2022開催直前特別ログインボーナス*
*開催期間中、1日1回 最大7回 ログインボーナスをプレゼント！*
/webview/loginbonus/20220223_gtst9w/gtst9w_k_06.png
`黄金の果実 X 1
``從者/禮裝數: 641 / 686`
_2022-03-01 17:31:35_
--------
`友情點數召喚累計680次

`[cc4787a257e3a46e268001195f780247]
`登入天數: 12天 / 1631天
等級: 18
石頭: 1827
呼符: 122
友情點: +40 / 1677460`
*連続ログイン5日目
※ログインが途切れるか、7日到達すると
1日目から再開されます*
`叡智の猛火 X 2
3月交換券(2022) X 1
`*ホワイトデー2022開催直前特別ログインボーナス*
*開催期間中、1日1回 最大7回 ログインボーナスをプレゼント！*
/webview/loginbonus/20220223_gtst9w/gtst9w_k_06.png
`黄金の果実 X 1
``從者/禮裝數: 537 / 662`
_2022-03-01 17:31:46_
--------
`友情點數召喚累計580次

`[3f5599a008981ecf87f2dea9d1d83d6a]
`登入天數: 12天 / 1636天
等級: 18
石頭: 2109
呼符: 16
友情點: +0 / 1655775`
*連続ログイン5日目
※ログインが途切れるか、7日到達すると
1日目から再開されます*
`叡智の猛火 X 2
3月交換券(2022) X 1
`*ホワイトデー2022開催直前特別ログインボーナス*
*開催期間中、1日1回 最大7回 ログインボーナスをプレゼント！*
/webview/loginbonus/20220223_gtst9w/gtst9w_k_06.png
`黄金の果実 X 1
``從者/禮裝數: 414 / 663`
_2022-03-01 17:31:58_
--------
`友情點數召喚累計630次

`[0d14e47d83c8b8400ed7555e0192724d]
`登入天數: 12天 / 1558天
等級: 20
石頭: 688
呼符: 18
友情點: +20 / 1534145`
*連続ログイン5日目
※ログインが途切れるか、7日到達すると
1日目から再開されます*
`叡智の猛火 X 2
3月交換券(2022) X 1
`*ホワイトデー2022開催直前特別ログインボーナス*
*開催期間中、1日1回 最大7回 ログインボーナスをプレゼント！*
/webview/loginbonus/20220223_gtst9w/gtst9w_k_06.png
`黄金の果実 X 1
``從者/禮裝數: 463 / 655`
_2022-03-01 17:32:09_
--------
`友情點數召喚累計570次

`[d4c10e20929a4c973210db1453668b11]
`登入天數: 12天 / 1564天
等級: 19
石頭: 1882
呼符: 13
友情點: +0 / 1513745`
*連続ログイン5日目
※ログインが途切れるか、7日到達すると
1日目から再開されます*
`叡智の猛火 X 2
3月交換券(2022) X 1
`*ホワイトデー2022開催直前特別ログインボーナス*
*開催期間中、1日1回 最大7回 ログインボーナスをプレゼント！*
/webview/loginbonus/20220223_gtst9w/gtst9w_k_06.png
`黄金の果実 X 1
``從者/禮裝數: 465 / 654`
_2022-03-01 17:32:21_
--------
`友情點數召喚累計540次

`[f0cc4e7ae2d4b30013f328b2cf7d6063]
`登入天數: 12天 / 1573天
等級: 20
石頭: 92
呼符: 13
友情點: +0 / 1517320`
*連続ログイン5日目
※ログインが途切れるか、7日到達すると
1日目から再開されます*
`叡智の猛火 X 2
3月交換券(2022) X 1
`*ホワイトデー2022開催直前特別ログインボーナス*
*開催期間中、1日1回 最大7回 ログインボーナスをプレゼント！*
/webview/loginbonus/20220223_gtst9w/gtst9w_k_06.png
`黄金の果実 X 1
``從者/禮裝數: 466 / 632`
_2022-03-01 17:32:32_
--------
`友情點數召喚累計562次

`[48a14ba1dd858b92594b71e0ed7d5311]
`登入天數: 12天 / 1565天
等級: 20
石頭: 1195
呼符: 37
友情點: +0 / 1426640`
*連続ログイン5日目
※ログインが途切れるか、7日到達すると
1日目から再開されます*
`叡智の猛火 X 2
3月交換券(2022) X 1
`*ホワイトデー2022開催直前特別ログインボーナス*
*開催期間中、1日1回 最大7回 ログインボーナスをプレゼント！*
/webview/loginbonus/20220223_gtst9w/gtst9w_k_06.png
`黄金の果実 X 1
``從者/禮裝數: 537 / 704`
_2022-03-01 17:32:43_
--------
