【登入訊息】
[c5ab1b78563b1f9e4ee17ab01234bc5e]
`登入天數: 82天 / 1433天
等級: 92
石頭: 1948
呼符: 160
友情點: +0 / 1565145`
*連続ログイン5日目
※ログインが途切れるか、7日到達すると
1日目から再開されます*
`叡智の猛火 X 2
3月交換券(2022) X 1
``從者/禮裝數: 589 / 584`
_2022-03-03 19:31:15_
--------
[d4825e10f75d83bc0cfb33b6768a8634]
`登入天數: 15天 / 1624天
等級: 19
石頭: 2161
呼符: 27
友情點: +0 / 1694515`
*連続ログイン1日目
※ログインが途切れるか、7日到達すると
1日目から再開されます*
`フレンドポイント X 2000
3月交換券(2022) X 1
``從者/禮裝數: 576 / 590`
_2022-03-03 19:31:24_
--------
[ff29db15be18f883ffccdf7ab23021a7]
`登入天數: 15天 / 1620天
等級: 18
石頭: 1267
呼符: 27
友情點: +0 / 1571970`
*連続ログイン1日目
※ログインが途切れるか、7日到達すると
1日目から再開されます*
`フレンドポイント X 2000
3月交換券(2022) X 1
``從者/禮裝數: 558 / 595`
_2022-03-03 19:31:32_
--------
[cc4787a257e3a46e268001195f780247]
`登入天數: 15天 / 1634天
等級: 18
石頭: 1879
呼符: 131
友情點: +0 / 1683460`
*連続ログイン1日目
※ログインが途切れるか、7日到達すると
1日目から再開されます*
`フレンドポイント X 2000
3月交換券(2022) X 1
``從者/禮裝數: 558 / 591`
_2022-03-03 19:31:41_
--------
[3f5599a008981ecf87f2dea9d1d83d6a]
`登入天數: 15天 / 1639天
等級: 18
石頭: 2162
呼符: 25
友情點: +0 / 1661775`
*連続ログイン1日目
※ログインが途切れるか、7日到達すると
1日目から再開されます*
`フレンドポイント X 2000
3月交換券(2022) X 1
``從者/禮裝數: 440 / 576`
_2022-03-03 19:31:50_
--------
[0d14e47d83c8b8400ed7555e0192724d]
`登入天數: 15天 / 1561天
等級: 20
石頭: 771
呼符: 27
友情點: +0 / 1540155`
*連続ログイン1日目
※ログインが途切れるか、7日到達すると
1日目から再開されます*
`フレンドポイント X 2000
3月交換券(2022) X 1
``從者/禮裝數: 488 / 570`
_2022-03-03 19:31:58_
--------
[d4c10e20929a4c973210db1453668b11]
`登入天數: 15天 / 1567天
等級: 19
石頭: 1965
呼符: 22
友情點: +0 / 1519745`
*連続ログイン1日目
※ログインが途切れるか、7日到達すると
1日目から再開されます*
`フレンドポイント X 2000
3月交換券(2022) X 1
``從者/禮裝數: 486 / 522`
_2022-03-03 19:32:07_
--------
[f0cc4e7ae2d4b30013f328b2cf7d6063]
`登入天數: 15天 / 1576天
等級: 20
石頭: 145
呼符: 22
友情點: +0 / 1523320`
*連続ログイン1日目
※ログインが途切れるか、7日到達すると
1日目から再開されます*
`フレンドポイント X 2000
3月交換券(2022) X 1
``從者/禮裝數: 490 / 573`
_2022-03-03 19:32:16_
--------
[48a14ba1dd858b92594b71e0ed7d5311]
`登入天數: 15天 / 1568天
等級: 20
石頭: 1278
呼符: 46
友情點: +0 / 1432640`
*連続ログイン1日目
※ログインが途切れるか、7日到達すると
1日目から再開されます*
`フレンドポイント X 2000
3月交換券(2022) X 1
``從者/禮裝數: 560 / 574`
_2022-03-03 19:32:24_
--------
