【登入訊息】
[c5ab1b78563b1f9e4ee17ab01234bc5e]
`登入天數: 85天 / 1436天
等級: 92
石頭: 1948
呼符: 161
友情點: +0 / 1565145`
*連続ログイン1日目
※ログインが途切れるか、7日到達すると
1日目から再開されます*
`フレンドポイント X 2000
3月交換券(2022) X 1
``從者/禮裝數: 592 / 589`
_2022-03-06 19:31:06_
--------
[d4825e10f75d83bc0cfb33b6768a8634]
`登入天數: 18天 / 1627天
等級: 19
石頭: 2161
呼符: 28
友情點: +160 / 1694675`
*連続ログイン4日目
※ログインが途切れるか、7日到達すると
1日目から再開されます*
`聖晶石 X 1
3月交換券(2022) X 1
``從者/禮裝數: 580 / 594`
_2022-03-06 19:31:15_
--------
[ff29db15be18f883ffccdf7ab23021a7]
`登入天數: 18天 / 1623天
等級: 18
石頭: 1267
呼符: 27
友情點: +870 / 1572840`
*連続ログイン4日目
※ログインが途切れるか、7日到達すると
1日目から再開されます*
`聖晶石 X 1
3月交換券(2022) X 1
``從者/禮裝數: 560 / 599`
_2022-03-06 19:31:24_
--------
[cc4787a257e3a46e268001195f780247]
`登入天數: 18天 / 1637天
等級: 18
石頭: 1879
呼符: 132
友情點: +50 / 1683510`
*連続ログイン4日目
※ログインが途切れるか、7日到達すると
1日目から再開されます*
`聖晶石 X 1
3月交換券(2022) X 1
``從者/禮裝數: 563 / 595`
_2022-03-06 19:31:33_
--------
[3f5599a008981ecf87f2dea9d1d83d6a]
`登入天數: 18天 / 1642天
等級: 18
石頭: 2162
呼符: 26
友情點: +0 / 1661775`
*連続ログイン4日目
※ログインが途切れるか、7日到達すると
1日目から再開されます*
`聖晶石 X 1
3月交換券(2022) X 1
``從者/禮裝數: 442 / 581`
_2022-03-06 19:31:42_
--------
[0d14e47d83c8b8400ed7555e0192724d]
`登入天數: 18天 / 1564天
等級: 20
石頭: 771
呼符: 28
友情點: +100 / 1540255`
*連続ログイン4日目
※ログインが途切れるか、7日到達すると
1日目から再開されます*
`聖晶石 X 1
3月交換券(2022) X 1
``從者/禮裝數: 494 / 572`
_2022-03-06 19:31:51_
--------
[d4c10e20929a4c973210db1453668b11]
`登入天數: 18天 / 1570天
等級: 19
石頭: 1965
呼符: 23
友情點: +0 / 1519745`
*連続ログイン4日目
※ログインが途切れるか、7日到達すると
1日目から再開されます*
`聖晶石 X 1
3月交換券(2022) X 1
``從者/禮裝數: 488 / 529`
_2022-03-06 19:31:59_
--------
[f0cc4e7ae2d4b30013f328b2cf7d6063]
`登入天數: 18天 / 1579天
等級: 20
石頭: 145
呼符: 23
友情點: +0 / 1523320`
*連続ログイン4日目
※ログインが途切れるか、7日到達すると
1日目から再開されます*
`聖晶石 X 1
3月交換券(2022) X 1
``從者/禮裝數: 492 / 579`
_2022-03-06 19:32:09_
--------
[48a14ba1dd858b92594b71e0ed7d5311]
`登入天數: 18天 / 1571天
等級: 20
石頭: 1278
呼符: 47
友情點: +0 / 1432640`
*連続ログイン4日目
※ログインが途切れるか、7日到達すると
1日目から再開されます*
`聖晶石 X 1
3月交換券(2022) X 1
``從者/禮裝數: 564 / 578`
_2022-03-06 19:32:18_
--------
