【登入訊息】
[c5ab1b78563b1f9e4ee17ab01234bc5e]
`登入天數: 86天 / 1437天
等級: 92
石頭: 1948
呼符: 162
友情點: +0 / 1565145`
*連続ログイン2日目
※ログインが途切れるか、7日到達すると
1日目から再開されます*
`聖晶石 X 1
3月交換券(2022) X 1
``從者/禮裝數: 592 / 589`
_2022-03-07 19:31:23_
--------
`友情點數召喚累計1041次

`[d4825e10f75d83bc0cfb33b6768a8634]
`登入天數: 19天 / 1628天
等級: 19
石頭: 2161
呼符: 29
友情點: +60 / 1694795`
*連続ログイン5日目
※ログインが途切れるか、7日到達すると
1日目から再開されます*
`叡智の猛火 X 2
3月交換券(2022) X 1
``從者/禮裝數: 580 / 594`
_2022-03-07 19:31:33_
--------
`友情點數召喚累計600次

`[ff29db15be18f883ffccdf7ab23021a7]
`登入天數: 19天 / 1624天
等級: 18
石頭: 1267
呼符: 28
友情點: +0 / 1572870`
*連続ログイン5日目
※ログインが途切れるか、7日到達すると
1日目から再開されます*
`叡智の猛火 X 2
3月交換券(2022) X 1
``從者/禮裝數: 560 / 599`
_2022-03-07 19:31:44_
--------
`友情點數召喚累計710次

`[cc4787a257e3a46e268001195f780247]
`登入天數: 19天 / 1638天
等級: 18
石頭: 1879
呼符: 133
友情點: +0 / 1683530`
*連続ログイン5日目
※ログインが途切れるか、7日到達すると
1日目から再開されます*
`叡智の猛火 X 2
3月交換券(2022) X 1
``從者/禮裝數: 563 / 595`
_2022-03-07 19:31:55_
--------
`友情點數召喚累計610次

`[3f5599a008981ecf87f2dea9d1d83d6a]
`登入天數: 19天 / 1643天
等級: 18
石頭: 2162
呼符: 27
友情點: +0 / 1661775`
*連続ログイン5日目
※ログインが途切れるか、7日到達すると
1日目から再開されます*
`叡智の猛火 X 2
3月交換券(2022) X 1
``從者/禮裝數: 442 / 581`
_2022-03-07 19:32:05_
--------
`友情點數召喚累計660次

`[0d14e47d83c8b8400ed7555e0192724d]
`登入天數: 19天 / 1565天
等級: 20
石頭: 771
呼符: 29
友情點: +10 / 1540895`
*連続ログイン5日目
※ログインが途切れるか、7日到達すると
1日目から再開されます*
`叡智の猛火 X 2
3月交換券(2022) X 1
``從者/禮裝數: 494 / 572`
_2022-03-07 19:32:16_
--------
`友情點數召喚累計600次

`[d4c10e20929a4c973210db1453668b11]
`登入天數: 19天 / 1571天
等級: 19
石頭: 1965
呼符: 24
友情點: +0 / 1519745`
*連続ログイン5日目
※ログインが途切れるか、7日到達すると
1日目から再開されます*
`叡智の猛火 X 2
3月交換券(2022) X 1
``從者/禮裝數: 488 / 529`
_2022-03-07 19:32:27_
--------
`友情點數召喚累計570次

`[f0cc4e7ae2d4b30013f328b2cf7d6063]
`登入天數: 19天 / 1580天
等級: 20
石頭: 145
呼符: 24
友情點: +0 / 1523320`
*連続ログイン5日目
※ログインが途切れるか、7日到達すると
1日目から再開されます*
`叡智の猛火 X 2
3月交換券(2022) X 1
``從者/禮裝數: 492 / 579`
_2022-03-07 19:32:39_
--------
`友情點數召喚累計592次

`[48a14ba1dd858b92594b71e0ed7d5311]
`登入天數: 19天 / 1572天
等級: 20
石頭: 1278
呼符: 48
友情點: +0 / 1432640`
*連続ログイン5日目
※ログインが途切れるか、7日到達すると
1日目から再開されます*
`叡智の猛火 X 2
3月交換券(2022) X 1
``從者/禮裝數: 564 / 578`
_2022-03-07 19:32:50_
--------
`友情點數召喚累計440次

`