【登入訊息】
[c5ab1b78563b1f9e4ee17ab01234bc5e]
`登入天數: 87天 / 1438天
等級: 92
石頭: 1948
呼符: 164
友情點: +0 / 1565145`
*連続ログイン3日目
※ログインが途切れるか、7日到達すると
1日目から再開されます*
`叡智の猛火 X 1
3月交換券(2022) X 1
``從者/禮裝數: 593 / 595`
_2022-03-08 19:31:14_
--------
`友情點數召喚累計1051次

`[d4825e10f75d83bc0cfb33b6768a8634]
`登入天數: 20天 / 1629天
等級: 19
石頭: 2161
呼符: 31
友情點: +0 / 1694855`
*連続ログイン6日目
※ログインが途切れるか、7日到達すると
1日目から再開されます*
`聖晶石 X 2
3月交換券(2022) X 1
``從者/禮裝數: 580 / 600`
_2022-03-08 19:31:26_
--------
`友情點數召喚累計610次

`[ff29db15be18f883ffccdf7ab23021a7]
`登入天數: 20天 / 1625天
等級: 18
石頭: 1267
呼符: 30
友情點: +0 / 1572920`
*連続ログイン6日目
※ログインが途切れるか、7日到達すると
1日目から再開されます*
`聖晶石 X 2
3月交換券(2022) X 1
``從者/禮裝數: 564 / 604`
_2022-03-08 19:31:38_
--------
`友情點數召喚累計720次

`[cc4787a257e3a46e268001195f780247]
`登入天數: 20天 / 1639天
等級: 18
石頭: 1879
呼符: 135
友情點: +0 / 1683610`
*連続ログイン6日目
※ログインが途切れるか、7日到達すると
1日目から再開されます*
`聖晶石 X 2
3月交換券(2022) X 1
``從者/禮裝數: 566 / 601`
_2022-03-08 19:31:49_
--------
`友情點數召喚累計620次

`[3f5599a008981ecf87f2dea9d1d83d6a]
`登入天數: 20天 / 1644天
等級: 18
石頭: 2162
呼符: 29
友情點: +0 / 1661775`
*連続ログイン6日目
※ログインが途切れるか、7日到達すると
1日目から再開されます*
`聖晶石 X 2
3月交換券(2022) X 1
``從者/禮裝數: 446 / 586`
_2022-03-08 19:32:01_
--------
`友情點數召喚累計670次

`[0d14e47d83c8b8400ed7555e0192724d]
`登入天數: 20天 / 1566天
等級: 20
石頭: 771
呼符: 31
友情點: +0 / 1540945`
*連続ログイン6日目
※ログインが途切れるか、7日到達すると
1日目から再開されます*
`聖晶石 X 2
3月交換券(2022) X 1
``從者/禮裝數: 495 / 580`
_2022-03-08 19:32:12_
--------
`友情點數召喚累計610次

`[d4c10e20929a4c973210db1453668b11]
`登入天數: 20天 / 1572天
等級: 19
石頭: 1965
呼符: 26
友情點: +0 / 1519745`
*連続ログイン6日目
※ログインが途切れるか、7日到達すると
1日目から再開されます*
`聖晶石 X 2
3月交換券(2022) X 1
``從者/禮裝數: 491 / 532`
_2022-03-08 19:32:24_
--------
`友情點數召喚累計580次

`[f0cc4e7ae2d4b30013f328b2cf7d6063]
`登入天數: 20天 / 1581天
等級: 20
石頭: 145
呼符: 26
友情點: +0 / 1523320`
*連続ログイン6日目
※ログインが途切れるか、7日到達すると
1日目から再開されます*
`聖晶石 X 2
3月交換券(2022) X 1
``從者/禮裝數: 494 / 583`
_2022-03-08 19:32:35_
--------
`友情點數召喚累計602次

`[48a14ba1dd858b92594b71e0ed7d5311]
`登入天數: 20天 / 1573天
等級: 20
石頭: 1278
呼符: 49
友情點: +0 / 1432640`
*連続ログイン6日目
※ログインが途切れるか、7日到達すると
1日目から再開されます*
`聖晶石 X 2
3月交換券(2022) X 1
``從者/禮裝數: 568 / 582`
_2022-03-08 19:32:46_
--------
`友情點數召喚累計450次

`