【登入訊息】
[c5ab1b78563b1f9e4ee17ab01234bc5e]
`登入天數: 88天 / 1439天
等級: 92
石頭: 1948
呼符: 164
友情點: +0 / 1565145`
*連続ログイン4日目
※ログインが途切れるか、7日到達すると
1日目から再開されます*
`聖晶石 X 1
3月交換券(2022) X 1
``從者/禮裝數: 596 / 599`
_2022-03-09 19:31:16_
--------
`友情點數召喚累計1061次

`[d4825e10f75d83bc0cfb33b6768a8634]
`登入天數: 21天 / 1630天
等級: 19
石頭: 2161
呼符: 31
友情點: +0 / 1694855`
*連続ログイン7日間到達おめでとうございます！
明日は1日目からリスタートされます。*
`獣の足跡 X 1
呼符 X 1
3月交換券(2022) X 1
``從者/禮裝數: 583 / 605`
_2022-03-09 19:31:27_
--------
`友情點數召喚累計620次

`[ff29db15be18f883ffccdf7ab23021a7]
`登入天數: 21天 / 1626天
等級: 18
石頭: 1267
呼符: 30
友情點: +0 / 1572920`
*連続ログイン7日間到達おめでとうございます！
明日は1日目からリスタートされます。*
`獣の足跡 X 1
呼符 X 1
3月交換券(2022) X 1
``從者/禮裝數: 567 / 608`
_2022-03-09 19:31:38_
--------
`友情點數召喚累計730次

`[cc4787a257e3a46e268001195f780247]
`登入天數: 21天 / 1640天
等級: 18
石頭: 1879
呼符: 135
友情點: +0 / 1683610`
*連続ログイン7日間到達おめでとうございます！
明日は1日目からリスタートされます。*
`獣の足跡 X 1
呼符 X 1
3月交換券(2022) X 1
``從者/禮裝數: 570 / 604`
_2022-03-09 19:31:50_
--------
`友情點數召喚累計630次

`[3f5599a008981ecf87f2dea9d1d83d6a]
`登入天數: 21天 / 1645天
等級: 18
石頭: 2162
呼符: 29
友情點: +0 / 1661775`
*連続ログイン7日間到達おめでとうございます！
明日は1日目からリスタートされます。*
`獣の足跡 X 1
呼符 X 1
3月交換券(2022) X 1
``從者/禮裝數: 448 / 591`
_2022-03-09 19:32:01_
--------
`友情點數召喚累計680次

`[0d14e47d83c8b8400ed7555e0192724d]
`登入天數: 21天 / 1567天
等級: 20
石頭: 771
呼符: 31
友情點: +0 / 1540945`
*連続ログイン7日間到達おめでとうございます！
明日は1日目からリスタートされます。*
`獣の足跡 X 1
呼符 X 1
3月交換券(2022) X 1
``從者/禮裝數: 499 / 585`
_2022-03-09 19:32:12_
--------
`友情點數召喚累計620次

`[d4c10e20929a4c973210db1453668b11]
`登入天數: 21天 / 1573天
等級: 19
石頭: 1965
呼符: 26
友情點: +0 / 1519745`
*連続ログイン7日間到達おめでとうございます！
明日は1日目からリスタートされます。*
`獣の足跡 X 1
呼符 X 1
3月交換券(2022) X 1
``從者/禮裝數: 493 / 538`
_2022-03-09 19:32:25_
--------
`友情點數召喚累計590次

`[f0cc4e7ae2d4b30013f328b2cf7d6063]
`登入天數: 21天 / 1582天
等級: 20
石頭: 145
呼符: 26
友情點: +0 / 1523320`
*連続ログイン7日間到達おめでとうございます！
明日は1日目からリスタートされます。*
`獣の足跡 X 1
呼符 X 1
3月交換券(2022) X 1
``從者/禮裝數: 495 / 591`
_2022-03-09 19:32:36_
--------
`友情點數召喚累計612次

`[48a14ba1dd858b92594b71e0ed7d5311]
`登入天數: 21天 / 1574天
等級: 20
石頭: 1278
呼符: 49
友情點: +0 / 1432640`
*連続ログイン7日間到達おめでとうございます！
明日は1日目からリスタートされます。*
`獣の足跡 X 1
呼符 X 1
3月交換券(2022) X 1
``從者/禮裝數: 573 / 587`
_2022-03-09 19:32:48_
--------
`友情點數召喚累計460次

`