【登入訊息】
[c5ab1b78563b1f9e4ee17ab01234bc5e]
`登入天數: 89天 / 1440天
等級: 92
石頭: 1948
呼符: 164
友情點: +0 / 1565145`
*連続ログイン5日目
※ログインが途切れるか、7日到達すると
1日目から再開されます*
`叡智の猛火 X 2
3月交換券(2022) X 1
``從者/禮裝數: 599 / 604`
_2022-03-10 19:31:13_
--------
`友情點數召喚累計1071次

`[d4825e10f75d83bc0cfb33b6768a8634]
`登入天數: 22天 / 1631天
等級: 19
石頭: 2161
呼符: 31
友情點: +20 / 1694875`
*連続ログイン1日目
※ログインが途切れるか、7日到達すると
1日目から再開されます*
`フレンドポイント X 2000
3月交換券(2022) X 1
``從者/禮裝數: 588 / 608`
_2022-03-10 19:31:25_
--------
`友情點數召喚累計630次

`[ff29db15be18f883ffccdf7ab23021a7]
`登入天數: 22天 / 1627天
等級: 18
石頭: 1267
呼符: 30
友情點: +10 / 1572930`
*連続ログイン1日目
※ログインが途切れるか、7日到達すると
1日目から再開されます*
`フレンドポイント X 2000
3月交換券(2022) X 1
``從者/禮裝數: 568 / 614`
_2022-03-10 19:31:36_
--------
`友情點數召喚累計740次

`[cc4787a257e3a46e268001195f780247]
`登入天數: 22天 / 1641天
等級: 18
石頭: 1879
呼符: 135
友情點: +0 / 1683610`
*連続ログイン1日目
※ログインが途切れるか、7日到達すると
1日目から再開されます*
`フレンドポイント X 2000
3月交換券(2022) X 1
``從者/禮裝數: 573 / 608`
_2022-03-10 19:31:47_
--------
`友情點數召喚累計640次

`[3f5599a008981ecf87f2dea9d1d83d6a]
`登入天數: 22天 / 1646天
等級: 18
石頭: 2162
呼符: 29
友情點: +0 / 1661775`
*連続ログイン1日目
※ログインが途切れるか、7日到達すると
1日目から再開されます*
`フレンドポイント X 2000
3月交換券(2022) X 1
``從者/禮裝數: 451 / 595`
_2022-03-10 19:31:58_
--------
`友情點數召喚累計690次

`[0d14e47d83c8b8400ed7555e0192724d]
`登入天數: 22天 / 1568天
等級: 20
石頭: 771
呼符: 31
友情點: +0 / 1540945`
*連続ログイン1日目
※ログインが途切れるか、7日到達すると
1日目から再開されます*
`フレンドポイント X 2000
3月交換券(2022) X 1
``從者/禮裝數: 500 / 588`
_2022-03-10 19:32:09_
--------
`友情點數召喚累計630次

`[d4c10e20929a4c973210db1453668b11]
`登入天數: 22天 / 1574天
等級: 19
石頭: 1965
呼符: 26
友情點: +0 / 1519745`
*連続ログイン1日目
※ログインが途切れるか、7日到達すると
1日目から再開されます*
`フレンドポイント X 2000
3月交換券(2022) X 1
``從者/禮裝數: 494 / 543`
_2022-03-10 19:32:21_
--------
`友情點數召喚累計600次

`[f0cc4e7ae2d4b30013f328b2cf7d6063]
`登入天數: 22天 / 1583天
等級: 20
石頭: 145
呼符: 26
友情點: +0 / 1523320`
*連続ログイン1日目
※ログインが途切れるか、7日到達すると
1日目から再開されます*
`フレンドポイント X 2000
3月交換券(2022) X 1
``從者/禮裝數: 497 / 597`
_2022-03-10 19:32:32_
--------
`友情點數召喚累計622次

`[48a14ba1dd858b92594b71e0ed7d5311]
`登入天數: 22天 / 1575天
等級: 20
石頭: 1278
呼符: 49
友情點: +0 / 1432640`
*連続ログイン1日目
※ログインが途切れるか、7日到達すると
1日目から再開されます*
`フレンドポイント X 2000
3月交換券(2022) X 1
``從者/禮裝數: 575 / 593`
_2022-03-10 19:32:43_
--------
`友情點數召喚累計470次

`