【登入訊息】
[c5ab1b78563b1f9e4ee17ab01234bc5e]
`登入天數: 90天 / 1441天
等級: 92
石頭: 1948
呼符: 164
友情點: +0 / 1565145`
*連続ログイン6日目
※ログインが途切れるか、7日到達すると
1日目から再開されます*
`聖晶石 X 2
3月交換券(2022) X 1
``從者/禮裝數: 599 / 610`
_2022-03-11 19:31:21_
--------
`友情點數召喚累計1081次

`[d4825e10f75d83bc0cfb33b6768a8634]
`登入天數: 23天 / 1632天
等級: 19
石頭: 2161
呼符: 31
友情點: +0 / 1694875`
*連続ログイン2日目
※ログインが途切れるか、7日到達すると
1日目から再開されます*
`聖晶石 X 1
3月交換券(2022) X 1
``從者/禮裝數: 592 / 613`
_2022-03-11 19:31:34_
--------
`友情點數召喚累計640次

`[ff29db15be18f883ffccdf7ab23021a7]
`登入天數: 23天 / 1628天
等級: 18
石頭: 1267
呼符: 30
友情點: +0 / 1572930`
*連続ログイン2日目
※ログインが途切れるか、7日到達すると
1日目から再開されます*
`聖晶石 X 1
3月交換券(2022) X 1
``從者/禮裝數: 572 / 619`
_2022-03-11 19:31:48_
--------
`友情點數召喚累計750次

`[cc4787a257e3a46e268001195f780247]
`登入天數: 23天 / 1642天
等級: 18
石頭: 1879
呼符: 135
友情點: +0 / 1683610`
*連続ログイン2日目
※ログインが途切れるか、7日到達すると
1日目から再開されます*
`聖晶石 X 1
3月交換券(2022) X 1
``從者/禮裝數: 575 / 612`
_2022-03-11 19:32:02_
--------
`友情點數召喚累計650次

`[3f5599a008981ecf87f2dea9d1d83d6a]
`登入天數: 23天 / 1647天
等級: 18
石頭: 2162
呼符: 29
友情點: +0 / 1661775`
*連続ログイン2日目
※ログインが途切れるか、7日到達すると
1日目から再開されます*
`聖晶石 X 1
3月交換券(2022) X 1
``從者/禮裝數: 453 / 600`
_2022-03-11 19:32:15_
--------
`友情點數召喚累計700次

`[0d14e47d83c8b8400ed7555e0192724d]
`登入天數: 23天 / 1569天
等級: 20
石頭: 771
呼符: 31
友情點: +0 / 1540945`
*連続ログイン2日目
※ログインが途切れるか、7日到達すると
1日目から再開されます*
`聖晶石 X 1
3月交換券(2022) X 1
``從者/禮裝數: 504 / 592`
_2022-03-11 19:32:28_
--------
`友情點數召喚累計640次

`[d4c10e20929a4c973210db1453668b11]
`登入天數: 23天 / 1575天
等級: 19
石頭: 1965
呼符: 26
友情點: +0 / 1519745`
*連続ログイン2日目
※ログインが途切れるか、7日到達すると
1日目から再開されます*
`聖晶石 X 1
3月交換券(2022) X 1
``從者/禮裝數: 495 / 552`
_2022-03-11 19:32:42_
--------
`友情點數召喚累計610次

`[f0cc4e7ae2d4b30013f328b2cf7d6063]
`登入天數: 23天 / 1584天
等級: 20
石頭: 145
呼符: 26
友情點: +0 / 1523320`
*連続ログイン2日目
※ログインが途切れるか、7日到達すると
1日目から再開されます*
`聖晶石 X 1
3月交換券(2022) X 1
``從者/禮裝數: 502 / 601`
_2022-03-11 19:32:55_
--------
`友情點數召喚累計632次

`[48a14ba1dd858b92594b71e0ed7d5311]
`登入天數: 23天 / 1576天
等級: 20
石頭: 1278
呼符: 49
友情點: +0 / 1432640`
*連続ログイン2日目
※ログインが途切れるか、7日到達すると
1日目から再開されます*
`聖晶石 X 1
3月交換券(2022) X 1
``從者/禮裝數: 577 / 597`
_2022-03-11 19:33:09_
--------
`友情點數召喚累計480次

`