【登入訊息】
[c5ab1b78563b1f9e4ee17ab01234bc5e]
`登入天數: 91天 / 1442天
等級: 92
石頭: 1948
呼符: 164
友情點: +0 / 1565145`
*連続ログイン7日間到達おめでとうございます！
明日は1日目からリスタートされます。*
`獣の足跡 X 1
呼符 X 1
3月交換券(2022) X 1
``從者/禮裝數: 601 / 615`
_2022-03-12 19:31:05_
--------
`友情點數召喚累計1091次

`[d4825e10f75d83bc0cfb33b6768a8634]
`登入天數: 24天 / 1633天
等級: 19
石頭: 2161
呼符: 31
友情點: +0 / 1694875`
*連続ログイン3日目
※ログインが途切れるか、7日到達すると
1日目から再開されます*
`叡智の猛火 X 1
3月交換券(2022) X 1
``從者/禮裝數: 595 / 618`
_2022-03-12 19:31:16_
--------
`友情點數召喚累計650次

`[ff29db15be18f883ffccdf7ab23021a7]
`登入天數: 24天 / 1629天
等級: 18
石頭: 1267
呼符: 30
友情點: +0 / 1572930`
*連続ログイン3日目
※ログインが途切れるか、7日到達すると
1日目から再開されます*
`叡智の猛火 X 1
3月交換券(2022) X 1
``從者/禮裝數: 578 / 623`
_2022-03-12 19:31:26_
--------
`友情點數召喚累計760次

`[cc4787a257e3a46e268001195f780247]
`登入天數: 24天 / 1643天
等級: 18
石頭: 1879
呼符: 135
友情點: +0 / 1683610`
*連続ログイン3日目
※ログインが途切れるか、7日到達すると
1日目から再開されます*
`叡智の猛火 X 1
3月交換券(2022) X 1
``從者/禮裝數: 577 / 617`
_2022-03-12 19:31:37_
--------
`友情點數召喚累計660次

`[3f5599a008981ecf87f2dea9d1d83d6a]
`登入天數: 24天 / 1648天
等級: 18
石頭: 2162
呼符: 29
友情點: +0 / 1661775`
*連続ログイン3日目
※ログインが途切れるか、7日到達すると
1日目から再開されます*
`叡智の猛火 X 1
3月交換券(2022) X 1
``從者/禮裝數: 456 / 606`
_2022-03-12 19:31:48_
--------
`友情點數召喚累計710次

`[0d14e47d83c8b8400ed7555e0192724d]
`登入天數: 24天 / 1570天
等級: 20
石頭: 771
呼符: 31
友情點: +0 / 1540945`
*連続ログイン3日目
※ログインが途切れるか、7日到達すると
1日目から再開されます*
`叡智の猛火 X 1
3月交換券(2022) X 1
``從者/禮裝數: 508 / 594`
_2022-03-12 19:31:58_
--------
`友情點數召喚累計650次

`[d4c10e20929a4c973210db1453668b11]
`登入天數: 24天 / 1576天
等級: 19
石頭: 1965
呼符: 26
友情點: +0 / 1519745`
*連続ログイン3日目
※ログインが途切れるか、7日到達すると
1日目から再開されます*
`叡智の猛火 X 1
3月交換券(2022) X 1
``從者/禮裝數: 500 / 557`
_2022-03-12 19:32:09_
--------
`友情點數召喚累計620次

`[f0cc4e7ae2d4b30013f328b2cf7d6063]
`登入天數: 24天 / 1585天
等級: 20
石頭: 145
呼符: 26
友情點: +0 / 1523320`
*連続ログイン3日目
※ログインが途切れるか、7日到達すると
1日目から再開されます*
`叡智の猛火 X 1
3月交換券(2022) X 1
``從者/禮裝數: 502 / 607`
_2022-03-12 19:32:20_
--------
`友情點數召喚累計642次

`[48a14ba1dd858b92594b71e0ed7d5311]
`登入天數: 24天 / 1577天
等級: 20
石頭: 1278
呼符: 49
友情點: +0 / 1432640`
*連続ログイン3日目
※ログインが途切れるか、7日到達すると
1日目から再開されます*
`叡智の猛火 X 1
3月交換券(2022) X 1
``從者/禮裝數: 578 / 605`
_2022-03-12 19:32:31_
--------
`友情點數召喚累計490次

`