【登入訊息】
[c5ab1b78563b1f9e4ee17ab01234bc5e]
`登入天數: 92天 / 1443天
等級: 92
石頭: 1948
呼符: 164
友情點: +0 / 1565145`
*連続ログイン1日目
※ログインが途切れるか、7日到達すると
1日目から再開されます*
`フレンドポイント X 2000
3月交換券(2022) X 1
``從者/禮裝數: 605 / 618`
_2022-03-13 19:31:02_
--------
`友情點數召喚累計1101次

`[d4825e10f75d83bc0cfb33b6768a8634]
`登入天數: 25天 / 1634天
等級: 19
石頭: 2161
呼符: 31
友情點: +80 / 1694955`
*連続ログイン4日目
※ログインが途切れるか、7日到達すると
1日目から再開されます*
`聖晶石 X 1
3月交換券(2022) X 1
``從者/禮裝數: 598 / 622`
_2022-03-13 19:31:14_
--------
`友情點數召喚累計660次

`[ff29db15be18f883ffccdf7ab23021a7]
`登入天數: 25天 / 1630天
等級: 18
石頭: 1267
呼符: 30
友情點: +50 / 1572980`
*連続ログイン4日目
※ログインが途切れるか、7日到達すると
1日目から再開されます*
`聖晶石 X 1
3月交換券(2022) X 1
``從者/禮裝數: 580 / 628`
_2022-03-13 19:31:25_
--------
`友情點數召喚累計770次

`[cc4787a257e3a46e268001195f780247]
`登入天數: 25天 / 1644天
等級: 18
石頭: 1879
呼符: 135
友情點: +50 / 1683660`
*連続ログイン4日目
※ログインが途切れるか、7日到達すると
1日目から再開されます*
`聖晶石 X 1
3月交換券(2022) X 1
``從者/禮裝數: 578 / 625`
_2022-03-13 19:31:36_
--------
`友情點數召喚累計670次

`[3f5599a008981ecf87f2dea9d1d83d6a]
`登入天數: 25天 / 1649天
等級: 18
石頭: 2162
呼符: 29
友情點: +0 / 1661775`
*連続ログイン4日目
※ログインが途切れるか、7日到達すると
1日目から再開されます*
`聖晶石 X 1
3月交換券(2022) X 1
``從者/禮裝數: 460 / 610`
_2022-03-13 19:31:48_
--------
`友情點數召喚累計720次

`[0d14e47d83c8b8400ed7555e0192724d]
`登入天數: 25天 / 1571天
等級: 20
石頭: 771
呼符: 31
友情點: +20 / 1540965`
*連続ログイン4日目
※ログインが途切れるか、7日到達すると
1日目から再開されます*
`聖晶石 X 1
3月交換券(2022) X 1
``從者/禮裝數: 510 / 599`
_2022-03-13 19:31:59_
--------
`友情點數召喚累計660次

`[d4c10e20929a4c973210db1453668b11]
`登入天數: 25天 / 1577天
等級: 19
石頭: 1965
呼符: 26
友情點: +0 / 1519745`
*連続ログイン4日目
※ログインが途切れるか、7日到達すると
1日目から再開されます*
`聖晶石 X 1
3月交換券(2022) X 1
``從者/禮裝數: 501 / 562`
_2022-03-13 19:32:11_
--------
`友情點數召喚累計630次

`[f0cc4e7ae2d4b30013f328b2cf7d6063]
`登入天數: 25天 / 1586天
等級: 20
石頭: 145
呼符: 26
友情點: +0 / 1523320`
*連続ログイン4日目
※ログインが途切れるか、7日到達すると
1日目から再開されます*
`聖晶石 X 1
3月交換券(2022) X 1
``從者/禮裝數: 508 / 611`
_2022-03-13 19:32:22_
--------
`友情點數召喚累計652次

`[48a14ba1dd858b92594b71e0ed7d5311]
`登入天數: 25天 / 1578天
等級: 20
石頭: 1278
呼符: 49
友情點: +0 / 1432640`
*連続ログイン4日目
※ログインが途切れるか、7日到達すると
1日目から再開されます*
`聖晶石 X 1
3月交換券(2022) X 1
``從者/禮裝數: 579 / 611`
_2022-03-13 19:32:34_
--------
`友情點數召喚累計500次

`