【登入訊息】
[c5ab1b78563b1f9e4ee17ab01234bc5e]
`登入天數: 93天 / 1444天
等級: 92
石頭: 1948
呼符: 164
友情點: +0 / 1565145`
*連続ログイン2日目
※ログインが途切れるか、7日到達すると
1日目から再開されます*
`聖晶石 X 1
3月交換券(2022) X 1
``從者/禮裝數: 607 / 623`
_2022-03-14 19:31:16_
--------
`友情點數召喚累計1111次

`[d4825e10f75d83bc0cfb33b6768a8634]
`登入天數: 26天 / 1635天
等級: 19
石頭: 2161
呼符: 31
友情點: +100 / 1695055`
*連続ログイン5日目
※ログインが途切れるか、7日到達すると
1日目から再開されます*
`叡智の猛火 X 2
3月交換券(2022) X 1
``從者/禮裝數: 601 / 626`
_2022-03-14 19:31:28_
--------
`友情點數召喚累計670次

`[ff29db15be18f883ffccdf7ab23021a7]
`登入天數: 26天 / 1631天
等級: 18
石頭: 1267
呼符: 30
友情點: +40 / 1573020`
*連続ログイン5日目
※ログインが途切れるか、7日到達すると
1日目から再開されます*
`叡智の猛火 X 2
3月交換券(2022) X 1
``從者/禮裝數: 584 / 632`
_2022-03-14 19:31:39_
--------
`友情點數召喚累計780次

`[cc4787a257e3a46e268001195f780247]
`登入天數: 26天 / 1645天
等級: 18
石頭: 1879
呼符: 135
友情點: +30 / 1683690`
*連続ログイン5日目
※ログインが途切れるか、7日到達すると
1日目から再開されます*
`叡智の猛火 X 2
3月交換券(2022) X 1
``從者/禮裝數: 580 / 629`
_2022-03-14 19:31:51_
--------
`友情點數召喚累計680次

`[3f5599a008981ecf87f2dea9d1d83d6a]
`登入天數: 26天 / 1650天
等級: 18
石頭: 2162
呼符: 29
友情點: +0 / 1661775`
*連続ログイン5日目
※ログインが途切れるか、7日到達すると
1日目から再開されます*
`叡智の猛火 X 2
3月交換券(2022) X 1
``從者/禮裝數: 463 / 614`
_2022-03-14 19:32:02_
--------
`友情點數召喚累計730次

`[0d14e47d83c8b8400ed7555e0192724d]
`登入天數: 26天 / 1572天
等級: 20
石頭: 771
呼符: 31
友情點: +215 / 1541180`
*連続ログイン5日目
※ログインが途切れるか、7日到達すると
1日目から再開されます*
`叡智の猛火 X 2
3月交換券(2022) X 1
``從者/禮裝數: 513 / 602`
_2022-03-14 19:32:13_
--------
`友情點數召喚累計670次

`[d4c10e20929a4c973210db1453668b11]
`登入天數: 26天 / 1578天
等級: 19
石頭: 1965
呼符: 26
友情點: +0 / 1519745`
*連続ログイン5日目
※ログインが途切れるか、7日到達すると
1日目から再開されます*
`叡智の猛火 X 2
3月交換券(2022) X 1
``從者/禮裝數: 501 / 571`
_2022-03-14 19:32:26_
--------
`友情點數召喚累計640次

`[f0cc4e7ae2d4b30013f328b2cf7d6063]
`登入天數: 26天 / 1587天
等級: 20
石頭: 145
呼符: 26
友情點: +0 / 1523320`
*連続ログイン5日目
※ログインが途切れるか、7日到達すると
1日目から再開されます*
`叡智の猛火 X 2
3月交換券(2022) X 1
``從者/禮裝數: 511 / 617`
_2022-03-14 19:32:37_
--------
`友情點數召喚累計662次

`[48a14ba1dd858b92594b71e0ed7d5311]
`登入天數: 26天 / 1579天
等級: 20
石頭: 1278
呼符: 49
友情點: +0 / 1432640`
*連続ログイン5日目
※ログインが途切れるか、7日到達すると
1日目から再開されます*
`叡智の猛火 X 2
3月交換券(2022) X 1
``從者/禮裝數: 580 / 616`
_2022-03-14 19:32:49_
--------
`友情點數召喚累計510次

`