【登入訊息】
[c5ab1b78563b1f9e4ee17ab01234bc5e]
`登入天數: 94天 / 1445天
等級: 92
石頭: 1948
呼符: 164
友情點: +0 / 1565145`
*連続ログイン3日目
※ログインが途切れるか、7日到達すると
1日目から再開されます*
`叡智の猛火 X 1
3月交換券(2022) X 1
``從者/禮裝數: 608 / 627`
_2022-03-15 19:31:04_
--------
`友情點數召喚累計1121次

`[d4825e10f75d83bc0cfb33b6768a8634]
`登入天數: 27天 / 1636天
等級: 19
石頭: 2161
呼符: 31
友情點: +20 / 1695075`
*連続ログイン6日目
※ログインが途切れるか、7日到達すると
1日目から再開されます*
`聖晶石 X 2
3月交換券(2022) X 1
``從者/禮裝數: 605 / 628`
_2022-03-15 19:31:15_
--------
`友情點數召喚累計680次

`[ff29db15be18f883ffccdf7ab23021a7]
`登入天數: 27天 / 1632天
等級: 18
石頭: 1267
呼符: 30
友情點: +0 / 1573020`
*連続ログイン6日目
※ログインが途切れるか、7日到達すると
1日目から再開されます*
`聖晶石 X 2
3月交換券(2022) X 1
``從者/禮裝數: 587 / 638`
_2022-03-15 19:31:27_
--------
`友情點數召喚累計790次

`[cc4787a257e3a46e268001195f780247]
`登入天數: 27天 / 1646天
等級: 18
石頭: 1879
呼符: 135
友情點: +0 / 1683690`
*連続ログイン6日目
※ログインが途切れるか、7日到達すると
1日目から再開されます*
`聖晶石 X 2
3月交換券(2022) X 1
``從者/禮裝數: 581 / 637`
_2022-03-15 19:31:38_
--------
`友情點數召喚累計690次

`[3f5599a008981ecf87f2dea9d1d83d6a]
`登入天數: 27天 / 1651天
等級: 18
石頭: 2162
呼符: 29
友情點: +0 / 1661775`
*連続ログイン6日目
※ログインが途切れるか、7日到達すると
1日目から再開されます*
`聖晶石 X 2
3月交換券(2022) X 1
``從者/禮裝數: 463 / 620`
_2022-03-15 19:31:49_
--------
`友情點數召喚累計740次

`[0d14e47d83c8b8400ed7555e0192724d]
`登入天數: 27天 / 1573天
等級: 20
石頭: 771
呼符: 31
友情點: +20 / 1541200`
*連続ログイン6日目
※ログインが途切れるか、7日到達すると
1日目から再開されます*
`聖晶石 X 2
3月交換券(2022) X 1
``從者/禮裝數: 516 / 606`
_2022-03-15 19:32:00_
--------
`友情點數召喚累計680次

`[d4c10e20929a4c973210db1453668b11]
`登入天數: 27天 / 1579天
等級: 19
石頭: 1965
呼符: 26
友情點: +0 / 1519745`
*連続ログイン6日目
※ログインが途切れるか、7日到達すると
1日目から再開されます*
`聖晶石 X 2
3月交換券(2022) X 1
``從者/禮裝數: 505 / 574`
_2022-03-15 19:32:12_
--------
`友情點數召喚累計650次

`[f0cc4e7ae2d4b30013f328b2cf7d6063]
`登入天數: 27天 / 1588天
等級: 20
石頭: 145
呼符: 26
友情點: +0 / 1523320`
*連続ログイン6日目
※ログインが途切れるか、7日到達すると
1日目から再開されます*
`聖晶石 X 2
3月交換券(2022) X 1
``從者/禮裝數: 516 / 621`
_2022-03-15 19:32:23_
--------
`友情點數召喚累計672次

`[48a14ba1dd858b92594b71e0ed7d5311]
`登入天數: 27天 / 1580天
等級: 20
石頭: 1278
呼符: 49
友情點: +0 / 1432640`
*連続ログイン6日目
※ログインが途切れるか、7日到達すると
1日目から再開されます*
`聖晶石 X 2
3月交換券(2022) X 1
``從者/禮裝數: 582 / 619`
_2022-03-15 19:32:35_
--------
`友情點數召喚累計520次

`