【登入訊息】
[c5ab1b78563b1f9e4ee17ab01234bc5e]
`登入天數: 96天 / 1447天
等級: 92
石頭: 1948
呼符: 164
友情點: +0 / 1565145`
`從者/禮裝數: 611 / 630`
_2022-03-18 15:06:58_
--------
`友情點數召喚累計1131次

`[d4825e10f75d83bc0cfb33b6768a8634]
`登入天數: 1天 / 1637天
等級: 19
石頭: 2161
呼符: 31
友情點: +0 / 1695075`
*連続ログイン1日目
※ログインが途切れるか、7日到達すると
1日目から再開されます*
`フレンドポイント X 2000
3月交換券(2022) X 1
``從者/禮裝數: 607 / 633`
_2022-03-18 15:07:09_
--------
`友情點數召喚累計690次

`[ff29db15be18f883ffccdf7ab23021a7]
`登入天數: 1天 / 1633天
等級: 18
石頭: 1267
呼符: 30
友情點: +0 / 1573020`
*連続ログイン1日目
※ログインが途切れるか、7日到達すると
1日目から再開されます*
`フレンドポイント X 2000
3月交換券(2022) X 1
``從者/禮裝數: 589 / 643`
_2022-03-18 15:07:21_
--------
`友情點數召喚累計800次

`[cc4787a257e3a46e268001195f780247]
`登入天數: 1天 / 1647天
等級: 18
石頭: 1879
呼符: 135
友情點: +0 / 1683690`
*連続ログイン1日目
※ログインが途切れるか、7日到達すると
1日目から再開されます*
`フレンドポイント X 2000
3月交換券(2022) X 1
``從者/禮裝數: 585 / 641`
_2022-03-18 15:07:33_
--------
`友情點數召喚累計700次

`[3f5599a008981ecf87f2dea9d1d83d6a]
`登入天數: 1天 / 1652天
等級: 18
石頭: 2162
呼符: 29
友情點: +0 / 1661775`
*連続ログイン1日目
※ログインが途切れるか、7日到達すると
1日目から再開されます*
`フレンドポイント X 2000
3月交換券(2022) X 1
``從者/禮裝數: 467 / 625`
_2022-03-18 15:07:44_
--------
`友情點數召喚累計750次

`[0d14e47d83c8b8400ed7555e0192724d]
`登入天數: 1天 / 1574天
等級: 20
石頭: 771
呼符: 31
友情點: +0 / 1541200`
*連続ログイン1日目
※ログインが途切れるか、7日到達すると
1日目から再開されます*
`フレンドポイント X 2000
3月交換券(2022) X 1
``從者/禮裝數: 519 / 610`
_2022-03-18 15:07:57_
--------
`友情點數召喚累計690次

`[d4c10e20929a4c973210db1453668b11]
`登入天數: 1天 / 1580天
等級: 19
石頭: 1965
呼符: 26
友情點: +0 / 1519745`
*連続ログイン1日目
※ログインが途切れるか、7日到達すると
1日目から再開されます*
`フレンドポイント X 2000
3月交換券(2022) X 1
``從者/禮裝數: 507 / 579`
_2022-03-18 15:08:09_
--------
`友情點數召喚累計660次

`[f0cc4e7ae2d4b30013f328b2cf7d6063]
`登入天數: 1天 / 1589天
等級: 20
石頭: 145
呼符: 26
友情點: +0 / 1523320`
*連続ログイン1日目
※ログインが途切れるか、7日到達すると
1日目から再開されます*
`フレンドポイント X 2000
3月交換券(2022) X 1
``從者/禮裝數: 520 / 625`
_2022-03-18 15:08:21_
--------
`友情點數召喚累計682次

`[48a14ba1dd858b92594b71e0ed7d5311]
`登入天數: 1天 / 1581天
等級: 20
石頭: 1278
呼符: 49
友情點: +0 / 1432640`
*連続ログイン1日目
※ログインが途切れるか、7日到達すると
1日目から再開されます*
`フレンドポイント X 2000
3月交換券(2022) X 1
``從者/禮裝數: 585 / 625`
_2022-03-18 15:08:32_
--------
`友情點數召喚累計530次

`