【登入訊息】
[c5ab1b78563b1f9e4ee17ab01234bc5e]
`登入天數: 96天 / 1447天
等級: 92
石頭: 1948
呼符: 164
友情點: +0 / 1565145`
`從者/禮裝數: 616 / 631`
_2022-03-18 16:51:54_
--------
`友情點數召喚累計1141次

`[d4825e10f75d83bc0cfb33b6768a8634]
`登入天數: 1天 / 1637天
等級: 19
石頭: 2161
呼符: 31
友情點: +0 / 1695075`
`從者/禮裝數: 609 / 639`
_2022-03-18 16:52:05_
--------
`友情點數召喚累計700次

`[ff29db15be18f883ffccdf7ab23021a7]
`登入天數: 1天 / 1633天
等級: 18
石頭: 1267
呼符: 30
友情點: +0 / 1573020`
`從者/禮裝數: 592 / 648`
_2022-03-18 16:52:15_
--------
`友情點數召喚累計810次

`[cc4787a257e3a46e268001195f780247]
`登入天數: 1天 / 1647天
等級: 18
石頭: 1879
呼符: 135
友情點: +0 / 1683690`
`從者/禮裝數: 586 / 647`
_2022-03-18 16:52:26_
--------
`友情點數召喚累計710次

`[3f5599a008981ecf87f2dea9d1d83d6a]
`登入天數: 1天 / 1652天
等級: 18
石頭: 2162
呼符: 29
友情點: +0 / 1661775`
`從者/禮裝數: 472 / 628`
_2022-03-18 16:52:37_
--------
`友情點數召喚累計760次

`[0d14e47d83c8b8400ed7555e0192724d]
`登入天數: 1天 / 1574天
等級: 20
石頭: 771
呼符: 31
友情點: +0 / 1541200`
`從者/禮裝數: 523 / 613`
_2022-03-18 16:52:47_
--------
`友情點數召喚累計700次

`[d4c10e20929a4c973210db1453668b11]
`登入天數: 1天 / 1580天
等級: 19
石頭: 1965
呼符: 26
友情點: +0 / 1519745`
`從者/禮裝數: 510 / 585`
_2022-03-18 16:52:58_
--------
`友情點數召喚累計670次

`[f0cc4e7ae2d4b30013f328b2cf7d6063]
`登入天數: 1天 / 1589天
等級: 20
石頭: 145
呼符: 26
友情點: +0 / 1523320`
`從者/禮裝數: 524 / 631`
_2022-03-18 16:53:09_
--------
`友情點數召喚累計692次

`[48a14ba1dd858b92594b71e0ed7d5311]
`登入天數: 1天 / 1581天
等級: 20
石頭: 1278
呼符: 49
友情點: +0 / 1432640`
`從者/禮裝數: 589 / 628`
_2022-03-18 16:53:19_
--------
`友情點數召喚累計540次

`