【登入訊息】
[c5ab1b78563b1f9e4ee17ab01234bc5e]
`登入天數: 98天 / 1449天
等級: 92
石頭: 1948
呼符: 164
友情點: +0 / 1561145`
*連続ログイン7日間到達おめでとうございます！
明日は1日目からリスタートされます。*
`獣の足跡 X 1
呼符 X 1
3月交換券(2022) X 1
``從者/禮裝數: 622 / 641`
_2022-03-19 19:35:27_
--------
`友情點數召喚累計1161次

`[d4825e10f75d83bc0cfb33b6768a8634]
`登入天數: 3天 / 1639天
等級: 19
石頭: 2161
呼符: 31
友情點: +0 / 1691075`
*連続ログイン3日目
※ログインが途切れるか、7日到達すると
1日目から再開されます*
`叡智の猛火 X 1
3月交換券(2022) X 1
``從者/禮裝數: 611 / 653`
_2022-03-19 19:35:39_
--------
`友情點數召喚累計720次

`[ff29db15be18f883ffccdf7ab23021a7]
`登入天數: 3天 / 1635天
等級: 18
石頭: 1267
呼符: 30
友情點: +10 / 1569030`
*連続ログイン3日目
※ログインが途切れるか、7日到達すると
1日目から再開されます*
`叡智の猛火 X 1
3月交換券(2022) X 1
``從者/禮裝數: 598 / 659`
_2022-03-19 19:35:50_
--------
`友情點數召喚累計830次

`[cc4787a257e3a46e268001195f780247]
`登入天數: 3天 / 1649天
等級: 18
石頭: 1879
呼符: 135
友情點: +0 / 1679690`
*連続ログイン3日目
※ログインが途切れるか、7日到達すると
1日目から再開されます*
`叡智の猛火 X 1
3月交換券(2022) X 1
``從者/禮裝數: 591 / 658`
_2022-03-19 19:36:02_
--------
`友情點數召喚累計730次

`[3f5599a008981ecf87f2dea9d1d83d6a]
`登入天數: 3天 / 1654天
等級: 18
石頭: 2162
呼符: 29
友情點: +0 / 1657775`
*連続ログイン3日目
※ログインが途切れるか、7日到達すると
1日目から再開されます*
`叡智の猛火 X 1
3月交換券(2022) X 1
``從者/禮裝數: 478 / 638`
_2022-03-19 19:36:13_
--------
`友情點數召喚累計780次

`[0d14e47d83c8b8400ed7555e0192724d]
`登入天數: 3天 / 1576天
等級: 20
石頭: 771
呼符: 31
友情點: +0 / 1537200`
*連続ログイン3日目
※ログインが途切れるか、7日到達すると
1日目から再開されます*
`叡智の猛火 X 1
3月交換券(2022) X 1
``從者/禮裝數: 526 / 625`
_2022-03-19 19:36:24_
--------
`友情點數召喚累計720次

`[d4c10e20929a4c973210db1453668b11]
`登入天數: 3天 / 1582天
等級: 19
石頭: 1965
呼符: 26
友情點: +0 / 1515745`
*連続ログイン3日目
※ログインが途切れるか、7日到達すると
1日目から再開されます*
`叡智の猛火 X 1
3月交換券(2022) X 1
``從者/禮裝數: 517 / 594`
_2022-03-19 19:36:36_
--------
`友情點數召喚累計690次

`[f0cc4e7ae2d4b30013f328b2cf7d6063]
`登入天數: 3天 / 1591天
等級: 20
石頭: 145
呼符: 26
友情點: +0 / 1519320`
*連続ログイン3日目
※ログインが途切れるか、7日到達すると
1日目から再開されます*
`叡智の猛火 X 1
3月交換券(2022) X 1
``從者/禮裝數: 528 / 642`
_2022-03-19 19:36:47_
--------
`友情點數召喚累計712次

`[48a14ba1dd858b92594b71e0ed7d5311]
`登入天數: 3天 / 1583天
等級: 20
石頭: 1278
呼符: 49
友情點: +0 / 1428640`
*連続ログイン3日目
※ログインが途切れるか、7日到達すると
1日目から再開されます*
`叡智の猛火 X 1
3月交換券(2022) X 1
``從者/禮裝數: 591 / 639`
_2022-03-19 19:36:59_
--------
`友情點數召喚累計560次

`