【登入訊息】
[c5ab1b78563b1f9e4ee17ab01234bc5e]
`登入天數: 99天 / 1450天
等級: 92
石頭: 1948
呼符: 164
友情點: +0 / 1561145`
*連続ログイン1日目
※ログインが途切れるか、7日到達すると
1日目から再開されます*
`フレンドポイント X 2000
3月交換券(2022) X 1
``從者/禮裝數: 625 / 645`
_2022-03-20 19:34:57_
--------
`友情點數召喚累計1171次

`[d4825e10f75d83bc0cfb33b6768a8634]
`登入天數: 4天 / 1640天
等級: 19
石頭: 2161
呼符: 31
友情點: +0 / 1691075`
*連続ログイン4日目
※ログインが途切れるか、7日到達すると
1日目から再開されます*
`聖晶石 X 1
3月交換券(2022) X 1
``從者/禮裝數: 614 / 659`
_2022-03-20 19:35:08_
--------
`友情點數召喚累計730次

`[ff29db15be18f883ffccdf7ab23021a7]
`登入天數: 4天 / 1636天
等級: 18
石頭: 1267
呼符: 30
友情點: +0 / 1569030`
*連続ログイン4日目
※ログインが途切れるか、7日到達すると
1日目から再開されます*
`聖晶石 X 1
3月交換券(2022) X 1
``從者/禮裝數: 600 / 662`
_2022-03-20 19:35:19_
--------
`友情點數召喚累計840次

`[cc4787a257e3a46e268001195f780247]
`登入天數: 4天 / 1650天
等級: 18
石頭: 1879
呼符: 135
友情點: +0 / 1679690`
*連続ログイン4日目
※ログインが途切れるか、7日到達すると
1日目から再開されます*
`聖晶石 X 1
3月交換券(2022) X 1
``從者/禮裝數: 596 / 663`
_2022-03-20 19:35:31_
--------
`友情點數召喚累計740次

`[3f5599a008981ecf87f2dea9d1d83d6a]
`登入天數: 4天 / 1655天
等級: 18
石頭: 2162
呼符: 29
友情點: +0 / 1657775`
*連続ログイン4日目
※ログインが途切れるか、7日到達すると
1日目から再開されます*
`聖晶石 X 1
3月交換券(2022) X 1
``從者/禮裝數: 480 / 642`
_2022-03-20 19:35:42_
--------
`友情點數召喚累計790次

`[0d14e47d83c8b8400ed7555e0192724d]
`登入天數: 4天 / 1577天
等級: 20
石頭: 771
呼符: 31
友情點: +0 / 1537200`
*連続ログイン4日目
※ログインが途切れるか、7日到達すると
1日目から再開されます*
`聖晶石 X 1
3月交換券(2022) X 1
``從者/禮裝數: 532 / 627`
_2022-03-20 19:35:53_
--------
`友情點數召喚累計730次

`[d4c10e20929a4c973210db1453668b11]
`登入天數: 4天 / 1583天
等級: 19
石頭: 1965
呼符: 26
友情點: +0 / 1515745`
*連続ログイン4日目
※ログインが途切れるか、7日到達すると
1日目から再開されます*
`聖晶石 X 1
3月交換券(2022) X 1
``從者/禮裝數: 520 / 600`
_2022-03-20 19:36:04_
--------
`友情點數召喚累計700次

`[f0cc4e7ae2d4b30013f328b2cf7d6063]
`登入天數: 4天 / 1592天
等級: 20
石頭: 145
呼符: 26
友情點: +0 / 1519320`
*連続ログイン4日目
※ログインが途切れるか、7日到達すると
1日目から再開されます*
`聖晶石 X 1
3月交換券(2022) X 1
``從者/禮裝數: 532 / 645`
_2022-03-20 19:36:15_
--------
`友情點數召喚累計722次

`[48a14ba1dd858b92594b71e0ed7d5311]
`登入天數: 4天 / 1584天
等級: 20
石頭: 1278
呼符: 49
友情點: +0 / 1428640`
*連続ログイン4日目
※ログインが途切れるか、7日到達すると
1日目から再開されます*
`聖晶石 X 1
3月交換券(2022) X 1
``從者/禮裝數: 593 / 645`
_2022-03-20 19:36:26_
--------
`友情點數召喚累計570次

`