【登入訊息】
[c5ab1b78563b1f9e4ee17ab01234bc5e]
`登入天數: 100天 / 1451天
等級: 92
石頭: 1948
呼符: 164
友情點: +0 / 1561145`
*連続ログイン2日目
※ログインが途切れるか、7日到達すると
1日目から再開されます*
`聖晶石 X 1
3月交換券(2022) X 1
``從者/禮裝數: 627 / 650`
_2022-03-21 19:34:37_
--------
`友情點數召喚累計1181次

`[d4825e10f75d83bc0cfb33b6768a8634]
`登入天數: 5天 / 1641天
等級: 19
石頭: 2161
呼符: 31
友情點: +0 / 1691075`
*連続ログイン5日目
※ログインが途切れるか、7日到達すると
1日目から再開されます*
`叡智の猛火 X 2
3月交換券(2022) X 1
``從者/禮裝數: 617 / 661`
_2022-03-21 19:34:48_
--------
`友情點數召喚累計740次

`[ff29db15be18f883ffccdf7ab23021a7]
`登入天數: 5天 / 1637天
等級: 18
石頭: 1267
呼符: 30
友情點: +0 / 1569030`
*連続ログイン5日目
※ログインが途切れるか、7日到達すると
1日目から再開されます*
`叡智の猛火 X 2
3月交換券(2022) X 1
``從者/禮裝數: 604 / 667`
_2022-03-21 19:35:00_
--------
`友情點數召喚累計850次

`[cc4787a257e3a46e268001195f780247]
`登入天數: 5天 / 1651天
等級: 18
石頭: 1879
呼符: 135
友情點: +0 / 1679690`
*連続ログイン5日目
※ログインが途切れるか、7日到達すると
1日目から再開されます*
`叡智の猛火 X 2
3月交換券(2022) X 1
``從者/禮裝數: 600 / 668`
_2022-03-21 19:35:11_
--------
`友情點數召喚累計750次

`[3f5599a008981ecf87f2dea9d1d83d6a]
`登入天數: 5天 / 1656天
等級: 18
石頭: 2162
呼符: 29
友情點: +0 / 1657775`
*連続ログイン5日目
※ログインが途切れるか、7日到達すると
1日目から再開されます*
`叡智の猛火 X 2
3月交換券(2022) X 1
``從者/禮裝數: 484 / 648`
_2022-03-21 19:35:22_
--------
`友情點數召喚累計800次

`[0d14e47d83c8b8400ed7555e0192724d]
`登入天數: 5天 / 1578天
等級: 20
石頭: 771
呼符: 31
友情點: +0 / 1537200`
*連続ログイン5日目
※ログインが途切れるか、7日到達すると
1日目から再開されます*
`叡智の猛火 X 2
3月交換券(2022) X 1
``從者/禮裝數: 532 / 630`
_2022-03-21 19:35:34_
--------
`友情點數召喚累計740次

`[d4c10e20929a4c973210db1453668b11]
`登入天數: 5天 / 1584天
等級: 19
石頭: 1965
呼符: 26
友情點: +0 / 1515745`
*連続ログイン5日目
※ログインが途切れるか、7日到達すると
1日目から再開されます*
`叡智の猛火 X 2
3月交換券(2022) X 1
``從者/禮裝數: 521 / 605`
_2022-03-21 19:35:46_
--------
`友情點數召喚累計710次

`[f0cc4e7ae2d4b30013f328b2cf7d6063]
`登入天數: 5天 / 1593天
等級: 20
石頭: 145
呼符: 26
友情點: +0 / 1519320`
*連続ログイン5日目
※ログインが途切れるか、7日到達すると
1日目から再開されます*
`叡智の猛火 X 2
3月交換券(2022) X 1
``從者/禮裝數: 537 / 648`
_2022-03-21 19:35:57_
--------
`友情點數召喚累計732次

`[48a14ba1dd858b92594b71e0ed7d5311]
`登入天數: 5天 / 1585天
等級: 20
石頭: 1278
呼符: 49
友情點: +0 / 1428640`
*連続ログイン5日目
※ログインが途切れるか、7日到達すると
1日目から再開されます*
`叡智の猛火 X 2
3月交換券(2022) X 1
``從者/禮裝數: 594 / 651`
_2022-03-21 19:36:08_
--------
`友情點數召喚累計580次

`