【登入訊息】
[c5ab1b78563b1f9e4ee17ab01234bc5e]
`登入天數: 101天 / 1452天
等級: 92
石頭: 1948
呼符: 164
友情點: +0 / 1561145`
*連続ログイン3日目
※ログインが途切れるか、7日到達すると
1日目から再開されます*
`叡智の猛火 X 1
3月交換券(2022) X 1
``從者/禮裝數: 629 / 655`
_2022-03-22 19:35:58_
--------
`友情點數召喚累計1191次

`[d4825e10f75d83bc0cfb33b6768a8634]
`登入天數: 6天 / 1642天
等級: 19
石頭: 2161
呼符: 31
友情點: +360 / 1691435`
*連続ログイン6日目
※ログインが途切れるか、7日到達すると
1日目から再開されます*
`聖晶石 X 2
3月交換券(2022) X 1
``從者/禮裝數: 622 / 664`
_2022-03-22 19:36:09_
--------
`友情點數召喚累計750次

`[ff29db15be18f883ffccdf7ab23021a7]
`登入天數: 6天 / 1638天
等級: 18
石頭: 1267
呼符: 30
友情點: +220 / 1569250`
*連続ログイン6日目
※ログインが途切れるか、7日到達すると
1日目から再開されます*
`聖晶石 X 2
3月交換券(2022) X 1
``從者/禮裝數: 607 / 670`
_2022-03-22 19:36:19_
--------
`友情點數召喚累計860次

`[cc4787a257e3a46e268001195f780247]
`登入天數: 6天 / 1652天
等級: 18
石頭: 1879
呼符: 135
友情點: +170 / 1679860`
*連続ログイン6日目
※ログインが途切れるか、7日到達すると
1日目から再開されます*
`聖晶石 X 2
3月交換券(2022) X 1
``從者/禮裝數: 602 / 675`
_2022-03-22 19:36:30_
--------
`友情點數召喚累計760次

`[3f5599a008981ecf87f2dea9d1d83d6a]
`登入天數: 6天 / 1657天
等級: 18
石頭: 2162
呼符: 29
友情點: +0 / 1657775`
*連続ログイン6日目
※ログインが途切れるか、7日到達すると
1日目から再開されます*
`聖晶石 X 2
3月交換券(2022) X 1
``從者/禮裝數: 484 / 657`
_2022-03-22 19:36:41_
--------
`友情點數召喚累計810次

`[0d14e47d83c8b8400ed7555e0192724d]
`登入天數: 6天 / 1579天
等級: 20
石頭: 771
呼符: 31
友情點: +230 / 1537430`
*連続ログイン6日目
※ログインが途切れるか、7日到達すると
1日目から再開されます*
`聖晶石 X 2
3月交換券(2022) X 1
``從者/禮裝數: 536 / 635`
_2022-03-22 19:36:51_
--------
`友情點數召喚累計750次

`[d4c10e20929a4c973210db1453668b11]
`登入天數: 6天 / 1585天
等級: 19
石頭: 1965
呼符: 26
友情點: +0 / 1515745`
*連続ログイン6日目
※ログインが途切れるか、7日到達すると
1日目から再開されます*
`聖晶石 X 2
3月交換券(2022) X 1
``從者/禮裝數: 522 / 612`
_2022-03-22 19:37:03_
--------
`友情點數召喚累計720次

`[f0cc4e7ae2d4b30013f328b2cf7d6063]
`登入天數: 6天 / 1594天
等級: 20
石頭: 145
呼符: 26
友情點: +0 / 1519320`
*連続ログイン6日目
※ログインが途切れるか、7日到達すると
1日目から再開されます*
`聖晶石 X 2
3月交換券(2022) X 1
``從者/禮裝數: 540 / 653`
_2022-03-22 19:37:14_
--------
`友情點數召喚累計742次

`[48a14ba1dd858b92594b71e0ed7d5311]
`登入天數: 6天 / 1586天
等級: 20
石頭: 1278
呼符: 49
友情點: +0 / 1428640`
*連続ログイン6日目
※ログインが途切れるか、7日到達すると
1日目から再開されます*
`聖晶石 X 2
3月交換券(2022) X 1
``從者/禮裝數: 596 / 659`
_2022-03-22 19:37:25_
--------
`友情點數召喚累計590次

`