【登入訊息】
[c5ab1b78563b1f9e4ee17ab01234bc5e]
`登入天數: 102天 / 1453天
等級: 92
石頭: 1948
呼符: 164
友情點: +0 / 1561145`
*連続ログイン4日目
※ログインが途切れるか、7日到達すると
1日目から再開されます*
`聖晶石 X 1
3月交換券(2022) X 1
``從者/禮裝數: 633 / 660`
_2022-03-23 19:35:09_
--------
`友情點數召喚累計1201次

`[d4825e10f75d83bc0cfb33b6768a8634]
`登入天數: 7天 / 1643天
等級: 19
石頭: 2161
呼符: 31
友情點: +280 / 1691715`
*連続ログイン7日間到達おめでとうございます！
明日は1日目からリスタートされます。*
`獣の足跡 X 1
呼符 X 1
3月交換券(2022) X 1
``從者/禮裝數: 625 / 671`
_2022-03-23 19:35:21_
--------
`友情點數召喚累計760次

`[ff29db15be18f883ffccdf7ab23021a7]
`登入天數: 7天 / 1639天
等級: 18
石頭: 1267
呼符: 30
友情點: +60 / 1569310`
*連続ログイン7日間到達おめでとうございます！
明日は1日目からリスタートされます。*
`獣の足跡 X 1
呼符 X 1
3月交換券(2022) X 1
``從者/禮裝數: 609 / 677`
_2022-03-23 19:35:33_
--------
`友情點數召喚累計870次

`[cc4787a257e3a46e268001195f780247]
`登入天數: 7天 / 1653天
等級: 18
石頭: 1879
呼符: 135
友情點: +140 / 1680000`
*連続ログイン7日間到達おめでとうございます！
明日は1日目からリスタートされます。*
`獣の足跡 X 1
呼符 X 1
3月交換券(2022) X 1
``從者/禮裝數: 605 / 682`
_2022-03-23 19:35:45_
--------
`友情點數召喚累計770次

`[3f5599a008981ecf87f2dea9d1d83d6a]
`登入天數: 7天 / 1658天
等級: 18
石頭: 2162
呼符: 29
友情點: +0 / 1657775`
*連続ログイン7日間到達おめでとうございます！
明日は1日目からリスタートされます。*
`獣の足跡 X 1
呼符 X 1
3月交換券(2022) X 1
``從者/禮裝數: 489 / 661`
_2022-03-23 19:35:57_
--------
`友情點數召喚累計820次

`[0d14e47d83c8b8400ed7555e0192724d]
`登入天數: 7天 / 1580天
等級: 20
石頭: 771
呼符: 31
友情點: +110 / 1537540`
*連続ログイン7日間到達おめでとうございます！
明日は1日目からリスタートされます。*
`獣の足跡 X 1
呼符 X 1
3月交換券(2022) X 1
``從者/禮裝數: 540 / 638`
_2022-03-23 19:36:09_
--------
`友情點數召喚累計760次

`[d4c10e20929a4c973210db1453668b11]
`登入天數: 7天 / 1586天
等級: 19
石頭: 1965
呼符: 26
友情點: +0 / 1515745`
*連続ログイン7日間到達おめでとうございます！
明日は1日目からリスタートされます。*
`獣の足跡 X 1
呼符 X 1
3月交換券(2022) X 1
``從者/禮裝數: 523 / 619`
_2022-03-23 19:36:21_
--------
`友情點數召喚累計730次

`[f0cc4e7ae2d4b30013f328b2cf7d6063]
`登入天數: 7天 / 1595天
等級: 20
石頭: 145
呼符: 26
友情點: +0 / 1519320`
*連続ログイン7日間到達おめでとうございます！
明日は1日目からリスタートされます。*
`獣の足跡 X 1
呼符 X 1
3月交換券(2022) X 1
``從者/禮裝數: 544 / 656`
_2022-03-23 19:36:33_
--------
`友情點數召喚累計752次

`[48a14ba1dd858b92594b71e0ed7d5311]
`登入天數: 7天 / 1587天
等級: 20
石頭: 1278
呼符: 49
友情點: +0 / 1428640`
*連続ログイン7日間到達おめでとうございます！
明日は1日目からリスタートされます。*
`獣の足跡 X 1
呼符 X 1
3月交換券(2022) X 1
``從者/禮裝數: 596 / 665`
_2022-03-23 19:36:45_
--------
`友情點數召喚累計600次

`