【登入訊息】
[c5ab1b78563b1f9e4ee17ab01234bc5e]
`登入天數: 103天 / 1454天
等級: 92
石頭: 1948
呼符: 164
友情點: +0 / 1561145`
*連続ログイン5日目
※ログインが途切れるか、7日到達すると
1日目から再開されます*
`叡智の猛火 X 2
3月交換券(2022) X 1
``從者/禮裝數: 634 / 665`
_2022-03-24 19:35:20_
--------
`友情點數召喚累計1211次

`[d4825e10f75d83bc0cfb33b6768a8634]
`登入天數: 8天 / 1644天
等級: 19
石頭: 2161
呼符: 31
友情點: +20 / 1691735`
*連続ログイン1日目
※ログインが途切れるか、7日到達すると
1日目から再開されます*
`フレンドポイント X 2000
3月交換券(2022) X 1
``從者/禮裝數: 628 / 676`
_2022-03-24 19:35:31_
--------
`友情點數召喚累計770次

`[ff29db15be18f883ffccdf7ab23021a7]
`登入天數: 8天 / 1640天
等級: 18
石頭: 1267
呼符: 30
友情點: +30 / 1569340`
*連続ログイン1日目
※ログインが途切れるか、7日到達すると
1日目から再開されます*
`フレンドポイント X 2000
3月交換券(2022) X 1
``從者/禮裝數: 610 / 685`
_2022-03-24 19:35:42_
--------
`友情點數召喚累計880次

`[cc4787a257e3a46e268001195f780247]
`登入天數: 8天 / 1654天
等級: 18
石頭: 1879
呼符: 135
友情點: +0 / 1680000`
*連続ログイン1日目
※ログインが途切れるか、7日到達すると
1日目から再開されます*
`フレンドポイント X 2000
3月交換券(2022) X 1
``從者/禮裝數: 606 / 687`
_2022-03-24 19:35:53_
--------
`友情點數召喚累計780次

`[3f5599a008981ecf87f2dea9d1d83d6a]
`登入天數: 8天 / 1659天
等級: 18
石頭: 2162
呼符: 29
友情點: +0 / 1657775`
*連続ログイン1日目
※ログインが途切れるか、7日到達すると
1日目から再開されます*
`フレンドポイント X 2000
3月交換券(2022) X 1
``從者/禮裝數: 490 / 666`
_2022-03-24 19:36:04_
--------
`友情點數召喚累計830次

`[0d14e47d83c8b8400ed7555e0192724d]
`登入天數: 8天 / 1581天
等級: 20
石頭: 771
呼符: 31
友情點: +20 / 1537560`
*連続ログイン1日目
※ログインが途切れるか、7日到達すると
1日目から再開されます*
`フレンドポイント X 2000
3月交換券(2022) X 1
``從者/禮裝數: 542 / 645`
_2022-03-24 19:36:15_
--------
`友情點數召喚累計770次

`[d4c10e20929a4c973210db1453668b11]
`登入天數: 8天 / 1587天
等級: 19
石頭: 1965
呼符: 26
友情點: +0 / 1515745`
*連続ログイン1日目
※ログインが途切れるか、7日到達すると
1日目から再開されます*
`フレンドポイント X 2000
3月交換券(2022) X 1
``從者/禮裝數: 528 / 623`
_2022-03-24 19:36:26_
--------
`友情點數召喚累計740次

`[f0cc4e7ae2d4b30013f328b2cf7d6063]
`登入天數: 8天 / 1596天
等級: 20
石頭: 145
呼符: 26
友情點: +0 / 1519320`
*連続ログイン1日目
※ログインが途切れるか、7日到達すると
1日目から再開されます*
`フレンドポイント X 2000
3月交換券(2022) X 1
``從者/禮裝數: 545 / 663`
_2022-03-24 19:36:37_
--------
`友情點數召喚累計762次

`[48a14ba1dd858b92594b71e0ed7d5311]
`登入天數: 8天 / 1588天
等級: 20
石頭: 1278
呼符: 49
友情點: +0 / 1428640`
*連続ログイン1日目
※ログインが途切れるか、7日到達すると
1日目から再開されます*
`フレンドポイント X 2000
3月交換券(2022) X 1
``從者/禮裝數: 600 / 669`
_2022-03-24 19:36:48_
--------
`友情點數召喚累計610次

`