【登入訊息】
[c5ab1b78563b1f9e4ee17ab01234bc5e]
`登入天數: 104天 / 1455天
等級: 92
石頭: 1948
呼符: 164
友情點: +0 / 1561145`
*連続ログイン6日目
※ログインが途切れるか、7日到達すると
1日目から再開されます*
`聖晶石 X 2
3月交換券(2022) X 1
``從者/禮裝數: 635 / 672`
_2022-03-25 19:35:18_
--------
`友情點數召喚累計1221次

`[d4825e10f75d83bc0cfb33b6768a8634]
`登入天數: 9天 / 1645天
等級: 19
石頭: 2161
呼符: 31
友情點: +240 / 1691975`
*連続ログイン2日目
※ログインが途切れるか、7日到達すると
1日目から再開されます*
`聖晶石 X 1
3月交換券(2022) X 1
``從者/禮裝數: 632 / 681`
_2022-03-25 19:35:29_
--------
`友情點數召喚累計780次

`[ff29db15be18f883ffccdf7ab23021a7]
`登入天數: 9天 / 1641天
等級: 18
石頭: 1267
呼符: 30
友情點: +80 / 1569420`
*連続ログイン2日目
※ログインが途切れるか、7日到達すると
1日目から再開されます*
`聖晶石 X 1
3月交換券(2022) X 1
``從者/禮裝數: 612 / 691`
_2022-03-25 19:35:40_
--------
`友情點數召喚累計890次

`[cc4787a257e3a46e268001195f780247]
`登入天數: 9天 / 1655天
等級: 18
石頭: 1879
呼符: 135
友情點: +90 / 1680090`
*連続ログイン2日目
※ログインが途切れるか、7日到達すると
1日目から再開されます*
`聖晶石 X 1
3月交換券(2022) X 1
``從者/禮裝數: 609 / 693`
_2022-03-25 19:35:51_
--------
`友情點數召喚累計790次

`[3f5599a008981ecf87f2dea9d1d83d6a]
`登入天數: 9天 / 1660天
等級: 18
石頭: 2162
呼符: 29
友情點: +0 / 1657775`
*連続ログイン2日目
※ログインが途切れるか、7日到達すると
1日目から再開されます*
`聖晶石 X 1
3月交換券(2022) X 1
``從者/禮裝數: 494 / 671`
_2022-03-25 19:36:02_
--------
`友情點數召喚累計840次

`[0d14e47d83c8b8400ed7555e0192724d]
`登入天數: 9天 / 1582天
等級: 20
石頭: 771
呼符: 31
友情點: +70 / 1537630`
*連続ログイン2日目
※ログインが途切れるか、7日到達すると
1日目から再開されます*
`聖晶石 X 1
3月交換券(2022) X 1
``從者/禮裝數: 543 / 650`
_2022-03-25 19:36:13_
--------
`友情點數召喚累計780次

`[d4c10e20929a4c973210db1453668b11]
`登入天數: 9天 / 1588天
等級: 19
石頭: 1965
呼符: 26
友情點: +0 / 1515745`
*連続ログイン2日目
※ログインが途切れるか、7日到達すると
1日目から再開されます*
`聖晶石 X 1
3月交換券(2022) X 1
``從者/禮裝數: 532 / 628`
_2022-03-25 19:36:24_
--------
`友情點數召喚累計750次

`[f0cc4e7ae2d4b30013f328b2cf7d6063]
`登入天數: 9天 / 1597天
等級: 20
石頭: 145
呼符: 26
友情點: +0 / 1519320`
*連続ログイン2日目
※ログインが途切れるか、7日到達すると
1日目から再開されます*
`聖晶石 X 1
3月交換券(2022) X 1
``從者/禮裝數: 546 / 671`
_2022-03-25 19:36:36_
--------
`友情點數召喚累計772次

`[48a14ba1dd858b92594b71e0ed7d5311]
`登入天數: 9天 / 1589天
等級: 20
石頭: 1278
呼符: 49
友情點: +0 / 1428640`
*連続ログイン2日目
※ログインが途切れるか、7日到達すると
1日目から再開されます*
`聖晶石 X 1
3月交換券(2022) X 1
``從者/禮裝數: 604 / 674`
_2022-03-25 19:36:47_
--------
`友情點數召喚累計620次

`