【登入訊息】
[c5ab1b78563b1f9e4ee17ab01234bc5e]
`登入天數: 105天 / 1456天
等級: 92
石頭: 1948
呼符: 164
友情點: +0 / 1561145`
*連続ログイン7日間到達おめでとうございます！
明日は1日目からリスタートされます。*
`獣の足跡 X 1
呼符 X 1
3月交換券(2022) X 1
``從者/禮裝數: 637 / 678`
_2022-03-26 19:35:02_
--------
`友情點數召喚累計1231次

`[d4825e10f75d83bc0cfb33b6768a8634]
`登入天數: 10天 / 1646天
等級: 19
石頭: 2161
呼符: 31
友情點: +200 / 1692175`
*連続ログイン3日目
※ログインが途切れるか、7日到達すると
1日目から再開されます*
`叡智の猛火 X 1
3月交換券(2022) X 1
``從者/禮裝數: 635 / 685`
_2022-03-26 19:35:13_
--------
`友情點數召喚累計790次

`[ff29db15be18f883ffccdf7ab23021a7]
`登入天數: 10天 / 1642天
等級: 18
石頭: 1267
呼符: 30
友情點: +100 / 1569520`
*連続ログイン3日目
※ログインが途切れるか、7日到達すると
1日目から再開されます*
`叡智の猛火 X 1
3月交換券(2022) X 1
``從者/禮裝數: 618 / 693`
_2022-03-26 19:35:25_
--------
`友情點數召喚累計900次

`[cc4787a257e3a46e268001195f780247]
`登入天數: 10天 / 1656天
等級: 18
石頭: 1879
呼符: 135
友情點: +130 / 1680220`
*連続ログイン3日目
※ログインが途切れるか、7日到達すると
1日目から再開されます*
`叡智の猛火 X 1
3月交換券(2022) X 1
``從者/禮裝數: 612 / 697`
_2022-03-26 19:35:36_
--------
`友情點數召喚累計800次

`[3f5599a008981ecf87f2dea9d1d83d6a]
`登入天數: 10天 / 1661天
等級: 18
石頭: 2162
呼符: 29
友情點: +0 / 1657775`
*連続ログイン3日目
※ログインが途切れるか、7日到達すると
1日目から再開されます*
`叡智の猛火 X 1
3月交換券(2022) X 1
``從者/禮裝數: 499 / 675`
_2022-03-26 19:35:47_
--------
`友情點數召喚累計850次

`[0d14e47d83c8b8400ed7555e0192724d]
`登入天數: 10天 / 1583天
等級: 20
石頭: 771
呼符: 31
友情點: +110 / 1537740`
*連続ログイン3日目
※ログインが途切れるか、7日到達すると
1日目から再開されます*
`叡智の猛火 X 1
3月交換券(2022) X 1
``從者/禮裝數: 546 / 657`
_2022-03-26 19:35:58_
--------
`友情點數召喚累計790次

`[d4c10e20929a4c973210db1453668b11]
`登入天數: 10天 / 1589天
等級: 19
石頭: 1965
呼符: 26
友情點: +0 / 1515745`
*連続ログイン3日目
※ログインが途切れるか、7日到達すると
1日目から再開されます*
`叡智の猛火 X 1
3月交換券(2022) X 1
``從者/禮裝數: 534 / 634`
_2022-03-26 19:36:10_
--------
`友情點數召喚累計760次

`[f0cc4e7ae2d4b30013f328b2cf7d6063]
`登入天數: 10天 / 1598天
等級: 20
石頭: 145
呼符: 26
友情點: +0 / 1519320`
*連続ログイン3日目
※ログインが途切れるか、7日到達すると
1日目から再開されます*
`叡智の猛火 X 1
3月交換券(2022) X 1
``從者/禮裝數: 547 / 680`
_2022-03-26 19:36:21_
--------
`友情點數召喚累計782次

`[48a14ba1dd858b92594b71e0ed7d5311]
`登入天數: 10天 / 1590天
等級: 20
石頭: 1278
呼符: 49
友情點: +0 / 1428640`
*連続ログイン3日目
※ログインが途切れるか、7日到達すると
1日目から再開されます*
`叡智の猛火 X 1
3月交換券(2022) X 1
``從者/禮裝數: 606 / 680`
_2022-03-26 19:36:31_
--------
`友情點數召喚累計630次

`