【登入訊息】
[c5ab1b78563b1f9e4ee17ab01234bc5e]
`登入天數: 106天 / 1457天
等級: 92
石頭: 1948
呼符: 164
友情點: +0 / 1561145`
*連続ログイン1日目
※ログインが途切れるか、7日到達すると
1日目から再開されます*
`フレンドポイント X 2000
3月交換券(2022) X 1
`*「AnimeJapan 2022」出展記念 初回ログインボーナス*
*開催期間中、初回ログインで「聖晶石×10」をプレゼント！*
/webview/loginbonus/20220328_9akpb9/9akpb9_s_01.png
`聖晶石 X 10
`*「AnimeJapan 2022」出展記念 3万リツイート達成プレゼント*
*開催期間中、初回ログインで「聖晶石×6」をプレゼント！*
/webview/loginbonus/20220328_bm75k4/bm75k4_s_01.png
`聖晶石 X 6
``從者/禮裝數: 638 / 686`
_2022-03-27 19:35:04_
--------
`友情點數召喚累計1241次

`[d4825e10f75d83bc0cfb33b6768a8634]
`登入天數: 11天 / 1647天
等級: 19
石頭: 2161
呼符: 31
友情點: +0 / 1692175`
*連続ログイン4日目
※ログインが途切れるか、7日到達すると
1日目から再開されます*
`聖晶石 X 1
3月交換券(2022) X 1
`*「AnimeJapan 2022」出展記念 初回ログインボーナス*
*開催期間中、初回ログインで「聖晶石×10」をプレゼント！*
/webview/loginbonus/20220328_9akpb9/9akpb9_s_01.png
`聖晶石 X 10
`*「AnimeJapan 2022」出展記念 3万リツイート達成プレゼント*
*開催期間中、初回ログインで「聖晶石×6」をプレゼント！*
/webview/loginbonus/20220328_bm75k4/bm75k4_s_01.png
`聖晶石 X 6
``從者/禮裝數: 636 / 694`
_2022-03-27 19:35:16_
--------
`友情點數召喚累計800次

`[ff29db15be18f883ffccdf7ab23021a7]
`登入天數: 11天 / 1643天
等級: 18
石頭: 1267
呼符: 30
友情點: +10 / 1569530`
*連続ログイン4日目
※ログインが途切れるか、7日到達すると
1日目から再開されます*
`聖晶石 X 1
3月交換券(2022) X 1
`*「AnimeJapan 2022」出展記念 初回ログインボーナス*
*開催期間中、初回ログインで「聖晶石×10」をプレゼント！*
/webview/loginbonus/20220328_9akpb9/9akpb9_s_01.png
`聖晶石 X 10
`*「AnimeJapan 2022」出展記念 3万リツイート達成プレゼント*
*開催期間中、初回ログインで「聖晶石×6」をプレゼント！*
/webview/loginbonus/20220328_bm75k4/bm75k4_s_01.png
`聖晶石 X 6
``從者/禮裝數: 620 / 700`
_2022-03-27 19:35:27_
--------
[cc4787a257e3a46e268001195f780247]
`登入天數: 11天 / 1657天
等級: 18
石頭: 1879
呼符: 135
友情點: +50 / 1680270`
*連続ログイン4日目
※ログインが途切れるか、7日到達すると
1日目から再開されます*
`聖晶石 X 1
3月交換券(2022) X 1
`*「AnimeJapan 2022」出展記念 初回ログインボーナス*
*開催期間中、初回ログインで「聖晶石×10」をプレゼント！*
/webview/loginbonus/20220328_9akpb9/9akpb9_s_01.png
`聖晶石 X 10
`*「AnimeJapan 2022」出展記念 3万リツイート達成プレゼント*
*開催期間中、初回ログインで「聖晶石×6」をプレゼント！*
/webview/loginbonus/20220328_bm75k4/bm75k4_s_01.png
`聖晶石 X 6
``從者/禮裝數: 614 / 703`
_2022-03-27 19:35:35_
--------
[3f5599a008981ecf87f2dea9d1d83d6a]
`登入天數: 11天 / 1662天
等級: 18
石頭: 2162
呼符: 29
友情點: +0 / 1657775`
*連続ログイン4日目
※ログインが途切れるか、7日到達すると
1日目から再開されます*
`聖晶石 X 1
3月交換券(2022) X 1
`*「AnimeJapan 2022」出展記念 初回ログインボーナス*
*開催期間中、初回ログインで「聖晶石×10」をプレゼント！*
/webview/loginbonus/20220328_9akpb9/9akpb9_s_01.png
`聖晶石 X 10
`*「AnimeJapan 2022」出展記念 3万リツイート達成プレゼント*
*開催期間中、初回ログインで「聖晶石×6」をプレゼント！*
/webview/loginbonus/20220328_bm75k4/bm75k4_s_01.png
`聖晶石 X 6
``從者/禮裝數: 502 / 678`
_2022-03-27 19:35:44_
--------
`友情點數召喚累計860次

`[0d14e47d83c8b8400ed7555e0192724d]
`登入天數: 11天 / 1584天
等級: 20
石頭: 771
呼符: 31
友情點: +0 / 1537740`
*連続ログイン4日目
※ログインが途切れるか、7日到達すると
1日目から再開されます*
`聖晶石 X 1
3月交換券(2022) X 1
`*「AnimeJapan 2022」出展記念 初回ログインボーナス*
*開催期間中、初回ログインで「聖晶石×10」をプレゼント！*
/webview/loginbonus/20220328_9akpb9/9akpb9_s_01.png
`聖晶石 X 10
`*「AnimeJapan 2022」出展記念 3万リツイート達成プレゼント*
*開催期間中、初回ログインで「聖晶石×6」をプレゼント！*
/webview/loginbonus/20220328_bm75k4/bm75k4_s_01.png
`聖晶石 X 6
``從者/禮裝數: 549 / 661`
_2022-03-27 19:35:55_
--------
`友情點數召喚累計800次

`[d4c10e20929a4c973210db1453668b11]
`登入天數: 11天 / 1590天
等級: 19
石頭: 1965
呼符: 26
友情點: +0 / 1515745`
*連続ログイン4日目
※ログインが途切れるか、7日到達すると
1日目から再開されます*
`聖晶石 X 1
3月交換券(2022) X 1
`*「AnimeJapan 2022」出展記念 初回ログインボーナス*
*開催期間中、初回ログインで「聖晶石×10」をプレゼント！*
/webview/loginbonus/20220328_9akpb9/9akpb9_s_01.png
`聖晶石 X 10
`*「AnimeJapan 2022」出展記念 3万リツイート達成プレゼント*
*開催期間中、初回ログインで「聖晶石×6」をプレゼント！*
/webview/loginbonus/20220328_bm75k4/bm75k4_s_01.png
`聖晶石 X 6
``從者/禮裝數: 535 / 642`
_2022-03-27 19:36:06_
--------
`友情點數召喚累計770次

`[f0cc4e7ae2d4b30013f328b2cf7d6063]
`登入天數: 11天 / 1599天
等級: 20
石頭: 145
呼符: 26
友情點: +0 / 1519320`
*連続ログイン4日目
※ログインが途切れるか、7日到達すると
1日目から再開されます*
`聖晶石 X 1
3月交換券(2022) X 1
`*「AnimeJapan 2022」出展記念 初回ログインボーナス*
*開催期間中、初回ログインで「聖晶石×10」をプレゼント！*
/webview/loginbonus/20220328_9akpb9/9akpb9_s_01.png
`聖晶石 X 10
`*「AnimeJapan 2022」出展記念 3万リツイート達成プレゼント*
*開催期間中、初回ログインで「聖晶石×6」をプレゼント！*
/webview/loginbonus/20220328_bm75k4/bm75k4_s_01.png
`聖晶石 X 6
``從者/禮裝數: 551 / 683`
_2022-03-27 19:36:17_
--------
`友情點數召喚累計792次

`[48a14ba1dd858b92594b71e0ed7d5311]
`登入天數: 11天 / 1591天
等級: 20
石頭: 1278
呼符: 49
友情點: +0 / 1428640`
*連続ログイン4日目
※ログインが途切れるか、7日到達すると
1日目から再開されます*
`聖晶石 X 1
3月交換券(2022) X 1
`*「AnimeJapan 2022」出展記念 初回ログインボーナス*
*開催期間中、初回ログインで「聖晶石×10」をプレゼント！*
/webview/loginbonus/20220328_9akpb9/9akpb9_s_01.png
`聖晶石 X 10
`*「AnimeJapan 2022」出展記念 3万リツイート達成プレゼント*
*開催期間中、初回ログインで「聖晶石×6」をプレゼント！*
/webview/loginbonus/20220328_bm75k4/bm75k4_s_01.png
`聖晶石 X 6
``從者/禮裝數: 610 / 685`
_2022-03-27 19:36:28_
--------
`友情點數召喚累計640次

`