【登入訊息】
[c5ab1b78563b1f9e4ee17ab01234bc5e]
`登入天數: 107天 / 1458天
等級: 92
石頭: 1948
呼符: 164
友情點: +0 / 1561145`
*連続ログイン2日目
※ログインが途切れるか、7日到達すると
1日目から再開されます*
`聖晶石 X 1
3月交換券(2022) X 1
``從者/禮裝數: 640 / 691`
_2022-03-28 19:35:17_
--------
`友情點數召喚累計1251次

`[d4825e10f75d83bc0cfb33b6768a8634]
`登入天數: 12天 / 1648天
等級: 19
石頭: 2161
呼符: 31
友情點: +20 / 1692195`
*連続ログイン5日目
※ログインが途切れるか、7日到達すると
1日目から再開されます*
`叡智の猛火 X 2
3月交換券(2022) X 1
``從者/禮裝數: 641 / 698`
_2022-03-28 19:35:29_
--------
`友情點數召喚累計810次

`[ff29db15be18f883ffccdf7ab23021a7]
`登入天數: 12天 / 1644天
等級: 18
石頭: 1267
呼符: 30
友情點: +0 / 1569530`
*連続ログイン5日目
※ログインが途切れるか、7日到達すると
1日目から再開されます*
`叡智の猛火 X 2
3月交換券(2022) X 1
``從者/禮裝數: 620 / 700`
_2022-03-28 19:35:40_
--------
[cc4787a257e3a46e268001195f780247]
`登入天數: 12天 / 1658天
等級: 18
石頭: 1879
呼符: 135
友情點: +0 / 1680270`
*連続ログイン5日目
※ログインが途切れるか、7日到達すると
1日目から再開されます*
`叡智の猛火 X 2
3月交換券(2022) X 1
``從者/禮裝數: 614 / 703`
_2022-03-28 19:35:49_
--------
[3f5599a008981ecf87f2dea9d1d83d6a]
`登入天數: 12天 / 1663天
等級: 18
石頭: 2162
呼符: 29
友情點: +0 / 1657775`
*連続ログイン5日目
※ログインが途切れるか、7日到達すると
1日目から再開されます*
`叡智の猛火 X 2
3月交換券(2022) X 1
``從者/禮裝數: 504 / 684`
_2022-03-28 19:35:58_
--------
`友情點數召喚累計870次

`[0d14e47d83c8b8400ed7555e0192724d]
`登入天數: 12天 / 1585天
等級: 20
石頭: 771
呼符: 31
友情點: +0 / 1537740`
*連続ログイン5日目
※ログインが途切れるか、7日到達すると
1日目から再開されます*
`叡智の猛火 X 2
3月交換券(2022) X 1
``從者/禮裝數: 553 / 666`
_2022-03-28 19:36:09_
--------
`友情點數召喚累計810次

`[d4c10e20929a4c973210db1453668b11]
`登入天數: 12天 / 1591天
等級: 19
石頭: 1965
呼符: 26
友情點: +0 / 1515745`
*連続ログイン5日目
※ログインが途切れるか、7日到達すると
1日目から再開されます*
`叡智の猛火 X 2
3月交換券(2022) X 1
``從者/禮裝數: 539 / 648`
_2022-03-28 19:36:21_
--------
`友情點數召喚累計780次

`[f0cc4e7ae2d4b30013f328b2cf7d6063]
`登入天數: 12天 / 1600天
等級: 20
石頭: 145
呼符: 26
友情點: +0 / 1519320`
*連続ログイン5日目
※ログインが途切れるか、7日到達すると
1日目から再開されます*
`叡智の猛火 X 2
3月交換券(2022) X 1
``從者/禮裝數: 553 / 687`
_2022-03-28 19:36:32_
--------
`友情點數召喚累計802次

`[48a14ba1dd858b92594b71e0ed7d5311]
`登入天數: 12天 / 1592天
等級: 20
石頭: 1278
呼符: 49
友情點: +0 / 1428640`
*連続ログイン5日目
※ログインが途切れるか、7日到達すると
1日目から再開されます*
`叡智の猛火 X 2
3月交換券(2022) X 1
``從者/禮裝數: 611 / 691`
_2022-03-28 19:36:44_
--------
`友情點數召喚累計650次

`