【登入訊息】
[c5ab1b78563b1f9e4ee17ab01234bc5e]
`登入天數: 108天 / 1459天
等級: 92
石頭: 1948
呼符: 164
友情點: +0 / 1561145`
*連続ログイン3日目
※ログインが途切れるか、7日到達すると
1日目から再開されます*
`叡智の猛火 X 1
3月交換券(2022) X 1
``從者/禮裝數: 640 / 699`
_2022-03-29 19:35:14_
--------
`友情點數召喚累計1261次

`[d4825e10f75d83bc0cfb33b6768a8634]
`登入天數: 13天 / 1649天
等級: 19
石頭: 2161
呼符: 31
友情點: +0 / 1692195`
*連続ログイン6日目
※ログインが途切れるか、7日到達すると
1日目から再開されます*
`聖晶石 X 2
3月交換券(2022) X 1
``從者/禮裝數: 644 / 704`
_2022-03-29 19:35:25_
--------
[ff29db15be18f883ffccdf7ab23021a7]
`登入天數: 13天 / 1645天
等級: 18
石頭: 1267
呼符: 30
友情點: +10 / 1569540`
*連続ログイン6日目
※ログインが途切れるか、7日到達すると
1日目から再開されます*
`聖晶石 X 2
3月交換券(2022) X 1
``從者/禮裝數: 620 / 700`
_2022-03-29 19:35:34_
--------
[cc4787a257e3a46e268001195f780247]
`登入天數: 13天 / 1659天
等級: 18
石頭: 1879
呼符: 135
友情點: +0 / 1680270`
*連続ログイン6日目
※ログインが途切れるか、7日到達すると
1日目から再開されます*
`聖晶石 X 2
3月交換券(2022) X 1
``從者/禮裝數: 614 / 703`
_2022-03-29 19:35:43_
--------
[3f5599a008981ecf87f2dea9d1d83d6a]
`登入天數: 13天 / 1664天
等級: 18
石頭: 2162
呼符: 29
友情點: +0 / 1657775`
*連続ログイン6日目
※ログインが途切れるか、7日到達すると
1日目から再開されます*
`聖晶石 X 2
3月交換券(2022) X 1
``從者/禮裝數: 504 / 690`
_2022-03-29 19:35:51_
--------
`友情點數召喚累計880次

`[0d14e47d83c8b8400ed7555e0192724d]
`登入天數: 13天 / 1586天
等級: 20
石頭: 771
呼符: 31
友情點: +20 / 1537760`
*連続ログイン6日目
※ログインが途切れるか、7日到達すると
1日目から再開されます*
`聖晶石 X 2
3月交換券(2022) X 1
``從者/禮裝數: 555 / 671`
_2022-03-29 19:36:02_
--------
`友情點數召喚累計820次

`[d4c10e20929a4c973210db1453668b11]
`登入天數: 13天 / 1592天
等級: 19
石頭: 1965
呼符: 26
友情點: +0 / 1515745`
*連続ログイン6日目
※ログインが途切れるか、7日到達すると
1日目から再開されます*
`聖晶石 X 2
3月交換券(2022) X 1
``從者/禮裝數: 541 / 655`
_2022-03-29 19:36:14_
--------
`友情點數召喚累計790次

`[f0cc4e7ae2d4b30013f328b2cf7d6063]
`登入天數: 13天 / 1601天
等級: 20
石頭: 145
呼符: 26
友情點: +0 / 1519320`
*連続ログイン6日目
※ログインが途切れるか、7日到達すると
1日目から再開されます*
`聖晶石 X 2
3月交換券(2022) X 1
``從者/禮裝數: 553 / 693`
_2022-03-29 19:36:25_
--------
`友情點數召喚累計812次

`[48a14ba1dd858b92594b71e0ed7d5311]
`登入天數: 13天 / 1593天
等級: 20
石頭: 1278
呼符: 49
友情點: +0 / 1428640`
*連続ログイン6日目
※ログインが途切れるか、7日到達すると
1日目から再開されます*
`聖晶石 X 2
3月交換券(2022) X 1
``從者/禮裝數: 612 / 698`
_2022-03-29 19:36:36_
--------
`友情點數召喚累計660次

`