【登入訊息】
[c5ab1b78563b1f9e4ee17ab01234bc5e]
`登入天數: 145天 / 2067天
等級: 92
石頭: 3493
呼符: 200
友情點: +0 / 1983505`
`從者/禮裝數: 877 / 904`
_2023-12-02 11:12:53_
--------
[d4825e10f75d83bc0cfb33b6768a8634]
`登入天數: 145天 / 2256天
等級: 19
石頭: 3310
呼符: 119
友情點: +20 / 2398400`
`從者/禮裝數: 863 / 902`
_2023-12-02 11:13:05_
--------
[ff29db15be18f883ffccdf7ab23021a7]
`登入天數: 145天 / 2252天
等級: 18
石頭: 2623
呼符: 94
友情點: +10 / 2150365`
`從者/禮裝數: 856 / 905`
_2023-12-02 11:13:17_
--------
[cc4787a257e3a46e268001195f780247]
`登入天數: 145天 / 2266天
等級: 18
石頭: 3414
呼符: 204
友情點: +0 / 2250115`
`從者/禮裝數: 847 / 900`
_2023-12-02 11:13:28_
--------
[3f5599a008981ecf87f2dea9d1d83d6a]
`登入天數: 145天 / 2271天
等級: 18
石頭: 2622
呼符: 94
友情點: +0 / 2082150`
`從者/禮裝數: 864 / 901`
_2023-12-02 11:13:39_
--------
[0d14e47d83c8b8400ed7555e0192724d]
`登入天數: 114天 / 2191天
等級: 21
石頭: 2278
呼符: 114
友情點: +20 / 2132805`
`從者/禮裝數: 785 / 903`
_2023-12-02 11:13:51_
--------
[d4c10e20929a4c973210db1453668b11]
`登入天數: 114天 / 2196天
等級: 20
石頭: 2281
呼符: 79
友情點: +0 / 1854020`
`從者/禮裝數: 854 / 902`
_2023-12-02 11:14:04_
--------
[f0cc4e7ae2d4b30013f328b2cf7d6063]
`登入天數: 114天 / 2204天
等級: 20
石頭: 1621
呼符: 155
友情點: +0 / 1945585`
`從者/禮裝數: 847 / 903`
_2023-12-02 11:14:15_
--------
[48a14ba1dd858b92594b71e0ed7d5311]
`登入天數: 114天 / 2194天
等級: 20
石頭: 2716
呼符: 201
友情點: +0 / 1854985`
`從者/禮裝數: 900 / 889`
_2023-12-02 11:14:26_
--------
