【登入訊息】
[c5ab1b78563b1f9e4ee17ab01234bc5e]
`登入天數: 3天 / 2093天
等級: 92
石頭: 3493
呼符: 200
友情點: +0 / 1983505`
*連続ログイン3日目
※ログインが途切れるか、7日到達すると
1日目から再開されます*
`叡智の業火 X 1
12月交換券(2023) X 1
`*「FGO カルデア・サテライトステーション 2023-2024」京都会場開催直前 ログインボーナス*
*開催期間中、1日1回 最大3回 ログインボーナスをプレゼント！*
/webview/loginbonus/20231227_hyip3u/hyip3u_k_03.png
`黄金の果実 X 1
`*Fate Project 大晦日TVスペシャル2023 放送カウントダウンログインボーナス*
*開催期間中、1日1回 3日間日替りでログインボーナスをプレゼント！*
/webview/loginbonus/20231229_kefnk7/kefnk7_s_01.png
`黄金の果実 X 1
`*雪原のメリー・クリスマス2023 ～7days / 8years Snow Carol～開幕記念 ログインボーナス*
*開催期間中、1日1回 最大10回ログインボーナスをプレゼント！*
/webview/loginbonus/20231220_w9p4bf/w9p4bf_k_08.png
`黄金の果実 X 1
``從者/禮裝數: 877 / 904`
_2023-12-28 19:35:40_
--------
[d4825e10f75d83bc0cfb33b6768a8634]
`登入天數: 3天 / 2282天
等級: 19
石頭: 3310
呼符: 119
友情點: +580 / 2416400`
*連続ログイン3日目
※ログインが途切れるか、7日到達すると
1日目から再開されます*
`叡智の業火 X 1
12月交換券(2023) X 1
`*「FGO カルデア・サテライトステーション 2023-2024」京都会場開催直前 ログインボーナス*
*開催期間中、1日1回 最大3回 ログインボーナスをプレゼント！*
/webview/loginbonus/20231227_hyip3u/hyip3u_k_03.png
`黄金の果実 X 1
`*Fate Project 大晦日TVスペシャル2023 放送カウントダウンログインボーナス*
*開催期間中、1日1回 3日間日替りでログインボーナスをプレゼント！*
/webview/loginbonus/20231229_kefnk7/kefnk7_s_01.png
`黄金の果実 X 1
`*雪原のメリー・クリスマス2023 ～7days / 8years Snow Carol～開幕記念 ログインボーナス*
*開催期間中、1日1回 最大10回ログインボーナスをプレゼント！*
/webview/loginbonus/20231220_w9p4bf/w9p4bf_k_08.png
`黄金の果実 X 1
``從者/禮裝數: 863 / 902`
_2023-12-28 19:35:49_
--------
[ff29db15be18f883ffccdf7ab23021a7]
`登入天數: 3天 / 2278天
等級: 18
石頭: 2623
呼符: 94
友情點: +250 / 2157455`
*連続ログイン3日目
※ログインが途切れるか、7日到達すると
1日目から再開されます*
`叡智の業火 X 1
12月交換券(2023) X 1
`*「FGO カルデア・サテライトステーション 2023-2024」京都会場開催直前 ログインボーナス*
*開催期間中、1日1回 最大3回 ログインボーナスをプレゼント！*
/webview/loginbonus/20231227_hyip3u/hyip3u_k_03.png
`黄金の果実 X 1
`*Fate Project 大晦日TVスペシャル2023 放送カウントダウンログインボーナス*
*開催期間中、1日1回 3日間日替りでログインボーナスをプレゼント！*
/webview/loginbonus/20231229_kefnk7/kefnk7_s_01.png
`黄金の果実 X 1
`*雪原のメリー・クリスマス2023 ～7days / 8years Snow Carol～開幕記念 ログインボーナス*
*開催期間中、1日1回 最大10回ログインボーナスをプレゼント！*
/webview/loginbonus/20231220_w9p4bf/w9p4bf_k_08.png
`黄金の果実 X 1
``從者/禮裝數: 856 / 905`
_2023-12-28 19:35:58_
--------
[cc4787a257e3a46e268001195f780247]
`登入天數: 3天 / 2292天
等級: 18
石頭: 3414
呼符: 204
友情點: +330 / 2258835`
*連続ログイン3日目
※ログインが途切れるか、7日到達すると
1日目から再開されます*
`叡智の業火 X 1
12月交換券(2023) X 1
`*「FGO カルデア・サテライトステーション 2023-2024」京都会場開催直前 ログインボーナス*
*開催期間中、1日1回 最大3回 ログインボーナスをプレゼント！*
/webview/loginbonus/20231227_hyip3u/hyip3u_k_03.png
`黄金の果実 X 1
`*Fate Project 大晦日TVスペシャル2023 放送カウントダウンログインボーナス*
*開催期間中、1日1回 3日間日替りでログインボーナスをプレゼント！*
/webview/loginbonus/20231229_kefnk7/kefnk7_s_01.png
`黄金の果実 X 1
`*雪原のメリー・クリスマス2023 ～7days / 8years Snow Carol～開幕記念 ログインボーナス*
*開催期間中、1日1回 最大10回ログインボーナスをプレゼント！*
/webview/loginbonus/20231220_w9p4bf/w9p4bf_k_08.png
`黄金の果実 X 1
``從者/禮裝數: 847 / 900`
_2023-12-28 19:36:06_
--------
[3f5599a008981ecf87f2dea9d1d83d6a]
`登入天數: 3天 / 2297天
等級: 18
石頭: 2622
呼符: 94
友情點: +0 / 2082150`
*連続ログイン3日目
※ログインが途切れるか、7日到達すると
1日目から再開されます*
`叡智の業火 X 1
12月交換券(2023) X 1
`*「FGO カルデア・サテライトステーション 2023-2024」京都会場開催直前 ログインボーナス*
*開催期間中、1日1回 最大3回 ログインボーナスをプレゼント！*
/webview/loginbonus/20231227_hyip3u/hyip3u_k_03.png
`黄金の果実 X 1
`*Fate Project 大晦日TVスペシャル2023 放送カウントダウンログインボーナス*
*開催期間中、1日1回 3日間日替りでログインボーナスをプレゼント！*
/webview/loginbonus/20231229_kefnk7/kefnk7_s_01.png
`黄金の果実 X 1
`*雪原のメリー・クリスマス2023 ～7days / 8years Snow Carol～開幕記念 ログインボーナス*
*開催期間中、1日1回 最大10回ログインボーナスをプレゼント！*
/webview/loginbonus/20231220_w9p4bf/w9p4bf_k_08.png
`黄金の果実 X 1
``從者/禮裝數: 864 / 901`
_2023-12-28 19:36:15_
--------
[0d14e47d83c8b8400ed7555e0192724d]
`登入天數: 3天 / 2217天
等級: 21
石頭: 2278
呼符: 114
友情點: +200 / 2140415`
*連続ログイン3日目
※ログインが途切れるか、7日到達すると
1日目から再開されます*
`叡智の業火 X 1
12月交換券(2023) X 1
`*「FGO カルデア・サテライトステーション 2023-2024」京都会場開催直前 ログインボーナス*
*開催期間中、1日1回 最大3回 ログインボーナスをプレゼント！*
/webview/loginbonus/20231227_hyip3u/hyip3u_k_03.png
`黄金の果実 X 1
`*Fate Project 大晦日TVスペシャル2023 放送カウントダウンログインボーナス*
*開催期間中、1日1回 3日間日替りでログインボーナスをプレゼント！*
/webview/loginbonus/20231229_kefnk7/kefnk7_s_01.png
`黄金の果実 X 1
`*雪原のメリー・クリスマス2023 ～7days / 8years Snow Carol～開幕記念 ログインボーナス*
*開催期間中、1日1回 最大10回ログインボーナスをプレゼント！*
/webview/loginbonus/20231220_w9p4bf/w9p4bf_k_08.png
`黄金の果実 X 1
``從者/禮裝數: 785 / 903`
_2023-12-28 19:36:24_
--------
[d4c10e20929a4c973210db1453668b11]
`登入天數: 3天 / 2222天
等級: 20
石頭: 2281
呼符: 79
友情點: +0 / 1854020`
*連続ログイン3日目
※ログインが途切れるか、7日到達すると
1日目から再開されます*
`叡智の業火 X 1
12月交換券(2023) X 1
`*「FGO カルデア・サテライトステーション 2023-2024」京都会場開催直前 ログインボーナス*
*開催期間中、1日1回 最大3回 ログインボーナスをプレゼント！*
/webview/loginbonus/20231227_hyip3u/hyip3u_k_03.png
`黄金の果実 X 1
`*Fate Project 大晦日TVスペシャル2023 放送カウントダウンログインボーナス*
*開催期間中、1日1回 3日間日替りでログインボーナスをプレゼント！*
/webview/loginbonus/20231229_kefnk7/kefnk7_s_01.png
`黄金の果実 X 1
`*雪原のメリー・クリスマス2023 ～7days / 8years Snow Carol～開幕記念 ログインボーナス*
*開催期間中、1日1回 最大10回ログインボーナスをプレゼント！*
/webview/loginbonus/20231220_w9p4bf/w9p4bf_k_08.png
`黄金の果実 X 1
``從者/禮裝數: 854 / 902`
_2023-12-28 19:36:33_
--------
[f0cc4e7ae2d4b30013f328b2cf7d6063]
`登入天數: 3天 / 2230天
等級: 20
石頭: 1621
呼符: 155
友情點: +0 / 1945585`
*連続ログイン3日目
※ログインが途切れるか、7日到達すると
1日目から再開されます*
`叡智の業火 X 1
12月交換券(2023) X 1
`*「FGO カルデア・サテライトステーション 2023-2024」京都会場開催直前 ログインボーナス*
*開催期間中、1日1回 最大3回 ログインボーナスをプレゼント！*
/webview/loginbonus/20231227_hyip3u/hyip3u_k_03.png
`黄金の果実 X 1
`*Fate Project 大晦日TVスペシャル2023 放送カウントダウンログインボーナス*
*開催期間中、1日1回 3日間日替りでログインボーナスをプレゼント！*
/webview/loginbonus/20231229_kefnk7/kefnk7_s_01.png
`黄金の果実 X 1
`*雪原のメリー・クリスマス2023 ～7days / 8years Snow Carol～開幕記念 ログインボーナス*
*開催期間中、1日1回 最大10回ログインボーナスをプレゼント！*
/webview/loginbonus/20231220_w9p4bf/w9p4bf_k_08.png
`黄金の果実 X 1
``從者/禮裝數: 847 / 903`
_2023-12-28 19:36:42_
--------
[48a14ba1dd858b92594b71e0ed7d5311]
`登入天數: 3天 / 2220天
等級: 20
石頭: 2716
呼符: 201
友情點: +0 / 1854985`
*連続ログイン3日目
※ログインが途切れるか、7日到達すると
1日目から再開されます*
`叡智の業火 X 1
12月交換券(2023) X 1
`*「FGO カルデア・サテライトステーション 2023-2024」京都会場開催直前 ログインボーナス*
*開催期間中、1日1回 最大3回 ログインボーナスをプレゼント！*
/webview/loginbonus/20231227_hyip3u/hyip3u_k_03.png
`黄金の果実 X 1
`*Fate Project 大晦日TVスペシャル2023 放送カウントダウンログインボーナス*
*開催期間中、1日1回 3日間日替りでログインボーナスをプレゼント！*
/webview/loginbonus/20231229_kefnk7/kefnk7_s_01.png
`黄金の果実 X 1
`*雪原のメリー・クリスマス2023 ～7days / 8years Snow Carol～開幕記念 ログインボーナス*
*開催期間中、1日1回 最大10回ログインボーナスをプレゼント！*
/webview/loginbonus/20231220_w9p4bf/w9p4bf_k_08.png
`黄金の果実 X 1
``從者/禮裝數: 900 / 889`
_2023-12-28 19:36:51_
--------
