【登入訊息】
[c5ab1b78563b1f9e4ee17ab01234bc5e]
`登入天數: 4天 / 2094天
等級: 92
石頭: 3493
呼符: 200
友情點: +0 / 1983505`
*連続ログイン4日目
※ログインが途切れるか、7日到達すると
1日目から再開されます*
`聖晶石 X 1
12月交換券(2023) X 1
`*「FGO カルデア・サテライトステーション 2023-2024」京都会場開催記念 3万リポスト達成プレゼント*
*開催期間中、初回ログインで「聖晶石×6」をプレゼント！*
/webview/loginbonus/20231230_eaj3b8/eaj3b8_s_01.png
`聖晶石 X 6
`*「FGO カルデア・サテライトステーション 2023-2024」京都会場開催記念 初回ログインボーナス*
*開催期間中、初回ログインで「聖晶石×10」をプレゼント！*
/webview/loginbonus/20231230_e9uz9p/e9uz9p_s_01.png
`聖晶石 X 10
`*Fate Project 大晦日TVスペシャル2023 放送カウントダウンログインボーナス*
*開催期間中、1日1回 3日間日替りでログインボーナスをプレゼント！*
/webview/loginbonus/20231230_d8z7xc/d8z7xc_s_01.png
`黄金の果実 X 1
`*雪原のメリー・クリスマス2023 ～7days / 8years Snow Carol～開幕記念 ログインボーナス*
*開催期間中、1日1回 最大10回ログインボーナスをプレゼント！*
/webview/loginbonus/20231220_w9p4bf/w9p4bf_k_09.png
`白銀の果実 X 1
``從者/禮裝數: 877 / 904`
_2023-12-29 19:35:33_
--------
[d4825e10f75d83bc0cfb33b6768a8634]
`登入天數: 4天 / 2283天
等級: 19
石頭: 3310
呼符: 119
友情點: +320 / 2416720`
*連続ログイン4日目
※ログインが途切れるか、7日到達すると
1日目から再開されます*
`聖晶石 X 1
12月交換券(2023) X 1
`*「FGO カルデア・サテライトステーション 2023-2024」京都会場開催記念 3万リポスト達成プレゼント*
*開催期間中、初回ログインで「聖晶石×6」をプレゼント！*
/webview/loginbonus/20231230_eaj3b8/eaj3b8_s_01.png
`聖晶石 X 6
`*「FGO カルデア・サテライトステーション 2023-2024」京都会場開催記念 初回ログインボーナス*
*開催期間中、初回ログインで「聖晶石×10」をプレゼント！*
/webview/loginbonus/20231230_e9uz9p/e9uz9p_s_01.png
`聖晶石 X 10
`*Fate Project 大晦日TVスペシャル2023 放送カウントダウンログインボーナス*
*開催期間中、1日1回 3日間日替りでログインボーナスをプレゼント！*
/webview/loginbonus/20231230_d8z7xc/d8z7xc_s_01.png
`黄金の果実 X 1
`*雪原のメリー・クリスマス2023 ～7days / 8years Snow Carol～開幕記念 ログインボーナス*
*開催期間中、1日1回 最大10回ログインボーナスをプレゼント！*
/webview/loginbonus/20231220_w9p4bf/w9p4bf_k_09.png
`白銀の果実 X 1
``從者/禮裝數: 863 / 902`
_2023-12-29 19:35:41_
--------
[ff29db15be18f883ffccdf7ab23021a7]
`登入天數: 4天 / 2279天
等級: 18
石頭: 2623
呼符: 94
友情點: +280 / 2157735`
*連続ログイン4日目
※ログインが途切れるか、7日到達すると
1日目から再開されます*
`聖晶石 X 1
12月交換券(2023) X 1
`*「FGO カルデア・サテライトステーション 2023-2024」京都会場開催記念 3万リポスト達成プレゼント*
*開催期間中、初回ログインで「聖晶石×6」をプレゼント！*
/webview/loginbonus/20231230_eaj3b8/eaj3b8_s_01.png
`聖晶石 X 6
`*「FGO カルデア・サテライトステーション 2023-2024」京都会場開催記念 初回ログインボーナス*
*開催期間中、初回ログインで「聖晶石×10」をプレゼント！*
/webview/loginbonus/20231230_e9uz9p/e9uz9p_s_01.png
`聖晶石 X 10
`*Fate Project 大晦日TVスペシャル2023 放送カウントダウンログインボーナス*
*開催期間中、1日1回 3日間日替りでログインボーナスをプレゼント！*
/webview/loginbonus/20231230_d8z7xc/d8z7xc_s_01.png
`黄金の果実 X 1
`*雪原のメリー・クリスマス2023 ～7days / 8years Snow Carol～開幕記念 ログインボーナス*
*開催期間中、1日1回 最大10回ログインボーナスをプレゼント！*
/webview/loginbonus/20231220_w9p4bf/w9p4bf_k_09.png
`白銀の果実 X 1
``從者/禮裝數: 856 / 905`
_2023-12-29 19:35:50_
--------
[cc4787a257e3a46e268001195f780247]
`登入天數: 4天 / 2293天
等級: 18
石頭: 3414
呼符: 204
友情點: +190 / 2259025`
*連続ログイン4日目
※ログインが途切れるか、7日到達すると
1日目から再開されます*
`聖晶石 X 1
12月交換券(2023) X 1
`*「FGO カルデア・サテライトステーション 2023-2024」京都会場開催記念 3万リポスト達成プレゼント*
*開催期間中、初回ログインで「聖晶石×6」をプレゼント！*
/webview/loginbonus/20231230_eaj3b8/eaj3b8_s_01.png
`聖晶石 X 6
`*「FGO カルデア・サテライトステーション 2023-2024」京都会場開催記念 初回ログインボーナス*
*開催期間中、初回ログインで「聖晶石×10」をプレゼント！*
/webview/loginbonus/20231230_e9uz9p/e9uz9p_s_01.png
`聖晶石 X 10
`*Fate Project 大晦日TVスペシャル2023 放送カウントダウンログインボーナス*
*開催期間中、1日1回 3日間日替りでログインボーナスをプレゼント！*
/webview/loginbonus/20231230_d8z7xc/d8z7xc_s_01.png
`黄金の果実 X 1
`*雪原のメリー・クリスマス2023 ～7days / 8years Snow Carol～開幕記念 ログインボーナス*
*開催期間中、1日1回 最大10回ログインボーナスをプレゼント！*
/webview/loginbonus/20231220_w9p4bf/w9p4bf_k_09.png
`白銀の果実 X 1
``從者/禮裝數: 847 / 900`
_2023-12-29 19:35:58_
--------
[3f5599a008981ecf87f2dea9d1d83d6a]
`登入天數: 4天 / 2298天
等級: 18
石頭: 2622
呼符: 94
友情點: +0 / 2082150`
*連続ログイン4日目
※ログインが途切れるか、7日到達すると
1日目から再開されます*
`聖晶石 X 1
12月交換券(2023) X 1
`*「FGO カルデア・サテライトステーション 2023-2024」京都会場開催記念 3万リポスト達成プレゼント*
*開催期間中、初回ログインで「聖晶石×6」をプレゼント！*
/webview/loginbonus/20231230_eaj3b8/eaj3b8_s_01.png
`聖晶石 X 6
`*「FGO カルデア・サテライトステーション 2023-2024」京都会場開催記念 初回ログインボーナス*
*開催期間中、初回ログインで「聖晶石×10」をプレゼント！*
/webview/loginbonus/20231230_e9uz9p/e9uz9p_s_01.png
`聖晶石 X 10
`*Fate Project 大晦日TVスペシャル2023 放送カウントダウンログインボーナス*
*開催期間中、1日1回 3日間日替りでログインボーナスをプレゼント！*
/webview/loginbonus/20231230_d8z7xc/d8z7xc_s_01.png
`黄金の果実 X 1
`*雪原のメリー・クリスマス2023 ～7days / 8years Snow Carol～開幕記念 ログインボーナス*
*開催期間中、1日1回 最大10回ログインボーナスをプレゼント！*
/webview/loginbonus/20231220_w9p4bf/w9p4bf_k_09.png
`白銀の果実 X 1
``從者/禮裝數: 864 / 901`
_2023-12-29 19:36:06_
--------
[0d14e47d83c8b8400ed7555e0192724d]
`登入天數: 4天 / 2218天
等級: 21
石頭: 2278
呼符: 114
友情點: +180 / 2140595`
*連続ログイン4日目
※ログインが途切れるか、7日到達すると
1日目から再開されます*
`聖晶石 X 1
12月交換券(2023) X 1
`*「FGO カルデア・サテライトステーション 2023-2024」京都会場開催記念 3万リポスト達成プレゼント*
*開催期間中、初回ログインで「聖晶石×6」をプレゼント！*
/webview/loginbonus/20231230_eaj3b8/eaj3b8_s_01.png
`聖晶石 X 6
`*「FGO カルデア・サテライトステーション 2023-2024」京都会場開催記念 初回ログインボーナス*
*開催期間中、初回ログインで「聖晶石×10」をプレゼント！*
/webview/loginbonus/20231230_e9uz9p/e9uz9p_s_01.png
`聖晶石 X 10
`*Fate Project 大晦日TVスペシャル2023 放送カウントダウンログインボーナス*
*開催期間中、1日1回 3日間日替りでログインボーナスをプレゼント！*
/webview/loginbonus/20231230_d8z7xc/d8z7xc_s_01.png
`黄金の果実 X 1
`*雪原のメリー・クリスマス2023 ～7days / 8years Snow Carol～開幕記念 ログインボーナス*
*開催期間中、1日1回 最大10回ログインボーナスをプレゼント！*
/webview/loginbonus/20231220_w9p4bf/w9p4bf_k_09.png
`白銀の果実 X 1
``從者/禮裝數: 785 / 903`
_2023-12-29 19:36:15_
--------
[d4c10e20929a4c973210db1453668b11]
`登入天數: 4天 / 2223天
等級: 20
石頭: 2281
呼符: 79
友情點: +0 / 1854020`
*連続ログイン4日目
※ログインが途切れるか、7日到達すると
1日目から再開されます*
`聖晶石 X 1
12月交換券(2023) X 1
`*「FGO カルデア・サテライトステーション 2023-2024」京都会場開催記念 3万リポスト達成プレゼント*
*開催期間中、初回ログインで「聖晶石×6」をプレゼント！*
/webview/loginbonus/20231230_eaj3b8/eaj3b8_s_01.png
`聖晶石 X 6
`*「FGO カルデア・サテライトステーション 2023-2024」京都会場開催記念 初回ログインボーナス*
*開催期間中、初回ログインで「聖晶石×10」をプレゼント！*
/webview/loginbonus/20231230_e9uz9p/e9uz9p_s_01.png
`聖晶石 X 10
`*Fate Project 大晦日TVスペシャル2023 放送カウントダウンログインボーナス*
*開催期間中、1日1回 3日間日替りでログインボーナスをプレゼント！*
/webview/loginbonus/20231230_d8z7xc/d8z7xc_s_01.png
`黄金の果実 X 1
`*雪原のメリー・クリスマス2023 ～7days / 8years Snow Carol～開幕記念 ログインボーナス*
*開催期間中、1日1回 最大10回ログインボーナスをプレゼント！*
/webview/loginbonus/20231220_w9p4bf/w9p4bf_k_09.png
`白銀の果実 X 1
``從者/禮裝數: 854 / 902`
_2023-12-29 19:36:24_
--------
[f0cc4e7ae2d4b30013f328b2cf7d6063]
`登入天數: 4天 / 2231天
等級: 20
石頭: 1621
呼符: 155
友情點: +0 / 1945585`
*連続ログイン4日目
※ログインが途切れるか、7日到達すると
1日目から再開されます*
`聖晶石 X 1
12月交換券(2023) X 1
`*「FGO カルデア・サテライトステーション 2023-2024」京都会場開催記念 3万リポスト達成プレゼント*
*開催期間中、初回ログインで「聖晶石×6」をプレゼント！*
/webview/loginbonus/20231230_eaj3b8/eaj3b8_s_01.png
`聖晶石 X 6
`*「FGO カルデア・サテライトステーション 2023-2024」京都会場開催記念 初回ログインボーナス*
*開催期間中、初回ログインで「聖晶石×10」をプレゼント！*
/webview/loginbonus/20231230_e9uz9p/e9uz9p_s_01.png
`聖晶石 X 10
`*Fate Project 大晦日TVスペシャル2023 放送カウントダウンログインボーナス*
*開催期間中、1日1回 3日間日替りでログインボーナスをプレゼント！*
/webview/loginbonus/20231230_d8z7xc/d8z7xc_s_01.png
`黄金の果実 X 1
`*雪原のメリー・クリスマス2023 ～7days / 8years Snow Carol～開幕記念 ログインボーナス*
*開催期間中、1日1回 最大10回ログインボーナスをプレゼント！*
/webview/loginbonus/20231220_w9p4bf/w9p4bf_k_09.png
`白銀の果実 X 1
``從者/禮裝數: 847 / 903`
_2023-12-29 19:36:32_
--------
[48a14ba1dd858b92594b71e0ed7d5311]
`登入天數: 4天 / 2221天
等級: 20
石頭: 2716
呼符: 201
友情點: +0 / 1854985`
*連続ログイン4日目
※ログインが途切れるか、7日到達すると
1日目から再開されます*
`聖晶石 X 1
12月交換券(2023) X 1
`*「FGO カルデア・サテライトステーション 2023-2024」京都会場開催記念 3万リポスト達成プレゼント*
*開催期間中、初回ログインで「聖晶石×6」をプレゼント！*
/webview/loginbonus/20231230_eaj3b8/eaj3b8_s_01.png
`聖晶石 X 6
`*「FGO カルデア・サテライトステーション 2023-2024」京都会場開催記念 初回ログインボーナス*
*開催期間中、初回ログインで「聖晶石×10」をプレゼント！*
/webview/loginbonus/20231230_e9uz9p/e9uz9p_s_01.png
`聖晶石 X 10
`*Fate Project 大晦日TVスペシャル2023 放送カウントダウンログインボーナス*
*開催期間中、1日1回 3日間日替りでログインボーナスをプレゼント！*
/webview/loginbonus/20231230_d8z7xc/d8z7xc_s_01.png
`黄金の果実 X 1
`*雪原のメリー・クリスマス2023 ～7days / 8years Snow Carol～開幕記念 ログインボーナス*
*開催期間中、1日1回 最大10回ログインボーナスをプレゼント！*
/webview/loginbonus/20231220_w9p4bf/w9p4bf_k_09.png
`白銀の果実 X 1
``從者/禮裝數: 900 / 889`
_2023-12-29 19:36:41_
--------
