【登入訊息】
[c5ab1b78563b1f9e4ee17ab01234bc5e]
`登入天數: 93天 / 2015天
等級: 92
石頭: 3493
呼符: 200
友情點: +0 / 1983505`
*連続ログイン2日目
※ログインが途切れるか、7日到達すると
1日目から再開されます*
`聖晶石 X 1
10月交換券(2023) X 1
`*ワンジナ・ワールドツアー！ ～大精霊と巡る世界一周～開幕記念 ログインボーナス*
*開催期間中、1日1回 最大21回ログインボーナスをプレゼント！*
/webview/loginbonus/20230920_xam8br/xam8br_k_21.png
`白銀の果実 X 1
``從者/禮裝數: 877 / 904`
_2023-10-10 19:36:45_
--------
[d4825e10f75d83bc0cfb33b6768a8634]
`登入天數: 93天 / 2204天
等級: 19
石頭: 3310
呼符: 119
友情點: +340 / 2354220`
*連続ログイン2日目
※ログインが途切れるか、7日到達すると
1日目から再開されます*
`聖晶石 X 1
10月交換券(2023) X 1
`*ワンジナ・ワールドツアー！ ～大精霊と巡る世界一周～開幕記念 ログインボーナス*
*開催期間中、1日1回 最大21回ログインボーナスをプレゼント！*
/webview/loginbonus/20230920_xam8br/xam8br_k_21.png
`白銀の果実 X 1
``從者/禮裝數: 863 / 902`
_2023-10-10 19:36:54_
--------
[ff29db15be18f883ffccdf7ab23021a7]
`登入天數: 93天 / 2200天
等級: 18
石頭: 2623
呼符: 94
友情點: +100 / 2125025`
*連続ログイン2日目
※ログインが途切れるか、7日到達すると
1日目から再開されます*
`聖晶石 X 1
10月交換券(2023) X 1
`*ワンジナ・ワールドツアー！ ～大精霊と巡る世界一周～開幕記念 ログインボーナス*
*開催期間中、1日1回 最大21回ログインボーナスをプレゼント！*
/webview/loginbonus/20230920_xam8br/xam8br_k_21.png
`白銀の果実 X 1
``從者/禮裝數: 856 / 905`
_2023-10-10 19:37:04_
--------
[cc4787a257e3a46e268001195f780247]
`登入天數: 93天 / 2214天
等級: 18
石頭: 3414
呼符: 204
友情點: +240 / 2228705`
*連続ログイン2日目
※ログインが途切れるか、7日到達すると
1日目から再開されます*
`聖晶石 X 1
10月交換券(2023) X 1
`*ワンジナ・ワールドツアー！ ～大精霊と巡る世界一周～開幕記念 ログインボーナス*
*開催期間中、1日1回 最大21回ログインボーナスをプレゼント！*
/webview/loginbonus/20230920_xam8br/xam8br_k_21.png
`白銀の果実 X 1
``從者/禮裝數: 847 / 900`
_2023-10-10 19:37:14_
--------
[3f5599a008981ecf87f2dea9d1d83d6a]
`登入天數: 93天 / 2219天
等級: 18
石頭: 2622
呼符: 94
友情點: +0 / 2082150`
*連続ログイン2日目
※ログインが途切れるか、7日到達すると
1日目から再開されます*
`聖晶石 X 1
10月交換券(2023) X 1
`*ワンジナ・ワールドツアー！ ～大精霊と巡る世界一周～開幕記念 ログインボーナス*
*開催期間中、1日1回 最大21回ログインボーナスをプレゼント！*
/webview/loginbonus/20230920_xam8br/xam8br_k_21.png
`白銀の果実 X 1
``從者/禮裝數: 864 / 901`
_2023-10-10 19:37:24_
--------
[0d14e47d83c8b8400ed7555e0192724d]
`登入天數: 62天 / 2139天
等級: 21
石頭: 2278
呼符: 114
友情點: +140 / 2102695`
*連続ログイン6日目
※ログインが途切れるか、7日到達すると
1日目から再開されます*
`聖晶石 X 2
10月交換券(2023) X 1
`*ワンジナ・ワールドツアー！ ～大精霊と巡る世界一周～開幕記念 ログインボーナス*
*開催期間中、1日1回 最大21回ログインボーナスをプレゼント！*
/webview/loginbonus/20230920_xam8br/xam8br_k_21.png
`白銀の果実 X 1
``從者/禮裝數: 785 / 903`
_2023-10-10 19:37:34_
--------
[d4c10e20929a4c973210db1453668b11]
`登入天數: 62天 / 2144天
等級: 20
石頭: 2281
呼符: 79
友情點: +0 / 1854020`
*連続ログイン6日目
※ログインが途切れるか、7日到達すると
1日目から再開されます*
`聖晶石 X 2
10月交換券(2023) X 1
`*ワンジナ・ワールドツアー！ ～大精霊と巡る世界一周～開幕記念 ログインボーナス*
*開催期間中、1日1回 最大21回ログインボーナスをプレゼント！*
/webview/loginbonus/20230920_xam8br/xam8br_k_21.png
`白銀の果実 X 1
``從者/禮裝數: 854 / 902`
_2023-10-10 19:37:43_
--------
[f0cc4e7ae2d4b30013f328b2cf7d6063]
`登入天數: 62天 / 2152天
等級: 20
石頭: 1621
呼符: 155
友情點: +0 / 1945585`
*連続ログイン6日目
※ログインが途切れるか、7日到達すると
1日目から再開されます*
`聖晶石 X 2
10月交換券(2023) X 1
`*ワンジナ・ワールドツアー！ ～大精霊と巡る世界一周～開幕記念 ログインボーナス*
*開催期間中、1日1回 最大21回ログインボーナスをプレゼント！*
/webview/loginbonus/20230920_xam8br/xam8br_k_21.png
`白銀の果実 X 1
``從者/禮裝數: 847 / 903`
_2023-10-10 19:37:54_
--------
[48a14ba1dd858b92594b71e0ed7d5311]
`登入天數: 62天 / 2142天
等級: 20
石頭: 2716
呼符: 201
友情點: +0 / 1854985`
*連続ログイン6日目
※ログインが途切れるか、7日到達すると
1日目から再開されます*
`聖晶石 X 2
10月交換券(2023) X 1
`*ワンジナ・ワールドツアー！ ～大精霊と巡る世界一周～開幕記念 ログインボーナス*
*開催期間中、1日1回 最大21回ログインボーナスをプレゼント！*
/webview/loginbonus/20230920_xam8br/xam8br_k_21.png
`白銀の果実 X 1
``從者/禮裝數: 900 / 889`
_2023-10-10 19:38:03_
--------
