【登入訊息】
[c5ab1b78563b1f9e4ee17ab01234bc5e]
`登入天數: 103天 / 2025天
等級: 92
石頭: 3493
呼符: 200
友情點: +0 / 1983505`
*連続ログイン5日目
※ログインが途切れるか、7日到達すると
1日目から再開されます*
`叡智の業火 X 2
10月交換券(2023) X 1
`*日替りログインボーナス*
*開催期間中、1日1回 2週間日替りでログインボーナスをプレゼント！*
/webview/loginbonus/20231021_i72a10/i72a10_s_01.png
`聖晶石 X 2
巡霊の葉 X 100
`*【リリース3000日突破記念特別】
ログインボーナス*
*開催期間中、1日1回 最大7回 回数ログインボーナスをプレゼント！*
/webview/loginbonus/20231015_j7g8yb/j7g8yb_k_06.png
`黄金の果実 X 1
星見のティーポット X 3
`*聖杯戦線 ～白天の城、黒夜の城～開幕直前特別ログインボーナス*
*開催期間中、1日1回 最大7回ログインボーナスをプレゼント！*
/webview/loginbonus/20231019_x1bmdi/x1bmdi_k_03.png
`聖晶石 X 3
``從者/禮裝數: 877 / 904`
_2023-10-20 19:36:57_
--------
[d4825e10f75d83bc0cfb33b6768a8634]
`登入天數: 103天 / 2214天
等級: 19
石頭: 3310
呼符: 119
友情點: +1320 / 2361720`
*連続ログイン5日目
※ログインが途切れるか、7日到達すると
1日目から再開されます*
`叡智の業火 X 2
10月交換券(2023) X 1
`*日替りログインボーナス*
*開催期間中、1日1回 2週間日替りでログインボーナスをプレゼント！*
/webview/loginbonus/20231021_i72a10/i72a10_s_01.png
`聖晶石 X 2
巡霊の葉 X 100
`*【リリース3000日突破記念特別】
ログインボーナス*
*開催期間中、1日1回 最大7回 回数ログインボーナスをプレゼント！*
/webview/loginbonus/20231015_j7g8yb/j7g8yb_k_06.png
`黄金の果実 X 1
星見のティーポット X 3
`*聖杯戦線 ～白天の城、黒夜の城～開幕直前特別ログインボーナス*
*開催期間中、1日1回 最大7回ログインボーナスをプレゼント！*
/webview/loginbonus/20231019_x1bmdi/x1bmdi_k_03.png
`聖晶石 X 3
``從者/禮裝數: 863 / 902`
_2023-10-20 19:37:06_
--------
[ff29db15be18f883ffccdf7ab23021a7]
`登入天數: 103天 / 2210天
等級: 18
石頭: 2623
呼符: 94
友情點: +580 / 2129565`
*連続ログイン5日目
※ログインが途切れるか、7日到達すると
1日目から再開されます*
`叡智の業火 X 2
10月交換券(2023) X 1
`*日替りログインボーナス*
*開催期間中、1日1回 2週間日替りでログインボーナスをプレゼント！*
/webview/loginbonus/20231021_i72a10/i72a10_s_01.png
`聖晶石 X 2
巡霊の葉 X 100
`*【リリース3000日突破記念特別】
ログインボーナス*
*開催期間中、1日1回 最大7回 回数ログインボーナスをプレゼント！*
/webview/loginbonus/20231015_j7g8yb/j7g8yb_k_06.png
`黄金の果実 X 1
星見のティーポット X 3
`*聖杯戦線 ～白天の城、黒夜の城～開幕直前特別ログインボーナス*
*開催期間中、1日1回 最大7回ログインボーナスをプレゼント！*
/webview/loginbonus/20231019_x1bmdi/x1bmdi_k_03.png
`聖晶石 X 3
``從者/禮裝數: 856 / 905`
_2023-10-20 19:37:16_
--------
[cc4787a257e3a46e268001195f780247]
`登入天數: 103天 / 2224天
等級: 18
石頭: 3414
呼符: 204
友情點: +390 / 2231565`
*連続ログイン5日目
※ログインが途切れるか、7日到達すると
1日目から再開されます*
`叡智の業火 X 2
10月交換券(2023) X 1
`*日替りログインボーナス*
*開催期間中、1日1回 2週間日替りでログインボーナスをプレゼント！*
/webview/loginbonus/20231021_i72a10/i72a10_s_01.png
`聖晶石 X 2
巡霊の葉 X 100
`*【リリース3000日突破記念特別】
ログインボーナス*
*開催期間中、1日1回 最大7回 回数ログインボーナスをプレゼント！*
/webview/loginbonus/20231015_j7g8yb/j7g8yb_k_06.png
`黄金の果実 X 1
星見のティーポット X 3
`*聖杯戦線 ～白天の城、黒夜の城～開幕直前特別ログインボーナス*
*開催期間中、1日1回 最大7回ログインボーナスをプレゼント！*
/webview/loginbonus/20231019_x1bmdi/x1bmdi_k_03.png
`聖晶石 X 3
``從者/禮裝數: 847 / 900`
_2023-10-20 19:37:26_
--------
[3f5599a008981ecf87f2dea9d1d83d6a]
`登入天數: 103天 / 2229天
等級: 18
石頭: 2622
呼符: 94
友情點: +0 / 2082150`
*連続ログイン5日目
※ログインが途切れるか、7日到達すると
1日目から再開されます*
`叡智の業火 X 2
10月交換券(2023) X 1
`*日替りログインボーナス*
*開催期間中、1日1回 2週間日替りでログインボーナスをプレゼント！*
/webview/loginbonus/20231021_i72a10/i72a10_s_01.png
`聖晶石 X 2
巡霊の葉 X 100
`*【リリース3000日突破記念特別】
ログインボーナス*
*開催期間中、1日1回 最大7回 回数ログインボーナスをプレゼント！*
/webview/loginbonus/20231015_j7g8yb/j7g8yb_k_06.png
`黄金の果実 X 1
星見のティーポット X 3
`*聖杯戦線 ～白天の城、黒夜の城～開幕直前特別ログインボーナス*
*開催期間中、1日1回 最大7回ログインボーナスをプレゼント！*
/webview/loginbonus/20231019_x1bmdi/x1bmdi_k_03.png
`聖晶石 X 3
``從者/禮裝數: 864 / 901`
_2023-10-20 19:37:35_
--------
[0d14e47d83c8b8400ed7555e0192724d]
`登入天數: 72天 / 2149天
等級: 21
石頭: 2278
呼符: 114
友情點: +510 / 2109225`
*連続ログイン2日目
※ログインが途切れるか、7日到達すると
1日目から再開されます*
`聖晶石 X 1
10月交換券(2023) X 1
`*日替りログインボーナス*
*開催期間中、1日1回 2週間日替りでログインボーナスをプレゼント！*
/webview/loginbonus/20231021_i72a10/i72a10_s_01.png
`聖晶石 X 2
巡霊の葉 X 100
`*【リリース3000日突破記念特別】
ログインボーナス*
*開催期間中、1日1回 最大7回 回数ログインボーナスをプレゼント！*
/webview/loginbonus/20231015_j7g8yb/j7g8yb_k_06.png
`黄金の果実 X 1
星見のティーポット X 3
`*聖杯戦線 ～白天の城、黒夜の城～開幕直前特別ログインボーナス*
*開催期間中、1日1回 最大7回ログインボーナスをプレゼント！*
/webview/loginbonus/20231019_x1bmdi/x1bmdi_k_03.png
`聖晶石 X 3
``從者/禮裝數: 785 / 903`
_2023-10-20 19:37:45_
--------
[d4c10e20929a4c973210db1453668b11]
`登入天數: 72天 / 2154天
等級: 20
石頭: 2281
呼符: 79
友情點: +0 / 1854020`
*連続ログイン2日目
※ログインが途切れるか、7日到達すると
1日目から再開されます*
`聖晶石 X 1
10月交換券(2023) X 1
`*日替りログインボーナス*
*開催期間中、1日1回 2週間日替りでログインボーナスをプレゼント！*
/webview/loginbonus/20231021_i72a10/i72a10_s_01.png
`聖晶石 X 2
巡霊の葉 X 100
`*【リリース3000日突破記念特別】
ログインボーナス*
*開催期間中、1日1回 最大7回 回数ログインボーナスをプレゼント！*
/webview/loginbonus/20231015_j7g8yb/j7g8yb_k_06.png
`黄金の果実 X 1
星見のティーポット X 3
`*聖杯戦線 ～白天の城、黒夜の城～開幕直前特別ログインボーナス*
*開催期間中、1日1回 最大7回ログインボーナスをプレゼント！*
/webview/loginbonus/20231019_x1bmdi/x1bmdi_k_03.png
`聖晶石 X 3
``從者/禮裝數: 854 / 902`
_2023-10-20 19:37:55_
--------
[f0cc4e7ae2d4b30013f328b2cf7d6063]
`登入天數: 72天 / 2162天
等級: 20
石頭: 1621
呼符: 155
友情點: +0 / 1945585`
*連続ログイン2日目
※ログインが途切れるか、7日到達すると
1日目から再開されます*
`聖晶石 X 1
10月交換券(2023) X 1
`*日替りログインボーナス*
*開催期間中、1日1回 2週間日替りでログインボーナスをプレゼント！*
/webview/loginbonus/20231021_i72a10/i72a10_s_01.png
`聖晶石 X 2
巡霊の葉 X 100
`*【リリース3000日突破記念特別】
ログインボーナス*
*開催期間中、1日1回 最大7回 回数ログインボーナスをプレゼント！*
/webview/loginbonus/20231015_j7g8yb/j7g8yb_k_06.png
`黄金の果実 X 1
星見のティーポット X 3
`*聖杯戦線 ～白天の城、黒夜の城～開幕直前特別ログインボーナス*
*開催期間中、1日1回 最大7回ログインボーナスをプレゼント！*
/webview/loginbonus/20231019_x1bmdi/x1bmdi_k_03.png
`聖晶石 X 3
``從者/禮裝數: 847 / 903`
_2023-10-20 19:38:05_
--------
[48a14ba1dd858b92594b71e0ed7d5311]
`登入天數: 72天 / 2152天
等級: 20
石頭: 2716
呼符: 201
友情點: +0 / 1854985`
*連続ログイン2日目
※ログインが途切れるか、7日到達すると
1日目から再開されます*
`聖晶石 X 1
10月交換券(2023) X 1
`*日替りログインボーナス*
*開催期間中、1日1回 2週間日替りでログインボーナスをプレゼント！*
/webview/loginbonus/20231021_i72a10/i72a10_s_01.png
`聖晶石 X 2
巡霊の葉 X 100
`*【リリース3000日突破記念特別】
ログインボーナス*
*開催期間中、1日1回 最大7回 回数ログインボーナスをプレゼント！*
/webview/loginbonus/20231015_j7g8yb/j7g8yb_k_06.png
`黄金の果実 X 1
星見のティーポット X 3
`*聖杯戦線 ～白天の城、黒夜の城～開幕直前特別ログインボーナス*
*開催期間中、1日1回 最大7回ログインボーナスをプレゼント！*
/webview/loginbonus/20231019_x1bmdi/x1bmdi_k_03.png
`聖晶石 X 3
``從者/禮裝數: 900 / 889`
_2023-10-20 19:38:15_
--------
