【登入訊息】
[c5ab1b78563b1f9e4ee17ab01234bc5e]
`登入天數: 327天 / 1678天
等級: 92
石頭: 2459
呼符: 172
友情點: +0 / 1705505`
*連続ログイン5日目
※ログインが途切れるか、7日到達すると
1日目から再開されます*
`叡智の業火 X 2
11月交換券(2022) X 1
`*カルデア妖精騎士杯　開幕直前特別ログインボーナス*
*開催期間中、1日1回 最大7回 ログインボーナスをプレゼント！*
/webview/loginbonus/20221103_kl2287/kl2287_k_02.png
`黄金の果実 X 1
``從者/禮裝數: 738 / 805`
_2022-11-03 19:39:31_
--------
[d4825e10f75d83bc0cfb33b6768a8634]
`登入天數: 217天 / 1867天
等級: 19
石頭: 2301
呼符: 2
友情點: +345 / 1850725`
*連続ログイン7日間到達おめでとうございます！
明日は1日目からリスタートされます。*
`獣の足跡 X 1
呼符 X 1
11月交換券(2022) X 1
`*カルデア妖精騎士杯　開幕直前特別ログインボーナス*
*開催期間中、1日1回 最大7回 ログインボーナスをプレゼント！*
/webview/loginbonus/20221103_kl2287/kl2287_k_02.png
`黄金の果実 X 1
``從者/禮裝數: 719 / 801`
_2022-11-03 19:39:40_
--------
[ff29db15be18f883ffccdf7ab23021a7]
`登入天數: 217天 / 1863天
等級: 18
石頭: 1676
呼符: 2
友情點: +60 / 1726660`
*連続ログイン7日間到達おめでとうございます！
明日は1日目からリスタートされます。*
`獣の足跡 X 1
呼符 X 1
11月交換券(2022) X 1
`*カルデア妖精騎士杯　開幕直前特別ログインボーナス*
*開催期間中、1日1回 最大7回 ログインボーナスをプレゼント！*
/webview/loginbonus/20221103_kl2287/kl2287_k_02.png
`黄金の果実 X 1
``從者/禮裝數: 736 / 800`
_2022-11-03 19:39:49_
--------
[cc4787a257e3a46e268001195f780247]
`登入天數: 217天 / 1877天
等級: 18
石頭: 2382
呼符: 166
友情點: +70 / 1835690`
*連続ログイン7日間到達おめでとうございます！
明日は1日目からリスタートされます。*
`獣の足跡 X 1
呼符 X 1
11月交換券(2022) X 1
`*カルデア妖精騎士杯　開幕直前特別ログインボーナス*
*開催期間中、1日1回 最大7回 ログインボーナスをプレゼント！*
/webview/loginbonus/20221103_kl2287/kl2287_k_02.png
`黄金の果実 X 1
``從者/禮裝數: 781 / 800`
_2022-11-03 19:39:58_
--------
[3f5599a008981ecf87f2dea9d1d83d6a]
`登入天數: 217天 / 1882天
等級: 18
石頭: 2091
呼符: 2
友情點: +0 / 1804150`
*連続ログイン7日間到達おめでとうございます！
明日は1日目からリスタートされます。*
`獣の足跡 X 1
呼符 X 1
11月交換券(2022) X 1
`*カルデア妖精騎士杯　開幕直前特別ログインボーナス*
*開催期間中、1日1回 最大7回 ログインボーナスをプレゼント！*
/webview/loginbonus/20221103_kl2287/kl2287_k_02.png
`黄金の果実 X 1
``從者/禮裝數: 730 / 802`
_2022-11-03 19:40:07_
--------
[0d14e47d83c8b8400ed7555e0192724d]
`登入天數: 217天 / 1804天
等級: 21
石頭: 1271
呼符: 73
友情點: +70 / 1693575`
*連続ログイン7日間到達おめでとうございます！
明日は1日目からリスタートされます。*
`獣の足跡 X 1
呼符 X 1
11月交換券(2022) X 1
`*カルデア妖精騎士杯　開幕直前特別ログインボーナス*
*開催期間中、1日1回 最大7回 ログインボーナスをプレゼント！*
/webview/loginbonus/20221103_kl2287/kl2287_k_02.png
`黄金の果実 X 1
``從者/禮裝數: 752 / 800`
_2022-11-03 19:40:16_
--------
[d4c10e20929a4c973210db1453668b11]
`登入天數: 217天 / 1810天
等級: 20
石頭: 1504
呼符: 2
友情點: +0 / 1660020`
*連続ログイン7日間到達おめでとうございます！
明日は1日目からリスタートされます。*
`獣の足跡 X 1
呼符 X 1
11月交換券(2022) X 1
`*カルデア妖精騎士杯　開幕直前特別ログインボーナス*
*開催期間中、1日1回 最大7回 ログインボーナスをプレゼント！*
/webview/loginbonus/20221103_kl2287/kl2287_k_02.png
`黄金の果実 X 1
``從者/禮裝數: 745 / 801`
_2022-11-03 19:40:25_
--------
[f0cc4e7ae2d4b30013f328b2cf7d6063]
`登入天數: 217天 / 1819天
等級: 20
石頭: 645
呼符: 53
友情點: +0 / 1663585`
*連続ログイン7日間到達おめでとうございます！
明日は1日目からリスタートされます。*
`獣の足跡 X 1
呼符 X 1
11月交換券(2022) X 1
`*カルデア妖精騎士杯　開幕直前特別ログインボーナス*
*開催期間中、1日1回 最大7回 ログインボーナスをプレゼント！*
/webview/loginbonus/20221103_kl2287/kl2287_k_02.png
`黄金の果実 X 1
``從者/禮裝數: 770 / 800`
_2022-11-03 19:40:35_
--------
[48a14ba1dd858b92594b71e0ed7d5311]
`登入天數: 217天 / 1811天
等級: 20
石頭: 1742
呼符: 113
友情點: +0 / 1572985`
*連続ログイン7日間到達おめでとうございます！
明日は1日目からリスタートされます。*
`獣の足跡 X 1
呼符 X 1
11月交換券(2022) X 1
`*カルデア妖精騎士杯　開幕直前特別ログインボーナス*
*開催期間中、1日1回 最大7回 ログインボーナスをプレゼント！*
/webview/loginbonus/20221103_kl2287/kl2287_k_02.png
`黄金の果実 X 1
``從者/禮裝數: 700 / 806`
_2022-11-03 19:40:44_
--------
