【登入訊息】
[c5ab1b78563b1f9e4ee17ab01234bc5e]
`登入天數: 5天 / 1683天
等級: 92
石頭: 2730
呼符: 106
友情點: +0 / 1737505`
*連続ログイン5日目
※ログインが途切れるか、7日到達すると
1日目から再開されます*
`叡智の業火 X 2
11月交換券(2022) X 1
``從者/禮裝數: 647 / 639`
_2022-11-10 19:30:40_
--------
`友情點數召喚累計2401次

`[d4825e10f75d83bc0cfb33b6768a8634]
`登入天數: 5天 / 1872天
等級: 19
石頭: 2573
呼符: 25
友情點: +0 / 1881925`
*連続ログイン5日目
※ログインが途切れるか、7日到達すると
1日目から再開されます*
`叡智の業火 X 2
11月交換券(2022) X 1
``從者/禮裝數: 606 / 680`
_2022-11-10 19:30:52_
--------
`友情點數召喚累計1900次

`[ff29db15be18f883ffccdf7ab23021a7]
`登入天數: 5天 / 1868天
等級: 18
石頭: 1888
呼符: 0
友情點: +0 / 1757080`
*連続ログイン5日目
※ログインが途切れるか、7日到達すると
1日目から再開されます*
`叡智の業火 X 2
11月交換券(2022) X 1
``從者/禮裝數: 611 / 683`
_2022-11-10 19:31:04_
--------
`友情點數召喚累計1800次

`[cc4787a257e3a46e268001195f780247]
`登入天數: 5天 / 1882天
等級: 18
石頭: 2654
呼符: 110
友情點: +0 / 1866205`
*連続ログイン5日目
※ログインが途切れるか、7日到達すると
1日目から再開されます*
`叡智の業火 X 2
11月交換券(2022) X 1
``從者/禮裝數: 610 / 626`
_2022-11-10 19:31:15_
--------
`友情點數召喚累計1980次

`[3f5599a008981ecf87f2dea9d1d83d6a]
`登入天數: 5天 / 1887天
等級: 18
石頭: 1854
呼符: 0
友情點: +0 / 1834150`
*連続ログイン5日目
※ログインが途切れるか、7日到達すると
1日目から再開されます*
`叡智の業火 X 2
11月交換券(2022) X 1
``從者/禮裝數: 664 / 675`
_2022-11-10 19:31:27_
--------
`友情點數召喚累計1710次

`[0d14e47d83c8b8400ed7555e0192724d]
`登入天數: 5天 / 1809天
等級: 21
石頭: 1544
呼符: 35
友情點: +30 / 1726185`
*連続ログイン5日目
※ログインが途切れるか、7日到達すると
1日目から再開されます*
`叡智の業火 X 2
11月交換券(2022) X 1
``從者/禮裝數: 677 / 677`
_2022-11-10 19:31:38_
--------
`友情點數召喚累計1770次

`[d4c10e20929a4c973210db1453668b11]
`登入天數: 5天 / 1815天
等級: 20
石頭: 1747
呼符: 0
友情點: +0 / 1692020`
*連続ログイン5日目
※ログインが途切れるか、7日到達すると
1日目から再開されます*
`叡智の業火 X 2
11月交換券(2022) X 1
``從者/禮裝數: 681 / 671`
_2022-11-10 19:31:50_
--------
`友情點數召喚累計1650次

`[f0cc4e7ae2d4b30013f328b2cf7d6063]
`登入天數: 5天 / 1824天
等級: 20
石頭: 918
呼符: 61
友情點: +0 / 1695585`
*連続ログイン5日目
※ログインが途切れるか、7日到達すると
1日目から再開されます*
`叡智の業火 X 2
11月交換券(2022) X 1
``從者/禮裝數: 680 / 675`
_2022-11-10 19:32:02_
--------
`友情點數召喚累計1692次

`[48a14ba1dd858b92594b71e0ed7d5311]
`登入天數: 5天 / 1816天
等級: 20
石頭: 2015
呼符: 108
友情點: +0 / 1604985`
*連続ログイン5日目
※ログインが途切れるか、7日到達すると
1日目から再開されます*
`叡智の業火 X 2
11月交換券(2022) X 1
``從者/禮裝數: 684 / 675`
_2022-11-10 19:32:13_
--------
`友情點數召喚累計1530次

`