【登入訊息】
[c5ab1b78563b1f9e4ee17ab01234bc5e]
`登入天數: 6天 / 1684天
等級: 92
石頭: 2730
呼符: 106
友情點: +0 / 1737505`
*連続ログイン6日目
※ログインが途切れるか、7日到達すると
1日目から再開されます*
`聖晶石 X 2
11月交換券(2022) X 1
``從者/禮裝數: 649 / 646`
_2022-11-11 19:30:44_
--------
`友情點數召喚累計2411次

`[d4825e10f75d83bc0cfb33b6768a8634]
`登入天數: 6天 / 1873天
等級: 19
石頭: 2573
呼符: 25
友情點: +60 / 1881985`
*連続ログイン6日目
※ログインが途切れるか、7日到達すると
1日目から再開されます*
`聖晶石 X 2
11月交換券(2022) X 1
``從者/禮裝數: 610 / 682`
_2022-11-11 19:30:55_
--------
`友情點數召喚累計1910次

`[ff29db15be18f883ffccdf7ab23021a7]
`登入天數: 6天 / 1869天
等級: 18
石頭: 1888
呼符: 0
友情點: +20 / 1757100`
*連続ログイン6日目
※ログインが途切れるか、7日到達すると
1日目から再開されます*
`聖晶石 X 2
11月交換券(2022) X 1
``從者/禮裝數: 615 / 686`
_2022-11-11 19:31:07_
--------
`友情點數召喚累計1810次

`[cc4787a257e3a46e268001195f780247]
`登入天數: 6天 / 1883天
等級: 18
石頭: 2654
呼符: 110
友情點: +30 / 1866235`
*連続ログイン6日目
※ログインが途切れるか、7日到達すると
1日目から再開されます*
`聖晶石 X 2
11月交換券(2022) X 1
``從者/禮裝數: 610 / 633`
_2022-11-11 19:31:18_
--------
`友情點數召喚累計1990次

`[3f5599a008981ecf87f2dea9d1d83d6a]
`登入天數: 6天 / 1888天
等級: 18
石頭: 1854
呼符: 0
友情點: +0 / 1834150`
*連続ログイン6日目
※ログインが途切れるか、7日到達すると
1日目から再開されます*
`聖晶石 X 2
11月交換券(2022) X 1
``從者/禮裝數: 668 / 681`
_2022-11-11 19:31:30_
--------
`友情點數召喚累計1720次

`[0d14e47d83c8b8400ed7555e0192724d]
`登入天數: 6天 / 1810天
等級: 21
石頭: 1544
呼符: 35
友情點: +20 / 1726205`
*連続ログイン6日目
※ログインが途切れるか、7日到達すると
1日目から再開されます*
`聖晶石 X 2
11月交換券(2022) X 1
``從者/禮裝數: 681 / 682`
_2022-11-11 19:31:41_
--------
`友情點數召喚累計1780次

`[d4c10e20929a4c973210db1453668b11]
`登入天數: 6天 / 1816天
等級: 20
石頭: 1747
呼符: 0
友情點: +0 / 1692020`
*連続ログイン6日目
※ログインが途切れるか、7日到達すると
1日目から再開されます*
`聖晶石 X 2
11月交換券(2022) X 1
``從者/禮裝數: 683 / 676`
_2022-11-11 19:31:53_
--------
`友情點數召喚累計1660次

`[f0cc4e7ae2d4b30013f328b2cf7d6063]
`登入天數: 6天 / 1825天
等級: 20
石頭: 918
呼符: 61
友情點: +0 / 1695585`
*連続ログイン6日目
※ログインが途切れるか、7日到達すると
1日目から再開されます*
`聖晶石 X 2
11月交換券(2022) X 1
``從者/禮裝數: 681 / 682`
_2022-11-11 19:32:05_
--------
`友情點數召喚累計1702次

`[48a14ba1dd858b92594b71e0ed7d5311]
`登入天數: 6天 / 1817天
等級: 20
石頭: 2015
呼符: 108
友情點: +0 / 1604985`
*連続ログイン6日目
※ログインが途切れるか、7日到達すると
1日目から再開されます*
`聖晶石 X 2
11月交換券(2022) X 1
``從者/禮裝數: 689 / 677`
_2022-11-11 19:32:16_
--------
`友情點數召喚累計1540次

`