【登入訊息】
[c5ab1b78563b1f9e4ee17ab01234bc5e]
`登入天數: 7天 / 1685天
等級: 92
石頭: 2730
呼符: 106
友情點: +0 / 1737505`
*連続ログイン7日間到達おめでとうございます！
明日は1日目からリスタートされます。*
`獣の足跡 X 1
呼符 X 1
11月交換券(2022) X 1
``從者/禮裝數: 655 / 650`
_2022-11-12 19:30:49_
--------
`友情點數召喚累計2421次

`[d4825e10f75d83bc0cfb33b6768a8634]
`登入天數: 7天 / 1874天
等級: 19
石頭: 2573
呼符: 25
友情點: +280 / 1882265`
*連続ログイン7日間到達おめでとうございます！
明日は1日目からリスタートされます。*
`獣の足跡 X 1
呼符 X 1
11月交換券(2022) X 1
``從者/禮裝數: 611 / 686`
_2022-11-12 19:31:01_
--------
`友情點數召喚累計1920次

`[ff29db15be18f883ffccdf7ab23021a7]
`登入天數: 7天 / 1870天
等級: 18
石頭: 1888
呼符: 0
友情點: +230 / 1757330`
*連続ログイン7日間到達おめでとうございます！
明日は1日目からリスタートされます。*
`獣の足跡 X 1
呼符 X 1
11月交換券(2022) X 1
``從者/禮裝數: 618 / 692`
_2022-11-12 19:31:12_
--------
`友情點數召喚累計1820次

`[cc4787a257e3a46e268001195f780247]
`登入天數: 7天 / 1884天
等級: 18
石頭: 2654
呼符: 110
友情點: +140 / 1866375`
*連続ログイン7日間到達おめでとうございます！
明日は1日目からリスタートされます。*
`獣の足跡 X 1
呼符 X 1
11月交換券(2022) X 1
``從者/禮裝數: 611 / 640`
_2022-11-12 19:31:24_
--------
`友情點數召喚累計2000次

`[3f5599a008981ecf87f2dea9d1d83d6a]
`登入天數: 7天 / 1889天
等級: 18
石頭: 1854
呼符: 0
友情點: +0 / 1834150`
*連続ログイン7日間到達おめでとうございます！
明日は1日目からリスタートされます。*
`獣の足跡 X 1
呼符 X 1
11月交換券(2022) X 1
``從者/禮裝數: 672 / 683`
_2022-11-12 19:31:36_
--------
`友情點數召喚累計1730次

`[0d14e47d83c8b8400ed7555e0192724d]
`登入天數: 7天 / 1811天
等級: 21
石頭: 1544
呼符: 35
友情點: +210 / 1726415`
*連続ログイン7日間到達おめでとうございます！
明日は1日目からリスタートされます。*
`獣の足跡 X 1
呼符 X 1
11月交換券(2022) X 1
``從者/禮裝數: 683 / 688`
_2022-11-12 19:31:47_
--------
`友情點數召喚累計1790次

`[d4c10e20929a4c973210db1453668b11]
`登入天數: 7天 / 1817天
等級: 20
石頭: 1747
呼符: 0
友情點: +0 / 1692020`
*連続ログイン7日間到達おめでとうございます！
明日は1日目からリスタートされます。*
`獣の足跡 X 1
呼符 X 1
11月交換券(2022) X 1
``從者/禮裝數: 684 / 683`
_2022-11-12 19:31:59_
--------
`友情點數召喚累計1670次

`[f0cc4e7ae2d4b30013f328b2cf7d6063]
`登入天數: 7天 / 1826天
等級: 20
石頭: 918
呼符: 61
友情點: +0 / 1695585`
*連続ログイン7日間到達おめでとうございます！
明日は1日目からリスタートされます。*
`獣の足跡 X 1
呼符 X 1
11月交換券(2022) X 1
``從者/禮裝數: 684 / 686`
_2022-11-12 19:32:11_
--------
`友情點數召喚累計1712次

`[48a14ba1dd858b92594b71e0ed7d5311]
`登入天數: 7天 / 1818天
等級: 20
石頭: 2015
呼符: 108
友情點: +0 / 1604985`
*連続ログイン7日間到達おめでとうございます！
明日は1日目からリスタートされます。*
`獣の足跡 X 1
呼符 X 1
11月交換券(2022) X 1
``從者/禮裝數: 694 / 682`
_2022-11-12 19:32:23_
--------
`友情點數召喚累計1550次

`