【登入訊息】
[c5ab1b78563b1f9e4ee17ab01234bc5e]
`登入天數: 8天 / 1686天
等級: 92
石頭: 2730
呼符: 106
友情點: +0 / 1737505`
*連続ログイン1日目
※ログインが途切れるか、7日到達すると
1日目から再開されます*
`フレンドポイント X 2000
11月交換券(2022) X 1
``從者/禮裝數: 656 / 655`
_2022-11-13 19:30:43_
--------
`友情點數召喚累計2431次

`[d4825e10f75d83bc0cfb33b6768a8634]
`登入天數: 8天 / 1875天
等級: 19
石頭: 2573
呼符: 25
友情點: +460 / 1882725`
*連続ログイン1日目
※ログインが途切れるか、7日到達すると
1日目から再開されます*
`フレンドポイント X 2000
11月交換券(2022) X 1
``從者/禮裝數: 617 / 690`
_2022-11-13 19:30:55_
--------
`友情點數召喚累計1930次

`[ff29db15be18f883ffccdf7ab23021a7]
`登入天數: 8天 / 1871天
等級: 18
石頭: 1888
呼符: 0
友情點: +250 / 1757580`
*連続ログイン1日目
※ログインが途切れるか、7日到達すると
1日目から再開されます*
`フレンドポイント X 2000
11月交換券(2022) X 1
``從者/禮裝數: 619 / 698`
_2022-11-13 19:31:07_
--------
`友情點數召喚累計1830次

`[cc4787a257e3a46e268001195f780247]
`登入天數: 8天 / 1885天
等級: 18
石頭: 2654
呼符: 110
友情點: +240 / 1866615`
*連続ログイン1日目
※ログインが途切れるか、7日到達すると
1日目から再開されます*
`フレンドポイント X 2000
11月交換券(2022) X 1
``從者/禮裝數: 616 / 643`
_2022-11-13 19:31:19_
--------
`友情點數召喚累計2010次

`[3f5599a008981ecf87f2dea9d1d83d6a]
`登入天數: 8天 / 1890天
等級: 18
石頭: 1854
呼符: 0
友情點: +0 / 1834150`
*連続ログイン1日目
※ログインが途切れるか、7日到達すると
1日目から再開されます*
`フレンドポイント X 2000
11月交換券(2022) X 1
``從者/禮裝數: 674 / 688`
_2022-11-13 19:31:30_
--------
`友情點數召喚累計1740次

`[0d14e47d83c8b8400ed7555e0192724d]
`登入天數: 8天 / 1812天
等級: 21
石頭: 1544
呼符: 35
友情點: +400 / 1726815`
*連続ログイン1日目
※ログインが途切れるか、7日到達すると
1日目から再開されます*
`フレンドポイント X 2000
11月交換券(2022) X 1
``從者/禮裝數: 686 / 693`
_2022-11-13 19:31:42_
--------
`友情點數召喚累計1800次

`[d4c10e20929a4c973210db1453668b11]
`登入天數: 8天 / 1818天
等級: 20
石頭: 1747
呼符: 0
友情點: +0 / 1692020`
*連続ログイン1日目
※ログインが途切れるか、7日到達すると
1日目から再開されます*
`フレンドポイント X 2000
11月交換券(2022) X 1
``從者/禮裝數: 685 / 688`
_2022-11-13 19:31:54_
--------
`友情點數召喚累計1680次

`[f0cc4e7ae2d4b30013f328b2cf7d6063]
`登入天數: 8天 / 1827天
等級: 20
石頭: 918
呼符: 61
友情點: +0 / 1695585`
*連続ログイン1日目
※ログインが途切れるか、7日到達すると
1日目から再開されます*
`フレンドポイント X 2000
11月交換券(2022) X 1
``從者/禮裝數: 685 / 691`
_2022-11-13 19:32:06_
--------
`友情點數召喚累計1722次

`[48a14ba1dd858b92594b71e0ed7d5311]
`登入天數: 8天 / 1819天
等級: 20
石頭: 2015
呼符: 108
友情點: +0 / 1604985`
*連続ログイン1日目
※ログインが途切れるか、7日到達すると
1日目から再開されます*
`フレンドポイント X 2000
11月交換券(2022) X 1
``從者/禮裝數: 695 / 686`
_2022-11-13 19:32:17_
--------
`友情點數召喚累計1560次

`