【登入訊息】
[c5ab1b78563b1f9e4ee17ab01234bc5e]
`登入天數: 9天 / 1687天
等級: 92
石頭: 2730
呼符: 106
友情點: +0 / 1737505`
*連続ログイン2日目
※ログインが途切れるか、7日到達すると
1日目から再開されます*
`聖晶石 X 1
11月交換券(2022) X 1
``從者/禮裝數: 662 / 659`
_2022-11-14 19:30:45_
--------
`友情點數召喚累計2441次

`[d4825e10f75d83bc0cfb33b6768a8634]
`登入天數: 9天 / 1876天
等級: 19
石頭: 2573
呼符: 25
友情點: +140 / 1882865`
*連続ログイン2日目
※ログインが途切れるか、7日到達すると
1日目から再開されます*
`聖晶石 X 1
11月交換券(2022) X 1
``從者/禮裝數: 617 / 694`
_2022-11-14 19:30:56_
--------
`友情點數召喚累計1940次

`[ff29db15be18f883ffccdf7ab23021a7]
`登入天數: 9天 / 1872天
等級: 18
石頭: 1888
呼符: 0
友情點: +80 / 1757660`
*連続ログイン2日目
※ログインが途切れるか、7日到達すると
1日目から再開されます*
`聖晶石 X 1
11月交換券(2022) X 1
``從者/禮裝數: 623 / 701`
_2022-11-14 19:31:08_
--------
`友情點數召喚累計1840次

`[cc4787a257e3a46e268001195f780247]
`登入天數: 9天 / 1886天
等級: 18
石頭: 2654
呼符: 110
友情點: +80 / 1866695`
*連続ログイン2日目
※ログインが途切れるか、7日到達すると
1日目から再開されます*
`聖晶石 X 1
11月交換券(2022) X 1
``從者/禮裝數: 621 / 647`
_2022-11-14 19:31:20_
--------
`友情點數召喚累計2020次

`[3f5599a008981ecf87f2dea9d1d83d6a]
`登入天數: 9天 / 1891天
等級: 18
石頭: 1854
呼符: 0
友情點: +0 / 1834150`
*連続ログイン2日目
※ログインが途切れるか、7日到達すると
1日目から再開されます*
`聖晶石 X 1
11月交換券(2022) X 1
``從者/禮裝數: 675 / 696`
_2022-11-14 19:31:31_
--------
`友情點數召喚累計1750次

`[0d14e47d83c8b8400ed7555e0192724d]
`登入天數: 9天 / 1813天
等級: 21
石頭: 1544
呼符: 35
友情點: +60 / 1726875`
*連続ログイン2日目
※ログインが途切れるか、7日到達すると
1日目から再開されます*
`聖晶石 X 1
11月交換券(2022) X 1
``從者/禮裝數: 687 / 700`
_2022-11-14 19:31:43_
--------
`友情點數召喚累計1810次

`[d4c10e20929a4c973210db1453668b11]
`登入天數: 9天 / 1819天
等級: 20
石頭: 1747
呼符: 0
友情點: +0 / 1692020`
*連続ログイン2日目
※ログインが途切れるか、7日到達すると
1日目から再開されます*
`聖晶石 X 1
11月交換券(2022) X 1
``從者/禮裝數: 688 / 694`
_2022-11-14 19:31:55_
--------
`友情點數召喚累計1690次

`[f0cc4e7ae2d4b30013f328b2cf7d6063]
`登入天數: 9天 / 1828天
等級: 20
石頭: 918
呼符: 61
友情點: +0 / 1695585`
*連続ログイン2日目
※ログインが途切れるか、7日到達すると
1日目から再開されます*
`聖晶石 X 1
11月交換券(2022) X 1
``從者/禮裝數: 691 / 692`
_2022-11-14 19:32:06_
--------
`友情點數召喚累計1732次

`[48a14ba1dd858b92594b71e0ed7d5311]
`登入天數: 9天 / 1820天
等級: 20
石頭: 2015
呼符: 108
友情點: +0 / 1604985`
*連続ログイン2日目
※ログインが途切れるか、7日到達すると
1日目から再開されます*
`聖晶石 X 1
11月交換券(2022) X 1
``從者/禮裝數: 700 / 690`
_2022-11-14 19:32:18_
--------
`友情點數召喚累計1570次

`