【登入訊息】
[c5ab1b78563b1f9e4ee17ab01234bc5e]
`登入天數: 10天 / 1688天
等級: 92
石頭: 2730
呼符: 106
友情點: +0 / 1737505`
*連続ログイン3日目
※ログインが途切れるか、7日到達すると
1日目から再開されます*
`叡智の業火 X 1
11月交換券(2022) X 1
``從者/禮裝數: 667 / 663`
_2022-11-15 19:30:44_
--------
`友情點數召喚累計2451次

`[d4825e10f75d83bc0cfb33b6768a8634]
`登入天數: 10天 / 1877天
等級: 19
石頭: 2573
呼符: 25
友情點: +120 / 1882985`
*連続ログイン3日目
※ログインが途切れるか、7日到達すると
1日目から再開されます*
`叡智の業火 X 1
11月交換券(2022) X 1
``從者/禮裝數: 621 / 698`
_2022-11-15 19:30:56_
--------
`友情點數召喚累計1950次

`[ff29db15be18f883ffccdf7ab23021a7]
`登入天數: 10天 / 1873天
等級: 18
石頭: 1888
呼符: 0
友情點: +70 / 1757730`
*連続ログイン3日目
※ログインが途切れるか、7日到達すると
1日目から再開されます*
`叡智の業火 X 1
11月交換券(2022) X 1
``從者/禮裝數: 628 / 705`
_2022-11-15 19:31:08_
--------
`友情點數召喚累計1850次

`[cc4787a257e3a46e268001195f780247]
`登入天數: 10天 / 1887天
等級: 18
石頭: 2654
呼符: 110
友情點: +80 / 1866775`
*連続ログイン3日目
※ログインが途切れるか、7日到達すると
1日目から再開されます*
`叡智の業火 X 1
11月交換券(2022) X 1
``從者/禮裝數: 622 / 652`
_2022-11-15 19:31:20_
--------
`友情點數召喚累計2030次

`[3f5599a008981ecf87f2dea9d1d83d6a]
`登入天數: 10天 / 1892天
等級: 18
石頭: 1854
呼符: 0
友情點: +0 / 1834150`
*連続ログイン3日目
※ログインが途切れるか、7日到達すると
1日目から再開されます*
`叡智の業火 X 1
11月交換券(2022) X 1
``從者/禮裝數: 676 / 703`
_2022-11-15 19:31:31_
--------
`友情點數召喚累計1760次

`[0d14e47d83c8b8400ed7555e0192724d]
`登入天數: 10天 / 1814天
等級: 21
石頭: 1544
呼符: 35
友情點: +90 / 1726965`
*連続ログイン3日目
※ログインが途切れるか、7日到達すると
1日目から再開されます*
`叡智の業火 X 1
11月交換券(2022) X 1
``從者/禮裝數: 689 / 706`
_2022-11-15 19:31:43_
--------
`友情點數召喚累計1820次

`[d4c10e20929a4c973210db1453668b11]
`登入天數: 10天 / 1820天
等級: 20
石頭: 1747
呼符: 0
友情點: +0 / 1692020`
*連続ログイン3日目
※ログインが途切れるか、7日到達すると
1日目から再開されます*
`叡智の業火 X 1
11月交換券(2022) X 1
``從者/禮裝數: 689 / 700`
_2022-11-15 19:31:55_
--------
`友情點數召喚累計1700次

`[f0cc4e7ae2d4b30013f328b2cf7d6063]
`登入天數: 10天 / 1829天
等級: 20
石頭: 918
呼符: 61
友情點: +0 / 1695585`
*連続ログイン3日目
※ログインが途切れるか、7日到達すると
1日目から再開されます*
`叡智の業火 X 1
11月交換券(2022) X 1
``從者/禮裝數: 696 / 697`
_2022-11-15 19:32:07_
--------
`友情點數召喚累計1742次

`[48a14ba1dd858b92594b71e0ed7d5311]
`登入天數: 10天 / 1821天
等級: 20
石頭: 2015
呼符: 108
友情點: +0 / 1604985`
*連続ログイン3日目
※ログインが途切れるか、7日到達すると
1日目から再開されます*
`叡智の業火 X 1
11月交換券(2022) X 1
``從者/禮裝數: 704 / 694`
_2022-11-15 19:32:18_
--------
`友情點數召喚累計1580次

`