【登入訊息】
[c5ab1b78563b1f9e4ee17ab01234bc5e]
`登入天數: 11天 / 1689天
等級: 92
石頭: 2730
呼符: 106
友情點: +0 / 1737505`
*連続ログイン4日目
※ログインが途切れるか、7日到達すると
1日目から再開されます*
`聖晶石 X 1
11月交換券(2022) X 1
``從者/禮裝數: 672 / 666`
_2022-11-16 19:30:58_
--------
`友情點數召喚累計2461次

`[d4825e10f75d83bc0cfb33b6768a8634]
`登入天數: 11天 / 1878天
等級: 19
石頭: 2573
呼符: 25
友情點: +700 / 1883685`
*連続ログイン4日目
※ログインが途切れるか、7日到達すると
1日目から再開されます*
`聖晶石 X 1
11月交換券(2022) X 1
``從者/禮裝數: 624 / 702`
_2022-11-16 19:31:10_
--------
`友情點數召喚累計1960次

`[ff29db15be18f883ffccdf7ab23021a7]
`登入天數: 11天 / 1874天
等級: 18
石頭: 1888
呼符: 0
友情點: +190 / 1757920`
*連続ログイン4日目
※ログインが途切れるか、7日到達すると
1日目から再開されます*
`聖晶石 X 1
11月交換券(2022) X 1
``從者/禮裝數: 633 / 709`
_2022-11-16 19:31:21_
--------
`友情點數召喚累計1860次

`[cc4787a257e3a46e268001195f780247]
`登入天數: 11天 / 1888天
等級: 18
石頭: 2654
呼符: 110
友情點: +140 / 1866915`
*連続ログイン4日目
※ログインが途切れるか、7日到達すると
1日目から再開されます*
`聖晶石 X 1
11月交換券(2022) X 1
``從者/禮裝數: 622 / 661`
_2022-11-16 19:31:32_
--------
`友情點數召喚累計2040次

`[3f5599a008981ecf87f2dea9d1d83d6a]
`登入天數: 11天 / 1893天
等級: 18
石頭: 1854
呼符: 0
友情點: +0 / 1834150`
*連続ログイン4日目
※ログインが途切れるか、7日到達すると
1日目から再開されます*
`聖晶石 X 1
11月交換券(2022) X 1
``從者/禮裝數: 679 / 706`
_2022-11-16 19:31:43_
--------
`友情點數召喚累計1770次

`[0d14e47d83c8b8400ed7555e0192724d]
`登入天數: 11天 / 1815天
等級: 21
石頭: 1544
呼符: 35
友情點: +230 / 1727195`
*連続ログイン4日目
※ログインが途切れるか、7日到達すると
1日目から再開されます*
`聖晶石 X 1
11月交換券(2022) X 1
``從者/禮裝數: 691 / 710`
_2022-11-16 19:31:54_
--------
`友情點數召喚累計1830次

`[d4c10e20929a4c973210db1453668b11]
`登入天數: 11天 / 1821天
等級: 20
石頭: 1747
呼符: 0
友情點: +0 / 1692020`
*連続ログイン4日目
※ログインが途切れるか、7日到達すると
1日目から再開されます*
`聖晶石 X 1
11月交換券(2022) X 1
``從者/禮裝數: 691 / 705`
_2022-11-16 19:32:06_
--------
`友情點數召喚累計1710次

`[f0cc4e7ae2d4b30013f328b2cf7d6063]
`登入天數: 11天 / 1830天
等級: 20
石頭: 918
呼符: 61
友情點: +0 / 1695585`
*連続ログイン4日目
※ログインが途切れるか、7日到達すると
1日目から再開されます*
`聖晶石 X 1
11月交換券(2022) X 1
``從者/禮裝數: 698 / 701`
_2022-11-16 19:32:17_
--------
`友情點數召喚累計1752次

`[48a14ba1dd858b92594b71e0ed7d5311]
`登入天數: 11天 / 1822天
等級: 20
石頭: 2015
呼符: 108
友情點: +0 / 1604985`
*連続ログイン4日目
※ログインが途切れるか、7日到達すると
1日目から再開されます*
`聖晶石 X 1
11月交換券(2022) X 1
``從者/禮裝數: 705 / 699`
_2022-11-16 19:32:28_
--------
`友情點數召喚累計1590次

`