【登入訊息】
[c5ab1b78563b1f9e4ee17ab01234bc5e]
`登入天數: 12天 / 1690天
等級: 92
石頭: 2730
呼符: 106
友情點: +0 / 1737505`
*連続ログイン5日目
※ログインが途切れるか、7日到達すると
1日目から再開されます*
`叡智の業火 X 2
11月交換券(2022) X 1
``從者/禮裝數: 675 / 669`
_2022-11-17 19:30:41_
--------
`友情點數召喚累計2471次

`[d4825e10f75d83bc0cfb33b6768a8634]
`登入天數: 12天 / 1879天
等級: 19
石頭: 2573
呼符: 25
友情點: +200 / 1883885`
*連続ログイン5日目
※ログインが途切れるか、7日到達すると
1日目から再開されます*
`叡智の業火 X 2
11月交換券(2022) X 1
``從者/禮裝數: 628 / 706`
_2022-11-17 19:30:53_
--------
`友情點數召喚累計1970次

`[ff29db15be18f883ffccdf7ab23021a7]
`登入天數: 12天 / 1875天
等級: 18
石頭: 1888
呼符: 0
友情點: +80 / 1758000`
*連続ログイン5日目
※ログインが途切れるか、7日到達すると
1日目から再開されます*
`叡智の業火 X 2
11月交換券(2022) X 1
``從者/禮裝數: 638 / 709`
_2022-11-17 19:31:05_
--------
`友情點數召喚累計1870次

`[cc4787a257e3a46e268001195f780247]
`登入天數: 12天 / 1889天
等級: 18
石頭: 2654
呼符: 110
友情點: +30 / 1866945`
*連続ログイン5日目
※ログインが途切れるか、7日到達すると
1日目から再開されます*
`叡智の業火 X 2
11月交換券(2022) X 1
``從者/禮裝數: 627 / 664`
_2022-11-17 19:31:16_
--------
`友情點數召喚累計2050次

`[3f5599a008981ecf87f2dea9d1d83d6a]
`登入天數: 12天 / 1894天
等級: 18
石頭: 1854
呼符: 0
友情點: +0 / 1834150`
*連続ログイン5日目
※ログインが途切れるか、7日到達すると
1日目から再開されます*
`叡智の業火 X 2
11月交換券(2022) X 1
``從者/禮裝數: 683 / 710`
_2022-11-17 19:31:28_
--------
`友情點數召喚累計1780次

`[0d14e47d83c8b8400ed7555e0192724d]
`登入天數: 12天 / 1816天
等級: 21
石頭: 1544
呼符: 35
友情點: +60 / 1727255`
*連続ログイン5日目
※ログインが途切れるか、7日到達すると
1日目から再開されます*
`叡智の業火 X 2
11月交換券(2022) X 1
``從者/禮裝數: 695 / 713`
_2022-11-17 19:31:41_
--------
`友情點數召喚累計1840次

`[d4c10e20929a4c973210db1453668b11]
`登入天數: 12天 / 1822天
等級: 20
石頭: 1747
呼符: 0
友情點: +0 / 1692020`
*連続ログイン5日目
※ログインが途切れるか、7日到達すると
1日目から再開されます*
`叡智の業火 X 2
11月交換券(2022) X 1
``從者/禮裝數: 696 / 708`
_2022-11-17 19:31:52_
--------
`友情點數召喚累計1720次

`[f0cc4e7ae2d4b30013f328b2cf7d6063]
`登入天數: 12天 / 1831天
等級: 20
石頭: 918
呼符: 61
友情點: +0 / 1695585`
*連続ログイン5日目
※ログインが途切れるか、7日到達すると
1日目から再開されます*
`叡智の業火 X 2
11月交換券(2022) X 1
``從者/禮裝數: 699 / 708`
_2022-11-17 19:32:04_
--------
`友情點數召喚累計1762次

`[48a14ba1dd858b92594b71e0ed7d5311]
`登入天數: 12天 / 1823天
等級: 20
石頭: 2015
呼符: 108
友情點: +0 / 1604985`
*連続ログイン5日目
※ログインが途切れるか、7日到達すると
1日目から再開されます*
`叡智の業火 X 2
11月交換券(2022) X 1
``從者/禮裝數: 710 / 701`
_2022-11-17 19:32:16_
--------
`友情點數召喚累計1600次

`