【登入訊息】
[c5ab1b78563b1f9e4ee17ab01234bc5e]
`登入天數: 13天 / 1691天
等級: 92
石頭: 2730
呼符: 106
友情點: +0 / 1737505`
*連続ログイン6日目
※ログインが途切れるか、7日到達すると
1日目から再開されます*
`聖晶石 X 2
11月交換券(2022) X 1
``從者/禮裝數: 676 / 676`
_2022-11-18 19:30:48_
--------
`友情點數召喚累計2481次

`[d4825e10f75d83bc0cfb33b6768a8634]
`登入天數: 13天 / 1880天
等級: 19
石頭: 2573
呼符: 25
友情點: +0 / 1883885`
*連続ログイン6日目
※ログインが途切れるか、7日到達すると
1日目から再開されます*
`聖晶石 X 2
11月交換券(2022) X 1
``從者/禮裝數: 631 / 713`
_2022-11-18 19:31:00_
--------
`友情點數召喚累計1980次

`[ff29db15be18f883ffccdf7ab23021a7]
`登入天數: 13天 / 1876天
等級: 18
石頭: 1888
呼符: 0
友情點: +0 / 1758000`
*連続ログイン6日目
※ログインが途切れるか、7日到達すると
1日目から再開されます*
`聖晶石 X 2
11月交換券(2022) X 1
``從者/禮裝數: 642 / 714`
_2022-11-18 19:31:12_
--------
`友情點數召喚累計1880次

`[cc4787a257e3a46e268001195f780247]
`登入天數: 13天 / 1890天
等級: 18
石頭: 2654
呼符: 110
友情點: +0 / 1866945`
*連続ログイン6日目
※ログインが途切れるか、7日到達すると
1日目から再開されます*
`聖晶石 X 2
11月交換券(2022) X 1
``從者/禮裝數: 631 / 667`
_2022-11-18 19:31:23_
--------
`友情點數召喚累計2060次

`[3f5599a008981ecf87f2dea9d1d83d6a]
`登入天數: 13天 / 1895天
等級: 18
石頭: 1854
呼符: 0
友情點: +0 / 1834150`
*連続ログイン6日目
※ログインが途切れるか、7日到達すると
1日目から再開されます*
`聖晶石 X 2
11月交換券(2022) X 1
``從者/禮裝數: 685 / 715`
_2022-11-18 19:31:35_
--------
`友情點數召喚累計1790次

`[0d14e47d83c8b8400ed7555e0192724d]
`登入天數: 13天 / 1817天
等級: 21
石頭: 1544
呼符: 35
友情點: +0 / 1727255`
*連続ログイン6日目
※ログインが途切れるか、7日到達すると
1日目から再開されます*
`聖晶石 X 2
11月交換券(2022) X 1
``從者/禮裝數: 697 / 718`
_2022-11-18 19:31:47_
--------
`友情點數召喚累計1850次

`[d4c10e20929a4c973210db1453668b11]
`登入天數: 13天 / 1823天
等級: 20
石頭: 1747
呼符: 0
友情點: +0 / 1692020`
*連続ログイン6日目
※ログインが途切れるか、7日到達すると
1日目から再開されます*
`聖晶石 X 2
11月交換券(2022) X 1
``從者/禮裝數: 699 / 712`
_2022-11-18 19:31:59_
--------
`友情點數召喚累計1730次

`[f0cc4e7ae2d4b30013f328b2cf7d6063]
`登入天數: 13天 / 1832天
等級: 20
石頭: 918
呼符: 61
友情點: +0 / 1695585`
*連続ログイン6日目
※ログインが途切れるか、7日到達すると
1日目から再開されます*
`聖晶石 X 2
11月交換券(2022) X 1
``從者/禮裝數: 701 / 716`
_2022-11-18 19:32:11_
--------
`友情點數召喚累計1772次

`[48a14ba1dd858b92594b71e0ed7d5311]
`登入天數: 13天 / 1824天
等級: 20
石頭: 2015
呼符: 108
友情點: +0 / 1604985`
*連続ログイン6日目
※ログインが途切れるか、7日到達すると
1日目から再開されます*
`聖晶石 X 2
11月交換券(2022) X 1
``從者/禮裝數: 712 / 707`
_2022-11-18 19:32:22_
--------
`友情點數召喚累計1610次

`