【登入訊息】
[c5ab1b78563b1f9e4ee17ab01234bc5e]
`登入天數: 14天 / 1692天
等級: 92
石頭: 2730
呼符: 106
友情點: +0 / 1737505`
*連続ログイン7日間到達おめでとうございます！
明日は1日目からリスタートされます。*
`獣の足跡 X 1
呼符 X 1
11月交換券(2022) X 1
``從者/禮裝數: 682 / 679`
_2022-11-19 19:30:51_
--------
`友情點數召喚累計2491次

`[d4825e10f75d83bc0cfb33b6768a8634]
`登入天數: 14天 / 1881天
等級: 19
石頭: 2573
呼符: 25
友情點: +80 / 1883965`
*連続ログイン7日間到達おめでとうございます！
明日は1日目からリスタートされます。*
`獣の足跡 X 1
呼符 X 1
11月交換券(2022) X 1
``從者/禮裝數: 632 / 718`
_2022-11-19 19:31:04_
--------
`友情點數召喚累計1990次

`[ff29db15be18f883ffccdf7ab23021a7]
`登入天數: 14天 / 1877天
等級: 18
石頭: 1888
呼符: 0
友情點: +0 / 1758000`
*連続ログイン7日間到達おめでとうございます！
明日は1日目からリスタートされます。*
`獣の足跡 X 1
呼符 X 1
11月交換券(2022) X 1
``從者/禮裝數: 642 / 719`
_2022-11-19 19:31:15_
--------
`友情點數召喚累計1890次

`[cc4787a257e3a46e268001195f780247]
`登入天數: 14天 / 1891天
等級: 18
石頭: 2654
呼符: 110
友情點: +10 / 1866955`
*連続ログイン7日間到達おめでとうございます！
明日は1日目からリスタートされます。*
`獣の足跡 X 1
呼符 X 1
11月交換券(2022) X 1
``從者/禮裝數: 633 / 670`
_2022-11-19 19:31:27_
--------
`友情點數召喚累計2070次

`[3f5599a008981ecf87f2dea9d1d83d6a]
`登入天數: 14天 / 1896天
等級: 18
石頭: 1854
呼符: 0
友情點: +0 / 1834150`
*連続ログイン7日間到達おめでとうございます！
明日は1日目からリスタートされます。*
`獣の足跡 X 1
呼符 X 1
11月交換券(2022) X 1
``從者/禮裝數: 690 / 719`
_2022-11-19 19:31:38_
--------
`友情點數召喚累計1800次

`[0d14e47d83c8b8400ed7555e0192724d]
`登入天數: 14天 / 1818天
等級: 21
石頭: 1544
呼符: 35
友情點: +30 / 1727285`
*連続ログイン7日間到達おめでとうございます！
明日は1日目からリスタートされます。*
`獣の足跡 X 1
呼符 X 1
11月交換券(2022) X 1
``從者/禮裝數: 699 / 723`
_2022-11-19 19:31:50_
--------
`友情點數召喚累計1860次

`[d4c10e20929a4c973210db1453668b11]
`登入天數: 14天 / 1824天
等級: 20
石頭: 1747
呼符: 0
友情點: +0 / 1692020`
*連続ログイン7日間到達おめでとうございます！
明日は1日目からリスタートされます。*
`獣の足跡 X 1
呼符 X 1
11月交換券(2022) X 1
``從者/禮裝數: 699 / 720`
_2022-11-19 19:32:03_
--------
`友情點數召喚累計1740次

`[f0cc4e7ae2d4b30013f328b2cf7d6063]
`登入天數: 14天 / 1833天
等級: 20
石頭: 918
呼符: 61
友情點: +0 / 1695585`
*連続ログイン7日間到達おめでとうございます！
明日は1日目からリスタートされます。*
`獣の足跡 X 1
呼符 X 1
11月交換券(2022) X 1
``從者/禮裝數: 703 / 721`
_2022-11-19 19:32:15_
--------
`友情點數召喚累計1782次

`[48a14ba1dd858b92594b71e0ed7d5311]
`登入天數: 14天 / 1825天
等級: 20
石頭: 2015
呼符: 108
友情點: +0 / 1604985`
*連続ログイン7日間到達おめでとうございます！
明日は1日目からリスタートされます。*
`獣の足跡 X 1
呼符 X 1
11月交換券(2022) X 1
``從者/禮裝數: 716 / 711`
_2022-11-19 19:32:26_
--------
`友情點數召喚累計1620次

`