【登入訊息】
[c5ab1b78563b1f9e4ee17ab01234bc5e]
`登入天數: 15天 / 1693天
等級: 92
石頭: 2730
呼符: 106
友情點: +0 / 1737505`
*連続ログイン1日目
※ログインが途切れるか、7日到達すると
1日目から再開されます*
`フレンドポイント X 2000
11月交換券(2022) X 1
``從者/禮裝數: 685 / 686`
_2022-11-20 19:30:37_
--------
`友情點數召喚累計2501次

`[d4825e10f75d83bc0cfb33b6768a8634]
`登入天數: 15天 / 1882天
等級: 19
石頭: 2573
呼符: 25
友情點: +0 / 1883965`
*連続ログイン1日目
※ログインが途切れるか、7日到達すると
1日目から再開されます*
`フレンドポイント X 2000
11月交換券(2022) X 1
``從者/禮裝數: 633 / 725`
_2022-11-20 19:30:49_
--------
`友情點數召喚累計2000次

`[ff29db15be18f883ffccdf7ab23021a7]
`登入天數: 15天 / 1878天
等級: 18
石頭: 1888
呼符: 0
友情點: +0 / 1758000`
*連続ログイン1日目
※ログインが途切れるか、7日到達すると
1日目から再開されます*
`フレンドポイント X 2000
11月交換券(2022) X 1
``從者/禮裝數: 642 / 729`
_2022-11-20 19:31:01_
--------
`友情點數召喚累計1900次

`[cc4787a257e3a46e268001195f780247]
`登入天數: 15天 / 1892天
等級: 18
石頭: 2654
呼符: 110
友情點: +0 / 1866955`
*連続ログイン1日目
※ログインが途切れるか、7日到達すると
1日目から再開されます*
`フレンドポイント X 2000
11月交換券(2022) X 1
``從者/禮裝數: 635 / 675`
_2022-11-20 19:31:13_
--------
`友情點數召喚累計2080次

`[3f5599a008981ecf87f2dea9d1d83d6a]
`登入天數: 15天 / 1897天
等級: 18
石頭: 1854
呼符: 0
友情點: +0 / 1834150`
*連続ログイン1日目
※ログインが途切れるか、7日到達すると
1日目から再開されます*
`フレンドポイント X 2000
11月交換券(2022) X 1
``從者/禮裝數: 693 / 724`
_2022-11-20 19:31:25_
--------
`友情點數召喚累計1810次

`[0d14e47d83c8b8400ed7555e0192724d]
`登入天數: 15天 / 1819天
等級: 21
石頭: 1544
呼符: 35
友情點: +0 / 1727285`
*連続ログイン1日目
※ログインが途切れるか、7日到達すると
1日目から再開されます*
`フレンドポイント X 2000
11月交換券(2022) X 1
``從者/禮裝數: 703 / 726`
_2022-11-20 19:31:36_
--------
`友情點數召喚累計1870次

`[d4c10e20929a4c973210db1453668b11]
`登入天數: 15天 / 1825天
等級: 20
石頭: 1747
呼符: 0
友情點: +0 / 1692020`
*連続ログイン1日目
※ログインが途切れるか、7日到達すると
1日目から再開されます*
`フレンドポイント X 2000
11月交換券(2022) X 1
``從者/禮裝數: 702 / 726`
_2022-11-20 19:31:49_
--------
`友情點數召喚累計1750次

`[f0cc4e7ae2d4b30013f328b2cf7d6063]
`登入天數: 15天 / 1834天
等級: 20
石頭: 918
呼符: 61
友情點: +0 / 1695585`
*連続ログイン1日目
※ログインが途切れるか、7日到達すると
1日目から再開されます*
`フレンドポイント X 2000
11月交換券(2022) X 1
``從者/禮裝數: 706 / 727`
_2022-11-20 19:32:01_
--------
`友情點數召喚累計1792次

`[48a14ba1dd858b92594b71e0ed7d5311]
`登入天數: 15天 / 1826天
等級: 20
石頭: 2015
呼符: 108
友情點: +0 / 1604985`
*連続ログイン1日目
※ログインが途切れるか、7日到達すると
1日目から再開されます*
`フレンドポイント X 2000
11月交換券(2022) X 1
``從者/禮裝數: 717 / 719`
_2022-11-20 19:32:13_
--------
`友情點數召喚累計1630次

`