【登入訊息】
[c5ab1b78563b1f9e4ee17ab01234bc5e]
`登入天數: 17天 / 1695天
等級: 92
石頭: 2730
呼符: 106
友情點: +0 / 1737505`
*連続ログイン3日目
※ログインが途切れるか、7日到達すると
1日目から再開されます*
`叡智の業火 X 1
11月交換券(2022) X 1
``從者/禮裝數: 689 / 693`
_2022-11-22 19:30:41_
--------
`友情點數召喚累計2521次

`[d4825e10f75d83bc0cfb33b6768a8634]
`登入天數: 17天 / 1884天
等級: 19
石頭: 2573
呼符: 25
友情點: +0 / 1883985`
*連続ログイン3日目
※ログインが途切れるか、7日到達すると
1日目から再開されます*
`叡智の業火 X 1
11月交換券(2022) X 1
``從者/禮裝數: 634 / 742`
_2022-11-22 19:30:53_
--------
`友情點數召喚累計2020次

`[ff29db15be18f883ffccdf7ab23021a7]
`登入天數: 17天 / 1880天
等級: 18
石頭: 1888
呼符: 0
友情點: +0 / 1758060`
*連続ログイン3日目
※ログインが途切れるか、7日到達すると
1日目から再開されます*
`叡智の業火 X 1
11月交換券(2022) X 1
``從者/禮裝數: 645 / 741`
_2022-11-22 19:31:05_
--------
`友情點數召喚累計1920次

`[cc4787a257e3a46e268001195f780247]
`登入天數: 17天 / 1894天
等級: 18
石頭: 2654
呼符: 110
友情點: +0 / 1866995`
*連続ログイン3日目
※ログインが途切れるか、7日到達すると
1日目から再開されます*
`叡智の業火 X 1
11月交換券(2022) X 1
``從者/禮裝數: 644 / 681`
_2022-11-22 19:31:17_
--------
`友情點數召喚累計2100次

`[3f5599a008981ecf87f2dea9d1d83d6a]
`登入天數: 17天 / 1899天
等級: 18
石頭: 1854
呼符: 0
友情點: +0 / 1834150`
*連続ログイン3日目
※ログインが途切れるか、7日到達すると
1日目から再開されます*
`叡智の業火 X 1
11月交換券(2022) X 1
``從者/禮裝數: 701 / 734`
_2022-11-22 19:31:28_
--------
`友情點數召喚累計1830次

`[0d14e47d83c8b8400ed7555e0192724d]
`登入天數: 17天 / 1821天
等級: 21
石頭: 1544
呼符: 35
友情點: +0 / 1727345`
*連続ログイン3日目
※ログインが途切れるか、7日到達すると
1日目から再開されます*
`叡智の業火 X 1
11月交換券(2022) X 1
``從者/禮裝數: 706 / 734`
_2022-11-22 19:31:40_
--------
`友情點數召喚累計1890次

`[d4c10e20929a4c973210db1453668b11]
`登入天數: 17天 / 1827天
等級: 20
石頭: 1747
呼符: 0
友情點: +0 / 1692020`
*連続ログイン3日目
※ログインが途切れるか、7日到達すると
1日目から再開されます*
`叡智の業火 X 1
11月交換券(2022) X 1
``從者/禮裝數: 704 / 740`
_2022-11-22 19:31:52_
--------
`友情點數召喚累計1770次

`[f0cc4e7ae2d4b30013f328b2cf7d6063]
`登入天數: 17天 / 1836天
等級: 20
石頭: 918
呼符: 61
友情點: +0 / 1695585`
*連続ログイン3日目
※ログインが途切れるか、7日到達すると
1日目から再開されます*
`叡智の業火 X 1
11月交換券(2022) X 1
``從者/禮裝數: 712 / 738`
_2022-11-22 19:32:04_
--------
`友情點數召喚累計1812次

`[48a14ba1dd858b92594b71e0ed7d5311]
`登入天數: 17天 / 1828天
等級: 20
石頭: 2015
呼符: 108
友情點: +0 / 1604985`
*連続ログイン3日目
※ログインが途切れるか、7日到達すると
1日目から再開されます*
`叡智の業火 X 1
11月交換券(2022) X 1
``從者/禮裝數: 723 / 729`
_2022-11-22 19:32:15_
--------
`友情點數召喚累計1650次

`