【登入訊息】
[c5ab1b78563b1f9e4ee17ab01234bc5e]
`登入天數: 18天 / 1696天
等級: 92
石頭: 2730
呼符: 106
友情點: +0 / 1737505`
*連続ログイン4日目
※ログインが途切れるか、7日到達すると
1日目から再開されます*
`聖晶石 X 1
11月交換券(2022) X 1
``從者/禮裝數: 691 / 699`
_2022-11-23 19:30:43_
--------
`友情點數召喚累計2531次

`[d4825e10f75d83bc0cfb33b6768a8634]
`登入天數: 18天 / 1885天
等級: 19
石頭: 2573
呼符: 25
友情點: +200 / 1884185`
*連続ログイン4日目
※ログインが途切れるか、7日到達すると
1日目から再開されます*
`聖晶石 X 1
11月交換券(2022) X 1
``從者/禮裝數: 635 / 748`
_2022-11-23 19:30:55_
--------
`友情點數召喚累計2030次

`[ff29db15be18f883ffccdf7ab23021a7]
`登入天數: 18天 / 1881天
等級: 18
石頭: 1888
呼符: 0
友情點: +20 / 1758080`
*連続ログイン4日目
※ログインが途切れるか、7日到達すると
1日目から再開されます*
`聖晶石 X 1
11月交換券(2022) X 1
``從者/禮裝數: 646 / 749`
_2022-11-23 19:31:06_
--------
`友情點數召喚累計1930次

`[cc4787a257e3a46e268001195f780247]
`登入天數: 18天 / 1895天
等級: 18
石頭: 2654
呼符: 110
友情點: +100 / 1867095`
*連続ログイン4日目
※ログインが途切れるか、7日到達すると
1日目から再開されます*
`聖晶石 X 1
11月交換券(2022) X 1
``從者/禮裝數: 645 / 688`
_2022-11-23 19:31:18_
--------
`友情點數召喚累計2110次

`[3f5599a008981ecf87f2dea9d1d83d6a]
`登入天數: 18天 / 1900天
等級: 18
石頭: 1854
呼符: 0
友情點: +0 / 1834150`
*連続ログイン4日目
※ログインが途切れるか、7日到達すると
1日目から再開されます*
`聖晶石 X 1
11月交換券(2022) X 1
``從者/禮裝數: 703 / 737`
_2022-11-23 19:31:29_
--------
`友情點數召喚累計1840次

`[0d14e47d83c8b8400ed7555e0192724d]
`登入天數: 18天 / 1822天
等級: 21
石頭: 1544
呼符: 35
友情點: +30 / 1727375`
*連続ログイン4日目
※ログインが途切れるか、7日到達すると
1日目から再開されます*
`聖晶石 X 1
11月交換券(2022) X 1
``從者/禮裝數: 711 / 737`
_2022-11-23 19:31:41_
--------
`友情點數召喚累計1900次

`[d4c10e20929a4c973210db1453668b11]
`登入天數: 18天 / 1828天
等級: 20
石頭: 1747
呼符: 0
友情點: +0 / 1692020`
*連続ログイン4日目
※ログインが途切れるか、7日到達すると
1日目から再開されます*
`聖晶石 X 1
11月交換券(2022) X 1
``從者/禮裝數: 707 / 744`
_2022-11-23 19:31:53_
--------
`友情點數召喚累計1780次

`[f0cc4e7ae2d4b30013f328b2cf7d6063]
`登入天數: 18天 / 1837天
等級: 20
石頭: 918
呼符: 61
友情點: +0 / 1695585`
*連続ログイン4日目
※ログインが途切れるか、7日到達すると
1日目から再開されます*
`聖晶石 X 1
11月交換券(2022) X 1
``從者/禮裝數: 717 / 741`
_2022-11-23 19:32:04_
--------
`友情點數召喚累計1822次

`[48a14ba1dd858b92594b71e0ed7d5311]
`登入天數: 18天 / 1829天
等級: 20
石頭: 2015
呼符: 108
友情點: +0 / 1604985`
*連続ログイン4日目
※ログインが途切れるか、7日到達すると
1日目から再開されます*
`聖晶石 X 1
11月交換券(2022) X 1
``從者/禮裝數: 726 / 733`
_2022-11-23 19:32:16_
--------
`友情點數召喚累計1660次

`