【登入訊息】
[c5ab1b78563b1f9e4ee17ab01234bc5e]
`登入天數: 19天 / 1697天
等級: 92
石頭: 2730
呼符: 106
友情點: +0 / 1737505`
*連続ログイン5日目
※ログインが途切れるか、7日到達すると
1日目から再開されます*
`叡智の業火 X 2
11月交換券(2022) X 1
``從者/禮裝數: 692 / 706`
_2022-11-24 19:30:52_
--------
`友情點數召喚累計2541次

`[d4825e10f75d83bc0cfb33b6768a8634]
`登入天數: 19天 / 1886天
等級: 19
石頭: 2573
呼符: 25
友情點: +400 / 1884585`
*連続ログイン5日目
※ログインが途切れるか、7日到達すると
1日目から再開されます*
`叡智の業火 X 2
11月交換券(2022) X 1
``從者/禮裝數: 638 / 753`
_2022-11-24 19:31:03_
--------
`友情點數召喚累計2040次

`[ff29db15be18f883ffccdf7ab23021a7]
`登入天數: 19天 / 1882天
等級: 18
石頭: 1888
呼符: 0
友情點: +110 / 1758190`
*連続ログイン5日目
※ログインが途切れるか、7日到達すると
1日目から再開されます*
`叡智の業火 X 2
11月交換券(2022) X 1
``從者/禮裝數: 647 / 757`
_2022-11-24 19:31:15_
--------
`友情點數召喚累計1940次

`[cc4787a257e3a46e268001195f780247]
`登入天數: 19天 / 1896天
等級: 18
石頭: 2654
呼符: 110
友情點: +120 / 1867215`
*連続ログイン5日目
※ログインが途切れるか、7日到達すると
1日目から再開されます*
`叡智の業火 X 2
11月交換券(2022) X 1
``從者/禮裝數: 648 / 693`
_2022-11-24 19:31:27_
--------
`友情點數召喚累計2120次

`[3f5599a008981ecf87f2dea9d1d83d6a]
`登入天數: 19天 / 1901天
等級: 18
石頭: 1854
呼符: 0
友情點: +0 / 1834150`
*連続ログイン5日目
※ログインが途切れるか、7日到達すると
1日目から再開されます*
`叡智の業火 X 2
11月交換券(2022) X 1
``從者/禮裝數: 705 / 744`
_2022-11-24 19:31:39_
--------
`友情點數召喚累計1850次

`[0d14e47d83c8b8400ed7555e0192724d]
`登入天數: 19天 / 1823天
等級: 21
石頭: 1544
呼符: 35
友情點: +90 / 1727465`
*連続ログイン5日目
※ログインが途切れるか、7日到達すると
1日目から再開されます*
`叡智の業火 X 2
11月交換券(2022) X 1
``從者/禮裝數: 714 / 743`
_2022-11-24 19:31:51_
--------
`友情點數召喚累計1910次

`[d4c10e20929a4c973210db1453668b11]
`登入天數: 19天 / 1829天
等級: 20
石頭: 1747
呼符: 0
友情點: +0 / 1692020`
*連続ログイン5日目
※ログインが途切れるか、7日到達すると
1日目から再開されます*
`叡智の業火 X 2
11月交換券(2022) X 1
``從者/禮裝數: 709 / 747`
_2022-11-24 19:32:03_
--------
`友情點數召喚累計1790次

`[f0cc4e7ae2d4b30013f328b2cf7d6063]
`登入天數: 19天 / 1838天
等級: 20
石頭: 918
呼符: 61
友情點: +0 / 1695585`
*連続ログイン5日目
※ログインが途切れるか、7日到達すると
1日目から再開されます*
`叡智の業火 X 2
11月交換券(2022) X 1
``從者/禮裝數: 718 / 749`
_2022-11-24 19:32:14_
--------
`友情點數召喚累計1832次

`[48a14ba1dd858b92594b71e0ed7d5311]
`登入天數: 19天 / 1830天
等級: 20
石頭: 2015
呼符: 108
友情點: +0 / 1604985`
*連続ログイン5日目
※ログインが途切れるか、7日到達すると
1日目から再開されます*
`叡智の業火 X 2
11月交換券(2022) X 1
``從者/禮裝數: 729 / 736`
_2022-11-24 19:32:25_
--------
`友情點數召喚累計1670次

`