【登入訊息】
[c5ab1b78563b1f9e4ee17ab01234bc5e]
`登入天數: 20天 / 1698天
等級: 92
石頭: 2730
呼符: 106
友情點: +0 / 1737505`
*連続ログイン6日目
※ログインが途切れるか、7日到達すると
1日目から再開されます*
`聖晶石 X 2
11月交換券(2022) X 1
``從者/禮裝數: 694 / 714`
_2022-11-25 19:30:44_
--------
`友情點數召喚累計2551次

`[d4825e10f75d83bc0cfb33b6768a8634]
`登入天數: 20天 / 1887天
等級: 19
石頭: 2573
呼符: 25
友情點: +220 / 1884805`
*連続ログイン6日目
※ログインが途切れるか、7日到達すると
1日目から再開されます*
`聖晶石 X 2
11月交換券(2022) X 1
``從者/禮裝數: 639 / 759`
_2022-11-25 19:30:56_
--------
`友情點數召喚累計2050次

`[ff29db15be18f883ffccdf7ab23021a7]
`登入天數: 20天 / 1883天
等級: 18
石頭: 1888
呼符: 0
友情點: +50 / 1758240`
*連続ログイン6日目
※ログインが途切れるか、7日到達すると
1日目から再開されます*
`聖晶石 X 2
11月交換券(2022) X 1
``從者/禮裝數: 649 / 761`
_2022-11-25 19:31:08_
--------
`友情點數召喚累計1950次

`[cc4787a257e3a46e268001195f780247]
`登入天數: 20天 / 1897天
等級: 18
石頭: 2654
呼符: 110
友情點: +80 / 1867295`
*連続ログイン6日目
※ログインが途切れるか、7日到達すると
1日目から再開されます*
`聖晶石 X 2
11月交換券(2022) X 1
``從者/禮裝數: 652 / 697`
_2022-11-25 19:31:20_
--------
`友情點數召喚累計2130次

`[3f5599a008981ecf87f2dea9d1d83d6a]
`登入天數: 20天 / 1902天
等級: 18
石頭: 1854
呼符: 0
友情點: +0 / 1834150`
*連続ログイン6日目
※ログインが途切れるか、7日到達すると
1日目から再開されます*
`聖晶石 X 2
11月交換券(2022) X 1
``從者/禮裝數: 709 / 748`
_2022-11-25 19:31:31_
--------
`友情點數召喚累計1860次

`[0d14e47d83c8b8400ed7555e0192724d]
`登入天數: 20天 / 1824天
等級: 21
石頭: 1544
呼符: 35
友情點: +80 / 1727545`
*連続ログイン6日目
※ログインが途切れるか、7日到達すると
1日目から再開されます*
`聖晶石 X 2
11月交換券(2022) X 1
``從者/禮裝數: 717 / 747`
_2022-11-25 19:31:44_
--------
`友情點數召喚累計1920次

`[d4c10e20929a4c973210db1453668b11]
`登入天數: 20天 / 1830天
等級: 20
石頭: 1747
呼符: 0
友情點: +0 / 1692020`
*連続ログイン6日目
※ログインが途切れるか、7日到達すると
1日目から再開されます*
`聖晶石 X 2
11月交換券(2022) X 1
``從者/禮裝數: 711 / 754`
_2022-11-25 19:31:55_
--------
`友情點數召喚累計1800次

`[f0cc4e7ae2d4b30013f328b2cf7d6063]
`登入天數: 20天 / 1839天
等級: 20
石頭: 918
呼符: 61
友情點: +0 / 1695585`
*連続ログイン6日目
※ログインが途切れるか、7日到達すると
1日目から再開されます*
`聖晶石 X 2
11月交換券(2022) X 1
``從者/禮裝數: 722 / 754`
_2022-11-25 19:32:07_
--------
`友情點數召喚累計1842次

`[48a14ba1dd858b92594b71e0ed7d5311]
`登入天數: 20天 / 1831天
等級: 20
石頭: 2015
呼符: 108
友情點: +0 / 1604985`
*連続ログイン6日目
※ログインが途切れるか、7日到達すると
1日目から再開されます*
`聖晶石 X 2
11月交換券(2022) X 1
``從者/禮裝數: 733 / 739`
_2022-11-25 19:32:19_
--------
`友情點數召喚累計1680次

`