【登入訊息】
[c5ab1b78563b1f9e4ee17ab01234bc5e]
`登入天數: 21天 / 1699天
等級: 92
石頭: 2730
呼符: 106
友情點: +0 / 1737505`
*連続ログイン7日間到達おめでとうございます！
明日は1日目からリスタートされます。*
`獣の足跡 X 1
呼符 X 1
11月交換券(2022) X 1
``從者/禮裝數: 698 / 718`
_2022-11-26 19:30:39_
--------
`友情點數召喚累計2561次

`[d4825e10f75d83bc0cfb33b6768a8634]
`登入天數: 21天 / 1888天
等級: 19
石頭: 2573
呼符: 25
友情點: +300 / 1885105`
*連続ログイン7日間到達おめでとうございます！
明日は1日目からリスタートされます。*
`獣の足跡 X 1
呼符 X 1
11月交換券(2022) X 1
``從者/禮裝數: 643 / 763`
_2022-11-26 19:30:51_
--------
`友情點數召喚累計2060次

`[ff29db15be18f883ffccdf7ab23021a7]
`登入天數: 21天 / 1884天
等級: 18
石頭: 1888
呼符: 0
友情點: +30 / 1758270`
*連続ログイン7日間到達おめでとうございます！
明日は1日目からリスタートされます。*
`獣の足跡 X 1
呼符 X 1
11月交換券(2022) X 1
``從者/禮裝數: 652 / 767`
_2022-11-26 19:31:03_
--------
`友情點數召喚累計1960次

`[cc4787a257e3a46e268001195f780247]
`登入天數: 21天 / 1898天
等級: 18
石頭: 2654
呼符: 110
友情點: +100 / 1867395`
*連続ログイン7日間到達おめでとうございます！
明日は1日目からリスタートされます。*
`獣の足跡 X 1
呼符 X 1
11月交換券(2022) X 1
``從者/禮裝數: 654 / 701`
_2022-11-26 19:31:15_
--------
`友情點數召喚累計2140次

`[3f5599a008981ecf87f2dea9d1d83d6a]
`登入天數: 21天 / 1903天
等級: 18
石頭: 1854
呼符: 0
友情點: +0 / 1834150`
*連続ログイン7日間到達おめでとうございます！
明日は1日目からリスタートされます。*
`獣の足跡 X 1
呼符 X 1
11月交換券(2022) X 1
``從者/禮裝數: 712 / 753`
_2022-11-26 19:31:26_
--------
`友情點數召喚累計1870次

`[0d14e47d83c8b8400ed7555e0192724d]
`登入天數: 21天 / 1825天
等級: 21
石頭: 1544
呼符: 35
友情點: +40 / 1727585`
*連続ログイン7日間到達おめでとうございます！
明日は1日目からリスタートされます。*
`獣の足跡 X 1
呼符 X 1
11月交換券(2022) X 1
``從者/禮裝數: 720 / 751`
_2022-11-26 19:31:38_
--------
`友情點數召喚累計1930次

`[d4c10e20929a4c973210db1453668b11]
`登入天數: 21天 / 1831天
等級: 20
石頭: 1747
呼符: 0
友情點: +0 / 1692020`
*連続ログイン7日間到達おめでとうございます！
明日は1日目からリスタートされます。*
`獣の足跡 X 1
呼符 X 1
11月交換券(2022) X 1
``從者/禮裝數: 715 / 759`
_2022-11-26 19:31:50_
--------
`友情點數召喚累計1810次

`[f0cc4e7ae2d4b30013f328b2cf7d6063]
`登入天數: 21天 / 1840天
等級: 20
石頭: 918
呼符: 61
友情點: +0 / 1695585`
*連続ログイン7日間到達おめでとうございます！
明日は1日目からリスタートされます。*
`獣の足跡 X 1
呼符 X 1
11月交換券(2022) X 1
``從者/禮裝數: 724 / 760`
_2022-11-26 19:32:02_
--------
`友情點數召喚累計1852次

`[48a14ba1dd858b92594b71e0ed7d5311]
`登入天數: 21天 / 1832天
等級: 20
石頭: 2015
呼符: 108
友情點: +0 / 1604985`
*連続ログイン7日間到達おめでとうございます！
明日は1日目からリスタートされます。*
`獣の足跡 X 1
呼符 X 1
11月交換券(2022) X 1
``從者/禮裝數: 735 / 744`
_2022-11-26 19:32:13_
--------
`友情點數召喚累計1690次

`