【登入訊息】
[c5ab1b78563b1f9e4ee17ab01234bc5e]
`登入天數: 22天 / 1700天
等級: 92
石頭: 2730
呼符: 106
友情點: +0 / 1737505`
*連続ログイン1日目
※ログインが途切れるか、7日到達すると
1日目から再開されます*
`フレンドポイント X 2000
11月交換券(2022) X 1
``從者/禮裝數: 701 / 724`
_2022-11-27 19:30:43_
--------
`友情點數召喚累計2571次

`[d4825e10f75d83bc0cfb33b6768a8634]
`登入天數: 22天 / 1889天
等級: 19
石頭: 2573
呼符: 25
友情點: +120 / 1885225`
*連続ログイン1日目
※ログインが途切れるか、7日到達すると
1日目から再開されます*
`フレンドポイント X 2000
11月交換券(2022) X 1
``從者/禮裝數: 643 / 772`
_2022-11-27 19:30:55_
--------
`友情點數召喚累計2070次

`[ff29db15be18f883ffccdf7ab23021a7]
`登入天數: 22天 / 1885天
等級: 18
石頭: 1888
呼符: 0
友情點: +140 / 1758410`
*連続ログイン1日目
※ログインが途切れるか、7日到達すると
1日目から再開されます*
`フレンドポイント X 2000
11月交換券(2022) X 1
``從者/禮裝數: 654 / 775`
_2022-11-27 19:31:07_
--------
`友情點數召喚累計1970次

`[cc4787a257e3a46e268001195f780247]
`登入天數: 22天 / 1899天
等級: 18
石頭: 2654
呼符: 110
友情點: +140 / 1867535`
*連続ログイン1日目
※ログインが途切れるか、7日到達すると
1日目から再開されます*
`フレンドポイント X 2000
11月交換券(2022) X 1
``從者/禮裝數: 655 / 709`
_2022-11-27 19:31:18_
--------
`友情點數召喚累計2150次

`[3f5599a008981ecf87f2dea9d1d83d6a]
`登入天數: 22天 / 1904天
等級: 18
石頭: 1854
呼符: 0
友情點: +0 / 1834150`
*連続ログイン1日目
※ログインが途切れるか、7日到達すると
1日目から再開されます*
`フレンドポイント X 2000
11月交換券(2022) X 1
``從者/禮裝數: 714 / 760`
_2022-11-27 19:31:30_
--------
`友情點數召喚累計1880次

`[0d14e47d83c8b8400ed7555e0192724d]
`登入天數: 22天 / 1826天
等級: 21
石頭: 1544
呼符: 35
友情點: +100 / 1727685`
*連続ログイン1日目
※ログインが途切れるか、7日到達すると
1日目から再開されます*
`フレンドポイント X 2000
11月交換券(2022) X 1
``從者/禮裝數: 723 / 755`
_2022-11-27 19:31:41_
--------
`友情點數召喚累計1940次

`[d4c10e20929a4c973210db1453668b11]
`登入天數: 22天 / 1832天
等級: 20
石頭: 1747
呼符: 0
友情點: +0 / 1692020`
*連続ログイン1日目
※ログインが途切れるか、7日到達すると
1日目から再開されます*
`フレンドポイント X 2000
11月交換券(2022) X 1
``從者/禮裝數: 719 / 760`
_2022-11-27 19:31:53_
--------
`友情點數召喚累計1820次

`[f0cc4e7ae2d4b30013f328b2cf7d6063]
`登入天數: 22天 / 1841天
等級: 20
石頭: 918
呼符: 61
友情點: +0 / 1695585`
*連続ログイン1日目
※ログインが途切れるか、7日到達すると
1日目から再開されます*
`フレンドポイント X 2000
11月交換券(2022) X 1
``從者/禮裝數: 726 / 766`
_2022-11-27 19:32:04_
--------
`友情點數召喚累計1862次

`[48a14ba1dd858b92594b71e0ed7d5311]
`登入天數: 22天 / 1833天
等級: 20
石頭: 2015
呼符: 108
友情點: +0 / 1604985`
*連続ログイン1日目
※ログインが途切れるか、7日到達すると
1日目から再開されます*
`フレンドポイント X 2000
11月交換券(2022) X 1
``從者/禮裝數: 738 / 748`
_2022-11-27 19:32:15_
--------
`友情點數召喚累計1700次

`