【登入訊息】
[c5ab1b78563b1f9e4ee17ab01234bc5e]
`登入天數: 23天 / 1701天
等級: 92
石頭: 2730
呼符: 106
友情點: +0 / 1737505`
*連続ログイン2日目
※ログインが途切れるか、7日到達すると
1日目から再開されます*
`聖晶石 X 1
11月交換券(2022) X 1
``從者/禮裝數: 706 / 727`
_2022-11-28 19:30:42_
--------
`友情點數召喚累計2581次

`[d4825e10f75d83bc0cfb33b6768a8634]
`登入天數: 23天 / 1890天
等級: 19
石頭: 2573
呼符: 25
友情點: +300 / 1885525`
*連続ログイン2日目
※ログインが途切れるか、7日到達すると
1日目から再開されます*
`聖晶石 X 1
11月交換券(2022) X 1
``從者/禮裝數: 645 / 778`
_2022-11-28 19:30:54_
--------
`友情點數召喚累計2080次

`[ff29db15be18f883ffccdf7ab23021a7]
`登入天數: 23天 / 1886天
等級: 18
石頭: 1888
呼符: 0
友情點: +160 / 1758570`
*連続ログイン2日目
※ログインが途切れるか、7日到達すると
1日目から再開されます*
`聖晶石 X 1
11月交換券(2022) X 1
``從者/禮裝數: 656 / 782`
_2022-11-28 19:31:05_
--------
`友情點數召喚累計1980次

`[cc4787a257e3a46e268001195f780247]
`登入天數: 23天 / 1900天
等級: 18
石頭: 2654
呼符: 110
友情點: +130 / 1867865`
*連続ログイン2日目
※ログインが途切れるか、7日到達すると
1日目から再開されます*
`聖晶石 X 1
11月交換券(2022) X 1
``從者/禮裝數: 659 / 714`
_2022-11-28 19:31:17_
--------
`友情點數召喚累計2160次

`[3f5599a008981ecf87f2dea9d1d83d6a]
`登入天數: 23天 / 1905天
等級: 18
石頭: 1854
呼符: 0
友情點: +0 / 1834150`
*連続ログイン2日目
※ログインが途切れるか、7日到達すると
1日目から再開されます*
`聖晶石 X 1
11月交換券(2022) X 1
``從者/禮裝數: 717 / 763`
_2022-11-28 19:31:28_
--------
`友情點數召喚累計1890次

`[0d14e47d83c8b8400ed7555e0192724d]
`登入天數: 23天 / 1827天
等級: 21
石頭: 1544
呼符: 35
友情點: +140 / 1727825`
*連続ログイン2日目
※ログインが途切れるか、7日到達すると
1日目から再開されます*
`聖晶石 X 1
11月交換券(2022) X 1
``從者/禮裝數: 726 / 760`
_2022-11-28 19:31:39_
--------
`友情點數召喚累計1950次

`[d4c10e20929a4c973210db1453668b11]
`登入天數: 23天 / 1833天
等級: 20
石頭: 1747
呼符: 0
友情點: +0 / 1692020`
*連続ログイン2日目
※ログインが途切れるか、7日到達すると
1日目から再開されます*
`聖晶石 X 1
11月交換券(2022) X 1
``從者/禮裝數: 724 / 764`
_2022-11-28 19:31:51_
--------
`友情點數召喚累計1830次

`[f0cc4e7ae2d4b30013f328b2cf7d6063]
`登入天數: 23天 / 1842天
等級: 20
石頭: 918
呼符: 61
友情點: +0 / 1695585`
*連続ログイン2日目
※ログインが途切れるか、7日到達すると
1日目から再開されます*
`聖晶石 X 1
11月交換券(2022) X 1
``從者/禮裝數: 728 / 773`
_2022-11-28 19:32:03_
--------
`友情點數召喚累計1872次

`[48a14ba1dd858b92594b71e0ed7d5311]
`登入天數: 23天 / 1834天
等級: 20
石頭: 2015
呼符: 108
友情點: +0 / 1604985`
*連続ログイン2日目
※ログインが途切れるか、7日到達すると
1日目から再開されます*
`聖晶石 X 1
11月交換券(2022) X 1
``從者/禮裝數: 740 / 751`
_2022-11-28 19:32:14_
--------
`友情點數召喚累計1710次

`