【登入訊息】
[c5ab1b78563b1f9e4ee17ab01234bc5e]
`登入天數: 24天 / 1702天
等級: 92
石頭: 2730
呼符: 106
友情點: +0 / 1737505`
*連続ログイン3日目
※ログインが途切れるか、7日到達すると
1日目から再開されます*
`叡智の業火 X 1
11月交換券(2022) X 1
``從者/禮裝數: 710 / 731`
_2022-11-29 19:30:57_
--------
`友情點數召喚累計2591次

`[d4825e10f75d83bc0cfb33b6768a8634]
`登入天數: 24天 / 1891天
等級: 19
石頭: 2573
呼符: 25
友情點: +200 / 1885725`
*連続ログイン3日目
※ログインが途切れるか、7日到達すると
1日目から再開されます*
`叡智の業火 X 1
11月交換券(2022) X 1
``從者/禮裝數: 646 / 785`
_2022-11-29 19:31:09_
--------
`友情點數召喚累計2090次

`[ff29db15be18f883ffccdf7ab23021a7]
`登入天數: 24天 / 1887天
等級: 18
石頭: 1888
呼符: 0
友情點: +60 / 1758630`
*連続ログイン3日目
※ログインが途切れるか、7日到達すると
1日目から再開されます*
`叡智の業火 X 1
11月交換券(2022) X 1
``從者/禮裝數: 659 / 786`
_2022-11-29 19:31:21_
--------
`友情點數召喚累計1990次

`[cc4787a257e3a46e268001195f780247]
`登入天數: 24天 / 1901天
等級: 18
石頭: 2654
呼符: 110
友情點: +80 / 1867945`
*連続ログイン3日目
※ログインが途切れるか、7日到達すると
1日目から再開されます*
`叡智の業火 X 1
11月交換券(2022) X 1
``從者/禮裝數: 660 / 721`
_2022-11-29 19:31:33_
--------
`友情點數召喚累計2170次

`[3f5599a008981ecf87f2dea9d1d83d6a]
`登入天數: 24天 / 1906天
等級: 18
石頭: 1854
呼符: 0
友情點: +0 / 1834150`
*連続ログイン3日目
※ログインが途切れるか、7日到達すると
1日目から再開されます*
`叡智の業火 X 1
11月交換券(2022) X 1
``從者/禮裝數: 719 / 769`
_2022-11-29 19:31:45_
--------
`友情點數召喚累計1900次

`[0d14e47d83c8b8400ed7555e0192724d]
`登入天數: 24天 / 1828天
等級: 21
石頭: 1544
呼符: 35
友情點: +220 / 1728045`
*連続ログイン3日目
※ログインが途切れるか、7日到達すると
1日目から再開されます*
`叡智の業火 X 1
11月交換券(2022) X 1
``從者/禮裝數: 731 / 765`
_2022-11-29 19:31:57_
--------
`友情點數召喚累計1960次

`[d4c10e20929a4c973210db1453668b11]
`登入天數: 24天 / 1834天
等級: 20
石頭: 1747
呼符: 0
友情點: +0 / 1692020`
*連続ログイン3日目
※ログインが途切れるか、7日到達すると
1日目から再開されます*
`叡智の業火 X 1
11月交換券(2022) X 1
``從者/禮裝數: 728 / 767`
_2022-11-29 19:32:09_
--------
`友情點數召喚累計1840次

`[f0cc4e7ae2d4b30013f328b2cf7d6063]
`登入天數: 24天 / 1843天
等級: 20
石頭: 918
呼符: 61
友情點: +0 / 1695585`
*連続ログイン3日目
※ログインが途切れるか、7日到達すると
1日目から再開されます*
`叡智の業火 X 1
11月交換券(2022) X 1
``從者/禮裝數: 731 / 778`
_2022-11-29 19:32:21_
--------
`友情點數召喚累計1882次

`[48a14ba1dd858b92594b71e0ed7d5311]
`登入天數: 24天 / 1835天
等級: 20
石頭: 2015
呼符: 108
友情點: +0 / 1604985`
*連続ログイン3日目
※ログインが途切れるか、7日到達すると
1日目から再開されます*
`叡智の業火 X 1
11月交換券(2022) X 1
``從者/禮裝數: 740 / 759`
_2022-11-29 19:32:33_
--------
`友情點數召喚累計1720次

`