【登入訊息】
[c5ab1b78563b1f9e4ee17ab01234bc5e]
`登入天數: 295天 / 1646天
等級: 92
石頭: 2459
呼符: 172
友情點: +0 / 1705505`
*連続ログイン1日目
※ログインが途切れるか、7日到達すると
1日目から再開されます*
`フレンドポイント X 2000
10月交換券(2022) X 1
``從者/禮裝數: 738 / 805`
_2022-10-02 19:42:19_
--------
[d4825e10f75d83bc0cfb33b6768a8634]
`登入天數: 185天 / 1835天
等級: 19
石頭: 2301
呼符: 2
友情點: +400 / 1849240`
*連続ログイン3日目
※ログインが途切れるか、7日到達すると
1日目から再開されます*
`叡智の業火 X 1
10月交換券(2022) X 1
``從者/禮裝數: 719 / 801`
_2022-10-02 19:42:27_
--------
[ff29db15be18f883ffccdf7ab23021a7]
`登入天數: 185天 / 1831天
等級: 18
石頭: 1676
呼符: 2
友情點: +150 / 1725875`
*連続ログイン3日目
※ログインが途切れるか、7日到達すると
1日目から再開されます*
`叡智の業火 X 1
10月交換券(2022) X 1
``從者/禮裝數: 736 / 800`
_2022-10-02 19:42:36_
--------
[cc4787a257e3a46e268001195f780247]
`登入天數: 185天 / 1845天
等級: 18
石頭: 2382
呼符: 166
友情點: +110 / 1834570`
*連続ログイン3日目
※ログインが途切れるか、7日到達すると
1日目から再開されます*
`叡智の業火 X 1
10月交換券(2022) X 1
``從者/禮裝數: 781 / 800`
_2022-10-02 19:42:44_
--------
[3f5599a008981ecf87f2dea9d1d83d6a]
`登入天數: 185天 / 1850天
等級: 18
石頭: 2091
呼符: 2
友情點: +0 / 1804150`
*連続ログイン3日目
※ログインが途切れるか、7日到達すると
1日目から再開されます*
`叡智の業火 X 1
10月交換券(2022) X 1
``從者/禮裝數: 730 / 802`
_2022-10-02 19:42:53_
--------
[0d14e47d83c8b8400ed7555e0192724d]
`登入天數: 185天 / 1772天
等級: 21
石頭: 1271
呼符: 73
友情點: +320 / 1692400`
*連続ログイン3日目
※ログインが途切れるか、7日到達すると
1日目から再開されます*
`叡智の業火 X 1
10月交換券(2022) X 1
``從者/禮裝數: 752 / 800`
_2022-10-02 19:43:02_
--------
[d4c10e20929a4c973210db1453668b11]
`登入天數: 185天 / 1778天
等級: 20
石頭: 1504
呼符: 2
友情點: +0 / 1660020`
*連続ログイン3日目
※ログインが途切れるか、7日到達すると
1日目から再開されます*
`叡智の業火 X 1
10月交換券(2022) X 1
``從者/禮裝數: 745 / 801`
_2022-10-02 19:43:10_
--------
[f0cc4e7ae2d4b30013f328b2cf7d6063]
`登入天數: 185天 / 1787天
等級: 20
石頭: 645
呼符: 53
友情點: +0 / 1663585`
*連続ログイン3日目
※ログインが途切れるか、7日到達すると
1日目から再開されます*
`叡智の業火 X 1
10月交換券(2022) X 1
``從者/禮裝數: 770 / 800`
_2022-10-02 19:43:19_
--------
[48a14ba1dd858b92594b71e0ed7d5311]
`登入天數: 185天 / 1779天
等級: 20
石頭: 1742
呼符: 113
友情點: +0 / 1572985`
*連続ログイン3日目
※ログインが途切れるか、7日到達すると
1日目から再開されます*
`叡智の業火 X 1
10月交換券(2022) X 1
``從者/禮裝數: 700 / 806`
_2022-10-02 19:43:28_
--------
