【登入訊息】
[c5ab1b78563b1f9e4ee17ab01234bc5e]
`登入天數: 314天 / 1665天
等級: 92
石頭: 2459
呼符: 172
友情點: +0 / 1705505`
*連続ログイン6日目
※ログインが途切れるか、7日到達すると
1日目から再開されます*
`聖晶石 X 2
10月交換券(2022) X 1
``從者/禮裝數: 738 / 805`
_2022-10-21 19:45:11_
--------
[d4825e10f75d83bc0cfb33b6768a8634]
`登入天數: 204天 / 1854天
等級: 19
石頭: 2301
呼符: 2
友情點: +0 / 1849860`
*連続ログイン1日目
※ログインが途切れるか、7日到達すると
1日目から再開されます*
`フレンドポイント X 2000
10月交換券(2022) X 1
``從者/禮裝數: 719 / 801`
_2022-10-21 19:45:20_
--------
[ff29db15be18f883ffccdf7ab23021a7]
`登入天數: 204天 / 1850天
等級: 18
石頭: 1676
呼符: 2
友情點: +10 / 1726265`
*連続ログイン1日目
※ログインが途切れるか、7日到達すると
1日目から再開されます*
`フレンドポイント X 2000
10月交換券(2022) X 1
``從者/禮裝數: 736 / 800`
_2022-10-21 19:45:28_
--------
[cc4787a257e3a46e268001195f780247]
`登入天數: 204天 / 1864天
等級: 18
石頭: 2382
呼符: 166
友情點: +0 / 1835450`
*連続ログイン1日目
※ログインが途切れるか、7日到達すると
1日目から再開されます*
`フレンドポイント X 2000
10月交換券(2022) X 1
``從者/禮裝數: 781 / 800`
_2022-10-21 19:45:38_
--------
[3f5599a008981ecf87f2dea9d1d83d6a]
`登入天數: 204天 / 1869天
等級: 18
石頭: 2091
呼符: 2
友情點: +0 / 1804150`
*連続ログイン1日目
※ログインが途切れるか、7日到達すると
1日目から再開されます*
`フレンドポイント X 2000
10月交換券(2022) X 1
``從者/禮裝數: 730 / 802`
_2022-10-21 19:45:46_
--------
[0d14e47d83c8b8400ed7555e0192724d]
`登入天數: 204天 / 1791天
等級: 21
石頭: 1271
呼符: 73
友情點: +10 / 1692940`
*連続ログイン1日目
※ログインが途切れるか、7日到達すると
1日目から再開されます*
`フレンドポイント X 2000
10月交換券(2022) X 1
``從者/禮裝數: 752 / 800`
_2022-10-21 19:45:55_
--------
[d4c10e20929a4c973210db1453668b11]
`登入天數: 204天 / 1797天
等級: 20
石頭: 1504
呼符: 2
友情點: +0 / 1660020`
*連続ログイン1日目
※ログインが途切れるか、7日到達すると
1日目から再開されます*
`フレンドポイント X 2000
10月交換券(2022) X 1
``從者/禮裝數: 745 / 801`
_2022-10-21 19:46:04_
--------
[f0cc4e7ae2d4b30013f328b2cf7d6063]
`登入天數: 204天 / 1806天
等級: 20
石頭: 645
呼符: 53
友情點: +0 / 1663585`
*連続ログイン1日目
※ログインが途切れるか、7日到達すると
1日目から再開されます*
`フレンドポイント X 2000
10月交換券(2022) X 1
``從者/禮裝數: 770 / 800`
_2022-10-21 19:46:13_
--------
[48a14ba1dd858b92594b71e0ed7d5311]
`登入天數: 204天 / 1798天
等級: 20
石頭: 1742
呼符: 113
友情點: +0 / 1572985`
*連続ログイン1日目
※ログインが途切れるか、7日到達すると
1日目から再開されます*
`フレンドポイント X 2000
10月交換券(2022) X 1
``從者/禮裝數: 700 / 806`
_2022-10-21 19:46:21_
--------
