【登入訊息】
[c5ab1b78563b1f9e4ee17ab01234bc5e]
`登入天數: 320天 / 1671天
等級: 92
石頭: 2459
呼符: 172
友情點: +0 / 1705505`
*連続ログイン5日目
※ログインが途切れるか、7日到達すると
1日目から再開されます*
`叡智の業火 X 2
10月交換券(2022) X 1
`*特異点修復応援キャンペーン 特別回数ログインボーナス*
*開催期間中、1日1回 最大7回 ログインボーナスをプレゼント！*
/webview/loginbonus/20221028_5rm372/5rm372_k_01.png
`聖晶石 X 1
`*特異点修復応援キャンペーン限定　使用期限付コンティニューアイテムプレゼント！*
*開催期間中、初回ログインでコンティニューアイテム「霊脈石×3」をプレゼント！*
/webview/loginbonus/20221027_szib6u/szib6u_s_01.png
`霊脈石 X 3
``從者/禮裝數: 738 / 805`
_2022-10-27 19:40:26_
--------
[d4825e10f75d83bc0cfb33b6768a8634]
`登入天數: 210天 / 1860天
等級: 19
石頭: 2301
呼符: 2
友情點: +40 / 1849980`
*連続ログイン7日間到達おめでとうございます！
明日は1日目からリスタートされます。*
`獣の足跡 X 1
呼符 X 1
10月交換券(2022) X 1
`*特異点修復応援キャンペーン 特別回数ログインボーナス*
*開催期間中、1日1回 最大7回 ログインボーナスをプレゼント！*
/webview/loginbonus/20221028_5rm372/5rm372_k_01.png
`聖晶石 X 1
`*特異点修復応援キャンペーン限定　使用期限付コンティニューアイテムプレゼント！*
*開催期間中、初回ログインでコンティニューアイテム「霊脈石×3」をプレゼント！*
/webview/loginbonus/20221027_szib6u/szib6u_s_01.png
`霊脈石 X 3
``從者/禮裝數: 719 / 801`
_2022-10-27 19:40:35_
--------
[ff29db15be18f883ffccdf7ab23021a7]
`登入天數: 210天 / 1856天
等級: 18
石頭: 1676
呼符: 2
友情點: +20 / 1726375`
*連続ログイン7日間到達おめでとうございます！
明日は1日目からリスタートされます。*
`獣の足跡 X 1
呼符 X 1
10月交換券(2022) X 1
`*特異点修復応援キャンペーン 特別回数ログインボーナス*
*開催期間中、1日1回 最大7回 ログインボーナスをプレゼント！*
/webview/loginbonus/20221028_5rm372/5rm372_k_01.png
`聖晶石 X 1
`*特異点修復応援キャンペーン限定　使用期限付コンティニューアイテムプレゼント！*
*開催期間中、初回ログインでコンティニューアイテム「霊脈石×3」をプレゼント！*
/webview/loginbonus/20221027_szib6u/szib6u_s_01.png
`霊脈石 X 3
``從者/禮裝數: 736 / 800`
_2022-10-27 19:40:44_
--------
[cc4787a257e3a46e268001195f780247]
`登入天數: 210天 / 1870天
等級: 18
石頭: 2382
呼符: 166
友情點: +40 / 1835540`
*連続ログイン7日間到達おめでとうございます！
明日は1日目からリスタートされます。*
`獣の足跡 X 1
呼符 X 1
10月交換券(2022) X 1
`*特異点修復応援キャンペーン 特別回数ログインボーナス*
*開催期間中、1日1回 最大7回 ログインボーナスをプレゼント！*
/webview/loginbonus/20221028_5rm372/5rm372_k_01.png
`聖晶石 X 1
`*特異点修復応援キャンペーン限定　使用期限付コンティニューアイテムプレゼント！*
*開催期間中、初回ログインでコンティニューアイテム「霊脈石×3」をプレゼント！*
/webview/loginbonus/20221027_szib6u/szib6u_s_01.png
`霊脈石 X 3
``從者/禮裝數: 781 / 800`
_2022-10-27 19:40:53_
--------
[3f5599a008981ecf87f2dea9d1d83d6a]
`登入天數: 210天 / 1875天
等級: 18
石頭: 2091
呼符: 2
友情點: +0 / 1804150`
*連続ログイン7日間到達おめでとうございます！
明日は1日目からリスタートされます。*
`獣の足跡 X 1
呼符 X 1
10月交換券(2022) X 1
`*特異点修復応援キャンペーン 特別回数ログインボーナス*
*開催期間中、1日1回 最大7回 ログインボーナスをプレゼント！*
/webview/loginbonus/20221028_5rm372/5rm372_k_01.png
`聖晶石 X 1
`*特異点修復応援キャンペーン限定　使用期限付コンティニューアイテムプレゼント！*
*開催期間中、初回ログインでコンティニューアイテム「霊脈石×3」をプレゼント！*
/webview/loginbonus/20221027_szib6u/szib6u_s_01.png
`霊脈石 X 3
``從者/禮裝數: 730 / 802`
_2022-10-27 19:41:02_
--------
[0d14e47d83c8b8400ed7555e0192724d]
`登入天數: 210天 / 1797天
等級: 21
石頭: 1271
呼符: 73
友情點: +40 / 1693190`
*連続ログイン7日間到達おめでとうございます！
明日は1日目からリスタートされます。*
`獣の足跡 X 1
呼符 X 1
10月交換券(2022) X 1
`*特異点修復応援キャンペーン 特別回数ログインボーナス*
*開催期間中、1日1回 最大7回 ログインボーナスをプレゼント！*
/webview/loginbonus/20221028_5rm372/5rm372_k_01.png
`聖晶石 X 1
`*特異点修復応援キャンペーン限定　使用期限付コンティニューアイテムプレゼント！*
*開催期間中、初回ログインでコンティニューアイテム「霊脈石×3」をプレゼント！*
/webview/loginbonus/20221027_szib6u/szib6u_s_01.png
`霊脈石 X 3
``從者/禮裝數: 752 / 800`
_2022-10-27 19:41:11_
--------
[d4c10e20929a4c973210db1453668b11]
`登入天數: 210天 / 1803天
等級: 20
石頭: 1504
呼符: 2
友情點: +0 / 1660020`
*連続ログイン7日間到達おめでとうございます！
明日は1日目からリスタートされます。*
`獣の足跡 X 1
呼符 X 1
10月交換券(2022) X 1
`*特異点修復応援キャンペーン 特別回数ログインボーナス*
*開催期間中、1日1回 最大7回 ログインボーナスをプレゼント！*
/webview/loginbonus/20221028_5rm372/5rm372_k_01.png
`聖晶石 X 1
`*特異点修復応援キャンペーン限定　使用期限付コンティニューアイテムプレゼント！*
*開催期間中、初回ログインでコンティニューアイテム「霊脈石×3」をプレゼント！*
/webview/loginbonus/20221027_szib6u/szib6u_s_01.png
`霊脈石 X 3
``從者/禮裝數: 745 / 801`
_2022-10-27 19:41:21_
--------
[f0cc4e7ae2d4b30013f328b2cf7d6063]
`登入天數: 210天 / 1812天
等級: 20
石頭: 645
呼符: 53
友情點: +0 / 1663585`
*連続ログイン7日間到達おめでとうございます！
明日は1日目からリスタートされます。*
`獣の足跡 X 1
呼符 X 1
10月交換券(2022) X 1
`*特異点修復応援キャンペーン 特別回数ログインボーナス*
*開催期間中、1日1回 最大7回 ログインボーナスをプレゼント！*
/webview/loginbonus/20221028_5rm372/5rm372_k_01.png
`聖晶石 X 1
`*特異点修復応援キャンペーン限定　使用期限付コンティニューアイテムプレゼント！*
*開催期間中、初回ログインでコンティニューアイテム「霊脈石×3」をプレゼント！*
/webview/loginbonus/20221027_szib6u/szib6u_s_01.png
`霊脈石 X 3
``從者/禮裝數: 770 / 800`
_2022-10-27 19:41:30_
--------
[48a14ba1dd858b92594b71e0ed7d5311]
`登入天數: 210天 / 1804天
等級: 20
石頭: 1742
呼符: 113
友情點: +0 / 1572985`
*連続ログイン7日間到達おめでとうございます！
明日は1日目からリスタートされます。*
`獣の足跡 X 1
呼符 X 1
10月交換券(2022) X 1
`*特異点修復応援キャンペーン 特別回数ログインボーナス*
*開催期間中、1日1回 最大7回 ログインボーナスをプレゼント！*
/webview/loginbonus/20221028_5rm372/5rm372_k_01.png
`聖晶石 X 1
`*特異点修復応援キャンペーン限定　使用期限付コンティニューアイテムプレゼント！*
*開催期間中、初回ログインでコンティニューアイテム「霊脈石×3」をプレゼント！*
/webview/loginbonus/20221027_szib6u/szib6u_s_01.png
`霊脈石 X 3
``從者/禮裝數: 700 / 806`
_2022-10-27 19:41:39_
--------
