【登入訊息】
[c5ab1b78563b1f9e4ee17ab01234bc5e]
`登入天數: 322天 / 1673天
等級: 92
石頭: 2459
呼符: 172
友情點: +0 / 1705505`
*連続ログイン7日間到達おめでとうございます！
明日は1日目からリスタートされます。*
`獣の足跡 X 1
呼符 X 1
10月交換券(2022) X 1
`*特異点修復応援キャンペーン 特別回数ログインボーナス*
*開催期間中、1日1回 最大7回 ログインボーナスをプレゼント！*
/webview/loginbonus/20221028_5rm372/5rm372_k_03.png
`フレンドポイント X 2000
``從者/禮裝數: 738 / 805`
_2022-10-29 19:39:26_
--------
[d4825e10f75d83bc0cfb33b6768a8634]
`登入天數: 212天 / 1862天
等級: 19
石頭: 2301
呼符: 2
友情點: +20 / 1850000`
*連続ログイン2日目
※ログインが途切れるか、7日到達すると
1日目から再開されます*
`聖晶石 X 1
10月交換券(2022) X 1
`*特異点修復応援キャンペーン 特別回数ログインボーナス*
*開催期間中、1日1回 最大7回 ログインボーナスをプレゼント！*
/webview/loginbonus/20221028_5rm372/5rm372_k_03.png
`フレンドポイント X 2000
``從者/禮裝數: 719 / 801`
_2022-10-29 19:39:35_
--------
[ff29db15be18f883ffccdf7ab23021a7]
`登入天數: 212天 / 1858天
等級: 18
石頭: 1676
呼符: 2
友情點: +40 / 1726425`
*連続ログイン2日目
※ログインが途切れるか、7日到達すると
1日目から再開されます*
`聖晶石 X 1
10月交換券(2022) X 1
`*特異点修復応援キャンペーン 特別回数ログインボーナス*
*開催期間中、1日1回 最大7回 ログインボーナスをプレゼント！*
/webview/loginbonus/20221028_5rm372/5rm372_k_03.png
`フレンドポイント X 2000
``從者/禮裝數: 736 / 800`
_2022-10-29 19:39:44_
--------
[cc4787a257e3a46e268001195f780247]
`登入天數: 212天 / 1872天
等級: 18
石頭: 2382
呼符: 166
友情點: +10 / 1835550`
*連続ログイン2日目
※ログインが途切れるか、7日到達すると
1日目から再開されます*
`聖晶石 X 1
10月交換券(2022) X 1
`*特異点修復応援キャンペーン 特別回数ログインボーナス*
*開催期間中、1日1回 最大7回 ログインボーナスをプレゼント！*
/webview/loginbonus/20221028_5rm372/5rm372_k_03.png
`フレンドポイント X 2000
``從者/禮裝數: 781 / 800`
_2022-10-29 19:39:53_
--------
[3f5599a008981ecf87f2dea9d1d83d6a]
`登入天數: 212天 / 1877天
等級: 18
石頭: 2091
呼符: 2
友情點: +0 / 1804150`
*連続ログイン2日目
※ログインが途切れるか、7日到達すると
1日目から再開されます*
`聖晶石 X 1
10月交換券(2022) X 1
`*特異点修復応援キャンペーン 特別回数ログインボーナス*
*開催期間中、1日1回 最大7回 ログインボーナスをプレゼント！*
/webview/loginbonus/20221028_5rm372/5rm372_k_03.png
`フレンドポイント X 2000
``從者/禮裝數: 730 / 802`
_2022-10-29 19:40:02_
--------
[0d14e47d83c8b8400ed7555e0192724d]
`登入天數: 212天 / 1799天
等級: 21
石頭: 1271
呼符: 73
友情點: +0 / 1693190`
*連続ログイン2日目
※ログインが途切れるか、7日到達すると
1日目から再開されます*
`聖晶石 X 1
10月交換券(2022) X 1
`*特異点修復応援キャンペーン 特別回数ログインボーナス*
*開催期間中、1日1回 最大7回 ログインボーナスをプレゼント！*
/webview/loginbonus/20221028_5rm372/5rm372_k_03.png
`フレンドポイント X 2000
``從者/禮裝數: 752 / 800`
_2022-10-29 19:40:11_
--------
[d4c10e20929a4c973210db1453668b11]
`登入天數: 212天 / 1805天
等級: 20
石頭: 1504
呼符: 2
友情點: +0 / 1660020`
*連続ログイン2日目
※ログインが途切れるか、7日到達すると
1日目から再開されます*
`聖晶石 X 1
10月交換券(2022) X 1
`*特異点修復応援キャンペーン 特別回数ログインボーナス*
*開催期間中、1日1回 最大7回 ログインボーナスをプレゼント！*
/webview/loginbonus/20221028_5rm372/5rm372_k_03.png
`フレンドポイント X 2000
``從者/禮裝數: 745 / 801`
_2022-10-29 19:40:20_
--------
[f0cc4e7ae2d4b30013f328b2cf7d6063]
`登入天數: 212天 / 1814天
等級: 20
石頭: 645
呼符: 53
友情點: +0 / 1663585`
*連続ログイン2日目
※ログインが途切れるか、7日到達すると
1日目から再開されます*
`聖晶石 X 1
10月交換券(2022) X 1
`*特異点修復応援キャンペーン 特別回数ログインボーナス*
*開催期間中、1日1回 最大7回 ログインボーナスをプレゼント！*
/webview/loginbonus/20221028_5rm372/5rm372_k_03.png
`フレンドポイント X 2000
``從者/禮裝數: 770 / 800`
_2022-10-29 19:40:30_
--------
[48a14ba1dd858b92594b71e0ed7d5311]
`登入天數: 212天 / 1806天
等級: 20
石頭: 1742
呼符: 113
友情點: +0 / 1572985`
*連続ログイン2日目
※ログインが途切れるか、7日到達すると
1日目から再開されます*
`聖晶石 X 1
10月交換券(2022) X 1
`*特異点修復応援キャンペーン 特別回数ログインボーナス*
*開催期間中、1日1回 最大7回 ログインボーナスをプレゼント！*
/webview/loginbonus/20221028_5rm372/5rm372_k_03.png
`フレンドポイント X 2000
``從者/禮裝數: 700 / 806`
_2022-10-29 19:40:39_
--------
