【登入訊息】
[c5ab1b78563b1f9e4ee17ab01234bc5e]
`登入天數: 56天 / 1734天
等級: 92
石頭: 2730
呼符: 106
友情點: +0 / 1737505`
*連続ログイン7日間到達おめでとうございます！
明日は1日目からリスタートされます。*
`獣の足跡 X 1
呼符 X 1
1月交換券(2023) X 1
`*2023年お正月キャンペーン　三が日限定ログインボーナス*
*開催期間中、三が日限定のログインボーナスをプレゼント！*
/webview/loginbonus/20230101_du0e44/du0e44_s_01.png
`伝承結晶 X 1
`*2023年お正月キャンペーン　お年玉ログインボーナス*
*開催期間中、初回ログインで「聖晶石×30」をプレゼント！*
/webview/loginbonus/20230101_nc3glx/nc3glx_s_01.png
`聖晶石 X 30
``從者/禮裝數: 748 / 801`
_2022-12-31 19:30:38_
--------
[d4825e10f75d83bc0cfb33b6768a8634]
`登入天數: 56天 / 1923天
等級: 19
石頭: 2573
呼符: 25
友情點: +335 / 1889160`
*連続ログイン7日間到達おめでとうございます！
明日は1日目からリスタートされます。*
`獣の足跡 X 1
呼符 X 1
1月交換券(2023) X 1
`*2023年お正月キャンペーン　三が日限定ログインボーナス*
*開催期間中、三が日限定のログインボーナスをプレゼント！*
/webview/loginbonus/20230101_du0e44/du0e44_s_01.png
`伝承結晶 X 1
`*2023年お正月キャンペーン　お年玉ログインボーナス*
*開催期間中、初回ログインで「聖晶石×30」をプレゼント！*
/webview/loginbonus/20230101_nc3glx/nc3glx_s_01.png
`聖晶石 X 30
``從者/禮裝數: 653 / 801`
_2022-12-31 19:30:47_
--------
[ff29db15be18f883ffccdf7ab23021a7]
`登入天數: 56天 / 1919天
等級: 18
石頭: 1888
呼符: 0
友情點: +105 / 1760980`
*連続ログイン7日間到達おめでとうございます！
明日は1日目からリスタートされます。*
`獣の足跡 X 1
呼符 X 1
1月交換券(2023) X 1
`*2023年お正月キャンペーン　三が日限定ログインボーナス*
*開催期間中、三が日限定のログインボーナスをプレゼント！*
/webview/loginbonus/20230101_du0e44/du0e44_s_01.png
`伝承結晶 X 1
`*2023年お正月キャンペーン　お年玉ログインボーナス*
*開催期間中、初回ログインで「聖晶石×30」をプレゼント！*
/webview/loginbonus/20230101_nc3glx/nc3glx_s_01.png
`聖晶石 X 30
``從者/禮裝數: 670 / 800`
_2022-12-31 19:30:56_
--------
[cc4787a257e3a46e268001195f780247]
`登入天數: 56天 / 1933天
等級: 18
石頭: 2654
呼符: 110
友情點: +550 / 1870475`
*連続ログイン7日間到達おめでとうございます！
明日は1日目からリスタートされます。*
`獣の足跡 X 1
呼符 X 1
1月交換券(2023) X 1
`*2023年お正月キャンペーン　三が日限定ログインボーナス*
*開催期間中、三が日限定のログインボーナスをプレゼント！*
/webview/loginbonus/20230101_du0e44/du0e44_s_01.png
`伝承結晶 X 1
`*2023年お正月キャンペーン　お年玉ログインボーナス*
*開催期間中、初回ログインで「聖晶石×30」をプレゼント！*
/webview/loginbonus/20230101_nc3glx/nc3glx_s_01.png
`聖晶石 X 30
``從者/禮裝數: 703 / 801`
_2022-12-31 19:31:05_
--------
[3f5599a008981ecf87f2dea9d1d83d6a]
`登入天數: 56天 / 1938天
等級: 18
石頭: 1854
呼符: 0
友情點: +0 / 1834150`
*連続ログイン7日間到達おめでとうございます！
明日は1日目からリスタートされます。*
`獣の足跡 X 1
呼符 X 1
1月交換券(2023) X 1
`*2023年お正月キャンペーン　三が日限定ログインボーナス*
*開催期間中、三が日限定のログインボーナスをプレゼント！*
/webview/loginbonus/20230101_du0e44/du0e44_s_01.png
`伝承結晶 X 1
`*2023年お正月キャンペーン　お年玉ログインボーナス*
*開催期間中、初回ログインで「聖晶石×30」をプレゼント！*
/webview/loginbonus/20230101_nc3glx/nc3glx_s_01.png
`聖晶石 X 30
``從者/禮裝數: 730 / 802`
_2022-12-31 19:31:14_
--------
[0d14e47d83c8b8400ed7555e0192724d]
`登入天數: 56天 / 1860天
等級: 21
石頭: 1544
呼符: 35
友情點: +80 / 1730780`
*連続ログイン7日間到達おめでとうございます！
明日は1日目からリスタートされます。*
`獣の足跡 X 1
呼符 X 1
1月交換券(2023) X 1
`*2023年お正月キャンペーン　三が日限定ログインボーナス*
*開催期間中、三が日限定のログインボーナスをプレゼント！*
/webview/loginbonus/20230101_du0e44/du0e44_s_01.png
`伝承結晶 X 1
`*2023年お正月キャンペーン　お年玉ログインボーナス*
*開催期間中、初回ログインで「聖晶石×30」をプレゼント！*
/webview/loginbonus/20230101_nc3glx/nc3glx_s_01.png
`聖晶石 X 30
``從者/禮裝數: 754 / 803`
_2022-12-31 19:31:23_
--------
[d4c10e20929a4c973210db1453668b11]
`登入天數: 56天 / 1866天
等級: 20
石頭: 1747
呼符: 0
友情點: +0 / 1692020`
*連続ログイン7日間到達おめでとうございます！
明日は1日目からリスタートされます。*
`獣の足跡 X 1
呼符 X 1
1月交換券(2023) X 1
`*2023年お正月キャンペーン　三が日限定ログインボーナス*
*開催期間中、三が日限定のログインボーナスをプレゼント！*
/webview/loginbonus/20230101_du0e44/du0e44_s_01.png
`伝承結晶 X 1
`*2023年お正月キャンペーン　お年玉ログインボーナス*
*開催期間中、初回ログインで「聖晶石×30」をプレゼント！*
/webview/loginbonus/20230101_nc3glx/nc3glx_s_01.png
`聖晶石 X 30
``從者/禮裝數: 751 / 802`
_2022-12-31 19:31:32_
--------
[f0cc4e7ae2d4b30013f328b2cf7d6063]
`登入天數: 56天 / 1875天
等級: 20
石頭: 918
呼符: 61
友情點: +0 / 1695585`
*連続ログイン7日間到達おめでとうございます！
明日は1日目からリスタートされます。*
`獣の足跡 X 1
呼符 X 1
1月交換券(2023) X 1
`*2023年お正月キャンペーン　三が日限定ログインボーナス*
*開催期間中、三が日限定のログインボーナスをプレゼント！*
/webview/loginbonus/20230101_du0e44/du0e44_s_01.png
`伝承結晶 X 1
`*2023年お正月キャンペーン　お年玉ログインボーナス*
*開催期間中、初回ログインで「聖晶石×30」をプレゼント！*
/webview/loginbonus/20230101_nc3glx/nc3glx_s_01.png
`聖晶石 X 30
``從者/禮裝數: 750 / 802`
_2022-12-31 19:31:41_
--------
[48a14ba1dd858b92594b71e0ed7d5311]
`登入天數: 56天 / 1867天
等級: 20
石頭: 2015
呼符: 108
友情點: +0 / 1604985`
*連続ログイン7日間到達おめでとうございます！
明日は1日目からリスタートされます。*
`獣の足跡 X 1
呼符 X 1
1月交換券(2023) X 1
`*2023年お正月キャンペーン　三が日限定ログインボーナス*
*開催期間中、三が日限定のログインボーナスをプレゼント！*
/webview/loginbonus/20230101_du0e44/du0e44_s_01.png
`伝承結晶 X 1
`*2023年お正月キャンペーン　お年玉ログインボーナス*
*開催期間中、初回ログインで「聖晶石×30」をプレゼント！*
/webview/loginbonus/20230101_nc3glx/nc3glx_s_01.png
`聖晶石 X 30
``從者/禮裝數: 761 / 802`
_2022-12-31 19:31:50_
--------
