【登入訊息】
[c5ab1b78563b1f9e4ee17ab01234bc5e]
`登入天數: 57天 / 1735天
等級: 92
石頭: 2730
呼符: 106
友情點: +0 / 1737505`
*連続ログイン1日目
※ログインが途切れるか、7日到達すると
1日目から再開されます*
`フレンドポイント X 2000
1月交換券(2023) X 1
`*2023年お正月キャンペーン　三が日限定ログインボーナス*
*開催期間中、三が日限定のログインボーナスをプレゼント！*
/webview/loginbonus/20230102_p7jrpg/p7jrpg_s_01.png
`叡智の業火 X 50
``從者/禮裝數: 748 / 801`
_2023-01-01 19:30:36_
--------
[d4825e10f75d83bc0cfb33b6768a8634]
`登入天數: 57天 / 1924天
等級: 19
石頭: 2573
呼符: 25
友情點: +0 / 1889160`
*連続ログイン1日目
※ログインが途切れるか、7日到達すると
1日目から再開されます*
`フレンドポイント X 2000
1月交換券(2023) X 1
`*2023年お正月キャンペーン　三が日限定ログインボーナス*
*開催期間中、三が日限定のログインボーナスをプレゼント！*
/webview/loginbonus/20230102_p7jrpg/p7jrpg_s_01.png
`叡智の業火 X 50
``從者/禮裝數: 653 / 801`
_2023-01-01 19:30:44_
--------
[ff29db15be18f883ffccdf7ab23021a7]
`登入天數: 57天 / 1920天
等級: 18
石頭: 1888
呼符: 0
友情點: +210 / 1761190`
*連続ログイン1日目
※ログインが途切れるか、7日到達すると
1日目から再開されます*
`フレンドポイント X 2000
1月交換券(2023) X 1
`*2023年お正月キャンペーン　三が日限定ログインボーナス*
*開催期間中、三が日限定のログインボーナスをプレゼント！*
/webview/loginbonus/20230102_p7jrpg/p7jrpg_s_01.png
`叡智の業火 X 50
``從者/禮裝數: 670 / 800`
_2023-01-01 19:30:53_
--------
[cc4787a257e3a46e268001195f780247]
`登入天數: 57天 / 1934天
等級: 18
石頭: 2654
呼符: 110
友情點: +115 / 1870590`
*連続ログイン1日目
※ログインが途切れるか、7日到達すると
1日目から再開されます*
`フレンドポイント X 2000
1月交換券(2023) X 1
`*2023年お正月キャンペーン　三が日限定ログインボーナス*
*開催期間中、三が日限定のログインボーナスをプレゼント！*
/webview/loginbonus/20230102_p7jrpg/p7jrpg_s_01.png
`叡智の業火 X 50
``從者/禮裝數: 703 / 801`
_2023-01-01 19:31:01_
--------
[3f5599a008981ecf87f2dea9d1d83d6a]
`登入天數: 57天 / 1939天
等級: 18
石頭: 1854
呼符: 0
友情點: +0 / 1834150`
*連続ログイン1日目
※ログインが途切れるか、7日到達すると
1日目から再開されます*
`フレンドポイント X 2000
1月交換券(2023) X 1
`*2023年お正月キャンペーン　三が日限定ログインボーナス*
*開催期間中、三が日限定のログインボーナスをプレゼント！*
/webview/loginbonus/20230102_p7jrpg/p7jrpg_s_01.png
`叡智の業火 X 50
``從者/禮裝數: 730 / 802`
_2023-01-01 19:31:10_
--------
[0d14e47d83c8b8400ed7555e0192724d]
`登入天數: 57天 / 1861天
等級: 21
石頭: 1544
呼符: 35
友情點: +135 / 1730915`
*連続ログイン1日目
※ログインが途切れるか、7日到達すると
1日目から再開されます*
`フレンドポイント X 2000
1月交換券(2023) X 1
`*2023年お正月キャンペーン　三が日限定ログインボーナス*
*開催期間中、三が日限定のログインボーナスをプレゼント！*
/webview/loginbonus/20230102_p7jrpg/p7jrpg_s_01.png
`叡智の業火 X 50
``從者/禮裝數: 754 / 803`
_2023-01-01 19:31:18_
--------
[d4c10e20929a4c973210db1453668b11]
`登入天數: 57天 / 1867天
等級: 20
石頭: 1747
呼符: 0
友情點: +0 / 1692020`
*連続ログイン1日目
※ログインが途切れるか、7日到達すると
1日目から再開されます*
`フレンドポイント X 2000
1月交換券(2023) X 1
`*2023年お正月キャンペーン　三が日限定ログインボーナス*
*開催期間中、三が日限定のログインボーナスをプレゼント！*
/webview/loginbonus/20230102_p7jrpg/p7jrpg_s_01.png
`叡智の業火 X 50
``從者/禮裝數: 751 / 802`
_2023-01-01 19:31:27_
--------
[f0cc4e7ae2d4b30013f328b2cf7d6063]
`登入天數: 57天 / 1876天
等級: 20
石頭: 918
呼符: 61
友情點: +0 / 1695585`
*連続ログイン1日目
※ログインが途切れるか、7日到達すると
1日目から再開されます*
`フレンドポイント X 2000
1月交換券(2023) X 1
`*2023年お正月キャンペーン　三が日限定ログインボーナス*
*開催期間中、三が日限定のログインボーナスをプレゼント！*
/webview/loginbonus/20230102_p7jrpg/p7jrpg_s_01.png
`叡智の業火 X 50
``從者/禮裝數: 750 / 802`
_2023-01-01 19:31:36_
--------
[48a14ba1dd858b92594b71e0ed7d5311]
`登入天數: 57天 / 1868天
等級: 20
石頭: 2015
呼符: 108
友情點: +0 / 1604985`
*連続ログイン1日目
※ログインが途切れるか、7日到達すると
1日目から再開されます*
`フレンドポイント X 2000
1月交換券(2023) X 1
`*2023年お正月キャンペーン　三が日限定ログインボーナス*
*開催期間中、三が日限定のログインボーナスをプレゼント！*
/webview/loginbonus/20230102_p7jrpg/p7jrpg_s_01.png
`叡智の業火 X 50
``從者/禮裝數: 761 / 802`
_2023-01-01 19:31:44_
--------
