【登入訊息】
[c5ab1b78563b1f9e4ee17ab01234bc5e]
`登入天數: 59天 / 1737天
等級: 92
石頭: 2730
呼符: 106
友情點: +0 / 1737505`
*連続ログイン3日目
※ログインが途切れるか、7日到達すると
1日目から再開されます*
`叡智の業火 X 1
1月交換券(2023) X 1
`*2023年お正月キャンペーン 10万リツイート達成プレゼント*
*開催期間中、初回ログインでお正月限定概念礼装&2023万QPをプレゼント！*
/webview/loginbonus/20230104_d0vgfh/d0vgfh_s_01.png
`ラヴ・イット X 1
QP X 20230000
``從者/禮裝數: 748 / 801`
_2023-01-03 19:30:37_
--------
[d4825e10f75d83bc0cfb33b6768a8634]
`登入天數: 59天 / 1926天
等級: 19
石頭: 2573
呼符: 25
友情點: +180 / 1889505`
*連続ログイン3日目
※ログインが途切れるか、7日到達すると
1日目から再開されます*
`叡智の業火 X 1
1月交換券(2023) X 1
`*2023年お正月キャンペーン 10万リツイート達成プレゼント*
*開催期間中、初回ログインでお正月限定概念礼装&2023万QPをプレゼント！*
/webview/loginbonus/20230104_d0vgfh/d0vgfh_s_01.png
`ラヴ・イット X 1
QP X 20230000
``從者/禮裝數: 653 / 801`
_2023-01-03 19:30:46_
--------
[ff29db15be18f883ffccdf7ab23021a7]
`登入天數: 59天 / 1922天
等級: 18
石頭: 1888
呼符: 0
友情點: +175 / 1761650`
*連続ログイン3日目
※ログインが途切れるか、7日到達すると
1日目から再開されます*
`叡智の業火 X 1
1月交換券(2023) X 1
`*2023年お正月キャンペーン 10万リツイート達成プレゼント*
*開催期間中、初回ログインでお正月限定概念礼装&2023万QPをプレゼント！*
/webview/loginbonus/20230104_d0vgfh/d0vgfh_s_01.png
`ラヴ・イット X 1
QP X 20230000
``從者/禮裝數: 670 / 800`
_2023-01-03 19:30:55_
--------
[cc4787a257e3a46e268001195f780247]
`登入天數: 59天 / 1936天
等級: 18
石頭: 2654
呼符: 110
友情點: +325 / 1871020`
*連続ログイン3日目
※ログインが途切れるか、7日到達すると
1日目から再開されます*
`叡智の業火 X 1
1月交換券(2023) X 1
`*2023年お正月キャンペーン 10万リツイート達成プレゼント*
*開催期間中、初回ログインでお正月限定概念礼装&2023万QPをプレゼント！*
/webview/loginbonus/20230104_d0vgfh/d0vgfh_s_01.png
`ラヴ・イット X 1
QP X 20230000
``從者/禮裝數: 703 / 801`
_2023-01-03 19:31:04_
--------
[3f5599a008981ecf87f2dea9d1d83d6a]
`登入天數: 59天 / 1941天
等級: 18
石頭: 1854
呼符: 0
友情點: +0 / 1834150`
*連続ログイン3日目
※ログインが途切れるか、7日到達すると
1日目から再開されます*
`叡智の業火 X 1
1月交換券(2023) X 1
`*2023年お正月キャンペーン 10万リツイート達成プレゼント*
*開催期間中、初回ログインでお正月限定概念礼装&2023万QPをプレゼント！*
/webview/loginbonus/20230104_d0vgfh/d0vgfh_s_01.png
`ラヴ・イット X 1
QP X 20230000
``從者/禮裝數: 730 / 802`
_2023-01-03 19:31:12_
--------
[0d14e47d83c8b8400ed7555e0192724d]
`登入天數: 59天 / 1863天
等級: 21
石頭: 1544
呼符: 35
友情點: +220 / 1731165`
*連続ログイン3日目
※ログインが途切れるか、7日到達すると
1日目から再開されます*
`叡智の業火 X 1
1月交換券(2023) X 1
`*2023年お正月キャンペーン 10万リツイート達成プレゼント*
*開催期間中、初回ログインでお正月限定概念礼装&2023万QPをプレゼント！*
/webview/loginbonus/20230104_d0vgfh/d0vgfh_s_01.png
`ラヴ・イット X 1
QP X 20230000
``從者/禮裝數: 754 / 803`
_2023-01-03 19:31:21_
--------
[d4c10e20929a4c973210db1453668b11]
`登入天數: 59天 / 1869天
等級: 20
石頭: 1747
呼符: 0
友情點: +0 / 1692020`
*連続ログイン3日目
※ログインが途切れるか、7日到達すると
1日目から再開されます*
`叡智の業火 X 1
1月交換券(2023) X 1
`*2023年お正月キャンペーン 10万リツイート達成プレゼント*
*開催期間中、初回ログインでお正月限定概念礼装&2023万QPをプレゼント！*
/webview/loginbonus/20230104_d0vgfh/d0vgfh_s_01.png
`ラヴ・イット X 1
QP X 20230000
``從者/禮裝數: 751 / 802`
_2023-01-03 19:31:30_
--------
[f0cc4e7ae2d4b30013f328b2cf7d6063]
`登入天數: 59天 / 1878天
等級: 20
石頭: 918
呼符: 61
友情點: +0 / 1695585`
*連続ログイン3日目
※ログインが途切れるか、7日到達すると
1日目から再開されます*
`叡智の業火 X 1
1月交換券(2023) X 1
`*2023年お正月キャンペーン 10万リツイート達成プレゼント*
*開催期間中、初回ログインでお正月限定概念礼装&2023万QPをプレゼント！*
/webview/loginbonus/20230104_d0vgfh/d0vgfh_s_01.png
`ラヴ・イット X 1
QP X 20230000
``從者/禮裝數: 750 / 802`
_2023-01-03 19:31:39_
--------
[48a14ba1dd858b92594b71e0ed7d5311]
`登入天數: 59天 / 1870天
等級: 20
石頭: 2015
呼符: 108
友情點: +0 / 1604985`
*連続ログイン3日目
※ログインが途切れるか、7日到達すると
1日目から再開されます*
`叡智の業火 X 1
1月交換券(2023) X 1
`*2023年お正月キャンペーン 10万リツイート達成プレゼント*
*開催期間中、初回ログインでお正月限定概念礼装&2023万QPをプレゼント！*
/webview/loginbonus/20230104_d0vgfh/d0vgfh_s_01.png
`ラヴ・イット X 1
QP X 20230000
``從者/禮裝數: 761 / 802`
_2023-01-03 19:31:48_
--------
