【登入訊息】
[c5ab1b78563b1f9e4ee17ab01234bc5e]
`登入天數: 60天 / 1738天
等級: 92
石頭: 2730
呼符: 106
友情點: +0 / 1737505`
*連続ログイン4日目
※ログインが途切れるか、7日到達すると
1日目から再開されます*
`聖晶石 X 1
1月交換券(2023) X 1
``從者/禮裝數: 748 / 801`
_2023-01-04 19:30:43_
--------
[d4825e10f75d83bc0cfb33b6768a8634]
`登入天數: 60天 / 1927天
等級: 19
石頭: 2573
呼符: 25
友情點: +630 / 1890135`
*連続ログイン4日目
※ログインが途切れるか、7日到達すると
1日目から再開されます*
`聖晶石 X 1
1月交換券(2023) X 1
``從者/禮裝數: 653 / 801`
_2023-01-04 19:30:51_
--------
[ff29db15be18f883ffccdf7ab23021a7]
`登入天數: 60天 / 1923天
等級: 18
石頭: 1888
呼符: 0
友情點: +410 / 1762060`
*連続ログイン4日目
※ログインが途切れるか、7日到達すると
1日目から再開されます*
`聖晶石 X 1
1月交換券(2023) X 1
``從者/禮裝數: 670 / 800`
_2023-01-04 19:31:00_
--------
[cc4787a257e3a46e268001195f780247]
`登入天數: 60天 / 1937天
等級: 18
石頭: 2654
呼符: 110
友情點: +475 / 1871495`
*連続ログイン4日目
※ログインが途切れるか、7日到達すると
1日目から再開されます*
`聖晶石 X 1
1月交換券(2023) X 1
``從者/禮裝數: 703 / 801`
_2023-01-04 19:31:08_
--------
[3f5599a008981ecf87f2dea9d1d83d6a]
`登入天數: 60天 / 1942天
等級: 18
石頭: 1854
呼符: 0
友情點: +0 / 1834150`
*連続ログイン4日目
※ログインが途切れるか、7日到達すると
1日目から再開されます*
`聖晶石 X 1
1月交換券(2023) X 1
``從者/禮裝數: 730 / 802`
_2023-01-04 19:31:17_
--------
[0d14e47d83c8b8400ed7555e0192724d]
`登入天數: 60天 / 1864天
等級: 21
石頭: 1544
呼符: 35
友情點: +265 / 1731430`
*連続ログイン4日目
※ログインが途切れるか、7日到達すると
1日目から再開されます*
`聖晶石 X 1
1月交換券(2023) X 1
``從者/禮裝數: 754 / 803`
_2023-01-04 19:31:25_
--------
[d4c10e20929a4c973210db1453668b11]
`登入天數: 60天 / 1870天
等級: 20
石頭: 1747
呼符: 0
友情點: +0 / 1692020`
*連続ログイン4日目
※ログインが途切れるか、7日到達すると
1日目から再開されます*
`聖晶石 X 1
1月交換券(2023) X 1
``從者/禮裝數: 751 / 802`
_2023-01-04 19:31:34_
--------
[f0cc4e7ae2d4b30013f328b2cf7d6063]
`登入天數: 60天 / 1879天
等級: 20
石頭: 918
呼符: 61
友情點: +0 / 1695585`
*連続ログイン4日目
※ログインが途切れるか、7日到達すると
1日目から再開されます*
`聖晶石 X 1
1月交換券(2023) X 1
``從者/禮裝數: 750 / 802`
_2023-01-04 19:31:43_
--------
[48a14ba1dd858b92594b71e0ed7d5311]
`登入天數: 60天 / 1871天
等級: 20
石頭: 2015
呼符: 108
友情點: +0 / 1604985`
*連続ログイン4日目
※ログインが途切れるか、7日到達すると
1日目から再開されます*
`聖晶石 X 1
1月交換券(2023) X 1
``從者/禮裝數: 761 / 802`
_2023-01-04 19:31:52_
--------
