【登入訊息】
[c5ab1b78563b1f9e4ee17ab01234bc5e]
`登入天數: 2天 / 1744天
等級: 92
石頭: 2899
呼符: 131
友情點: +0 / 1837505`
*連続ログイン2日目
※ログインが途切れるか、7日到達すると
1日目から再開されます*
`聖晶石 X 1
1月交換券(2023) X 1
`*「Lostbelt No.7 黄金樹海紀行 ナウイ・ミクトラン 惑星を統べるもの」(後編)開幕直前連続ログインボーナス*
*開催期間中、1日1回 最大7回 連続ログインボーナスをプレゼント！*
/webview/loginbonus/20230112_m6kwin/m6kwin_r_01.png
`黄金の果実 X 1
``從者/禮裝數: 678 / 644`
_2023-01-11 19:30:40_
--------
`友情點數召喚累計2731次

`[d4825e10f75d83bc0cfb33b6768a8634]
`登入天數: 2天 / 1933天
等級: 19
石頭: 2742
呼符: 50
友情點: +695 / 1991880`
*連続ログイン2日目
※ログインが途切れるか、7日到達すると
1日目から再開されます*
`聖晶石 X 1
1月交換券(2023) X 1
`*「Lostbelt No.7 黄金樹海紀行 ナウイ・ミクトラン 惑星を統べるもの」(後編)開幕直前連続ログインボーナス*
*開催期間中、1日1回 最大7回 連続ログインボーナスをプレゼント！*
/webview/loginbonus/20230112_m6kwin/m6kwin_r_01.png
`黄金の果実 X 1
``從者/禮裝數: 602 / 687`
_2023-01-11 19:30:52_
--------
`友情點數召喚累計2120次

`[ff29db15be18f883ffccdf7ab23021a7]
`登入天數: 2天 / 1929天
等級: 18
石頭: 2057
呼符: 25
友情點: +400 / 1864055`
*連続ログイン2日目
※ログインが途切れるか、7日到達すると
1日目から再開されます*
`聖晶石 X 1
1月交換券(2023) X 1
`*「Lostbelt No.7 黄金樹海紀行 ナウイ・ミクトラン 惑星を統べるもの」(後編)開幕直前連続ログインボーナス*
*開催期間中、1日1回 最大7回 連続ログインボーナスをプレゼント！*
/webview/loginbonus/20230112_m6kwin/m6kwin_r_01.png
`黄金の果実 X 1
``從者/禮裝數: 681 / 689`
_2023-01-11 19:31:04_
--------
`友情點數召喚累計2020次

`[cc4787a257e3a46e268001195f780247]
`登入天數: 2天 / 1943天
等級: 18
石頭: 2823
呼符: 135
友情點: +400 / 1973340`
*連続ログイン2日目
※ログインが途切れるか、7日到達すると
1日目から再開されます*
`聖晶石 X 1
1月交換券(2023) X 1
`*「Lostbelt No.7 黄金樹海紀行 ナウイ・ミクトラン 惑星を統べるもの」(後編)開幕直前連続ログインボーナス*
*開催期間中、1日1回 最大7回 連続ログインボーナスをプレゼント！*
/webview/loginbonus/20230112_m6kwin/m6kwin_r_01.png
`黄金の果実 X 1
``從者/禮裝數: 531 / 625`
_2023-01-11 19:31:16_
--------
`友情點數召喚累計2330次

`[3f5599a008981ecf87f2dea9d1d83d6a]
`登入天數: 2天 / 1948天
等級: 18
石頭: 2023
呼符: 25
友情點: +0 / 1934150`
*連続ログイン2日目
※ログインが途切れるか、7日到達すると
1日目から再開されます*
`聖晶石 X 1
1月交換券(2023) X 1
`*「Lostbelt No.7 黄金樹海紀行 ナウイ・ミクトラン 惑星を統べるもの」(後編)開幕直前連続ログインボーナス*
*開催期間中、1日1回 最大7回 連続ログインボーナスをプレゼント！*
/webview/loginbonus/20230112_m6kwin/m6kwin_r_01.png
`黄金の果実 X 1
``從者/禮裝數: 627 / 690`
_2023-01-11 19:31:28_
--------
`友情點數召喚累計1960次

`[0d14e47d83c8b8400ed7555e0192724d]
`登入天數: 2天 / 1870天
等級: 21
石頭: 1713
呼符: 45
友情點: +485 / 1823700`
*連続ログイン2日目
※ログインが途切れるか、7日到達すると
1日目から再開されます*
`聖晶石 X 1
1月交換券(2023) X 1
`*「Lostbelt No.7 黄金樹海紀行 ナウイ・ミクトラン 惑星を統べるもの」(後編)開幕直前連続ログインボーナス*
*開催期間中、1日1回 最大7回 連続ログインボーナスをプレゼント！*
/webview/loginbonus/20230112_m6kwin/m6kwin_r_01.png
`黄金の果実 X 1
``從者/禮裝數: 572 / 688`
_2023-01-11 19:31:40_
--------
`友情點數召喚累計2040次

`[d4c10e20929a4c973210db1453668b11]
`登入天數: 2天 / 1876天
等級: 20
石頭: 1747
呼符: 10
友情點: +0 / 1702020`
*連続ログイン2日目
※ログインが途切れるか、7日到達すると
1日目から再開されます*
`聖晶石 X 1
1月交換券(2023) X 1
`*「Lostbelt No.7 黄金樹海紀行 ナウイ・ミクトラン 惑星を統べるもの」(後編)開幕直前連続ログインボーナス*
*開催期間中、1日1回 最大7回 連続ログインボーナスをプレゼント！*
/webview/loginbonus/20230112_m6kwin/m6kwin_r_01.png
`黄金の果実 X 1
``從者/禮裝數: 615 / 683`
_2023-01-11 19:31:52_
--------
`友情點數召喚累計1920次

`[f0cc4e7ae2d4b30013f328b2cf7d6063]
`登入天數: 2天 / 1885天
等級: 20
石頭: 1087
呼符: 86
友情點: +0 / 1795585`
*連続ログイン2日目
※ログインが途切れるか、7日到達すると
1日目から再開されます*
`聖晶石 X 1
1月交換券(2023) X 1
`*「Lostbelt No.7 黄金樹海紀行 ナウイ・ミクトラン 惑星を統べるもの」(後編)開幕直前連続ログインボーナス*
*開催期間中、1日1回 最大7回 連続ログインボーナスをプレゼント！*
/webview/loginbonus/20230112_m6kwin/m6kwin_r_01.png
`黄金の果実 X 1
``從者/禮裝數: 635 / 685`
_2023-01-11 19:32:04_
--------
`友情點數召喚累計1942次

`[48a14ba1dd858b92594b71e0ed7d5311]
`登入天數: 2天 / 1877天
等級: 20
石頭: 2184
呼符: 133
友情點: +0 / 1704985`
*連続ログイン2日目
※ログインが途切れるか、7日到達すると
1日目から再開されます*
`聖晶石 X 1
1月交換券(2023) X 1
`*「Lostbelt No.7 黄金樹海紀行 ナウイ・ミクトラン 惑星を統べるもの」(後編)開幕直前連続ログインボーナス*
*開催期間中、1日1回 最大7回 連続ログインボーナスをプレゼント！*
/webview/loginbonus/20230112_m6kwin/m6kwin_r_01.png
`黄金の果実 X 1
``從者/禮裝數: 631 / 668`
_2023-01-11 19:32:16_
--------
`友情點數召喚累計1800次

`