【登入訊息】
[c5ab1b78563b1f9e4ee17ab01234bc5e]
`登入天數: 4天 / 1746天
等級: 92
石頭: 2899
呼符: 131
友情點: +0 / 1837505`
*連続ログイン4日目
※ログインが途切れるか、7日到達すると
1日目から再開されます*
`聖晶石 X 1
1月交換券(2023) X 1
`*「Lostbelt No.7 黄金樹海紀行 ナウイ・ミクトラン 惑星を統べるもの」(後編)開幕直前連続ログインボーナス*
*開催期間中、1日1回 最大7回 連続ログインボーナスをプレゼント！*
/webview/loginbonus/20230112_m6kwin/m6kwin_r_03.png
`黄金の果実 X 1
``從者/禮裝數: 681 / 659`
_2023-01-13 19:30:42_
--------
`友情點數召喚累計2751次

`[d4825e10f75d83bc0cfb33b6768a8634]
`登入天數: 4天 / 1935天
等級: 19
石頭: 2742
呼符: 50
友情點: +85 / 1992705`
*連続ログイン4日目
※ログインが途切れるか、7日到達すると
1日目から再開されます*
`聖晶石 X 1
1月交換券(2023) X 1
`*「Lostbelt No.7 黄金樹海紀行 ナウイ・ミクトラン 惑星を統べるもの」(後編)開幕直前連続ログインボーナス*
*開催期間中、1日1回 最大7回 連続ログインボーナスをプレゼント！*
/webview/loginbonus/20230112_m6kwin/m6kwin_r_03.png
`黄金の果実 X 1
``從者/禮裝數: 606 / 700`
_2023-01-13 19:30:53_
--------
`友情點數召喚累計2140次

`[ff29db15be18f883ffccdf7ab23021a7]
`登入天數: 4天 / 1931天
等級: 18
石頭: 2057
呼符: 25
友情點: +170 / 1864490`
*連続ログイン4日目
※ログインが途切れるか、7日到達すると
1日目から再開されます*
`聖晶石 X 1
1月交換券(2023) X 1
`*「Lostbelt No.7 黄金樹海紀行 ナウイ・ミクトラン 惑星を統べるもの」(後編)開幕直前連続ログインボーナス*
*開催期間中、1日1回 最大7回 連続ログインボーナスをプレゼント！*
/webview/loginbonus/20230112_m6kwin/m6kwin_r_03.png
`黄金の果実 X 1
``從者/禮裝數: 685 / 698`
_2023-01-13 19:31:05_
--------
`友情點數召喚累計2040次

`[cc4787a257e3a46e268001195f780247]
`登入天數: 4天 / 1945天
等級: 18
石頭: 2823
呼符: 135
友情點: +85 / 1973765`
*連続ログイン4日目
※ログインが途切れるか、7日到達すると
1日目から再開されます*
`聖晶石 X 1
1月交換券(2023) X 1
`*「Lostbelt No.7 黄金樹海紀行 ナウイ・ミクトラン 惑星を統べるもの」(後編)開幕直前連続ログインボーナス*
*開催期間中、1日1回 最大7回 連続ログインボーナスをプレゼント！*
/webview/loginbonus/20230112_m6kwin/m6kwin_r_03.png
`黄金の果実 X 1
``從者/禮裝數: 535 / 634`
_2023-01-13 19:31:17_
--------
`友情點數召喚累計2350次

`[3f5599a008981ecf87f2dea9d1d83d6a]
`登入天數: 4天 / 1950天
等級: 18
石頭: 2023
呼符: 25
友情點: +0 / 1934150`
*連続ログイン4日目
※ログインが途切れるか、7日到達すると
1日目から再開されます*
`聖晶石 X 1
1月交換券(2023) X 1
`*「Lostbelt No.7 黄金樹海紀行 ナウイ・ミクトラン 惑星を統べるもの」(後編)開幕直前連続ログインボーナス*
*開催期間中、1日1回 最大7回 連続ログインボーナスをプレゼント！*
/webview/loginbonus/20230112_m6kwin/m6kwin_r_03.png
`黄金の果実 X 1
``從者/禮裝數: 633 / 698`
_2023-01-13 19:31:29_
--------
`友情點數召喚累計1980次

`[0d14e47d83c8b8400ed7555e0192724d]
`登入天數: 4天 / 1872天
等級: 21
石頭: 1713
呼符: 45
友情點: +170 / 1824165`
*連続ログイン4日目
※ログインが途切れるか、7日到達すると
1日目から再開されます*
`聖晶石 X 1
1月交換券(2023) X 1
`*「Lostbelt No.7 黄金樹海紀行 ナウイ・ミクトラン 惑星を統べるもの」(後編)開幕直前連続ログインボーナス*
*開催期間中、1日1回 最大7回 連続ログインボーナスをプレゼント！*
/webview/loginbonus/20230112_m6kwin/m6kwin_r_03.png
`黄金の果実 X 1
``從者/禮裝數: 579 / 698`
_2023-01-13 19:31:40_
--------
`友情點數召喚累計2060次

`[d4c10e20929a4c973210db1453668b11]
`登入天數: 4天 / 1878天
等級: 20
石頭: 1747
呼符: 10
友情點: +0 / 1702020`
*連続ログイン4日目
※ログインが途切れるか、7日到達すると
1日目から再開されます*
`聖晶石 X 1
1月交換券(2023) X 1
`*「Lostbelt No.7 黄金樹海紀行 ナウイ・ミクトラン 惑星を統べるもの」(後編)開幕直前連続ログインボーナス*
*開催期間中、1日1回 最大7回 連続ログインボーナスをプレゼント！*
/webview/loginbonus/20230112_m6kwin/m6kwin_r_03.png
`黄金の果実 X 1
``從者/禮裝數: 617 / 698`
_2023-01-13 19:31:52_
--------
`友情點數召喚累計1940次

`[f0cc4e7ae2d4b30013f328b2cf7d6063]
`登入天數: 4天 / 1887天
等級: 20
石頭: 1087
呼符: 86
友情點: +0 / 1795585`
*連続ログイン4日目
※ログインが途切れるか、7日到達すると
1日目から再開されます*
`聖晶石 X 1
1月交換券(2023) X 1
`*「Lostbelt No.7 黄金樹海紀行 ナウイ・ミクトラン 惑星を統べるもの」(後編)開幕直前連続ログインボーナス*
*開催期間中、1日1回 最大7回 連続ログインボーナスをプレゼント！*
/webview/loginbonus/20230112_m6kwin/m6kwin_r_03.png
`黄金の果実 X 1
``從者/禮裝數: 642 / 695`
_2023-01-13 19:32:03_
--------
`友情點數召喚累計1962次

`[48a14ba1dd858b92594b71e0ed7d5311]
`登入天數: 4天 / 1879天
等級: 20
石頭: 2184
呼符: 133
友情點: +0 / 1704985`
*連続ログイン4日目
※ログインが途切れるか、7日到達すると
1日目から再開されます*
`聖晶石 X 1
1月交換券(2023) X 1
`*「Lostbelt No.7 黄金樹海紀行 ナウイ・ミクトラン 惑星を統べるもの」(後編)開幕直前連続ログインボーナス*
*開催期間中、1日1回 最大7回 連続ログインボーナスをプレゼント！*
/webview/loginbonus/20230112_m6kwin/m6kwin_r_03.png
`黄金の果実 X 1
``從者/禮裝數: 635 / 680`
_2023-01-13 19:32:15_
--------
`友情點數召喚累計1820次

`