【登入訊息】
[c5ab1b78563b1f9e4ee17ab01234bc5e]
`登入天數: 5天 / 1747天
等級: 92
石頭: 2899
呼符: 131
友情點: +0 / 1837505`
*連続ログイン5日目
※ログインが途切れるか、7日到達すると
1日目から再開されます*
`叡智の業火 X 2
1月交換券(2023) X 1
`*「Lostbelt No.7 黄金樹海紀行 ナウイ・ミクトラン 惑星を統べるもの」(後編)開幕直前連続ログインボーナス*
*開催期間中、1日1回 最大7回 連続ログインボーナスをプレゼント！*
/webview/loginbonus/20230112_m6kwin/m6kwin_r_04.png
`聖晶石 X 3
``從者/禮裝數: 684 / 661`
_2023-01-14 19:30:45_
--------
`友情點數召喚累計2761次

`[d4825e10f75d83bc0cfb33b6768a8634]
`登入天數: 5天 / 1936天
等級: 19
石頭: 2742
呼符: 50
友情點: +340 / 1993045`
*連続ログイン5日目
※ログインが途切れるか、7日到達すると
1日目から再開されます*
`叡智の業火 X 2
1月交換券(2023) X 1
`*「Lostbelt No.7 黄金樹海紀行 ナウイ・ミクトラン 惑星を統べるもの」(後編)開幕直前連続ログインボーナス*
*開催期間中、1日1回 最大7回 連続ログインボーナスをプレゼント！*
/webview/loginbonus/20230112_m6kwin/m6kwin_r_04.png
`聖晶石 X 3
``從者/禮裝數: 610 / 703`
_2023-01-14 19:30:56_
--------
`友情點數召喚累計2150次

`[ff29db15be18f883ffccdf7ab23021a7]
`登入天數: 5天 / 1932天
等級: 18
石頭: 2057
呼符: 25
友情點: +595 / 1865085`
*連続ログイン5日目
※ログインが途切れるか、7日到達すると
1日目から再開されます*
`叡智の業火 X 2
1月交換券(2023) X 1
`*「Lostbelt No.7 黄金樹海紀行 ナウイ・ミクトラン 惑星を統べるもの」(後編)開幕直前連続ログインボーナス*
*開催期間中、1日1回 最大7回 連続ログインボーナスをプレゼント！*
/webview/loginbonus/20230112_m6kwin/m6kwin_r_04.png
`聖晶石 X 3
``從者/禮裝數: 687 / 704`
_2023-01-14 19:31:08_
--------
`友情點數召喚累計2050次

`[cc4787a257e3a46e268001195f780247]
`登入天數: 5天 / 1946天
等級: 18
石頭: 2823
呼符: 135
友情點: +425 / 1974190`
*連続ログイン5日目
※ログインが途切れるか、7日到達すると
1日目から再開されます*
`叡智の業火 X 2
1月交換券(2023) X 1
`*「Lostbelt No.7 黄金樹海紀行 ナウイ・ミクトラン 惑星を統べるもの」(後編)開幕直前連続ログインボーナス*
*開催期間中、1日1回 最大7回 連続ログインボーナスをプレゼント！*
/webview/loginbonus/20230112_m6kwin/m6kwin_r_04.png
`聖晶石 X 3
``從者/禮裝數: 539 / 636`
_2023-01-14 19:31:19_
--------
`友情點數召喚累計2360次

`[3f5599a008981ecf87f2dea9d1d83d6a]
`登入天數: 5天 / 1951天
等級: 18
石頭: 2023
呼符: 25
友情點: +0 / 1934150`
*連続ログイン5日目
※ログインが途切れるか、7日到達すると
1日目から再開されます*
`叡智の業火 X 2
1月交換券(2023) X 1
`*「Lostbelt No.7 黄金樹海紀行 ナウイ・ミクトラン 惑星を統べるもの」(後編)開幕直前連続ログインボーナス*
*開催期間中、1日1回 最大7回 連続ログインボーナスをプレゼント！*
/webview/loginbonus/20230112_m6kwin/m6kwin_r_04.png
`聖晶石 X 3
``從者/禮裝數: 634 / 703`
_2023-01-14 19:31:31_
--------
`友情點數召喚累計1990次

`[0d14e47d83c8b8400ed7555e0192724d]
`登入天數: 5天 / 1873天
等級: 21
石頭: 1713
呼符: 45
友情點: +0 / 1824165`
*連続ログイン5日目
※ログインが途切れるか、7日到達すると
1日目から再開されます*
`叡智の業火 X 2
1月交換券(2023) X 1
`*「Lostbelt No.7 黄金樹海紀行 ナウイ・ミクトラン 惑星を統べるもの」(後編)開幕直前連続ログインボーナス*
*開催期間中、1日1回 最大7回 連続ログインボーナスをプレゼント！*
/webview/loginbonus/20230112_m6kwin/m6kwin_r_04.png
`聖晶石 X 3
``從者/禮裝數: 581 / 704`
_2023-01-14 19:31:43_
--------
`友情點數召喚累計2070次

`[d4c10e20929a4c973210db1453668b11]
`登入天數: 5天 / 1879天
等級: 20
石頭: 1747
呼符: 10
友情點: +0 / 1702020`
*連続ログイン5日目
※ログインが途切れるか、7日到達すると
1日目から再開されます*
`叡智の業火 X 2
1月交換券(2023) X 1
`*「Lostbelt No.7 黄金樹海紀行 ナウイ・ミクトラン 惑星を統べるもの」(後編)開幕直前連続ログインボーナス*
*開催期間中、1日1回 最大7回 連続ログインボーナスをプレゼント！*
/webview/loginbonus/20230112_m6kwin/m6kwin_r_04.png
`聖晶石 X 3
``從者/禮裝數: 618 / 706`
_2023-01-14 19:31:54_
--------
`友情點數召喚累計1950次

`[f0cc4e7ae2d4b30013f328b2cf7d6063]
`登入天數: 5天 / 1888天
等級: 20
石頭: 1087
呼符: 86
友情點: +0 / 1795585`
*連続ログイン5日目
※ログインが途切れるか、7日到達すると
1日目から再開されます*
`叡智の業火 X 2
1月交換券(2023) X 1
`*「Lostbelt No.7 黄金樹海紀行 ナウイ・ミクトラン 惑星を統べるもの」(後編)開幕直前連続ログインボーナス*
*開催期間中、1日1回 最大7回 連続ログインボーナスをプレゼント！*
/webview/loginbonus/20230112_m6kwin/m6kwin_r_04.png
`聖晶石 X 3
``從者/禮裝數: 643 / 701`
_2023-01-14 19:32:06_
--------
`友情點數召喚累計1972次

`[48a14ba1dd858b92594b71e0ed7d5311]
`登入天數: 5天 / 1880天
等級: 20
石頭: 2184
呼符: 133
友情點: +0 / 1704985`
*連続ログイン5日目
※ログインが途切れるか、7日到達すると
1日目から再開されます*
`叡智の業火 X 2
1月交換券(2023) X 1
`*「Lostbelt No.7 黄金樹海紀行 ナウイ・ミクトラン 惑星を統べるもの」(後編)開幕直前連続ログインボーナス*
*開催期間中、1日1回 最大7回 連続ログインボーナスをプレゼント！*
/webview/loginbonus/20230112_m6kwin/m6kwin_r_04.png
`聖晶石 X 3
``從者/禮裝數: 639 / 685`
_2023-01-14 19:32:17_
--------
`友情點數召喚累計1830次

`