【登入訊息】
[c5ab1b78563b1f9e4ee17ab01234bc5e]
`登入天數: 6天 / 1748天
等級: 92
石頭: 2899
呼符: 131
友情點: +0 / 1837505`
*連続ログイン6日目
※ログインが途切れるか、7日到達すると
1日目から再開されます*
`聖晶石 X 2
1月交換券(2023) X 1
`*「Lostbelt No.7 黄金樹海紀行 ナウイ・ミクトラン 惑星を統べるもの」(後編)開幕直前連続ログインボーナス*
*開催期間中、1日1回 最大7回 連続ログインボーナスをプレゼント！*
/webview/loginbonus/20230112_m6kwin/m6kwin_r_05.png
`黄金の果実 X 1
``從者/禮裝數: 685 / 667`
_2023-01-15 19:30:49_
--------
`友情點數召喚累計2771次

`[d4825e10f75d83bc0cfb33b6768a8634]
`登入天數: 6天 / 1937天
等級: 19
石頭: 2742
呼符: 50
友情點: +20 / 1993065`
*連続ログイン6日目
※ログインが途切れるか、7日到達すると
1日目から再開されます*
`聖晶石 X 2
1月交換券(2023) X 1
`*「Lostbelt No.7 黄金樹海紀行 ナウイ・ミクトラン 惑星を統べるもの」(後編)開幕直前連続ログインボーナス*
*開催期間中、1日1回 最大7回 連続ログインボーナスをプレゼント！*
/webview/loginbonus/20230112_m6kwin/m6kwin_r_05.png
`黄金の果実 X 1
``從者/禮裝數: 613 / 710`
_2023-01-15 19:31:00_
--------
`友情點數召喚累計2160次

`[ff29db15be18f883ffccdf7ab23021a7]
`登入天數: 6天 / 1933天
等級: 18
石頭: 2057
呼符: 25
友情點: +0 / 1865085`
*連続ログイン6日目
※ログインが途切れるか、7日到達すると
1日目から再開されます*
`聖晶石 X 2
1月交換券(2023) X 1
`*「Lostbelt No.7 黄金樹海紀行 ナウイ・ミクトラン 惑星を統べるもの」(後編)開幕直前連続ログインボーナス*
*開催期間中、1日1回 最大7回 連続ログインボーナスをプレゼント！*
/webview/loginbonus/20230112_m6kwin/m6kwin_r_05.png
`黄金の果実 X 1
``從者/禮裝數: 690 / 708`
_2023-01-15 19:31:13_
--------
`友情點數召喚累計2060次

`[cc4787a257e3a46e268001195f780247]
`登入天數: 6天 / 1947天
等級: 18
石頭: 2823
呼符: 135
友情點: +50 / 1974240`
*連続ログイン6日目
※ログインが途切れるか、7日到達すると
1日目から再開されます*
`聖晶石 X 2
1月交換券(2023) X 1
`*「Lostbelt No.7 黄金樹海紀行 ナウイ・ミクトラン 惑星を統べるもの」(後編)開幕直前連続ログインボーナス*
*開催期間中、1日1回 最大7回 連続ログインボーナスをプレゼント！*
/webview/loginbonus/20230112_m6kwin/m6kwin_r_05.png
`黄金の果実 X 1
``從者/禮裝數: 544 / 639`
_2023-01-15 19:31:24_
--------
`友情點數召喚累計2370次

`[3f5599a008981ecf87f2dea9d1d83d6a]
`登入天數: 6天 / 1952天
等級: 18
石頭: 2023
呼符: 25
友情點: +0 / 1934150`
*連続ログイン6日目
※ログインが途切れるか、7日到達すると
1日目から再開されます*
`聖晶石 X 2
1月交換券(2023) X 1
`*「Lostbelt No.7 黄金樹海紀行 ナウイ・ミクトラン 惑星を統べるもの」(後編)開幕直前連続ログインボーナス*
*開催期間中、1日1回 最大7回 連続ログインボーナスをプレゼント！*
/webview/loginbonus/20230112_m6kwin/m6kwin_r_05.png
`黄金の果実 X 1
``從者/禮裝數: 636 / 708`
_2023-01-15 19:31:36_
--------
`友情點數召喚累計2000次

`[0d14e47d83c8b8400ed7555e0192724d]
`登入天數: 6天 / 1874天
等級: 21
石頭: 1713
呼符: 45
友情點: +20 / 1824185`
*連続ログイン6日目
※ログインが途切れるか、7日到達すると
1日目から再開されます*
`聖晶石 X 2
1月交換券(2023) X 1
`*「Lostbelt No.7 黄金樹海紀行 ナウイ・ミクトラン 惑星を統べるもの」(後編)開幕直前連続ログインボーナス*
*開催期間中、1日1回 最大7回 連続ログインボーナスをプレゼント！*
/webview/loginbonus/20230112_m6kwin/m6kwin_r_05.png
`黄金の果実 X 1
``從者/禮裝數: 584 / 711`
_2023-01-15 19:31:49_
--------
`友情點數召喚累計2080次

`[d4c10e20929a4c973210db1453668b11]
`登入天數: 6天 / 1880天
等級: 20
石頭: 1747
呼符: 10
友情點: +0 / 1702020`
*連続ログイン6日目
※ログインが途切れるか、7日到達すると
1日目から再開されます*
`聖晶石 X 2
1月交換券(2023) X 1
`*「Lostbelt No.7 黄金樹海紀行 ナウイ・ミクトラン 惑星を統べるもの」(後編)開幕直前連続ログインボーナス*
*開催期間中、1日1回 最大7回 連続ログインボーナスをプレゼント！*
/webview/loginbonus/20230112_m6kwin/m6kwin_r_05.png
`黄金の果実 X 1
``從者/禮裝數: 622 / 711`
_2023-01-15 19:32:01_
--------
`友情點數召喚累計1960次

`[f0cc4e7ae2d4b30013f328b2cf7d6063]
`登入天數: 6天 / 1889天
等級: 20
石頭: 1087
呼符: 86
友情點: +0 / 1795585`
*連続ログイン6日目
※ログインが途切れるか、7日到達すると
1日目から再開されます*
`聖晶石 X 2
1月交換券(2023) X 1
`*「Lostbelt No.7 黄金樹海紀行 ナウイ・ミクトラン 惑星を統べるもの」(後編)開幕直前連続ログインボーナス*
*開催期間中、1日1回 最大7回 連続ログインボーナスをプレゼント！*
/webview/loginbonus/20230112_m6kwin/m6kwin_r_05.png
`黄金の果実 X 1
``從者/禮裝數: 644 / 709`
_2023-01-15 19:32:13_
--------
`友情點數召喚累計1982次

`[48a14ba1dd858b92594b71e0ed7d5311]
`登入天數: 6天 / 1881天
等級: 20
石頭: 2184
呼符: 133
友情點: +0 / 1704985`
*連続ログイン6日目
※ログインが途切れるか、7日到達すると
1日目から再開されます*
`聖晶石 X 2
1月交換券(2023) X 1
`*「Lostbelt No.7 黄金樹海紀行 ナウイ・ミクトラン 惑星を統べるもの」(後編)開幕直前連続ログインボーナス*
*開催期間中、1日1回 最大7回 連続ログインボーナスをプレゼント！*
/webview/loginbonus/20230112_m6kwin/m6kwin_r_05.png
`黄金の果実 X 1
``從者/禮裝數: 643 / 689`
_2023-01-15 19:32:25_
--------
`友情點數召喚累計1840次

`