【登入訊息】
[c5ab1b78563b1f9e4ee17ab01234bc5e]
`登入天數: 8天 / 1750天
等級: 92
石頭: 2899
呼符: 131
友情點: +0 / 1837505`
*連続ログイン1日目
※ログインが途切れるか、7日到達すると
1日目から再開されます*
`フレンドポイント X 2000
1月交換券(2023) X 1
`*「Lostbelt No.7 黄金樹海紀行 ナウイ・ミクトラン 惑星を統べるもの」(後編)開幕直前連続ログインボーナス*
*開催期間中、1日1回 最大7回 連続ログインボーナスをプレゼント！*
/webview/loginbonus/20230112_m6kwin/m6kwin_r_07.png
`聖晶石 X 4
``從者/禮裝數: 689 / 677`
_2023-01-17 19:30:46_
--------
`友情點數召喚累計2791次

`[d4825e10f75d83bc0cfb33b6768a8634]
`登入天數: 8天 / 1939天
等級: 19
石頭: 2742
呼符: 50
友情點: +0 / 1993065`
*連続ログイン1日目
※ログインが途切れるか、7日到達すると
1日目から再開されます*
`フレンドポイント X 2000
1月交換券(2023) X 1
`*「Lostbelt No.7 黄金樹海紀行 ナウイ・ミクトラン 惑星を統べるもの」(後編)開幕直前連続ログインボーナス*
*開催期間中、1日1回 最大7回 連続ログインボーナスをプレゼント！*
/webview/loginbonus/20230112_m6kwin/m6kwin_r_07.png
`聖晶石 X 4
``從者/禮裝數: 617 / 719`
_2023-01-17 19:30:58_
--------
`友情點數召喚累計2180次

`[ff29db15be18f883ffccdf7ab23021a7]
`登入天數: 8天 / 1935天
等級: 18
石頭: 2057
呼符: 25
友情點: +0 / 1865085`
*連続ログイン1日目
※ログインが途切れるか、7日到達すると
1日目から再開されます*
`フレンドポイント X 2000
1月交換券(2023) X 1
`*「Lostbelt No.7 黄金樹海紀行 ナウイ・ミクトラン 惑星を統べるもの」(後編)開幕直前連続ログインボーナス*
*開催期間中、1日1回 最大7回 連続ログインボーナスをプレゼント！*
/webview/loginbonus/20230112_m6kwin/m6kwin_r_07.png
`聖晶石 X 4
``從者/禮裝數: 695 / 720`
_2023-01-17 19:31:09_
--------
`友情點數召喚累計2080次

`[cc4787a257e3a46e268001195f780247]
`登入天數: 8天 / 1949天
等級: 18
石頭: 2823
呼符: 135
友情點: +0 / 1974240`
*連続ログイン1日目
※ログインが途切れるか、7日到達すると
1日目から再開されます*
`フレンドポイント X 2000
1月交換券(2023) X 1
`*「Lostbelt No.7 黄金樹海紀行 ナウイ・ミクトラン 惑星を統べるもの」(後編)開幕直前連続ログインボーナス*
*開催期間中、1日1回 最大7回 連続ログインボーナスをプレゼント！*
/webview/loginbonus/20230112_m6kwin/m6kwin_r_07.png
`聖晶石 X 4
``從者/禮裝數: 548 / 653`
_2023-01-17 19:31:22_
--------
`友情點數召喚累計2390次

`[3f5599a008981ecf87f2dea9d1d83d6a]
`登入天數: 8天 / 1954天
等級: 18
石頭: 2023
呼符: 25
友情點: +0 / 1934150`
*連続ログイン1日目
※ログインが途切れるか、7日到達すると
1日目から再開されます*
`フレンドポイント X 2000
1月交換券(2023) X 1
`*「Lostbelt No.7 黄金樹海紀行 ナウイ・ミクトラン 惑星を統べるもの」(後編)開幕直前連続ログインボーナス*
*開催期間中、1日1回 最大7回 連続ログインボーナスをプレゼント！*
/webview/loginbonus/20230112_m6kwin/m6kwin_r_07.png
`聖晶石 X 4
``從者/禮裝數: 642 / 719`
_2023-01-17 19:31:33_
--------
`友情點數召喚累計2020次

`[0d14e47d83c8b8400ed7555e0192724d]
`登入天數: 8天 / 1876天
等級: 21
石頭: 1713
呼符: 45
友情點: +0 / 1824185`
*連続ログイン1日目
※ログインが途切れるか、7日到達すると
1日目から再開されます*
`フレンドポイント X 2000
1月交換券(2023) X 1
`*「Lostbelt No.7 黄金樹海紀行 ナウイ・ミクトラン 惑星を統べるもの」(後編)開幕直前連続ログインボーナス*
*開催期間中、1日1回 最大7回 連続ログインボーナスをプレゼント！*
/webview/loginbonus/20230112_m6kwin/m6kwin_r_07.png
`聖晶石 X 4
``從者/禮裝數: 589 / 719`
_2023-01-17 19:31:46_
--------
`友情點數召喚累計2100次

`[d4c10e20929a4c973210db1453668b11]
`登入天數: 8天 / 1882天
等級: 20
石頭: 1747
呼符: 10
友情點: +0 / 1702020`
*連続ログイン1日目
※ログインが途切れるか、7日到達すると
1日目から再開されます*
`フレンドポイント X 2000
1月交換券(2023) X 1
`*「Lostbelt No.7 黄金樹海紀行 ナウイ・ミクトラン 惑星を統べるもの」(後編)開幕直前連続ログインボーナス*
*開催期間中、1日1回 最大7回 連続ログインボーナスをプレゼント！*
/webview/loginbonus/20230112_m6kwin/m6kwin_r_07.png
`聖晶石 X 4
``從者/禮裝數: 627 / 724`
_2023-01-17 19:31:58_
--------
`友情點數召喚累計1980次

`[f0cc4e7ae2d4b30013f328b2cf7d6063]
`登入天數: 8天 / 1891天
等級: 20
石頭: 1087
呼符: 86
友情點: +0 / 1795585`
*連続ログイン1日目
※ログインが途切れるか、7日到達すると
1日目から再開されます*
`フレンドポイント X 2000
1月交換券(2023) X 1
`*「Lostbelt No.7 黄金樹海紀行 ナウイ・ミクトラン 惑星を統べるもの」(後編)開幕直前連続ログインボーナス*
*開催期間中、1日1回 最大7回 連続ログインボーナスをプレゼント！*
/webview/loginbonus/20230112_m6kwin/m6kwin_r_07.png
`聖晶石 X 4
``從者/禮裝數: 650 / 721`
_2023-01-17 19:32:10_
--------
`友情點數召喚累計2002次

`[48a14ba1dd858b92594b71e0ed7d5311]
`登入天數: 8天 / 1883天
等級: 20
石頭: 2184
呼符: 133
友情點: +0 / 1704985`
*連続ログイン1日目
※ログインが途切れるか、7日到達すると
1日目から再開されます*
`フレンドポイント X 2000
1月交換券(2023) X 1
`*「Lostbelt No.7 黄金樹海紀行 ナウイ・ミクトラン 惑星を統べるもの」(後編)開幕直前連続ログインボーナス*
*開催期間中、1日1回 最大7回 連続ログインボーナスをプレゼント！*
/webview/loginbonus/20230112_m6kwin/m6kwin_r_07.png
`聖晶石 X 4
``從者/禮裝數: 648 / 703`
_2023-01-17 19:32:22_
--------
`友情點數召喚累計1860次

`