【登入訊息】
[c5ab1b78563b1f9e4ee17ab01234bc5e]
`登入天數: 9天 / 1751天
等級: 92
石頭: 2899
呼符: 131
友情點: +0 / 1837505`
*連続ログイン2日目
※ログインが途切れるか、7日到達すると
1日目から再開されます*
`聖晶石 X 1
1月交換券(2023) X 1
``從者/禮裝數: 691 / 683`
_2023-01-18 19:30:51_
--------
`友情點數召喚累計2801次

`[d4825e10f75d83bc0cfb33b6768a8634]
`登入天數: 9天 / 1940天
等級: 19
石頭: 2742
呼符: 50
友情點: +0 / 1993065`
*連続ログイン2日目
※ログインが途切れるか、7日到達すると
1日目から再開されます*
`聖晶石 X 1
1月交換券(2023) X 1
``從者/禮裝數: 618 / 722`
_2023-01-18 19:31:03_
--------
`友情點數召喚累計2190次

`[ff29db15be18f883ffccdf7ab23021a7]
`登入天數: 9天 / 1936天
等級: 18
石頭: 2057
呼符: 25
友情點: +0 / 1865085`
*連続ログイン2日目
※ログインが途切れるか、7日到達すると
1日目から再開されます*
`聖晶石 X 1
1月交換券(2023) X 1
``從者/禮裝數: 697 / 725`
_2023-01-18 19:31:15_
--------
`友情點數召喚累計2090次

`[cc4787a257e3a46e268001195f780247]
`登入天數: 9天 / 1950天
等級: 18
石頭: 2823
呼符: 135
友情點: +0 / 1974240`
*連続ログイン2日目
※ログインが途切れるか、7日到達すると
1日目から再開されます*
`聖晶石 X 1
1月交換券(2023) X 1
``從者/禮裝數: 552 / 658`
_2023-01-18 19:31:27_
--------
`友情點數召喚累計2400次

`[3f5599a008981ecf87f2dea9d1d83d6a]
`登入天數: 9天 / 1955天
等級: 18
石頭: 2023
呼符: 25
友情點: +0 / 1934150`
*連続ログイン2日目
※ログインが途切れるか、7日到達すると
1日目から再開されます*
`聖晶石 X 1
1月交換券(2023) X 1
``從者/禮裝數: 646 / 724`
_2023-01-18 19:31:38_
--------
`友情點數召喚累計2030次

`[0d14e47d83c8b8400ed7555e0192724d]
`登入天數: 9天 / 1877天
等級: 21
石頭: 1713
呼符: 45
友情點: +0 / 1824185`
*連続ログイン2日目
※ログインが途切れるか、7日到達すると
1日目から再開されます*
`聖晶石 X 1
1月交換券(2023) X 1
``從者/禮裝數: 590 / 727`
_2023-01-18 19:31:51_
--------
`友情點數召喚累計2110次

`[d4c10e20929a4c973210db1453668b11]
`登入天數: 9天 / 1883天
等級: 20
石頭: 1747
呼符: 10
友情點: +0 / 1702020`
*連続ログイン2日目
※ログインが途切れるか、7日到達すると
1日目から再開されます*
`聖晶石 X 1
1月交換券(2023) X 1
``從者/禮裝數: 629 / 729`
_2023-01-18 19:32:02_
--------
`友情點數召喚累計1990次

`[f0cc4e7ae2d4b30013f328b2cf7d6063]
`登入天數: 9天 / 1892天
等級: 20
石頭: 1087
呼符: 86
友情點: +0 / 1795585`
*連続ログイン2日目
※ログインが途切れるか、7日到達すると
1日目から再開されます*
`聖晶石 X 1
1月交換券(2023) X 1
``從者/禮裝數: 651 / 728`
_2023-01-18 19:32:14_
--------
`友情點數召喚累計2012次

`[48a14ba1dd858b92594b71e0ed7d5311]
`登入天數: 9天 / 1884天
等級: 20
石頭: 2184
呼符: 133
友情點: +0 / 1704985`
*連続ログイン2日目
※ログインが途切れるか、7日到達すると
1日目から再開されます*
`聖晶石 X 1
1月交換券(2023) X 1
``從者/禮裝數: 653 / 707`
_2023-01-18 19:32:25_
--------
`友情點數召喚累計1870次

`