【登入訊息】
[c5ab1b78563b1f9e4ee17ab01234bc5e]
`登入天數: 13天 / 1755天
等級: 92
石頭: 2899
呼符: 131
友情點: +0 / 1837505`
*連続ログイン6日目
※ログインが途切れるか、7日到達すると
1日目から再開されます*
`聖晶石 X 2
1月交換券(2023) X 1
``從者/禮裝數: 704 / 701`
_2023-01-22 19:30:36_
--------
`友情點數召喚累計2841次

`[d4825e10f75d83bc0cfb33b6768a8634]
`登入天數: 13天 / 1944天
等級: 19
石頭: 2742
呼符: 50
友情點: +0 / 1993065`
*連続ログイン6日目
※ログインが途切れるか、7日到達すると
1日目から再開されます*
`聖晶石 X 2
1月交換券(2023) X 1
``從者/禮裝數: 633 / 745`
_2023-01-22 19:30:48_
--------
`友情點數召喚累計2230次

`[ff29db15be18f883ffccdf7ab23021a7]
`登入天數: 13天 / 1940天
等級: 18
石頭: 2057
呼符: 25
友情點: +0 / 1865085`
*連続ログイン6日目
※ログインが途切れるか、7日到達すると
1日目から再開されます*
`聖晶石 X 2
1月交換券(2023) X 1
``從者/禮裝數: 709 / 747`
_2023-01-22 19:30:59_
--------
`友情點數召喚累計2130次

`[cc4787a257e3a46e268001195f780247]
`登入天數: 13天 / 1954天
等級: 18
石頭: 2823
呼符: 135
友情點: +0 / 1974240`
*連続ログイン6日目
※ログインが途切れるか、7日到達すると
1日目から再開されます*
`聖晶石 X 2
1月交換券(2023) X 1
``從者/禮裝數: 565 / 677`
_2023-01-22 19:31:10_
--------
`友情點數召喚累計2440次

`[3f5599a008981ecf87f2dea9d1d83d6a]
`登入天數: 13天 / 1959天
等級: 18
石頭: 2023
呼符: 25
友情點: +0 / 1934150`
*連続ログイン6日目
※ログインが途切れるか、7日到達すると
1日目から再開されます*
`聖晶石 X 2
1月交換券(2023) X 1
``從者/禮裝數: 657 / 748`
_2023-01-22 19:31:22_
--------
`友情點數召喚累計2070次

`[0d14e47d83c8b8400ed7555e0192724d]
`登入天數: 13天 / 1881天
等級: 21
石頭: 1713
呼符: 45
友情點: +0 / 1824185`
*連続ログイン6日目
※ログインが途切れるか、7日到達すると
1日目から再開されます*
`聖晶石 X 2
1月交換券(2023) X 1
``從者/禮裝數: 598 / 750`
_2023-01-22 19:31:33_
--------
`友情點數召喚累計2150次

`[d4c10e20929a4c973210db1453668b11]
`登入天數: 13天 / 1887天
等級: 20
石頭: 1747
呼符: 10
友情點: +0 / 1702020`
*連続ログイン6日目
※ログインが途切れるか、7日到達すると
1日目から再開されます*
`聖晶石 X 2
1月交換券(2023) X 1
``從者/禮裝數: 639 / 750`
_2023-01-22 19:31:45_
--------
`友情點數召喚累計2030次

`[f0cc4e7ae2d4b30013f328b2cf7d6063]
`登入天數: 13天 / 1896天
等級: 20
石頭: 1087
呼符: 86
友情點: +0 / 1795585`
*連続ログイン6日目
※ログインが途切れるか、7日到達すると
1日目から再開されます*
`聖晶石 X 2
1月交換券(2023) X 1
``從者/禮裝數: 658 / 752`
_2023-01-22 19:31:56_
--------
`友情點數召喚累計2052次

`[48a14ba1dd858b92594b71e0ed7d5311]
`登入天數: 13天 / 1888天
等級: 20
石頭: 2184
呼符: 133
友情點: +0 / 1704985`
*連続ログイン6日目
※ログインが途切れるか、7日到達すると
1日目から再開されます*
`聖晶石 X 2
1月交換券(2023) X 1
``從者/禮裝數: 664 / 728`
_2023-01-22 19:32:07_
--------
`友情點數召喚累計1910次

`