【登入訊息】
[c5ab1b78563b1f9e4ee17ab01234bc5e]
`登入天數: 14天 / 1756天
等級: 92
石頭: 2899
呼符: 131
友情點: +0 / 1837505`
*連続ログイン7日間到達おめでとうございます！
明日は1日目からリスタートされます。*
`獣の足跡 X 1
呼符 X 1
1月交換券(2023) X 1
``從者/禮裝數: 706 / 709`
_2023-01-23 19:30:52_
--------
`友情點數召喚累計2851次

`[d4825e10f75d83bc0cfb33b6768a8634]
`登入天數: 14天 / 1945天
等級: 19
石頭: 2742
呼符: 50
友情點: +0 / 1993065`
*連続ログイン7日間到達おめでとうございます！
明日は1日目からリスタートされます。*
`獣の足跡 X 1
呼符 X 1
1月交換券(2023) X 1
``從者/禮裝數: 636 / 750`
_2023-01-23 19:31:04_
--------
`友情點數召喚累計2240次

`[ff29db15be18f883ffccdf7ab23021a7]
`登入天數: 14天 / 1941天
等級: 18
石頭: 2057
呼符: 25
友情點: +0 / 1865085`
*連続ログイン7日間到達おめでとうございます！
明日は1日目からリスタートされます。*
`獣の足跡 X 1
呼符 X 1
1月交換券(2023) X 1
``從者/禮裝數: 711 / 753`
_2023-01-23 19:31:15_
--------
`友情點數召喚累計2140次

`[cc4787a257e3a46e268001195f780247]
`登入天數: 14天 / 1955天
等級: 18
石頭: 2823
呼符: 135
友情點: +0 / 1974240`
*連続ログイン7日間到達おめでとうございます！
明日は1日目からリスタートされます。*
`獣の足跡 X 1
呼符 X 1
1月交換券(2023) X 1
``從者/禮裝數: 568 / 682`
_2023-01-23 19:31:27_
--------
`友情點數召喚累計2450次

`[3f5599a008981ecf87f2dea9d1d83d6a]
`登入天數: 14天 / 1960天
等級: 18
石頭: 2023
呼符: 25
友情點: +0 / 1934150`
*連続ログイン7日間到達おめでとうございます！
明日は1日目からリスタートされます。*
`獣の足跡 X 1
呼符 X 1
1月交換券(2023) X 1
``從者/禮裝數: 659 / 754`
_2023-01-23 19:31:39_
--------
`友情點數召喚累計2080次

`[0d14e47d83c8b8400ed7555e0192724d]
`登入天數: 14天 / 1882天
等級: 21
石頭: 1713
呼符: 45
友情點: +0 / 1824185`
*連続ログイン7日間到達おめでとうございます！
明日は1日目からリスタートされます。*
`獣の足跡 X 1
呼符 X 1
1月交換券(2023) X 1
``從者/禮裝數: 599 / 758`
_2023-01-23 19:31:51_
--------
`友情點數召喚累計2160次

`[d4c10e20929a4c973210db1453668b11]
`登入天數: 14天 / 1888天
等級: 20
石頭: 1747
呼符: 10
友情點: +0 / 1702020`
*連続ログイン7日間到達おめでとうございます！
明日は1日目からリスタートされます。*
`獣の足跡 X 1
呼符 X 1
1月交換券(2023) X 1
``從者/禮裝數: 641 / 754`
_2023-01-23 19:32:03_
--------
`友情點數召喚累計2040次

`[f0cc4e7ae2d4b30013f328b2cf7d6063]
`登入天數: 14天 / 1897天
等級: 20
石頭: 1087
呼符: 86
友情點: +0 / 1795585`
*連続ログイン7日間到達おめでとうございます！
明日は1日目からリスタートされます。*
`獣の足跡 X 1
呼符 X 1
1月交換券(2023) X 1
``從者/禮裝數: 660 / 757`
_2023-01-23 19:32:15_
--------
`友情點數召喚累計2062次

`[48a14ba1dd858b92594b71e0ed7d5311]
`登入天數: 14天 / 1889天
等級: 20
石頭: 2184
呼符: 133
友情點: +0 / 1704985`
*連続ログイン7日間到達おめでとうございます！
明日は1日目からリスタートされます。*
`獣の足跡 X 1
呼符 X 1
1月交換券(2023) X 1
``從者/禮裝數: 668 / 734`
_2023-01-23 19:32:26_
--------
`友情點數召喚累計1920次

`