【登入訊息】
[c5ab1b78563b1f9e4ee17ab01234bc5e]
`登入天數: 16天 / 1758天
等級: 92
石頭: 2899
呼符: 131
友情點: +0 / 1837505`
*連続ログイン2日目
※ログインが途切れるか、7日到達すると
1日目から再開されます*
`聖晶石 X 1
1月交換券(2023) X 1
``從者/禮裝數: 712 / 720`
_2023-01-25 19:30:40_
--------
`友情點數召喚累計2871次

`[d4825e10f75d83bc0cfb33b6768a8634]
`登入天數: 16天 / 1947天
等級: 19
石頭: 2742
呼符: 50
友情點: +20 / 1993085`
*連続ログイン2日目
※ログインが途切れるか、7日到達すると
1日目から再開されます*
`聖晶石 X 1
1月交換券(2023) X 1
``從者/禮裝數: 640 / 757`
_2023-01-25 19:30:52_
--------
`友情點數召喚累計2260次

`[ff29db15be18f883ffccdf7ab23021a7]
`登入天數: 16天 / 1943天
等級: 18
石頭: 2057
呼符: 25
友情點: +30 / 1865115`
*連続ログイン2日目
※ログインが途切れるか、7日到達すると
1日目から再開されます*
`聖晶石 X 1
1月交換券(2023) X 1
``從者/禮裝數: 717 / 763`
_2023-01-25 19:31:04_
--------
`友情點數召喚累計2160次

`[cc4787a257e3a46e268001195f780247]
`登入天數: 16天 / 1957天
等級: 18
石頭: 2823
呼符: 135
友情點: +10 / 1974250`
*連続ログイン2日目
※ログインが途切れるか、7日到達すると
1日目から再開されます*
`聖晶石 X 1
1月交換券(2023) X 1
``從者/禮裝數: 571 / 694`
_2023-01-25 19:31:16_
--------
`友情點數召喚累計2470次

`[3f5599a008981ecf87f2dea9d1d83d6a]
`登入天數: 16天 / 1962天
等級: 18
石頭: 2023
呼符: 25
友情點: +0 / 1934150`
*連続ログイン2日目
※ログインが途切れるか、7日到達すると
1日目から再開されます*
`聖晶石 X 1
1月交換券(2023) X 1
``從者/禮裝數: 665 / 765`
_2023-01-25 19:31:28_
--------
`友情點數召喚累計2100次

`[0d14e47d83c8b8400ed7555e0192724d]
`登入天數: 16天 / 1884天
等級: 21
石頭: 1713
呼符: 45
友情點: +20 / 1824205`
*連続ログイン2日目
※ログインが途切れるか、7日到達すると
1日目から再開されます*
`聖晶石 X 1
1月交換券(2023) X 1
``從者/禮裝數: 608 / 765`
_2023-01-25 19:31:40_
--------
`友情點數召喚累計2180次

`[d4c10e20929a4c973210db1453668b11]
`登入天數: 16天 / 1890天
等級: 20
石頭: 1747
呼符: 10
友情點: +0 / 1702020`
*連続ログイン2日目
※ログインが途切れるか、7日到達すると
1日目から再開されます*
`聖晶石 X 1
1月交換券(2023) X 1
``從者/禮裝數: 643 / 767`
_2023-01-25 19:31:52_
--------
`友情點數召喚累計2060次

`[f0cc4e7ae2d4b30013f328b2cf7d6063]
`登入天數: 16天 / 1899天
等級: 20
石頭: 1087
呼符: 86
友情點: +0 / 1795585`
*連続ログイン2日目
※ログインが途切れるか、7日到達すると
1日目から再開されます*
`聖晶石 X 1
1月交換券(2023) X 1
``從者/禮裝數: 662 / 771`
_2023-01-25 19:32:03_
--------
`友情點數召喚累計2082次

`[48a14ba1dd858b92594b71e0ed7d5311]
`登入天數: 16天 / 1891天
等級: 20
石頭: 2184
呼符: 133
友情點: +0 / 1704985`
*連続ログイン2日目
※ログインが途切れるか、7日到達すると
1日目から再開されます*
`聖晶石 X 1
1月交換券(2023) X 1
``從者/禮裝數: 674 / 743`
_2023-01-25 19:32:16_
--------
`友情點數召喚累計1940次

`