【登入訊息】
[c5ab1b78563b1f9e4ee17ab01234bc5e]
`登入天數: 17天 / 1759天
等級: 92
石頭: 2899
呼符: 131
友情點: +0 / 1837505`
*連続ログイン3日目
※ログインが途切れるか、7日到達すると
1日目から再開されます*
`叡智の業火 X 1
1月交換券(2023) X 1
``從者/禮裝數: 714 / 725`
_2023-01-26 19:30:43_
--------
`友情點數召喚累計2881次

`[d4825e10f75d83bc0cfb33b6768a8634]
`登入天數: 17天 / 1948天
等級: 19
石頭: 2742
呼符: 50
友情點: +0 / 1993085`
*連続ログイン3日目
※ログインが途切れるか、7日到達すると
1日目から再開されます*
`叡智の業火 X 1
1月交換券(2023) X 1
``從者/禮裝數: 642 / 763`
_2023-01-26 19:30:55_
--------
`友情點數召喚累計2270次

`[ff29db15be18f883ffccdf7ab23021a7]
`登入天數: 17天 / 1944天
等級: 18
石頭: 2057
呼符: 25
友情點: +80 / 1865195`
*連続ログイン3日目
※ログインが途切れるか、7日到達すると
1日目から再開されます*
`叡智の業火 X 1
1月交換券(2023) X 1
``從者/禮裝數: 719 / 769`
_2023-01-26 19:31:06_
--------
`友情點數召喚累計2170次

`[cc4787a257e3a46e268001195f780247]
`登入天數: 17天 / 1958天
等級: 18
石頭: 2823
呼符: 135
友情點: +40 / 1974290`
*連続ログイン3日目
※ログインが途切れるか、7日到達すると
1日目から再開されます*
`叡智の業火 X 1
1月交換券(2023) X 1
``從者/禮裝數: 573 / 699`
_2023-01-26 19:31:18_
--------
`友情點數召喚累計2480次

`[3f5599a008981ecf87f2dea9d1d83d6a]
`登入天數: 17天 / 1963天
等級: 18
石頭: 2023
呼符: 25
友情點: +0 / 1934150`
*連続ログイン3日目
※ログインが途切れるか、7日到達すると
1日目から再開されます*
`叡智の業火 X 1
1月交換券(2023) X 1
``從者/禮裝數: 669 / 769`
_2023-01-26 19:31:29_
--------
`友情點數召喚累計2110次

`[0d14e47d83c8b8400ed7555e0192724d]
`登入天數: 17天 / 1885天
等級: 21
石頭: 1713
呼符: 45
友情點: +30 / 1824235`
*連続ログイン3日目
※ログインが途切れるか、7日到達すると
1日目から再開されます*
`叡智の業火 X 1
1月交換券(2023) X 1
``從者/禮裝數: 608 / 773`
_2023-01-26 19:31:41_
--------
`友情點數召喚累計2190次

`[d4c10e20929a4c973210db1453668b11]
`登入天數: 17天 / 1891天
等級: 20
石頭: 1747
呼符: 10
友情點: +0 / 1702020`
*連続ログイン3日目
※ログインが途切れるか、7日到達すると
1日目から再開されます*
`叡智の業火 X 1
1月交換券(2023) X 1
``從者/禮裝數: 645 / 773`
_2023-01-26 19:31:52_
--------
`友情點數召喚累計2070次

`[f0cc4e7ae2d4b30013f328b2cf7d6063]
`登入天數: 17天 / 1900天
等級: 20
石頭: 1087
呼符: 86
友情點: +0 / 1795585`
*連続ログイン3日目
※ログインが途切れるか、7日到達すると
1日目から再開されます*
`叡智の業火 X 1
1月交換券(2023) X 1
``從者/禮裝數: 663 / 778`
_2023-01-26 19:32:04_
--------
`友情點數召喚累計2092次

`[48a14ba1dd858b92594b71e0ed7d5311]
`登入天數: 17天 / 1892天
等級: 20
石頭: 2184
呼符: 133
友情點: +0 / 1704985`
*連続ログイン3日目
※ログインが途切れるか、7日到達すると
1日目から再開されます*
`叡智の業火 X 1
1月交換券(2023) X 1
``從者/禮裝數: 675 / 749`
_2023-01-26 19:32:15_
--------
`友情點數召喚累計1950次

`