【登入訊息】
[c5ab1b78563b1f9e4ee17ab01234bc5e]
`登入天數: 18天 / 1760天
等級: 92
石頭: 2899
呼符: 131
友情點: +0 / 1837505`
*連続ログイン4日目
※ログインが途切れるか、7日到達すると
1日目から再開されます*
`聖晶石 X 1
1月交換券(2023) X 1
``從者/禮裝數: 716 / 733`
_2023-01-27 19:30:48_
--------
`友情點數召喚累計2891次

`[d4825e10f75d83bc0cfb33b6768a8634]
`登入天數: 18天 / 1949天
等級: 19
石頭: 2742
呼符: 50
友情點: +80 / 1993165`
*連続ログイン4日目
※ログインが途切れるか、7日到達すると
1日目から再開されます*
`聖晶石 X 1
1月交換券(2023) X 1
``從者/禮裝數: 647 / 764`
_2023-01-27 19:31:00_
--------
`友情點數召喚累計2280次

`[ff29db15be18f883ffccdf7ab23021a7]
`登入天數: 18天 / 1945天
等級: 18
石頭: 2057
呼符: 25
友情點: +20 / 1865215`
*連続ログイン4日目
※ログインが途切れるか、7日到達すると
1日目から再開されます*
`聖晶石 X 1
1月交換券(2023) X 1
``從者/禮裝數: 720 / 773`
_2023-01-27 19:31:12_
--------
`友情點數召喚累計2180次

`[cc4787a257e3a46e268001195f780247]
`登入天數: 18天 / 1959天
等級: 18
石頭: 2823
呼符: 135
友情點: +20 / 1974310`
*連続ログイン4日目
※ログインが途切れるか、7日到達すると
1日目から再開されます*
`聖晶石 X 1
1月交換券(2023) X 1
``從者/禮裝數: 576 / 703`
_2023-01-27 19:31:23_
--------
`友情點數召喚累計2490次

`[3f5599a008981ecf87f2dea9d1d83d6a]
`登入天數: 18天 / 1964天
等級: 18
石頭: 2023
呼符: 25
友情點: +0 / 1934150`
*連続ログイン4日目
※ログインが途切れるか、7日到達すると
1日目から再開されます*
`聖晶石 X 1
1月交換券(2023) X 1
``從者/禮裝數: 670 / 776`
_2023-01-27 19:31:35_
--------
`友情點數召喚累計2120次

`[0d14e47d83c8b8400ed7555e0192724d]
`登入天數: 18天 / 1886天
等級: 21
石頭: 1713
呼符: 45
友情點: +30 / 1824265`
*連続ログイン4日目
※ログインが途切れるか、7日到達すると
1日目から再開されます*
`聖晶石 X 1
1月交換券(2023) X 1
``從者/禮裝數: 610 / 778`
_2023-01-27 19:31:47_
--------
`友情點數召喚累計2200次

`[d4c10e20929a4c973210db1453668b11]
`登入天數: 18天 / 1892天
等級: 20
石頭: 1747
呼符: 10
友情點: +0 / 1702020`
*連続ログイン4日目
※ログインが途切れるか、7日到達すると
1日目から再開されます*
`聖晶石 X 1
1月交換券(2023) X 1
``從者/禮裝數: 646 / 781`
_2023-01-27 19:31:59_
--------
`友情點數召喚累計2080次

`[f0cc4e7ae2d4b30013f328b2cf7d6063]
`登入天數: 18天 / 1901天
等級: 20
石頭: 1087
呼符: 86
友情點: +0 / 1795585`
*連続ログイン4日目
※ログインが途切れるか、7日到達すると
1日目から再開されます*
`聖晶石 X 1
1月交換券(2023) X 1
``從者/禮裝數: 663 / 784`
_2023-01-27 19:32:10_
--------
`友情點數召喚累計2102次

`[48a14ba1dd858b92594b71e0ed7d5311]
`登入天數: 18天 / 1893天
等級: 20
石頭: 2184
呼符: 133
友情點: +0 / 1704985`
*連続ログイン4日目
※ログインが途切れるか、7日到達すると
1日目から再開されます*
`聖晶石 X 1
1月交換券(2023) X 1
``從者/禮裝數: 675 / 758`
_2023-01-27 19:32:22_
--------
`友情點數召喚累計1960次

`