【登入訊息】
[c5ab1b78563b1f9e4ee17ab01234bc5e]
`登入天數: 21天 / 1763天
等級: 92
石頭: 2899
呼符: 131
友情點: +0 / 1837505`
*連続ログイン7日間到達おめでとうございます！
明日は1日目からリスタートされます。*
`獣の足跡 X 1
呼符 X 1
1月交換券(2023) X 1
``從者/禮裝數: 726 / 749`
_2023-01-30 19:30:37_
--------
`友情點數召喚累計2921次

`[d4825e10f75d83bc0cfb33b6768a8634]
`登入天數: 21天 / 1952天
等級: 19
石頭: 2742
呼符: 50
友情點: +175 / 1993420`
*連続ログイン7日間到達おめでとうございます！
明日は1日目からリスタートされます。*
`獣の足跡 X 1
呼符 X 1
1月交換券(2023) X 1
``從者/禮裝數: 656 / 778`
_2023-01-30 19:30:49_
--------
`友情點數召喚累計2310次

`[ff29db15be18f883ffccdf7ab23021a7]
`登入天數: 21天 / 1948天
等級: 18
石頭: 2057
呼符: 25
友情點: +10 / 1865255`
*連続ログイン7日間到達おめでとうございます！
明日は1日目からリスタートされます。*
`獣の足跡 X 1
呼符 X 1
1月交換券(2023) X 1
``從者/禮裝數: 726 / 790`
_2023-01-30 19:31:01_
--------
`友情點數召喚累計2210次

`[cc4787a257e3a46e268001195f780247]
`登入天數: 21天 / 1962天
等級: 18
石頭: 2823
呼符: 135
友情點: +20 / 1974380`
*連続ログイン7日間到達おめでとうございます！
明日は1日目からリスタートされます。*
`獣の足跡 X 1
呼符 X 1
1月交換券(2023) X 1
``從者/禮裝數: 584 / 719`
_2023-01-30 19:31:13_
--------
`友情點數召喚累計2520次

`[3f5599a008981ecf87f2dea9d1d83d6a]
`登入天數: 21天 / 1967天
等級: 18
石頭: 2023
呼符: 25
友情點: +0 / 1934150`
*連続ログイン7日間到達おめでとうございます！
明日は1日目からリスタートされます。*
`獣の足跡 X 1
呼符 X 1
1月交換券(2023) X 1
``從者/禮裝數: 678 / 790`
_2023-01-30 19:31:24_
--------
`友情點數召喚累計2150次

`[0d14e47d83c8b8400ed7555e0192724d]
`登入天數: 21天 / 1889天
等級: 21
石頭: 1713
呼符: 45
友情點: +60 / 1824445`
*連続ログイン7日間到達おめでとうございます！
明日は1日目からリスタートされます。*
`獣の足跡 X 1
呼符 X 1
1月交換券(2023) X 1
``從者/禮裝數: 617 / 794`
_2023-01-30 19:31:36_
--------
`友情點數召喚累計2230次

`[d4c10e20929a4c973210db1453668b11]
`登入天數: 21天 / 1895天
等級: 20
石頭: 1747
呼符: 10
友情點: +0 / 1702020`
*連続ログイン7日間到達おめでとうございます！
明日は1日目からリスタートされます。*
`獣の足跡 X 1
呼符 X 1
1月交換券(2023) X 1
``從者/禮裝數: 653 / 795`
_2023-01-30 19:31:48_
--------
`友情點數召喚累計2110次

`[f0cc4e7ae2d4b30013f328b2cf7d6063]
`登入天數: 21天 / 1904天
等級: 20
石頭: 1087
呼符: 86
友情點: +0 / 1795585`
*連続ログイン7日間到達おめでとうございます！
明日は1日目からリスタートされます。*
`獣の足跡 X 1
呼符 X 1
1月交換券(2023) X 1
``從者/禮裝數: 670 / 801`
_2023-01-30 19:31:59_
--------
[48a14ba1dd858b92594b71e0ed7d5311]
`登入天數: 21天 / 1896天
等級: 20
石頭: 2184
呼符: 133
友情點: +0 / 1704985`
*連続ログイン7日間到達おめでとうございます！
明日は1日目からリスタートされます。*
`獣の足跡 X 1
呼符 X 1
1月交換券(2023) X 1
``從者/禮裝數: 683 / 772`
_2023-01-30 19:32:08_
--------
`友情點數召喚累計1990次

`