【登入訊息】
[c5ab1b78563b1f9e4ee17ab01234bc5e]
`登入天數: 232天 / 1583天
等級: 92
石頭: 2258
呼符: 206
友情點: +0 / 1591145`
*連続ログイン1日目
※ログインが途切れるか、7日到達すると
1日目から再開されます*
`フレンドポイント X 2000
8月交換券(2022) X 1
`*「Fate/Grand Order Fes. 2021 ～7th Anniversary～」配信番組連動キャンペーン報酬プレゼント*
*開催期間中、初回ログインで「聖晶石×100」をプレゼント！*
/webview/loginbonus/20220801_c7rt10/c7rt10_s_01.png
`聖晶石 X 100
`*7周年記念 ★5(SSR)概念礼装交換券プレゼント*
*開催期間中、初回ログインで「FGO 7th Anniversary ★5概念礼装チケット」をプレゼント！*
/webview/loginbonus/20220731_c7ssr5/c7ssr5_s_01.png
`FGO 7th Anniversary ★5概念礼装チケット X 1
`*7周年記念特別連続ログインボーナス*
*開催期間中、1日1回 最大7回 連続ログインボーナスをプレゼント！*
/webview/loginbonus/20220801_c777re/c777re_r_01.png
`叡智の業火 X 10
QP X 3000000
`*7周年記念特別回数ログインボーナス*
*開催期間中、1日1回 最大5回 回数ログインボーナスをプレゼント！*
/webview/loginbonus/20220801_c777ka/c777ka_k_01.png
`英霊結晶・流星のフォウくん X 1
``從者/禮裝數: 590 / 700`
_2022-07-31 19:39:45_
--------
`友情點數召喚累計2041次

`[d4825e10f75d83bc0cfb33b6768a8634]
`登入天數: 122天 / 1772天
等級: 19
石頭: 2180
呼符: 47
友情點: +0 / 1724430`
*連続ログイン3日目
※ログインが途切れるか、7日到達すると
1日目から再開されます*
`叡智の猛火 X 1
8月交換券(2022) X 1
`*「Fate/Grand Order Fes. 2021 ～7th Anniversary～」配信番組連動キャンペーン報酬プレゼント*
*開催期間中、初回ログインで「聖晶石×100」をプレゼント！*
/webview/loginbonus/20220801_c7rt10/c7rt10_s_01.png
`聖晶石 X 100
`*7周年記念 ★5(SSR)概念礼装交換券プレゼント*
*開催期間中、初回ログインで「FGO 7th Anniversary ★5概念礼装チケット」をプレゼント！*
/webview/loginbonus/20220731_c7ssr5/c7ssr5_s_01.png
`FGO 7th Anniversary ★5概念礼装チケット X 1
`*7周年記念特別連続ログインボーナス*
*開催期間中、1日1回 最大7回 連続ログインボーナスをプレゼント！*
/webview/loginbonus/20220801_c777re/c777re_r_01.png
`叡智の業火 X 10
QP X 3000000
`*7周年記念特別回数ログインボーナス*
*開催期間中、1日1回 最大5回 回数ログインボーナスをプレゼント！*
/webview/loginbonus/20220801_c777ka/c777ka_k_01.png
`英霊結晶・流星のフォウくん X 1
``從者/禮裝數: 534 / 703`
_2022-07-31 19:39:56_
--------
`友情點數召喚累計1550次

`[ff29db15be18f883ffccdf7ab23021a7]
`登入天數: 122天 / 1768天
等級: 18
石頭: 1569
呼符: 72
友情點: +0 / 1603400`
*連続ログイン3日目
※ログインが途切れるか、7日到達すると
1日目から再開されます*
`叡智の猛火 X 1
8月交換券(2022) X 1
`*「Fate/Grand Order Fes. 2021 ～7th Anniversary～」配信番組連動キャンペーン報酬プレゼント*
*開催期間中、初回ログインで「聖晶石×100」をプレゼント！*
/webview/loginbonus/20220801_c7rt10/c7rt10_s_01.png
`聖晶石 X 100
`*7周年記念 ★5(SSR)概念礼装交換券プレゼント*
*開催期間中、初回ログインで「FGO 7th Anniversary ★5概念礼装チケット」をプレゼント！*
/webview/loginbonus/20220731_c7ssr5/c7ssr5_s_01.png
`FGO 7th Anniversary ★5概念礼装チケット X 1
`*7周年記念特別連続ログインボーナス*
*開催期間中、1日1回 最大7回 連続ログインボーナスをプレゼント！*
/webview/loginbonus/20220801_c777re/c777re_r_01.png
`叡智の業火 X 10
QP X 3000000
`*7周年記念特別回数ログインボーナス*
*開催期間中、1日1回 最大5回 回数ログインボーナスをプレゼント！*
/webview/loginbonus/20220801_c777ka/c777ka_k_01.png
`英霊結晶・流星のフォウくん X 1
``從者/禮裝數: 629 / 700`
_2022-07-31 19:40:08_
--------
`友情點數召喚累計1490次

`[cc4787a257e3a46e268001195f780247]
`登入天數: 122天 / 1782天
等級: 18
石頭: 2184
呼符: 175
友情點: +0 / 1713900`
*連続ログイン3日目
※ログインが途切れるか、7日到達すると
1日目から再開されます*
`叡智の猛火 X 1
8月交換券(2022) X 1
`*「Fate/Grand Order Fes. 2021 ～7th Anniversary～」配信番組連動キャンペーン報酬プレゼント*
*開催期間中、初回ログインで「聖晶石×100」をプレゼント！*
/webview/loginbonus/20220801_c7rt10/c7rt10_s_01.png
`聖晶石 X 100
`*7周年記念 ★5(SSR)概念礼装交換券プレゼント*
*開催期間中、初回ログインで「FGO 7th Anniversary ★5概念礼装チケット」をプレゼント！*
/webview/loginbonus/20220731_c7ssr5/c7ssr5_s_01.png
`FGO 7th Anniversary ★5概念礼装チケット X 1
`*7周年記念特別連続ログインボーナス*
*開催期間中、1日1回 最大7回 連続ログインボーナスをプレゼント！*
/webview/loginbonus/20220801_c777re/c777re_r_01.png
`叡智の業火 X 10
QP X 3000000
`*7周年記念特別回数ログインボーナス*
*開催期間中、1日1回 最大5回 回数ログインボーナスをプレゼント！*
/webview/loginbonus/20220801_c777ka/c777ka_k_01.png
`英霊結晶・流星のフォウくん X 1
``從者/禮裝數: 681 / 694`
_2022-07-31 19:40:19_
--------
`友情點數召喚累計1470次

`[3f5599a008981ecf87f2dea9d1d83d6a]
`登入天數: 122天 / 1787天
等級: 18
石頭: 1985
呼符: 69
友情點: +0 / 1687775`
*連続ログイン3日目
※ログインが途切れるか、7日到達すると
1日目から再開されます*
`叡智の猛火 X 1
8月交換券(2022) X 1
`*「Fate/Grand Order Fes. 2021 ～7th Anniversary～」配信番組連動キャンペーン報酬プレゼント*
*開催期間中、初回ログインで「聖晶石×100」をプレゼント！*
/webview/loginbonus/20220801_c7rt10/c7rt10_s_01.png
`聖晶石 X 100
`*7周年記念 ★5(SSR)概念礼装交換券プレゼント*
*開催期間中、初回ログインで「FGO 7th Anniversary ★5概念礼装チケット」をプレゼント！*
/webview/loginbonus/20220731_c7ssr5/c7ssr5_s_01.png
`FGO 7th Anniversary ★5概念礼装チケット X 1
`*7周年記念特別連続ログインボーナス*
*開催期間中、1日1回 最大7回 連続ログインボーナスをプレゼント！*
/webview/loginbonus/20220801_c777re/c777re_r_01.png
`叡智の業火 X 10
QP X 3000000
`*7周年記念特別回数ログインボーナス*
*開催期間中、1日1回 最大5回 回数ログインボーナスをプレゼント！*
/webview/loginbonus/20220801_c777ka/c777ka_k_01.png
`英霊結晶・流星のフォウくん X 1
``從者/禮裝數: 542 / 701`
_2022-07-31 19:40:31_
--------
`友情點數召喚累計1390次

`[0d14e47d83c8b8400ed7555e0192724d]
`登入天數: 122天 / 1709天
等級: 20
石頭: 1060
呼符: 71
友情點: +0 / 1571750`
*連続ログイン3日目
※ログインが途切れるか、7日到達すると
1日目から再開されます*
`叡智の猛火 X 1
8月交換券(2022) X 1
`*「Fate/Grand Order Fes. 2021 ～7th Anniversary～」配信番組連動キャンペーン報酬プレゼント*
*開催期間中、初回ログインで「聖晶石×100」をプレゼント！*
/webview/loginbonus/20220801_c7rt10/c7rt10_s_01.png
`聖晶石 X 100
`*7周年記念 ★5(SSR)概念礼装交換券プレゼント*
*開催期間中、初回ログインで「FGO 7th Anniversary ★5概念礼装チケット」をプレゼント！*
/webview/loginbonus/20220731_c7ssr5/c7ssr5_s_01.png
`FGO 7th Anniversary ★5概念礼装チケット X 1
`*7周年記念特別連続ログインボーナス*
*開催期間中、1日1回 最大7回 連続ログインボーナスをプレゼント！*
/webview/loginbonus/20220801_c777re/c777re_r_01.png
`叡智の業火 X 10
QP X 3000000
`*7周年記念特別回数ログインボーナス*
*開催期間中、1日1回 最大5回 回数ログインボーナスをプレゼント！*
/webview/loginbonus/20220801_c777ka/c777ka_k_01.png
`英霊結晶・流星のフォウくん X 1
``從者/禮裝數: 583 / 700`
_2022-07-31 19:40:42_
--------
`友情點數召喚累計1340次

`[d4c10e20929a4c973210db1453668b11]
`登入天數: 122天 / 1715天
等級: 19
石頭: 1673
呼符: 67
友情點: +0 / 1549745`
*連続ログイン3日目
※ログインが途切れるか、7日到達すると
1日目から再開されます*
`叡智の猛火 X 1
8月交換券(2022) X 1
`*「Fate/Grand Order Fes. 2021 ～7th Anniversary～」配信番組連動キャンペーン報酬プレゼント*
*開催期間中、初回ログインで「聖晶石×100」をプレゼント！*
/webview/loginbonus/20220801_c7rt10/c7rt10_s_01.png
`聖晶石 X 100
`*7周年記念 ★5(SSR)概念礼装交換券プレゼント*
*開催期間中、初回ログインで「FGO 7th Anniversary ★5概念礼装チケット」をプレゼント！*
/webview/loginbonus/20220731_c7ssr5/c7ssr5_s_01.png
`FGO 7th Anniversary ★5概念礼装チケット X 1
`*7周年記念特別連続ログインボーナス*
*開催期間中、1日1回 最大7回 連続ログインボーナスをプレゼント！*
/webview/loginbonus/20220801_c777re/c777re_r_01.png
`叡智の業火 X 10
QP X 3000000
`*7周年記念特別回数ログインボーナス*
*開催期間中、1日1回 最大5回 回数ログインボーナスをプレゼント！*
/webview/loginbonus/20220801_c777ka/c777ka_k_01.png
`英霊結晶・流星のフォウくん X 1
``從者/禮裝數: 690 / 732`
_2022-07-31 19:40:54_
--------
`友情點數召喚累計1300次

`[f0cc4e7ae2d4b30013f328b2cf7d6063]
`登入天數: 122天 / 1724天
等級: 20
石頭: 449
呼符: 66
友情點: +0 / 1549320`
*連続ログイン3日目
※ログインが途切れるか、7日到達すると
1日目から再開されます*
`叡智の猛火 X 1
8月交換券(2022) X 1
`*「Fate/Grand Order Fes. 2021 ～7th Anniversary～」配信番組連動キャンペーン報酬プレゼント*
*開催期間中、初回ログインで「聖晶石×100」をプレゼント！*
/webview/loginbonus/20220801_c7rt10/c7rt10_s_01.png
`聖晶石 X 100
`*7周年記念 ★5(SSR)概念礼装交換券プレゼント*
*開催期間中、初回ログインで「FGO 7th Anniversary ★5概念礼装チケット」をプレゼント！*
/webview/loginbonus/20220731_c7ssr5/c7ssr5_s_01.png
`FGO 7th Anniversary ★5概念礼装チケット X 1
`*7周年記念特別連続ログインボーナス*
*開催期間中、1日1回 最大7回 連続ログインボーナスをプレゼント！*
/webview/loginbonus/20220801_c777re/c777re_r_01.png
`叡智の業火 X 10
QP X 3000000
`*7周年記念特別回数ログインボーナス*
*開催期間中、1日1回 最大5回 回数ログインボーナスをプレゼント！*
/webview/loginbonus/20220801_c777ka/c777ka_k_01.png
`英霊結晶・流星のフォウくん X 1
``從者/禮裝數: 585 / 703`
_2022-07-31 19:41:05_
--------
`友情點數召喚累計1282次

`[48a14ba1dd858b92594b71e0ed7d5311]
`登入天數: 122天 / 1716天
等級: 20
石頭: 1577
呼符: 90
友情點: +0 / 1458640`
*連続ログイン3日目
※ログインが途切れるか、7日到達すると
1日目から再開されます*
`叡智の猛火 X 1
8月交換券(2022) X 1
`*「Fate/Grand Order Fes. 2021 ～7th Anniversary～」配信番組連動キャンペーン報酬プレゼント*
*開催期間中、初回ログインで「聖晶石×100」をプレゼント！*
/webview/loginbonus/20220801_c7rt10/c7rt10_s_01.png
`聖晶石 X 100
`*7周年記念 ★5(SSR)概念礼装交換券プレゼント*
*開催期間中、初回ログインで「FGO 7th Anniversary ★5概念礼装チケット」をプレゼント！*
/webview/loginbonus/20220731_c7ssr5/c7ssr5_s_01.png
`FGO 7th Anniversary ★5概念礼装チケット X 1
`*7周年記念特別連続ログインボーナス*
*開催期間中、1日1回 最大7回 連続ログインボーナスをプレゼント！*
/webview/loginbonus/20220801_c777re/c777re_r_01.png
`叡智の業火 X 10
QP X 3000000
`*7周年記念特別回数ログインボーナス*
*開催期間中、1日1回 最大5回 回数ログインボーナスをプレゼント！*
/webview/loginbonus/20220801_c777ka/c777ka_k_01.png
`英霊結晶・流星のフォウくん X 1
``從者/禮裝數: 559 / 705`
_2022-07-31 19:41:16_
--------
`友情點數召喚累計1140次

`