【登入訊息】
[c5ab1b78563b1f9e4ee17ab01234bc5e]
`登入天數: 233天 / 1584天
等級: 92
石頭: 2258
呼符: 206
友情點: +0 / 1591145`
*連続ログイン2日目
※ログインが途切れるか、7日到達すると
1日目から再開されます*
`聖晶石 X 1
8月交換券(2022) X 1
`*7周年記念特別連続ログインボーナス*
*開催期間中、1日1回 最大7回 連続ログインボーナスをプレゼント！*
/webview/loginbonus/20220801_c777re/c777re_r_02.png
`QP X 3000000
フレンドポイント X 100000
`*7周年記念特別回数ログインボーナス*
*開催期間中、1日1回 最大5回 回数ログインボーナスをプレゼント！*
/webview/loginbonus/20220801_c777ka/c777ka_k_02.png
`英霊結晶・日輪のフォウくん X 1
``從者/禮裝數: 594 / 703`
_2022-08-01 19:39:03_
--------
`友情點數召喚累計2051次

`[d4825e10f75d83bc0cfb33b6768a8634]
`登入天數: 123天 / 1773天
等級: 19
石頭: 2180
呼符: 47
友情點: +0 / 1724430`
*連続ログイン4日目
※ログインが途切れるか、7日到達すると
1日目から再開されます*
`聖晶石 X 1
8月交換券(2022) X 1
`*7周年記念特別連続ログインボーナス*
*開催期間中、1日1回 最大7回 連続ログインボーナスをプレゼント！*
/webview/loginbonus/20220801_c777re/c777re_r_02.png
`QP X 3000000
フレンドポイント X 100000
`*7周年記念特別回数ログインボーナス*
*開催期間中、1日1回 最大5回 回数ログインボーナスをプレゼント！*
/webview/loginbonus/20220801_c777ka/c777ka_k_02.png
`英霊結晶・日輪のフォウくん X 1
``從者/禮裝數: 536 / 708`
_2022-08-01 19:39:14_
--------
`友情點數召喚累計1560次

`[ff29db15be18f883ffccdf7ab23021a7]
`登入天數: 123天 / 1769天
等級: 18
石頭: 1569
呼符: 72
友情點: +0 / 1603400`
*連続ログイン4日目
※ログインが途切れるか、7日到達すると
1日目から再開されます*
`聖晶石 X 1
8月交換券(2022) X 1
`*7周年記念特別連続ログインボーナス*
*開催期間中、1日1回 最大7回 連続ログインボーナスをプレゼント！*
/webview/loginbonus/20220801_c777re/c777re_r_02.png
`QP X 3000000
フレンドポイント X 100000
`*7周年記念特別回数ログインボーナス*
*開催期間中、1日1回 最大5回 回数ログインボーナスをプレゼント！*
/webview/loginbonus/20220801_c777ka/c777ka_k_02.png
`英霊結晶・日輪のフォウくん X 1
``從者/禮裝數: 633 / 703`
_2022-08-01 19:39:25_
--------
`友情點數召喚累計1500次

`[cc4787a257e3a46e268001195f780247]
`登入天數: 123天 / 1783天
等級: 18
石頭: 2184
呼符: 175
友情點: +0 / 1713900`
*連続ログイン4日目
※ログインが途切れるか、7日到達すると
1日目から再開されます*
`聖晶石 X 1
8月交換券(2022) X 1
`*7周年記念特別連続ログインボーナス*
*開催期間中、1日1回 最大7回 連続ログインボーナスをプレゼント！*
/webview/loginbonus/20220801_c777re/c777re_r_02.png
`QP X 3000000
フレンドポイント X 100000
`*7周年記念特別回数ログインボーナス*
*開催期間中、1日1回 最大5回 回数ログインボーナスをプレゼント！*
/webview/loginbonus/20220801_c777ka/c777ka_k_02.png
`英霊結晶・日輪のフォウくん X 1
``從者/禮裝數: 682 / 699`
_2022-08-01 19:39:35_
--------
`友情點數召喚累計1480次

`[3f5599a008981ecf87f2dea9d1d83d6a]
`登入天數: 123天 / 1788天
等級: 18
石頭: 1985
呼符: 69
友情點: +0 / 1687775`
*連続ログイン4日目
※ログインが途切れるか、7日到達すると
1日目から再開されます*
`聖晶石 X 1
8月交換券(2022) X 1
`*7周年記念特別連続ログインボーナス*
*開催期間中、1日1回 最大7回 連続ログインボーナスをプレゼント！*
/webview/loginbonus/20220801_c777re/c777re_r_02.png
`QP X 3000000
フレンドポイント X 100000
`*7周年記念特別回数ログインボーナス*
*開催期間中、1日1回 最大5回 回数ログインボーナスをプレゼント！*
/webview/loginbonus/20220801_c777ka/c777ka_k_02.png
`英霊結晶・日輪のフォウくん X 1
``從者/禮裝數: 543 / 708`
_2022-08-01 19:39:46_
--------
`友情點數召喚累計1400次

`[0d14e47d83c8b8400ed7555e0192724d]
`登入天數: 123天 / 1710天
等級: 20
石頭: 1060
呼符: 71
友情點: +0 / 1571750`
*連続ログイン4日目
※ログインが途切れるか、7日到達すると
1日目から再開されます*
`聖晶石 X 1
8月交換券(2022) X 1
`*7周年記念特別連続ログインボーナス*
*開催期間中、1日1回 最大7回 連続ログインボーナスをプレゼント！*
/webview/loginbonus/20220801_c777re/c777re_r_02.png
`QP X 3000000
フレンドポイント X 100000
`*7周年記念特別回数ログインボーナス*
*開催期間中、1日1回 最大5回 回数ログインボーナスをプレゼント！*
/webview/loginbonus/20220801_c777ka/c777ka_k_02.png
`英霊結晶・日輪のフォウくん X 1
``從者/禮裝數: 586 / 704`
_2022-08-01 19:39:56_
--------
`友情點數召喚累計1350次

`[d4c10e20929a4c973210db1453668b11]
`登入天數: 123天 / 1716天
等級: 19
石頭: 1673
呼符: 67
友情點: +0 / 1549745`
*連続ログイン4日目
※ログインが途切れるか、7日到達すると
1日目から再開されます*
`聖晶石 X 1
8月交換券(2022) X 1
`*7周年記念特別連続ログインボーナス*
*開催期間中、1日1回 最大7回 連続ログインボーナスをプレゼント！*
/webview/loginbonus/20220801_c777re/c777re_r_02.png
`QP X 3000000
フレンドポイント X 100000
`*7周年記念特別回数ログインボーナス*
*開催期間中、1日1回 最大5回 回数ログインボーナスをプレゼント！*
/webview/loginbonus/20220801_c777ka/c777ka_k_02.png
`英霊結晶・日輪のフォウくん X 1
``從者/禮裝數: 692 / 737`
_2022-08-01 19:40:07_
--------
`友情點數召喚累計1310次

`[f0cc4e7ae2d4b30013f328b2cf7d6063]
`登入天數: 123天 / 1725天
等級: 20
石頭: 449
呼符: 66
友情點: +0 / 1549320`
*連続ログイン4日目
※ログインが途切れるか、7日到達すると
1日目から再開されます*
`聖晶石 X 1
8月交換券(2022) X 1
`*7周年記念特別連続ログインボーナス*
*開催期間中、1日1回 最大7回 連続ログインボーナスをプレゼント！*
/webview/loginbonus/20220801_c777re/c777re_r_02.png
`QP X 3000000
フレンドポイント X 100000
`*7周年記念特別回数ログインボーナス*
*開催期間中、1日1回 最大5回 回数ログインボーナスをプレゼント！*
/webview/loginbonus/20220801_c777ka/c777ka_k_02.png
`英霊結晶・日輪のフォウくん X 1
``從者/禮裝數: 589 / 707`
_2022-08-01 19:40:18_
--------
`友情點數召喚累計1292次

`[48a14ba1dd858b92594b71e0ed7d5311]
`登入天數: 123天 / 1717天
等級: 20
石頭: 1577
呼符: 90
友情點: +0 / 1458640`
*連続ログイン4日目
※ログインが途切れるか、7日到達すると
1日目から再開されます*
`聖晶石 X 1
8月交換券(2022) X 1
`*7周年記念特別連続ログインボーナス*
*開催期間中、1日1回 最大7回 連続ログインボーナスをプレゼント！*
/webview/loginbonus/20220801_c777re/c777re_r_02.png
`QP X 3000000
フレンドポイント X 100000
`*7周年記念特別回数ログインボーナス*
*開催期間中、1日1回 最大5回 回数ログインボーナスをプレゼント！*
/webview/loginbonus/20220801_c777ka/c777ka_k_02.png
`英霊結晶・日輪のフォウくん X 1
``從者/禮裝數: 560 / 710`
_2022-08-01 19:40:29_
--------
`友情點數召喚累計1150次

`