【登入訊息】
[c5ab1b78563b1f9e4ee17ab01234bc5e]
`登入天數: 234天 / 1585天
等級: 92
石頭: 2258
呼符: 206
友情點: +0 / 1591145`
*連続ログイン3日目
※ログインが途切れるか、7日到達すると
1日目から再開されます*
`叡智の猛火 X 1
8月交換券(2022) X 1
`*7周年記念特別連続ログインボーナス*
*開催期間中、1日1回 最大7回 連続ログインボーナスをプレゼント！*
/webview/loginbonus/20220801_c777re/c777re_r_03.png
`QP X 3000000
星見のティーポット X 10
`*7周年記念特別回数ログインボーナス*
*開催期間中、1日1回 最大5回 回数ログインボーナスをプレゼント！*
/webview/loginbonus/20220801_c777ka/c777ka_k_03.png
`カルデアの夢火 X 1
``從者/禮裝數: 595 / 710`
_2022-08-02 19:38:53_
--------
`友情點數召喚累計2061次

`[d4825e10f75d83bc0cfb33b6768a8634]
`登入天數: 124天 / 1774天
等級: 19
石頭: 2180
呼符: 47
友情點: +0 / 1724430`
*連続ログイン5日目
※ログインが途切れるか、7日到達すると
1日目から再開されます*
`叡智の猛火 X 2
8月交換券(2022) X 1
`*7周年記念特別連続ログインボーナス*
*開催期間中、1日1回 最大7回 連続ログインボーナスをプレゼント！*
/webview/loginbonus/20220801_c777re/c777re_r_03.png
`QP X 3000000
星見のティーポット X 10
`*7周年記念特別回数ログインボーナス*
*開催期間中、1日1回 最大5回 回数ログインボーナスをプレゼント！*
/webview/loginbonus/20220801_c777ka/c777ka_k_03.png
`カルデアの夢火 X 1
``從者/禮裝數: 538 / 715`
_2022-08-02 19:39:05_
--------
`友情點數召喚累計1570次

`[ff29db15be18f883ffccdf7ab23021a7]
`登入天數: 124天 / 1770天
等級: 18
石頭: 1569
呼符: 72
友情點: +0 / 1603400`
*連続ログイン5日目
※ログインが途切れるか、7日到達すると
1日目から再開されます*
`叡智の猛火 X 2
8月交換券(2022) X 1
`*7周年記念特別連続ログインボーナス*
*開催期間中、1日1回 最大7回 連続ログインボーナスをプレゼント！*
/webview/loginbonus/20220801_c777re/c777re_r_03.png
`QP X 3000000
星見のティーポット X 10
`*7周年記念特別回数ログインボーナス*
*開催期間中、1日1回 最大5回 回数ログインボーナスをプレゼント！*
/webview/loginbonus/20220801_c777ka/c777ka_k_03.png
`カルデアの夢火 X 1
``從者/禮裝數: 636 / 707`
_2022-08-02 19:39:16_
--------
`友情點數召喚累計1510次

`[cc4787a257e3a46e268001195f780247]
`登入天數: 124天 / 1784天
等級: 18
石頭: 2184
呼符: 175
友情點: +0 / 1713900`
*連続ログイン5日目
※ログインが途切れるか、7日到達すると
1日目から再開されます*
`叡智の猛火 X 2
8月交換券(2022) X 1
`*7周年記念特別連続ログインボーナス*
*開催期間中、1日1回 最大7回 連続ログインボーナスをプレゼント！*
/webview/loginbonus/20220801_c777re/c777re_r_03.png
`QP X 3000000
星見のティーポット X 10
`*7周年記念特別回数ログインボーナス*
*開催期間中、1日1回 最大5回 回数ログインボーナスをプレゼント！*
/webview/loginbonus/20220801_c777ka/c777ka_k_03.png
`カルデアの夢火 X 1
``從者/禮裝數: 687 / 702`
_2022-08-02 19:39:27_
--------
`友情點數召喚累計1490次

`[3f5599a008981ecf87f2dea9d1d83d6a]
`登入天數: 124天 / 1789天
等級: 18
石頭: 1985
呼符: 69
友情點: +0 / 1687775`
*連続ログイン5日目
※ログインが途切れるか、7日到達すると
1日目から再開されます*
`叡智の猛火 X 2
8月交換券(2022) X 1
`*7周年記念特別連続ログインボーナス*
*開催期間中、1日1回 最大7回 連続ログインボーナスをプレゼント！*
/webview/loginbonus/20220801_c777re/c777re_r_03.png
`QP X 3000000
星見のティーポット X 10
`*7周年記念特別回数ログインボーナス*
*開催期間中、1日1回 最大5回 回数ログインボーナスをプレゼント！*
/webview/loginbonus/20220801_c777ka/c777ka_k_03.png
`カルデアの夢火 X 1
``從者/禮裝數: 545 / 714`
_2022-08-02 19:39:38_
--------
`友情點數召喚累計1410次

`[0d14e47d83c8b8400ed7555e0192724d]
`登入天數: 124天 / 1711天
等級: 20
石頭: 1060
呼符: 71
友情點: +0 / 1571750`
*連続ログイン5日目
※ログインが途切れるか、7日到達すると
1日目から再開されます*
`叡智の猛火 X 2
8月交換券(2022) X 1
`*7周年記念特別連続ログインボーナス*
*開催期間中、1日1回 最大7回 連続ログインボーナスをプレゼント！*
/webview/loginbonus/20220801_c777re/c777re_r_03.png
`QP X 3000000
星見のティーポット X 10
`*7周年記念特別回数ログインボーナス*
*開催期間中、1日1回 最大5回 回数ログインボーナスをプレゼント！*
/webview/loginbonus/20220801_c777ka/c777ka_k_03.png
`カルデアの夢火 X 1
``從者/禮裝數: 589 / 710`
_2022-08-02 19:39:49_
--------
`友情點數召喚累計1360次

`[d4c10e20929a4c973210db1453668b11]
`登入天數: 124天 / 1717天
等級: 19
石頭: 1673
呼符: 67
友情點: +0 / 1549745`
*連続ログイン5日目
※ログインが途切れるか、7日到達すると
1日目から再開されます*
`叡智の猛火 X 2
8月交換券(2022) X 1
`*7周年記念特別連続ログインボーナス*
*開催期間中、1日1回 最大7回 連続ログインボーナスをプレゼント！*
/webview/loginbonus/20220801_c777re/c777re_r_03.png
`QP X 3000000
星見のティーポット X 10
`*7周年記念特別回数ログインボーナス*
*開催期間中、1日1回 最大5回 回数ログインボーナスをプレゼント！*
/webview/loginbonus/20220801_c777ka/c777ka_k_03.png
`カルデアの夢火 X 1
``從者/禮裝數: 695 / 742`
_2022-08-02 19:40:01_
--------
`友情點數召喚累計1320次

`[f0cc4e7ae2d4b30013f328b2cf7d6063]
`登入天數: 124天 / 1726天
等級: 20
石頭: 449
呼符: 66
友情點: +0 / 1549320`
*連続ログイン5日目
※ログインが途切れるか、7日到達すると
1日目から再開されます*
`叡智の猛火 X 2
8月交換券(2022) X 1
`*7周年記念特別連続ログインボーナス*
*開催期間中、1日1回 最大7回 連続ログインボーナスをプレゼント！*
/webview/loginbonus/20220801_c777re/c777re_r_03.png
`QP X 3000000
星見のティーポット X 10
`*7周年記念特別回数ログインボーナス*
*開催期間中、1日1回 最大5回 回数ログインボーナスをプレゼント！*
/webview/loginbonus/20220801_c777ka/c777ka_k_03.png
`カルデアの夢火 X 1
``從者/禮裝數: 594 / 711`
_2022-08-02 19:40:13_
--------
`友情點數召喚累計1302次

`[48a14ba1dd858b92594b71e0ed7d5311]
`登入天數: 124天 / 1718天
等級: 20
石頭: 1577
呼符: 90
友情點: +0 / 1458640`
*連続ログイン5日目
※ログインが途切れるか、7日到達すると
1日目から再開されます*
`叡智の猛火 X 2
8月交換券(2022) X 1
`*7周年記念特別連続ログインボーナス*
*開催期間中、1日1回 最大7回 連続ログインボーナスをプレゼント！*
/webview/loginbonus/20220801_c777re/c777re_r_03.png
`QP X 3000000
星見のティーポット X 10
`*7周年記念特別回数ログインボーナス*
*開催期間中、1日1回 最大5回 回数ログインボーナスをプレゼント！*
/webview/loginbonus/20220801_c777ka/c777ka_k_03.png
`カルデアの夢火 X 1
``從者/禮裝數: 562 / 715`
_2022-08-02 19:40:24_
--------
`友情點數召喚累計1160次

`