【登入訊息】
[c5ab1b78563b1f9e4ee17ab01234bc5e]
`登入天數: 235天 / 1586天
等級: 92
石頭: 2258
呼符: 206
友情點: +0 / 1591145`
*連続ログイン4日目
※ログインが途切れるか、7日到達すると
1日目から再開されます*
`聖晶石 X 1
8月交換券(2022) X 1
`*7周年記念特別連続ログインボーナス*
*開催期間中、1日1回 最大7回 連続ログインボーナスをプレゼント！*
/webview/loginbonus/20220801_c777re/c777re_r_04.png
`QP X 3000000
マナプリズム X 100
`*7周年記念特別回数ログインボーナス*
*開催期間中、1日1回 最大5回 回数ログインボーナスをプレゼント！*
/webview/loginbonus/20220801_c777ka/c777ka_k_04.png
`レアプリズム X 1
``從者/禮裝數: 597 / 717`
_2022-08-03 19:38:48_
--------
`友情點數召喚累計2071次

`[d4825e10f75d83bc0cfb33b6768a8634]
`登入天數: 125天 / 1775天
等級: 19
石頭: 2180
呼符: 47
友情點: +0 / 1724430`
*連続ログイン6日目
※ログインが途切れるか、7日到達すると
1日目から再開されます*
`聖晶石 X 2
8月交換券(2022) X 1
`*7周年記念特別連続ログインボーナス*
*開催期間中、1日1回 最大7回 連続ログインボーナスをプレゼント！*
/webview/loginbonus/20220801_c777re/c777re_r_04.png
`QP X 3000000
マナプリズム X 100
`*7周年記念特別回数ログインボーナス*
*開催期間中、1日1回 最大5回 回数ログインボーナスをプレゼント！*
/webview/loginbonus/20220801_c777ka/c777ka_k_04.png
`レアプリズム X 1
``從者/禮裝數: 539 / 723`
_2022-08-03 19:38:59_
--------
`友情點數召喚累計1580次

`[ff29db15be18f883ffccdf7ab23021a7]
`登入天數: 125天 / 1771天
等級: 18
石頭: 1569
呼符: 72
友情點: +10 / 1603410`
*連続ログイン6日目
※ログインが途切れるか、7日到達すると
1日目から再開されます*
`聖晶石 X 2
8月交換券(2022) X 1
`*7周年記念特別連続ログインボーナス*
*開催期間中、1日1回 最大7回 連続ログインボーナスをプレゼント！*
/webview/loginbonus/20220801_c777re/c777re_r_04.png
`QP X 3000000
マナプリズム X 100
`*7周年記念特別回数ログインボーナス*
*開催期間中、1日1回 最大5回 回数ログインボーナスをプレゼント！*
/webview/loginbonus/20220801_c777ka/c777ka_k_04.png
`レアプリズム X 1
``從者/禮裝數: 640 / 713`
_2022-08-03 19:39:11_
--------
`友情點數召喚累計1520次

`[cc4787a257e3a46e268001195f780247]
`登入天數: 125天 / 1785天
等級: 18
石頭: 2184
呼符: 175
友情點: +0 / 1713900`
*連続ログイン6日目
※ログインが途切れるか、7日到達すると
1日目から再開されます*
`聖晶石 X 2
8月交換券(2022) X 1
`*7周年記念特別連続ログインボーナス*
*開催期間中、1日1回 最大7回 連続ログインボーナスをプレゼント！*
/webview/loginbonus/20220801_c777re/c777re_r_04.png
`QP X 3000000
マナプリズム X 100
`*7周年記念特別回数ログインボーナス*
*開催期間中、1日1回 最大5回 回数ログインボーナスをプレゼント！*
/webview/loginbonus/20220801_c777ka/c777ka_k_04.png
`レアプリズム X 1
``從者/禮裝數: 691 / 707`
_2022-08-03 19:39:22_
--------
`友情點數召喚累計1500次

`[3f5599a008981ecf87f2dea9d1d83d6a]
`登入天數: 125天 / 1790天
等級: 18
石頭: 1985
呼符: 69
友情點: +0 / 1687775`
*連続ログイン6日目
※ログインが途切れるか、7日到達すると
1日目から再開されます*
`聖晶石 X 2
8月交換券(2022) X 1
`*7周年記念特別連続ログインボーナス*
*開催期間中、1日1回 最大7回 連続ログインボーナスをプレゼント！*
/webview/loginbonus/20220801_c777re/c777re_r_04.png
`QP X 3000000
マナプリズム X 100
`*7周年記念特別回数ログインボーナス*
*開催期間中、1日1回 最大5回 回数ログインボーナスをプレゼント！*
/webview/loginbonus/20220801_c777ka/c777ka_k_04.png
`レアプリズム X 1
``從者/禮裝數: 548 / 717`
_2022-08-03 19:39:33_
--------
`友情點數召喚累計1420次

`[0d14e47d83c8b8400ed7555e0192724d]
`登入天數: 125天 / 1712天
等級: 20
石頭: 1060
呼符: 71
友情點: +0 / 1571750`
*連続ログイン6日目
※ログインが途切れるか、7日到達すると
1日目から再開されます*
`聖晶石 X 2
8月交換券(2022) X 1
`*7周年記念特別連続ログインボーナス*
*開催期間中、1日1回 最大7回 連続ログインボーナスをプレゼント！*
/webview/loginbonus/20220801_c777re/c777re_r_04.png
`QP X 3000000
マナプリズム X 100
`*7周年記念特別回数ログインボーナス*
*開催期間中、1日1回 最大5回 回数ログインボーナスをプレゼント！*
/webview/loginbonus/20220801_c777ka/c777ka_k_04.png
`レアプリズム X 1
``從者/禮裝數: 591 / 716`
_2022-08-03 19:39:45_
--------
`友情點數召喚累計1370次

`[d4c10e20929a4c973210db1453668b11]
`登入天數: 125天 / 1718天
等級: 19
石頭: 1673
呼符: 67
友情點: +0 / 1549745`
*連続ログイン6日目
※ログインが途切れるか、7日到達すると
1日目から再開されます*
`聖晶石 X 2
8月交換券(2022) X 1
`*7周年記念特別連続ログインボーナス*
*開催期間中、1日1回 最大7回 連続ログインボーナスをプレゼント！*
/webview/loginbonus/20220801_c777re/c777re_r_04.png
`QP X 3000000
マナプリズム X 100
`*7周年記念特別回数ログインボーナス*
*開催期間中、1日1回 最大5回 回数ログインボーナスをプレゼント！*
/webview/loginbonus/20220801_c777ka/c777ka_k_04.png
`レアプリズム X 1
``從者/禮裝數: 696 / 750`
_2022-08-03 19:39:57_
--------
`友情點數召喚累計1330次

`[f0cc4e7ae2d4b30013f328b2cf7d6063]
`登入天數: 125天 / 1727天
等級: 20
石頭: 449
呼符: 66
友情點: +0 / 1549320`
*連続ログイン6日目
※ログインが途切れるか、7日到達すると
1日目から再開されます*
`聖晶石 X 2
8月交換券(2022) X 1
`*7周年記念特別連続ログインボーナス*
*開催期間中、1日1回 最大7回 連続ログインボーナスをプレゼント！*
/webview/loginbonus/20220801_c777re/c777re_r_04.png
`QP X 3000000
マナプリズム X 100
`*7周年記念特別回数ログインボーナス*
*開催期間中、1日1回 最大5回 回数ログインボーナスをプレゼント！*
/webview/loginbonus/20220801_c777ka/c777ka_k_04.png
`レアプリズム X 1
``從者/禮裝數: 595 / 717`
_2022-08-03 19:40:08_
--------
`友情點數召喚累計1312次

`[48a14ba1dd858b92594b71e0ed7d5311]
`登入天數: 125天 / 1719天
等級: 20
石頭: 1577
呼符: 90
友情點: +0 / 1458640`
*連続ログイン6日目
※ログインが途切れるか、7日到達すると
1日目から再開されます*
`聖晶石 X 2
8月交換券(2022) X 1
`*7周年記念特別連続ログインボーナス*
*開催期間中、1日1回 最大7回 連続ログインボーナスをプレゼント！*
/webview/loginbonus/20220801_c777re/c777re_r_04.png
`QP X 3000000
マナプリズム X 100
`*7周年記念特別回数ログインボーナス*
*開催期間中、1日1回 最大5回 回数ログインボーナスをプレゼント！*
/webview/loginbonus/20220801_c777ka/c777ka_k_04.png
`レアプリズム X 1
``從者/禮裝數: 566 / 719`
_2022-08-03 19:40:19_
--------
`友情點數召喚累計1170次

`