【登入訊息】
[c5ab1b78563b1f9e4ee17ab01234bc5e]
`登入天數: 237天 / 1588天
等級: 92
石頭: 2258
呼符: 206
友情點: +0 / 1591145`
*連続ログイン6日目
※ログインが途切れるか、7日到達すると
1日目から再開されます*
`聖晶石 X 2
8月交換券(2022) X 1
`*7周年記念特別連続ログインボーナス*
*開催期間中、1日1回 最大7回 連続ログインボーナスをプレゼント！*
/webview/loginbonus/20220801_c777re/c777re_r_06.png
`英霊結晶・星のフォウくん X 10
QP X 3000000
``從者/禮裝數: 603 / 728`
_2022-08-05 19:39:50_
--------
`友情點數召喚累計2091次

`[d4825e10f75d83bc0cfb33b6768a8634]
`登入天數: 127天 / 1777天
等級: 19
石頭: 2180
呼符: 47
友情點: +0 / 1724430`
*連続ログイン1日目
※ログインが途切れるか、7日到達すると
1日目から再開されます*
`フレンドポイント X 2000
8月交換券(2022) X 1
`*7周年記念特別連続ログインボーナス*
*開催期間中、1日1回 最大7回 連続ログインボーナスをプレゼント！*
/webview/loginbonus/20220801_c777re/c777re_r_06.png
`英霊結晶・星のフォウくん X 10
QP X 3000000
``從者/禮裝數: 545 / 735`
_2022-08-05 19:40:01_
--------
`友情點數召喚累計1600次

`[ff29db15be18f883ffccdf7ab23021a7]
`登入天數: 127天 / 1773天
等級: 18
石頭: 1569
呼符: 72
友情點: +0 / 1603410`
*連続ログイン1日目
※ログインが途切れるか、7日到達すると
1日目から再開されます*
`フレンドポイント X 2000
8月交換券(2022) X 1
`*7周年記念特別連続ログインボーナス*
*開催期間中、1日1回 最大7回 連続ログインボーナスをプレゼント！*
/webview/loginbonus/20220801_c777re/c777re_r_06.png
`英霊結晶・星のフォウくん X 10
QP X 3000000
``從者/禮裝數: 646 / 724`
_2022-08-05 19:40:13_
--------
`友情點數召喚累計1540次

`[cc4787a257e3a46e268001195f780247]
`登入天數: 127天 / 1787天
等級: 18
石頭: 2184
呼符: 175
友情點: +0 / 1713900`
*連続ログイン1日目
※ログインが途切れるか、7日到達すると
1日目から再開されます*
`フレンドポイント X 2000
8月交換券(2022) X 1
`*7周年記念特別連続ログインボーナス*
*開催期間中、1日1回 最大7回 連続ログインボーナスをプレゼント！*
/webview/loginbonus/20220801_c777re/c777re_r_06.png
`英霊結晶・星のフォウくん X 10
QP X 3000000
``從者/禮裝數: 695 / 717`
_2022-08-05 19:40:24_
--------
`友情點數召喚累計1520次

`[3f5599a008981ecf87f2dea9d1d83d6a]
`登入天數: 127天 / 1792天
等級: 18
石頭: 1985
呼符: 69
友情點: +0 / 1687775`
*連続ログイン1日目
※ログインが途切れるか、7日到達すると
1日目から再開されます*
`フレンドポイント X 2000
8月交換券(2022) X 1
`*7周年記念特別連続ログインボーナス*
*開催期間中、1日1回 最大7回 連続ログインボーナスをプレゼント！*
/webview/loginbonus/20220801_c777re/c777re_r_06.png
`英霊結晶・星のフォウくん X 10
QP X 3000000
``從者/禮裝數: 556 / 727`
_2022-08-05 19:40:35_
--------
`友情點數召喚累計1440次

`[0d14e47d83c8b8400ed7555e0192724d]
`登入天數: 127天 / 1714天
等級: 20
石頭: 1255
呼符: 71
友情點: +0 / 1685750`
`從者/禮裝數: 643 / 610`
_2022-08-05 19:40:46_
--------
`友情點數召喚累計1390次

`[d4c10e20929a4c973210db1453668b11]
`登入天數: 127天 / 1720天
等級: 19
石頭: 1502
呼符: 0
友情點: +0 / 1659745`
*連続ログイン1日目
※ログインが途切れるか、7日到達すると
1日目から再開されます*
`フレンドポイント X 2000
8月交換券(2022) X 1
`*7周年記念特別連続ログインボーナス*
*開催期間中、1日1回 最大7回 連続ログインボーナスをプレゼント！*
/webview/loginbonus/20220801_c777re/c777re_r_06.png
`英霊結晶・星のフォウくん X 10
QP X 3000000
``從者/禮裝數: 659 / 647`
_2022-08-05 19:40:57_
--------
`友情點數召喚累計1350次

`[f0cc4e7ae2d4b30013f328b2cf7d6063]
`登入天數: 127天 / 1729天
等級: 20
石頭: 644
呼符: 51
友情點: +0 / 1663320`
*連続ログイン1日目
※ログインが途切れるか、7日到達すると
1日目から再開されます*
`フレンドポイント X 2000
8月交換券(2022) X 1
`*7周年記念特別連続ログインボーナス*
*開催期間中、1日1回 最大7回 連続ログインボーナスをプレゼント！*
/webview/loginbonus/20220801_c777re/c777re_r_06.png
`英霊結晶・星のフォウくん X 10
QP X 3000000
``從者/禮裝數: 662 / 627`
_2022-08-05 19:41:08_
--------
`友情點數召喚累計1332次

`[48a14ba1dd858b92594b71e0ed7d5311]
`登入天數: 127天 / 1721天
等級: 20
石頭: 1742
呼符: 111
友情點: +0 / 1572640`
*連続ログイン1日目
※ログインが途切れるか、7日到達すると
1日目から再開されます*
`フレンドポイント X 2000
8月交換券(2022) X 1
`*7周年記念特別連続ログインボーナス*
*開催期間中、1日1回 最大7回 連続ログインボーナスをプレゼント！*
/webview/loginbonus/20220801_c777re/c777re_r_06.png
`英霊結晶・星のフォウくん X 10
QP X 3000000
``從者/禮裝數: 616 / 620`
_2022-08-05 19:41:19_
--------
`友情點數召喚累計1190次

`