【登入訊息】
[c5ab1b78563b1f9e4ee17ab01234bc5e]
`登入天數: 238天 / 1589天
等級: 92
石頭: 2258
呼符: 206
友情點: +0 / 1591145`
*連続ログイン7日間到達おめでとうございます！
明日は1日目からリスタートされます。*
`獣の足跡 X 1
呼符 X 1
8月交換券(2022) X 1
`*7周年記念特別連続ログインボーナス*
*開催期間中、1日1回 最大7回 連続ログインボーナスをプレゼント！*
/webview/loginbonus/20220801_c777re/c777re_r_07.png
`QP X 3000000
呼符 X 10
``從者/禮裝數: 606 / 733`
_2022-08-06 19:39:54_
--------
`友情點數召喚累計2101次

`[d4825e10f75d83bc0cfb33b6768a8634]
`登入天數: 128天 / 1778天
等級: 19
石頭: 2180
呼符: 47
友情點: +0 / 1724430`
*連続ログイン2日目
※ログインが途切れるか、7日到達すると
1日目から再開されます*
`聖晶石 X 1
8月交換券(2022) X 1
`*7周年記念特別連続ログインボーナス*
*開催期間中、1日1回 最大7回 連続ログインボーナスをプレゼント！*
/webview/loginbonus/20220801_c777re/c777re_r_07.png
`QP X 3000000
呼符 X 10
``從者/禮裝數: 549 / 738`
_2022-08-06 19:40:05_
--------
`友情點數召喚累計1610次

`[ff29db15be18f883ffccdf7ab23021a7]
`登入天數: 128天 / 1774天
等級: 18
石頭: 1569
呼符: 72
友情點: +10 / 1603420`
*連続ログイン2日目
※ログインが途切れるか、7日到達すると
1日目から再開されます*
`聖晶石 X 1
8月交換券(2022) X 1
`*7周年記念特別連続ログインボーナス*
*開催期間中、1日1回 最大7回 連続ログインボーナスをプレゼント！*
/webview/loginbonus/20220801_c777re/c777re_r_07.png
`QP X 3000000
呼符 X 10
``從者/禮裝數: 647 / 731`
_2022-08-06 19:40:17_
--------
`友情點數召喚累計1550次

`[cc4787a257e3a46e268001195f780247]
`登入天數: 128天 / 1788天
等級: 18
石頭: 2184
呼符: 175
友情點: +0 / 1713900`
*連続ログイン2日目
※ログインが途切れるか、7日到達すると
1日目から再開されます*
`聖晶石 X 1
8月交換券(2022) X 1
`*7周年記念特別連続ログインボーナス*
*開催期間中、1日1回 最大7回 連続ログインボーナスをプレゼント！*
/webview/loginbonus/20220801_c777re/c777re_r_07.png
`QP X 3000000
呼符 X 10
``從者/禮裝數: 698 / 722`
_2022-08-06 19:40:28_
--------
`友情點數召喚累計1530次

`[3f5599a008981ecf87f2dea9d1d83d6a]
`登入天數: 128天 / 1793天
等級: 18
石頭: 2090
呼符: 0
友情點: +0 / 1803775`
*連続ログイン2日目
※ログインが途切れるか、7日到達すると
1日目から再開されます*
`聖晶石 X 1
8月交換券(2022) X 1
`*7周年記念特別連続ログインボーナス*
*開催期間中、1日1回 最大7回 連続ログインボーナスをプレゼント！*
/webview/loginbonus/20220801_c777re/c777re_r_07.png
`QP X 3000000
呼符 X 10
``從者/禮裝數: 661 / 671`
_2022-08-06 19:40:39_
--------
`友情點數召喚累計1450次

`[0d14e47d83c8b8400ed7555e0192724d]
`登入天數: 128天 / 1715天
等級: 20
石頭: 1255
呼符: 71
友情點: +0 / 1685750`
*連続ログイン2日目
※ログインが途切れるか、7日到達すると
1日目から再開されます*
`聖晶石 X 1
8月交換券(2022) X 1
`*7周年記念特別連続ログインボーナス*
*開催期間中、1日1回 最大7回 連続ログインボーナスをプレゼント！*
/webview/loginbonus/20220801_c777re/c777re_r_07.png
`QP X 3000000
呼符 X 10
``從者/禮裝數: 645 / 615`
_2022-08-06 19:40:50_
--------
`友情點數召喚累計1400次

`[d4c10e20929a4c973210db1453668b11]
`登入天數: 128天 / 1721天
等級: 19
石頭: 1502
呼符: 0
友情點: +0 / 1659745`
*連続ログイン2日目
※ログインが途切れるか、7日到達すると
1日目から再開されます*
`聖晶石 X 1
8月交換券(2022) X 1
`*7周年記念特別連続ログインボーナス*
*開催期間中、1日1回 最大7回 連続ログインボーナスをプレゼント！*
/webview/loginbonus/20220801_c777re/c777re_r_07.png
`QP X 3000000
呼符 X 10
``從者/禮裝數: 661 / 654`
_2022-08-06 19:41:01_
--------
`友情點數召喚累計1360次

`[f0cc4e7ae2d4b30013f328b2cf7d6063]
`登入天數: 128天 / 1730天
等級: 20
石頭: 644
呼符: 51
友情點: +0 / 1663320`
*連続ログイン2日目
※ログインが途切れるか、7日到達すると
1日目から再開されます*
`聖晶石 X 1
8月交換券(2022) X 1
`*7周年記念特別連続ログインボーナス*
*開催期間中、1日1回 最大7回 連続ログインボーナスをプレゼント！*
/webview/loginbonus/20220801_c777re/c777re_r_07.png
`QP X 3000000
呼符 X 10
``從者/禮裝數: 664 / 631`
_2022-08-06 19:41:12_
--------
`友情點數召喚累計1342次

`[48a14ba1dd858b92594b71e0ed7d5311]
`登入天數: 128天 / 1722天
等級: 20
石頭: 1742
呼符: 111
友情點: +0 / 1572640`
*連続ログイン2日目
※ログインが途切れるか、7日到達すると
1日目から再開されます*
`聖晶石 X 1
8月交換券(2022) X 1
`*7周年記念特別連続ログインボーナス*
*開催期間中、1日1回 最大7回 連続ログインボーナスをプレゼント！*
/webview/loginbonus/20220801_c777re/c777re_r_07.png
`QP X 3000000
呼符 X 10
``從者/禮裝數: 619 / 624`
_2022-08-06 19:41:23_
--------
`友情點數召喚累計1200次

`