【登入訊息】
[c5ab1b78563b1f9e4ee17ab01234bc5e]
`登入天數: 239天 / 1590天
等級: 92
石頭: 2459
呼符: 171
友情點: +0 / 1705470`
*連続ログイン1日目
※ログインが途切れるか、7日到達すると
1日目から再開されます*
`フレンドポイント X 2000
8月交換券(2022) X 1
``從者/禮裝數: 668 / 654`
_2022-08-07 19:39:57_
--------
`友情點數召喚累計2111次

`[d4825e10f75d83bc0cfb33b6768a8634]
`登入天數: 129天 / 1779天
等級: 19
石頭: 2301
呼符: 1
友情點: +0 / 1840730`
*連続ログイン3日目
※ログインが途切れるか、7日到達すると
1日目から再開されます*
`叡智の猛火 X 1
8月交換券(2022) X 1
``從者/禮裝數: 649 / 656`
_2022-08-07 19:40:08_
--------
`友情點數召喚累計1620次

`[ff29db15be18f883ffccdf7ab23021a7]
`登入天數: 129天 / 1775天
等級: 18
石頭: 1676
呼符: 2
友情點: +0 / 1719770`
*連続ログイン3日目
※ログインが途切れるか、7日到達すると
1日目から再開されます*
`叡智の猛火 X 1
8月交換券(2022) X 1
``從者/禮裝數: 675 / 696`
_2022-08-07 19:40:19_
--------
`友情點數召喚累計1560次

`[cc4787a257e3a46e268001195f780247]
`登入天數: 129天 / 1789天
等級: 18
石頭: 2380
呼符: 164
友情點: +0 / 1829900`
*連続ログイン3日目
※ログインが途切れるか、7日到達すると
1日目から再開されます*
`叡智の猛火 X 1
8月交換券(2022) X 1
``從者/禮裝數: 670 / 576`
_2022-08-07 19:40:30_
--------
`友情點數召喚累計1540次

`[3f5599a008981ecf87f2dea9d1d83d6a]
`登入天數: 129天 / 1794天
等級: 18
石頭: 2090
呼符: 0
友情點: +0 / 1803775`
*連続ログイン3日目
※ログインが途切れるか、7日到達すると
1日目から再開されます*
`叡智の猛火 X 1
8月交換券(2022) X 1
``從者/禮裝數: 666 / 675`
_2022-08-07 19:40:41_
--------
`友情點數召喚累計1460次

`[0d14e47d83c8b8400ed7555e0192724d]
`登入天數: 129天 / 1716天
等級: 20
石頭: 1255
呼符: 71
友情點: +10 / 1685760`
*連続ログイン3日目
※ログインが途切れるか、7日到達すると
1日目から再開されます*
`叡智の猛火 X 1
8月交換券(2022) X 1
``從者/禮裝數: 651 / 618`
_2022-08-07 19:40:52_
--------
`友情點數召喚累計1410次

`[d4c10e20929a4c973210db1453668b11]
`登入天數: 129天 / 1722天
等級: 19
石頭: 1502
呼符: 0
友情點: +0 / 1659745`
*連続ログイン3日目
※ログインが途切れるか、7日到達すると
1日目から再開されます*
`叡智の猛火 X 1
8月交換券(2022) X 1
``從者/禮裝數: 662 / 660`
_2022-08-07 19:41:04_
--------
`友情點數召喚累計1370次

`[f0cc4e7ae2d4b30013f328b2cf7d6063]
`登入天數: 129天 / 1731天
等級: 20
石頭: 644
呼符: 51
友情點: +0 / 1663320`
*連続ログイン3日目
※ログインが途切れるか、7日到達すると
1日目から再開されます*
`叡智の猛火 X 1
8月交換券(2022) X 1
``從者/禮裝數: 666 / 638`
_2022-08-07 19:41:17_
--------
`友情點數召喚累計1352次

`[48a14ba1dd858b92594b71e0ed7d5311]
`登入天數: 129天 / 1723天
等級: 20
石頭: 1742
呼符: 111
友情點: +0 / 1572640`
*連続ログイン3日目
※ログインが途切れるか、7日到達すると
1日目から再開されます*
`叡智の猛火 X 1
8月交換券(2022) X 1
``從者/禮裝數: 620 / 629`
_2022-08-07 19:41:29_
--------
`友情點數召喚累計1210次

`