【登入訊息】
[c5ab1b78563b1f9e4ee17ab01234bc5e]
`登入天數: 240天 / 1591天
等級: 92
石頭: 2459
呼符: 171
友情點: +0 / 1705470`
*連続ログイン2日目
※ログインが途切れるか、7日到達すると
1日目から再開されます*
`聖晶石 X 1
8月交換券(2022) X 1
``從者/禮裝數: 668 / 660`
_2022-08-08 19:40:14_
--------
`友情點數召喚累計2121次

`[d4825e10f75d83bc0cfb33b6768a8634]
`登入天數: 130天 / 1780天
等級: 19
石頭: 2301
呼符: 1
友情點: +0 / 1840730`
*連続ログイン4日目
※ログインが途切れるか、7日到達すると
1日目から再開されます*
`聖晶石 X 1
8月交換券(2022) X 1
``從者/禮裝數: 651 / 660`
_2022-08-08 19:40:26_
--------
`友情點數召喚累計1630次

`[ff29db15be18f883ffccdf7ab23021a7]
`登入天數: 130天 / 1776天
等級: 18
石頭: 1676
呼符: 2
友情點: +0 / 1719770`
*連続ログイン4日目
※ログインが途切れるか、7日到達すると
1日目から再開されます*
`聖晶石 X 1
8月交換券(2022) X 1
``從者/禮裝數: 678 / 702`
_2022-08-08 19:40:37_
--------
`友情點數召喚累計1570次

`[cc4787a257e3a46e268001195f780247]
`登入天數: 130天 / 1790天
等級: 18
石頭: 2380
呼符: 164
友情點: +0 / 1829900`
*連続ログイン4日目
※ログインが途切れるか、7日到達すると
1日目から再開されます*
`聖晶石 X 1
8月交換券(2022) X 1
``從者/禮裝數: 672 / 580`
_2022-08-08 19:40:49_
--------
`友情點數召喚累計1550次

`[3f5599a008981ecf87f2dea9d1d83d6a]
`登入天數: 130天 / 1795天
等級: 18
石頭: 2090
呼符: 0
友情點: +0 / 1803775`
*連続ログイン4日目
※ログインが途切れるか、7日到達すると
1日目から再開されます*
`聖晶石 X 1
8月交換券(2022) X 1
``從者/禮裝數: 668 / 682`
_2022-08-08 19:41:00_
--------
`友情點數召喚累計1470次

`[0d14e47d83c8b8400ed7555e0192724d]
`登入天數: 130天 / 1717天
等級: 20
石頭: 1255
呼符: 71
友情點: +0 / 1685760`
*連続ログイン4日目
※ログインが途切れるか、7日到達すると
1日目から再開されます*
`聖晶石 X 1
8月交換券(2022) X 1
``從者/禮裝數: 653 / 624`
_2022-08-08 19:41:12_
--------
`友情點數召喚累計1420次

`[d4c10e20929a4c973210db1453668b11]
`登入天數: 130天 / 1723天
等級: 19
石頭: 1502
呼符: 0
友情點: +0 / 1659745`
*連続ログイン4日目
※ログインが途切れるか、7日到達すると
1日目から再開されます*
`聖晶石 X 1
8月交換券(2022) X 1
``從者/禮裝數: 662 / 668`
_2022-08-08 19:41:24_
--------
`友情點數召喚累計1380次

`[f0cc4e7ae2d4b30013f328b2cf7d6063]
`登入天數: 130天 / 1732天
等級: 20
石頭: 644
呼符: 51
友情點: +0 / 1663320`
*連続ログイン4日目
※ログインが途切れるか、7日到達すると
1日目から再開されます*
`聖晶石 X 1
8月交換券(2022) X 1
``從者/禮裝數: 670 / 642`
_2022-08-08 19:41:36_
--------
`友情點數召喚累計1362次

`[48a14ba1dd858b92594b71e0ed7d5311]
`登入天數: 130天 / 1724天
等級: 20
石頭: 1742
呼符: 111
友情點: +0 / 1572640`
*連続ログイン4日目
※ログインが途切れるか、7日到達すると
1日目から再開されます*
`聖晶石 X 1
8月交換券(2022) X 1
``從者/禮裝數: 625 / 633`
_2022-08-08 19:41:47_
--------
`友情點數召喚累計1220次

`