【登入訊息】
[c5ab1b78563b1f9e4ee17ab01234bc5e]
`登入天數: 241天 / 1592天
等級: 92
石頭: 2459
呼符: 171
友情點: +0 / 1705470`
*連続ログイン3日目
※ログインが途切れるか、7日到達すると
1日目から再開されます*
`叡智の猛火 X 1
8月交換券(2022) X 1
``從者/禮裝數: 672 / 666`
_2022-08-09 19:41:34_
--------
`友情點數召喚累計2131次

`[d4825e10f75d83bc0cfb33b6768a8634]
`登入天數: 131天 / 1781天
等級: 19
石頭: 2301
呼符: 1
友情點: +0 / 1840730`
*連続ログイン5日目
※ログインが途切れるか、7日到達すると
1日目から再開されます*
`叡智の猛火 X 2
8月交換券(2022) X 1
``從者/禮裝數: 654 / 666`
_2022-08-09 19:41:46_
--------
`友情點數召喚累計1640次

`[ff29db15be18f883ffccdf7ab23021a7]
`登入天數: 131天 / 1777天
等級: 18
石頭: 1676
呼符: 2
友情點: +0 / 1719770`
*連続ログイン5日目
※ログインが途切れるか、7日到達すると
1日目から再開されます*
`叡智の猛火 X 2
8月交換券(2022) X 1
``從者/禮裝數: 680 / 709`
_2022-08-09 19:41:57_
--------
`友情點數召喚累計1580次

`[cc4787a257e3a46e268001195f780247]
`登入天數: 131天 / 1791天
等級: 18
石頭: 2380
呼符: 164
友情點: +0 / 1829900`
*連続ログイン5日目
※ログインが途切れるか、7日到達すると
1日目から再開されます*
`叡智の猛火 X 2
8月交換券(2022) X 1
``從者/禮裝數: 675 / 586`
_2022-08-09 19:42:08_
--------
`友情點數召喚累計1560次

`[3f5599a008981ecf87f2dea9d1d83d6a]
`登入天數: 131天 / 1796天
等級: 18
石頭: 2090
呼符: 0
友情點: +0 / 1803775`
*連続ログイン5日目
※ログインが途切れるか、7日到達すると
1日目から再開されます*
`叡智の猛火 X 2
8月交換券(2022) X 1
``從者/禮裝數: 671 / 685`
_2022-08-09 19:42:19_
--------
`友情點數召喚累計1480次

`[0d14e47d83c8b8400ed7555e0192724d]
`登入天數: 131天 / 1718天
等級: 21
石頭: 1255
呼符: 72
友情點: +0 / 1685985`
`從者/禮裝數: 669 / 627`
_2022-08-09 19:42:30_
--------
`友情點數召喚累計1430次

`[d4c10e20929a4c973210db1453668b11]
`登入天數: 131天 / 1724天
等級: 20
石頭: 1504
呼符: 2
友情點: +0 / 1660020`
`從者/禮裝數: 664 / 675`
_2022-08-09 19:42:42_
--------
`友情點數召喚累計1390次

`[f0cc4e7ae2d4b30013f328b2cf7d6063]
`登入天數: 131天 / 1733天
等級: 20
石頭: 645
呼符: 53
友情點: +0 / 1663585`
*連続ログイン5日目
※ログインが途切れるか、7日到達すると
1日目から再開されます*
`叡智の猛火 X 2
8月交換券(2022) X 1
``從者/禮裝數: 675 / 650`
_2022-08-09 19:42:53_
--------
`友情點數召喚累計1372次

`[48a14ba1dd858b92594b71e0ed7d5311]
`登入天數: 131天 / 1725天
等級: 20
石頭: 1742
呼符: 113
友情點: +0 / 1572950`
*連続ログイン5日目
※ログインが途切れるか、7日到達すると
1日目から再開されます*
`叡智の猛火 X 2
8月交換券(2022) X 1
``從者/禮裝數: 626 / 643`
_2022-08-09 19:43:05_
--------
`友情點數召喚累計1230次

`