【登入訊息】
[c5ab1b78563b1f9e4ee17ab01234bc5e]
`登入天數: 242天 / 1593天
等級: 92
石頭: 2459
呼符: 172
友情點: +0 / 1705505`
*連続ログイン4日目
※ログインが途切れるか、7日到達すると
1日目から再開されます*
`聖晶石 X 1
8月交換券(2022) X 1
`*FGO カルデア放送局 ライト版 ～水着イベント2022～ 放送記念 初回ログインボーナス*
*開催期間中、初回ログインで「聖晶石×14」をプレゼント！*
/webview/loginbonus/20220811_y50klp/y50klp_s_01.png
`聖晶石 X 14
``從者/禮裝數: 676 / 673`
_2022-08-10 19:39:02_
--------
`友情點數召喚累計2141次

`[d4825e10f75d83bc0cfb33b6768a8634]
`登入天數: 132天 / 1782天
等級: 19
石頭: 2301
呼符: 2
友情點: +35 / 1840800`
*連続ログイン6日目
※ログインが途切れるか、7日到達すると
1日目から再開されます*
`聖晶石 X 2
8月交換券(2022) X 1
`*FGO カルデア放送局 ライト版 ～水着イベント2022～ 放送記念 初回ログインボーナス*
*開催期間中、初回ログインで「聖晶石×14」をプレゼント！*
/webview/loginbonus/20220811_y50klp/y50klp_s_01.png
`聖晶石 X 14
``從者/禮裝數: 658 / 673`
_2022-08-10 19:39:14_
--------
`友情點數召喚累計1650次

`[ff29db15be18f883ffccdf7ab23021a7]
`登入天數: 132天 / 1778天
等級: 18
石頭: 1676
呼符: 2
友情點: +45 / 1719815`
*連続ログイン6日目
※ログインが途切れるか、7日到達すると
1日目から再開されます*
`聖晶石 X 2
8月交換券(2022) X 1
`*FGO カルデア放送局 ライト版 ～水着イベント2022～ 放送記念 初回ログインボーナス*
*開催期間中、初回ログインで「聖晶石×14」をプレゼント！*
/webview/loginbonus/20220811_y50klp/y50klp_s_01.png
`聖晶石 X 14
``從者/禮裝數: 682 / 697`
_2022-08-10 19:39:25_
--------
`友情點數召喚累計1590次

`[cc4787a257e3a46e268001195f780247]
`登入天數: 132天 / 1792天
等級: 18
石頭: 2382
呼符: 166
友情點: +0 / 1830270`
*連続ログイン6日目
※ログインが途切れるか、7日到達すると
1日目から再開されます*
`聖晶石 X 2
8月交換券(2022) X 1
`*FGO カルデア放送局 ライト版 ～水着イベント2022～ 放送記念 初回ログインボーナス*
*開催期間中、初回ログインで「聖晶石×14」をプレゼント！*
/webview/loginbonus/20220811_y50klp/y50klp_s_01.png
`聖晶石 X 14
``從者/禮裝數: 686 / 593`
_2022-08-10 19:39:36_
--------
`友情點數召喚累計1570次

`[3f5599a008981ecf87f2dea9d1d83d6a]
`登入天數: 132天 / 1797天
等級: 18
石頭: 2091
呼符: 2
友情點: +35 / 1804150`
*連続ログイン6日目
※ログインが途切れるか、7日到達すると
1日目から再開されます*
`聖晶石 X 2
8月交換券(2022) X 1
`*FGO カルデア放送局 ライト版 ～水着イベント2022～ 放送記念 初回ログインボーナス*
*開催期間中、初回ログインで「聖晶石×14」をプレゼント！*
/webview/loginbonus/20220811_y50klp/y50klp_s_01.png
`聖晶石 X 14
``從者/禮裝數: 672 / 692`
_2022-08-10 19:39:47_
--------
`友情點數召喚累計1490次

`[0d14e47d83c8b8400ed7555e0192724d]
`登入天數: 132天 / 1719天
等級: 21
石頭: 1271
呼符: 73
友情點: +175 / 1686220`
*連続ログイン6日目
※ログインが途切れるか、7日到達すると
1日目から再開されます*
`聖晶石 X 2
8月交換券(2022) X 1
`*FGO カルデア放送局 ライト版 ～水着イベント2022～ 放送記念 初回ログインボーナス*
*開催期間中、初回ログインで「聖晶石×14」をプレゼント！*
/webview/loginbonus/20220811_y50klp/y50klp_s_01.png
`聖晶石 X 14
``從者/禮裝數: 672 / 634`
_2022-08-10 19:39:58_
--------
`友情點數召喚累計1440次

`[d4c10e20929a4c973210db1453668b11]
`登入天數: 132天 / 1725天
等級: 20
石頭: 1504
呼符: 2
友情點: +0 / 1660020`
*連続ログイン6日目
※ログインが途切れるか、7日到達すると
1日目から再開されます*
`聖晶石 X 2
8月交換券(2022) X 1
`*FGO カルデア放送局 ライト版 ～水着イベント2022～ 放送記念 初回ログインボーナス*
*開催期間中、初回ログインで「聖晶石×14」をプレゼント！*
/webview/loginbonus/20220811_y50klp/y50klp_s_01.png
`聖晶石 X 14
``從者/禮裝數: 666 / 679`
_2022-08-10 19:40:09_
--------
`友情點數召喚累計1400次

`[f0cc4e7ae2d4b30013f328b2cf7d6063]
`登入天數: 132天 / 1734天
等級: 20
石頭: 645
呼符: 53
友情點: +0 / 1663585`
*連続ログイン6日目
※ログインが途切れるか、7日到達すると
1日目から再開されます*
`聖晶石 X 2
8月交換券(2022) X 1
`*FGO カルデア放送局 ライト版 ～水着イベント2022～ 放送記念 初回ログインボーナス*
*開催期間中、初回ログインで「聖晶石×14」をプレゼント！*
/webview/loginbonus/20220811_y50klp/y50klp_s_01.png
`聖晶石 X 14
``從者/禮裝數: 677 / 653`
_2022-08-10 19:40:20_
--------
`友情點數召喚累計1382次

`[48a14ba1dd858b92594b71e0ed7d5311]
`登入天數: 132天 / 1726天
等級: 20
石頭: 1742
呼符: 113
友情點: +35 / 1572985`
*連続ログイン6日目
※ログインが途切れるか、7日到達すると
1日目から再開されます*
`聖晶石 X 2
8月交換券(2022) X 1
`*FGO カルデア放送局 ライト版 ～水着イベント2022～ 放送記念 初回ログインボーナス*
*開催期間中、初回ログインで「聖晶石×14」をプレゼント！*
/webview/loginbonus/20220811_y50klp/y50klp_s_01.png
`聖晶石 X 14
``從者/禮裝數: 629 / 646`
_2022-08-10 19:40:31_
--------
`友情點數召喚累計1240次

`