【登入訊息】
[c5ab1b78563b1f9e4ee17ab01234bc5e]
`登入天數: 244天 / 1595天
等級: 92
石頭: 2459
呼符: 172
友情點: +0 / 1705505`
*連続ログイン6日目
※ログインが途切れるか、7日到達すると
1日目から再開されます*
`聖晶石 X 2
8月交換券(2022) X 1
``從者/禮裝數: 679 / 684`
_2022-08-12 19:38:57_
--------
`友情點數召喚累計2161次

`[d4825e10f75d83bc0cfb33b6768a8634]
`登入天數: 134天 / 1784天
等級: 19
石頭: 2301
呼符: 2
友情點: +20 / 1840820`
*連続ログイン1日目
※ログインが途切れるか、7日到達すると
1日目から再開されます*
`フレンドポイント X 2000
8月交換券(2022) X 1
``從者/禮裝數: 661 / 682`
_2022-08-12 19:39:08_
--------
`友情點數召喚累計1670次

`[ff29db15be18f883ffccdf7ab23021a7]
`登入天數: 134天 / 1780天
等級: 18
石頭: 1676
呼符: 2
友情點: +10 / 1719825`
*連続ログイン1日目
※ログインが途切れるか、7日到達すると
1日目から再開されます*
`フレンドポイント X 2000
8月交換券(2022) X 1
``從者/禮裝數: 687 / 707`
_2022-08-12 19:39:20_
--------
`友情點數召喚累計1610次

`[cc4787a257e3a46e268001195f780247]
`登入天數: 134天 / 1794天
等級: 18
石頭: 2382
呼符: 166
友情點: +0 / 1830270`
*連続ログイン1日目
※ログインが途切れるか、7日到達すると
1日目から再開されます*
`フレンドポイント X 2000
8月交換券(2022) X 1
``從者/禮裝數: 692 / 601`
_2022-08-12 19:39:32_
--------
`友情點數召喚累計1590次

`[3f5599a008981ecf87f2dea9d1d83d6a]
`登入天數: 134天 / 1799天
等級: 18
石頭: 2091
呼符: 2
友情點: +0 / 1804150`
*連続ログイン1日目
※ログインが途切れるか、7日到達すると
1日目から再開されます*
`フレンドポイント X 2000
8月交換券(2022) X 1
``從者/禮裝數: 678 / 701`
_2022-08-12 19:39:43_
--------
`友情點數召喚累計1510次

`[0d14e47d83c8b8400ed7555e0192724d]
`登入天數: 134天 / 1721天
等級: 21
石頭: 1271
呼符: 73
友情點: +10 / 1686230`
*連続ログイン1日目
※ログインが途切れるか、7日到達すると
1日目から再開されます*
`フレンドポイント X 2000
8月交換券(2022) X 1
``從者/禮裝數: 679 / 643`
_2022-08-12 19:39:54_
--------
`友情點數召喚累計1460次

`[d4c10e20929a4c973210db1453668b11]
`登入天數: 134天 / 1727天
等級: 20
石頭: 1504
呼符: 2
友情點: +0 / 1660020`
*連続ログイン1日目
※ログインが途切れるか、7日到達すると
1日目から再開されます*
`フレンドポイント X 2000
8月交換券(2022) X 1
``從者/禮裝數: 671 / 693`
_2022-08-12 19:40:06_
--------
`友情點數召喚累計1420次

`[f0cc4e7ae2d4b30013f328b2cf7d6063]
`登入天數: 134天 / 1736天
等級: 20
石頭: 645
呼符: 53
友情點: +0 / 1663585`
*連続ログイン1日目
※ログインが途切れるか、7日到達すると
1日目から再開されます*
`フレンドポイント X 2000
8月交換券(2022) X 1
``從者/禮裝數: 684 / 661`
_2022-08-12 19:40:20_
--------
`友情點數召喚累計1402次

`[48a14ba1dd858b92594b71e0ed7d5311]
`登入天數: 134天 / 1728天
等級: 20
石頭: 1742
呼符: 113
友情點: +0 / 1572985`
*連続ログイン1日目
※ログインが途切れるか、7日到達すると
1日目から再開されます*
`フレンドポイント X 2000
8月交換券(2022) X 1
``從者/禮裝數: 633 / 661`
_2022-08-12 19:40:32_
--------
`友情點數召喚累計1260次

`