【登入訊息】
[c5ab1b78563b1f9e4ee17ab01234bc5e]
`登入天數: 247天 / 1598天
等級: 92
石頭: 2459
呼符: 172
友情點: +0 / 1705505`
*連続ログイン2日目
※ログインが途切れるか、7日到達すると
1日目から再開されます*
`聖晶石 X 1
8月交換券(2022) X 1
``從者/禮裝數: 687 / 698`
_2022-08-15 19:39:11_
--------
`友情點數召喚累計2191次

`[d4825e10f75d83bc0cfb33b6768a8634]
`登入天數: 137天 / 1787天
等級: 19
石頭: 2301
呼符: 2
友情點: +20 / 1840880`
*連続ログイン4日目
※ログインが途切れるか、7日到達すると
1日目から再開されます*
`聖晶石 X 1
8月交換券(2022) X 1
``從者/禮裝數: 666 / 701`
_2022-08-15 19:39:23_
--------
`友情點數召喚累計1700次

`[ff29db15be18f883ffccdf7ab23021a7]
`登入天數: 137天 / 1783天
等級: 18
石頭: 1676
呼符: 2
友情點: +10 / 1719855`
*連続ログイン4日目
※ログインが途切れるか、7日到達すると
1日目から再開されます*
`聖晶石 X 1
8月交換券(2022) X 1
``從者/禮裝數: 701 / 717`
_2022-08-15 19:39:34_
--------
`友情點數召喚累計1640次

`[cc4787a257e3a46e268001195f780247]
`登入天數: 137天 / 1797天
等級: 18
石頭: 2382
呼符: 166
友情點: +10 / 1830290`
*連続ログイン4日目
※ログインが途切れるか、7日到達すると
1日目から再開されます*
`聖晶石 X 1
8月交換券(2022) X 1
``從者/禮裝數: 699 / 618`
_2022-08-15 19:39:45_
--------
`友情點數召喚累計1620次

`[3f5599a008981ecf87f2dea9d1d83d6a]
`登入天數: 137天 / 1802天
等級: 18
石頭: 2091
呼符: 2
友情點: +0 / 1804150`
*連続ログイン4日目
※ログインが途切れるか、7日到達すると
1日目から再開されます*
`聖晶石 X 1
8月交換券(2022) X 1
``從者/禮裝數: 685 / 714`
_2022-08-15 19:39:56_
--------
`友情點數召喚累計1540次

`[0d14e47d83c8b8400ed7555e0192724d]
`登入天數: 137天 / 1724天
等級: 21
石頭: 1271
呼符: 73
友情點: +0 / 1686290`
*連続ログイン4日目
※ログインが途切れるか、7日到達すると
1日目から再開されます*
`聖晶石 X 1
8月交換券(2022) X 1
``從者/禮裝數: 689 / 658`
_2022-08-15 19:40:08_
--------
`友情點數召喚累計1490次

`[d4c10e20929a4c973210db1453668b11]
`登入天數: 137天 / 1730天
等級: 20
石頭: 1504
呼符: 2
友情點: +0 / 1660020`
*連続ログイン4日目
※ログインが途切れるか、7日到達すると
1日目から再開されます*
`聖晶石 X 1
8月交換券(2022) X 1
``從者/禮裝數: 681 / 711`
_2022-08-15 19:40:20_
--------
`友情點數召喚累計1450次

`[f0cc4e7ae2d4b30013f328b2cf7d6063]
`登入天數: 137天 / 1739天
等級: 20
石頭: 645
呼符: 53
友情點: +0 / 1663585`
*連続ログイン4日目
※ログインが途切れるか、7日到達すると
1日目から再開されます*
`聖晶石 X 1
8月交換券(2022) X 1
``從者/禮裝數: 692 / 675`
_2022-08-15 19:40:31_
--------
`友情點數召喚累計1432次

`[48a14ba1dd858b92594b71e0ed7d5311]
`登入天數: 137天 / 1731天
等級: 20
石頭: 1742
呼符: 113
友情點: +0 / 1572985`
*連続ログイン4日目
※ログインが途切れるか、7日到達すると
1日目から再開されます*
`聖晶石 X 1
8月交換券(2022) X 1
``從者/禮裝數: 641 / 675`
_2022-08-15 19:40:42_
--------
`友情點數召喚累計1290次

`