【登入訊息】
[c5ab1b78563b1f9e4ee17ab01234bc5e]
`登入天數: 248天 / 1599天
等級: 92
石頭: 2459
呼符: 172
友情點: +0 / 1705505`
*連続ログイン3日目
※ログインが途切れるか、7日到達すると
1日目から再開されます*
`叡智の猛火 X 1
8月交換券(2022) X 1
``從者/禮裝數: 690 / 704`
_2022-08-16 19:39:05_
--------
`友情點數召喚累計2201次

`[d4825e10f75d83bc0cfb33b6768a8634]
`登入天數: 138天 / 1788天
等級: 19
石頭: 2301
呼符: 2
友情點: +0 / 1840880`
*連続ログイン5日目
※ログインが途切れるか、7日到達すると
1日目から再開されます*
`叡智の猛火 X 2
8月交換券(2022) X 1
``從者/禮裝數: 668 / 708`
_2022-08-16 19:39:17_
--------
`友情點數召喚累計1710次

`[ff29db15be18f883ffccdf7ab23021a7]
`登入天數: 138天 / 1784天
等級: 18
石頭: 1676
呼符: 2
友情點: +0 / 1719855`
*連続ログイン5日目
※ログインが途切れるか、7日到達すると
1日目から再開されます*
`叡智の猛火 X 2
8月交換券(2022) X 1
``從者/禮裝數: 701 / 725`
_2022-08-16 19:39:28_
--------
`友情點數召喚累計1650次

`[cc4787a257e3a46e268001195f780247]
`登入天數: 138天 / 1798天
等級: 18
石頭: 2382
呼符: 166
友情點: +0 / 1830290`
*連続ログイン5日目
※ログインが途切れるか、7日到達すると
1日目から再開されます*
`叡智の猛火 X 2
8月交換券(2022) X 1
``從者/禮裝數: 701 / 623`
_2022-08-16 19:39:39_
--------
`友情點數召喚累計1630次

`[3f5599a008981ecf87f2dea9d1d83d6a]
`登入天數: 138天 / 1803天
等級: 18
石頭: 2091
呼符: 2
友情點: +0 / 1804150`
*連続ログイン5日目
※ログインが途切れるか、7日到達すると
1日目から再開されます*
`叡智の猛火 X 2
8月交換券(2022) X 1
``從者/禮裝數: 687 / 722`
_2022-08-16 19:39:51_
--------
`友情點數召喚累計1550次

`[0d14e47d83c8b8400ed7555e0192724d]
`登入天數: 138天 / 1725天
等級: 21
石頭: 1271
呼符: 73
友情點: +0 / 1686290`
*連続ログイン5日目
※ログインが途切れるか、7日到達すると
1日目から再開されます*
`叡智の猛火 X 2
8月交換券(2022) X 1
``從者/禮裝數: 693 / 661`
_2022-08-16 19:40:02_
--------
`友情點數召喚累計1500次

`[d4c10e20929a4c973210db1453668b11]
`登入天數: 138天 / 1731天
等級: 20
石頭: 1504
呼符: 2
友情點: +0 / 1660020`
*連続ログイン5日目
※ログインが途切れるか、7日到達すると
1日目から再開されます*
`叡智の猛火 X 2
8月交換券(2022) X 1
``從者/禮裝數: 683 / 715`
_2022-08-16 19:40:14_
--------
`友情點數召喚累計1460次

`[f0cc4e7ae2d4b30013f328b2cf7d6063]
`登入天數: 138天 / 1740天
等級: 20
石頭: 645
呼符: 53
友情點: +0 / 1663585`
*連続ログイン5日目
※ログインが途切れるか、7日到達すると
1日目から再開されます*
`叡智の猛火 X 2
8月交換券(2022) X 1
``從者/禮裝數: 694 / 680`
_2022-08-16 19:40:25_
--------
`友情點數召喚累計1442次

`[48a14ba1dd858b92594b71e0ed7d5311]
`登入天數: 138天 / 1732天
等級: 20
石頭: 1742
呼符: 113
友情點: +0 / 1572985`
*連続ログイン5日目
※ログインが途切れるか、7日到達すると
1日目から再開されます*
`叡智の猛火 X 2
8月交換券(2022) X 1
``從者/禮裝數: 642 / 681`
_2022-08-16 19:40:37_
--------
`友情點數召喚累計1300次

`