【登入訊息】
[c5ab1b78563b1f9e4ee17ab01234bc5e]
`登入天數: 250天 / 1601天
等級: 92
石頭: 2459
呼符: 172
友情點: +0 / 1705505`
*連続ログイン5日目
※ログインが途切れるか、7日到達すると
1日目から再開されます*
`叡智の猛火 X 2
8月交換券(2022) X 1
``從者/禮裝數: 695 / 712`
_2022-08-18 19:39:43_
--------
`友情點數召喚累計2221次

`[d4825e10f75d83bc0cfb33b6768a8634]
`登入天數: 140天 / 1790天
等級: 19
石頭: 2301
呼符: 2
友情點: +100 / 1841040`
*連続ログイン7日間到達おめでとうございます！
明日は1日目からリスタートされます。*
`獣の足跡 X 1
呼符 X 1
8月交換券(2022) X 1
``從者/禮裝數: 676 / 714`
_2022-08-18 19:39:54_
--------
`友情點數召喚累計1730次

`[ff29db15be18f883ffccdf7ab23021a7]
`登入天數: 140天 / 1786天
等級: 18
石頭: 1676
呼符: 2
友情點: +70 / 1719955`
*連続ログイン7日間到達おめでとうございます！
明日は1日目からリスタートされます。*
`獣の足跡 X 1
呼符 X 1
8月交換券(2022) X 1
``從者/禮裝數: 703 / 738`
_2022-08-18 19:40:05_
--------
`友情點數召喚累計1670次

`[cc4787a257e3a46e268001195f780247]
`登入天數: 140天 / 1800天
等級: 18
石頭: 2382
呼符: 166
友情點: +50 / 1830340`
*連続ログイン7日間到達おめでとうございます！
明日は1日目からリスタートされます。*
`獣の足跡 X 1
呼符 X 1
8月交換券(2022) X 1
``從者/禮裝數: 708 / 630`
_2022-08-18 19:40:16_
--------
`友情點數召喚累計1650次

`[3f5599a008981ecf87f2dea9d1d83d6a]
`登入天數: 140天 / 1805天
等級: 18
石頭: 2091
呼符: 2
友情點: +0 / 1804150`
*連続ログイン7日間到達おめでとうございます！
明日は1日目からリスタートされます。*
`獣の足跡 X 1
呼符 X 1
8月交換券(2022) X 1
``從者/禮裝數: 692 / 731`
_2022-08-18 19:40:27_
--------
`友情點數召喚累計1570次

`[0d14e47d83c8b8400ed7555e0192724d]
`登入天數: 140天 / 1727天
等級: 21
石頭: 1271
呼符: 73
友情點: +60 / 1686390`
*連続ログイン7日間到達おめでとうございます！
明日は1日目からリスタートされます。*
`獣の足跡 X 1
呼符 X 1
8月交換券(2022) X 1
``從者/禮裝數: 699 / 669`
_2022-08-18 19:40:38_
--------
`友情點數召喚累計1520次

`[d4c10e20929a4c973210db1453668b11]
`登入天數: 140天 / 1733天
等級: 20
石頭: 1504
呼符: 2
友情點: +0 / 1660020`
*連続ログイン7日間到達おめでとうございます！
明日は1日目からリスタートされます。*
`獣の足跡 X 1
呼符 X 1
8月交換券(2022) X 1
``從者/禮裝數: 690 / 725`
_2022-08-18 19:40:50_
--------
`友情點數召喚累計1480次

`[f0cc4e7ae2d4b30013f328b2cf7d6063]
`登入天數: 140天 / 1742天
等級: 20
石頭: 645
呼符: 53
友情點: +0 / 1663585`
*連続ログイン7日間到達おめでとうございます！
明日は1日目からリスタートされます。*
`獣の足跡 X 1
呼符 X 1
8月交換券(2022) X 1
``從者/禮裝數: 701 / 691`
_2022-08-18 19:41:01_
--------
`友情點數召喚累計1462次

`[48a14ba1dd858b92594b71e0ed7d5311]
`登入天數: 140天 / 1734天
等級: 20
石頭: 1742
呼符: 113
友情點: +0 / 1572985`
*連続ログイン7日間到達おめでとうございます！
明日は1日目からリスタートされます。*
`獣の足跡 X 1
呼符 X 1
8月交換券(2022) X 1
``從者/禮裝數: 647 / 691`
_2022-08-18 19:41:12_
--------
`友情點數召喚累計1320次

`