【登入訊息】
[c5ab1b78563b1f9e4ee17ab01234bc5e]
`登入天數: 252天 / 1603天
等級: 92
石頭: 2459
呼符: 172
友情點: +0 / 1705505`
*連続ログイン7日間到達おめでとうございます！
明日は1日目からリスタートされます。*
`獣の足跡 X 1
呼符 X 1
8月交換券(2022) X 1
``從者/禮裝數: 703 / 722`
_2022-08-20 19:38:59_
--------
`友情點數召喚累計2241次

`[d4825e10f75d83bc0cfb33b6768a8634]
`登入天數: 142天 / 1792天
等級: 19
石頭: 2301
呼符: 2
友情點: +20 / 1841180`
*連続ログイン2日目
※ログインが途切れるか、7日到達すると
1日目から再開されます*
`聖晶石 X 1
8月交換券(2022) X 1
``從者/禮裝數: 682 / 723`
_2022-08-20 19:39:10_
--------
`友情點數召喚累計1750次

`[ff29db15be18f883ffccdf7ab23021a7]
`登入天數: 142天 / 1788天
等級: 18
石頭: 1676
呼符: 2
友情點: +70 / 1720075`
*連続ログイン2日目
※ログインが途切れるか、7日到達すると
1日目から再開されます*
`聖晶石 X 1
8月交換券(2022) X 1
``從者/禮裝數: 707 / 746`
_2022-08-20 19:39:21_
--------
`友情點數召喚累計1690次

`[cc4787a257e3a46e268001195f780247]
`登入天數: 142天 / 1802天
等級: 18
石頭: 2382
呼符: 166
友情點: +20 / 1830480`
*連続ログイン2日目
※ログインが途切れるか、7日到達すると
1日目から再開されます*
`聖晶石 X 1
8月交換券(2022) X 1
``從者/禮裝數: 711 / 639`
_2022-08-20 19:39:32_
--------
`友情點數召喚累計1670次

`[3f5599a008981ecf87f2dea9d1d83d6a]
`登入天數: 142天 / 1807天
等級: 18
石頭: 2091
呼符: 2
友情點: +0 / 1804150`
*連続ログイン2日目
※ログインが途切れるか、7日到達すると
1日目から再開されます*
`聖晶石 X 1
8月交換券(2022) X 1
``從者/禮裝數: 699 / 740`
_2022-08-20 19:39:43_
--------
`友情點數召喚累計1590次

`[0d14e47d83c8b8400ed7555e0192724d]
`登入天數: 142天 / 1729天
等級: 21
石頭: 1271
呼符: 73
友情點: +70 / 1686490`
*連続ログイン2日目
※ログインが途切れるか、7日到達すると
1日目から再開されます*
`聖晶石 X 1
8月交換券(2022) X 1
``從者/禮裝數: 704 / 677`
_2022-08-20 19:39:54_
--------
`友情點數召喚累計1540次

`[d4c10e20929a4c973210db1453668b11]
`登入天數: 142天 / 1735天
等級: 20
石頭: 1504
呼符: 2
友情點: +0 / 1660020`
*連続ログイン2日目
※ログインが途切れるか、7日到達すると
1日目から再開されます*
`聖晶石 X 1
8月交換券(2022) X 1
``從者/禮裝數: 694 / 733`
_2022-08-20 19:40:06_
--------
`友情點數召喚累計1500次

`[f0cc4e7ae2d4b30013f328b2cf7d6063]
`登入天數: 142天 / 1744天
等級: 20
石頭: 645
呼符: 53
友情點: +0 / 1663585`
*連続ログイン2日目
※ログインが途切れるか、7日到達すると
1日目から再開されます*
`聖晶石 X 1
8月交換券(2022) X 1
``從者/禮裝數: 707 / 702`
_2022-08-20 19:40:17_
--------
`友情點數召喚累計1482次

`[48a14ba1dd858b92594b71e0ed7d5311]
`登入天數: 142天 / 1736天
等級: 20
石頭: 1742
呼符: 113
友情點: +0 / 1572985`
*連続ログイン2日目
※ログインが途切れるか、7日到達すると
1日目から再開されます*
`聖晶石 X 1
8月交換券(2022) X 1
``從者/禮裝數: 653 / 703`
_2022-08-20 19:40:28_
--------
`友情點數召喚累計1340次

`