【登入訊息】
[c5ab1b78563b1f9e4ee17ab01234bc5e]
`登入天數: 253天 / 1604天
等級: 92
石頭: 2459
呼符: 172
友情點: +0 / 1705505`
*連続ログイン1日目
※ログインが途切れるか、7日到達すると
1日目から再開されます*
`フレンドポイント X 2000
8月交換券(2022) X 1
``從者/禮裝數: 703 / 730`
_2022-08-21 19:38:53_
--------
`友情點數召喚累計2251次

`[d4825e10f75d83bc0cfb33b6768a8634]
`登入天數: 143天 / 1793天
等級: 19
石頭: 2301
呼符: 2
友情點: +120 / 1841300`
*連続ログイン3日目
※ログインが途切れるか、7日到達すると
1日目から再開されます*
`叡智の猛火 X 1
8月交換券(2022) X 1
``從者/禮裝數: 682 / 729`
_2022-08-21 19:39:04_
--------
`友情點數召喚累計1760次

`[ff29db15be18f883ffccdf7ab23021a7]
`登入天數: 143天 / 1789天
等級: 18
石頭: 1676
呼符: 2
友情點: +60 / 1720135`
*連続ログイン3日目
※ログインが途切れるか、7日到達すると
1日目から再開されます*
`叡智の猛火 X 1
8月交換券(2022) X 1
``從者/禮裝數: 709 / 753`
_2022-08-21 19:39:15_
--------
`友情點數召喚累計1700次

`[cc4787a257e3a46e268001195f780247]
`登入天數: 143天 / 1803天
等級: 18
石頭: 2382
呼符: 166
友情點: +20 / 1830500`
*連続ログイン3日目
※ログインが途切れるか、7日到達すると
1日目から再開されます*
`叡智の猛火 X 1
8月交換券(2022) X 1
``從者/禮裝數: 715 / 644`
_2022-08-21 19:39:26_
--------
`友情點數召喚累計1680次

`[3f5599a008981ecf87f2dea9d1d83d6a]
`登入天數: 143天 / 1808天
等級: 18
石頭: 2091
呼符: 2
友情點: +0 / 1804150`
*連続ログイン3日目
※ログインが途切れるか、7日到達すると
1日目から再開されます*
`叡智の猛火 X 1
8月交換券(2022) X 1
``從者/禮裝數: 701 / 746`
_2022-08-21 19:39:37_
--------
`友情點數召喚累計1600次

`[0d14e47d83c8b8400ed7555e0192724d]
`登入天數: 143天 / 1730天
等級: 21
石頭: 1271
呼符: 73
友情點: +50 / 1686540`
*連続ログイン3日目
※ログインが途切れるか、7日到達すると
1日目から再開されます*
`叡智の猛火 X 1
8月交換券(2022) X 1
``從者/禮裝數: 705 / 683`
_2022-08-21 19:39:48_
--------
`友情點數召喚累計1550次

`[d4c10e20929a4c973210db1453668b11]
`登入天數: 143天 / 1736天
等級: 20
石頭: 1504
呼符: 2
友情點: +0 / 1660020`
*連続ログイン3日目
※ログインが途切れるか、7日到達すると
1日目から再開されます*
`叡智の猛火 X 1
8月交換券(2022) X 1
``從者/禮裝數: 699 / 736`
_2022-08-21 19:40:00_
--------
`友情點數召喚累計1510次

`[f0cc4e7ae2d4b30013f328b2cf7d6063]
`登入天數: 143天 / 1745天
等級: 20
石頭: 645
呼符: 53
友情點: +0 / 1663585`
*連続ログイン3日目
※ログインが途切れるか、7日到達すると
1日目から再開されます*
`叡智の猛火 X 1
8月交換券(2022) X 1
``從者/禮裝數: 710 / 708`
_2022-08-21 19:40:11_
--------
`友情點數召喚累計1492次

`[48a14ba1dd858b92594b71e0ed7d5311]
`登入天數: 143天 / 1737天
等級: 20
石頭: 1742
呼符: 113
友情點: +0 / 1572985`
*連続ログイン3日目
※ログインが途切れるか、7日到達すると
1日目から再開されます*
`叡智の猛火 X 1
8月交換券(2022) X 1
``從者/禮裝數: 655 / 710`
_2022-08-21 19:40:22_
--------
`友情點數召喚累計1350次

`