【登入訊息】
[c5ab1b78563b1f9e4ee17ab01234bc5e]
`登入天數: 254天 / 1605天
等級: 92
石頭: 2459
呼符: 172
友情點: +0 / 1705505`
*連続ログイン2日目
※ログインが途切れるか、7日到達すると
1日目から再開されます*
`聖晶石 X 1
8月交換券(2022) X 1
``從者/禮裝數: 703 / 736`
_2022-08-22 19:40:55_
--------
`友情點數召喚累計2261次

`[d4825e10f75d83bc0cfb33b6768a8634]
`登入天數: 144天 / 1794天
等級: 19
石頭: 2301
呼符: 2
友情點: +60 / 1841360`
*連続ログイン4日目
※ログインが途切れるか、7日到達すると
1日目から再開されます*
`聖晶石 X 1
8月交換券(2022) X 1
``從者/禮裝數: 686 / 734`
_2022-08-22 19:41:07_
--------
`友情點數召喚累計1770次

`[ff29db15be18f883ffccdf7ab23021a7]
`登入天數: 144天 / 1790天
等級: 18
石頭: 1676
呼符: 2
友情點: +70 / 1720205`
*連続ログイン4日目
※ログインが途切れるか、7日到達すると
1日目から再開されます*
`聖晶石 X 1
8月交換券(2022) X 1
``從者/禮裝數: 711 / 758`
_2022-08-22 19:41:19_
--------
`友情點數召喚累計1710次

`[cc4787a257e3a46e268001195f780247]
`登入天數: 144天 / 1804天
等級: 18
石頭: 2382
呼符: 166
友情點: +90 / 1830590`
*連続ログイン4日目
※ログインが途切れるか、7日到達すると
1日目から再開されます*
`聖晶石 X 1
8月交換券(2022) X 1
``從者/禮裝數: 718 / 650`
_2022-08-22 19:41:31_
--------
`友情點數召喚累計1690次

`[3f5599a008981ecf87f2dea9d1d83d6a]
`登入天數: 144天 / 1809天
等級: 18
石頭: 2091
呼符: 2
友情點: +0 / 1804150`
*連続ログイン4日目
※ログインが途切れるか、7日到達すると
1日目から再開されます*
`聖晶石 X 1
8月交換券(2022) X 1
``從者/禮裝數: 703 / 754`
_2022-08-22 19:41:42_
--------
`友情點數召喚累計1610次

`[0d14e47d83c8b8400ed7555e0192724d]
`登入天數: 144天 / 1731天
等級: 21
石頭: 1271
呼符: 73
友情點: +130 / 1686670`
*連続ログイン4日目
※ログインが途切れるか、7日到達すると
1日目から再開されます*
`聖晶石 X 1
8月交換券(2022) X 1
``從者/禮裝數: 705 / 691`
_2022-08-22 19:41:54_
--------
`友情點數召喚累計1560次

`[d4c10e20929a4c973210db1453668b11]
`登入天數: 144天 / 1737天
等級: 20
石頭: 1504
呼符: 2
友情點: +0 / 1660020`
*連続ログイン4日目
※ログインが途切れるか、7日到達すると
1日目から再開されます*
`聖晶石 X 1
8月交換券(2022) X 1
``從者/禮裝數: 702 / 743`
_2022-08-22 19:42:06_
--------
`友情點數召喚累計1520次

`[f0cc4e7ae2d4b30013f328b2cf7d6063]
`登入天數: 144天 / 1746天
等級: 20
石頭: 645
呼符: 53
友情點: +0 / 1663585`
*連続ログイン4日目
※ログインが途切れるか、7日到達すると
1日目から再開されます*
`聖晶石 X 1
8月交換券(2022) X 1
``從者/禮裝數: 715 / 712`
_2022-08-22 19:42:17_
--------
`友情點數召喚累計1502次

`[48a14ba1dd858b92594b71e0ed7d5311]
`登入天數: 144天 / 1738天
等級: 20
石頭: 1742
呼符: 113
友情點: +0 / 1572985`
*連続ログイン4日目
※ログインが途切れるか、7日到達すると
1日目から再開されます*
`聖晶石 X 1
8月交換券(2022) X 1
``從者/禮裝數: 656 / 717`
_2022-08-22 19:42:29_
--------
`友情點數召喚累計1360次

`