【登入訊息】
[c5ab1b78563b1f9e4ee17ab01234bc5e]
`登入天數: 255天 / 1606天
等級: 92
石頭: 2459
呼符: 172
友情點: +0 / 1705505`
*連続ログイン3日目
※ログインが途切れるか、7日到達すると
1日目から再開されます*
`叡智の猛火 X 1
8月交換券(2022) X 1
``從者/禮裝數: 706 / 740`
_2022-08-23 19:38:58_
--------
`友情點數召喚累計2271次

`[d4825e10f75d83bc0cfb33b6768a8634]
`登入天數: 145天 / 1795天
等級: 19
石頭: 2301
呼符: 2
友情點: +40 / 1841400`
*連続ログイン5日目
※ログインが途切れるか、7日到達すると
1日目から再開されます*
`叡智の猛火 X 2
8月交換券(2022) X 1
``從者/禮裝數: 690 / 739`
_2022-08-23 19:39:10_
--------
`友情點數召喚累計1780次

`[ff29db15be18f883ffccdf7ab23021a7]
`登入天數: 145天 / 1791天
等級: 18
石頭: 1676
呼符: 2
友情點: +70 / 1720275`
*連続ログイン5日目
※ログインが途切れるか、7日到達すると
1日目から再開されます*
`叡智の猛火 X 2
8月交換券(2022) X 1
``從者/禮裝數: 714 / 763`
_2022-08-23 19:39:21_
--------
`友情點數召喚累計1720次

`[cc4787a257e3a46e268001195f780247]
`登入天數: 145天 / 1805天
等級: 18
石頭: 2382
呼符: 166
友情點: +100 / 1830690`
*連続ログイン5日目
※ログインが途切れるか、7日到達すると
1日目から再開されます*
`叡智の猛火 X 2
8月交換券(2022) X 1
``從者/禮裝數: 721 / 654`
_2022-08-23 19:39:33_
--------
`友情點數召喚累計1700次

`[3f5599a008981ecf87f2dea9d1d83d6a]
`登入天數: 145天 / 1810天
等級: 18
石頭: 2091
呼符: 2
友情點: +0 / 1804150`
*連続ログイン5日目
※ログインが途切れるか、7日到達すると
1日目から再開されます*
`叡智の猛火 X 2
8月交換券(2022) X 1
``從者/禮裝數: 706 / 758`
_2022-08-23 19:39:44_
--------
`友情點數召喚累計1620次

`[0d14e47d83c8b8400ed7555e0192724d]
`登入天數: 145天 / 1732天
等級: 21
石頭: 1271
呼符: 73
友情點: +160 / 1686830`
*連続ログイン5日目
※ログインが途切れるか、7日到達すると
1日目から再開されます*
`叡智の猛火 X 2
8月交換券(2022) X 1
``從者/禮裝數: 705 / 698`
_2022-08-23 19:39:56_
--------
`友情點數召喚累計1570次

`[d4c10e20929a4c973210db1453668b11]
`登入天數: 145天 / 1738天
等級: 20
石頭: 1504
呼符: 2
友情點: +0 / 1660020`
*連続ログイン5日目
※ログインが途切れるか、7日到達すると
1日目から再開されます*
`叡智の猛火 X 2
8月交換券(2022) X 1
``從者/禮裝數: 708 / 747`
_2022-08-23 19:40:08_
--------
`友情點數召喚累計1530次

`[f0cc4e7ae2d4b30013f328b2cf7d6063]
`登入天數: 145天 / 1747天
等級: 20
石頭: 645
呼符: 53
友情點: +0 / 1663585`
*連続ログイン5日目
※ログインが途切れるか、7日到達すると
1日目から再開されます*
`叡智の猛火 X 2
8月交換券(2022) X 1
``從者/禮裝數: 716 / 717`
_2022-08-23 19:40:19_
--------
`友情點數召喚累計1512次

`[48a14ba1dd858b92594b71e0ed7d5311]
`登入天數: 145天 / 1739天
等級: 20
石頭: 1742
呼符: 113
友情點: +0 / 1572985`
*連続ログイン5日目
※ログインが途切れるか、7日到達すると
1日目から再開されます*
`叡智の猛火 X 2
8月交換券(2022) X 1
``從者/禮裝數: 657 / 724`
_2022-08-23 19:40:31_
--------
`友情點數召喚累計1370次

`