【登入訊息】
[c5ab1b78563b1f9e4ee17ab01234bc5e]
`登入天數: 256天 / 1607天
等級: 92
石頭: 2459
呼符: 172
友情點: +0 / 1705505`
*連続ログイン4日目
※ログインが途切れるか、7日到達すると
1日目から再開されます*
`聖晶石 X 1
8月交換券(2022) X 1
``從者/禮裝數: 707 / 746`
_2022-08-24 19:39:11_
--------
`友情點數召喚累計2281次

`[d4825e10f75d83bc0cfb33b6768a8634]
`登入天數: 146天 / 1796天
等級: 19
石頭: 2301
呼符: 2
友情點: +40 / 1841440`
*連続ログイン6日目
※ログインが途切れるか、7日到達すると
1日目から再開されます*
`聖晶石 X 2
8月交換券(2022) X 1
``從者/禮裝數: 695 / 741`
_2022-08-24 19:39:22_
--------
`友情點數召喚累計1790次

`[ff29db15be18f883ffccdf7ab23021a7]
`登入天數: 146天 / 1792天
等級: 18
石頭: 1676
呼符: 2
友情點: +10 / 1720285`
*連続ログイン6日目
※ログインが途切れるか、7日到達すると
1日目から再開されます*
`聖晶石 X 2
8月交換券(2022) X 1
``從者/禮裝數: 716 / 767`
_2022-08-24 19:39:33_
--------
`友情點數召喚累計1730次

`[cc4787a257e3a46e268001195f780247]
`登入天數: 146天 / 1806天
等級: 18
石頭: 2382
呼符: 166
友情點: +10 / 1830700`
*連続ログイン6日目
※ログインが途切れるか、7日到達すると
1日目から再開されます*
`聖晶石 X 2
8月交換券(2022) X 1
``從者/禮裝數: 724 / 659`
_2022-08-24 19:39:45_
--------
`友情點數召喚累計1710次

`[3f5599a008981ecf87f2dea9d1d83d6a]
`登入天數: 146天 / 1811天
等級: 18
石頭: 2091
呼符: 2
友情點: +0 / 1804150`
*連続ログイン6日目
※ログインが途切れるか、7日到達すると
1日目から再開されます*
`聖晶石 X 2
8月交換券(2022) X 1
``從者/禮裝數: 709 / 763`
_2022-08-24 19:39:56_
--------
`友情點數召喚累計1630次

`[0d14e47d83c8b8400ed7555e0192724d]
`登入天數: 146天 / 1733天
等級: 21
石頭: 1271
呼符: 73
友情點: +0 / 1686830`
*連続ログイン6日目
※ログインが途切れるか、7日到達すると
1日目から再開されます*
`聖晶石 X 2
8月交換券(2022) X 1
``從者/禮裝數: 708 / 702`
_2022-08-24 19:40:08_
--------
`友情點數召喚累計1580次

`[d4c10e20929a4c973210db1453668b11]
`登入天數: 146天 / 1739天
等級: 20
石頭: 1504
呼符: 2
友情點: +0 / 1660020`
*連続ログイン6日目
※ログインが途切れるか、7日到達すると
1日目から再開されます*
`聖晶石 X 2
8月交換券(2022) X 1
``從者/禮裝數: 712 / 749`
_2022-08-24 19:40:20_
--------
`友情點數召喚累計1540次

`[f0cc4e7ae2d4b30013f328b2cf7d6063]
`登入天數: 146天 / 1748天
等級: 20
石頭: 645
呼符: 53
友情點: +0 / 1663585`
*連続ログイン6日目
※ログインが途切れるか、7日到達すると
1日目から再開されます*
`聖晶石 X 2
8月交換券(2022) X 1
``從者/禮裝數: 722 / 721`
_2022-08-24 19:40:31_
--------
`友情點數召喚累計1522次

`[48a14ba1dd858b92594b71e0ed7d5311]
`登入天數: 146天 / 1740天
等級: 20
石頭: 1742
呼符: 113
友情點: +0 / 1572985`
*連続ログイン6日目
※ログインが途切れるか、7日到達すると
1日目から再開されます*
`聖晶石 X 2
8月交換券(2022) X 1
``從者/禮裝數: 657 / 733`
_2022-08-24 19:40:43_
--------
`友情點數召喚累計1380次

`