【登入訊息】
[c5ab1b78563b1f9e4ee17ab01234bc5e]
`登入天數: 258天 / 1609天
等級: 92
石頭: 2459
呼符: 172
友情點: +0 / 1705505`
*連続ログイン6日目
※ログインが途切れるか、7日到達すると
1日目から再開されます*
`聖晶石 X 2
8月交換券(2022) X 1
``從者/禮裝數: 712 / 753`
_2022-08-26 19:38:50_
--------
`友情點數召喚累計2301次

`[d4825e10f75d83bc0cfb33b6768a8634]
`登入天數: 148天 / 1798天
等級: 19
石頭: 2301
呼符: 2
友情點: +0 / 1841460`
*連続ログイン1日目
※ログインが途切れるか、7日到達すると
1日目から再開されます*
`フレンドポイント X 2000
8月交換券(2022) X 1
``從者/禮裝數: 699 / 750`
_2022-08-26 19:39:02_
--------
`友情點數召喚累計1810次

`[ff29db15be18f883ffccdf7ab23021a7]
`登入天數: 148天 / 1794天
等級: 18
石頭: 1676
呼符: 2
友情點: +0 / 1720285`
*連続ログイン1日目
※ログインが途切れるか、7日到達すると
1日目から再開されます*
`フレンドポイント X 2000
8月交換券(2022) X 1
``從者/禮裝數: 721 / 777`
_2022-08-26 19:39:14_
--------
`友情點數召喚累計1750次

`[cc4787a257e3a46e268001195f780247]
`登入天數: 148天 / 1808天
等級: 18
石頭: 2382
呼符: 166
友情點: +0 / 1830710`
*連続ログイン1日目
※ログインが途切れるか、7日到達すると
1日目から再開されます*
`フレンドポイント X 2000
8月交換券(2022) X 1
``從者/禮裝數: 727 / 669`
_2022-08-26 19:39:25_
--------
`友情點數召喚累計1730次

`[3f5599a008981ecf87f2dea9d1d83d6a]
`登入天數: 148天 / 1813天
等級: 18
石頭: 2091
呼符: 2
友情點: +0 / 1804150`
*連続ログイン1日目
※ログインが途切れるか、7日到達すると
1日目から再開されます*
`フレンドポイント X 2000
8月交換券(2022) X 1
``從者/禮裝數: 715 / 773`
_2022-08-26 19:39:37_
--------
`友情點數召喚累計1650次

`[0d14e47d83c8b8400ed7555e0192724d]
`登入天數: 148天 / 1735天
等級: 21
石頭: 1271
呼符: 73
友情點: +10 / 1686850`
*連続ログイン1日目
※ログインが途切れるか、7日到達すると
1日目から再開されます*
`フレンドポイント X 2000
8月交換券(2022) X 1
``從者/禮裝數: 715 / 712`
_2022-08-26 19:39:48_
--------
`友情點數召喚累計1600次

`[d4c10e20929a4c973210db1453668b11]
`登入天數: 148天 / 1741天
等級: 20
石頭: 1504
呼符: 2
友情點: +0 / 1660020`
*連続ログイン1日目
※ログインが途切れるか、7日到達すると
1日目から再開されます*
`フレンドポイント X 2000
8月交換券(2022) X 1
``從者/禮裝數: 718 / 757`
_2022-08-26 19:40:00_
--------
`友情點數召喚累計1560次

`[f0cc4e7ae2d4b30013f328b2cf7d6063]
`登入天數: 148天 / 1750天
等級: 20
石頭: 645
呼符: 53
友情點: +0 / 1663585`
*連続ログイン1日目
※ログインが途切れるか、7日到達すると
1日目から再開されます*
`フレンドポイント X 2000
8月交換券(2022) X 1
``從者/禮裝數: 727 / 730`
_2022-08-26 19:40:11_
--------
`友情點數召喚累計1542次

`[48a14ba1dd858b92594b71e0ed7d5311]
`登入天數: 148天 / 1742天
等級: 20
石頭: 1742
呼符: 113
友情點: +0 / 1572985`
*連続ログイン1日目
※ログインが途切れるか、7日到達すると
1日目から再開されます*
`フレンドポイント X 2000
8月交換券(2022) X 1
``從者/禮裝數: 662 / 744`
_2022-08-26 19:40:23_
--------
`友情點數召喚累計1400次

`