【登入訊息】
[c5ab1b78563b1f9e4ee17ab01234bc5e]
`登入天數: 259天 / 1610天
等級: 92
石頭: 2459
呼符: 172
友情點: +0 / 1705505`
*連続ログイン7日間到達おめでとうございます！
明日は1日目からリスタートされます。*
`獣の足跡 X 1
呼符 X 1
8月交換券(2022) X 1
``從者/禮裝數: 715 / 760`
_2022-08-27 19:38:51_
--------
`友情點數召喚累計2311次

`[d4825e10f75d83bc0cfb33b6768a8634]
`登入天數: 149天 / 1799天
等級: 19
石頭: 2301
呼符: 2
友情點: +0 / 1841460`
*連続ログイン2日目
※ログインが途切れるか、7日到達すると
1日目から再開されます*
`聖晶石 X 1
8月交換券(2022) X 1
``從者/禮裝數: 701 / 755`
_2022-08-27 19:39:04_
--------
`友情點數召喚累計1820次

`[ff29db15be18f883ffccdf7ab23021a7]
`登入天數: 149天 / 1795天
等級: 18
石頭: 1676
呼符: 2
友情點: +0 / 1720285`
*連続ログイン2日目
※ログインが途切れるか、7日到達すると
1日目から再開されます*
`聖晶石 X 1
8月交換券(2022) X 1
``從者/禮裝數: 723 / 783`
_2022-08-27 19:39:15_
--------
`友情點數召喚累計1760次

`[cc4787a257e3a46e268001195f780247]
`登入天數: 149天 / 1809天
等級: 18
石頭: 2382
呼符: 166
友情點: +0 / 1830710`
*連続ログイン2日目
※ログインが途切れるか、7日到達すると
1日目から再開されます*
`聖晶石 X 1
8月交換券(2022) X 1
``從者/禮裝數: 730 / 673`
_2022-08-27 19:39:27_
--------
`友情點數召喚累計1740次

`[3f5599a008981ecf87f2dea9d1d83d6a]
`登入天數: 149天 / 1814天
等級: 18
石頭: 2091
呼符: 2
友情點: +0 / 1804150`
*連続ログイン2日目
※ログインが途切れるか、7日到達すると
1日目から再開されます*
`聖晶石 X 1
8月交換券(2022) X 1
``從者/禮裝數: 717 / 779`
_2022-08-27 19:39:38_
--------
`友情點數召喚累計1660次

`[0d14e47d83c8b8400ed7555e0192724d]
`登入天數: 149天 / 1736天
等級: 21
石頭: 1271
呼符: 73
友情點: +0 / 1686850`
*連続ログイン2日目
※ログインが途切れるか、7日到達すると
1日目から再開されます*
`聖晶石 X 1
8月交換券(2022) X 1
``從者/禮裝數: 718 / 716`
_2022-08-27 19:39:49_
--------
`友情點數召喚累計1610次

`[d4c10e20929a4c973210db1453668b11]
`登入天數: 149天 / 1742天
等級: 20
石頭: 1504
呼符: 2
友情點: +0 / 1660020`
*連続ログイン2日目
※ログインが途切れるか、7日到達すると
1日目から再開されます*
`聖晶石 X 1
8月交換券(2022) X 1
``從者/禮裝數: 722 / 762`
_2022-08-27 19:40:02_
--------
`友情點數召喚累計1570次

`[f0cc4e7ae2d4b30013f328b2cf7d6063]
`登入天數: 149天 / 1751天
等級: 20
石頭: 645
呼符: 53
友情點: +0 / 1663585`
*連続ログイン2日目
※ログインが途切れるか、7日到達すると
1日目から再開されます*
`聖晶石 X 1
8月交換券(2022) X 1
``從者/禮裝數: 727 / 737`
_2022-08-27 19:40:13_
--------
`友情點數召喚累計1552次

`[48a14ba1dd858b92594b71e0ed7d5311]
`登入天數: 149天 / 1743天
等級: 20
石頭: 1742
呼符: 113
友情點: +0 / 1572985`
*連続ログイン2日目
※ログインが途切れるか、7日到達すると
1日目から再開されます*
`聖晶石 X 1
8月交換券(2022) X 1
``從者/禮裝數: 666 / 748`
_2022-08-27 19:40:25_
--------
`友情點數召喚累計1410次

`