【登入訊息】
[c5ab1b78563b1f9e4ee17ab01234bc5e]
`登入天數: 261天 / 1612天
等級: 92
石頭: 2459
呼符: 172
友情點: +0 / 1705505`
*連続ログイン2日目
※ログインが途切れるか、7日到達すると
1日目から再開されます*
`聖晶石 X 1
8月交換券(2022) X 1
``從者/禮裝數: 720 / 770`
_2022-08-29 19:39:14_
--------
`友情點數召喚累計2331次

`[d4825e10f75d83bc0cfb33b6768a8634]
`登入天數: 151天 / 1801天
等級: 19
石頭: 2301
呼符: 2
友情點: +280 / 1841740`
*連続ログイン4日目
※ログインが途切れるか、7日到達すると
1日目から再開されます*
`聖晶石 X 1
8月交換券(2022) X 1
``從者/禮裝數: 706 / 768`
_2022-08-29 19:39:26_
--------
`友情點數召喚累計1840次

`[ff29db15be18f883ffccdf7ab23021a7]
`登入天數: 151天 / 1797天
等級: 18
石頭: 1676
呼符: 2
友情點: +80 / 1720365`
*連続ログイン4日目
※ログインが途切れるか、7日到達すると
1日目から再開されます*
`聖晶石 X 1
8月交換券(2022) X 1
``從者/禮裝數: 730 / 789`
_2022-08-29 19:39:37_
--------
`友情點數召喚累計1780次

`[cc4787a257e3a46e268001195f780247]
`登入天數: 151天 / 1811天
等級: 18
石頭: 2382
呼符: 166
友情點: +90 / 1830800`
*連続ログイン4日目
※ログインが途切れるか、7日到達すると
1日目から再開されます*
`聖晶石 X 1
8月交換券(2022) X 1
``從者/禮裝數: 734 / 684`
_2022-08-29 19:39:49_
--------
`友情點數召喚累計1760次

`[3f5599a008981ecf87f2dea9d1d83d6a]
`登入天數: 151天 / 1816天
等級: 18
石頭: 2091
呼符: 2
友情點: +0 / 1804150`
*連続ログイン4日目
※ログインが途切れるか、7日到達すると
1日目から再開されます*
`聖晶石 X 1
8月交換券(2022) X 1
``從者/禮裝數: 720 / 790`
_2022-08-29 19:40:00_
--------
`友情點數召喚累計1680次

`[0d14e47d83c8b8400ed7555e0192724d]
`登入天數: 151天 / 1738天
等級: 21
石頭: 1271
呼符: 73
友情點: +160 / 1687010`
*連続ログイン4日目
※ログインが途切れるか、7日到達すると
1日目から再開されます*
`聖晶石 X 1
8月交換券(2022) X 1
``從者/禮裝數: 721 / 727`
_2022-08-29 19:40:12_
--------
`友情點數召喚累計1630次

`[d4c10e20929a4c973210db1453668b11]
`登入天數: 151天 / 1744天
等級: 20
石頭: 1504
呼符: 2
友情點: +0 / 1660020`
*連続ログイン4日目
※ログインが途切れるか、7日到達すると
1日目から再開されます*
`聖晶石 X 1
8月交換券(2022) X 1
``從者/禮裝數: 727 / 772`
_2022-08-29 19:40:24_
--------
`友情點數召喚累計1590次

`[f0cc4e7ae2d4b30013f328b2cf7d6063]
`登入天數: 151天 / 1753天
等級: 20
石頭: 645
呼符: 53
友情點: +0 / 1663585`
*連続ログイン4日目
※ログインが途切れるか、7日到達すると
1日目から再開されます*
`聖晶石 X 1
8月交換券(2022) X 1
``從者/禮裝數: 734 / 745`
_2022-08-29 19:40:36_
--------
`友情點數召喚累計1572次

`[48a14ba1dd858b92594b71e0ed7d5311]
`登入天數: 151天 / 1745天
等級: 20
石頭: 1742
呼符: 113
友情點: +0 / 1572985`
*連続ログイン4日目
※ログインが途切れるか、7日到達すると
1日目から再開されます*
`聖晶石 X 1
8月交換券(2022) X 1
``從者/禮裝數: 672 / 755`
_2022-08-29 19:40:47_
--------
`友情點數召喚累計1430次

`