【登入訊息】
[c5ab1b78563b1f9e4ee17ab01234bc5e]
`登入天數: 262天 / 1613天
等級: 92
石頭: 2459
呼符: 172
友情點: +0 / 1705505`
*連続ログイン3日目
※ログインが途切れるか、7日到達すると
1日目から再開されます*
`叡智の猛火 X 1
8月交換券(2022) X 1
``從者/禮裝數: 724 / 773`
_2022-08-30 19:39:10_
--------
`友情點數召喚累計2341次

`[d4825e10f75d83bc0cfb33b6768a8634]
`登入天數: 152天 / 1802天
等級: 19
石頭: 2301
呼符: 2
友情點: +500 / 1842240`
*連続ログイン5日目
※ログインが途切れるか、7日到達すると
1日目から再開されます*
`叡智の猛火 X 2
8月交換券(2022) X 1
``從者/禮裝數: 707 / 773`
_2022-08-30 19:39:21_
--------
`友情點數召喚累計1850次

`[ff29db15be18f883ffccdf7ab23021a7]
`登入天數: 152天 / 1798天
等級: 18
石頭: 1676
呼符: 2
友情點: +230 / 1720595`
*連続ログイン5日目
※ログインが途切れるか、7日到達すると
1日目から再開されます*
`叡智の猛火 X 2
8月交換券(2022) X 1
``從者/禮裝數: 732 / 796`
_2022-08-30 19:39:32_
--------
`友情點數召喚累計1790次

`[cc4787a257e3a46e268001195f780247]
`登入天數: 152天 / 1812天
等級: 18
石頭: 2382
呼符: 166
友情點: +190 / 1830990`
*連続ログイン5日目
※ログインが途切れるか、7日到達すると
1日目から再開されます*
`叡智の猛火 X 2
8月交換券(2022) X 1
``從者/禮裝數: 735 / 692`
_2022-08-30 19:39:44_
--------
`友情點數召喚累計1770次

`[3f5599a008981ecf87f2dea9d1d83d6a]
`登入天數: 152天 / 1817天
等級: 18
石頭: 2091
呼符: 2
友情點: +0 / 1804150`
*連続ログイン5日目
※ログインが途切れるか、7日到達すると
1日目から再開されます*
`叡智の猛火 X 2
8月交換券(2022) X 1
``從者/禮裝數: 725 / 793`
_2022-08-30 19:39:55_
--------
`友情點數召喚累計1690次

`[0d14e47d83c8b8400ed7555e0192724d]
`登入天數: 152天 / 1739天
等級: 21
石頭: 1271
呼符: 73
友情點: +140 / 1687150`
*連続ログイン5日目
※ログインが途切れるか、7日到達すると
1日目から再開されます*
`叡智の猛火 X 2
8月交換券(2022) X 1
``從者/禮裝數: 723 / 732`
_2022-08-30 19:40:06_
--------
`友情點數召喚累計1640次

`[d4c10e20929a4c973210db1453668b11]
`登入天數: 152天 / 1745天
等級: 20
石頭: 1504
呼符: 2
友情點: +0 / 1660020`
*連続ログイン5日目
※ログインが途切れるか、7日到達すると
1日目から再開されます*
`叡智の猛火 X 2
8月交換券(2022) X 1
``從者/禮裝數: 731 / 777`
_2022-08-30 19:40:17_
--------
`友情點數召喚累計1600次

`[f0cc4e7ae2d4b30013f328b2cf7d6063]
`登入天數: 152天 / 1754天
等級: 20
石頭: 645
呼符: 53
友情點: +0 / 1663585`
*連続ログイン5日目
※ログインが途切れるか、7日到達すると
1日目から再開されます*
`叡智の猛火 X 2
8月交換券(2022) X 1
``從者/禮裝數: 737 / 749`
_2022-08-30 19:40:28_
--------
`友情點數召喚累計1582次

`[48a14ba1dd858b92594b71e0ed7d5311]
`登入天數: 152天 / 1746天
等級: 20
石頭: 1742
呼符: 113
友情點: +0 / 1572985`
*連続ログイン5日目
※ログインが途切れるか、7日到達すると
1日目から再開されます*
`叡智の猛火 X 2
8月交換券(2022) X 1
``從者/禮裝數: 674 / 762`
_2022-08-30 19:40:39_
--------
`友情點數召喚累計1440次

`