【登入訊息】
[c5ab1b78563b1f9e4ee17ab01234bc5e]
`登入天數: 112天 / 1463天
等級: 92
石頭: 2033
呼符: 170
友情點: +0 / 1569145`
`從者/禮裝數: 632 / 556`
_2022-04-03 10:52:39_
--------
[d4825e10f75d83bc0cfb33b6768a8634]
`登入天數: 2天 / 1652天
等級: 19
石頭: 2244
呼符: 41
友情點: +0 / 1702235`
`從者/禮裝數: 646 / 600`
_2022-04-03 10:52:47_
--------
[ff29db15be18f883ffccdf7ab23021a7]
`登入天數: 2天 / 1648天
等級: 18
石頭: 1320
呼符: 41
友情點: +0 / 1579590`
*連続ログイン2日目
※ログインが途切れるか、7日到達すると
1日目から再開されます*
`聖晶石 X 1
4月交換券(2022) X 1
``從者/禮裝數: 620 / 602`
_2022-04-03 10:52:55_
--------
`友情點數召喚累計910次

`[cc4787a257e3a46e268001195f780247]
`登入天數: 2天 / 1662天
等級: 18
石頭: 1962
呼符: 144
友情點: +40 / 1690360`
*連続ログイン2日目
※ログインが途切れるか、7日到達すると
1日目から再開されます*
`聖晶石 X 1
4月交換券(2022) X 1
``從者/禮裝數: 614 / 597`
_2022-04-03 10:53:06_
--------
`友情點數召喚累計810次

`[3f5599a008981ecf87f2dea9d1d83d6a]
`登入天數: 2天 / 1667天
等級: 18
石頭: 2245
呼符: 38
友情點: +0 / 1667775`
*連続ログイン2日目
※ログインが途切れるか、7日到達すると
1日目から再開されます*
`聖晶石 X 1
4月交換券(2022) X 1
``從者/禮裝數: 508 / 580`
_2022-04-03 10:53:17_
--------
`友情點數召喚累計890次

`[0d14e47d83c8b8400ed7555e0192724d]
`登入天數: 2天 / 1589天
等級: 20
石頭: 824
呼符: 40
友情點: +10 / 1547820`
*連続ログイン2日目
※ログインが途切れるか、7日到達すると
1日目から再開されます*
`聖晶石 X 1
4月交換券(2022) X 1
``從者/禮裝數: 556 / 564`
_2022-04-03 10:53:28_
--------
`友情點數召喚累計830次

`[d4c10e20929a4c973210db1453668b11]
`登入天數: 2天 / 1595天
等級: 19
石頭: 2018
呼符: 35
友情點: +0 / 1525745`
*連続ログイン2日目
※ログインが途切れるか、7日到達すると
1日目から再開されます*
`聖晶石 X 1
4月交換券(2022) X 1
``從者/禮裝數: 544 / 532`
_2022-04-03 10:53:39_
--------
`友情點數召喚累計800次

`[f0cc4e7ae2d4b30013f328b2cf7d6063]
`登入天數: 2天 / 1604天
等級: 20
石頭: 228
呼符: 35
友情點: +0 / 1529320`
*連続ログイン2日目
※ログインが途切れるか、7日到達すると
1日目から再開されます*
`聖晶石 X 1
4月交換券(2022) X 1
``從者/禮裝數: 556 / 579`
_2022-04-03 10:53:50_
--------
`友情點數召喚累計822次

`[48a14ba1dd858b92594b71e0ed7d5311]
`登入天數: 2天 / 1596天
等級: 20
石頭: 1331
呼符: 59
友情點: +0 / 1438640`
*連続ログイン2日目
※ログインが途切れるか、7日到達すると
1日目から再開されます*
`聖晶石 X 1
4月交換券(2022) X 1
``從者/禮裝數: 614 / 583`
_2022-04-03 10:54:01_
--------
`友情點數召喚累計670次

`