【登入訊息】
[c5ab1b78563b1f9e4ee17ab01234bc5e]
`登入天數: 113天 / 1464天
等級: 92
石頭: 2033
呼符: 170
友情點: +0 / 1569145`
*連続ログイン1日目
※ログインが途切れるか、7日到達すると
1日目から再開されます*
`フレンドポイント X 2000
4月交換券(2022) X 1
``從者/禮裝數: 632 / 556`
_2022-04-03 19:35:40_
--------
`友情點數召喚累計1281次

`[d4825e10f75d83bc0cfb33b6768a8634]
`登入天數: 3天 / 1653天
等級: 19
石頭: 2244
呼符: 41
友情點: +20 / 1702255`
*連続ログイン3日目
※ログインが途切れるか、7日到達すると
1日目から再開されます*
`叡智の猛火 X 1
4月交換券(2022) X 1
``從者/禮裝數: 646 / 600`
_2022-04-03 19:35:52_
--------
`友情點數召喚累計830次

`[ff29db15be18f883ffccdf7ab23021a7]
`登入天數: 3天 / 1649天
等級: 18
石頭: 1320
呼符: 41
友情點: +0 / 1579590`
*連続ログイン3日目
※ログインが途切れるか、7日到達すると
1日目から再開されます*
`叡智の猛火 X 1
4月交換券(2022) X 1
``從者/禮裝數: 621 / 605`
_2022-04-03 19:36:04_
--------
`友情點數召喚累計920次

`[cc4787a257e3a46e268001195f780247]
`登入天數: 3天 / 1663天
等級: 18
石頭: 1962
呼符: 144
友情點: +0 / 1690360`
*連続ログイン3日目
※ログインが途切れるか、7日到達すると
1日目から再開されます*
`叡智の猛火 X 1
4月交換券(2022) X 1
``從者/禮裝數: 617 / 604`
_2022-04-03 19:36:16_
--------
`友情點數召喚累計820次

`[3f5599a008981ecf87f2dea9d1d83d6a]
`登入天數: 3天 / 1668天
等級: 18
石頭: 2245
呼符: 38
友情點: +0 / 1667775`
*連続ログイン3日目
※ログインが途切れるか、7日到達すると
1日目から再開されます*
`叡智の猛火 X 1
4月交換券(2022) X 1
``從者/禮裝數: 512 / 583`
_2022-04-03 19:36:28_
--------
`友情點數召喚累計900次

`[0d14e47d83c8b8400ed7555e0192724d]
`登入天數: 3天 / 1590天
等級: 20
石頭: 824
呼符: 40
友情點: +0 / 1547820`
*連続ログイン3日目
※ログインが途切れるか、7日到達すると
1日目から再開されます*
`叡智の猛火 X 1
4月交換券(2022) X 1
``從者/禮裝數: 558 / 569`
_2022-04-03 19:36:40_
--------
`友情點數召喚累計840次

`[d4c10e20929a4c973210db1453668b11]
`登入天數: 3天 / 1596天
等級: 19
石頭: 2018
呼符: 35
友情點: +0 / 1525745`
*連続ログイン3日目
※ログインが途切れるか、7日到達すると
1日目から再開されます*
`叡智の猛火 X 1
4月交換券(2022) X 1
``從者/禮裝數: 545 / 540`
_2022-04-03 19:36:53_
--------
`友情點數召喚累計810次

`[f0cc4e7ae2d4b30013f328b2cf7d6063]
`登入天數: 3天 / 1605天
等級: 20
石頭: 228
呼符: 35
友情點: +0 / 1529320`
*連続ログイン3日目
※ログインが途切れるか、7日到達すると
1日目から再開されます*
`叡智の猛火 X 1
4月交換券(2022) X 1
``從者/禮裝數: 557 / 588`
_2022-04-03 19:37:05_
--------
`友情點數召喚累計832次

`[48a14ba1dd858b92594b71e0ed7d5311]
`登入天數: 3天 / 1597天
等級: 20
石頭: 1331
呼符: 59
友情點: +0 / 1438640`
*連続ログイン3日目
※ログインが途切れるか、7日到達すると
1日目から再開されます*
`叡智の猛火 X 1
4月交換券(2022) X 1
``從者/禮裝數: 616 / 591`
_2022-04-03 19:37:17_
--------
`友情點數召喚累計680次

`