【登入訊息】
[c5ab1b78563b1f9e4ee17ab01234bc5e]
`登入天數: 114天 / 1465天
等級: 92
石頭: 2033
呼符: 170
友情點: +0 / 1569145`
*連続ログイン2日目
※ログインが途切れるか、7日到達すると
1日目から再開されます*
`聖晶石 X 1
4月交換券(2022) X 1
``從者/禮裝數: 635 / 561`
_2022-04-04 19:35:12_
--------
`友情點數召喚累計1291次

`[d4825e10f75d83bc0cfb33b6768a8634]
`登入天數: 4天 / 1654天
等級: 19
石頭: 2244
呼符: 41
友情點: +80 / 1702335`
*連続ログイン4日目
※ログインが途切れるか、7日到達すると
1日目から再開されます*
`聖晶石 X 1
4月交換券(2022) X 1
``從者/禮裝數: 654 / 601`
_2022-04-04 19:35:23_
--------
`友情點數召喚累計840次

`[ff29db15be18f883ffccdf7ab23021a7]
`登入天數: 4天 / 1650天
等級: 18
石頭: 1320
呼符: 41
友情點: +60 / 1579650`
*連続ログイン4日目
※ログインが途切れるか、7日到達すると
1日目から再開されます*
`聖晶石 X 1
4月交換券(2022) X 1
``從者/禮裝數: 621 / 613`
_2022-04-04 19:35:34_
--------
`友情點數召喚累計930次

`[cc4787a257e3a46e268001195f780247]
`登入天數: 4天 / 1664天
等級: 18
石頭: 1962
呼符: 144
友情點: +50 / 1690410`
*連続ログイン4日目
※ログインが途切れるか、7日到達すると
1日目から再開されます*
`聖晶石 X 1
4月交換券(2022) X 1
``從者/禮裝數: 621 / 608`
_2022-04-04 19:35:45_
--------
`友情點數召喚累計830次

`[3f5599a008981ecf87f2dea9d1d83d6a]
`登入天數: 4天 / 1669天
等級: 18
石頭: 2245
呼符: 38
友情點: +0 / 1667775`
*連続ログイン4日目
※ログインが途切れるか、7日到達すると
1日目から再開されます*
`聖晶石 X 1
4月交換券(2022) X 1
``從者/禮裝數: 514 / 590`
_2022-04-04 19:35:56_
--------
`友情點數召喚累計910次

`[0d14e47d83c8b8400ed7555e0192724d]
`登入天數: 4天 / 1591天
等級: 20
石頭: 824
呼符: 40
友情點: +70 / 1547890`
*連続ログイン4日目
※ログインが途切れるか、7日到達すると
1日目から再開されます*
`聖晶石 X 1
4月交換券(2022) X 1
``從者/禮裝數: 561 / 576`
_2022-04-04 19:36:07_
--------
`友情點數召喚累計850次

`[d4c10e20929a4c973210db1453668b11]
`登入天數: 4天 / 1597天
等級: 19
石頭: 2018
呼符: 35
友情點: +0 / 1525745`
*連続ログイン4日目
※ログインが途切れるか、7日到達すると
1日目から再開されます*
`聖晶石 X 1
4月交換券(2022) X 1
``從者/禮裝數: 549 / 545`
_2022-04-04 19:36:19_
--------
`友情點數召喚累計820次

`[f0cc4e7ae2d4b30013f328b2cf7d6063]
`登入天數: 4天 / 1606天
等級: 20
石頭: 228
呼符: 35
友情點: +0 / 1529320`
*連続ログイン4日目
※ログインが途切れるか、7日到達すると
1日目から再開されます*
`聖晶石 X 1
4月交換券(2022) X 1
``從者/禮裝數: 559 / 593`
_2022-04-04 19:36:30_
--------
`友情點數召喚累計842次

`[48a14ba1dd858b92594b71e0ed7d5311]
`登入天數: 4天 / 1598天
等級: 20
石頭: 1331
呼符: 59
友情點: +0 / 1438640`
*連続ログイン4日目
※ログインが途切れるか、7日到達すると
1日目から再開されます*
`聖晶石 X 1
4月交換券(2022) X 1
``從者/禮裝數: 621 / 594`
_2022-04-04 19:36:41_
--------
`友情點數召喚累計690次

`