【登入訊息】
[c5ab1b78563b1f9e4ee17ab01234bc5e]
`登入天數: 115天 / 1466天
等級: 92
石頭: 2033
呼符: 170
友情點: +0 / 1569145`
*連続ログイン3日目
※ログインが途切れるか、7日到達すると
1日目から再開されます*
`叡智の猛火 X 1
4月交換券(2022) X 1
``從者/禮裝數: 640 / 564`
_2022-04-05 19:35:20_
--------
`友情點數召喚累計1301次

`[d4825e10f75d83bc0cfb33b6768a8634]
`登入天數: 5天 / 1655天
等級: 19
石頭: 2244
呼符: 41
友情點: +160 / 1702495`
*連続ログイン5日目
※ログインが途切れるか、7日到達すると
1日目から再開されます*
`叡智の猛火 X 2
4月交換券(2022) X 1
``從者/禮裝數: 655 / 607`
_2022-04-05 19:35:32_
--------
`友情點數召喚累計850次

`[ff29db15be18f883ffccdf7ab23021a7]
`登入天數: 5天 / 1651天
等級: 18
石頭: 1320
呼符: 41
友情點: +70 / 1579720`
*連続ログイン5日目
※ログインが途切れるか、7日到達すると
1日目から再開されます*
`叡智の猛火 X 2
4月交換券(2022) X 1
``從者/禮裝數: 627 / 615`
_2022-04-05 19:35:43_
--------
`友情點數召喚累計940次

`[cc4787a257e3a46e268001195f780247]
`登入天數: 5天 / 1665天
等級: 18
石頭: 1962
呼符: 144
友情點: +60 / 1690470`
*連続ログイン5日目
※ログインが途切れるか、7日到達すると
1日目から再開されます*
`叡智の猛火 X 2
4月交換券(2022) X 1
``從者/禮裝數: 623 / 611`
_2022-04-05 19:35:54_
--------
`友情點數召喚累計840次

`[3f5599a008981ecf87f2dea9d1d83d6a]
`登入天數: 5天 / 1670天
等級: 18
石頭: 2245
呼符: 38
友情點: +0 / 1667775`
*連続ログイン5日目
※ログインが途切れるか、7日到達すると
1日目から再開されます*
`叡智の猛火 X 2
4月交換券(2022) X 1
``從者/禮裝數: 518 / 593`
_2022-04-05 19:36:05_
--------
`友情點數召喚累計920次

`[0d14e47d83c8b8400ed7555e0192724d]
`登入天數: 5天 / 1592天
等級: 20
石頭: 824
呼符: 40
友情點: +70 / 1547960`
*連続ログイン5日目
※ログインが途切れるか、7日到達すると
1日目から再開されます*
`叡智の猛火 X 2
4月交換券(2022) X 1
``從者/禮裝數: 565 / 580`
_2022-04-05 19:36:16_
--------
`友情點數召喚累計860次

`[d4c10e20929a4c973210db1453668b11]
`登入天數: 5天 / 1598天
等級: 19
石頭: 2018
呼符: 35
友情點: +0 / 1525745`
*連続ログイン5日目
※ログインが途切れるか、7日到達すると
1日目から再開されます*
`叡智の猛火 X 2
4月交換券(2022) X 1
``從者/禮裝數: 553 / 548`
_2022-04-05 19:36:27_
--------
`友情點數召喚累計830次

`[f0cc4e7ae2d4b30013f328b2cf7d6063]
`登入天數: 5天 / 1607天
等級: 20
石頭: 228
呼符: 35
友情點: +0 / 1529320`
*連続ログイン5日目
※ログインが途切れるか、7日到達すると
1日目から再開されます*
`叡智の猛火 X 2
4月交換券(2022) X 1
``從者/禮裝數: 561 / 597`
_2022-04-05 19:36:38_
--------
`友情點數召喚累計852次

`[48a14ba1dd858b92594b71e0ed7d5311]
`登入天數: 5天 / 1599天
等級: 20
石頭: 1331
呼符: 59
友情點: +0 / 1438640`
*連続ログイン5日目
※ログインが途切れるか、7日到達すると
1日目から再開されます*
`叡智の猛火 X 2
4月交換券(2022) X 1
``從者/禮裝數: 623 / 599`
_2022-04-05 19:36:49_
--------
`友情點數召喚累計700次

`