【登入訊息】
[c5ab1b78563b1f9e4ee17ab01234bc5e]
`登入天數: 116天 / 1467天
等級: 92
石頭: 2033
呼符: 170
友情點: +0 / 1569145`
*連続ログイン4日目
※ログインが途切れるか、7日到達すると
1日目から再開されます*
`聖晶石 X 1
4月交換券(2022) X 1
``從者/禮裝數: 643 / 568`
_2022-04-06 19:34:30_
--------
`友情點數召喚累計1311次

`[d4825e10f75d83bc0cfb33b6768a8634]
`登入天數: 6天 / 1656天
等級: 19
石頭: 2244
呼符: 41
友情點: +40 / 1702535`
*連続ログイン6日目
※ログインが途切れるか、7日到達すると
1日目から再開されます*
`聖晶石 X 2
4月交換券(2022) X 1
``從者/禮裝數: 657 / 614`
_2022-04-06 19:34:41_
--------
`友情點數召喚累計860次

`[ff29db15be18f883ffccdf7ab23021a7]
`登入天數: 6天 / 1652天
等級: 18
石頭: 1320
呼符: 41
友情點: +10 / 1579730`
*連続ログイン6日目
※ログインが途切れるか、7日到達すると
1日目から再開されます*
`聖晶石 X 2
4月交換券(2022) X 1
``從者/禮裝數: 631 / 621`
_2022-04-06 19:34:53_
--------
`友情點數召喚累計950次

`[cc4787a257e3a46e268001195f780247]
`登入天數: 6天 / 1666天
等級: 18
石頭: 1962
呼符: 144
友情點: +0 / 1690470`
*連続ログイン6日目
※ログインが途切れるか、7日到達すると
1日目から再開されます*
`聖晶石 X 2
4月交換券(2022) X 1
``從者/禮裝數: 627 / 616`
_2022-04-06 19:35:04_
--------
`友情點數召喚累計850次

`[3f5599a008981ecf87f2dea9d1d83d6a]
`登入天數: 6天 / 1671天
等級: 18
石頭: 2245
呼符: 38
友情點: +0 / 1667775`
*連続ログイン6日目
※ログインが途切れるか、7日到達すると
1日目から再開されます*
`聖晶石 X 2
4月交換券(2022) X 1
``從者/禮裝數: 518 / 600`
_2022-04-06 19:35:16_
--------
`友情點數召喚累計930次

`[0d14e47d83c8b8400ed7555e0192724d]
`登入天數: 6天 / 1593天
等級: 20
石頭: 824
呼符: 40
友情點: +50 / 1548010`
*連続ログイン6日目
※ログインが途切れるか、7日到達すると
1日目から再開されます*
`聖晶石 X 2
4月交換券(2022) X 1
``從者/禮裝數: 566 / 587`
_2022-04-06 19:35:28_
--------
`友情點數召喚累計870次

`[d4c10e20929a4c973210db1453668b11]
`登入天數: 6天 / 1599天
等級: 19
石頭: 2018
呼符: 35
友情點: +0 / 1525745`
*連続ログイン6日目
※ログインが途切れるか、7日到達すると
1日目から再開されます*
`聖晶石 X 2
4月交換券(2022) X 1
``從者/禮裝數: 556 / 553`
_2022-04-06 19:35:39_
--------
`友情點數召喚累計840次

`[f0cc4e7ae2d4b30013f328b2cf7d6063]
`登入天數: 6天 / 1608天
等級: 20
石頭: 228
呼符: 35
友情點: +0 / 1529320`
*連続ログイン6日目
※ログインが途切れるか、7日到達すると
1日目から再開されます*
`聖晶石 X 2
4月交換券(2022) X 1
``從者/禮裝數: 562 / 604`
_2022-04-06 19:35:51_
--------
`友情點數召喚累計862次

`[48a14ba1dd858b92594b71e0ed7d5311]
`登入天數: 6天 / 1600天
等級: 20
石頭: 1331
呼符: 59
友情點: +0 / 1438640`
*連続ログイン6日目
※ログインが途切れるか、7日到達すると
1日目から再開されます*
`聖晶石 X 2
4月交換券(2022) X 1
``從者/禮裝數: 628 / 600`
_2022-04-06 19:36:02_
--------
`友情點數召喚累計710次

`