【登入訊息】
[c5ab1b78563b1f9e4ee17ab01234bc5e]
`登入天數: 118天 / 1469天
等級: 92
石頭: 2033
呼符: 170
友情點: +0 / 1569145`
*連続ログイン6日目
※ログインが途切れるか、7日到達すると
1日目から再開されます*
`聖晶石 X 2
4月交換券(2022) X 1
``從者/禮裝數: 650 / 578`
_2022-04-08 19:35:14_
--------
`友情點數召喚累計1331次

`[d4825e10f75d83bc0cfb33b6768a8634]
`登入天數: 8天 / 1658天
等級: 19
石頭: 1974
呼符: 11
友情點: +50 / 1702855`
*連続ログイン1日目
※ログインが途切れるか、7日到達すると
1日目から再開されます*
`フレンドポイント X 2000
4月交換券(2022) X 1
``從者/禮裝數: 566 / 664`
_2022-04-08 19:35:25_
--------
`友情點數召喚累計880次

`[ff29db15be18f883ffccdf7ab23021a7]
`登入天數: 8天 / 1654天
等級: 18
石頭: 1320
呼符: 41
友情點: +20 / 1579750`
*連続ログイン1日目
※ログインが途切れるか、7日到達すると
1日目から再開されます*
`フレンドポイント X 2000
4月交換券(2022) X 1
``從者/禮裝數: 636 / 632`
_2022-04-08 19:35:37_
--------
`友情點數召喚累計970次

`[cc4787a257e3a46e268001195f780247]
`登入天數: 8天 / 1668天
等級: 18
石頭: 1962
呼符: 144
友情點: +50 / 1690550`
*連続ログイン1日目
※ログインが途切れるか、7日到達すると
1日目から再開されます*
`フレンドポイント X 2000
4月交換券(2022) X 1
``從者/禮裝數: 630 / 629`
_2022-04-08 19:35:48_
--------
`友情點數召喚累計870次

`[3f5599a008981ecf87f2dea9d1d83d6a]
`登入天數: 8天 / 1673天
等級: 18
石頭: 2245
呼符: 38
友情點: +0 / 1667775`
*連続ログイン1日目
※ログインが途切れるか、7日到達すると
1日目から再開されます*
`フレンドポイント X 2000
4月交換券(2022) X 1
``從者/禮裝數: 526 / 609`
_2022-04-08 19:36:00_
--------
`友情點數召喚累計950次

`[0d14e47d83c8b8400ed7555e0192724d]
`登入天數: 8天 / 1595天
等級: 20
石頭: 824
呼符: 40
友情點: +40 / 1548060`
*連続ログイン1日目
※ログインが途切れるか、7日到達すると
1日目から再開されます*
`フレンドポイント X 2000
4月交換券(2022) X 1
``從者/禮裝數: 571 / 597`
_2022-04-08 19:36:12_
--------
`友情點數召喚累計890次

`[d4c10e20929a4c973210db1453668b11]
`登入天數: 8天 / 1601天
等級: 19
石頭: 2018
呼符: 35
友情點: +0 / 1525745`
*連続ログイン1日目
※ログインが途切れるか、7日到達すると
1日目から再開されます*
`フレンドポイント X 2000
4月交換券(2022) X 1
``從者/禮裝數: 561 / 562`
_2022-04-08 19:36:24_
--------
`友情點數召喚累計860次

`[f0cc4e7ae2d4b30013f328b2cf7d6063]
`登入天數: 8天 / 1610天
等級: 20
石頭: 228
呼符: 35
友情點: +0 / 1529320`
*連続ログイン1日目
※ログインが途切れるか、7日到達すると
1日目から再開されます*
`フレンドポイント X 2000
4月交換券(2022) X 1
``從者/禮裝數: 566 / 614`
_2022-04-08 19:36:35_
--------
`友情點數召喚累計882次

`[48a14ba1dd858b92594b71e0ed7d5311]
`登入天數: 8天 / 1602天
等級: 20
石頭: 1331
呼符: 59
友情點: +0 / 1438640`
*連続ログイン1日目
※ログインが途切れるか、7日到達すると
1日目から再開されます*
`フレンドポイント X 2000
4月交換券(2022) X 1
``從者/禮裝數: 633 / 608`
_2022-04-08 19:36:47_
--------
`友情點數召喚累計730次

`