【登入訊息】
[c5ab1b78563b1f9e4ee17ab01234bc5e]
`登入天數: 119天 / 1470天
等級: 92
石頭: 2033
呼符: 170
友情點: +0 / 1569145`
*連続ログイン7日間到達おめでとうございます！
明日は1日目からリスタートされます。*
`獣の足跡 X 1
呼符 X 1
4月交換券(2022) X 1
``從者/禮裝數: 654 / 583`
_2022-04-09 19:35:05_
--------
`友情點數召喚累計1341次

`[d4825e10f75d83bc0cfb33b6768a8634]
`登入天數: 9天 / 1659天
等級: 19
石頭: 1974
呼符: 11
友情點: +100 / 1702955`
*連続ログイン2日目
※ログインが途切れるか、7日到達すると
1日目から再開されます*
`聖晶石 X 1
4月交換券(2022) X 1
``從者/禮裝數: 569 / 668`
_2022-04-09 19:35:16_
--------
`友情點數召喚累計890次

`[ff29db15be18f883ffccdf7ab23021a7]
`登入天數: 9天 / 1655天
等級: 18
石頭: 1320
呼符: 41
友情點: +60 / 1579810`
*連続ログイン2日目
※ログインが途切れるか、7日到達すると
1日目から再開されます*
`聖晶石 X 1
4月交換券(2022) X 1
``從者/禮裝數: 640 / 636`
_2022-04-09 19:35:27_
--------
`友情點數召喚累計980次

`[cc4787a257e3a46e268001195f780247]
`登入天數: 9天 / 1669天
等級: 18
石頭: 1962
呼符: 144
友情點: +10 / 1690560`
*連続ログイン2日目
※ログインが途切れるか、7日到達すると
1日目から再開されます*
`聖晶石 X 1
4月交換券(2022) X 1
``從者/禮裝數: 632 / 635`
_2022-04-09 19:35:38_
--------
`友情點數召喚累計880次

`[3f5599a008981ecf87f2dea9d1d83d6a]
`登入天數: 9天 / 1674天
等級: 18
石頭: 2245
呼符: 38
友情點: +0 / 1667775`
*連続ログイン2日目
※ログインが途切れるか、7日到達すると
1日目から再開されます*
`聖晶石 X 1
4月交換券(2022) X 1
``從者/禮裝數: 527 / 616`
_2022-04-09 19:35:49_
--------
`友情點數召喚累計960次

`[0d14e47d83c8b8400ed7555e0192724d]
`登入天數: 9天 / 1596天
等級: 20
石頭: 824
呼符: 40
友情點: +60 / 1548120`
*連続ログイン2日目
※ログインが途切れるか、7日到達すると
1日目から再開されます*
`聖晶石 X 1
4月交換券(2022) X 1
``從者/禮裝數: 573 / 604`
_2022-04-09 19:36:00_
--------
`友情點數召喚累計900次

`[d4c10e20929a4c973210db1453668b11]
`登入天數: 9天 / 1602天
等級: 19
石頭: 2018
呼符: 35
友情點: +0 / 1525745`
*連続ログイン2日目
※ログインが途切れるか、7日到達すると
1日目から再開されます*
`聖晶石 X 1
4月交換券(2022) X 1
``從者/禮裝數: 566 / 565`
_2022-04-09 19:36:11_
--------
`友情點數召喚累計870次

`[f0cc4e7ae2d4b30013f328b2cf7d6063]
`登入天數: 9天 / 1611天
等級: 20
石頭: 228
呼符: 35
友情點: +0 / 1529320`
*連続ログイン2日目
※ログインが途切れるか、7日到達すると
1日目から再開されます*
`聖晶石 X 1
4月交換券(2022) X 1
``從者/禮裝數: 568 / 621`
_2022-04-09 19:36:22_
--------
`友情點數召喚累計892次

`[48a14ba1dd858b92594b71e0ed7d5311]
`登入天數: 9天 / 1603天
等級: 20
石頭: 1331
呼符: 59
友情點: +0 / 1438640`
*連続ログイン2日目
※ログインが途切れるか、7日到達すると
1日目から再開されます*
`聖晶石 X 1
4月交換券(2022) X 1
``從者/禮裝數: 636 / 613`
_2022-04-09 19:36:32_
--------
`友情點數召喚累計740次

`