【登入訊息】
[c5ab1b78563b1f9e4ee17ab01234bc5e]
`登入天數: 120天 / 1471天
等級: 92
石頭: 2033
呼符: 170
友情點: +0 / 1569145`
*連続ログイン1日目
※ログインが途切れるか、7日到達すると
1日目から再開されます*
`フレンドポイント X 2000
4月交換券(2022) X 1
``從者/禮裝數: 656 / 588`
_2022-04-10 19:35:10_
--------
`友情點數召喚累計1351次

`[d4825e10f75d83bc0cfb33b6768a8634]
`登入天數: 10天 / 1660天
等級: 19
石頭: 1974
呼符: 11
友情點: +0 / 1702955`
*連続ログイン3日目
※ログインが途切れるか、7日到達すると
1日目から再開されます*
`叡智の猛火 X 1
4月交換券(2022) X 1
``從者/禮裝數: 574 / 671`
_2022-04-10 19:35:21_
--------
`友情點數召喚累計900次

`[ff29db15be18f883ffccdf7ab23021a7]
`登入天數: 10天 / 1656天
等級: 18
石頭: 1320
呼符: 41
友情點: +20 / 1579830`
*連続ログイン3日目
※ログインが途切れるか、7日到達すると
1日目から再開されます*
`叡智の猛火 X 1
4月交換券(2022) X 1
``從者/禮裝數: 642 / 640`
_2022-04-10 19:35:32_
--------
`友情點數召喚累計990次

`[cc4787a257e3a46e268001195f780247]
`登入天數: 10天 / 1670天
等級: 18
石頭: 1962
呼符: 144
友情點: +30 / 1690590`
*連続ログイン3日目
※ログインが途切れるか、7日到達すると
1日目から再開されます*
`叡智の猛火 X 1
4月交換券(2022) X 1
``從者/禮裝數: 638 / 638`
_2022-04-10 19:35:43_
--------
`友情點數召喚累計890次

`[3f5599a008981ecf87f2dea9d1d83d6a]
`登入天數: 10天 / 1675天
等級: 18
石頭: 2245
呼符: 38
友情點: +0 / 1667775`
*連続ログイン3日目
※ログインが途切れるか、7日到達すると
1日目から再開されます*
`叡智の猛火 X 1
4月交換券(2022) X 1
``從者/禮裝數: 529 / 623`
_2022-04-10 19:35:54_
--------
`友情點數召喚累計970次

`[0d14e47d83c8b8400ed7555e0192724d]
`登入天數: 10天 / 1597天
等級: 20
石頭: 824
呼符: 40
友情點: +30 / 1548150`
*連続ログイン3日目
※ログインが途切れるか、7日到達すると
1日目から再開されます*
`叡智の猛火 X 1
4月交換券(2022) X 1
``從者/禮裝數: 577 / 609`
_2022-04-10 19:36:05_
--------
`友情點數召喚累計910次

`[d4c10e20929a4c973210db1453668b11]
`登入天數: 10天 / 1603天
等級: 19
石頭: 2018
呼符: 35
友情點: +0 / 1525745`
*連続ログイン3日目
※ログインが途切れるか、7日到達すると
1日目から再開されます*
`叡智の猛火 X 1
4月交換券(2022) X 1
``從者/禮裝數: 570 / 569`
_2022-04-10 19:36:16_
--------
`友情點數召喚累計880次

`[f0cc4e7ae2d4b30013f328b2cf7d6063]
`登入天數: 10天 / 1612天
等級: 20
石頭: 228
呼符: 35
友情點: +0 / 1529320`
*連続ログイン3日目
※ログインが途切れるか、7日到達すると
1日目から再開されます*
`叡智の猛火 X 1
4月交換券(2022) X 1
``從者/禮裝數: 570 / 626`
_2022-04-10 19:36:27_
--------
`友情點數召喚累計902次

`[48a14ba1dd858b92594b71e0ed7d5311]
`登入天數: 10天 / 1604天
等級: 20
石頭: 1331
呼符: 59
友情點: +0 / 1438640`
*連続ログイン3日目
※ログインが途切れるか、7日到達すると
1日目から再開されます*
`叡智の猛火 X 1
4月交換券(2022) X 1
``從者/禮裝數: 641 / 616`
_2022-04-10 19:36:38_
--------
`友情點數召喚累計750次

`