【登入訊息】
[c5ab1b78563b1f9e4ee17ab01234bc5e]
`登入天數: 121天 / 1472天
等級: 92
石頭: 2033
呼符: 170
友情點: +0 / 1569145`
*連続ログイン2日目
※ログインが途切れるか、7日到達すると
1日目から再開されます*
`聖晶石 X 1
4月交換券(2022) X 1
``從者/禮裝數: 659 / 593`
_2022-04-11 19:35:08_
--------
`友情點數召喚累計1361次

`[d4825e10f75d83bc0cfb33b6768a8634]
`登入天數: 11天 / 1661天
等級: 19
石頭: 1974
呼符: 11
友情點: +0 / 1702955`
*連続ログイン4日目
※ログインが途切れるか、7日到達すると
1日目から再開されます*
`聖晶石 X 1
4月交換券(2022) X 1
``從者/禮裝數: 576 / 675`
_2022-04-11 19:35:19_
--------
`友情點數召喚累計910次

`[ff29db15be18f883ffccdf7ab23021a7]
`登入天數: 11天 / 1657天
等級: 18
石頭: 1320
呼符: 41
友情點: +20 / 1579850`
*連続ログイン4日目
※ログインが途切れるか、7日到達すると
1日目から再開されます*
`聖晶石 X 1
4月交換券(2022) X 1
``從者/禮裝數: 645 / 644`
_2022-04-11 19:35:31_
--------
`友情點數召喚累計1000次

`[cc4787a257e3a46e268001195f780247]
`登入天數: 11天 / 1671天
等級: 18
石頭: 1962
呼符: 144
友情點: +30 / 1690620`
*連続ログイン4日目
※ログインが途切れるか、7日到達すると
1日目から再開されます*
`聖晶石 X 1
4月交換券(2022) X 1
``從者/禮裝數: 641 / 642`
_2022-04-11 19:35:42_
--------
`友情點數召喚累計900次

`[3f5599a008981ecf87f2dea9d1d83d6a]
`登入天數: 11天 / 1676天
等級: 18
石頭: 2245
呼符: 38
友情點: +0 / 1667775`
*連続ログイン4日目
※ログインが途切れるか、7日到達すると
1日目から再開されます*
`聖晶石 X 1
4月交換券(2022) X 1
``從者/禮裝數: 531 / 628`
_2022-04-11 19:35:54_
--------
`友情點數召喚累計980次

`[0d14e47d83c8b8400ed7555e0192724d]
`登入天數: 11天 / 1598天
等級: 20
石頭: 824
呼符: 40
友情點: +60 / 1548210`
*連続ログイン4日目
※ログインが途切れるか、7日到達すると
1日目から再開されます*
`聖晶石 X 1
4月交換券(2022) X 1
``從者/禮裝數: 579 / 617`
_2022-04-11 19:36:06_
--------
`友情點數召喚累計920次

`[d4c10e20929a4c973210db1453668b11]
`登入天數: 11天 / 1604天
等級: 19
石頭: 2018
呼符: 35
友情點: +0 / 1525745`
*連続ログイン4日目
※ログインが途切れるか、7日到達すると
1日目から再開されます*
`聖晶石 X 1
4月交換券(2022) X 1
``從者/禮裝數: 571 / 574`
_2022-04-11 19:36:18_
--------
`友情點數召喚累計890次

`[f0cc4e7ae2d4b30013f328b2cf7d6063]
`登入天數: 11天 / 1613天
等級: 20
石頭: 228
呼符: 35
友情點: +0 / 1529320`
*連続ログイン4日目
※ログインが途切れるか、7日到達すると
1日目から再開されます*
`聖晶石 X 1
4月交換券(2022) X 1
``從者/禮裝數: 572 / 631`
_2022-04-11 19:36:30_
--------
`友情點數召喚累計912次

`[48a14ba1dd858b92594b71e0ed7d5311]
`登入天數: 11天 / 1605天
等級: 20
石頭: 1331
呼符: 59
友情點: +0 / 1438640`
*連続ログイン4日目
※ログインが途切れるか、7日到達すると
1日目から再開されます*
`聖晶石 X 1
4月交換券(2022) X 1
``從者/禮裝數: 644 / 619`
_2022-04-11 19:36:41_
--------
`友情點數召喚累計760次

`