【登入訊息】
[c5ab1b78563b1f9e4ee17ab01234bc5e]
`登入天數: 122天 / 1473天
等級: 92
石頭: 2033
呼符: 170
友情點: +0 / 1569145`
*連続ログイン3日目
※ログインが途切れるか、7日到達すると
1日目から再開されます*
`叡智の猛火 X 1
4月交換券(2022) X 1
``從者/禮裝數: 662 / 598`
_2022-04-12 19:35:13_
--------
`友情點數召喚累計1371次

`[d4825e10f75d83bc0cfb33b6768a8634]
`登入天數: 12天 / 1662天
等級: 19
石頭: 1974
呼符: 11
友情點: +0 / 1702955`
*連続ログイン5日目
※ログインが途切れるか、7日到達すると
1日目から再開されます*
`叡智の猛火 X 2
4月交換券(2022) X 1
``從者/禮裝數: 581 / 677`
_2022-04-12 19:35:24_
--------
`友情點數召喚累計920次

`[ff29db15be18f883ffccdf7ab23021a7]
`登入天數: 12天 / 1658天
等級: 18
石頭: 1320
呼符: 41
友情點: +70 / 1579920`
*連続ログイン5日目
※ログインが途切れるか、7日到達すると
1日目から再開されます*
`叡智の猛火 X 2
4月交換券(2022) X 1
``從者/禮裝數: 647 / 649`
_2022-04-12 19:35:35_
--------
`友情點數召喚累計1010次

`[cc4787a257e3a46e268001195f780247]
`登入天數: 12天 / 1672天
等級: 18
石頭: 1962
呼符: 144
友情點: +50 / 1690670`
*連続ログイン5日目
※ログインが途切れるか、7日到達すると
1日目から再開されます*
`叡智の猛火 X 2
4月交換券(2022) X 1
``從者/禮裝數: 646 / 645`
_2022-04-12 19:35:46_
--------
`友情點數召喚累計910次

`[3f5599a008981ecf87f2dea9d1d83d6a]
`登入天數: 12天 / 1677天
等級: 18
石頭: 2245
呼符: 38
友情點: +0 / 1667775`
*連続ログイン5日目
※ログインが途切れるか、7日到達すると
1日目から再開されます*
`叡智の猛火 X 2
4月交換券(2022) X 1
``從者/禮裝數: 534 / 633`
_2022-04-12 19:35:57_
--------
`友情點數召喚累計990次

`[0d14e47d83c8b8400ed7555e0192724d]
`登入天數: 12天 / 1599天
等級: 20
石頭: 824
呼符: 40
友情點: +40 / 1548250`
*連続ログイン5日目
※ログインが途切れるか、7日到達すると
1日目から再開されます*
`叡智の猛火 X 2
4月交換券(2022) X 1
``從者/禮裝數: 581 / 624`
_2022-04-12 19:36:08_
--------
`友情點數召喚累計930次

`[d4c10e20929a4c973210db1453668b11]
`登入天數: 12天 / 1605天
等級: 19
石頭: 2018
呼符: 35
友情點: +0 / 1525745`
*連続ログイン5日目
※ログインが途切れるか、7日到達すると
1日目から再開されます*
`叡智の猛火 X 2
4月交換券(2022) X 1
``從者/禮裝數: 577 / 576`
_2022-04-12 19:36:20_
--------
`友情點數召喚累計900次

`[f0cc4e7ae2d4b30013f328b2cf7d6063]
`登入天數: 12天 / 1614天
等級: 20
石頭: 228
呼符: 35
友情點: +0 / 1529320`
*連続ログイン5日目
※ログインが途切れるか、7日到達すると
1日目から再開されます*
`叡智の猛火 X 2
4月交換券(2022) X 1
``從者/禮裝數: 574 / 638`
_2022-04-12 19:36:31_
--------
`友情點數召喚累計922次

`[48a14ba1dd858b92594b71e0ed7d5311]
`登入天數: 12天 / 1606天
等級: 20
石頭: 1331
呼符: 59
友情點: +0 / 1438640`
*連続ログイン5日目
※ログインが途切れるか、7日到達すると
1日目から再開されます*
`叡智の猛火 X 2
4月交換券(2022) X 1
``從者/禮裝數: 645 / 627`
_2022-04-12 19:36:41_
--------
`友情點數召喚累計770次

`