【登入訊息】
[c5ab1b78563b1f9e4ee17ab01234bc5e]
`登入天數: 123天 / 1474天
等級: 92
石頭: 2033
呼符: 170
友情點: +0 / 1569145`
*連続ログイン4日目
※ログインが途切れるか、7日到達すると
1日目から再開されます*
`聖晶石 X 1
4月交換券(2022) X 1
``從者/禮裝數: 668 / 602`
_2022-04-13 19:35:23_
--------
`友情點數召喚累計1381次

`[d4825e10f75d83bc0cfb33b6768a8634]
`登入天數: 13天 / 1663天
等級: 19
石頭: 1974
呼符: 11
友情點: +50 / 1703205`
*連続ログイン6日目
※ログインが途切れるか、7日到達すると
1日目から再開されます*
`聖晶石 X 2
4月交換券(2022) X 1
``從者/禮裝數: 586 / 681`
_2022-04-13 19:35:34_
--------
`友情點數召喚累計930次

`[ff29db15be18f883ffccdf7ab23021a7]
`登入天數: 13天 / 1659天
等級: 18
石頭: 1320
呼符: 41
友情點: +70 / 1579990`
*連続ログイン6日目
※ログインが途切れるか、7日到達すると
1日目から再開されます*
`聖晶石 X 2
4月交換券(2022) X 1
``從者/禮裝數: 652 / 653`
_2022-04-13 19:35:45_
--------
`友情點數召喚累計1020次

`[cc4787a257e3a46e268001195f780247]
`登入天數: 13天 / 1673天
等級: 18
石頭: 1962
呼符: 144
友情點: +50 / 1690720`
*連続ログイン6日目
※ログインが途切れるか、7日到達すると
1日目から再開されます*
`聖晶石 X 2
4月交換券(2022) X 1
``從者/禮裝數: 649 / 651`
_2022-04-13 19:35:57_
--------
`友情點數召喚累計920次

`[3f5599a008981ecf87f2dea9d1d83d6a]
`登入天數: 13天 / 1678天
等級: 18
石頭: 2245
呼符: 38
友情點: +0 / 1667775`
*連続ログイン6日目
※ログインが途切れるか、7日到達すると
1日目から再開されます*
`聖晶石 X 2
4月交換券(2022) X 1
``從者/禮裝數: 536 / 638`
_2022-04-13 19:36:08_
--------
`友情點數召喚累計1000次

`[0d14e47d83c8b8400ed7555e0192724d]
`登入天數: 13天 / 1600天
等級: 20
石頭: 824
呼符: 40
友情點: +90 / 1548340`
*連続ログイン6日目
※ログインが途切れるか、7日到達すると
1日目から再開されます*
`聖晶石 X 2
4月交換券(2022) X 1
``從者/禮裝數: 584 / 628`
_2022-04-13 19:36:19_
--------
`友情點數召喚累計940次

`[d4c10e20929a4c973210db1453668b11]
`登入天數: 13天 / 1606天
等級: 19
石頭: 2018
呼符: 35
友情點: +0 / 1525745`
*連続ログイン6日目
※ログインが途切れるか、7日到達すると
1日目から再開されます*
`聖晶石 X 2
4月交換券(2022) X 1
``從者/禮裝數: 578 / 582`
_2022-04-13 19:36:30_
--------
`友情點數召喚累計910次

`[f0cc4e7ae2d4b30013f328b2cf7d6063]
`登入天數: 13天 / 1615天
等級: 20
石頭: 228
呼符: 35
友情點: +0 / 1529320`
*連続ログイン6日目
※ログインが途切れるか、7日到達すると
1日目から再開されます*
`聖晶石 X 2
4月交換券(2022) X 1
``從者/禮裝數: 575 / 645`
_2022-04-13 19:36:41_
--------
`友情點數召喚累計932次

`[48a14ba1dd858b92594b71e0ed7d5311]
`登入天數: 13天 / 1607天
等級: 20
石頭: 1331
呼符: 59
友情點: +0 / 1438640`
*連続ログイン6日目
※ログインが途切れるか、7日到達すると
1日目から再開されます*
`聖晶石 X 2
4月交換券(2022) X 1
``從者/禮裝數: 648 / 633`
_2022-04-13 19:36:52_
--------
`友情點數召喚累計780次

`