【登入訊息】
[c5ab1b78563b1f9e4ee17ab01234bc5e]
`登入天數: 125天 / 1476天
等級: 92
石頭: 2033
呼符: 170
友情點: +0 / 1569145`
*連続ログイン6日目
※ログインが途切れるか、7日到達すると
1日目から再開されます*
`聖晶石 X 2
4月交換券(2022) X 1
``從者/禮裝數: 674 / 612`
_2022-04-15 19:34:59_
--------
`友情點數召喚累計1401次

`[d4825e10f75d83bc0cfb33b6768a8634]
`登入天數: 15天 / 1665天
等級: 19
石頭: 1974
呼符: 11
友情點: +25 / 1703330`
*連続ログイン1日目
※ログインが途切れるか、7日到達すると
1日目から再開されます*
`フレンドポイント X 2000
4月交換券(2022) X 1
``從者/禮裝數: 595 / 688`
_2022-04-15 19:35:10_
--------
`友情點數召喚累計950次

`[ff29db15be18f883ffccdf7ab23021a7]
`登入天數: 15天 / 1661天
等級: 18
石頭: 1320
呼符: 41
友情點: +20 / 1580030`
*連続ログイン1日目
※ログインが途切れるか、7日到達すると
1日目から再開されます*
`フレンドポイント X 2000
4月交換券(2022) X 1
``從者/禮裝數: 661 / 659`
_2022-04-15 19:35:21_
--------
`友情點數召喚累計1040次

`[cc4787a257e3a46e268001195f780247]
`登入天數: 15天 / 1675天
等級: 18
石頭: 1962
呼符: 144
友情點: +10 / 1690740`
*連続ログイン1日目
※ログインが途切れるか、7日到達すると
1日目から再開されます*
`フレンドポイント X 2000
4月交換券(2022) X 1
``從者/禮裝數: 657 / 659`
_2022-04-15 19:35:32_
--------
`友情點數召喚累計940次

`[3f5599a008981ecf87f2dea9d1d83d6a]
`登入天數: 15天 / 1680天
等級: 18
石頭: 2245
呼符: 38
友情點: +0 / 1667775`
*連続ログイン1日目
※ログインが途切れるか、7日到達すると
1日目から再開されます*
`フレンドポイント X 2000
4月交換券(2022) X 1
``從者/禮裝數: 542 / 645`
_2022-04-15 19:35:43_
--------
`友情點數召喚累計1020次

`[0d14e47d83c8b8400ed7555e0192724d]
`登入天數: 15天 / 1602天
等級: 20
石頭: 824
呼符: 40
友情點: +30 / 1548380`
*連続ログイン1日目
※ログインが途切れるか、7日到達すると
1日目から再開されます*
`フレンドポイント X 2000
4月交換券(2022) X 1
``從者/禮裝數: 590 / 638`
_2022-04-15 19:35:55_
--------
`友情點數召喚累計960次

`[d4c10e20929a4c973210db1453668b11]
`登入天數: 15天 / 1608天
等級: 19
石頭: 2018
呼符: 35
友情點: +0 / 1525745`
*連続ログイン1日目
※ログインが途切れるか、7日到達すると
1日目から再開されます*
`フレンドポイント X 2000
4月交換券(2022) X 1
``從者/禮裝數: 586 / 591`
_2022-04-15 19:36:06_
--------
`友情點數召喚累計930次

`[f0cc4e7ae2d4b30013f328b2cf7d6063]
`登入天數: 15天 / 1617天
等級: 20
石頭: 228
呼符: 35
友情點: +0 / 1529320`
*連続ログイン1日目
※ログインが途切れるか、7日到達すると
1日目から再開されます*
`フレンドポイント X 2000
4月交換券(2022) X 1
``從者/禮裝數: 578 / 657`
_2022-04-15 19:36:17_
--------
`友情點數召喚累計952次

`[48a14ba1dd858b92594b71e0ed7d5311]
`登入天數: 15天 / 1609天
等級: 20
石頭: 1331
呼符: 59
友情點: +0 / 1438640`
*連続ログイン1日目
※ログインが途切れるか、7日到達すると
1日目から再開されます*
`フレンドポイント X 2000
4月交換券(2022) X 1
``從者/禮裝數: 652 / 642`
_2022-04-15 19:36:29_
--------
`友情點數召喚累計800次

`