【登入訊息】
[c5ab1b78563b1f9e4ee17ab01234bc5e]
`登入天數: 126天 / 1477天
等級: 92
石頭: 2033
呼符: 170
友情點: +0 / 1569145`
*連続ログイン7日間到達おめでとうございます！
明日は1日目からリスタートされます。*
`獣の足跡 X 1
呼符 X 1
4月交換券(2022) X 1
``從者/禮裝數: 677 / 617`
_2022-04-16 19:35:12_
--------
`友情點數召喚累計1411次

`[d4825e10f75d83bc0cfb33b6768a8634]
`登入天數: 16天 / 1666天
等級: 19
石頭: 1974
呼符: 11
友情點: +25 / 1703355`
*連続ログイン2日目
※ログインが途切れるか、7日到達すると
1日目から再開されます*
`聖晶石 X 1
4月交換券(2022) X 1
``從者/禮裝數: 598 / 693`
_2022-04-16 19:35:23_
--------
`友情點數召喚累計960次

`[ff29db15be18f883ffccdf7ab23021a7]
`登入天數: 16天 / 1662天
等級: 18
石頭: 1320
呼符: 41
友情點: +20 / 1580050`
*連続ログイン2日目
※ログインが途切れるか、7日到達すると
1日目から再開されます*
`聖晶石 X 1
4月交換券(2022) X 1
``從者/禮裝數: 665 / 663`
_2022-04-16 19:35:34_
--------
`友情點數召喚累計1050次

`[cc4787a257e3a46e268001195f780247]
`登入天數: 16天 / 1676天
等級: 18
石頭: 1962
呼符: 144
友情點: +10 / 1690750`
*連続ログイン2日目
※ログインが途切れるか、7日到達すると
1日目から再開されます*
`聖晶石 X 1
4月交換券(2022) X 1
``從者/禮裝數: 659 / 664`
_2022-04-16 19:35:45_
--------
`友情點數召喚累計950次

`[3f5599a008981ecf87f2dea9d1d83d6a]
`登入天數: 16天 / 1681天
等級: 18
石頭: 2245
呼符: 38
友情點: +0 / 1667775`
*連続ログイン2日目
※ログインが途切れるか、7日到達すると
1日目から再開されます*
`聖晶石 X 1
4月交換券(2022) X 1
``從者/禮裝數: 544 / 650`
_2022-04-16 19:35:57_
--------
`友情點數召喚累計1030次

`[0d14e47d83c8b8400ed7555e0192724d]
`登入天數: 16天 / 1603天
等級: 20
石頭: 824
呼符: 40
友情點: +10 / 1548390`
*連続ログイン2日目
※ログインが途切れるか、7日到達すると
1日目から再開されます*
`聖晶石 X 1
4月交換券(2022) X 1
``從者/禮裝數: 591 / 643`
_2022-04-16 19:36:08_
--------
`友情點數召喚累計970次

`[d4c10e20929a4c973210db1453668b11]
`登入天數: 16天 / 1609天
等級: 19
石頭: 2018
呼符: 35
友情點: +0 / 1525745`
*連続ログイン2日目
※ログインが途切れるか、7日到達すると
1日目から再開されます*
`聖晶石 X 1
4月交換券(2022) X 1
``從者/禮裝數: 589 / 596`
_2022-04-16 19:36:19_
--------
`友情點數召喚累計940次

`[f0cc4e7ae2d4b30013f328b2cf7d6063]
`登入天數: 16天 / 1618天
等級: 20
石頭: 228
呼符: 35
友情點: +0 / 1529320`
*連続ログイン2日目
※ログインが途切れるか、7日到達すると
1日目から再開されます*
`聖晶石 X 1
4月交換券(2022) X 1
``從者/禮裝數: 578 / 664`
_2022-04-16 19:36:30_
--------
`友情點數召喚累計962次

`[48a14ba1dd858b92594b71e0ed7d5311]
`登入天數: 16天 / 1610天
等級: 20
石頭: 1331
呼符: 59
友情點: +0 / 1438640`
*連続ログイン2日目
※ログインが途切れるか、7日到達すると
1日目から再開されます*
`聖晶石 X 1
4月交換券(2022) X 1
``從者/禮裝數: 655 / 648`
_2022-04-16 19:36:41_
--------
`友情點數召喚累計810次

`