【登入訊息】
[c5ab1b78563b1f9e4ee17ab01234bc5e]
`登入天數: 127天 / 1478天
等級: 92
石頭: 2033
呼符: 170
友情點: +0 / 1569145`
*連続ログイン1日目
※ログインが途切れるか、7日到達すると
1日目から再開されます*
`フレンドポイント X 2000
4月交換券(2022) X 1
``從者/禮裝數: 679 / 623`
_2022-04-17 19:35:30_
--------
`友情點數召喚累計1421次

`[d4825e10f75d83bc0cfb33b6768a8634]
`登入天數: 17天 / 1667天
等級: 19
石頭: 1974
呼符: 11
友情點: +25 / 1703380`
*連続ログイン3日目
※ログインが途切れるか、7日到達すると
1日目から再開されます*
`叡智の猛火 X 1
4月交換券(2022) X 1
``從者/禮裝數: 601 / 696`
_2022-04-17 19:35:41_
--------
`友情點數召喚累計970次

`[ff29db15be18f883ffccdf7ab23021a7]
`登入天數: 17天 / 1663天
等級: 18
石頭: 1320
呼符: 41
友情點: +40 / 1580090`
*連続ログイン3日目
※ログインが途切れるか、7日到達すると
1日目から再開されます*
`叡智の猛火 X 1
4月交換券(2022) X 1
``從者/禮裝數: 666 / 669`
_2022-04-17 19:35:53_
--------
`友情點數召喚累計1060次

`[cc4787a257e3a46e268001195f780247]
`登入天數: 17天 / 1677天
等級: 18
石頭: 1962
呼符: 144
友情點: +10 / 1690760`
*連続ログイン3日目
※ログインが途切れるか、7日到達すると
1日目から再開されます*
`叡智の猛火 X 1
4月交換券(2022) X 1
``從者/禮裝數: 661 / 669`
_2022-04-17 19:36:05_
--------
`友情點數召喚累計960次

`[3f5599a008981ecf87f2dea9d1d83d6a]
`登入天數: 17天 / 1682天
等級: 18
石頭: 2245
呼符: 38
友情點: +0 / 1667775`
*連続ログイン3日目
※ログインが途切れるか、7日到達すると
1日目から再開されます*
`叡智の猛火 X 1
4月交換券(2022) X 1
``從者/禮裝數: 544 / 657`
_2022-04-17 19:36:16_
--------
`友情點數召喚累計1040次

`[0d14e47d83c8b8400ed7555e0192724d]
`登入天數: 17天 / 1604天
等級: 20
石頭: 824
呼符: 40
友情點: +30 / 1548420`
*連続ログイン3日目
※ログインが途切れるか、7日到達すると
1日目から再開されます*
`叡智の猛火 X 1
4月交換券(2022) X 1
``從者/禮裝數: 593 / 649`
_2022-04-17 19:36:28_
--------
`友情點數召喚累計980次

`[d4c10e20929a4c973210db1453668b11]
`登入天數: 17天 / 1610天
等級: 19
石頭: 2018
呼符: 35
友情點: +0 / 1525745`
*連続ログイン3日目
※ログインが途切れるか、7日到達すると
1日目から再開されます*
`叡智の猛火 X 1
4月交換券(2022) X 1
``從者/禮裝數: 593 / 600`
_2022-04-17 19:36:40_
--------
`友情點數召喚累計950次

`[f0cc4e7ae2d4b30013f328b2cf7d6063]
`登入天數: 17天 / 1619天
等級: 20
石頭: 228
呼符: 35
友情點: +0 / 1529320`
*連続ログイン3日目
※ログインが途切れるか、7日到達すると
1日目から再開されます*
`叡智の猛火 X 1
4月交換券(2022) X 1
``從者/禮裝數: 582 / 668`
_2022-04-17 19:36:52_
--------
`友情點數召喚累計972次

`[48a14ba1dd858b92594b71e0ed7d5311]
`登入天數: 17天 / 1611天
等級: 20
石頭: 1331
呼符: 59
友情點: +0 / 1438640`
*連続ログイン3日目
※ログインが途切れるか、7日到達すると
1日目から再開されます*
`叡智の猛火 X 1
4月交換券(2022) X 1
``從者/禮裝數: 659 / 653`
_2022-04-17 19:37:03_
--------
`友情點數召喚累計820次

`