【登入訊息】
[c5ab1b78563b1f9e4ee17ab01234bc5e]
`登入天數: 128天 / 1479天
等級: 92
石頭: 2033
呼符: 170
友情點: +0 / 1569145`
*連続ログイン2日目
※ログインが途切れるか、7日到達すると
1日目から再開されます*
`聖晶石 X 1
4月交換券(2022) X 1
``從者/禮裝數: 681 / 631`
_2022-04-18 19:35:18_
--------
`友情點數召喚累計1431次

`[d4825e10f75d83bc0cfb33b6768a8634]
`登入天數: 18天 / 1668天
等級: 19
石頭: 1974
呼符: 11
友情點: +0 / 1703380`
*連続ログイン4日目
※ログインが途切れるか、7日到達すると
1日目から再開されます*
`聖晶石 X 1
4月交換券(2022) X 1
``從者/禮裝數: 605 / 701`
_2022-04-18 19:35:29_
--------
[ff29db15be18f883ffccdf7ab23021a7]
`登入天數: 18天 / 1664天
等級: 18
石頭: 1320
呼符: 41
友情點: +80 / 1580170`
*連続ログイン4日目
※ログインが途切れるか、7日到達すると
1日目から再開されます*
`聖晶石 X 1
4月交換券(2022) X 1
``從者/禮裝數: 671 / 673`
_2022-04-18 19:35:38_
--------
`友情點數召喚累計1070次

`[cc4787a257e3a46e268001195f780247]
`登入天數: 18天 / 1678天
等級: 18
石頭: 1962
呼符: 144
友情點: +20 / 1690780`
*連続ログイン4日目
※ログインが途切れるか、7日到達すると
1日目から再開されます*
`聖晶石 X 1
4月交換券(2022) X 1
``從者/禮裝數: 662 / 678`
_2022-04-18 19:35:49_
--------
`友情點數召喚累計970次

`[3f5599a008981ecf87f2dea9d1d83d6a]
`登入天數: 18天 / 1683天
等級: 18
石頭: 2245
呼符: 38
友情點: +0 / 1667775`
*連続ログイン4日目
※ログインが途切れるか、7日到達すると
1日目から再開されます*
`聖晶石 X 1
4月交換券(2022) X 1
``從者/禮裝數: 547 / 662`
_2022-04-18 19:35:59_
--------
`友情點數召喚累計1050次

`[0d14e47d83c8b8400ed7555e0192724d]
`登入天數: 18天 / 1605天
等級: 20
石頭: 824
呼符: 40
友情點: +0 / 1548420`
*連続ログイン4日目
※ログインが途切れるか、7日到達すると
1日目から再開されます*
`聖晶石 X 1
4月交換券(2022) X 1
``從者/禮裝數: 594 / 656`
_2022-04-18 19:36:10_
--------
`友情點數召喚累計990次

`[d4c10e20929a4c973210db1453668b11]
`登入天數: 18天 / 1611天
等級: 19
石頭: 2018
呼符: 35
友情點: +0 / 1525745`
*連続ログイン4日目
※ログインが途切れるか、7日到達すると
1日目から再開されます*
`聖晶石 X 1
4月交換券(2022) X 1
``從者/禮裝數: 596 / 607`
_2022-04-18 19:36:21_
--------
`友情點數召喚累計960次

`[f0cc4e7ae2d4b30013f328b2cf7d6063]
`登入天數: 18天 / 1620天
等級: 20
石頭: 228
呼符: 35
友情點: +0 / 1529320`
*連続ログイン4日目
※ログインが途切れるか、7日到達すると
1日目から再開されます*
`聖晶石 X 1
4月交換券(2022) X 1
``從者/禮裝數: 586 / 673`
_2022-04-18 19:36:32_
--------
`友情點數召喚累計982次

`[48a14ba1dd858b92594b71e0ed7d5311]
`登入天數: 18天 / 1612天
等級: 20
石頭: 1331
呼符: 59
友情點: +0 / 1438640`
*連続ログイン4日目
※ログインが途切れるか、7日到達すると
1日目から再開されます*
`聖晶石 X 1
4月交換券(2022) X 1
``從者/禮裝數: 661 / 658`
_2022-04-18 19:36:43_
--------
`友情點數召喚累計830次

`