【登入訊息】
[c5ab1b78563b1f9e4ee17ab01234bc5e]
`登入天數: 130天 / 1481天
等級: 92
石頭: 2033
呼符: 170
友情點: +0 / 1569145`
*連続ログイン4日目
※ログインが途切れるか、7日到達すると
1日目から再開されます*
`聖晶石 X 1
4月交換券(2022) X 1
`*マンガで分かる！Fate/Grand Order×FGOコラボレーションイベント
開幕直前特別ログインボーナス*
*開催期間中、1日1回 最大7回 ログインボーナスをプレゼント！*
/webview/loginbonus/20220421_xy03hw/xy03hw_k_01.png
`白銀の果実 X 1
``從者/禮裝數: 686 / 643`
_2022-04-20 19:35:45_
--------
`友情點數召喚累計1451次

`[d4825e10f75d83bc0cfb33b6768a8634]
`登入天數: 20天 / 1670天
等級: 19
石頭: 1974
呼符: 11
友情點: +75 / 1703455`
*連続ログイン6日目
※ログインが途切れるか、7日到達すると
1日目から再開されます*
`聖晶石 X 2
4月交換券(2022) X 1
`*マンガで分かる！Fate/Grand Order×FGOコラボレーションイベント
開幕直前特別ログインボーナス*
*開催期間中、1日1回 最大7回 ログインボーナスをプレゼント！*
/webview/loginbonus/20220421_xy03hw/xy03hw_k_01.png
`白銀の果実 X 1
``從者/禮裝數: 605 / 701`
_2022-04-20 19:35:56_
--------
[ff29db15be18f883ffccdf7ab23021a7]
`登入天數: 20天 / 1666天
等級: 18
石頭: 1320
呼符: 41
友情點: +10 / 1580210`
*連続ログイン6日目
※ログインが途切れるか、7日到達すると
1日目から再開されます*
`聖晶石 X 2
4月交換券(2022) X 1
`*マンガで分かる！Fate/Grand Order×FGOコラボレーションイベント
開幕直前特別ログインボーナス*
*開催期間中、1日1回 最大7回 ログインボーナスをプレゼント！*
/webview/loginbonus/20220421_xy03hw/xy03hw_k_01.png
`白銀の果実 X 1
``從者/禮裝數: 678 / 681`
_2022-04-20 19:36:04_
--------
`友情點數召喚累計1090次

`[cc4787a257e3a46e268001195f780247]
`登入天數: 20天 / 1680天
等級: 18
石頭: 1962
呼符: 144
友情點: +10 / 1690830`
*連続ログイン6日目
※ログインが途切れるか、7日到達すると
1日目から再開されます*
`聖晶石 X 2
4月交換券(2022) X 1
`*マンガで分かる！Fate/Grand Order×FGOコラボレーションイベント
開幕直前特別ログインボーナス*
*開催期間中、1日1回 最大7回 ログインボーナスをプレゼント！*
/webview/loginbonus/20220421_xy03hw/xy03hw_k_01.png
`白銀の果実 X 1
``從者/禮裝數: 666 / 685`
_2022-04-20 19:36:16_
--------
`友情點數召喚累計990次

`[3f5599a008981ecf87f2dea9d1d83d6a]
`登入天數: 20天 / 1685天
等級: 18
石頭: 2245
呼符: 38
友情點: +0 / 1667775`
*連続ログイン6日目
※ログインが途切れるか、7日到達すると
1日目から再開されます*
`聖晶石 X 2
4月交換券(2022) X 1
`*マンガで分かる！Fate/Grand Order×FGOコラボレーションイベント
開幕直前特別ログインボーナス*
*開催期間中、1日1回 最大7回 ログインボーナスをプレゼント！*
/webview/loginbonus/20220421_xy03hw/xy03hw_k_01.png
`白銀の果実 X 1
``從者/禮裝數: 553 / 669`
_2022-04-20 19:36:26_
--------
`友情點數召喚累計1070次

`[0d14e47d83c8b8400ed7555e0192724d]
`登入天數: 20天 / 1607天
等級: 20
石頭: 824
呼符: 40
友情點: +10 / 1548480`
*連続ログイン6日目
※ログインが途切れるか、7日到達すると
1日目から再開されます*
`聖晶石 X 2
4月交換券(2022) X 1
`*マンガで分かる！Fate/Grand Order×FGOコラボレーションイベント
開幕直前特別ログインボーナス*
*開催期間中、1日1回 最大7回 ログインボーナスをプレゼント！*
/webview/loginbonus/20220421_xy03hw/xy03hw_k_01.png
`白銀の果実 X 1
``從者/禮裝數: 604 / 659`
_2022-04-20 19:36:37_
--------
`友情點數召喚累計1010次

`[d4c10e20929a4c973210db1453668b11]
`登入天數: 20天 / 1613天
等級: 19
石頭: 2018
呼符: 35
友情點: +0 / 1525745`
*連続ログイン6日目
※ログインが途切れるか、7日到達すると
1日目から再開されます*
`聖晶石 X 2
4月交換券(2022) X 1
`*マンガで分かる！Fate/Grand Order×FGOコラボレーションイベント
開幕直前特別ログインボーナス*
*開催期間中、1日1回 最大7回 ログインボーナスをプレゼント！*
/webview/loginbonus/20220421_xy03hw/xy03hw_k_01.png
`白銀の果実 X 1
``從者/禮裝數: 604 / 614`
_2022-04-20 19:36:48_
--------
`友情點數召喚累計980次

`[f0cc4e7ae2d4b30013f328b2cf7d6063]
`登入天數: 20天 / 1622天
等級: 20
石頭: 228
呼符: 35
友情點: +0 / 1529320`
*連続ログイン6日目
※ログインが途切れるか、7日到達すると
1日目から再開されます*
`聖晶石 X 2
4月交換券(2022) X 1
`*マンガで分かる！Fate/Grand Order×FGOコラボレーションイベント
開幕直前特別ログインボーナス*
*開催期間中、1日1回 最大7回 ログインボーナスをプレゼント！*
/webview/loginbonus/20220421_xy03hw/xy03hw_k_01.png
`白銀の果実 X 1
``從者/禮裝數: 593 / 686`
_2022-04-20 19:36:59_
--------
`友情點數召喚累計1002次

`[48a14ba1dd858b92594b71e0ed7d5311]
`登入天數: 20天 / 1614天
等級: 20
石頭: 1331
呼符: 59
友情點: +0 / 1438640`
*連続ログイン6日目
※ログインが途切れるか、7日到達すると
1日目から再開されます*
`聖晶石 X 2
4月交換券(2022) X 1
`*マンガで分かる！Fate/Grand Order×FGOコラボレーションイベント
開幕直前特別ログインボーナス*
*開催期間中、1日1回 最大7回 ログインボーナスをプレゼント！*
/webview/loginbonus/20220421_xy03hw/xy03hw_k_01.png
`白銀の果実 X 1
``從者/禮裝數: 666 / 669`
_2022-04-20 19:37:10_
--------
`友情點數召喚累計850次

`