【登入訊息】
[c5ab1b78563b1f9e4ee17ab01234bc5e]
`登入天數: 131天 / 1482天
等級: 92
石頭: 2033
呼符: 170
友情點: +0 / 1569145`
*連続ログイン5日目
※ログインが途切れるか、7日到達すると
1日目から再開されます*
`叡智の猛火 X 2
4月交換券(2022) X 1
`*「Fate/Grand Order Arcade」収束特異点ビースト殲滅戦連動 初回ログインボーナス*
*開催期間中、初回ログインで「聖晶石×10」をプレゼント！*
/webview/loginbonus/20220421_ar88ar/ar88ar_s_01.png
`聖晶石 X 10
`*マンガで分かる！Fate/Grand Order×FGOコラボレーションイベント
開幕直前特別ログインボーナス*
*開催期間中、1日1回 最大7回 ログインボーナスをプレゼント！*
/webview/loginbonus/20220421_xy03hw/xy03hw_k_02.png
`黄金の果実 X 1
``從者/禮裝數: 688 / 649`
_2022-04-21 19:35:54_
--------
`友情點數召喚累計1461次

`[d4825e10f75d83bc0cfb33b6768a8634]
`登入天數: 21天 / 1671天
等級: 19
石頭: 1974
呼符: 11
友情點: +125 / 1703630`
*連続ログイン7日間到達おめでとうございます！
明日は1日目からリスタートされます。*
`獣の足跡 X 1
呼符 X 1
4月交換券(2022) X 1
`*マンガで分かる！Fate/Grand Order×FGOコラボレーションイベント
開幕直前特別ログインボーナス*
*開催期間中、1日1回 最大7回 ログインボーナスをプレゼント！*
/webview/loginbonus/20220421_xy03hw/xy03hw_k_02.png
`黄金の果実 X 1
``從者/禮裝數: 605 / 701`
_2022-04-21 19:36:06_
--------
[ff29db15be18f883ffccdf7ab23021a7]
`登入天數: 21天 / 1667天
等級: 18
石頭: 1320
呼符: 41
友情點: +60 / 1580270`
*連続ログイン7日間到達おめでとうございます！
明日は1日目からリスタートされます。*
`獣の足跡 X 1
呼符 X 1
4月交換券(2022) X 1
`*「Fate/Grand Order Arcade」収束特異点ビースト殲滅戦連動 初回ログインボーナス*
*開催期間中、初回ログインで「聖晶石×10」をプレゼント！*
/webview/loginbonus/20220421_ar88ar/ar88ar_s_01.png
`聖晶石 X 10
`*マンガで分かる！Fate/Grand Order×FGOコラボレーションイベント
開幕直前特別ログインボーナス*
*開催期間中、1日1回 最大7回 ログインボーナスをプレゼント！*
/webview/loginbonus/20220421_xy03hw/xy03hw_k_02.png
`黄金の果実 X 1
``從者/禮裝數: 682 / 682`
_2022-04-21 19:36:15_
--------
`友情點數召喚累計1100次

`[cc4787a257e3a46e268001195f780247]
`登入天數: 21天 / 1681天
等級: 18
石頭: 1962
呼符: 144
友情點: +20 / 1690850`
*連続ログイン7日間到達おめでとうございます！
明日は1日目からリスタートされます。*
`獣の足跡 X 1
呼符 X 1
4月交換券(2022) X 1
`*「Fate/Grand Order Arcade」収束特異点ビースト殲滅戦連動 初回ログインボーナス*
*開催期間中、初回ログインで「聖晶石×10」をプレゼント！*
/webview/loginbonus/20220421_ar88ar/ar88ar_s_01.png
`聖晶石 X 10
`*マンガで分かる！Fate/Grand Order×FGOコラボレーションイベント
開幕直前特別ログインボーナス*
*開催期間中、1日1回 最大7回 ログインボーナスをプレゼント！*
/webview/loginbonus/20220421_xy03hw/xy03hw_k_02.png
`黄金の果実 X 1
``從者/禮裝數: 668 / 691`
_2022-04-21 19:36:27_
--------
`友情點數召喚累計1000次

`[3f5599a008981ecf87f2dea9d1d83d6a]
`登入天數: 21天 / 1686天
等級: 18
石頭: 2245
呼符: 38
友情點: +0 / 1667775`
*連続ログイン7日間到達おめでとうございます！
明日は1日目からリスタートされます。*
`獣の足跡 X 1
呼符 X 1
4月交換券(2022) X 1
`*「Fate/Grand Order Arcade」収束特異点ビースト殲滅戦連動 初回ログインボーナス*
*開催期間中、初回ログインで「聖晶石×10」をプレゼント！*
/webview/loginbonus/20220421_ar88ar/ar88ar_s_01.png
`聖晶石 X 10
`*マンガで分かる！Fate/Grand Order×FGOコラボレーションイベント
開幕直前特別ログインボーナス*
*開催期間中、1日1回 最大7回 ログインボーナスをプレゼント！*
/webview/loginbonus/20220421_xy03hw/xy03hw_k_02.png
`黄金の果実 X 1
``從者/禮裝數: 554 / 677`
_2022-04-21 19:36:38_
--------
`友情點數召喚累計1080次

`[0d14e47d83c8b8400ed7555e0192724d]
`登入天數: 21天 / 1608天
等級: 20
石頭: 824
呼符: 40
友情點: +80 / 1548560`
*連続ログイン7日間到達おめでとうございます！
明日は1日目からリスタートされます。*
`獣の足跡 X 1
呼符 X 1
4月交換券(2022) X 1
`*「Fate/Grand Order Arcade」収束特異点ビースト殲滅戦連動 初回ログインボーナス*
*開催期間中、初回ログインで「聖晶石×10」をプレゼント！*
/webview/loginbonus/20220421_ar88ar/ar88ar_s_01.png
`聖晶石 X 10
`*マンガで分かる！Fate/Grand Order×FGOコラボレーションイベント
開幕直前特別ログインボーナス*
*開催期間中、1日1回 最大7回 ログインボーナスをプレゼント！*
/webview/loginbonus/20220421_xy03hw/xy03hw_k_02.png
`黄金の果実 X 1
``從者/禮裝數: 607 / 666`
_2022-04-21 19:36:50_
--------
`友情點數召喚累計1020次

`[d4c10e20929a4c973210db1453668b11]
`登入天數: 21天 / 1614天
等級: 19
石頭: 2018
呼符: 35
友情點: +0 / 1525745`
*連続ログイン7日間到達おめでとうございます！
明日は1日目からリスタートされます。*
`獣の足跡 X 1
呼符 X 1
4月交換券(2022) X 1
`*「Fate/Grand Order Arcade」収束特異点ビースト殲滅戦連動 初回ログインボーナス*
*開催期間中、初回ログインで「聖晶石×10」をプレゼント！*
/webview/loginbonus/20220421_ar88ar/ar88ar_s_01.png
`聖晶石 X 10
`*マンガで分かる！Fate/Grand Order×FGOコラボレーションイベント
開幕直前特別ログインボーナス*
*開催期間中、1日1回 最大7回 ログインボーナスをプレゼント！*
/webview/loginbonus/20220421_xy03hw/xy03hw_k_02.png
`黄金の果実 X 1
``從者/禮裝數: 606 / 617`
_2022-04-21 19:37:02_
--------
`友情點數召喚累計990次

`[f0cc4e7ae2d4b30013f328b2cf7d6063]
`登入天數: 21天 / 1623天
等級: 20
石頭: 228
呼符: 35
友情點: +0 / 1529320`
*連続ログイン7日間到達おめでとうございます！
明日は1日目からリスタートされます。*
`獣の足跡 X 1
呼符 X 1
4月交換券(2022) X 1
`*「Fate/Grand Order Arcade」収束特異点ビースト殲滅戦連動 初回ログインボーナス*
*開催期間中、初回ログインで「聖晶石×10」をプレゼント！*
/webview/loginbonus/20220421_ar88ar/ar88ar_s_01.png
`聖晶石 X 10
`*マンガで分かる！Fate/Grand Order×FGOコラボレーションイベント
開幕直前特別ログインボーナス*
*開催期間中、1日1回 最大7回 ログインボーナスをプレゼント！*
/webview/loginbonus/20220421_xy03hw/xy03hw_k_02.png
`黄金の果実 X 1
``從者/禮裝數: 597 / 690`
_2022-04-21 19:37:14_
--------
`友情點數召喚累計1012次

`[48a14ba1dd858b92594b71e0ed7d5311]
`登入天數: 21天 / 1615天
等級: 20
石頭: 1331
呼符: 59
友情點: +0 / 1438640`
*連続ログイン7日間到達おめでとうございます！
明日は1日目からリスタートされます。*
`獣の足跡 X 1
呼符 X 1
4月交換券(2022) X 1
`*「Fate/Grand Order Arcade」収束特異点ビースト殲滅戦連動 初回ログインボーナス*
*開催期間中、初回ログインで「聖晶石×10」をプレゼント！*
/webview/loginbonus/20220421_ar88ar/ar88ar_s_01.png
`聖晶石 X 10
`*マンガで分かる！Fate/Grand Order×FGOコラボレーションイベント
開幕直前特別ログインボーナス*
*開催期間中、1日1回 最大7回 ログインボーナスをプレゼント！*
/webview/loginbonus/20220421_xy03hw/xy03hw_k_02.png
`黄金の果実 X 1
``從者/禮裝數: 668 / 676`
_2022-04-21 19:37:26_
--------
`友情點數召喚累計860次

`