【登入訊息】
[c5ab1b78563b1f9e4ee17ab01234bc5e]
`登入天數: 133天 / 1484天
等級: 92
石頭: 2033
呼符: 170
友情點: +0 / 1569145`
*連続ログイン7日間到達おめでとうございます！
明日は1日目からリスタートされます。*
`獣の足跡 X 1
呼符 X 1
4月交換券(2022) X 1
`*マンガで分かる！Fate/Grand Order×FGOコラボレーションイベント
開幕直前特別ログインボーナス*
*開催期間中、1日1回 最大7回 ログインボーナスをプレゼント！*
/webview/loginbonus/20220421_xy03hw/xy03hw_k_04.png
`白銀の果実 X 1
``從者/禮裝數: 692 / 660`
_2022-04-23 19:35:12_
--------
`友情點數召喚累計1481次

`[d4825e10f75d83bc0cfb33b6768a8634]
`登入天數: 23天 / 1673天
等級: 19
石頭: 1974
呼符: 11
友情點: +75 / 1703980`
*連続ログイン2日目
※ログインが途切れるか、7日到達すると
1日目から再開されます*
`聖晶石 X 1
4月交換券(2022) X 1
`*マンガで分かる！Fate/Grand Order×FGOコラボレーションイベント
開幕直前特別ログインボーナス*
*開催期間中、1日1回 最大7回 ログインボーナスをプレゼント！*
/webview/loginbonus/20220421_xy03hw/xy03hw_k_04.png
`白銀の果実 X 1
``從者/禮裝數: 605 / 701`
_2022-04-23 19:35:24_
--------
[ff29db15be18f883ffccdf7ab23021a7]
`登入天數: 23天 / 1669天
等級: 18
石頭: 1320
呼符: 41
友情點: +20 / 1580290`
*連続ログイン2日目
※ログインが途切れるか、7日到達すると
1日目から再開されます*
`聖晶石 X 1
4月交換券(2022) X 1
`*マンガで分かる！Fate/Grand Order×FGOコラボレーションイベント
開幕直前特別ログインボーナス*
*開催期間中、1日1回 最大7回 ログインボーナスをプレゼント！*
/webview/loginbonus/20220421_xy03hw/xy03hw_k_04.png
`白銀の果実 X 1
``從者/禮裝數: 688 / 691`
_2022-04-23 19:35:32_
--------
`友情點數召喚累計1120次

`[cc4787a257e3a46e268001195f780247]
`登入天數: 23天 / 1683天
等級: 18
石頭: 1962
呼符: 144
友情點: +0 / 1690850`
*連続ログイン2日目
※ログインが途切れるか、7日到達すると
1日目から再開されます*
`聖晶石 X 1
4月交換券(2022) X 1
`*マンガで分かる！Fate/Grand Order×FGOコラボレーションイベント
開幕直前特別ログインボーナス*
*開催期間中、1日1回 最大7回 ログインボーナスをプレゼント！*
/webview/loginbonus/20220421_xy03hw/xy03hw_k_04.png
`白銀の果実 X 1
``從者/禮裝數: 672 / 705`
_2022-04-23 19:35:43_
--------
[3f5599a008981ecf87f2dea9d1d83d6a]
`登入天數: 23天 / 1688天
等級: 18
石頭: 2245
呼符: 38
友情點: +0 / 1667775`
*連続ログイン2日目
※ログインが途切れるか、7日到達すると
1日目から再開されます*
`聖晶石 X 1
4月交換券(2022) X 1
`*マンガで分かる！Fate/Grand Order×FGOコラボレーションイベント
開幕直前特別ログインボーナス*
*開催期間中、1日1回 最大7回 ログインボーナスをプレゼント！*
/webview/loginbonus/20220421_xy03hw/xy03hw_k_04.png
`白銀の果実 X 1
``從者/禮裝數: 561 / 684`
_2022-04-23 19:35:52_
--------
`友情點數召喚累計1100次

`[0d14e47d83c8b8400ed7555e0192724d]
`登入天數: 23天 / 1610天
等級: 20
石頭: 824
呼符: 40
友情點: +10 / 1548570`
*連続ログイン2日目
※ログインが途切れるか、7日到達すると
1日目から再開されます*
`聖晶石 X 1
4月交換券(2022) X 1
`*マンガで分かる！Fate/Grand Order×FGOコラボレーションイベント
開幕直前特別ログインボーナス*
*開催期間中、1日1回 最大7回 ログインボーナスをプレゼント！*
/webview/loginbonus/20220421_xy03hw/xy03hw_k_04.png
`白銀の果実 X 1
``從者/禮裝數: 614 / 675`
_2022-04-23 19:36:03_
--------
`友情點數召喚累計1040次

`[d4c10e20929a4c973210db1453668b11]
`登入天數: 23天 / 1616天
等級: 19
石頭: 2018
呼符: 35
友情點: +0 / 1525745`
*連続ログイン2日目
※ログインが途切れるか、7日到達すると
1日目から再開されます*
`聖晶石 X 1
4月交換券(2022) X 1
`*マンガで分かる！Fate/Grand Order×FGOコラボレーションイベント
開幕直前特別ログインボーナス*
*開催期間中、1日1回 最大7回 ログインボーナスをプレゼント！*
/webview/loginbonus/20220421_xy03hw/xy03hw_k_04.png
`白銀の果実 X 1
``從者/禮裝數: 613 / 627`
_2022-04-23 19:36:15_
--------
`友情點數召喚累計1010次

`[f0cc4e7ae2d4b30013f328b2cf7d6063]
`登入天數: 23天 / 1625天
等級: 20
石頭: 228
呼符: 35
友情點: +0 / 1529320`
*連続ログイン2日目
※ログインが途切れるか、7日到達すると
1日目から再開されます*
`聖晶石 X 1
4月交換券(2022) X 1
`*マンガで分かる！Fate/Grand Order×FGOコラボレーションイベント
開幕直前特別ログインボーナス*
*開催期間中、1日1回 最大7回 ログインボーナスをプレゼント！*
/webview/loginbonus/20220421_xy03hw/xy03hw_k_04.png
`白銀の果実 X 1
``從者/禮裝數: 603 / 698`
_2022-04-23 19:36:26_
--------
`友情點數召喚累計1032次

`[48a14ba1dd858b92594b71e0ed7d5311]
`登入天數: 23天 / 1617天
等級: 20
石頭: 1331
呼符: 59
友情點: +0 / 1438640`
*連続ログイン2日目
※ログインが途切れるか、7日到達すると
1日目から再開されます*
`聖晶石 X 1
4月交換券(2022) X 1
`*マンガで分かる！Fate/Grand Order×FGOコラボレーションイベント
開幕直前特別ログインボーナス*
*開催期間中、1日1回 最大7回 ログインボーナスをプレゼント！*
/webview/loginbonus/20220421_xy03hw/xy03hw_k_04.png
`白銀の果実 X 1
``從者/禮裝數: 672 / 688`
_2022-04-23 19:36:37_
--------
`友情點數召喚累計880次

`