【登入訊息】
[c5ab1b78563b1f9e4ee17ab01234bc5e]
`登入天數: 134天 / 1485天
等級: 92
石頭: 2033
呼符: 170
友情點: +0 / 1569145`
*連続ログイン1日目
※ログインが途切れるか、7日到達すると
1日目から再開されます*
`フレンドポイント X 2000
4月交換券(2022) X 1
`*マンガで分かる！Fate/Grand Order×FGOコラボレーションイベント
開幕直前特別ログインボーナス*
*開催期間中、1日1回 最大7回 ログインボーナスをプレゼント！*
/webview/loginbonus/20220421_xy03hw/xy03hw_k_05.png
`黄金の果実 X 1
``從者/禮裝數: 693 / 667`
_2022-04-24 19:35:10_
--------
`友情點數召喚累計1491次

`[d4825e10f75d83bc0cfb33b6768a8634]
`登入天數: 24天 / 1674天
等級: 19
石頭: 1974
呼符: 11
友情點: +75 / 1704230`
*連続ログイン3日目
※ログインが途切れるか、7日到達すると
1日目から再開されます*
`叡智の猛火 X 1
4月交換券(2022) X 1
`*マンガで分かる！Fate/Grand Order×FGOコラボレーションイベント
開幕直前特別ログインボーナス*
*開催期間中、1日1回 最大7回 ログインボーナスをプレゼント！*
/webview/loginbonus/20220421_xy03hw/xy03hw_k_05.png
`黄金の果実 X 1
``從者/禮裝數: 605 / 701`
_2022-04-24 19:35:22_
--------
[ff29db15be18f883ffccdf7ab23021a7]
`登入天數: 24天 / 1670天
等級: 18
石頭: 1320
呼符: 41
友情點: +20 / 1580310`
*連続ログイン3日目
※ログインが途切れるか、7日到達すると
1日目から再開されます*
`叡智の猛火 X 1
4月交換券(2022) X 1
`*マンガで分かる！Fate/Grand Order×FGOコラボレーションイベント
開幕直前特別ログインボーナス*
*開催期間中、1日1回 最大7回 ログインボーナスをプレゼント！*
/webview/loginbonus/20220421_xy03hw/xy03hw_k_05.png
`黄金の果実 X 1
``從者/禮裝數: 692 / 695`
_2022-04-24 19:35:30_
--------
`友情點數召喚累計1130次

`[cc4787a257e3a46e268001195f780247]
`登入天數: 24天 / 1684天
等級: 18
石頭: 1962
呼符: 144
友情點: +70 / 1690920`
*連続ログイン3日目
※ログインが途切れるか、7日到達すると
1日目から再開されます*
`叡智の猛火 X 1
4月交換券(2022) X 1
`*マンガで分かる！Fate/Grand Order×FGOコラボレーションイベント
開幕直前特別ログインボーナス*
*開催期間中、1日1回 最大7回 ログインボーナスをプレゼント！*
/webview/loginbonus/20220421_xy03hw/xy03hw_k_05.png
`黄金の果実 X 1
``從者/禮裝數: 672 / 705`
_2022-04-24 19:35:41_
--------
[3f5599a008981ecf87f2dea9d1d83d6a]
`登入天數: 24天 / 1689天
等級: 18
石頭: 2245
呼符: 38
友情點: +0 / 1667775`
*連続ログイン3日目
※ログインが途切れるか、7日到達すると
1日目から再開されます*
`叡智の猛火 X 1
4月交換券(2022) X 1
`*マンガで分かる！Fate/Grand Order×FGOコラボレーションイベント
開幕直前特別ログインボーナス*
*開催期間中、1日1回 最大7回 ログインボーナスをプレゼント！*
/webview/loginbonus/20220421_xy03hw/xy03hw_k_05.png
`黄金の果実 X 1
``從者/禮裝數: 566 / 686`
_2022-04-24 19:35:50_
--------
`友情點數召喚累計1110次

`[0d14e47d83c8b8400ed7555e0192724d]
`登入天數: 24天 / 1611天
等級: 20
石頭: 824
呼符: 40
友情點: +30 / 1548600`
*連続ログイン3日目
※ログインが途切れるか、7日到達すると
1日目から再開されます*
`叡智の猛火 X 1
4月交換券(2022) X 1
`*マンガで分かる！Fate/Grand Order×FGOコラボレーションイベント
開幕直前特別ログインボーナス*
*開催期間中、1日1回 最大7回 ログインボーナスをプレゼント！*
/webview/loginbonus/20220421_xy03hw/xy03hw_k_05.png
`黄金の果実 X 1
``從者/禮裝數: 616 / 679`
_2022-04-24 19:36:01_
--------
`友情點數召喚累計1050次

`[d4c10e20929a4c973210db1453668b11]
`登入天數: 24天 / 1617天
等級: 19
石頭: 2018
呼符: 35
友情點: +0 / 1525745`
*連続ログイン3日目
※ログインが途切れるか、7日到達すると
1日目から再開されます*
`叡智の猛火 X 1
4月交換券(2022) X 1
`*マンガで分かる！Fate/Grand Order×FGOコラボレーションイベント
開幕直前特別ログインボーナス*
*開催期間中、1日1回 最大7回 ログインボーナスをプレゼント！*
/webview/loginbonus/20220421_xy03hw/xy03hw_k_05.png
`黄金の果実 X 1
``從者/禮裝數: 616 / 632`
_2022-04-24 19:36:13_
--------
`友情點數召喚累計1020次

`[f0cc4e7ae2d4b30013f328b2cf7d6063]
`登入天數: 24天 / 1626天
等級: 20
石頭: 228
呼符: 35
友情點: +0 / 1529320`
*連続ログイン3日目
※ログインが途切れるか、7日到達すると
1日目から再開されます*
`叡智の猛火 X 1
4月交換券(2022) X 1
`*マンガで分かる！Fate/Grand Order×FGOコラボレーションイベント
開幕直前特別ログインボーナス*
*開催期間中、1日1回 最大7回 ログインボーナスをプレゼント！*
/webview/loginbonus/20220421_xy03hw/xy03hw_k_05.png
`黄金の果実 X 1
``從者/禮裝數: 606 / 702`
_2022-04-24 19:36:24_
--------
[48a14ba1dd858b92594b71e0ed7d5311]
`登入天數: 24天 / 1618天
等級: 20
石頭: 1331
呼符: 59
友情點: +0 / 1438640`
*連続ログイン3日目
※ログインが途切れるか、7日到達すると
1日目から再開されます*
`叡智の猛火 X 1
4月交換券(2022) X 1
`*マンガで分かる！Fate/Grand Order×FGOコラボレーションイベント
開幕直前特別ログインボーナス*
*開催期間中、1日1回 最大7回 ログインボーナスをプレゼント！*
/webview/loginbonus/20220421_xy03hw/xy03hw_k_05.png
`黄金の果実 X 1
``從者/禮裝數: 675 / 695`
_2022-04-24 19:36:33_
--------
`友情點數召喚累計890次

`