【登入訊息】
[c5ab1b78563b1f9e4ee17ab01234bc5e]
`登入天數: 137天 / 1488天
等級: 92
石頭: 2033
呼符: 170
友情點: +0 / 1569145`
*連続ログイン4日目
※ログインが途切れるか、7日到達すると
1日目から再開されます*
`聖晶石 X 1
4月交換券(2022) X 1
`*「マンガで分かる！Fate/Grand Order」コラボレーションイベント開幕記念放送
FGO カルデア放送局SP 放送記念 初回ログインボーナス*
*開催期間中、初回ログインで「聖晶石×12」をプレゼント！*
/webview/loginbonus/20220428_ryou4s/ryou4s_s_01.png
`聖晶石 X 12
``從者/禮裝數: 697 / 684`
_2022-04-27 19:35:49_
--------
`友情點數召喚累計1521次

`[d4825e10f75d83bc0cfb33b6768a8634]
`登入天數: 27天 / 1677天
等級: 19
石頭: 1974
呼符: 11
友情點: +0 / 1704430`
*連続ログイン6日目
※ログインが途切れるか、7日到達すると
1日目から再開されます*
`聖晶石 X 2
4月交換券(2022) X 1
`*「マンガで分かる！Fate/Grand Order」コラボレーションイベント開幕記念放送
FGO カルデア放送局SP 放送記念 初回ログインボーナス*
*開催期間中、初回ログインで「聖晶石×12」をプレゼント！*
/webview/loginbonus/20220428_ryou4s/ryou4s_s_01.png
`聖晶石 X 12
``從者/禮裝數: 605 / 701`
_2022-04-27 19:36:00_
--------
[ff29db15be18f883ffccdf7ab23021a7]
`登入天數: 27天 / 1673天
等級: 18
石頭: 1320
呼符: 41
友情點: +0 / 1580310`
*連続ログイン6日目
※ログインが途切れるか、7日到達すると
1日目から再開されます*
`聖晶石 X 2
4月交換券(2022) X 1
`*「マンガで分かる！Fate/Grand Order」コラボレーションイベント開幕記念放送
FGO カルデア放送局SP 放送記念 初回ログインボーナス*
*開催期間中、初回ログインで「聖晶石×12」をプレゼント！*
/webview/loginbonus/20220428_ryou4s/ryou4s_s_01.png
`聖晶石 X 12
``從者/禮裝數: 695 / 701`
_2022-04-27 19:36:08_
--------
[cc4787a257e3a46e268001195f780247]
`登入天數: 27天 / 1687天
等級: 18
石頭: 1962
呼符: 144
友情點: +0 / 1690920`
*連続ログイン6日目
※ログインが途切れるか、7日到達すると
1日目から再開されます*
`聖晶石 X 2
4月交換券(2022) X 1
`*「マンガで分かる！Fate/Grand Order」コラボレーションイベント開幕記念放送
FGO カルデア放送局SP 放送記念 初回ログインボーナス*
*開催期間中、初回ログインで「聖晶石×12」をプレゼント！*
/webview/loginbonus/20220428_ryou4s/ryou4s_s_01.png
`聖晶石 X 12
``從者/禮裝數: 672 / 705`
_2022-04-27 19:36:17_
--------
[3f5599a008981ecf87f2dea9d1d83d6a]
`登入天數: 27天 / 1692天
等級: 18
石頭: 2245
呼符: 38
友情點: +0 / 1667775`
*連続ログイン6日目
※ログインが途切れるか、7日到達すると
1日目から再開されます*
`聖晶石 X 2
4月交換券(2022) X 1
`*「マンガで分かる！Fate/Grand Order」コラボレーションイベント開幕記念放送
FGO カルデア放送局SP 放送記念 初回ログインボーナス*
*開催期間中、初回ログインで「聖晶石×12」をプレゼント！*
/webview/loginbonus/20220428_ryou4s/ryou4s_s_01.png
`聖晶石 X 12
``從者/禮裝數: 575 / 702`
_2022-04-27 19:36:26_
--------
[0d14e47d83c8b8400ed7555e0192724d]
`登入天數: 27天 / 1614天
等級: 20
石頭: 824
呼符: 40
友情點: +0 / 1548620`
*連続ログイン6日目
※ログインが途切れるか、7日到達すると
1日目から再開されます*
`聖晶石 X 2
4月交換券(2022) X 1
`*「マンガで分かる！Fate/Grand Order」コラボレーションイベント開幕記念放送
FGO カルデア放送局SP 放送記念 初回ログインボーナス*
*開催期間中、初回ログインで「聖晶石×12」をプレゼント！*
/webview/loginbonus/20220428_ryou4s/ryou4s_s_01.png
`聖晶石 X 12
``從者/禮裝數: 626 / 692`
_2022-04-27 19:36:34_
--------
`友情點數召喚累計1080次

`[d4c10e20929a4c973210db1453668b11]
`登入天數: 27天 / 1620天
等級: 19
石頭: 2018
呼符: 35
友情點: +0 / 1525745`
*連続ログイン6日目
※ログインが途切れるか、7日到達すると
1日目から再開されます*
`聖晶石 X 2
4月交換券(2022) X 1
`*「マンガで分かる！Fate/Grand Order」コラボレーションイベント開幕記念放送
FGO カルデア放送局SP 放送記念 初回ログインボーナス*
*開催期間中、初回ログインで「聖晶石×12」をプレゼント！*
/webview/loginbonus/20220428_ryou4s/ryou4s_s_01.png
`聖晶石 X 12
``從者/禮裝數: 627 / 646`
_2022-04-27 19:36:46_
--------
`友情點數召喚累計1050次

`[f0cc4e7ae2d4b30013f328b2cf7d6063]
`登入天數: 27天 / 1629天
等級: 20
石頭: 228
呼符: 35
友情點: +0 / 1529320`
*連続ログイン6日目
※ログインが途切れるか、7日到達すると
1日目から再開されます*
`聖晶石 X 2
4月交換券(2022) X 1
`*「マンガで分かる！Fate/Grand Order」コラボレーションイベント開幕記念放送
FGO カルデア放送局SP 放送記念 初回ログインボーナス*
*開催期間中、初回ログインで「聖晶石×12」をプレゼント！*
/webview/loginbonus/20220428_ryou4s/ryou4s_s_01.png
`聖晶石 X 12
``從者/禮裝數: 606 / 702`
_2022-04-27 19:36:58_
--------
[48a14ba1dd858b92594b71e0ed7d5311]
`登入天數: 27天 / 1621天
等級: 20
石頭: 1331
呼符: 59
友情點: +0 / 1438640`
*連続ログイン6日目
※ログインが途切れるか、7日到達すると
1日目から再開されます*
`聖晶石 X 2
4月交換券(2022) X 1
`*「マンガで分かる！Fate/Grand Order」コラボレーションイベント開幕記念放送
FGO カルデア放送局SP 放送記念 初回ログインボーナス*
*開催期間中、初回ログインで「聖晶石×12」をプレゼント！*
/webview/loginbonus/20220428_ryou4s/ryou4s_s_01.png
`聖晶石 X 12
``從者/禮裝數: 680 / 705`
_2022-04-27 19:37:06_
--------
