【登入訊息】
[c5ab1b78563b1f9e4ee17ab01234bc5e]
`登入天數: 29天 / 1380天
等級: 92
石頭: 1829
呼符: 121
友情點: 0 / 1544945`
*連続ログイン1日目
※ログインが途切れるか、7日到達すると
1日目から再開されます*
`フレンドポイント X 2000
1月交換券(2022) X 1
`*「FGO カルデア・サテライトステーション 2021-2022」静岡会場開催記念 初回ログインボーナス*
*開催期間中、初回ログインで「聖晶石×10」をプレゼント！*
/webview/loginbonus/20220110_n9dgag/n9dgag_s_01.png
`聖晶石 X 10
`*「FGO カルデア・サテライトステーション 2021-2022」静岡会場開催記念 3万リツイート達成プレゼント*
*開催期間中、初回ログインで「聖晶石×6」をプレゼント！*
/webview/loginbonus/20220110_tgm5f6/tgm5f6_s_01.png
`聖晶石 X 6
`_2022-01-09 19:31:01_
--------
[d4825e10f75d83bc0cfb33b6768a8634]
`登入天數: 29天 / 1572天
等級: 19
石頭: 2091
呼符: 88
友情點: 0 / 1672335`
*連続ログイン1日目
※ログインが途切れるか、7日到達すると
1日目から再開されます*
`フレンドポイント X 2000
1月交換券(2022) X 1
`*「FGO カルデア・サテライトステーション 2021-2022」静岡会場開催記念 初回ログインボーナス*
*開催期間中、初回ログインで「聖晶石×10」をプレゼント！*
/webview/loginbonus/20220110_n9dgag/n9dgag_s_01.png
`聖晶石 X 10
`*「FGO カルデア・サテライトステーション 2021-2022」静岡会場開催記念 3万リツイート達成プレゼント*
*開催期間中、初回ログインで「聖晶石×6」をプレゼント！*
/webview/loginbonus/20220110_tgm5f6/tgm5f6_s_01.png
`聖晶石 X 6
`_2022-01-09 19:31:09_
--------
[ff29db15be18f883ffccdf7ab23021a7]
`登入天數: 29天 / 1568天
等級: 18
石頭: 1752
呼符: 83
友情點: 0 / 1550540`
*連続ログイン1日目
※ログインが途切れるか、7日到達すると
1日目から再開されます*
`フレンドポイント X 2000
1月交換券(2022) X 1
`*「FGO カルデア・サテライトステーション 2021-2022」静岡会場開催記念 初回ログインボーナス*
*開催期間中、初回ログインで「聖晶石×10」をプレゼント！*
/webview/loginbonus/20220110_n9dgag/n9dgag_s_01.png
`聖晶石 X 10
`*「FGO カルデア・サテライトステーション 2021-2022」静岡会場開催記念 3万リツイート達成プレゼント*
*開催期間中、初回ログインで「聖晶石×6」をプレゼント！*
/webview/loginbonus/20220110_tgm5f6/tgm5f6_s_01.png
`聖晶石 X 6
`_2022-01-09 19:31:18_
--------
[cc4787a257e3a46e268001195f780247]
`登入天數: 29天 / 1582天
等級: 18
石頭: 2301
呼符: 148
友情點: 0 / 1657520`
*連続ログイン1日目
※ログインが途切れるか、7日到達すると
1日目から再開されます*
`フレンドポイント X 2000
1月交換券(2022) X 1
`*「FGO カルデア・サテライトステーション 2021-2022」静岡会場開催記念 初回ログインボーナス*
*開催期間中、初回ログインで「聖晶石×10」をプレゼント！*
/webview/loginbonus/20220110_n9dgag/n9dgag_s_01.png
`聖晶石 X 10
`*「FGO カルデア・サテライトステーション 2021-2022」静岡会場開催記念 3万リツイート達成プレゼント*
*開催期間中、初回ログインで「聖晶石×6」をプレゼント！*
/webview/loginbonus/20220110_tgm5f6/tgm5f6_s_01.png
`聖晶石 X 6
`_2022-01-09 19:31:26_
--------
[3f5599a008981ecf87f2dea9d1d83d6a]
`登入天數: 29天 / 1587天
等級: 18
石頭: 2074
呼符: 92
友情點: 0 / 1637575`
*連続ログイン1日目
※ログインが途切れるか、7日到達すると
1日目から再開されます*
`フレンドポイント X 2000
1月交換券(2022) X 1
`*「FGO カルデア・サテライトステーション 2021-2022」静岡会場開催記念 初回ログインボーナス*
*開催期間中、初回ログインで「聖晶石×10」をプレゼント！*
/webview/loginbonus/20220110_n9dgag/n9dgag_s_01.png
`聖晶石 X 10
`*「FGO カルデア・サテライトステーション 2021-2022」静岡会場開催記念 3万リツイート達成プレゼント*
*開催期間中、初回ログインで「聖晶石×6」をプレゼント！*
/webview/loginbonus/20220110_tgm5f6/tgm5f6_s_01.png
`聖晶石 X 6
`_2022-01-09 19:31:35_
--------
[0d14e47d83c8b8400ed7555e0192724d]
`登入天數: 29天 / 1509天
等級: 20
石頭: 761
呼符: 58
友情點: 0 / 1516565`
*連続ログイン1日目
※ログインが途切れるか、7日到達すると
1日目から再開されます*
`フレンドポイント X 2000
1月交換券(2022) X 1
`*「FGO カルデア・サテライトステーション 2021-2022」静岡会場開催記念 初回ログインボーナス*
*開催期間中、初回ログインで「聖晶石×10」をプレゼント！*
/webview/loginbonus/20220110_n9dgag/n9dgag_s_01.png
`聖晶石 X 10
`*「FGO カルデア・サテライトステーション 2021-2022」静岡会場開催記念 3万リツイート達成プレゼント*
*開催期間中、初回ログインで「聖晶石×6」をプレゼント！*
/webview/loginbonus/20220110_tgm5f6/tgm5f6_s_01.png
`聖晶石 X 6
`_2022-01-09 19:31:43_
--------
[d4c10e20929a4c973210db1453668b11]
`登入天數: 29天 / 1515天
等級: 19
石頭: 1823
呼符: 90
友情點: 0 / 1495520`
*連続ログイン1日目
※ログインが途切れるか、7日到達すると
1日目から再開されます*
`フレンドポイント X 2000
1月交換券(2022) X 1
`*「FGO カルデア・サテライトステーション 2021-2022」静岡会場開催記念 初回ログインボーナス*
*開催期間中、初回ログインで「聖晶石×10」をプレゼント！*
/webview/loginbonus/20220110_n9dgag/n9dgag_s_01.png
`聖晶石 X 10
`*「FGO カルデア・サテライトステーション 2021-2022」静岡会場開催記念 3万リツイート達成プレゼント*
*開催期間中、初回ログインで「聖晶石×6」をプレゼント！*
/webview/loginbonus/20220110_tgm5f6/tgm5f6_s_01.png
`聖晶石 X 6
`_2022-01-09 19:31:52_
--------
[f0cc4e7ae2d4b30013f328b2cf7d6063]
`登入天數: 29天 / 1524天
等級: 19
石頭: 189
呼符: 89
友情點: 0 / 1499520`
*連続ログイン1日目
※ログインが途切れるか、7日到達すると
1日目から再開されます*
`フレンドポイント X 2000
1月交換券(2022) X 1
`*「FGO カルデア・サテライトステーション 2021-2022」静岡会場開催記念 初回ログインボーナス*
*開催期間中、初回ログインで「聖晶石×10」をプレゼント！*
/webview/loginbonus/20220110_n9dgag/n9dgag_s_01.png
`聖晶石 X 10
`*「FGO カルデア・サテライトステーション 2021-2022」静岡会場開催記念 3万リツイート達成プレゼント*
*開催期間中、初回ログインで「聖晶石×6」をプレゼント！*
/webview/loginbonus/20220110_tgm5f6/tgm5f6_s_01.png
`聖晶石 X 6
`_2022-01-09 19:32:00_
--------
[48a14ba1dd858b92594b71e0ed7d5311]
`登入天數: 29天 / 1516天
等級: 20
石頭: 1010
呼符: 89
友情點: 0 / 1408390`
*連続ログイン1日目
※ログインが途切れるか、7日到達すると
1日目から再開されます*
`フレンドポイント X 2000
1月交換券(2022) X 1
`*「FGO カルデア・サテライトステーション 2021-2022」静岡会場開催記念 初回ログインボーナス*
*開催期間中、初回ログインで「聖晶石×10」をプレゼント！*
/webview/loginbonus/20220110_n9dgag/n9dgag_s_01.png
`聖晶石 X 10
`*「FGO カルデア・サテライトステーション 2021-2022」静岡会場開催記念 3万リツイート達成プレゼント*
*開催期間中、初回ログインで「聖晶石×6」をプレゼント！*
/webview/loginbonus/20220110_tgm5f6/tgm5f6_s_01.png
`聖晶石 X 6
`_2022-01-09 19:32:09_
--------
