【登入訊息】
[c5ab1b78563b1f9e4ee17ab01234bc5e]
`登入天數: 30天 / 1381天
等級: 92
石頭: 1711
呼符: 133
友情點: +0 / 1547145`
從者/禮裝數: 1096 / 0`
_2022-01-11 13:43:26_
--------
[d4825e10f75d83bc0cfb33b6768a8634]
`登入天數: 30天 / 1573天
等級: 19
石頭: 2029
呼符: 5
友情點: +0 / 1682555`
從者/禮裝數: 1060 / 0`
_2022-01-11 13:43:34_
--------
[ff29db15be18f883ffccdf7ab23021a7]
`登入天數: 30天 / 1569天
等級: 18
石頭: 1135
呼符: 5
友情點: +0 / 1560760`
從者/禮裝數: 1124 / 0`
_2022-01-11 13:43:42_
--------
[cc4787a257e3a46e268001195f780247]
`登入天數: 30天 / 1583天
等級: 18
石頭: 1747
呼符: 109
友情點: +0 / 1671730`
從者/禮裝數: 999 / 0`
_2022-01-11 13:43:51_
--------
[3f5599a008981ecf87f2dea9d1d83d6a]
`登入天數: 30天 / 1588天
等級: 18
石頭: 2029
呼符: 3
友情點: +0 / 1651775`
從者/禮裝數: 956 / 0`
_2022-01-11 13:43:59_
--------
[0d14e47d83c8b8400ed7555e0192724d]
`登入天數: 30天 / 1510天
等級: 20
石頭: 505
呼符: 0
友情點: +0 / 1520795`
從者/禮裝數: 907 / 0`
_2022-01-11 13:44:07_
--------
[d4c10e20929a4c973210db1453668b11]
`登入天數: 30天 / 1516天
等級: 19
石頭: 1832
呼符: 0
友情點: +0 / 1509720`
從者/禮裝數: 857 / 0`
_2022-01-11 13:44:16_
--------
[f0cc4e7ae2d4b30013f328b2cf7d6063]
`登入天數: 30天 / 1525天
等級: 20
石頭: 12
呼符: 0
友情點: +0 / 1513320`
從者/禮裝數: 902 / 0`
_2022-01-11 13:44:24_
--------
[48a14ba1dd858b92594b71e0ed7d5311]
`登入天數: 30天 / 1517天
等級: 20
石頭: 1145
呼符: 109
友情點: +0 / 1422590`
從者/禮裝數: 1139 / 0`
_2022-01-11 13:44:32_
--------
