【登入訊息】
[c5ab1b78563b1f9e4ee17ab01234bc5e]
`登入天數: 31天 / 1382天
等級: 92
石頭: 1711
呼符: 133
友情點: +0 / 1547145`
*連続ログイン3日目
※ログインが途切れるか、7日到達すると
1日目から再開されます*
`叡智の猛火 X 1
1月交換券(2022) X 1
``從者/禮裝數: 570 / 526`
_2022-01-11 19:31:06_
--------
`友情點數召喚累計581次

`[d4825e10f75d83bc0cfb33b6768a8634]
`登入天數: 31天 / 1574天
等級: 19
石頭: 2029
呼符: 5
友情點: +0 / 1682555`
*連続ログイン3日目
※ログインが途切れるか、7日到達すると
1日目から再開されます*
`叡智の猛火 X 1
1月交換券(2022) X 1
``從者/禮裝數: 458 / 602`
_2022-01-11 19:31:17_
--------
`友情點數召喚累計160次

`[ff29db15be18f883ffccdf7ab23021a7]
`登入天數: 31天 / 1570天
等級: 18
石頭: 1135
呼符: 5
友情點: +0 / 1560760`
*連続ログイン3日目
※ログインが途切れるか、7日到達すると
1日目から再開されます*
`叡智の猛火 X 1
1月交換券(2022) X 1
``從者/禮裝數: 533 / 591`
_2022-01-11 19:31:28_
--------
`友情點數召喚累計240次

`[cc4787a257e3a46e268001195f780247]
`登入天數: 31天 / 1584天
等級: 18
石頭: 1747
呼符: 109
友情點: +0 / 1671730`
*連続ログイン3日目
※ログインが途切れるか、7日到達すると
1日目から再開されます*
`叡智の猛火 X 1
1月交換券(2022) X 1
``從者/禮裝數: 433 / 574`
_2022-01-11 19:31:38_
--------
[3f5599a008981ecf87f2dea9d1d83d6a]
`登入天數: 31天 / 1589天
等級: 18
石頭: 2029
呼符: 3
友情點: +0 / 1651775`
*連続ログイン3日目
※ログインが途切れるか、7日到達すると
1日目から再開されます*
`叡智の猛火 X 1
1月交換券(2022) X 1
``從者/禮裝數: 397 / 559`
_2022-01-11 19:31:47_
--------
`友情點數召喚累計200次

`[0d14e47d83c8b8400ed7555e0192724d]
`登入天數: 31天 / 1511天
等級: 20
石頭: 505
呼符: 0
友情點: +0 / 1520795`
*連続ログイン3日目
※ログインが途切れるか、7日到達すると
1日目から再開されます*
`叡智の猛火 X 1
1月交換券(2022) X 1
``從者/禮裝數: 358 / 549`
_2022-01-11 19:31:58_
--------
`友情點數召喚累計140次

`[d4c10e20929a4c973210db1453668b11]
`登入天數: 31天 / 1517天
等級: 19
石頭: 1832
呼符: 0
友情點: +0 / 1509720`
*連続ログイン3日目
※ログインが途切れるか、7日到達すると
1日目から再開されます*
`叡智の猛火 X 1
1月交換券(2022) X 1
``從者/禮裝數: 351 / 506`
_2022-01-11 19:32:09_
--------
`友情點數召喚累計110次

`[f0cc4e7ae2d4b30013f328b2cf7d6063]
`登入天數: 31天 / 1526天
等級: 20
石頭: 12
呼符: 0
友情點: +0 / 1513320`
*連続ログイン3日目
※ログインが途切れるか、7日到達すると
1日目から再開されます*
`叡智の猛火 X 1
1月交換券(2022) X 1
``從者/禮裝數: 354 / 548`
_2022-01-11 19:32:20_
--------
`友情點數召喚累計132次

`[48a14ba1dd858b92594b71e0ed7d5311]
`登入天數: 31天 / 1518天
等級: 20
石頭: 1145
呼符: 29
友情點: +0 / 1422590`
*連続ログイン3日目
※ログインが途切れるか、7日到達すると
1日目から再開されます*
`叡智の猛火 X 1
1月交換券(2022) X 1
``從者/禮裝數: 452 / 568`
_2022-01-11 19:32:31_
--------
`友情點數召喚累計140次

`