【登入訊息】
[c5ab1b78563b1f9e4ee17ab01234bc5e]
`登入天數: 32天 / 1383天
等級: 92
石頭: 1711
呼符: 133
友情點: +0 / 1547145`
`從者/禮裝數: 578 / 536`
_2022-01-13 00:04:37_
--------
[d4825e10f75d83bc0cfb33b6768a8634]
`登入天數: 32天 / 1575天
等級: 19
石頭: 2029
呼符: 5
友情點: +0 / 1682555`
*連続ログイン4日目
※ログインが途切れるか、7日到達すると
1日目から再開されます*
`聖晶石 X 1
1月交換券(2022) X 1
``從者/禮裝數: 462 / 607`
_2022-01-13 00:04:46_
--------
`友情點數召喚累計170次

`[ff29db15be18f883ffccdf7ab23021a7]
`登入天數: 32天 / 1571天
等級: 18
石頭: 1135
呼符: 5
友情點: +0 / 1560760`
*連続ログイン4日目
※ログインが途切れるか、7日到達すると
1日目から再開されます*
`聖晶石 X 1
1月交換券(2022) X 1
``從者/禮裝數: 534 / 595`
_2022-01-13 00:04:57_
--------
`友情點數召喚累計250次

`[cc4787a257e3a46e268001195f780247]
`登入天數: 32天 / 1585天
等級: 18
石頭: 1747
呼符: 109
友情點: +0 / 1671730`
*連続ログイン4日目
※ログインが途切れるか、7日到達すると
1日目から再開されます*
`聖晶石 X 1
1月交換券(2022) X 1
``從者/禮裝數: 433 / 574`
_2022-01-13 00:05:08_
--------
`友情點數召喚累計160次

`[3f5599a008981ecf87f2dea9d1d83d6a]
`登入天數: 32天 / 1590天
等級: 18
石頭: 2029
呼符: 3
友情點: +0 / 1651775`
*連続ログイン4日目
※ログインが途切れるか、7日到達すると
1日目から再開されます*
`聖晶石 X 1
1月交換券(2022) X 1
``從者/禮裝數: 399 / 562`
_2022-01-13 00:05:20_
--------
`友情點數召喚累計210次

`[0d14e47d83c8b8400ed7555e0192724d]
`登入天數: 32天 / 1512天
等級: 20
石頭: 505
呼符: 0
友情點: +0 / 1520795`
*連続ログイン4日目
※ログインが途切れるか、7日到達すると
1日目から再開されます*
`聖晶石 X 1
1月交換券(2022) X 1
``從者/禮裝數: 361 / 553`
_2022-01-13 00:05:31_
--------
`友情點數召喚累計150次

`[d4c10e20929a4c973210db1453668b11]
`登入天數: 32天 / 1518天
等級: 19
石頭: 1832
呼符: 0
友情點: +0 / 1509720`
*連続ログイン4日目
※ログインが途切れるか、7日到達すると
1日目から再開されます*
`聖晶石 X 1
1月交換券(2022) X 1
``從者/禮裝數: 353 / 511`
_2022-01-13 00:05:43_
--------
`友情點數召喚累計120次

`[f0cc4e7ae2d4b30013f328b2cf7d6063]
`登入天數: 32天 / 1527天
等級: 20
石頭: 12
呼符: 0
友情點: +0 / 1513320`
*連続ログイン4日目
※ログインが途切れるか、7日到達すると
1日目から再開されます*
`聖晶石 X 1
1月交換券(2022) X 1
``從者/禮裝數: 356 / 554`
_2022-01-13 00:05:54_
--------
`友情點數召喚累計142次

`[48a14ba1dd858b92594b71e0ed7d5311]
`登入天數: 32天 / 1519天
等級: 20
石頭: 1145
呼符: 29
友情點: +0 / 1422590`
*連続ログイン4日目
※ログインが途切れるか、7日到達すると
1日目から再開されます*
`聖晶石 X 1
1月交換券(2022) X 1
``從者/禮裝數: 456 / 573`
_2022-01-13 00:06:06_
--------
`友情點數召喚累計150次

`