【登入訊息】
[c5ab1b78563b1f9e4ee17ab01234bc5e]
`登入天數: 35天 / 1386天
等級: 92
石頭: 1711
呼符: 133
友情點: +0 / 1547145`
*連続ログイン7日間到達おめでとうございます！
明日は1日目からリスタートされます。*
`獣の足跡 X 1
呼符 X 1
1月交換券(2022) X 1
``從者/禮裝數: 581 / 546`
_2022-01-15 19:31:01_
--------
`友情點數召喚累計621次

`[d4825e10f75d83bc0cfb33b6768a8634]
`登入天數: 35天 / 1578天
等級: 19
石頭: 2029
呼符: 5
友情點: +0 / 1682555`
*連続ログイン7日間到達おめでとうございます！
明日は1日目からリスタートされます。*
`獣の足跡 X 1
呼符 X 1
1月交換券(2022) X 1
``從者/禮裝數: 468 / 624`
_2022-01-15 19:31:12_
--------
`友情點數召喚累計200次

`[ff29db15be18f883ffccdf7ab23021a7]
`登入天數: 35天 / 1574天
等級: 18
石頭: 1135
呼符: 5
友情點: +0 / 1560760`
*連続ログイン7日間到達おめでとうございます！
明日は1日目からリスタートされます。*
`獣の足跡 X 1
呼符 X 1
1月交換券(2022) X 1
``從者/禮裝數: 538 / 613`
_2022-01-15 19:31:23_
--------
`友情點數召喚累計280次

`[cc4787a257e3a46e268001195f780247]
`登入天數: 35天 / 1588天
等級: 18
石頭: 1747
呼符: 109
友情點: +0 / 1671730`
*連続ログイン7日間到達おめでとうございます！
明日は1日目からリスタートされます。*
`獣の足跡 X 1
呼符 X 1
1月交換券(2022) X 1
``從者/禮裝數: 443 / 588`
_2022-01-15 19:31:35_
--------
`友情點數召喚累計190次

`[3f5599a008981ecf87f2dea9d1d83d6a]
`登入天數: 35天 / 1593天
等級: 18
石頭: 2029
呼符: 3
友情點: +0 / 1651775`
*連続ログイン7日間到達おめでとうございます！
明日は1日目からリスタートされます。*
`獣の足跡 X 1
呼符 X 1
1月交換券(2022) X 1
``從者/禮裝數: 408 / 579`
_2022-01-15 19:31:46_
--------
`友情點數召喚累計240次

`[0d14e47d83c8b8400ed7555e0192724d]
`登入天數: 35天 / 1515天
等級: 20
石頭: 505
呼符: 0
友情點: +0 / 1520795`
*連続ログイン7日間到達おめでとうございます！
明日は1日目からリスタートされます。*
`獣の足跡 X 1
呼符 X 1
1月交換券(2022) X 1
``從者/禮裝數: 371 / 566`
_2022-01-15 19:31:57_
--------
`友情點數召喚累計180次

`[d4c10e20929a4c973210db1453668b11]
`登入天數: 35天 / 1521天
等級: 19
石頭: 1832
呼符: 0
友情點: +0 / 1509720`
*連続ログイン7日間到達おめでとうございます！
明日は1日目からリスタートされます。*
`獣の足跡 X 1
呼符 X 1
1月交換券(2022) X 1
``從者/禮裝數: 366 / 523`
_2022-01-15 19:32:09_
--------
`友情點數召喚累計150次

`[f0cc4e7ae2d4b30013f328b2cf7d6063]
`登入天數: 35天 / 1530天
等級: 20
石頭: 12
呼符: 0
友情點: +0 / 1513320`
*連続ログイン7日間到達おめでとうございます！
明日は1日目からリスタートされます。*
`獣の足跡 X 1
呼符 X 1
1月交換券(2022) X 1
``從者/禮裝數: 362 / 571`
_2022-01-15 19:32:20_
--------
`友情點數召喚累計172次

`[48a14ba1dd858b92594b71e0ed7d5311]
`登入天數: 35天 / 1522天
等級: 20
石頭: 1145
呼符: 29
友情點: +0 / 1422590`
*連続ログイン7日間到達おめでとうございます！
明日は1日目からリスタートされます。*
`獣の足跡 X 1
呼符 X 1
1月交換券(2022) X 1
``從者/禮裝數: 466 / 587`
_2022-01-15 19:32:31_
--------
`友情點數召喚累計180次

`