【登入訊息】
[c5ab1b78563b1f9e4ee17ab01234bc5e]
`登入天數: 36天 / 1387天
等級: 92
石頭: 1711
呼符: 133
友情點: +0 / 1547145`
*連続ログイン1日目
※ログインが途切れるか、7日到達すると
1日目から再開されます*
`フレンドポイント X 2000
1月交換券(2022) X 1
``從者/禮裝數: 584 / 549`
_2022-01-16 19:30:58_
--------
`友情點數召喚累計631次

`[d4825e10f75d83bc0cfb33b6768a8634]
`登入天數: 36天 / 1579天
等級: 19
石頭: 2029
呼符: 5
友情點: +0 / 1682555`
*連続ログイン1日目
※ログインが途切れるか、7日到達すると
1日目から再開されます*
`フレンドポイント X 2000
1月交換券(2022) X 1
``從者/禮裝數: 470 / 630`
_2022-01-16 19:31:09_
--------
`友情點數召喚累計210次

`[ff29db15be18f883ffccdf7ab23021a7]
`登入天數: 36天 / 1575天
等級: 18
石頭: 1135
呼符: 5
友情點: +0 / 1560760`
*連続ログイン1日目
※ログインが途切れるか、7日到達すると
1日目から再開されます*
`フレンドポイント X 2000
1月交換券(2022) X 1
``從者/禮裝數: 541 / 618`
_2022-01-16 19:31:20_
--------
`友情點數召喚累計290次

`[cc4787a257e3a46e268001195f780247]
`登入天數: 36天 / 1589天
等級: 18
石頭: 1747
呼符: 109
友情點: +0 / 1671730`
*連続ログイン1日目
※ログインが途切れるか、7日到達すると
1日目から再開されます*
`フレンドポイント X 2000
1月交換券(2022) X 1
``從者/禮裝數: 445 / 594`
_2022-01-16 19:31:31_
--------
`友情點數召喚累計200次

`[3f5599a008981ecf87f2dea9d1d83d6a]
`登入天數: 36天 / 1594天
等級: 18
石頭: 2029
呼符: 3
友情點: +0 / 1651775`
*連続ログイン1日目
※ログインが途切れるか、7日到達すると
1日目から再開されます*
`フレンドポイント X 2000
1月交換券(2022) X 1
``從者/禮裝數: 410 / 585`
_2022-01-16 19:31:41_
--------
`友情點數召喚累計250次

`[0d14e47d83c8b8400ed7555e0192724d]
`登入天數: 36天 / 1516天
等級: 20
石頭: 505
呼符: 0
友情點: +0 / 1520795`
*連続ログイン1日目
※ログインが途切れるか、7日到達すると
1日目から再開されます*
`フレンドポイント X 2000
1月交換券(2022) X 1
``從者/禮裝數: 372 / 573`
_2022-01-16 19:31:52_
--------
`友情點數召喚累計190次

`[d4c10e20929a4c973210db1453668b11]
`登入天數: 36天 / 1522天
等級: 19
石頭: 1832
呼符: 0
友情點: +0 / 1509720`
*連続ログイン1日目
※ログインが途切れるか、7日到達すると
1日目から再開されます*
`フレンドポイント X 2000
1月交換券(2022) X 1
``從者/禮裝數: 367 / 528`
_2022-01-16 19:32:03_
--------
`友情點數召喚累計160次

`[f0cc4e7ae2d4b30013f328b2cf7d6063]
`登入天數: 36天 / 1531天
等級: 20
石頭: 12
呼符: 0
友情點: +0 / 1513320`
*連続ログイン1日目
※ログインが途切れるか、7日到達すると
1日目から再開されます*
`フレンドポイント X 2000
1月交換券(2022) X 1
``從者/禮裝數: 363 / 575`
_2022-01-16 19:32:14_
--------
`友情點數召喚累計182次

`[48a14ba1dd858b92594b71e0ed7d5311]
`登入天數: 36天 / 1523天
等級: 20
石頭: 1145
呼符: 29
友情點: +0 / 1422590`
*連続ログイン1日目
※ログインが途切れるか、7日到達すると
1日目から再開されます*
`フレンドポイント X 2000
1月交換券(2022) X 1
``從者/禮裝數: 468 / 590`
_2022-01-16 19:32:25_
--------
`友情點數召喚累計190次

`