【登入訊息】
[c5ab1b78563b1f9e4ee17ab01234bc5e]
`登入天數: 37天 / 1388天
等級: 92
石頭: 1711
呼符: 133
友情點: +0 / 1547145`
*連続ログイン2日目
※ログインが途切れるか、7日到達すると
1日目から再開されます*
`聖晶石 X 1
1月交換券(2022) X 1
``從者/禮裝數: 585 / 554`
_2022-01-17 19:31:12_
--------
`友情點數召喚累計641次

`[d4825e10f75d83bc0cfb33b6768a8634]
`登入天數: 37天 / 1580天
等級: 19
石頭: 2029
呼符: 5
友情點: +0 / 1682555`
*連続ログイン2日目
※ログインが途切れるか、7日到達すると
1日目から再開されます*
`聖晶石 X 1
1月交換券(2022) X 1
``從者/禮裝數: 473 / 635`
_2022-01-17 19:31:24_
--------
`友情點數召喚累計220次

`[ff29db15be18f883ffccdf7ab23021a7]
`登入天數: 37天 / 1576天
等級: 18
石頭: 1135
呼符: 5
友情點: +0 / 1560760`
*連続ログイン2日目
※ログインが途切れるか、7日到達すると
1日目から再開されます*
`聖晶石 X 1
1月交換券(2022) X 1
``從者/禮裝數: 546 / 619`
_2022-01-17 19:31:36_
--------
`友情點數召喚累計300次

`[cc4787a257e3a46e268001195f780247]
`登入天數: 37天 / 1590天
等級: 18
石頭: 1747
呼符: 109
友情點: +0 / 1671730`
*連続ログイン2日目
※ログインが途切れるか、7日到達すると
1日目から再開されます*
`聖晶石 X 1
1月交換券(2022) X 1
``從者/禮裝數: 449 / 599`
_2022-01-17 19:31:47_
--------
`友情點數召喚累計210次

`[3f5599a008981ecf87f2dea9d1d83d6a]
`登入天數: 37天 / 1595天
等級: 18
石頭: 2029
呼符: 3
友情點: +0 / 1651775`
*連続ログイン2日目
※ログインが途切れるか、7日到達すると
1日目から再開されます*
`聖晶石 X 1
1月交換券(2022) X 1
``從者/禮裝數: 415 / 590`
_2022-01-17 19:31:58_
--------
`友情點數召喚累計260次

`[0d14e47d83c8b8400ed7555e0192724d]
`登入天數: 37天 / 1517天
等級: 20
石頭: 505
呼符: 0
友情點: +0 / 1520795`
*連続ログイン2日目
※ログインが途切れるか、7日到達すると
1日目から再開されます*
`聖晶石 X 1
1月交換券(2022) X 1
``從者/禮裝數: 374 / 579`
_2022-01-17 19:32:10_
--------
`友情點數召喚累計200次

`[d4c10e20929a4c973210db1453668b11]
`登入天數: 37天 / 1523天
等級: 19
石頭: 1832
呼符: 0
友情點: +0 / 1509720`
*連続ログイン2日目
※ログインが途切れるか、7日到達すると
1日目から再開されます*
`聖晶石 X 1
1月交換券(2022) X 1
``從者/禮裝數: 370 / 532`
_2022-01-17 19:32:22_
--------
`友情點數召喚累計170次

`[f0cc4e7ae2d4b30013f328b2cf7d6063]
`登入天數: 37天 / 1532天
等級: 20
石頭: 12
呼符: 0
友情點: +0 / 1513320`
*連続ログイン2日目
※ログインが途切れるか、7日到達すると
1日目から再開されます*
`聖晶石 X 1
1月交換券(2022) X 1
``從者/禮裝數: 366 / 582`
_2022-01-17 19:32:33_
--------
`友情點數召喚累計192次

`[48a14ba1dd858b92594b71e0ed7d5311]
`登入天數: 37天 / 1524天
等級: 20
石頭: 1145
呼符: 29
友情點: +0 / 1422590`
*連続ログイン2日目
※ログインが途切れるか、7日到達すると
1日目から再開されます*
`聖晶石 X 1
1月交換券(2022) X 1
``從者/禮裝數: 470 / 596`
_2022-01-17 19:32:44_
--------
`友情點數召喚累計200次

`