【登入訊息】
[c5ab1b78563b1f9e4ee17ab01234bc5e]
`登入天數: 38天 / 1389天
等級: 92
石頭: 1711
呼符: 133
友情點: +0 / 1545145`
`從者/禮裝數: 592 / 571`
_2022-01-19 05:02:48_
--------
[d4825e10f75d83bc0cfb33b6768a8634]
`登入天數: 38天 / 1581天
等級: 19
石頭: 2029
呼符: 5
友情點: +0 / 1680555`
`從者/禮裝數: 479 / 653`
_2022-01-19 05:02:57_
--------
[ff29db15be18f883ffccdf7ab23021a7]
`登入天數: 38天 / 1577天
等級: 18
石頭: 1135
呼符: 5
友情點: +0 / 1558760`
`從者/禮裝數: 551 / 631`
_2022-01-19 05:03:06_
--------
[cc4787a257e3a46e268001195f780247]
`登入天數: 38天 / 1591天
等級: 18
石頭: 1747
呼符: 109
友情點: +0 / 1669730`
`從者/禮裝數: 456 / 615`
_2022-01-19 05:03:15_
--------
[3f5599a008981ecf87f2dea9d1d83d6a]
`登入天數: 38天 / 1596天
等級: 18
石頭: 2029
呼符: 3
友情點: +0 / 1649775`
`從者/禮裝數: 422 / 608`
_2022-01-19 05:03:23_
--------
[0d14e47d83c8b8400ed7555e0192724d]
`登入天數: 38天 / 1518天
等級: 20
石頭: 505
呼符: 0
友情點: +0 / 1518795`
`從者/禮裝數: 382 / 598`
_2022-01-19 05:03:32_
--------
[d4c10e20929a4c973210db1453668b11]
`登入天數: 38天 / 1524天
等級: 19
石頭: 1832
呼符: 0
友情點: +0 / 1507720`
`從者/禮裝數: 374 / 549`
_2022-01-19 05:03:41_
--------
[f0cc4e7ae2d4b30013f328b2cf7d6063]
`登入天數: 38天 / 1533天
等級: 20
石頭: 12
呼符: 0
友情點: +0 / 1511320`
`從者/禮裝數: 374 / 596`
_2022-01-19 05:03:50_
--------
[48a14ba1dd858b92594b71e0ed7d5311]
`登入天數: 38天 / 1525天
等級: 20
石頭: 1145
呼符: 29
友情點: +0 / 1420590`
`從者/禮裝數: 477 / 612`
_2022-01-19 05:04:00_
--------
