【登入訊息】
[c5ab1b78563b1f9e4ee17ab01234bc5e]
`登入天數: 39天 / 1390天
等級: 92
石頭: 1711
呼符: 133
友情點: +0 / 1543145`
*連続ログイン4日目
※ログインが途切れるか、7日到達すると
1日目から再開されます*
`聖晶石 X 1
1月交換券(2022) X 1
``從者/禮裝數: 597 / 575`
_2022-01-19 19:31:02_
--------
`友情點數召喚累計681次

`[d4825e10f75d83bc0cfb33b6768a8634]
`登入天數: 39天 / 1582天
等級: 19
石頭: 2029
呼符: 5
友情點: +0 / 1678555`
*連続ログイン4日目
※ログインが途切れるか、7日到達すると
1日目から再開されます*
`聖晶石 X 1
1月交換券(2022) X 1
``從者/禮裝數: 481 / 657`
_2022-01-19 19:31:13_
--------
`友情點數召喚累計260次

`[ff29db15be18f883ffccdf7ab23021a7]
`登入天數: 39天 / 1578天
等級: 18
石頭: 1135
呼符: 5
友情點: +0 / 1556760`
*連続ログイン4日目
※ログインが途切れるか、7日到達すると
1日目から再開されます*
`聖晶石 X 1
1月交換券(2022) X 1
``從者/禮裝數: 554 / 636`
_2022-01-19 19:31:24_
--------
`友情點數召喚累計340次

`[cc4787a257e3a46e268001195f780247]
`登入天數: 39天 / 1592天
等級: 18
石頭: 1747
呼符: 109
友情點: +0 / 1667730`
*連続ログイン4日目
※ログインが途切れるか、7日到達すると
1日目から再開されます*
`聖晶石 X 1
1月交換券(2022) X 1
``從者/禮裝數: 457 / 623`
_2022-01-19 19:31:35_
--------
`友情點數召喚累計250次

`[3f5599a008981ecf87f2dea9d1d83d6a]
`登入天數: 39天 / 1597天
等級: 18
石頭: 2029
呼符: 3
友情點: +0 / 1647775`
*連続ログイン4日目
※ログインが途切れるか、7日到達すると
1日目から再開されます*
`聖晶石 X 1
1月交換券(2022) X 1
``從者/禮裝數: 426 / 612`
_2022-01-19 19:31:45_
--------
`友情點數召喚累計300次

`[0d14e47d83c8b8400ed7555e0192724d]
`登入天數: 39天 / 1519天
等級: 20
石頭: 505
呼符: 0
友情點: +0 / 1516795`
*連続ログイン4日目
※ログインが途切れるか、7日到達すると
1日目から再開されます*
`聖晶石 X 1
1月交換券(2022) X 1
``從者/禮裝數: 382 / 604`
_2022-01-19 19:31:56_
--------
`友情點數召喚累計240次

`[d4c10e20929a4c973210db1453668b11]
`登入天數: 39天 / 1525天
等級: 19
石頭: 1832
呼符: 0
友情點: +0 / 1505720`
*連続ログイン4日目
※ログインが途切れるか、7日到達すると
1日目から再開されます*
`聖晶石 X 1
1月交換券(2022) X 1
``從者/禮裝數: 380 / 551`
_2022-01-19 19:32:08_
--------
`友情點數召喚累計210次

`[f0cc4e7ae2d4b30013f328b2cf7d6063]
`登入天數: 39天 / 1534天
等級: 20
石頭: 12
呼符: 0
友情點: +0 / 1509320`
*連続ログイン4日目
※ログインが途切れるか、7日到達すると
1日目から再開されます*
`聖晶石 X 1
1月交換券(2022) X 1
``從者/禮裝數: 375 / 602`
_2022-01-19 19:32:19_
--------
`友情點數召喚累計232次

`[48a14ba1dd858b92594b71e0ed7d5311]
`登入天數: 39天 / 1526天
等級: 20
石頭: 1145
呼符: 29
友情點: +0 / 1418590`
*連続ログイン4日目
※ログインが途切れるか、7日到達すると
1日目から再開されます*
`聖晶石 X 1
1月交換券(2022) X 1
``從者/禮裝數: 480 / 616`
_2022-01-19 19:32:30_
--------
`友情點數召喚累計240次

`