【登入訊息】
[c5ab1b78563b1f9e4ee17ab01234bc5e]
`登入天數: 40天 / 1391天
等級: 92
石頭: 1711
呼符: 133
友情點: +0 / 1543145`
*連続ログイン5日目
※ログインが途切れるか、7日到達すると
1日目から再開されます*
`叡智の猛火 X 2
1月交換券(2022) X 1
``從者/禮裝數: 599 / 580`
_2022-01-20 19:31:15_
--------
`友情點數召喚累計691次

`[d4825e10f75d83bc0cfb33b6768a8634]
`登入天數: 40天 / 1583天
等級: 19
石頭: 2029
呼符: 5
友情點: +220 / 1678775`
*連続ログイン5日目
※ログインが途切れるか、7日到達すると
1日目から再開されます*
`叡智の猛火 X 2
1月交換券(2022) X 1
``從者/禮裝數: 482 / 662`
_2022-01-20 19:31:26_
--------
`友情點數召喚累計270次

`[ff29db15be18f883ffccdf7ab23021a7]
`登入天數: 40天 / 1579天
等級: 18
石頭: 1135
呼符: 5
友情點: +40 / 1556800`
*連続ログイン5日目
※ログインが途切れるか、7日到達すると
1日目から再開されます*
`叡智の猛火 X 2
1月交換券(2022) X 1
``從者/禮裝數: 559 / 639`
_2022-01-20 19:31:37_
--------
`友情點數召喚累計350次

`[cc4787a257e3a46e268001195f780247]
`登入天數: 40天 / 1593天
等級: 18
石頭: 1747
呼符: 109
友情點: +10 / 1667740`
*連続ログイン5日目
※ログインが途切れるか、7日到達すると
1日目から再開されます*
`叡智の猛火 X 2
1月交換券(2022) X 1
``從者/禮裝數: 459 / 628`
_2022-01-20 19:31:48_
--------
`友情點數召喚累計260次

`[3f5599a008981ecf87f2dea9d1d83d6a]
`登入天數: 40天 / 1598天
等級: 18
石頭: 2029
呼符: 3
友情點: +0 / 1647775`
*連続ログイン5日目
※ログインが途切れるか、7日到達すると
1日目から再開されます*
`叡智の猛火 X 2
1月交換券(2022) X 1
``從者/禮裝數: 428 / 617`
_2022-01-20 19:31:59_
--------
`友情點數召喚累計310次

`[0d14e47d83c8b8400ed7555e0192724d]
`登入天數: 40天 / 1520天
等級: 20
石頭: 505
呼符: 0
友情點: +440 / 1517235`
*連続ログイン5日目
※ログインが途切れるか、7日到達すると
1日目から再開されます*
`叡智の猛火 X 2
1月交換券(2022) X 1
``從者/禮裝數: 385 / 610`
_2022-01-20 19:32:10_
--------
`友情點數召喚累計250次

`[d4c10e20929a4c973210db1453668b11]
`登入天數: 40天 / 1526天
等級: 19
石頭: 1832
呼符: 0
友情點: +0 / 1505720`
*連続ログイン5日目
※ログインが途切れるか、7日到達すると
1日目から再開されます*
`叡智の猛火 X 2
1月交換券(2022) X 1
``從者/禮裝數: 381 / 558`
_2022-01-20 19:32:22_
--------
`友情點數召喚累計220次

`[f0cc4e7ae2d4b30013f328b2cf7d6063]
`登入天數: 40天 / 1535天
等級: 20
石頭: 12
呼符: 0
友情點: +0 / 1509320`
*連続ログイン5日目
※ログインが途切れるか、7日到達すると
1日目から再開されます*
`叡智の猛火 X 2
1月交換券(2022) X 1
``從者/禮裝數: 378 / 605`
_2022-01-20 19:32:34_
--------
`友情點數召喚累計242次

`[48a14ba1dd858b92594b71e0ed7d5311]
`登入天數: 40天 / 1527天
等級: 20
石頭: 1145
呼符: 29
友情點: +0 / 1418590`
*連続ログイン5日目
※ログインが途切れるか、7日到達すると
1日目から再開されます*
`叡智の猛火 X 2
1月交換券(2022) X 1
``從者/禮裝數: 482 / 624`
_2022-01-20 19:32:45_
--------
`友情點數召喚累計250次

`