【登入訊息】
[c5ab1b78563b1f9e4ee17ab01234bc5e]
`登入天數: 41天 / 1392天
等級: 92
石頭: 1711
呼符: 133
友情點: +0 / 1543145`
*連続ログイン6日目
※ログインが途切れるか、7日到達すると
1日目から再開されます*
`聖晶石 X 2
1月交換券(2022) X 1
``從者/禮裝數: 601 / 586`
_2022-01-21 19:31:17_
--------
`友情點數召喚累計701次

`[d4825e10f75d83bc0cfb33b6768a8634]
`登入天數: 41天 / 1584天
等級: 19
石頭: 2029
呼符: 5
友情點: +0 / 1678775`
*連続ログイン6日目
※ログインが途切れるか、7日到達すると
1日目から再開されます*
`聖晶石 X 2
1月交換券(2022) X 1
``從者/禮裝數: 486 / 664`
_2022-01-21 19:31:28_
--------
`友情點數召喚累計280次

`[ff29db15be18f883ffccdf7ab23021a7]
`登入天數: 41天 / 1580天
等級: 18
石頭: 1135
呼符: 5
友情點: +0 / 1556800`
*連続ログイン6日目
※ログインが途切れるか、7日到達すると
1日目から再開されます*
`聖晶石 X 2
1月交換券(2022) X 1
``從者/禮裝數: 562 / 644`
_2022-01-21 19:31:39_
--------
`友情點數召喚累計360次

`[cc4787a257e3a46e268001195f780247]
`登入天數: 41天 / 1594天
等級: 18
石頭: 1747
呼符: 109
友情點: +10 / 1667750`
*連続ログイン6日目
※ログインが途切れるか、7日到達すると
1日目から再開されます*
`聖晶石 X 2
1月交換券(2022) X 1
``從者/禮裝數: 462 / 633`
_2022-01-21 19:31:50_
--------
`友情點數召喚累計270次

`[3f5599a008981ecf87f2dea9d1d83d6a]
`登入天數: 41天 / 1599天
等級: 18
石頭: 2029
呼符: 3
友情點: +0 / 1647775`
*連続ログイン6日目
※ログインが途切れるか、7日到達すると
1日目から再開されます*
`聖晶石 X 2
1月交換券(2022) X 1
``從者/禮裝數: 430 / 621`
_2022-01-21 19:32:01_
--------
`友情點數召喚累計320次

`[0d14e47d83c8b8400ed7555e0192724d]
`登入天數: 41天 / 1521天
等級: 20
石頭: 505
呼符: 0
友情點: +0 / 1517235`
*連続ログイン6日目
※ログインが途切れるか、7日到達すると
1日目から再開されます*
`聖晶石 X 2
1月交換券(2022) X 1
``從者/禮裝數: 387 / 614`
_2022-01-21 19:32:12_
--------
`友情點數召喚累計260次

`[d4c10e20929a4c973210db1453668b11]
`登入天數: 41天 / 1527天
等級: 19
石頭: 1832
呼符: 0
友情點: +0 / 1505720`
*連続ログイン6日目
※ログインが途切れるか、7日到達すると
1日目から再開されます*
`聖晶石 X 2
1月交換券(2022) X 1
``從者/禮裝數: 383 / 563`
_2022-01-21 19:32:23_
--------
`友情點數召喚累計230次

`[f0cc4e7ae2d4b30013f328b2cf7d6063]
`登入天數: 41天 / 1536天
等級: 20
石頭: 12
呼符: 0
友情點: +0 / 1509320`
*連続ログイン6日目
※ログインが途切れるか、7日到達すると
1日目から再開されます*
`聖晶石 X 2
1月交換券(2022) X 1
``從者/禮裝數: 383 / 609`
_2022-01-21 19:32:34_
--------
`友情點數召喚累計252次

`[48a14ba1dd858b92594b71e0ed7d5311]
`登入天數: 41天 / 1528天
等級: 20
石頭: 1145
呼符: 29
友情點: +0 / 1418590`
*連続ログイン6日目
※ログインが途切れるか、7日到達すると
1日目から再開されます*
`聖晶石 X 2
1月交換券(2022) X 1
``從者/禮裝數: 487 / 628`
_2022-01-21 19:32:45_
--------
`友情點數召喚累計260次

`