【登入訊息】
[c5ab1b78563b1f9e4ee17ab01234bc5e]
`登入天數: 42天 / 1393天
等級: 92
石頭: 1711
呼符: 133
友情點: +0 / 1543145`
*連続ログイン7日間到達おめでとうございます！
明日は1日目からリスタートされます。*
`獣の足跡 X 1
呼符 X 1
1月交換券(2022) X 1
``從者/禮裝數: 602 / 593`
_2022-01-22 19:31:17_
--------
`友情點數召喚累計711次

`[d4825e10f75d83bc0cfb33b6768a8634]
`登入天數: 42天 / 1585天
等級: 19
石頭: 2029
呼符: 5
友情點: +20 / 1678795`
*連続ログイン7日間到達おめでとうございます！
明日は1日目からリスタートされます。*
`獣の足跡 X 1
呼符 X 1
1月交換券(2022) X 1
``從者/禮裝數: 491 / 669`
_2022-01-22 19:31:28_
--------
`友情點數召喚累計290次

`[ff29db15be18f883ffccdf7ab23021a7]
`登入天數: 42天 / 1581天
等級: 18
石頭: 1135
呼符: 5
友情點: +10 / 1556810`
*連続ログイン7日間到達おめでとうございます！
明日は1日目からリスタートされます。*
`獣の足跡 X 1
呼符 X 1
1月交換券(2022) X 1
``從者/禮裝數: 565 / 648`
_2022-01-22 19:31:39_
--------
`友情點數召喚累計370次

`[cc4787a257e3a46e268001195f780247]
`登入天數: 42天 / 1595天
等級: 18
石頭: 1747
呼符: 109
友情點: +30 / 1667780`
*連続ログイン7日間到達おめでとうございます！
明日は1日目からリスタートされます。*
`獣の足跡 X 1
呼符 X 1
1月交換券(2022) X 1
``從者/禮裝數: 465 / 640`
_2022-01-22 19:31:50_
--------
`友情點數召喚累計280次

`[3f5599a008981ecf87f2dea9d1d83d6a]
`登入天數: 42天 / 1600天
等級: 18
石頭: 2029
呼符: 3
友情點: +0 / 1647775`
*連続ログイン7日間到達おめでとうございます！
明日は1日目からリスタートされます。*
`獣の足跡 X 1
呼符 X 1
1月交換券(2022) X 1
``從者/禮裝數: 432 / 627`
_2022-01-22 19:32:01_
--------
`友情點數召喚累計330次

`[0d14e47d83c8b8400ed7555e0192724d]
`登入天數: 42天 / 1522天
等級: 20
石頭: 505
呼符: 0
友情點: +10 / 1517245`
*連続ログイン7日間到達おめでとうございます！
明日は1日目からリスタートされます。*
`獣の足跡 X 1
呼符 X 1
1月交換券(2022) X 1
``從者/禮裝數: 388 / 619`
_2022-01-22 19:32:12_
--------
`友情點數召喚累計270次

`[d4c10e20929a4c973210db1453668b11]
`登入天數: 42天 / 1528天
等級: 19
石頭: 1832
呼符: 0
友情點: +0 / 1505720`
*連続ログイン7日間到達おめでとうございます！
明日は1日目からリスタートされます。*
`獣の足跡 X 1
呼符 X 1
1月交換券(2022) X 1
``從者/禮裝數: 384 / 570`
_2022-01-22 19:32:23_
--------
`友情點數召喚累計240次

`[f0cc4e7ae2d4b30013f328b2cf7d6063]
`登入天數: 42天 / 1537天
等級: 20
石頭: 12
呼符: 0
友情點: +0 / 1509320`
*連続ログイン7日間到達おめでとうございます！
明日は1日目からリスタートされます。*
`獣の足跡 X 1
呼符 X 1
1月交換券(2022) X 1
``從者/禮裝數: 389 / 611`
_2022-01-22 19:32:34_
--------
`友情點數召喚累計262次

`[48a14ba1dd858b92594b71e0ed7d5311]
`登入天數: 42天 / 1529天
等級: 20
石頭: 1145
呼符: 29
友情點: +0 / 1418590`
*連続ログイン7日間到達おめでとうございます！
明日は1日目からリスタートされます。*
`獣の足跡 X 1
呼符 X 1
1月交換券(2022) X 1
``從者/禮裝數: 489 / 635`
_2022-01-22 19:32:46_
--------
`友情點數召喚累計270次

`