【登入訊息】
[c5ab1b78563b1f9e4ee17ab01234bc5e]
`登入天數: 43天 / 1394天
等級: 92
石頭: 1711
呼符: 133
友情點: +0 / 1543145`
*連続ログイン1日目
※ログインが途切れるか、7日到達すると
1日目から再開されます*
`フレンドポイント X 2000
1月交換券(2022) X 1
``從者/禮裝數: 603 / 598`
_2022-01-23 19:31:15_
--------
`友情點數召喚累計721次

`[d4825e10f75d83bc0cfb33b6768a8634]
`登入天數: 43天 / 1586天
等級: 19
石頭: 2029
呼符: 5
友情點: +0 / 1678795`
*連続ログイン1日目
※ログインが途切れるか、7日到達すると
1日目から再開されます*
`フレンドポイント X 2000
1月交換券(2022) X 1
``從者/禮裝數: 494 / 676`
_2022-01-23 19:31:26_
--------
`友情點數召喚累計300次

`[ff29db15be18f883ffccdf7ab23021a7]
`登入天數: 43天 / 1582天
等級: 18
石頭: 1135
呼符: 5
友情點: +0 / 1556810`
*連続ログイン1日目
※ログインが途切れるか、7日到達すると
1日目から再開されます*
`フレンドポイント X 2000
1月交換券(2022) X 1
``從者/禮裝數: 569 / 651`
_2022-01-23 19:31:37_
--------
`友情點數召喚累計380次

`[cc4787a257e3a46e268001195f780247]
`登入天數: 43天 / 1596天
等級: 18
石頭: 1747
呼符: 109
友情點: +10 / 1667790`
*連続ログイン1日目
※ログインが途切れるか、7日到達すると
1日目から再開されます*
`フレンドポイント X 2000
1月交換券(2022) X 1
``從者/禮裝數: 465 / 645`
_2022-01-23 19:31:48_
--------
`友情點數召喚累計290次

`[3f5599a008981ecf87f2dea9d1d83d6a]
`登入天數: 43天 / 1601天
等級: 18
石頭: 2029
呼符: 3
友情點: +0 / 1647775`
*連続ログイン1日目
※ログインが途切れるか、7日到達すると
1日目から再開されます*
`フレンドポイント X 2000
1月交換券(2022) X 1
``從者/禮裝數: 436 / 631`
_2022-01-23 19:31:59_
--------
`友情點數召喚累計340次

`[0d14e47d83c8b8400ed7555e0192724d]
`登入天數: 43天 / 1523天
等級: 20
石頭: 505
呼符: 0
友情點: +0 / 1517245`
*連続ログイン1日目
※ログインが途切れるか、7日到達すると
1日目から再開されます*
`フレンドポイント X 2000
1月交換券(2022) X 1
``從者/禮裝數: 391 / 623`
_2022-01-23 19:32:10_
--------
`友情點數召喚累計280次

`[d4c10e20929a4c973210db1453668b11]
`登入天數: 43天 / 1529天
等級: 19
石頭: 1832
呼符: 0
友情點: +0 / 1505720`
*連続ログイン1日目
※ログインが途切れるか、7日到達すると
1日目から再開されます*
`フレンドポイント X 2000
1月交換券(2022) X 1
``從者/禮裝數: 385 / 575`
_2022-01-23 19:32:22_
--------
`友情點數召喚累計250次

`[f0cc4e7ae2d4b30013f328b2cf7d6063]
`登入天數: 43天 / 1538天
等級: 20
石頭: 12
呼符: 0
友情點: +0 / 1509320`
*連続ログイン1日目
※ログインが途切れるか、7日到達すると
1日目から再開されます*
`フレンドポイント X 2000
1月交換券(2022) X 1
``從者/禮裝數: 392 / 616`
_2022-01-23 19:32:33_
--------
`友情點數召喚累計272次

`[48a14ba1dd858b92594b71e0ed7d5311]
`登入天數: 43天 / 1530天
等級: 20
石頭: 1145
呼符: 29
友情點: +0 / 1418590`
*連続ログイン1日目
※ログインが途切れるか、7日到達すると
1日目から再開されます*
`フレンドポイント X 2000
1月交換券(2022) X 1
``從者/禮裝數: 491 / 640`
_2022-01-23 19:32:44_
--------
`友情點數召喚累計280次

`