【登入訊息】
[c5ab1b78563b1f9e4ee17ab01234bc5e]
`登入天數: 45天 / 1396天
等級: 92
石頭: 1711
呼符: 133
友情點: +0 / 1543145`
*連続ログイン3日目
※ログインが途切れるか、7日到達すると
1日目から再開されます*
`叡智の猛火 X 1
1月交換券(2022) X 1
``從者/禮裝數: 609 / 609`
_2022-01-25 19:31:01_
--------
`友情點數召喚累計741次

`[d4825e10f75d83bc0cfb33b6768a8634]
`登入天數: 45天 / 1588天
等級: 19
石頭: 2029
呼符: 5
友情點: +0 / 1678795`
*連続ログイン3日目
※ログインが途切れるか、7日到達すると
1日目から再開されます*
`叡智の猛火 X 1
1月交換券(2022) X 1
``從者/禮裝數: 502 / 683`
_2022-01-25 19:31:13_
--------
`友情點數召喚累計320次

`[ff29db15be18f883ffccdf7ab23021a7]
`登入天數: 45天 / 1584天
等級: 18
石頭: 1135
呼符: 5
友情點: +0 / 1556810`
*連続ログイン3日目
※ログインが途切れるか、7日到達すると
1日目から再開されます*
`叡智の猛火 X 1
1月交換券(2022) X 1
``從者/禮裝數: 576 / 661`
_2022-01-25 19:31:24_
--------
`友情點數召喚累計400次

`[cc4787a257e3a46e268001195f780247]
`登入天數: 45天 / 1598天
等級: 18
石頭: 1747
呼符: 109
友情點: +0 / 1667790`
*連続ログイン3日目
※ログインが途切れるか、7日到達すると
1日目から再開されます*
`叡智の猛火 X 1
1月交換券(2022) X 1
``從者/禮裝數: 470 / 657`
_2022-01-25 19:31:35_
--------
`友情點數召喚累計310次

`[3f5599a008981ecf87f2dea9d1d83d6a]
`登入天數: 45天 / 1603天
等級: 18
石頭: 2029
呼符: 3
友情點: +0 / 1647775`
*連続ログイン3日目
※ログインが途切れるか、7日到達すると
1日目から再開されます*
`叡智の猛火 X 1
1月交換券(2022) X 1
``從者/禮裝數: 442 / 641`
_2022-01-25 19:31:46_
--------
`友情點數召喚累計360次

`[0d14e47d83c8b8400ed7555e0192724d]
`登入天數: 45天 / 1525天
等級: 20
石頭: 505
呼符: 0
友情點: +0 / 1517245`
*連続ログイン3日目
※ログインが途切れるか、7日到達すると
1日目から再開されます*
`叡智の猛火 X 1
1月交換券(2022) X 1
``從者/禮裝數: 397 / 634`
_2022-01-25 19:31:56_
--------
`友情點數召喚累計300次

`[d4c10e20929a4c973210db1453668b11]
`登入天數: 45天 / 1531天
等級: 19
石頭: 1832
呼符: 0
友情點: +0 / 1505720`
*連続ログイン3日目
※ログインが途切れるか、7日到達すると
1日目から再開されます*
`叡智の猛火 X 1
1月交換券(2022) X 1
``從者/禮裝數: 393 / 579`
_2022-01-25 19:32:07_
--------
`友情點數召喚累計270次

`[f0cc4e7ae2d4b30013f328b2cf7d6063]
`登入天數: 45天 / 1540天
等級: 20
石頭: 12
呼符: 0
友情點: +0 / 1509320`
*連続ログイン3日目
※ログインが途切れるか、7日到達すると
1日目から再開されます*
`叡智の猛火 X 1
1月交換券(2022) X 1
``從者/禮裝數: 396 / 625`
_2022-01-25 19:32:18_
--------
`友情點數召喚累計292次

`[48a14ba1dd858b92594b71e0ed7d5311]
`登入天數: 45天 / 1532天
等級: 20
石頭: 1145
呼符: 29
友情點: +0 / 1418590`
*連続ログイン3日目
※ログインが途切れるか、7日到達すると
1日目から再開されます*
`叡智の猛火 X 1
1月交換券(2022) X 1
``從者/禮裝數: 501 / 647`
_2022-01-25 19:32:29_
--------
`友情點數召喚累計300次

`