【登入訊息】
[c5ab1b78563b1f9e4ee17ab01234bc5e]
`登入天數: 46天 / 1397天
等級: 92
石頭: 1711
呼符: 133
友情點: +0 / 1543145`
`從者/禮裝數: 617 / 617`
_2022-01-27 14:21:40_
--------
[d4825e10f75d83bc0cfb33b6768a8634]
`登入天數: 46天 / 1589天
等級: 19
石頭: 2029
呼符: 5
友情點: +0 / 1678795`
*連続ログイン4日目
※ログインが途切れるか、7日到達すると
1日目から再開されます*
`聖晶石 X 1
1月交換券(2022) X 1
``從者/禮裝數: 504 / 690`
_2022-01-27 14:21:48_
--------
`友情點數召喚累計330次

`[ff29db15be18f883ffccdf7ab23021a7]
`登入天數: 46天 / 1585天
等級: 18
石頭: 1135
呼符: 5
友情點: +0 / 1556810`
*連続ログイン4日目
※ログインが途切れるか、7日到達すると
1日目から再開されます*
`聖晶石 X 1
1月交換券(2022) X 1
``從者/禮裝數: 579 / 666`
_2022-01-27 14:21:59_
--------
`友情點數召喚累計410次

`[cc4787a257e3a46e268001195f780247]
`登入天數: 46天 / 1599天
等級: 18
石頭: 1747
呼符: 109
友情點: +0 / 1667790`
*連続ログイン4日目
※ログインが途切れるか、7日到達すると
1日目から再開されます*
`聖晶石 X 1
1月交換券(2022) X 1
``從者/禮裝數: 475 / 659`
_2022-01-27 14:22:10_
--------
`友情點數召喚累計320次

`[3f5599a008981ecf87f2dea9d1d83d6a]
`登入天數: 46天 / 1604天
等級: 18
石頭: 2029
呼符: 3
友情點: +0 / 1647775`
*連続ログイン4日目
※ログインが途切れるか、7日到達すると
1日目から再開されます*
`聖晶石 X 1
1月交換券(2022) X 1
``從者/禮裝數: 443 / 643`
_2022-01-27 14:22:21_
--------
`友情點數召喚累計370次

`[0d14e47d83c8b8400ed7555e0192724d]
`登入天數: 46天 / 1526天
等級: 20
石頭: 505
呼符: 0
友情點: +0 / 1517245`
*連続ログイン4日目
※ログインが途切れるか、7日到達すると
1日目から再開されます*
`聖晶石 X 1
1月交換券(2022) X 1
``從者/禮裝數: 399 / 641`
_2022-01-27 14:22:32_
--------
`友情點數召喚累計310次

`[d4c10e20929a4c973210db1453668b11]
`登入天數: 46天 / 1532天
等級: 19
石頭: 1832
呼符: 0
友情點: +0 / 1505720`
*連続ログイン4日目
※ログインが途切れるか、7日到達すると
1日目から再開されます*
`聖晶石 X 1
1月交換券(2022) X 1
``從者/禮裝數: 397 / 584`
_2022-01-27 14:22:43_
--------
`友情點數召喚累計280次

`[f0cc4e7ae2d4b30013f328b2cf7d6063]
`登入天數: 46天 / 1541天
等級: 20
石頭: 12
呼符: 0
友情點: +0 / 1509320`
*連続ログイン4日目
※ログインが途切れるか、7日到達すると
1日目から再開されます*
`聖晶石 X 1
1月交換券(2022) X 1
``從者/禮裝數: 398 / 632`
_2022-01-27 14:22:54_
--------
`友情點數召喚累計302次

`[48a14ba1dd858b92594b71e0ed7d5311]
`登入天數: 46天 / 1533天
等級: 20
石頭: 1145
呼符: 29
友情點: +0 / 1418590`
*連続ログイン4日目
※ログインが途切れるか、7日到達すると
1日目から再開されます*
`聖晶石 X 1
1月交換券(2022) X 1
``從者/禮裝數: 504 / 652`
_2022-01-27 14:23:06_
--------
`友情點數召喚累計310次

`