【登入訊息】
[c5ab1b78563b1f9e4ee17ab01234bc5e]
`登入天數: 47天 / 1398天
等級: 92
石頭: 1711
呼符: 133
友情點: +0 / 1543145`
*連続ログイン5日目
※ログインが途切れるか、7日到達すると
1日目から再開されます*
`叡智の猛火 X 2
1月交換券(2022) X 1
``從者/禮裝數: 617 / 617`
_2022-01-27 19:31:02_
--------
[d4825e10f75d83bc0cfb33b6768a8634]
`登入天數: 47天 / 1590天
等級: 19
石頭: 2029
呼符: 5
友情點: +0 / 1678795`
*連続ログイン5日目
※ログインが途切れるか、7日到達すると
1日目から再開されます*
`叡智の猛火 X 2
1月交換券(2022) X 1
``從者/禮裝數: 505 / 696`
_2022-01-27 19:31:11_
--------
[ff29db15be18f883ffccdf7ab23021a7]
`登入天數: 47天 / 1586天
等級: 18
石頭: 1135
呼符: 5
友情點: +0 / 1556810`
*連続ログイン5日目
※ログインが途切れるか、7日到達すると
1日目から再開されます*
`叡智の猛火 X 2
1月交換券(2022) X 1
``從者/禮裝數: 582 / 671`
_2022-01-27 19:31:20_
--------
[cc4787a257e3a46e268001195f780247]
`登入天數: 47天 / 1600天
等級: 18
石頭: 1747
呼符: 109
友情點: +0 / 1667790`
*連続ログイン5日目
※ログインが途切れるか、7日到達すると
1日目から再開されます*
`叡智の猛火 X 2
1月交換券(2022) X 1
``從者/禮裝數: 478 / 662`
_2022-01-27 19:31:29_
--------
[3f5599a008981ecf87f2dea9d1d83d6a]
`登入天數: 47天 / 1605天
等級: 18
石頭: 2029
呼符: 3
友情點: +0 / 1647775`
*連続ログイン5日目
※ログインが途切れるか、7日到達すると
1日目から再開されます*
`叡智の猛火 X 2
1月交換券(2022) X 1
``從者/禮裝數: 448 / 647`
_2022-01-27 19:31:37_
--------
[0d14e47d83c8b8400ed7555e0192724d]
`登入天數: 47天 / 1527天
等級: 20
石頭: 505
呼符: 0
友情點: +0 / 1517245`
*連続ログイン5日目
※ログインが途切れるか、7日到達すると
1日目から再開されます*
`叡智の猛火 X 2
1月交換券(2022) X 1
``從者/禮裝數: 400 / 647`
_2022-01-27 19:31:46_
--------
[d4c10e20929a4c973210db1453668b11]
`登入天數: 47天 / 1533天
等級: 19
石頭: 1832
呼符: 0
友情點: +0 / 1505720`
*連続ログイン5日目
※ログインが途切れるか、7日到達すると
1日目から再開されます*
`叡智の猛火 X 2
1月交換券(2022) X 1
``從者/禮裝數: 400 / 588`
_2022-01-27 19:31:55_
--------
[f0cc4e7ae2d4b30013f328b2cf7d6063]
`登入天數: 47天 / 1542天
等級: 20
石頭: 12
呼符: 0
友情點: +0 / 1509320`
*連続ログイン5日目
※ログインが途切れるか、7日到達すると
1日目から再開されます*
`叡智の猛火 X 2
1月交換券(2022) X 1
``從者/禮裝數: 401 / 636`
_2022-01-27 19:32:05_
--------
[48a14ba1dd858b92594b71e0ed7d5311]
`登入天數: 47天 / 1534天
等級: 20
石頭: 1145
呼符: 29
友情點: +0 / 1418590`
*連続ログイン5日目
※ログインが途切れるか、7日到達すると
1日目から再開されます*
`叡智の猛火 X 2
1月交換券(2022) X 1
``從者/禮裝數: 507 / 656`
_2022-01-27 19:32:13_
--------
