【登入訊息】
[c5ab1b78563b1f9e4ee17ab01234bc5e]
`登入天數: 49天 / 1400天
等級: 92
石頭: 1711
呼符: 133
友情點: +0 / 1543145`
*連続ログイン7日間到達おめでとうございます！
明日は1日目からリスタートされます。*
`獣の足跡 X 1
呼符 X 1
1月交換券(2022) X 1
``從者/禮裝數: 620 / 624`
_2022-01-29 19:31:00_
--------
`友情點數召喚累計771次

`[d4825e10f75d83bc0cfb33b6768a8634]
`登入天數: 49天 / 1592天
等級: 19
石頭: 2029
呼符: 5
友情點: +0 / 1678795`
*連続ログイン7日間到達おめでとうございます！
明日は1日目からリスタートされます。*
`獣の足跡 X 1
呼符 X 1
1月交換券(2022) X 1
``從者/禮裝數: 510 / 698`
_2022-01-29 19:31:11_
--------
`友情點數召喚累計350次

`[ff29db15be18f883ffccdf7ab23021a7]
`登入天數: 49天 / 1588天
等級: 18
石頭: 1135
呼符: 5
友情點: +0 / 1556810`
*連続ログイン7日間到達おめでとうございます！
明日は1日目からリスタートされます。*
`獣の足跡 X 1
呼符 X 1
1月交換券(2022) X 1
``從者/禮裝數: 587 / 674`
_2022-01-29 19:31:22_
--------
`友情點數召喚累計430次

`[cc4787a257e3a46e268001195f780247]
`登入天數: 49天 / 1602天
等級: 18
石頭: 1747
呼符: 109
友情點: +0 / 1667790`
*連続ログイン7日間到達おめでとうございます！
明日は1日目からリスタートされます。*
`獣の足跡 X 1
呼符 X 1
1月交換券(2022) X 1
``從者/禮裝數: 480 / 666`
_2022-01-29 19:31:33_
--------
`友情點數召喚累計340次

`[3f5599a008981ecf87f2dea9d1d83d6a]
`登入天數: 49天 / 1607天
等級: 18
石頭: 2029
呼符: 3
友情點: +0 / 1647775`
*連続ログイン7日間到達おめでとうございます！
明日は1日目からリスタートされます。*
`獣の足跡 X 1
呼符 X 1
1月交換券(2022) X 1
``從者/禮裝數: 450 / 652`
_2022-01-29 19:31:45_
--------
`友情點數召喚累計390次

`[0d14e47d83c8b8400ed7555e0192724d]
`登入天數: 49天 / 1529天
等級: 20
石頭: 505
呼符: 0
友情點: +0 / 1517245`
*連続ログイン7日間到達おめでとうございます！
明日は1日目からリスタートされます。*
`獣の足跡 X 1
呼符 X 1
1月交換券(2022) X 1
``從者/禮裝數: 401 / 654`
_2022-01-29 19:31:56_
--------
`友情點數召喚累計330次

`[d4c10e20929a4c973210db1453668b11]
`登入天數: 49天 / 1535天
等級: 19
石頭: 1832
呼符: 0
友情點: +0 / 1505720`
*連続ログイン7日間到達おめでとうございます！
明日は1日目からリスタートされます。*
`獣の足跡 X 1
呼符 X 1
1月交換券(2022) X 1
``從者/禮裝數: 404 / 591`
_2022-01-29 19:32:08_
--------
`友情點數召喚累計300次

`[f0cc4e7ae2d4b30013f328b2cf7d6063]
`登入天數: 49天 / 1544天
等級: 20
石頭: 12
呼符: 0
友情點: +0 / 1509320`
*連続ログイン7日間到達おめでとうございます！
明日は1日目からリスタートされます。*
`獣の足跡 X 1
呼符 X 1
1月交換券(2022) X 1
``從者/禮裝數: 402 / 644`
_2022-01-29 19:32:19_
--------
`友情點數召喚累計322次

`[48a14ba1dd858b92594b71e0ed7d5311]
`登入天數: 49天 / 1536天
等級: 20
石頭: 1145
呼符: 29
友情點: +0 / 1418590`
*連続ログイン7日間到達おめでとうございます！
明日は1日目からリスタートされます。*
`獣の足跡 X 1
呼符 X 1
1月交換券(2022) X 1
``從者/禮裝數: 508 / 663`
_2022-01-29 19:32:30_
--------
`友情點數召喚累計330次

`