【登入訊息】
[c5ab1b78563b1f9e4ee17ab01234bc5e]
`登入天數: 50天 / 1401天
等級: 92
石頭: 1711
呼符: 133
友情點: +0 / 1543145`
*連続ログイン1日目
※ログインが途切れるか、7日到達すると
1日目から再開されます*
`フレンドポイント X 2000
1月交換券(2022) X 1
``從者/禮裝數: 624 / 626`
_2022-01-30 19:31:07_
--------
`友情點數召喚累計781次

`[d4825e10f75d83bc0cfb33b6768a8634]
`登入天數: 50天 / 1593天
等級: 19
石頭: 2029
呼符: 5
友情點: +20 / 1678815`
*連続ログイン1日目
※ログインが途切れるか、7日到達すると
1日目から再開されます*
`フレンドポイント X 2000
1月交換券(2022) X 1
``從者/禮裝數: 514 / 702`
_2022-01-30 19:31:18_
--------
[ff29db15be18f883ffccdf7ab23021a7]
`登入天數: 50天 / 1589天
等級: 18
石頭: 1135
呼符: 5
友情點: +0 / 1556810`
*連続ログイン1日目
※ログインが途切れるか、7日到達すると
1日目から再開されます*
`フレンドポイント X 2000
1月交換券(2022) X 1
``從者/禮裝數: 589 / 679`
_2022-01-30 19:31:27_
--------
`友情點數召喚累計440次

`[cc4787a257e3a46e268001195f780247]
`登入天數: 50天 / 1603天
等級: 18
石頭: 1747
呼符: 109
友情點: +0 / 1667790`
*連続ログイン1日目
※ログインが途切れるか、7日到達すると
1日目から再開されます*
`フレンドポイント X 2000
1月交換券(2022) X 1
``從者/禮裝數: 482 / 673`
_2022-01-30 19:31:38_
--------
`友情點數召喚累計350次

`[3f5599a008981ecf87f2dea9d1d83d6a]
`登入天數: 50天 / 1608天
等級: 18
石頭: 2029
呼符: 3
友情點: +0 / 1647775`
*連続ログイン1日目
※ログインが途切れるか、7日到達すると
1日目から再開されます*
`フレンドポイント X 2000
1月交換券(2022) X 1
``從者/禮裝數: 453 / 656`
_2022-01-30 19:31:49_
--------
`友情點數召喚累計400次

`[0d14e47d83c8b8400ed7555e0192724d]
`登入天數: 50天 / 1530天
等級: 20
石頭: 505
呼符: 0
友情點: +0 / 1517245`
*連続ログイン1日目
※ログインが途切れるか、7日到達すると
1日目から再開されます*
`フレンドポイント X 2000
1月交換券(2022) X 1
``從者/禮裝數: 403 / 660`
_2022-01-30 19:32:00_
--------
`友情點數召喚累計340次

`[d4c10e20929a4c973210db1453668b11]
`登入天數: 50天 / 1536天
等級: 19
石頭: 1832
呼符: 0
友情點: +0 / 1505720`
*連続ログイン1日目
※ログインが途切れるか、7日到達すると
1日目から再開されます*
`フレンドポイント X 2000
1月交換券(2022) X 1
``從者/禮裝數: 409 / 595`
_2022-01-30 19:32:12_
--------
`友情點數召喚累計310次

`[f0cc4e7ae2d4b30013f328b2cf7d6063]
`登入天數: 50天 / 1545天
等級: 20
石頭: 12
呼符: 0
友情點: +0 / 1509320`
*連続ログイン1日目
※ログインが途切れるか、7日到達すると
1日目から再開されます*
`フレンドポイント X 2000
1月交換券(2022) X 1
``從者/禮裝數: 403 / 652`
_2022-01-30 19:32:23_
--------
`友情點數召喚累計332次

`[48a14ba1dd858b92594b71e0ed7d5311]
`登入天數: 50天 / 1537天
等級: 20
石頭: 1145
呼符: 29
友情點: +0 / 1418590`
*連続ログイン1日目
※ログインが途切れるか、7日到達すると
1日目から再開されます*
`フレンドポイント X 2000
1月交換券(2022) X 1
``從者/禮裝數: 511 / 669`
_2022-01-30 19:32:35_
--------
`友情點數召喚累計340次

`