【登入訊息】
[c5ab1b78563b1f9e4ee17ab01234bc5e]
`登入天數: 171天 / 1522天
等級: 92
石頭: 2174
呼符: 186
友情點: +0 / 1581145`
*連続ログイン3日目
※ログインが途切れるか、7日到達すると
1日目から再開されます*
`叡智の猛火 X 1
6月交換券(2022) X 1
`*死想顕現界域 トラオム 或る幻想の生と死 開幕直前ログインボーナス*
*開催期間中、1日1回 最大7回 ログインボーナスをプレゼント！*
/webview/loginbonus/20220526_s0klfs/s0klfs_k_07.png
`聖晶石 X 1
黄金の果実 X 1
``從者/禮裝數: 617 / 644`
_2022-05-31 19:35:57_
--------
`友情點數召喚累計1701次

`[d4825e10f75d83bc0cfb33b6768a8634]
`登入天數: 61天 / 1711天
等級: 19
石頭: 2085
呼符: 27
友情點: +0 / 1714430`
*連続ログイン5日目
※ログインが途切れるか、7日到達すると
1日目から再開されます*
`叡智の猛火 X 2
6月交換券(2022) X 1
`*死想顕現界域 トラオム 或る幻想の生と死 開幕直前ログインボーナス*
*開催期間中、1日1回 最大7回 ログインボーナスをプレゼント！*
/webview/loginbonus/20220526_s0klfs/s0klfs_k_07.png
`聖晶石 X 1
黄金の果実 X 1
``從者/禮裝數: 635 / 647`
_2022-05-31 19:36:08_
--------
`友情點數召喚累計1160次

`[ff29db15be18f883ffccdf7ab23021a7]
`登入天數: 61天 / 1707天
等級: 18
石頭: 1320
呼符: 41
友情點: +80 / 1580640`
*連続ログイン5日目
※ログインが途切れるか、7日到達すると
1日目から再開されます*
`叡智の猛火 X 2
6月交換券(2022) X 1
`*死想顕現界域 トラオム 或る幻想の生と死 開幕直前ログインボーナス*
*開催期間中、1日1回 最大7回 ログインボーナスをプレゼント！*
/webview/loginbonus/20220526_s0klfs/s0klfs_k_07.png
`聖晶石 X 1
黄金の果実 X 1
``從者/禮裝數: 695 / 701`
_2022-05-31 19:36:19_
--------
[cc4787a257e3a46e268001195f780247]
`登入天數: 61天 / 1721天
等級: 18
石頭: 1962
呼符: 144
友情點: +20 / 1691170`
*連続ログイン5日目
※ログインが途切れるか、7日到達すると
1日目から再開されます*
`叡智の猛火 X 2
6月交換券(2022) X 1
`*死想顕現界域 トラオム 或る幻想の生と死 開幕直前ログインボーナス*
*開催期間中、1日1回 最大7回 ログインボーナスをプレゼント！*
/webview/loginbonus/20220526_s0klfs/s0klfs_k_07.png
`聖晶石 X 1
黄金の果実 X 1
``從者/禮裝數: 672 / 705`
_2022-05-31 19:36:28_
--------
[3f5599a008981ecf87f2dea9d1d83d6a]
`登入天數: 61天 / 1726天
等級: 18
石頭: 1906
呼符: 49
友情點: +0 / 1679775`
*連続ログイン5日目
※ログインが途切れるか、7日到達すると
1日目から再開されます*
`叡智の猛火 X 2
6月交換券(2022) X 1
`*死想顕現界域 トラオム 或る幻想の生と死 開幕直前ログインボーナス*
*開催期間中、1日1回 最大7回 ログインボーナスをプレゼント！*
/webview/loginbonus/20220526_s0klfs/s0klfs_k_07.png
`聖晶石 X 1
黄金の果実 X 1
``從者/禮裝數: 663 / 790`
_2022-05-31 19:36:37_
--------
[0d14e47d83c8b8400ed7555e0192724d]
`登入天數: 61天 / 1648天
等級: 20
石頭: 824
呼符: 40
友情點: +30 / 1548900`
*連続ログイン5日目
※ログインが途切れるか、7日到達すると
1日目から再開されます*
`叡智の猛火 X 2
6月交換券(2022) X 1
`*死想顕現界域 トラオム 或る幻想の生と死 開幕直前ログインボーナス*
*開催期間中、1日1回 最大7回 ログインボーナスをプレゼント！*
/webview/loginbonus/20220526_s0klfs/s0klfs_k_07.png
`聖晶石 X 1
黄金の果実 X 1
``從者/禮裝數: 630 / 703`
_2022-05-31 19:36:45_
--------
[d4c10e20929a4c973210db1453668b11]
`登入天數: 61天 / 1654天
等級: 19
石頭: 2018
呼符: 35
友情點: +0 / 1525745`
*連続ログイン5日目
※ログインが途切れるか、7日到達すると
1日目から再開されます*
`叡智の猛火 X 2
6月交換券(2022) X 1
`*死想顕現界域 トラオム 或る幻想の生と死 開幕直前ログインボーナス*
*開催期間中、1日1回 最大7回 ログインボーナスをプレゼント！*
/webview/loginbonus/20220526_s0klfs/s0klfs_k_07.png
`聖晶石 X 1
黄金の果実 X 1
``從者/禮裝數: 671 / 700`
_2022-05-31 19:36:54_
--------
[f0cc4e7ae2d4b30013f328b2cf7d6063]
`登入天數: 61天 / 1663天
等級: 20
石頭: 228
呼符: 35
友情點: +0 / 1529320`
*連続ログイン5日目
※ログインが途切れるか、7日到達すると
1日目から再開されます*
`叡智の猛火 X 2
6月交換券(2022) X 1
`*死想顕現界域 トラオム 或る幻想の生と死 開幕直前ログインボーナス*
*開催期間中、1日1回 最大7回 ログインボーナスをプレゼント！*
/webview/loginbonus/20220526_s0klfs/s0klfs_k_07.png
`聖晶石 X 1
黄金の果実 X 1
``從者/禮裝數: 606 / 702`
_2022-05-31 19:37:03_
--------
[48a14ba1dd858b92594b71e0ed7d5311]
`登入天數: 61天 / 1655天
等級: 20
石頭: 1331
呼符: 59
友情點: +0 / 1438640`
*連続ログイン5日目
※ログインが途切れるか、7日到達すると
1日目から再開されます*
`叡智の猛火 X 2
6月交換券(2022) X 1
`*死想顕現界域 トラオム 或る幻想の生と死 開幕直前ログインボーナス*
*開催期間中、1日1回 最大7回 ログインボーナスをプレゼント！*
/webview/loginbonus/20220526_s0klfs/s0klfs_k_07.png
`聖晶石 X 1
黄金の果実 X 1
``從者/禮裝數: 680 / 705`
_2022-05-31 19:37:11_
--------
