【登入訊息】
[c5ab1b78563b1f9e4ee17ab01234bc5e]
`登入天數: 172天 / 1523天
等級: 92
石頭: 2174
呼符: 186
友情點: +0 / 1581145`
*連続ログイン4日目
※ログインが途切れるか、7日到達すると
1日目から再開されます*
`聖晶石 X 1
6月交換券(2022) X 1
`*リリース2500日突破キャンペーン 初回ログインボーナス*
*開催期間中、初回ログインで「聖晶石×10」をプレゼント！*
/webview/loginbonus/20220602_jd50hg/jd50hg_s_01.png
`聖晶石 X 10
`*FGOカルデア放送局 Vol.18 第2部 第6.5章 或る幻想の生と死 開幕直前SP 放送記念 初回ログインボーナス*
*開催期間中、初回ログインで「聖晶石×12」をプレゼント！*
/webview/loginbonus/20220602_zu5oij/zu5oij_s_01.png
`聖晶石 X 12
``從者/禮裝數: 618 / 649`
_2022-06-01 19:36:27_
--------
`友情點數召喚累計1711次

`[d4825e10f75d83bc0cfb33b6768a8634]
`登入天數: 62天 / 1712天
等級: 19
石頭: 2085
呼符: 27
友情點: +0 / 1714430`
*連続ログイン6日目
※ログインが途切れるか、7日到達すると
1日目から再開されます*
`聖晶石 X 2
6月交換券(2022) X 1
`*リリース2500日突破キャンペーン 初回ログインボーナス*
*開催期間中、初回ログインで「聖晶石×10」をプレゼント！*
/webview/loginbonus/20220602_jd50hg/jd50hg_s_01.png
`聖晶石 X 10
`*FGOカルデア放送局 Vol.18 第2部 第6.5章 或る幻想の生と死 開幕直前SP 放送記念 初回ログインボーナス*
*開催期間中、初回ログインで「聖晶石×12」をプレゼント！*
/webview/loginbonus/20220602_zu5oij/zu5oij_s_01.png
`聖晶石 X 12
``從者/禮裝數: 637 / 654`
_2022-06-01 19:36:38_
--------
`友情點數召喚累計1170次

`[ff29db15be18f883ffccdf7ab23021a7]
`登入天數: 62天 / 1708天
等級: 18
石頭: 1320
呼符: 41
友情點: +80 / 1580720`
*連続ログイン6日目
※ログインが途切れるか、7日到達すると
1日目から再開されます*
`聖晶石 X 2
6月交換券(2022) X 1
`*リリース2500日突破キャンペーン 初回ログインボーナス*
*開催期間中、初回ログインで「聖晶石×10」をプレゼント！*
/webview/loginbonus/20220602_jd50hg/jd50hg_s_01.png
`聖晶石 X 10
`*FGOカルデア放送局 Vol.18 第2部 第6.5章 或る幻想の生と死 開幕直前SP 放送記念 初回ログインボーナス*
*開催期間中、初回ログインで「聖晶石×12」をプレゼント！*
/webview/loginbonus/20220602_zu5oij/zu5oij_s_01.png
`聖晶石 X 12
``從者/禮裝數: 695 / 701`
_2022-06-01 19:36:49_
--------
[cc4787a257e3a46e268001195f780247]
`登入天數: 62天 / 1722天
等級: 18
石頭: 1962
呼符: 144
友情點: +50 / 1691220`
*連続ログイン6日目
※ログインが途切れるか、7日到達すると
1日目から再開されます*
`聖晶石 X 2
6月交換券(2022) X 1
`*リリース2500日突破キャンペーン 初回ログインボーナス*
*開催期間中、初回ログインで「聖晶石×10」をプレゼント！*
/webview/loginbonus/20220602_jd50hg/jd50hg_s_01.png
`聖晶石 X 10
`*FGOカルデア放送局 Vol.18 第2部 第6.5章 或る幻想の生と死 開幕直前SP 放送記念 初回ログインボーナス*
*開催期間中、初回ログインで「聖晶石×12」をプレゼント！*
/webview/loginbonus/20220602_zu5oij/zu5oij_s_01.png
`聖晶石 X 12
``從者/禮裝數: 672 / 705`
_2022-06-01 19:36:58_
--------
[3f5599a008981ecf87f2dea9d1d83d6a]
`登入天數: 62天 / 1727天
等級: 18
石頭: 1906
呼符: 49
友情點: +0 / 1679775`
*連続ログイン6日目
※ログインが途切れるか、7日到達すると
1日目から再開されます*
`聖晶石 X 2
6月交換券(2022) X 1
`*リリース2500日突破キャンペーン 初回ログインボーナス*
*開催期間中、初回ログインで「聖晶石×10」をプレゼント！*
/webview/loginbonus/20220602_jd50hg/jd50hg_s_01.png
`聖晶石 X 10
`*FGOカルデア放送局 Vol.18 第2部 第6.5章 或る幻想の生と死 開幕直前SP 放送記念 初回ログインボーナス*
*開催期間中、初回ログインで「聖晶石×12」をプレゼント！*
/webview/loginbonus/20220602_zu5oij/zu5oij_s_01.png
`聖晶石 X 12
``從者/禮裝數: 663 / 790`
_2022-06-01 19:37:07_
--------
[0d14e47d83c8b8400ed7555e0192724d]
`登入天數: 62天 / 1649天
等級: 20
石頭: 824
呼符: 40
友情點: +110 / 1549010`
*連続ログイン6日目
※ログインが途切れるか、7日到達すると
1日目から再開されます*
`聖晶石 X 2
6月交換券(2022) X 1
`*リリース2500日突破キャンペーン 初回ログインボーナス*
*開催期間中、初回ログインで「聖晶石×10」をプレゼント！*
/webview/loginbonus/20220602_jd50hg/jd50hg_s_01.png
`聖晶石 X 10
`*FGOカルデア放送局 Vol.18 第2部 第6.5章 或る幻想の生と死 開幕直前SP 放送記念 初回ログインボーナス*
*開催期間中、初回ログインで「聖晶石×12」をプレゼント！*
/webview/loginbonus/20220602_zu5oij/zu5oij_s_01.png
`聖晶石 X 12
``從者/禮裝數: 630 / 703`
_2022-06-01 19:37:16_
--------
[d4c10e20929a4c973210db1453668b11]
`登入天數: 62天 / 1655天
等級: 19
石頭: 2018
呼符: 35
友情點: +0 / 1525745`
*連続ログイン6日目
※ログインが途切れるか、7日到達すると
1日目から再開されます*
`聖晶石 X 2
6月交換券(2022) X 1
`*リリース2500日突破キャンペーン 初回ログインボーナス*
*開催期間中、初回ログインで「聖晶石×10」をプレゼント！*
/webview/loginbonus/20220602_jd50hg/jd50hg_s_01.png
`聖晶石 X 10
`*FGOカルデア放送局 Vol.18 第2部 第6.5章 或る幻想の生と死 開幕直前SP 放送記念 初回ログインボーナス*
*開催期間中、初回ログインで「聖晶石×12」をプレゼント！*
/webview/loginbonus/20220602_zu5oij/zu5oij_s_01.png
`聖晶石 X 12
``從者/禮裝數: 671 / 700`
_2022-06-01 19:37:24_
--------
[f0cc4e7ae2d4b30013f328b2cf7d6063]
`登入天數: 62天 / 1664天
等級: 20
石頭: 228
呼符: 35
友情點: +0 / 1529320`
*連続ログイン6日目
※ログインが途切れるか、7日到達すると
1日目から再開されます*
`聖晶石 X 2
6月交換券(2022) X 1
`*リリース2500日突破キャンペーン 初回ログインボーナス*
*開催期間中、初回ログインで「聖晶石×10」をプレゼント！*
/webview/loginbonus/20220602_jd50hg/jd50hg_s_01.png
`聖晶石 X 10
`*FGOカルデア放送局 Vol.18 第2部 第6.5章 或る幻想の生と死 開幕直前SP 放送記念 初回ログインボーナス*
*開催期間中、初回ログインで「聖晶石×12」をプレゼント！*
/webview/loginbonus/20220602_zu5oij/zu5oij_s_01.png
`聖晶石 X 12
``從者/禮裝數: 606 / 702`
_2022-06-01 19:37:33_
--------
[48a14ba1dd858b92594b71e0ed7d5311]
`登入天數: 62天 / 1656天
等級: 20
石頭: 1331
呼符: 59
友情點: +0 / 1438640`
*連続ログイン6日目
※ログインが途切れるか、7日到達すると
1日目から再開されます*
`聖晶石 X 2
6月交換券(2022) X 1
`*リリース2500日突破キャンペーン 初回ログインボーナス*
*開催期間中、初回ログインで「聖晶石×10」をプレゼント！*
/webview/loginbonus/20220602_jd50hg/jd50hg_s_01.png
`聖晶石 X 10
`*FGOカルデア放送局 Vol.18 第2部 第6.5章 或る幻想の生と死 開幕直前SP 放送記念 初回ログインボーナス*
*開催期間中、初回ログインで「聖晶石×12」をプレゼント！*
/webview/loginbonus/20220602_zu5oij/zu5oij_s_01.png
`聖晶石 X 12
``從者/禮裝數: 680 / 705`
_2022-06-01 19:37:42_
--------
