【登入訊息】
[c5ab1b78563b1f9e4ee17ab01234bc5e]
`登入天數: 182天 / 1533天
等級: 92
石頭: 2174
呼符: 186
友情點: +0 / 1581145`
*連続ログイン7日間到達おめでとうございます！
明日は1日目からリスタートされます。*
`獣の足跡 X 1
呼符 X 1
6月交換券(2022) X 1
``從者/禮裝數: 642 / 702`
_2022-06-11 19:35:51_
--------
[d4825e10f75d83bc0cfb33b6768a8634]
`登入天數: 72天 / 1722天
等級: 19
石頭: 2085
呼符: 27
友情點: +0 / 1714430`
*連続ログイン2日目
※ログインが途切れるか、7日到達すると
1日目から再開されます*
`聖晶石 X 1
6月交換券(2022) X 1
``從者/禮裝數: 658 / 700`
_2022-06-11 19:36:00_
--------
[ff29db15be18f883ffccdf7ab23021a7]
`登入天數: 72天 / 1718天
等級: 18
石頭: 1320
呼符: 41
友情點: +80 / 1581390`
*連続ログイン2日目
※ログインが途切れるか、7日到達すると
1日目から再開されます*
`聖晶石 X 1
6月交換券(2022) X 1
``從者/禮裝數: 695 / 701`
_2022-06-11 19:36:09_
--------
[cc4787a257e3a46e268001195f780247]
`登入天數: 72天 / 1732天
等級: 18
石頭: 1962
呼符: 144
友情點: +40 / 1691870`
*連続ログイン2日目
※ログインが途切れるか、7日到達すると
1日目から再開されます*
`聖晶石 X 1
6月交換券(2022) X 1
``從者/禮裝數: 672 / 705`
_2022-06-11 19:36:18_
--------
[3f5599a008981ecf87f2dea9d1d83d6a]
`登入天數: 72天 / 1737天
等級: 18
石頭: 1906
呼符: 49
友情點: +0 / 1679775`
*連続ログイン2日目
※ログインが途切れるか、7日到達すると
1日目から再開されます*
`聖晶石 X 1
6月交換券(2022) X 1
``從者/禮裝數: 663 / 790`
_2022-06-11 19:36:26_
--------
[0d14e47d83c8b8400ed7555e0192724d]
`登入天數: 72天 / 1659天
等級: 20
石頭: 824
呼符: 40
友情點: +120 / 1549860`
*連続ログイン2日目
※ログインが途切れるか、7日到達すると
1日目から再開されます*
`聖晶石 X 1
6月交換券(2022) X 1
``從者/禮裝數: 630 / 703`
_2022-06-11 19:36:35_
--------
[d4c10e20929a4c973210db1453668b11]
`登入天數: 72天 / 1665天
等級: 19
石頭: 2018
呼符: 35
友情點: +0 / 1525745`
*連続ログイン2日目
※ログインが途切れるか、7日到達すると
1日目から再開されます*
`聖晶石 X 1
6月交換券(2022) X 1
``從者/禮裝數: 671 / 700`
_2022-06-11 19:36:44_
--------
[f0cc4e7ae2d4b30013f328b2cf7d6063]
`登入天數: 72天 / 1674天
等級: 20
石頭: 228
呼符: 35
友情點: +0 / 1529320`
*連続ログイン2日目
※ログインが途切れるか、7日到達すると
1日目から再開されます*
`聖晶石 X 1
6月交換券(2022) X 1
``從者/禮裝數: 606 / 702`
_2022-06-11 19:36:54_
--------
[48a14ba1dd858b92594b71e0ed7d5311]
`登入天數: 72天 / 1666天
等級: 20
石頭: 1331
呼符: 59
友情點: +0 / 1438640`
*連続ログイン2日目
※ログインが途切れるか、7日到達すると
1日目から再開されます*
`聖晶石 X 1
6月交換券(2022) X 1
``從者/禮裝數: 680 / 705`
_2022-06-11 19:37:03_
--------
