【登入訊息】
[c5ab1b78563b1f9e4ee17ab01234bc5e]
`登入天數: 188天 / 1539天
等級: 92
石頭: 2258
呼符: 206
友情點: +0 / 1591145`
*連続ログイン6日目
※ログインが途切れるか、7日到達すると
1日目から再開されます*
`聖晶石 X 2
6月交換券(2022) X 1
``從者/禮裝數: 537 / 570`
_2022-06-17 19:35:07_
--------
`友情點數召喚累計1811次

`[d4825e10f75d83bc0cfb33b6768a8634]
`登入天數: 78天 / 1728天
等級: 19
石頭: 2180
呼符: 47
友情點: +0 / 1724430`
*連続ログイン1日目
※ログインが途切れるか、7日到達すると
1日目から再開されます*
`フレンドポイント X 2000
6月交換券(2022) X 1
``從者/禮裝數: 455 / 568`
_2022-06-17 19:35:18_
--------
`友情點數召喚累計1260次

`[ff29db15be18f883ffccdf7ab23021a7]
`登入天數: 78天 / 1724天
等級: 18
石頭: 1569
呼符: 72
友情點: +50 / 1602090`
*連続ログイン1日目
※ログインが途切れるか、7日到達すると
1日目から再開されます*
`フレンドポイント X 2000
6月交換券(2022) X 1
``從者/禮裝數: 529 / 531`
_2022-06-17 19:35:30_
--------
`友情點數召喚累計1150次

`[cc4787a257e3a46e268001195f780247]
`登入天數: 78天 / 1738天
等級: 18
石頭: 2184
呼符: 175
友情點: +150 / 1712890`
*連続ログイン1日目
※ログインが途切れるか、7日到達すると
1日目から再開されます*
`フレンドポイント X 2000
6月交換券(2022) X 1
``從者/禮裝數: 565 / 474`
_2022-06-17 19:35:41_
--------
`友情點數召喚累計1030次

`[3f5599a008981ecf87f2dea9d1d83d6a]
`登入天數: 78天 / 1743天
等級: 18
石頭: 1985
呼符: 69
友情點: +0 / 1687775`
*連続ログイン1日目
※ログインが途切れるか、7日到達すると
1日目から再開されます*
`フレンドポイント X 2000
6月交換券(2022) X 1
``從者/禮裝數: 470 / 587`
_2022-06-17 19:35:52_
--------
`友情點數召喚累計1150次

`[0d14e47d83c8b8400ed7555e0192724d]
`登入天數: 78天 / 1665天
等級: 20
石頭: 1060
呼符: 71
友情點: +160 / 1570530`
*連続ログイン1日目
※ログインが途切れるか、7日到達すると
1日目から再開されます*
`フレンドポイント X 2000
6月交換券(2022) X 1
``從者/禮裝數: 525 / 584`
_2022-06-17 19:36:04_
--------
`友情點數召喚累計1110次

`[d4c10e20929a4c973210db1453668b11]
`登入天數: 78天 / 1671天
等級: 19
石頭: 2267
呼符: 66
友情點: +0 / 1545745`
*連続ログイン1日目
※ログインが途切れるか、7日到達すると
1日目から再開されます*
`フレンドポイント X 2000
6月交換券(2022) X 1
``從者/禮裝數: 559 / 553`
_2022-06-17 19:36:16_
--------
`友情點數召喚累計1180次

`[f0cc4e7ae2d4b30013f328b2cf7d6063]
`登入天數: 78天 / 1680天
等級: 20
石頭: 449
呼符: 66
友情點: +0 / 1549320`
*連続ログイン1日目
※ログインが途切れるか、7日到達すると
1日目から再開されます*
`フレンドポイント X 2000
6月交換券(2022) X 1
``從者/禮裝數: 529 / 595`
_2022-06-17 19:36:27_
--------
`友情點數召喚累計1052次

`[48a14ba1dd858b92594b71e0ed7d5311]
`登入天數: 78天 / 1672天
等級: 20
石頭: 1577
呼符: 90
友情點: +0 / 1458640`
*連続ログイン1日目
※ログインが途切れるか、7日到達すると
1日目から再開されます*
`フレンドポイント X 2000
6月交換券(2022) X 1
``從者/禮裝數: 496 / 593`
_2022-06-17 19:36:38_
--------
`友情點數召喚累計920次

`