【登入訊息】
[c5ab1b78563b1f9e4ee17ab01234bc5e]
`登入天數: 189天 / 1540天
等級: 92
石頭: 2258
呼符: 206
友情點: +0 / 1591145`
*連続ログイン7日間到達おめでとうございます！
明日は1日目からリスタートされます。*
`獣の足跡 X 1
呼符 X 1
6月交換券(2022) X 1
``從者/禮裝數: 539 / 575`
_2022-06-18 19:35:13_
--------
`友情點數召喚累計1821次

`[d4825e10f75d83bc0cfb33b6768a8634]
`登入天數: 79天 / 1729天
等級: 19
石頭: 2180
呼符: 47
友情點: +0 / 1724430`
*連続ログイン2日目
※ログインが途切れるか、7日到達すると
1日目から再開されます*
`聖晶石 X 1
6月交換券(2022) X 1
``從者/禮裝數: 457 / 575`
_2022-06-18 19:35:27_
--------
`友情點數召喚累計1270次

`[ff29db15be18f883ffccdf7ab23021a7]
`登入天數: 79天 / 1725天
等級: 18
石頭: 1569
呼符: 72
友情點: +20 / 1602110`
*連続ログイン2日目
※ログインが途切れるか、7日到達すると
1日目から再開されます*
`聖晶石 X 1
6月交換券(2022) X 1
``從者/禮裝數: 532 / 536`
_2022-06-18 19:35:38_
--------
`友情點數召喚累計1160次

`[cc4787a257e3a46e268001195f780247]
`登入天數: 79天 / 1739天
等級: 18
石頭: 2184
呼符: 175
友情點: +60 / 1712950`
*連続ログイン2日目
※ログインが途切れるか、7日到達すると
1日目から再開されます*
`聖晶石 X 1
6月交換券(2022) X 1
``從者/禮裝數: 567 / 479`
_2022-06-18 19:36:02_
--------
`友情點數召喚累計1040次

`[3f5599a008981ecf87f2dea9d1d83d6a]
`登入天數: 79天 / 1744天
等級: 18
石頭: 1985
呼符: 69
友情點: +0 / 1687775`
*連続ログイン2日目
※ログインが途切れるか、7日到達すると
1日目から再開されます*
`聖晶石 X 1
6月交換券(2022) X 1
``從者/禮裝數: 474 / 592`
_2022-06-18 19:36:13_
--------
`友情點數召喚累計1160次

`[0d14e47d83c8b8400ed7555e0192724d]
`登入天數: 79天 / 1666天
等級: 20
石頭: 1060
呼符: 71
友情點: +0 / 1570530`
*連続ログイン2日目
※ログインが途切れるか、7日到達すると
1日目から再開されます*
`聖晶石 X 1
6月交換券(2022) X 1
``從者/禮裝數: 529 / 588`
_2022-06-18 19:36:25_
--------
`友情點數召喚累計1120次

`[d4c10e20929a4c973210db1453668b11]
`登入天數: 79天 / 1672天
等級: 19
石頭: 2267
呼符: 66
友情點: +0 / 1545745`
*連続ログイン2日目
※ログインが途切れるか、7日到達すると
1日目から再開されます*
`聖晶石 X 1
6月交換券(2022) X 1
``從者/禮裝數: 561 / 557`
_2022-06-18 19:36:36_
--------
`友情點數召喚累計1190次

`[f0cc4e7ae2d4b30013f328b2cf7d6063]
`登入天數: 79天 / 1681天
等級: 20
石頭: 449
呼符: 66
友情點: +0 / 1549320`
*連続ログイン2日目
※ログインが途切れるか、7日到達すると
1日目から再開されます*
`聖晶石 X 1
6月交換券(2022) X 1
``從者/禮裝數: 530 / 600`
_2022-06-18 19:36:47_
--------
`友情點數召喚累計1062次

`[48a14ba1dd858b92594b71e0ed7d5311]
`登入天數: 79天 / 1673天
等級: 20
石頭: 1577
呼符: 90
友情點: +0 / 1458640`
*連続ログイン2日目
※ログインが途切れるか、7日到達すると
1日目から再開されます*
`聖晶石 X 1
6月交換券(2022) X 1
``從者/禮裝數: 498 / 596`
_2022-06-18 19:36:59_
--------
`友情點數召喚累計930次

`