【登入訊息】
[c5ab1b78563b1f9e4ee17ab01234bc5e]
`登入天數: 190天 / 1541天
等級: 92
石頭: 2258
呼符: 206
友情點: +0 / 1591145`
*連続ログイン1日目
※ログインが途切れるか、7日到達すると
1日目から再開されます*
`フレンドポイント X 2000
6月交換券(2022) X 1
``從者/禮裝數: 540 / 581`
_2022-06-19 19:35:21_
--------
`友情點數召喚累計1831次

`[d4825e10f75d83bc0cfb33b6768a8634]
`登入天數: 80天 / 1730天
等級: 19
石頭: 2180
呼符: 47
友情點: +0 / 1724430`
*連続ログイン3日目
※ログインが途切れるか、7日到達すると
1日目から再開されます*
`叡智の猛火 X 1
6月交換券(2022) X 1
``從者/禮裝數: 458 / 582`
_2022-06-19 19:35:32_
--------
`友情點數召喚累計1280次

`[ff29db15be18f883ffccdf7ab23021a7]
`登入天數: 80天 / 1726天
等級: 18
石頭: 1569
呼符: 72
友情點: +100 / 1602210`
*連続ログイン3日目
※ログインが途切れるか、7日到達すると
1日目から再開されます*
`叡智の猛火 X 1
6月交換券(2022) X 1
``從者/禮裝數: 535 / 540`
_2022-06-19 19:35:44_
--------
`友情點數召喚累計1170次

`[cc4787a257e3a46e268001195f780247]
`登入天數: 80天 / 1740天
等級: 18
石頭: 2184
呼符: 175
友情點: +60 / 1713010`
*連続ログイン3日目
※ログインが途切れるか、7日到達すると
1日目から再開されます*
`叡智の猛火 X 1
6月交換券(2022) X 1
``從者/禮裝數: 569 / 487`
_2022-06-19 19:35:55_
--------
`友情點數召喚累計1050次

`[3f5599a008981ecf87f2dea9d1d83d6a]
`登入天數: 80天 / 1745天
等級: 18
石頭: 1985
呼符: 69
友情點: +0 / 1687775`
*連続ログイン3日目
※ログインが途切れるか、7日到達すると
1日目から再開されます*
`叡智の猛火 X 1
6月交換券(2022) X 1
``從者/禮裝數: 475 / 600`
_2022-06-19 19:36:06_
--------
`友情點數召喚累計1170次

`[0d14e47d83c8b8400ed7555e0192724d]
`登入天數: 80天 / 1667天
等級: 20
石頭: 1060
呼符: 71
友情點: +50 / 1570780`
*連続ログイン3日目
※ログインが途切れるか、7日到達すると
1日目から再開されます*
`叡智の猛火 X 1
6月交換券(2022) X 1
``從者/禮裝數: 532 / 594`
_2022-06-19 19:36:18_
--------
`友情點數召喚累計1130次

`[d4c10e20929a4c973210db1453668b11]
`登入天數: 80天 / 1673天
等級: 19
石頭: 2267
呼符: 66
友情點: +0 / 1545745`
*連続ログイン3日目
※ログインが途切れるか、7日到達すると
1日目から再開されます*
`叡智の猛火 X 1
6月交換券(2022) X 1
``從者/禮裝數: 563 / 562`
_2022-06-19 19:36:29_
--------
`友情點數召喚累計1200次

`[f0cc4e7ae2d4b30013f328b2cf7d6063]
`登入天數: 80天 / 1682天
等級: 20
石頭: 449
呼符: 66
友情點: +0 / 1549320`
*連続ログイン3日目
※ログインが途切れるか、7日到達すると
1日目から再開されます*
`叡智の猛火 X 1
6月交換券(2022) X 1
``從者/禮裝數: 537 / 602`
_2022-06-19 19:36:41_
--------
`友情點數召喚累計1072次

`[48a14ba1dd858b92594b71e0ed7d5311]
`登入天數: 80天 / 1674天
等級: 20
石頭: 1577
呼符: 90
友情點: +0 / 1458640`
*連続ログイン3日目
※ログインが途切れるか、7日到達すると
1日目から再開されます*
`叡智の猛火 X 1
6月交換券(2022) X 1
``從者/禮裝數: 503 / 600`
_2022-06-19 19:36:52_
--------
`友情點數召喚累計940次

`