【登入訊息】
[c5ab1b78563b1f9e4ee17ab01234bc5e]
`登入天數: 192天 / 1543天
等級: 92
石頭: 2258
呼符: 206
友情點: +0 / 1591145`
*連続ログイン3日目
※ログインが途切れるか、7日到達すると
1日目から再開されます*
`叡智の猛火 X 1
6月交換券(2022) X 1
``從者/禮裝數: 546 / 590`
_2022-06-21 19:35:07_
--------
`友情點數召喚累計1851次

`[d4825e10f75d83bc0cfb33b6768a8634]
`登入天數: 82天 / 1732天
等級: 19
石頭: 2180
呼符: 47
友情點: +0 / 1724430`
*連続ログイン5日目
※ログインが途切れるか、7日到達すると
1日目から再開されます*
`叡智の猛火 X 2
6月交換券(2022) X 1
``從者/禮裝數: 461 / 589`
_2022-06-21 19:35:19_
--------
`友情點數召喚累計1300次

`[ff29db15be18f883ffccdf7ab23021a7]
`登入天數: 82天 / 1728天
等級: 18
石頭: 1569
呼符: 72
友情點: +40 / 1602270`
*連続ログイン5日目
※ログインが途切れるか、7日到達すると
1日目から再開されます*
`叡智の猛火 X 2
6月交換券(2022) X 1
``從者/禮裝數: 540 / 550`
_2022-06-21 19:35:31_
--------
`友情點數召喚累計1190次

`[cc4787a257e3a46e268001195f780247]
`登入天數: 82天 / 1742天
等級: 18
石頭: 2184
呼符: 175
友情點: +10 / 1713020`
*連続ログイン5日目
※ログインが途切れるか、7日到達すると
1日目から再開されます*
`叡智の猛火 X 2
6月交換券(2022) X 1
``從者/禮裝數: 575 / 495`
_2022-06-21 19:35:43_
--------
`友情點數召喚累計1070次

`[3f5599a008981ecf87f2dea9d1d83d6a]
`登入天數: 82天 / 1747天
等級: 18
石頭: 1985
呼符: 69
友情點: +0 / 1687775`
*連続ログイン5日目
※ログインが途切れるか、7日到達すると
1日目から再開されます*
`叡智の猛火 X 2
6月交換券(2022) X 1
``從者/禮裝數: 480 / 611`
_2022-06-21 19:35:54_
--------
`友情點數召喚累計1190次

`[0d14e47d83c8b8400ed7555e0192724d]
`登入天數: 82天 / 1669天
等級: 20
石頭: 1060
呼符: 71
友情點: +60 / 1570930`
*連続ログイン5日目
※ログインが途切れるか、7日到達すると
1日目から再開されます*
`叡智の猛火 X 2
6月交換券(2022) X 1
``從者/禮裝數: 539 / 604`
_2022-06-21 19:36:07_
--------
`友情點數召喚累計1150次

`[d4c10e20929a4c973210db1453668b11]
`登入天數: 82天 / 1675天
等級: 19
石頭: 2267
呼符: 66
友情點: +0 / 1545745`
*連続ログイン5日目
※ログインが途切れるか、7日到達すると
1日目から再開されます*
`叡智の猛火 X 2
6月交換券(2022) X 1
``從者/禮裝數: 571 / 570`
_2022-06-21 19:36:18_
--------
`友情點數召喚累計1220次

`[f0cc4e7ae2d4b30013f328b2cf7d6063]
`登入天數: 82天 / 1684天
等級: 20
石頭: 449
呼符: 66
友情點: +0 / 1549320`
*連続ログイン5日目
※ログインが途切れるか、7日到達すると
1日目から再開されます*
`叡智の猛火 X 2
6月交換券(2022) X 1
``從者/禮裝數: 541 / 612`
_2022-06-21 19:36:30_
--------
`友情點數召喚累計1092次

`[48a14ba1dd858b92594b71e0ed7d5311]
`登入天數: 82天 / 1676天
等級: 20
石頭: 1577
呼符: 90
友情點: +0 / 1458640`
*連続ログイン5日目
※ログインが途切れるか、7日到達すると
1日目から再開されます*
`叡智の猛火 X 2
6月交換券(2022) X 1
``從者/禮裝數: 509 / 611`
_2022-06-21 19:36:41_
--------
`友情點數召喚累計960次

`