【登入訊息】
[c5ab1b78563b1f9e4ee17ab01234bc5e]
`登入天數: 193天 / 1544天
等級: 92
石頭: 2258
呼符: 206
友情點: +0 / 1591145`
*連続ログイン4日目
※ログインが途切れるか、7日到達すると
1日目から再開されます*
`聖晶石 X 1
6月交換券(2022) X 1
`*キャンペーン概要説明*
*キャンペーン概要説明*
/webview/loginbonus/20220622_a73iu6/a73iu6_01.png
```從者/禮裝數: 547 / 595`
_2022-06-22 19:35:13_
--------
`友情點數召喚累計1861次

`[d4825e10f75d83bc0cfb33b6768a8634]
`登入天數: 83天 / 1733天
等級: 19
石頭: 2180
呼符: 47
友情點: +0 / 1724430`
*連続ログイン6日目
※ログインが途切れるか、7日到達すると
1日目から再開されます*
`聖晶石 X 2
6月交換券(2022) X 1
`*キャンペーン概要説明*
*キャンペーン概要説明*
/webview/loginbonus/20220622_a73iu6/a73iu6_01.png
```從者/禮裝數: 464 / 593`
_2022-06-22 19:35:23_
--------
`友情點數召喚累計1310次

`[ff29db15be18f883ffccdf7ab23021a7]
`登入天數: 83天 / 1729天
等級: 18
石頭: 1569
呼符: 72
友情點: +40 / 1602310`
*連続ログイン6日目
※ログインが途切れるか、7日到達すると
1日目から再開されます*
`聖晶石 X 2
6月交換券(2022) X 1
`*キャンペーン概要説明*
*キャンペーン概要説明*
/webview/loginbonus/20220622_a73iu6/a73iu6_01.png
```從者/禮裝數: 544 / 554`
_2022-06-22 19:35:34_
--------
`友情點數召喚累計1200次

`[cc4787a257e3a46e268001195f780247]
`登入天數: 83天 / 1743天
等級: 18
石頭: 2184
呼符: 175
友情點: +10 / 1713030`
*連続ログイン6日目
※ログインが途切れるか、7日到達すると
1日目から再開されます*
`聖晶石 X 2
6月交換券(2022) X 1
`*キャンペーン概要説明*
*キャンペーン概要説明*
/webview/loginbonus/20220622_a73iu6/a73iu6_01.png
```從者/禮裝數: 576 / 502`
_2022-06-22 19:35:45_
--------
`友情點數召喚累計1080次

`[3f5599a008981ecf87f2dea9d1d83d6a]
`登入天數: 83天 / 1748天
等級: 18
石頭: 1985
呼符: 69
友情點: +0 / 1687775`
*連続ログイン6日目
※ログインが途切れるか、7日到達すると
1日目から再開されます*
`聖晶石 X 2
6月交換券(2022) X 1
`*キャンペーン概要説明*
*キャンペーン概要説明*
/webview/loginbonus/20220622_a73iu6/a73iu6_01.png
```從者/禮裝數: 485 / 616`
_2022-06-22 19:35:55_
--------
`友情點數召喚累計1200次

`[0d14e47d83c8b8400ed7555e0192724d]
`登入天數: 83天 / 1670天
等級: 20
石頭: 1060
呼符: 71
友情點: +20 / 1570950`
*連続ログイン6日目
※ログインが途切れるか、7日到達すると
1日目から再開されます*
`聖晶石 X 2
6月交換券(2022) X 1
`*キャンペーン概要説明*
*キャンペーン概要説明*
/webview/loginbonus/20220622_a73iu6/a73iu6_01.png
```從者/禮裝數: 543 / 608`
_2022-06-22 19:36:05_
--------
`友情點數召喚累計1160次

`[d4c10e20929a4c973210db1453668b11]
`登入天數: 83天 / 1676天
等級: 19
石頭: 2267
呼符: 66
友情點: +0 / 1545745`
*連続ログイン6日目
※ログインが途切れるか、7日到達すると
1日目から再開されます*
`聖晶石 X 2
6月交換券(2022) X 1
`*キャンペーン概要説明*
*キャンペーン概要説明*
/webview/loginbonus/20220622_a73iu6/a73iu6_01.png
```從者/禮裝數: 572 / 576`
_2022-06-22 19:36:16_
--------
`友情點數召喚累計1230次

`[f0cc4e7ae2d4b30013f328b2cf7d6063]
`登入天數: 83天 / 1685天
等級: 20
石頭: 449
呼符: 66
友情點: +0 / 1549320`
*連続ログイン6日目
※ログインが途切れるか、7日到達すると
1日目から再開されます*
`聖晶石 X 2
6月交換券(2022) X 1
`*キャンペーン概要説明*
*キャンペーン概要説明*
/webview/loginbonus/20220622_a73iu6/a73iu6_01.png
```從者/禮裝數: 544 / 617`
_2022-06-22 19:36:27_
--------
`友情點數召喚累計1102次

`[48a14ba1dd858b92594b71e0ed7d5311]
`登入天數: 83天 / 1677天
等級: 20
石頭: 1577
呼符: 90
友情點: +0 / 1458640`
*連続ログイン6日目
※ログインが途切れるか、7日到達すると
1日目から再開されます*
`聖晶石 X 2
6月交換券(2022) X 1
`*キャンペーン概要説明*
*キャンペーン概要説明*
/webview/loginbonus/20220622_a73iu6/a73iu6_01.png
```從者/禮裝數: 515 / 613`
_2022-06-22 19:36:39_
--------
`友情點數召喚累計970次

`