【登入訊息】
[c5ab1b78563b1f9e4ee17ab01234bc5e]
`登入天數: 195天 / 1546天
等級: 92
石頭: 2258
呼符: 206
友情點: +0 / 1591145`
*連続ログイン6日目
※ログインが途切れるか、7日到達すると
1日目から再開されます*
`聖晶石 X 2
6月交換券(2022) X 1
``從者/禮裝數: 553 / 604`
_2022-06-24 19:35:06_
--------
`友情點數召喚累計1881次

`[d4825e10f75d83bc0cfb33b6768a8634]
`登入天數: 85天 / 1735天
等級: 19
石頭: 2180
呼符: 47
友情點: +0 / 1724430`
*連続ログイン1日目
※ログインが途切れるか、7日到達すると
1日目から再開されます*
`フレンドポイント X 2000
6月交換券(2022) X 1
``從者/禮裝數: 472 / 599`
_2022-06-24 19:35:17_
--------
`友情點數召喚累計1330次

`[ff29db15be18f883ffccdf7ab23021a7]
`登入天數: 85天 / 1731天
等級: 18
石頭: 1569
呼符: 72
友情點: +40 / 1602390`
*連続ログイン1日目
※ログインが途切れるか、7日到達すると
1日目から再開されます*
`フレンドポイント X 2000
6月交換券(2022) X 1
``從者/禮裝數: 551 / 562`
_2022-06-24 19:35:28_
--------
`友情點數召喚累計1220次

`[cc4787a257e3a46e268001195f780247]
`登入天數: 85天 / 1745天
等級: 18
石頭: 2184
呼符: 175
友情點: +20 / 1713110`
*連続ログイン1日目
※ログインが途切れるか、7日到達すると
1日目から再開されます*
`フレンドポイント X 2000
6月交換券(2022) X 1
``從者/禮裝數: 587 / 508`
_2022-06-24 19:35:40_
--------
`友情點數召喚累計1100次

`[3f5599a008981ecf87f2dea9d1d83d6a]
`登入天數: 85天 / 1750天
等級: 18
石頭: 1985
呼符: 69
友情點: +0 / 1687775`
*連続ログイン1日目
※ログインが途切れるか、7日到達すると
1日目から再開されます*
`フレンドポイント X 2000
6月交換券(2022) X 1
``從者/禮裝數: 495 / 622`
_2022-06-24 19:35:51_
--------
`友情點數召喚累計1220次

`[0d14e47d83c8b8400ed7555e0192724d]
`登入天數: 85天 / 1672天
等級: 20
石頭: 1060
呼符: 71
友情點: +20 / 1571030`
*連続ログイン1日目
※ログインが途切れるか、7日到達すると
1日目から再開されます*
`フレンドポイント X 2000
6月交換券(2022) X 1
``從者/禮裝數: 547 / 619`
_2022-06-24 19:36:02_
--------
`友情點數召喚累計1180次

`[d4c10e20929a4c973210db1453668b11]
`登入天數: 85天 / 1678天
等級: 19
石頭: 2267
呼符: 66
友情點: +0 / 1545745`
*連続ログイン1日目
※ログインが途切れるか、7日到達すると
1日目から再開されます*
`フレンドポイント X 2000
6月交換券(2022) X 1
``從者/禮裝數: 577 / 587`
_2022-06-24 19:36:14_
--------
`友情點數召喚累計1250次

`[f0cc4e7ae2d4b30013f328b2cf7d6063]
`登入天數: 85天 / 1687天
等級: 20
石頭: 449
呼符: 66
友情點: +0 / 1549320`
*連続ログイン1日目
※ログインが途切れるか、7日到達すると
1日目から再開されます*
`フレンドポイント X 2000
6月交換券(2022) X 1
``從者/禮裝數: 550 / 628`
_2022-06-24 19:36:25_
--------
`友情點數召喚累計1122次

`[48a14ba1dd858b92594b71e0ed7d5311]
`登入天數: 85天 / 1679天
等級: 20
石頭: 1577
呼符: 90
友情點: +0 / 1458640`
*連続ログイン1日目
※ログインが途切れるか、7日到達すると
1日目から再開されます*
`フレンドポイント X 2000
6月交換券(2022) X 1
``從者/禮裝數: 518 / 623`
_2022-06-24 19:36:36_
--------
`友情點數召喚累計990次

`