【登入訊息】
[c5ab1b78563b1f9e4ee17ab01234bc5e]
`登入天數: 196天 / 1547天
等級: 92
石頭: 2258
呼符: 206
友情點: +0 / 1591145`
`從者/禮裝數: 556 / 609`
_2022-06-25 23:52:44_
--------
`友情點數召喚累計1891次

`[d4825e10f75d83bc0cfb33b6768a8634]
`登入天數: 86天 / 1736天
等級: 19
石頭: 2180
呼符: 47
友情點: +0 / 1724430`
*連続ログイン2日目
※ログインが途切れるか、7日到達すると
1日目から再開されます*
`聖晶石 X 1
6月交換券(2022) X 1
``從者/禮裝數: 476 / 605`
_2022-06-25 23:52:55_
--------
`友情點數召喚累計1340次

`[ff29db15be18f883ffccdf7ab23021a7]
`登入天數: 86天 / 1732天
等級: 18
石頭: 1569
呼符: 72
友情點: +40 / 1602430`
*連続ログイン2日目
※ログインが途切れるか、7日到達すると
1日目から再開されます*
`聖晶石 X 1
6月交換券(2022) X 1
``從者/禮裝數: 555 / 568`
_2022-06-25 23:53:06_
--------
`友情點數召喚累計1230次

`[cc4787a257e3a46e268001195f780247]
`登入天數: 86天 / 1746天
等級: 18
石頭: 2184
呼符: 175
友情點: +30 / 1713140`
*連続ログイン2日目
※ログインが途切れるか、7日到達すると
1日目から再開されます*
`聖晶石 X 1
6月交換券(2022) X 1
``從者/禮裝數: 592 / 510`
_2022-06-25 23:53:17_
--------
`友情點數召喚累計1110次

`[3f5599a008981ecf87f2dea9d1d83d6a]
`登入天數: 86天 / 1751天
等級: 18
石頭: 1985
呼符: 69
友情點: +0 / 1687775`
*連続ログイン2日目
※ログインが途切れるか、7日到達すると
1日目から再開されます*
`聖晶石 X 1
6月交換券(2022) X 1
``從者/禮裝數: 497 / 626`
_2022-06-25 23:53:28_
--------
`友情點數召喚累計1230次

`[0d14e47d83c8b8400ed7555e0192724d]
`登入天數: 86天 / 1673天
等級: 20
石頭: 1060
呼符: 71
友情點: +30 / 1571060`
*連続ログイン2日目
※ログインが途切れるか、7日到達すると
1日目から再開されます*
`聖晶石 X 1
6月交換券(2022) X 1
``從者/禮裝數: 549 / 624`
_2022-06-25 23:53:39_
--------
`友情點數召喚累計1190次

`[d4c10e20929a4c973210db1453668b11]
`登入天數: 86天 / 1679天
等級: 19
石頭: 2267
呼符: 66
友情點: +0 / 1545745`
*連続ログイン2日目
※ログインが途切れるか、7日到達すると
1日目から再開されます*
`聖晶石 X 1
6月交換券(2022) X 1
``從者/禮裝數: 579 / 594`
_2022-06-25 23:53:50_
--------
`友情點數召喚累計1260次

`[f0cc4e7ae2d4b30013f328b2cf7d6063]
`登入天數: 86天 / 1688天
等級: 20
石頭: 449
呼符: 66
友情點: +0 / 1549320`
*連続ログイン2日目
※ログインが途切れるか、7日到達すると
1日目から再開されます*
`聖晶石 X 1
6月交換券(2022) X 1
``從者/禮裝數: 553 / 633`
_2022-06-25 23:54:01_
--------
`友情點數召喚累計1132次

`[48a14ba1dd858b92594b71e0ed7d5311]
`登入天數: 86天 / 1680天
等級: 20
石頭: 1577
呼符: 90
友情點: +0 / 1458640`
*連続ログイン2日目
※ログインが途切れるか、7日到達すると
1日目から再開されます*
`聖晶石 X 1
6月交換券(2022) X 1
``從者/禮裝數: 518 / 630`
_2022-06-25 23:54:12_
--------
`友情點數召喚累計1000次

`