【登入訊息】
[c5ab1b78563b1f9e4ee17ab01234bc5e]
`登入天數: 197天 / 1548天
等級: 92
石頭: 2258
呼符: 206
友情點: +0 / 1591145`
*連続ログイン1日目
※ログインが途切れるか、7日到達すると
1日目から再開されます*
`フレンドポイント X 2000
6月交換券(2022) X 1
``從者/禮裝數: 557 / 617`
_2022-06-26 19:35:09_
--------
`友情點數召喚累計1901次

`[d4825e10f75d83bc0cfb33b6768a8634]
`登入天數: 87天 / 1737天
等級: 19
石頭: 2180
呼符: 47
友情點: +0 / 1724430`
*連続ログイン3日目
※ログインが途切れるか、7日到達すると
1日目から再開されます*
`叡智の猛火 X 1
6月交換券(2022) X 1
``從者/禮裝數: 479 / 609`
_2022-06-26 19:35:20_
--------
`友情點數召喚累計1350次

`[ff29db15be18f883ffccdf7ab23021a7]
`登入天數: 87天 / 1733天
等級: 18
石頭: 1569
呼符: 72
友情點: +20 / 1602450`
*連続ログイン3日目
※ログインが途切れるか、7日到達すると
1日目から再開されます*
`叡智の猛火 X 1
6月交換券(2022) X 1
``從者/禮裝數: 557 / 572`
_2022-06-26 19:35:32_
--------
`友情點數召喚累計1240次

`[cc4787a257e3a46e268001195f780247]
`登入天數: 87天 / 1747天
等級: 18
石頭: 2184
呼符: 175
友情點: +40 / 1713180`
*連続ログイン3日目
※ログインが途切れるか、7日到達すると
1日目から再開されます*
`叡智の猛火 X 1
6月交換券(2022) X 1
``從者/禮裝數: 595 / 515`
_2022-06-26 19:35:43_
--------
`友情點數召喚累計1120次

`[3f5599a008981ecf87f2dea9d1d83d6a]
`登入天數: 87天 / 1752天
等級: 18
石頭: 1985
呼符: 69
友情點: +0 / 1687775`
*連続ログイン3日目
※ログインが途切れるか、7日到達すると
1日目から再開されます*
`叡智の猛火 X 1
6月交換券(2022) X 1
``從者/禮裝數: 501 / 629`
_2022-06-26 19:35:54_
--------
`友情點數召喚累計1240次

`[0d14e47d83c8b8400ed7555e0192724d]
`登入天數: 87天 / 1674天
等級: 20
石頭: 1060
呼符: 71
友情點: +0 / 1571060`
*連続ログイン3日目
※ログインが途切れるか、7日到達すると
1日目から再開されます*
`叡智の猛火 X 1
6月交換券(2022) X 1
``從者/禮裝數: 550 / 628`
_2022-06-26 19:36:06_
--------
`友情點數召喚累計1200次

`[d4c10e20929a4c973210db1453668b11]
`登入天數: 87天 / 1680天
等級: 19
石頭: 2267
呼符: 66
友情點: +0 / 1545745`
*連続ログイン3日目
※ログインが途切れるか、7日到達すると
1日目から再開されます*
`叡智の猛火 X 1
6月交換券(2022) X 1
``從者/禮裝數: 581 / 597`
_2022-06-26 19:36:18_
--------
`友情點數召喚累計1270次

`[f0cc4e7ae2d4b30013f328b2cf7d6063]
`登入天數: 87天 / 1689天
等級: 20
石頭: 449
呼符: 66
友情點: +0 / 1549320`
*連続ログイン3日目
※ログインが途切れるか、7日到達すると
1日目から再開されます*
`叡智の猛火 X 1
6月交換券(2022) X 1
``從者/禮裝數: 553 / 637`
_2022-06-26 19:36:30_
--------
`友情點數召喚累計1142次

`[48a14ba1dd858b92594b71e0ed7d5311]
`登入天數: 87天 / 1681天
等級: 20
石頭: 1577
呼符: 90
友情點: +0 / 1458640`
*連続ログイン3日目
※ログインが途切れるか、7日到達すると
1日目から再開されます*
`叡智の猛火 X 1
6月交換券(2022) X 1
``從者/禮裝數: 523 / 632`
_2022-06-26 19:36:41_
--------
`友情點數召喚累計1010次

`