【登入訊息】
[c5ab1b78563b1f9e4ee17ab01234bc5e]
`登入天數: 198天 / 1549天
等級: 92
石頭: 2258
呼符: 206
友情點: +0 / 1591145`
*連続ログイン2日目
※ログインが途切れるか、7日到達すると
1日目から再開されます*
`聖晶石 X 1
6月交換券(2022) X 1
``從者/禮裝數: 558 / 624`
_2022-06-27 19:35:14_
--------
`友情點數召喚累計1911次

`[d4825e10f75d83bc0cfb33b6768a8634]
`登入天數: 88天 / 1738天
等級: 19
石頭: 2180
呼符: 47
友情點: +0 / 1724430`
*連続ログイン4日目
※ログインが途切れるか、7日到達すると
1日目から再開されます*
`聖晶石 X 1
6月交換券(2022) X 1
``從者/禮裝數: 483 / 610`
_2022-06-27 19:35:27_
--------
`友情點數召喚累計1360次

`[ff29db15be18f883ffccdf7ab23021a7]
`登入天數: 88天 / 1734天
等級: 18
石頭: 1569
呼符: 72
友情點: +0 / 1602450`
*連続ログイン4日目
※ログインが途切れるか、7日到達すると
1日目から再開されます*
`聖晶石 X 1
6月交換券(2022) X 1
``從者/禮裝數: 559 / 576`
_2022-06-27 19:35:40_
--------
`友情點數召喚累計1250次

`[cc4787a257e3a46e268001195f780247]
`登入天數: 88天 / 1748天
等級: 18
石頭: 2184
呼符: 175
友情點: +10 / 1713190`
*連続ログイン4日目
※ログインが途切れるか、7日到達すると
1日目から再開されます*
`聖晶石 X 1
6月交換券(2022) X 1
``從者/禮裝數: 600 / 519`
_2022-06-27 19:35:52_
--------
`友情點數召喚累計1130次

`[3f5599a008981ecf87f2dea9d1d83d6a]
`登入天數: 88天 / 1753天
等級: 18
石頭: 1985
呼符: 69
友情點: +0 / 1687775`
*連続ログイン4日目
※ログインが途切れるか、7日到達すると
1日目から再開されます*
`聖晶石 X 1
6月交換券(2022) X 1
``從者/禮裝數: 505 / 634`
_2022-06-27 19:36:05_
--------
`友情點數召喚累計1250次

`[0d14e47d83c8b8400ed7555e0192724d]
`登入天數: 88天 / 1675天
等級: 20
石頭: 1060
呼符: 71
友情點: +0 / 1571060`
*連続ログイン4日目
※ログインが途切れるか、7日到達すると
1日目から再開されます*
`聖晶石 X 1
6月交換券(2022) X 1
``從者/禮裝數: 554 / 631`
_2022-06-27 19:36:17_
--------
`友情點數召喚累計1210次

`[d4c10e20929a4c973210db1453668b11]
`登入天數: 88天 / 1681天
等級: 19
石頭: 2267
呼符: 66
友情點: +0 / 1545745`
*連続ログイン4日目
※ログインが途切れるか、7日到達すると
1日目から再開されます*
`聖晶石 X 1
6月交換券(2022) X 1
``從者/禮裝數: 582 / 602`
_2022-06-27 19:36:30_
--------
`友情點數召喚累計1280次

`[f0cc4e7ae2d4b30013f328b2cf7d6063]
`登入天數: 88天 / 1690天
等級: 20
石頭: 449
呼符: 66
友情點: +0 / 1549320`
*連続ログイン4日目
※ログインが途切れるか、7日到達すると
1日目から再開されます*
`聖晶石 X 1
6月交換券(2022) X 1
``從者/禮裝數: 555 / 642`
_2022-06-27 19:36:41_
--------
`友情點數召喚累計1152次

`[48a14ba1dd858b92594b71e0ed7d5311]
`登入天數: 88天 / 1682天
等級: 20
石頭: 1577
呼符: 90
友情點: +0 / 1458640`
*連続ログイン4日目
※ログインが途切れるか、7日到達すると
1日目から再開されます*
`聖晶石 X 1
6月交換券(2022) X 1
``從者/禮裝數: 526 / 638`
_2022-06-27 19:36:53_
--------
`友情點數召喚累計1020次

`