【登入訊息】
[c5ab1b78563b1f9e4ee17ab01234bc5e]
`登入天數: 199天 / 1550天
等級: 92
石頭: 2258
呼符: 206
友情點: +0 / 1591145`
*連続ログイン3日目
※ログインが途切れるか、7日到達すると
1日目から再開されます*
`叡智の猛火 X 1
6月交換券(2022) X 1
``從者/禮裝數: 561 / 629`
_2022-06-28 19:35:49_
--------
`友情點數召喚累計1921次

`[d4825e10f75d83bc0cfb33b6768a8634]
`登入天數: 89天 / 1739天
等級: 19
石頭: 2180
呼符: 47
友情點: +0 / 1724430`
*連続ログイン5日目
※ログインが途切れるか、7日到達すると
1日目から再開されます*
`叡智の猛火 X 2
6月交換券(2022) X 1
``從者/禮裝數: 486 / 614`
_2022-06-28 19:36:01_
--------
`友情點數召喚累計1370次

`[ff29db15be18f883ffccdf7ab23021a7]
`登入天數: 89天 / 1735天
等級: 18
石頭: 1569
呼符: 72
友情點: +0 / 1602450`
*連続ログイン5日目
※ログインが途切れるか、7日到達すると
1日目から再開されます*
`叡智の猛火 X 2
6月交換券(2022) X 1
``從者/禮裝數: 561 / 582`
_2022-06-28 19:36:12_
--------
`友情點數召喚累計1260次

`[cc4787a257e3a46e268001195f780247]
`登入天數: 89天 / 1749天
等級: 18
石頭: 2184
呼符: 175
友情點: +0 / 1713190`
*連続ログイン5日目
※ログインが途切れるか、7日到達すると
1日目から再開されます*
`叡智の猛火 X 2
6月交換券(2022) X 1
``從者/禮裝數: 601 / 526`
_2022-06-28 19:36:24_
--------
`友情點數召喚累計1140次

`[3f5599a008981ecf87f2dea9d1d83d6a]
`登入天數: 89天 / 1754天
等級: 18
石頭: 1985
呼符: 69
友情點: +0 / 1687775`
*連続ログイン5日目
※ログインが途切れるか、7日到達すると
1日目から再開されます*
`叡智の猛火 X 2
6月交換券(2022) X 1
``從者/禮裝數: 507 / 639`
_2022-06-28 19:36:35_
--------
`友情點數召喚累計1260次

`[0d14e47d83c8b8400ed7555e0192724d]
`登入天數: 89天 / 1676天
等級: 20
石頭: 1060
呼符: 71
友情點: +0 / 1571060`
*連続ログイン5日目
※ログインが途切れるか、7日到達すると
1日目から再開されます*
`叡智の猛火 X 2
6月交換券(2022) X 1
``從者/禮裝數: 557 / 635`
_2022-06-28 19:36:47_
--------
`友情點數召喚累計1220次

`[d4c10e20929a4c973210db1453668b11]
`登入天數: 89天 / 1682天
等級: 19
石頭: 2267
呼符: 66
友情點: +0 / 1545745`
*連続ログイン5日目
※ログインが途切れるか、7日到達すると
1日目から再開されます*
`叡智の猛火 X 2
6月交換券(2022) X 1
``從者/禮裝數: 585 / 609`
_2022-06-28 19:36:59_
--------
`友情點數召喚累計1290次

`[f0cc4e7ae2d4b30013f328b2cf7d6063]
`登入天數: 89天 / 1691天
等級: 20
石頭: 449
呼符: 66
友情點: +0 / 1549320`
*連続ログイン5日目
※ログインが途切れるか、7日到達すると
1日目から再開されます*
`叡智の猛火 X 2
6月交換券(2022) X 1
``從者/禮裝數: 558 / 648`
_2022-06-28 19:37:10_
--------
`友情點數召喚累計1162次

`[48a14ba1dd858b92594b71e0ed7d5311]
`登入天數: 89天 / 1683天
等級: 20
石頭: 1577
呼符: 90
友情點: +0 / 1458640`
*連続ログイン5日目
※ログインが途切れるか、7日到達すると
1日目から再開されます*
`叡智の猛火 X 2
6月交換券(2022) X 1
``從者/禮裝數: 528 / 643`
_2022-06-28 19:37:21_
--------
`友情點數召喚累計1030次

`