【登入訊息】
[c5ab1b78563b1f9e4ee17ab01234bc5e]
`登入天數: 200天 / 1551天
等級: 92
石頭: 2258
呼符: 206
友情點: +0 / 1591145`
*連続ログイン4日目
※ログインが途切れるか、7日到達すると
1日目から再開されます*
`聖晶石 X 1
6月交換券(2022) X 1
`*FGO カルデア放送局 ライト版 FGO Fes. 2022＆ゲーム最新情報 放送記念 初回ログインボーナス*
*開催期間中、初回ログインで「聖晶石×14」をプレゼント！*
/webview/loginbonus/20220630_m8fcmw/m8fcmw_s_01.png
`聖晶石 X 14
``從者/禮裝數: 564 / 634`
_2022-06-29 19:36:03_
--------
`友情點數召喚累計1931次

`[d4825e10f75d83bc0cfb33b6768a8634]
`登入天數: 90天 / 1740天
等級: 19
石頭: 2180
呼符: 47
友情點: +0 / 1724430`
*連続ログイン6日目
※ログインが途切れるか、7日到達すると
1日目から再開されます*
`聖晶石 X 2
6月交換券(2022) X 1
`*FGO カルデア放送局 ライト版 FGO Fes. 2022＆ゲーム最新情報 放送記念 初回ログインボーナス*
*開催期間中、初回ログインで「聖晶石×14」をプレゼント！*
/webview/loginbonus/20220630_m8fcmw/m8fcmw_s_01.png
`聖晶石 X 14
``從者/禮裝數: 489 / 617`
_2022-06-29 19:36:15_
--------
`友情點數召喚累計1380次

`[ff29db15be18f883ffccdf7ab23021a7]
`登入天數: 90天 / 1736天
等級: 18
石頭: 1569
呼符: 72
友情點: +0 / 1602450`
*連続ログイン6日目
※ログインが途切れるか、7日到達すると
1日目から再開されます*
`聖晶石 X 2
6月交換券(2022) X 1
`*FGO カルデア放送局 ライト版 FGO Fes. 2022＆ゲーム最新情報 放送記念 初回ログインボーナス*
*開催期間中、初回ログインで「聖晶石×14」をプレゼント！*
/webview/loginbonus/20220630_m8fcmw/m8fcmw_s_01.png
`聖晶石 X 14
``從者/禮裝數: 563 / 588`
_2022-06-29 19:36:27_
--------
`友情點數召喚累計1270次

`[cc4787a257e3a46e268001195f780247]
`登入天數: 90天 / 1750天
等級: 18
石頭: 2184
呼符: 175
友情點: +0 / 1713190`
*連続ログイン6日目
※ログインが途切れるか、7日到達すると
1日目から再開されます*
`聖晶石 X 2
6月交換券(2022) X 1
`*FGO カルデア放送局 ライト版 FGO Fes. 2022＆ゲーム最新情報 放送記念 初回ログインボーナス*
*開催期間中、初回ログインで「聖晶石×14」をプレゼント！*
/webview/loginbonus/20220630_m8fcmw/m8fcmw_s_01.png
`聖晶石 X 14
``從者/禮裝數: 603 / 531`
_2022-06-29 19:36:38_
--------
`友情點數召喚累計1150次

`[3f5599a008981ecf87f2dea9d1d83d6a]
`登入天數: 90天 / 1755天
等級: 18
石頭: 1985
呼符: 69
友情點: +0 / 1687775`
*連続ログイン6日目
※ログインが途切れるか、7日到達すると
1日目から再開されます*
`聖晶石 X 2
6月交換券(2022) X 1
`*FGO カルデア放送局 ライト版 FGO Fes. 2022＆ゲーム最新情報 放送記念 初回ログインボーナス*
*開催期間中、初回ログインで「聖晶石×14」をプレゼント！*
/webview/loginbonus/20220630_m8fcmw/m8fcmw_s_01.png
`聖晶石 X 14
``從者/禮裝數: 510 / 646`
_2022-06-29 19:36:49_
--------
`友情點數召喚累計1270次

`[0d14e47d83c8b8400ed7555e0192724d]
`登入天數: 90天 / 1677天
等級: 20
石頭: 1060
呼符: 71
友情點: +0 / 1571060`
*連続ログイン6日目
※ログインが途切れるか、7日到達すると
1日目から再開されます*
`聖晶石 X 2
6月交換券(2022) X 1
`*FGO カルデア放送局 ライト版 FGO Fes. 2022＆ゲーム最新情報 放送記念 初回ログインボーナス*
*開催期間中、初回ログインで「聖晶石×14」をプレゼント！*
/webview/loginbonus/20220630_m8fcmw/m8fcmw_s_01.png
`聖晶石 X 14
``從者/禮裝數: 559 / 641`
_2022-06-29 19:37:00_
--------
`友情點數召喚累計1230次

`[d4c10e20929a4c973210db1453668b11]
`登入天數: 90天 / 1683天
等級: 19
石頭: 1673
呼符: 67
友情點: +0 / 1549745`
*連続ログイン6日目
※ログインが途切れるか、7日到達すると
1日目から再開されます*
`聖晶石 X 2
6月交換券(2022) X 1
`*FGO カルデア放送局 ライト版 FGO Fes. 2022＆ゲーム最新情報 放送記念 初回ログインボーナス*
*開催期間中、初回ログインで「聖晶石×14」をプレゼント！*
/webview/loginbonus/20220630_m8fcmw/m8fcmw_s_01.png
`聖晶石 X 14
``從者/禮裝數: 690 / 732`
_2022-06-29 19:37:12_
--------
[f0cc4e7ae2d4b30013f328b2cf7d6063]
`登入天數: 90天 / 1692天
等級: 20
石頭: 449
呼符: 66
友情點: +0 / 1549320`
*連続ログイン6日目
※ログインが途切れるか、7日到達すると
1日目から再開されます*
`聖晶石 X 2
6月交換券(2022) X 1
`*FGO カルデア放送局 ライト版 FGO Fes. 2022＆ゲーム最新情報 放送記念 初回ログインボーナス*
*開催期間中、初回ログインで「聖晶石×14」をプレゼント！*
/webview/loginbonus/20220630_m8fcmw/m8fcmw_s_01.png
`聖晶石 X 14
``從者/禮裝數: 559 / 652`
_2022-06-29 19:37:21_
--------
`友情點數召喚累計1172次

`[48a14ba1dd858b92594b71e0ed7d5311]
`登入天數: 90天 / 1684天
等級: 20
石頭: 1577
呼符: 90
友情點: +0 / 1458640`
*連続ログイン6日目
※ログインが途切れるか、7日到達すると
1日目から再開されます*
`聖晶石 X 2
6月交換券(2022) X 1
`*FGO カルデア放送局 ライト版 FGO Fes. 2022＆ゲーム最新情報 放送記念 初回ログインボーナス*
*開催期間中、初回ログインで「聖晶石×14」をプレゼント！*
/webview/loginbonus/20220630_m8fcmw/m8fcmw_s_01.png
`聖晶石 X 14
``從者/禮裝數: 531 / 647`
_2022-06-29 19:37:33_
--------
`友情點數召喚累計1040次

`