【登入訊息】
[c5ab1b78563b1f9e4ee17ab01234bc5e]
`登入天數: 25天 / 1703天
等級: 92
石頭: 2730
呼符: 106
友情點: +0 / 1737505`
*連続ログイン4日目
※ログインが途切れるか、7日到達すると
1日目から再開されます*
`聖晶石 X 1
12月交換券(2022) X 1
``從者/禮裝數: 711 / 739`
_2022-11-30 19:30:41_
--------
`友情點數召喚累計2601次

`[d4825e10f75d83bc0cfb33b6768a8634]
`登入天數: 25天 / 1892天
等級: 19
石頭: 2573
呼符: 25
友情點: +360 / 1886085`
*連続ログイン4日目
※ログインが途切れるか、7日到達すると
1日目から再開されます*
`聖晶石 X 1
12月交換券(2022) X 1
``從者/禮裝數: 649 / 791`
_2022-11-30 19:30:53_
--------
`友情點數召喚累計2100次

`[ff29db15be18f883ffccdf7ab23021a7]
`登入天數: 25天 / 1888天
等級: 18
石頭: 1888
呼符: 0
友情點: +150 / 1758780`
*連続ログイン4日目
※ログインが途切れるか、7日到達すると
1日目から再開されます*
`聖晶石 X 1
12月交換券(2022) X 1
``從者/禮裝數: 662 / 791`
_2022-11-30 19:31:05_
--------
`友情點數召喚累計2000次

`[cc4787a257e3a46e268001195f780247]
`登入天數: 25天 / 1902天
等級: 18
石頭: 2654
呼符: 110
友情點: +160 / 1868105`
*連続ログイン4日目
※ログインが途切れるか、7日到達すると
1日目から再開されます*
`聖晶石 X 1
12月交換券(2022) X 1
``從者/禮裝數: 664 / 724`
_2022-11-30 19:31:16_
--------
`友情點數召喚累計2180次

`[3f5599a008981ecf87f2dea9d1d83d6a]
`登入天數: 25天 / 1907天
等級: 18
石頭: 1854
呼符: 0
友情點: +0 / 1834150`
*連続ログイン4日目
※ログインが途切れるか、7日到達すると
1日目から再開されます*
`聖晶石 X 1
12月交換券(2022) X 1
``從者/禮裝數: 721 / 775`
_2022-11-30 19:31:28_
--------
`友情點數召喚累計1910次

`[0d14e47d83c8b8400ed7555e0192724d]
`登入天數: 25天 / 1829天
等級: 21
石頭: 1544
呼符: 35
友情點: +190 / 1728235`
*連続ログイン4日目
※ログインが途切れるか、7日到達すると
1日目から再開されます*
`聖晶石 X 1
12月交換券(2022) X 1
``從者/禮裝數: 733 / 770`
_2022-11-30 19:31:40_
--------
`友情點數召喚累計1970次

`[d4c10e20929a4c973210db1453668b11]
`登入天數: 25天 / 1835天
等級: 20
石頭: 1747
呼符: 0
友情點: +0 / 1692020`
*連続ログイン4日目
※ログインが途切れるか、7日到達すると
1日目から再開されます*
`聖晶石 X 1
12月交換券(2022) X 1
``從者/禮裝數: 729 / 773`
_2022-11-30 19:31:52_
--------
`友情點數召喚累計1850次

`[f0cc4e7ae2d4b30013f328b2cf7d6063]
`登入天數: 25天 / 1844天
等級: 20
石頭: 918
呼符: 61
友情點: +0 / 1695585`
*連続ログイン4日目
※ログインが途切れるか、7日到達すると
1日目から再開されます*
`聖晶石 X 1
12月交換券(2022) X 1
``從者/禮裝數: 733 / 782`
_2022-11-30 19:32:04_
--------
`友情點數召喚累計1892次

`[48a14ba1dd858b92594b71e0ed7d5311]
`登入天數: 25天 / 1836天
等級: 20
石頭: 2015
呼符: 108
友情點: +0 / 1604985`
*連続ログイン4日目
※ログインが途切れるか、7日到達すると
1日目から再開されます*
`聖晶石 X 1
12月交換券(2022) X 1
``從者/禮裝數: 741 / 763`
_2022-11-30 19:32:16_
--------
`友情點數召喚累計1730次

`