【登入訊息】
[c5ab1b78563b1f9e4ee17ab01234bc5e]
`登入天數: 26天 / 1704天
等級: 92
石頭: 2730
呼符: 106
友情點: +0 / 1737505`
*連続ログイン5日目
※ログインが途切れるか、7日到達すると
1日目から再開されます*
`叡智の業火 X 2
12月交換券(2022) X 1
`*Road to 7 [Lostbelt No.6]開催！*
*Road to 7 [Lostbelt No.6]開催！*
/webview/loginbonus/20221201_6r6t67/6r6t67_s_01.png
```從者/禮裝數: 714 / 745`
_2022-12-01 19:30:39_
--------
`友情點數召喚累計2611次

`[d4825e10f75d83bc0cfb33b6768a8634]
`登入天數: 26天 / 1893天
等級: 19
石頭: 2573
呼符: 25
友情點: +20 / 1886105`
*連続ログイン5日目
※ログインが途切れるか、7日到達すると
1日目から再開されます*
`叡智の業火 X 2
12月交換券(2022) X 1
`*Road to 7 [Lostbelt No.6]開催！*
*Road to 7 [Lostbelt No.6]開催！*
/webview/loginbonus/20221201_6r6t67/6r6t67_s_01.png
```從者/禮裝數: 651 / 795`
_2022-12-01 19:30:50_
--------
`友情點數召喚累計2110次

`[ff29db15be18f883ffccdf7ab23021a7]
`登入天數: 26天 / 1889天
等級: 18
石頭: 1888
呼符: 0
友情點: +10 / 1758790`
*連続ログイン5日目
※ログインが途切れるか、7日到達すると
1日目から再開されます*
`叡智の業火 X 2
12月交換券(2022) X 1
`*Road to 7 [Lostbelt No.6]開催！*
*Road to 7 [Lostbelt No.6]開催！*
/webview/loginbonus/20221201_6r6t67/6r6t67_s_01.png
```從者/禮裝數: 666 / 796`
_2022-12-01 19:31:01_
--------
`友情點數召喚累計2010次

`[cc4787a257e3a46e268001195f780247]
`登入天數: 26天 / 1903天
等級: 18
石頭: 2654
呼符: 110
友情點: +10 / 1868115`
*連続ログイン5日目
※ログインが途切れるか、7日到達すると
1日目から再開されます*
`叡智の業火 X 2
12月交換券(2022) X 1
`*Road to 7 [Lostbelt No.6]開催！*
*Road to 7 [Lostbelt No.6]開催！*
/webview/loginbonus/20221201_6r6t67/6r6t67_s_01.png
```從者/禮裝數: 666 / 729`
_2022-12-01 19:31:13_
--------
`友情點數召喚累計2190次

`[3f5599a008981ecf87f2dea9d1d83d6a]
`登入天數: 26天 / 1908天
等級: 18
石頭: 1854
呼符: 0
友情點: +0 / 1834150`
*連続ログイン5日目
※ログインが途切れるか、7日到達すると
1日目から再開されます*
`叡智の業火 X 2
12月交換券(2022) X 1
`*Road to 7 [Lostbelt No.6]開催！*
*Road to 7 [Lostbelt No.6]開催！*
/webview/loginbonus/20221201_6r6t67/6r6t67_s_01.png
```從者/禮裝數: 723 / 781`
_2022-12-01 19:31:24_
--------
`友情點數召喚累計1920次

`[0d14e47d83c8b8400ed7555e0192724d]
`登入天數: 26天 / 1830天
等級: 21
石頭: 1544
呼符: 35
友情點: +0 / 1728235`
*連続ログイン5日目
※ログインが途切れるか、7日到達すると
1日目から再開されます*
`叡智の業火 X 2
12月交換券(2022) X 1
`*Road to 7 [Lostbelt No.6]開催！*
*Road to 7 [Lostbelt No.6]開催！*
/webview/loginbonus/20221201_6r6t67/6r6t67_s_01.png
```從者/禮裝數: 737 / 774`
_2022-12-01 19:31:35_
--------
`友情點數召喚累計1980次

`[d4c10e20929a4c973210db1453668b11]
`登入天數: 26天 / 1836天
等級: 20
石頭: 1747
呼符: 0
友情點: +0 / 1692020`
*連続ログイン5日目
※ログインが途切れるか、7日到達すると
1日目から再開されます*
`叡智の業火 X 2
12月交換券(2022) X 1
`*Road to 7 [Lostbelt No.6]開催！*
*Road to 7 [Lostbelt No.6]開催！*
/webview/loginbonus/20221201_6r6t67/6r6t67_s_01.png
```從者/禮裝數: 733 / 775`
_2022-12-01 19:31:47_
--------
`友情點數召喚累計1860次

`[f0cc4e7ae2d4b30013f328b2cf7d6063]
`登入天數: 26天 / 1845天
等級: 20
石頭: 918
呼符: 61
友情點: +0 / 1695585`
*連続ログイン5日目
※ログインが途切れるか、7日到達すると
1日目から再開されます*
`叡智の業火 X 2
12月交換券(2022) X 1
`*Road to 7 [Lostbelt No.6]開催！*
*Road to 7 [Lostbelt No.6]開催！*
/webview/loginbonus/20221201_6r6t67/6r6t67_s_01.png
```從者/禮裝數: 735 / 785`
_2022-12-01 19:31:59_
--------
`友情點數召喚累計1902次

`[48a14ba1dd858b92594b71e0ed7d5311]
`登入天數: 26天 / 1837天
等級: 20
石頭: 2015
呼符: 108
友情點: +0 / 1604985`
*連続ログイン5日目
※ログインが途切れるか、7日到達すると
1日目から再開されます*
`叡智の業火 X 2
12月交換券(2022) X 1
`*Road to 7 [Lostbelt No.6]開催！*
*Road to 7 [Lostbelt No.6]開催！*
/webview/loginbonus/20221201_6r6t67/6r6t67_s_01.png
```從者/禮裝數: 744 / 769`
_2022-12-01 19:32:10_
--------
`友情點數召喚累計1740次

`