【登入訊息】
[c5ab1b78563b1f9e4ee17ab01234bc5e]
`登入天數: 27天 / 1705天
等級: 92
石頭: 2730
呼符: 106
友情點: +0 / 1737505`
*連続ログイン6日目
※ログインが途切れるか、7日到達すると
1日目から再開されます*
`聖晶石 X 2
12月交換券(2022) X 1
``從者/禮裝數: 716 / 749`
_2022-12-02 19:30:40_
--------
`友情點數召喚累計2621次

`[d4825e10f75d83bc0cfb33b6768a8634]
`登入天數: 27天 / 1894天
等級: 19
石頭: 2573
呼符: 25
友情點: +140 / 1886245`
*連続ログイン6日目
※ログインが途切れるか、7日到達すると
1日目から再開されます*
`聖晶石 X 2
12月交換券(2022) X 1
``從者/禮裝數: 653 / 801`
_2022-12-02 19:30:52_
--------
[ff29db15be18f883ffccdf7ab23021a7]
`登入天數: 27天 / 1890天
等級: 18
石頭: 1888
呼符: 0
友情點: +190 / 1758980`
*連続ログイン6日目
※ログインが途切れるか、7日到達すると
1日目から再開されます*
`聖晶石 X 2
12月交換券(2022) X 1
``從者/禮裝數: 670 / 800`
_2022-12-02 19:31:01_
--------
[cc4787a257e3a46e268001195f780247]
`登入天數: 27天 / 1904天
等級: 18
石頭: 2654
呼符: 110
友情點: +80 / 1868195`
*連続ログイン6日目
※ログインが途切れるか、7日到達すると
1日目から再開されます*
`聖晶石 X 2
12月交換券(2022) X 1
``從者/禮裝數: 669 / 732`
_2022-12-02 19:31:11_
--------
`友情點數召喚累計2200次

`[3f5599a008981ecf87f2dea9d1d83d6a]
`登入天數: 27天 / 1909天
等級: 18
石頭: 1854
呼符: 0
友情點: +0 / 1834150`
*連続ログイン6日目
※ログインが途切れるか、7日到達すると
1日目から再開されます*
`聖晶石 X 2
12月交換券(2022) X 1
``從者/禮裝數: 725 / 785`
_2022-12-02 19:31:23_
--------
`友情點數召喚累計1930次

`[0d14e47d83c8b8400ed7555e0192724d]
`登入天數: 27天 / 1831天
等級: 21
石頭: 1544
呼符: 35
友情點: +200 / 1728435`
*連続ログイン6日目
※ログインが途切れるか、7日到達すると
1日目から再開されます*
`聖晶石 X 2
12月交換券(2022) X 1
``從者/禮裝數: 742 / 778`
_2022-12-02 19:31:35_
--------
`友情點數召喚累計1990次

`[d4c10e20929a4c973210db1453668b11]
`登入天數: 27天 / 1837天
等級: 20
石頭: 1747
呼符: 0
友情點: +0 / 1692020`
*連続ログイン6日目
※ログインが途切れるか、7日到達すると
1日目から再開されます*
`聖晶石 X 2
12月交換券(2022) X 1
``從者/禮裝數: 736 / 780`
_2022-12-02 19:31:48_
--------
`友情點數召喚累計1870次

`[f0cc4e7ae2d4b30013f328b2cf7d6063]
`登入天數: 27天 / 1846天
等級: 20
石頭: 918
呼符: 61
友情點: +0 / 1695585`
*連続ログイン6日目
※ログインが途切れるか、7日到達すると
1日目から再開されます*
`聖晶石 X 2
12月交換券(2022) X 1
``從者/禮裝數: 737 / 789`
_2022-12-02 19:32:00_
--------
`友情點數召喚累計1912次

`[48a14ba1dd858b92594b71e0ed7d5311]
`登入天數: 27天 / 1838天
等級: 20
石頭: 2015
呼符: 108
友情點: +0 / 1604985`
*連続ログイン6日目
※ログインが途切れるか、7日到達すると
1日目から再開されます*
`聖晶石 X 2
12月交換券(2022) X 1
``從者/禮裝數: 748 / 773`
_2022-12-02 19:32:12_
--------
`友情點數召喚累計1750次

`