【登入訊息】
[c5ab1b78563b1f9e4ee17ab01234bc5e]
`登入天數: 28天 / 1706天
等級: 92
石頭: 2730
呼符: 106
友情點: +0 / 1737505`
*連続ログイン7日間到達おめでとうございます！
明日は1日目からリスタートされます。*
`獣の足跡 X 1
呼符 X 1
12月交換券(2022) X 1
``從者/禮裝數: 717 / 752`
_2022-12-03 19:30:55_
--------
`友情點數召喚累計2631次

`[d4825e10f75d83bc0cfb33b6768a8634]
`登入天數: 28天 / 1895天
等級: 19
石頭: 2573
呼符: 25
友情點: +280 / 1886525`
*連続ログイン7日間到達おめでとうございます！
明日は1日目からリスタートされます。*
`獣の足跡 X 1
呼符 X 1
12月交換券(2022) X 1
``從者/禮裝數: 653 / 801`
_2022-12-03 19:31:07_
--------
[ff29db15be18f883ffccdf7ab23021a7]
`登入天數: 28天 / 1891天
等級: 18
石頭: 1888
呼符: 0
友情點: +170 / 1759150`
*連続ログイン7日間到達おめでとうございます！
明日は1日目からリスタートされます。*
`獣の足跡 X 1
呼符 X 1
12月交換券(2022) X 1
``從者/禮裝數: 670 / 800`
_2022-12-03 19:31:16_
--------
[cc4787a257e3a46e268001195f780247]
`登入天數: 28天 / 1905天
等級: 18
石頭: 2654
呼符: 110
友情點: +150 / 1868345`
*連続ログイン7日間到達おめでとうございます！
明日は1日目からリスタートされます。*
`獣の足跡 X 1
呼符 X 1
12月交換券(2022) X 1
``從者/禮裝數: 672 / 737`
_2022-12-03 19:31:25_
--------
`友情點數召喚累計2210次

`[3f5599a008981ecf87f2dea9d1d83d6a]
`登入天數: 28天 / 1910天
等級: 18
石頭: 1854
呼符: 0
友情點: +0 / 1834150`
*連続ログイン7日間到達おめでとうございます！
明日は1日目からリスタートされます。*
`獣の足跡 X 1
呼符 X 1
12月交換券(2022) X 1
``從者/禮裝數: 728 / 788`
_2022-12-03 19:31:36_
--------
`友情點數召喚累計1940次

`[0d14e47d83c8b8400ed7555e0192724d]
`登入天數: 28天 / 1832天
等級: 21
石頭: 1544
呼符: 35
友情點: +120 / 1728555`
*連続ログイン7日間到達おめでとうございます！
明日は1日目からリスタートされます。*
`獣の足跡 X 1
呼符 X 1
12月交換券(2022) X 1
``從者/禮裝數: 748 / 781`
_2022-12-03 19:31:48_
--------
`友情點數召喚累計2000次

`[d4c10e20929a4c973210db1453668b11]
`登入天數: 28天 / 1838天
等級: 20
石頭: 1747
呼符: 0
友情點: +0 / 1692020`
*連続ログイン7日間到達おめでとうございます！
明日は1日目からリスタートされます。*
`獣の足跡 X 1
呼符 X 1
12月交換券(2022) X 1
``從者/禮裝數: 739 / 783`
_2022-12-03 19:32:01_
--------
`友情點數召喚累計1880次

`[f0cc4e7ae2d4b30013f328b2cf7d6063]
`登入天數: 28天 / 1847天
等級: 20
石頭: 918
呼符: 61
友情點: +0 / 1695585`
*連続ログイン7日間到達おめでとうございます！
明日は1日目からリスタートされます。*
`獣の足跡 X 1
呼符 X 1
12月交換券(2022) X 1
``從者/禮裝數: 742 / 792`
_2022-12-03 19:32:13_
--------
`友情點數召喚累計1922次

`[48a14ba1dd858b92594b71e0ed7d5311]
`登入天數: 28天 / 1839天
等級: 20
石頭: 2015
呼符: 108
友情點: +0 / 1604985`
*連続ログイン7日間到達おめでとうございます！
明日は1日目からリスタートされます。*
`獣の足跡 X 1
呼符 X 1
12月交換券(2022) X 1
``從者/禮裝數: 751 / 778`
_2022-12-03 19:32:25_
--------
`友情點數召喚累計1760次

`