【登入訊息】
[c5ab1b78563b1f9e4ee17ab01234bc5e]
`登入天數: 29天 / 1707天
等級: 92
石頭: 2730
呼符: 106
友情點: +0 / 1737505`
*連続ログイン1日目
※ログインが途切れるか、7日到達すると
1日目から再開されます*
`フレンドポイント X 2000
12月交換券(2022) X 1
``從者/禮裝數: 720 / 757`
_2022-12-04 19:30:33_
--------
`友情點數召喚累計2641次

`[d4825e10f75d83bc0cfb33b6768a8634]
`登入天數: 29天 / 1896天
等級: 19
石頭: 2573
呼符: 25
友情點: +80 / 1886605`
*連続ログイン1日目
※ログインが途切れるか、7日到達すると
1日目から再開されます*
`フレンドポイント X 2000
12月交換券(2022) X 1
``從者/禮裝數: 653 / 801`
_2022-12-04 19:30:45_
--------
[ff29db15be18f883ffccdf7ab23021a7]
`登入天數: 29天 / 1892天
等級: 18
石頭: 1888
呼符: 0
友情點: +80 / 1759230`
*連続ログイン1日目
※ログインが途切れるか、7日到達すると
1日目から再開されます*
`フレンドポイント X 2000
12月交換券(2022) X 1
``從者/禮裝數: 670 / 800`
_2022-12-04 19:30:55_
--------
[cc4787a257e3a46e268001195f780247]
`登入天數: 29天 / 1906天
等級: 18
石頭: 2654
呼符: 110
友情點: +70 / 1868415`
*連続ログイン1日目
※ログインが途切れるか、7日到達すると
1日目から再開されます*
`フレンドポイント X 2000
12月交換券(2022) X 1
``從者/禮裝數: 674 / 742`
_2022-12-04 19:31:04_
--------
`友情點數召喚累計2220次

`[3f5599a008981ecf87f2dea9d1d83d6a]
`登入天數: 29天 / 1911天
等級: 18
石頭: 1854
呼符: 0
友情點: +0 / 1834150`
*連続ログイン1日目
※ログインが途切れるか、7日到達すると
1日目から再開されます*
`フレンドポイント X 2000
12月交換券(2022) X 1
``從者/禮裝數: 730 / 794`
_2022-12-04 19:31:16_
--------
`友情點數召喚累計1950次

`[0d14e47d83c8b8400ed7555e0192724d]
`登入天數: 29天 / 1833天
等級: 21
石頭: 1544
呼符: 35
友情點: +80 / 1728635`
*連続ログイン1日目
※ログインが途切れるか、7日到達すると
1日目から再開されます*
`フレンドポイント X 2000
12月交換券(2022) X 1
``從者/禮裝數: 749 / 786`
_2022-12-04 19:31:27_
--------
`友情點數召喚累計2010次

`[d4c10e20929a4c973210db1453668b11]
`登入天數: 29天 / 1839天
等級: 20
石頭: 1747
呼符: 0
友情點: +0 / 1692020`
*連続ログイン1日目
※ログインが途切れるか、7日到達すると
1日目から再開されます*
`フレンドポイント X 2000
12月交換券(2022) X 1
``從者/禮裝數: 744 / 786`
_2022-12-04 19:31:40_
--------
`友情點數召喚累計1890次

`[f0cc4e7ae2d4b30013f328b2cf7d6063]
`登入天數: 29天 / 1848天
等級: 20
石頭: 918
呼符: 61
友情點: +0 / 1695585`
*連続ログイン1日目
※ログインが途切れるか、7日到達すると
1日目から再開されます*
`フレンドポイント X 2000
12月交換券(2022) X 1
``從者/禮裝數: 747 / 795`
_2022-12-04 19:31:52_
--------
`友情點數召喚累計1932次

`[48a14ba1dd858b92594b71e0ed7d5311]
`登入天數: 29天 / 1840天
等級: 20
石頭: 2015
呼符: 108
友情點: +0 / 1604985`
*連続ログイン1日目
※ログインが途切れるか、7日到達すると
1日目から再開されます*
`フレンドポイント X 2000
12月交換券(2022) X 1
``從者/禮裝數: 752 / 786`
_2022-12-04 19:32:03_
--------
`友情點數召喚累計1770次

`