【登入訊息】
[c5ab1b78563b1f9e4ee17ab01234bc5e]
`登入天數: 30天 / 1708天
等級: 92
石頭: 2730
呼符: 106
友情點: +0 / 1737505`
*連続ログイン2日目
※ログインが途切れるか、7日到達すると
1日目から再開されます*
`聖晶石 X 1
12月交換券(2022) X 1
``從者/禮裝數: 725 / 762`
_2022-12-05 19:30:53_
--------
`友情點數召喚累計2651次

`[d4825e10f75d83bc0cfb33b6768a8634]
`登入天數: 30天 / 1897天
等級: 19
石頭: 2573
呼符: 25
友情點: +20 / 1886625`
*連続ログイン2日目
※ログインが途切れるか、7日到達すると
1日目から再開されます*
`聖晶石 X 1
12月交換券(2022) X 1
``從者/禮裝數: 653 / 801`
_2022-12-05 19:31:05_
--------
[ff29db15be18f883ffccdf7ab23021a7]
`登入天數: 30天 / 1893天
等級: 18
石頭: 1888
呼符: 0
友情點: +10 / 1759240`
*連続ログイン2日目
※ログインが途切れるか、7日到達すると
1日目から再開されます*
`聖晶石 X 1
12月交換券(2022) X 1
``從者/禮裝數: 670 / 800`
_2022-12-05 19:31:14_
--------
[cc4787a257e3a46e268001195f780247]
`登入天數: 30天 / 1907天
等級: 18
石頭: 2654
呼符: 110
友情點: +20 / 1868435`
*連続ログイン2日目
※ログインが途切れるか、7日到達すると
1日目から再開されます*
`聖晶石 X 1
12月交換券(2022) X 1
``從者/禮裝數: 677 / 748`
_2022-12-05 19:31:23_
--------
`友情點數召喚累計2230次

`[3f5599a008981ecf87f2dea9d1d83d6a]
`登入天數: 30天 / 1912天
等級: 18
石頭: 1854
呼符: 0
友情點: +0 / 1834150`
*連続ログイン2日目
※ログインが途切れるか、7日到達すると
1日目から再開されます*
`聖晶石 X 1
12月交換券(2022) X 1
``從者/禮裝數: 730 / 802`
_2022-12-05 19:31:35_
--------
[0d14e47d83c8b8400ed7555e0192724d]
`登入天數: 30天 / 1834天
等級: 21
石頭: 1544
呼符: 35
友情點: +10 / 1728655`
*連続ログイン2日目
※ログインが途切れるか、7日到達すると
1日目から再開されます*
`聖晶石 X 1
12月交換券(2022) X 1
``從者/禮裝數: 752 / 791`
_2022-12-05 19:31:44_
--------
`友情點數召喚累計2020次

`[d4c10e20929a4c973210db1453668b11]
`登入天數: 30天 / 1840天
等級: 20
石頭: 1747
呼符: 0
友情點: +0 / 1692020`
*連続ログイン2日目
※ログインが途切れるか、7日到達すると
1日目から再開されます*
`聖晶石 X 1
12月交換券(2022) X 1
``從者/禮裝數: 747 / 790`
_2022-12-05 19:31:56_
--------
`友情點數召喚累計1900次

`[f0cc4e7ae2d4b30013f328b2cf7d6063]
`登入天數: 30天 / 1849天
等級: 20
石頭: 918
呼符: 61
友情點: +0 / 1695585`
*連続ログイン2日目
※ログインが途切れるか、7日到達すると
1日目から再開されます*
`聖晶石 X 1
12月交換券(2022) X 1
``從者/禮裝數: 750 / 802`
_2022-12-05 19:32:08_
--------
[48a14ba1dd858b92594b71e0ed7d5311]
`登入天數: 30天 / 1841天
等級: 20
石頭: 2015
呼符: 108
友情點: +0 / 1604985`
*連続ログイン2日目
※ログインが途切れるか、7日到達すると
1日目から再開されます*
`聖晶石 X 1
12月交換券(2022) X 1
``從者/禮裝數: 752 / 796`
_2022-12-05 19:32:17_
--------
`友情點數召喚累計1780次

`