【登入訊息】
[c5ab1b78563b1f9e4ee17ab01234bc5e]
`登入天數: 31天 / 1709天
等級: 92
石頭: 2730
呼符: 106
友情點: +0 / 1737505`
*連続ログイン3日目
※ログインが途切れるか、7日到達すると
1日目から再開されます*
`叡智の業火 X 1
12月交換券(2022) X 1
``從者/禮裝數: 730 / 766`
_2022-12-06 19:31:02_
--------
`友情點數召喚累計2661次

`[d4825e10f75d83bc0cfb33b6768a8634]
`登入天數: 31天 / 1898天
等級: 19
石頭: 2573
呼符: 25
友情點: +60 / 1886685`
*連続ログイン3日目
※ログインが途切れるか、7日到達すると
1日目から再開されます*
`叡智の業火 X 1
12月交換券(2022) X 1
``從者/禮裝數: 653 / 801`
_2022-12-06 19:31:13_
--------
[ff29db15be18f883ffccdf7ab23021a7]
`登入天數: 31天 / 1894天
等級: 18
石頭: 1888
呼符: 0
友情點: +0 / 1759240`
*連続ログイン3日目
※ログインが途切れるか、7日到達すると
1日目から再開されます*
`叡智の業火 X 1
12月交換券(2022) X 1
``從者/禮裝數: 670 / 800`
_2022-12-06 19:31:22_
--------
[cc4787a257e3a46e268001195f780247]
`登入天數: 31天 / 1908天
等級: 18
石頭: 2654
呼符: 110
友情點: +0 / 1868435`
*連続ログイン3日目
※ログインが途切れるか、7日到達すると
1日目から再開されます*
`叡智の業火 X 1
12月交換券(2022) X 1
``從者/禮裝數: 681 / 754`
_2022-12-06 19:31:31_
--------
`友情點數召喚累計2240次

`[3f5599a008981ecf87f2dea9d1d83d6a]
`登入天數: 31天 / 1913天
等級: 18
石頭: 1854
呼符: 0
友情點: +0 / 1834150`
*連続ログイン3日目
※ログインが途切れるか、7日到達すると
1日目から再開されます*
`叡智の業火 X 1
12月交換券(2022) X 1
``從者/禮裝數: 730 / 802`
_2022-12-06 19:31:43_
--------
[0d14e47d83c8b8400ed7555e0192724d]
`登入天數: 31天 / 1835天
等級: 21
石頭: 1544
呼符: 35
友情點: +0 / 1728655`
*連続ログイン3日目
※ログインが途切れるか、7日到達すると
1日目から再開されます*
`叡智の業火 X 1
12月交換券(2022) X 1
``從者/禮裝數: 753 / 798`
_2022-12-06 19:31:52_
--------
`友情點數召喚累計2030次

`[d4c10e20929a4c973210db1453668b11]
`登入天數: 31天 / 1841天
等級: 20
石頭: 1747
呼符: 0
友情點: +0 / 1692020`
*連続ログイン3日目
※ログインが途切れるか、7日到達すると
1日目から再開されます*
`叡智の業火 X 1
12月交換券(2022) X 1
``從者/禮裝數: 749 / 796`
_2022-12-06 19:32:03_
--------
`友情點數召喚累計1910次

`[f0cc4e7ae2d4b30013f328b2cf7d6063]
`登入天數: 31天 / 1850天
等級: 20
石頭: 918
呼符: 61
友情點: +0 / 1695585`
*連続ログイン3日目
※ログインが途切れるか、7日到達すると
1日目から再開されます*
`叡智の業火 X 1
12月交換券(2022) X 1
``從者/禮裝數: 750 / 802`
_2022-12-06 19:32:15_
--------
[48a14ba1dd858b92594b71e0ed7d5311]
`登入天數: 31天 / 1842天
等級: 20
石頭: 2015
呼符: 108
友情點: +0 / 1604985`
*連続ログイン3日目
※ログインが途切れるか、7日到達すると
1日目から再開されます*
`叡智の業火 X 1
12月交換券(2022) X 1
``從者/禮裝數: 755 / 799`
_2022-12-06 19:32:23_
--------
`友情點數召喚累計1790次

`