【登入訊息】
[c5ab1b78563b1f9e4ee17ab01234bc5e]
`登入天數: 33天 / 1711天
等級: 92
石頭: 2730
呼符: 106
友情點: +0 / 1737505`
*連続ログイン5日目
※ログインが途切れるか、7日到達すると
1日目から再開されます*
`叡智の業火 X 2
12月交換券(2022) X 1
``從者/禮裝數: 733 / 778`
_2022-12-08 19:30:49_
--------
`友情點數召喚累計2681次

`[d4825e10f75d83bc0cfb33b6768a8634]
`登入天數: 33天 / 1900天
等級: 19
石頭: 2573
呼符: 25
友情點: +0 / 1886825`
*連続ログイン5日目
※ログインが途切れるか、7日到達すると
1日目から再開されます*
`叡智の業火 X 2
12月交換券(2022) X 1
``從者/禮裝數: 653 / 801`
_2022-12-08 19:31:01_
--------
[ff29db15be18f883ffccdf7ab23021a7]
`登入天數: 33天 / 1896天
等級: 18
石頭: 1888
呼符: 0
友情點: +20 / 1759350`
*連続ログイン5日目
※ログインが途切れるか、7日到達すると
1日目から再開されます*
`叡智の業火 X 2
12月交換券(2022) X 1
``從者/禮裝數: 670 / 800`
_2022-12-08 19:31:10_
--------
[cc4787a257e3a46e268001195f780247]
`登入天數: 33天 / 1910天
等級: 18
石頭: 2654
呼符: 110
友情點: +10 / 1868495`
*連続ログイン5日目
※ログインが途切れるか、7日到達すると
1日目から再開されます*
`叡智の業火 X 2
12月交換券(2022) X 1
``從者/禮裝數: 685 / 764`
_2022-12-08 19:31:19_
--------
`友情點數召喚累計2260次

`[3f5599a008981ecf87f2dea9d1d83d6a]
`登入天數: 33天 / 1915天
等級: 18
石頭: 1854
呼符: 0
友情點: +0 / 1834150`
*連続ログイン5日目
※ログインが途切れるか、7日到達すると
1日目から再開されます*
`叡智の業火 X 2
12月交換券(2022) X 1
``從者/禮裝數: 730 / 802`
_2022-12-08 19:31:31_
--------
[0d14e47d83c8b8400ed7555e0192724d]
`登入天數: 33天 / 1837天
等級: 21
石頭: 1544
呼符: 35
友情點: +30 / 1728775`
*連続ログイン5日目
※ログインが途切れるか、7日到達すると
1日目から再開されます*
`叡智の業火 X 2
12月交換券(2022) X 1
``從者/禮裝數: 754 / 803`
_2022-12-08 19:31:40_
--------
[d4c10e20929a4c973210db1453668b11]
`登入天數: 33天 / 1843天
等級: 20
石頭: 1747
呼符: 0
友情點: +0 / 1692020`
*連続ログイン5日目
※ログインが途切れるか、7日到達すると
1日目から再開されます*
`叡智の業火 X 2
12月交換券(2022) X 1
``從者/禮裝數: 751 / 802`
_2022-12-08 19:31:49_
--------
[f0cc4e7ae2d4b30013f328b2cf7d6063]
`登入天數: 33天 / 1852天
等級: 20
石頭: 918
呼符: 61
友情點: +0 / 1695585`
*連続ログイン5日目
※ログインが途切れるか、7日到達すると
1日目から再開されます*
`叡智の業火 X 2
12月交換券(2022) X 1
``從者/禮裝數: 750 / 802`
_2022-12-08 19:31:58_
--------
[48a14ba1dd858b92594b71e0ed7d5311]
`登入天數: 33天 / 1844天
等級: 20
石頭: 2015
呼符: 108
友情點: +0 / 1604985`
*連続ログイン5日目
※ログインが途切れるか、7日到達すると
1日目から再開されます*
`叡智の業火 X 2
12月交換券(2022) X 1
``從者/禮裝數: 761 / 802`
_2022-12-08 19:32:08_
--------
