【登入訊息】
[c5ab1b78563b1f9e4ee17ab01234bc5e]
`登入天數: 35天 / 1713天
等級: 92
石頭: 2730
呼符: 106
友情點: +0 / 1737505`
*連続ログイン7日間到達おめでとうございます！
明日は1日目からリスタートされます。*
`獣の足跡 X 1
呼符 X 1
12月交換券(2022) X 1
``從者/禮裝數: 736 / 789`
_2022-12-10 19:30:43_
--------
`友情點數召喚累計2701次

`[d4825e10f75d83bc0cfb33b6768a8634]
`登入天數: 35天 / 1902天
等級: 19
石頭: 2573
呼符: 25
友情點: +40 / 1886965`
*連続ログイン7日間到達おめでとうございます！
明日は1日目からリスタートされます。*
`獣の足跡 X 1
呼符 X 1
12月交換券(2022) X 1
``從者/禮裝數: 653 / 801`
_2022-12-10 19:30:55_
--------
[ff29db15be18f883ffccdf7ab23021a7]
`登入天數: 35天 / 1898天
等級: 18
石頭: 1888
呼符: 0
友情點: +40 / 1759420`
*連続ログイン7日間到達おめでとうございます！
明日は1日目からリスタートされます。*
`獣の足跡 X 1
呼符 X 1
12月交換券(2022) X 1
``從者/禮裝數: 670 / 800`
_2022-12-10 19:31:04_
--------
[cc4787a257e3a46e268001195f780247]
`登入天數: 35天 / 1912天
等級: 18
石頭: 2654
呼符: 110
友情點: +10 / 1868525`
*連続ログイン7日間到達おめでとうございます！
明日は1日目からリスタートされます。*
`獣の足跡 X 1
呼符 X 1
12月交換券(2022) X 1
``從者/禮裝數: 690 / 775`
_2022-12-10 19:31:13_
--------
`友情點數召喚累計2280次

`[3f5599a008981ecf87f2dea9d1d83d6a]
`登入天數: 35天 / 1917天
等級: 18
石頭: 1854
呼符: 0
友情點: +0 / 1834150`
*連続ログイン7日間到達おめでとうございます！
明日は1日目からリスタートされます。*
`獣の足跡 X 1
呼符 X 1
12月交換券(2022) X 1
``從者/禮裝數: 730 / 802`
_2022-12-10 19:31:25_
--------
[0d14e47d83c8b8400ed7555e0192724d]
`登入天數: 35天 / 1839天
等級: 21
石頭: 1544
呼符: 35
友情點: +30 / 1728815`
*連続ログイン7日間到達おめでとうございます！
明日は1日目からリスタートされます。*
`獣の足跡 X 1
呼符 X 1
12月交換券(2022) X 1
``從者/禮裝數: 754 / 803`
_2022-12-10 19:31:34_
--------
[d4c10e20929a4c973210db1453668b11]
`登入天數: 35天 / 1845天
等級: 20
石頭: 1747
呼符: 0
友情點: +0 / 1692020`
*連続ログイン7日間到達おめでとうございます！
明日は1日目からリスタートされます。*
`獣の足跡 X 1
呼符 X 1
12月交換券(2022) X 1
``從者/禮裝數: 751 / 802`
_2022-12-10 19:31:43_
--------
[f0cc4e7ae2d4b30013f328b2cf7d6063]
`登入天數: 35天 / 1854天
等級: 20
石頭: 918
呼符: 61
友情點: +0 / 1695585`
*連続ログイン7日間到達おめでとうございます！
明日は1日目からリスタートされます。*
`獣の足跡 X 1
呼符 X 1
12月交換券(2022) X 1
``從者/禮裝數: 750 / 802`
_2022-12-10 19:31:53_
--------
[48a14ba1dd858b92594b71e0ed7d5311]
`登入天數: 35天 / 1846天
等級: 20
石頭: 2015
呼符: 108
友情點: +0 / 1604985`
*連続ログイン7日間到達おめでとうございます！
明日は1日目からリスタートされます。*
`獣の足跡 X 1
呼符 X 1
12月交換券(2022) X 1
``從者/禮裝數: 761 / 802`
_2022-12-10 19:32:02_
--------
