【登入訊息】
[c5ab1b78563b1f9e4ee17ab01234bc5e]
`登入天數: 39天 / 1717天
等級: 92
石頭: 2730
呼符: 106
友情點: +0 / 1737505`
*連続ログイン4日目
※ログインが途切れるか、7日到達すると
1日目から再開されます*
`聖晶石 X 1
12月交換券(2022) X 1
`*TVアニメ「Fate/EXTRA Last Encore」Blu-ray Disc Box Standard Edition & Original Soundtrackリリース記念 特別ログインボーナス*
*開催期間中、初回ログインで「限定概念礼装×2」をプレゼント！*
/webview/loginbonus/20221214_rbod5m/rbod5m_s_01.png
`輝かしき薔薇の花束 X 1
月の断片 X 1
`*「Lostbelt No.7」開幕前メインクエストクリア応援特別ログインボーナス*
*開催期間中、1日1回 最大7回 ログインボーナスをプレゼント！*
/webview/loginbonus/20221215_3jidwo/3jidwo_k_01.png
`聖晶石 X 1
``從者/禮裝數: 748 / 801`
_2022-12-14 19:30:44_
--------
[d4825e10f75d83bc0cfb33b6768a8634]
`登入天數: 39天 / 1906天
等級: 19
石頭: 2573
呼符: 25
友情點: +60 / 1887045`
*連続ログイン4日目
※ログインが途切れるか、7日到達すると
1日目から再開されます*
`聖晶石 X 1
12月交換券(2022) X 1
`*TVアニメ「Fate/EXTRA Last Encore」Blu-ray Disc Box Standard Edition & Original Soundtrackリリース記念 特別ログインボーナス*
*開催期間中、初回ログインで「限定概念礼装×2」をプレゼント！*
/webview/loginbonus/20221214_rbod5m/rbod5m_s_01.png
`輝かしき薔薇の花束 X 1
月の断片 X 1
`*「Lostbelt No.7」開幕前メインクエストクリア応援特別ログインボーナス*
*開催期間中、1日1回 最大7回 ログインボーナスをプレゼント！*
/webview/loginbonus/20221215_3jidwo/3jidwo_k_01.png
`聖晶石 X 1
``從者/禮裝數: 653 / 801`
_2022-12-14 19:30:53_
--------
[ff29db15be18f883ffccdf7ab23021a7]
`登入天數: 39天 / 1902天
等級: 18
石頭: 1888
呼符: 0
友情點: +0 / 1759430`
*連続ログイン4日目
※ログインが途切れるか、7日到達すると
1日目から再開されます*
`聖晶石 X 1
12月交換券(2022) X 1
`*TVアニメ「Fate/EXTRA Last Encore」Blu-ray Disc Box Standard Edition & Original Soundtrackリリース記念 特別ログインボーナス*
*開催期間中、初回ログインで「限定概念礼装×2」をプレゼント！*
/webview/loginbonus/20221214_rbod5m/rbod5m_s_01.png
`輝かしき薔薇の花束 X 1
月の断片 X 1
`*「Lostbelt No.7」開幕前メインクエストクリア応援特別ログインボーナス*
*開催期間中、1日1回 最大7回 ログインボーナスをプレゼント！*
/webview/loginbonus/20221215_3jidwo/3jidwo_k_01.png
`聖晶石 X 1
``從者/禮裝數: 670 / 800`
_2022-12-14 19:31:02_
--------
[cc4787a257e3a46e268001195f780247]
`登入天數: 39天 / 1916天
等級: 18
石頭: 2654
呼符: 110
友情點: +30 / 1868575`
*連続ログイン4日目
※ログインが途切れるか、7日到達すると
1日目から再開されます*
`聖晶石 X 1
12月交換券(2022) X 1
`*TVアニメ「Fate/EXTRA Last Encore」Blu-ray Disc Box Standard Edition & Original Soundtrackリリース記念 特別ログインボーナス*
*開催期間中、初回ログインで「限定概念礼装×2」をプレゼント！*
/webview/loginbonus/20221214_rbod5m/rbod5m_s_01.png
`輝かしき薔薇の花束 X 1
月の断片 X 1
`*「Lostbelt No.7」開幕前メインクエストクリア応援特別ログインボーナス*
*開催期間中、1日1回 最大7回 ログインボーナスをプレゼント！*
/webview/loginbonus/20221215_3jidwo/3jidwo_k_01.png
`聖晶石 X 1
``從者/禮裝數: 700 / 797`
_2022-12-14 19:31:11_
--------
`友情點數召喚累計2320次

`[3f5599a008981ecf87f2dea9d1d83d6a]
`登入天數: 39天 / 1921天
等級: 18
石頭: 1854
呼符: 0
友情點: +0 / 1834150`
*連続ログイン4日目
※ログインが途切れるか、7日到達すると
1日目から再開されます*
`聖晶石 X 1
12月交換券(2022) X 1
`*TVアニメ「Fate/EXTRA Last Encore」Blu-ray Disc Box Standard Edition & Original Soundtrackリリース記念 特別ログインボーナス*
*開催期間中、初回ログインで「限定概念礼装×2」をプレゼント！*
/webview/loginbonus/20221214_rbod5m/rbod5m_s_01.png
`輝かしき薔薇の花束 X 1
月の断片 X 1
`*「Lostbelt No.7」開幕前メインクエストクリア応援特別ログインボーナス*
*開催期間中、1日1回 最大7回 ログインボーナスをプレゼント！*
/webview/loginbonus/20221215_3jidwo/3jidwo_k_01.png
`聖晶石 X 1
``從者/禮裝數: 730 / 802`
_2022-12-14 19:31:22_
--------
[0d14e47d83c8b8400ed7555e0192724d]
`登入天數: 39天 / 1843天
等級: 21
石頭: 1544
呼符: 35
友情點: +10 / 1728835`
*連続ログイン4日目
※ログインが途切れるか、7日到達すると
1日目から再開されます*
`聖晶石 X 1
12月交換券(2022) X 1
`*TVアニメ「Fate/EXTRA Last Encore」Blu-ray Disc Box Standard Edition & Original Soundtrackリリース記念 特別ログインボーナス*
*開催期間中、初回ログインで「限定概念礼装×2」をプレゼント！*
/webview/loginbonus/20221214_rbod5m/rbod5m_s_01.png
`輝かしき薔薇の花束 X 1
月の断片 X 1
`*「Lostbelt No.7」開幕前メインクエストクリア応援特別ログインボーナス*
*開催期間中、1日1回 最大7回 ログインボーナスをプレゼント！*
/webview/loginbonus/20221215_3jidwo/3jidwo_k_01.png
`聖晶石 X 1
``從者/禮裝數: 754 / 803`
_2022-12-14 19:31:31_
--------
[d4c10e20929a4c973210db1453668b11]
`登入天數: 39天 / 1849天
等級: 20
石頭: 1747
呼符: 0
友情點: +0 / 1692020`
*連続ログイン4日目
※ログインが途切れるか、7日到達すると
1日目から再開されます*
`聖晶石 X 1
12月交換券(2022) X 1
`*TVアニメ「Fate/EXTRA Last Encore」Blu-ray Disc Box Standard Edition & Original Soundtrackリリース記念 特別ログインボーナス*
*開催期間中、初回ログインで「限定概念礼装×2」をプレゼント！*
/webview/loginbonus/20221214_rbod5m/rbod5m_s_01.png
`輝かしき薔薇の花束 X 1
月の断片 X 1
`*「Lostbelt No.7」開幕前メインクエストクリア応援特別ログインボーナス*
*開催期間中、1日1回 最大7回 ログインボーナスをプレゼント！*
/webview/loginbonus/20221215_3jidwo/3jidwo_k_01.png
`聖晶石 X 1
``從者/禮裝數: 751 / 802`
_2022-12-14 19:31:40_
--------
[f0cc4e7ae2d4b30013f328b2cf7d6063]
`登入天數: 39天 / 1858天
等級: 20
石頭: 918
呼符: 61
友情點: +0 / 1695585`
*連続ログイン4日目
※ログインが途切れるか、7日到達すると
1日目から再開されます*
`聖晶石 X 1
12月交換券(2022) X 1
`*TVアニメ「Fate/EXTRA Last Encore」Blu-ray Disc Box Standard Edition & Original Soundtrackリリース記念 特別ログインボーナス*
*開催期間中、初回ログインで「限定概念礼装×2」をプレゼント！*
/webview/loginbonus/20221214_rbod5m/rbod5m_s_01.png
`輝かしき薔薇の花束 X 1
月の断片 X 1
`*「Lostbelt No.7」開幕前メインクエストクリア応援特別ログインボーナス*
*開催期間中、1日1回 最大7回 ログインボーナスをプレゼント！*
/webview/loginbonus/20221215_3jidwo/3jidwo_k_01.png
`聖晶石 X 1
``從者/禮裝數: 750 / 802`
_2022-12-14 19:31:49_
--------
[48a14ba1dd858b92594b71e0ed7d5311]
`登入天數: 39天 / 1850天
等級: 20
石頭: 2015
呼符: 108
友情點: +0 / 1604985`
*連続ログイン4日目
※ログインが途切れるか、7日到達すると
1日目から再開されます*
`聖晶石 X 1
12月交換券(2022) X 1
`*TVアニメ「Fate/EXTRA Last Encore」Blu-ray Disc Box Standard Edition & Original Soundtrackリリース記念 特別ログインボーナス*
*開催期間中、初回ログインで「限定概念礼装×2」をプレゼント！*
/webview/loginbonus/20221214_rbod5m/rbod5m_s_01.png
`輝かしき薔薇の花束 X 1
月の断片 X 1
`*「Lostbelt No.7」開幕前メインクエストクリア応援特別ログインボーナス*
*開催期間中、1日1回 最大7回 ログインボーナスをプレゼント！*
/webview/loginbonus/20221215_3jidwo/3jidwo_k_01.png
`聖晶石 X 1
``從者/禮裝數: 761 / 802`
_2022-12-14 19:31:58_
--------
