【登入訊息】
[c5ab1b78563b1f9e4ee17ab01234bc5e]
`登入天數: 43天 / 1721天
等級: 92
石頭: 2730
呼符: 106
友情點: +0 / 1737505`
*連続ログイン1日目
※ログインが途切れるか、7日到達すると
1日目から再開されます*
`フレンドポイント X 2000
12月交換券(2022) X 1
`*リリース2700日突破キャンペーン 初回ログインボーナス*
*開催期間中、初回ログインで「聖晶石×10」をプレゼント！*
/webview/loginbonus/20221219_3gxa2y/3gxa2y_s_01.png
`聖晶石 X 10
`*「Lostbelt No.7」開幕前メインクエストクリア応援特別ログインボーナス*
*開催期間中、1日1回 最大7回 ログインボーナスをプレゼント！*
/webview/loginbonus/20221215_3jidwo/3jidwo_k_05.png
`聖晶石 X 2
``從者/禮裝數: 748 / 801`
_2022-12-18 19:30:36_
--------
[d4825e10f75d83bc0cfb33b6768a8634]
`登入天數: 43天 / 1910天
等級: 19
石頭: 2573
呼符: 25
友情點: +85 / 1887250`
*連続ログイン1日目
※ログインが途切れるか、7日到達すると
1日目から再開されます*
`フレンドポイント X 2000
12月交換券(2022) X 1
`*リリース2700日突破キャンペーン 初回ログインボーナス*
*開催期間中、初回ログインで「聖晶石×10」をプレゼント！*
/webview/loginbonus/20221219_3gxa2y/3gxa2y_s_01.png
`聖晶石 X 10
`*「Lostbelt No.7」開幕前メインクエストクリア応援特別ログインボーナス*
*開催期間中、1日1回 最大7回 ログインボーナスをプレゼント！*
/webview/loginbonus/20221215_3jidwo/3jidwo_k_05.png
`聖晶石 X 2
``從者/禮裝數: 653 / 801`
_2022-12-18 19:30:45_
--------
[ff29db15be18f883ffccdf7ab23021a7]
`登入天數: 43天 / 1906天
等級: 18
石頭: 1888
呼符: 0
友情點: +50 / 1759520`
*連続ログイン1日目
※ログインが途切れるか、7日到達すると
1日目から再開されます*
`フレンドポイント X 2000
12月交換券(2022) X 1
`*リリース2700日突破キャンペーン 初回ログインボーナス*
*開催期間中、初回ログインで「聖晶石×10」をプレゼント！*
/webview/loginbonus/20221219_3gxa2y/3gxa2y_s_01.png
`聖晶石 X 10
`*「Lostbelt No.7」開幕前メインクエストクリア応援特別ログインボーナス*
*開催期間中、1日1回 最大7回 ログインボーナスをプレゼント！*
/webview/loginbonus/20221215_3jidwo/3jidwo_k_05.png
`聖晶石 X 2
``從者/禮裝數: 670 / 800`
_2022-12-18 19:30:54_
--------
[cc4787a257e3a46e268001195f780247]
`登入天數: 43天 / 1920天
等級: 18
石頭: 2654
呼符: 110
友情點: +30 / 1868645`
*連続ログイン1日目
※ログインが途切れるか、7日到達すると
1日目から再開されます*
`フレンドポイント X 2000
12月交換券(2022) X 1
`*リリース2700日突破キャンペーン 初回ログインボーナス*
*開催期間中、初回ログインで「聖晶石×10」をプレゼント！*
/webview/loginbonus/20221219_3gxa2y/3gxa2y_s_01.png
`聖晶石 X 10
`*「Lostbelt No.7」開幕前メインクエストクリア応援特別ログインボーナス*
*開催期間中、1日1回 最大7回 ログインボーナスをプレゼント！*
/webview/loginbonus/20221215_3jidwo/3jidwo_k_05.png
`聖晶石 X 2
``從者/禮裝數: 703 / 801`
_2022-12-18 19:31:03_
--------
[3f5599a008981ecf87f2dea9d1d83d6a]
`登入天數: 43天 / 1925天
等級: 18
石頭: 1854
呼符: 0
友情點: +0 / 1834150`
*連続ログイン1日目
※ログインが途切れるか、7日到達すると
1日目から再開されます*
`フレンドポイント X 2000
12月交換券(2022) X 1
`*リリース2700日突破キャンペーン 初回ログインボーナス*
*開催期間中、初回ログインで「聖晶石×10」をプレゼント！*
/webview/loginbonus/20221219_3gxa2y/3gxa2y_s_01.png
`聖晶石 X 10
`*「Lostbelt No.7」開幕前メインクエストクリア応援特別ログインボーナス*
*開催期間中、1日1回 最大7回 ログインボーナスをプレゼント！*
/webview/loginbonus/20221215_3jidwo/3jidwo_k_05.png
`聖晶石 X 2
``從者/禮裝數: 730 / 802`
_2022-12-18 19:31:12_
--------
[0d14e47d83c8b8400ed7555e0192724d]
`登入天數: 43天 / 1847天
等級: 21
石頭: 1544
呼符: 35
友情點: +115 / 1729010`
*連続ログイン1日目
※ログインが途切れるか、7日到達すると
1日目から再開されます*
`フレンドポイント X 2000
12月交換券(2022) X 1
`*リリース2700日突破キャンペーン 初回ログインボーナス*
*開催期間中、初回ログインで「聖晶石×10」をプレゼント！*
/webview/loginbonus/20221219_3gxa2y/3gxa2y_s_01.png
`聖晶石 X 10
`*「Lostbelt No.7」開幕前メインクエストクリア応援特別ログインボーナス*
*開催期間中、1日1回 最大7回 ログインボーナスをプレゼント！*
/webview/loginbonus/20221215_3jidwo/3jidwo_k_05.png
`聖晶石 X 2
``從者/禮裝數: 754 / 803`
_2022-12-18 19:31:21_
--------
[d4c10e20929a4c973210db1453668b11]
`登入天數: 43天 / 1853天
等級: 20
石頭: 1747
呼符: 0
友情點: +0 / 1692020`
*連続ログイン1日目
※ログインが途切れるか、7日到達すると
1日目から再開されます*
`フレンドポイント X 2000
12月交換券(2022) X 1
`*リリース2700日突破キャンペーン 初回ログインボーナス*
*開催期間中、初回ログインで「聖晶石×10」をプレゼント！*
/webview/loginbonus/20221219_3gxa2y/3gxa2y_s_01.png
`聖晶石 X 10
`*「Lostbelt No.7」開幕前メインクエストクリア応援特別ログインボーナス*
*開催期間中、1日1回 最大7回 ログインボーナスをプレゼント！*
/webview/loginbonus/20221215_3jidwo/3jidwo_k_05.png
`聖晶石 X 2
``從者/禮裝數: 751 / 802`
_2022-12-18 19:31:30_
--------
[f0cc4e7ae2d4b30013f328b2cf7d6063]
`登入天數: 43天 / 1862天
等級: 20
石頭: 918
呼符: 61
友情點: +0 / 1695585`
*連続ログイン1日目
※ログインが途切れるか、7日到達すると
1日目から再開されます*
`フレンドポイント X 2000
12月交換券(2022) X 1
`*リリース2700日突破キャンペーン 初回ログインボーナス*
*開催期間中、初回ログインで「聖晶石×10」をプレゼント！*
/webview/loginbonus/20221219_3gxa2y/3gxa2y_s_01.png
`聖晶石 X 10
`*「Lostbelt No.7」開幕前メインクエストクリア応援特別ログインボーナス*
*開催期間中、1日1回 最大7回 ログインボーナスをプレゼント！*
/webview/loginbonus/20221215_3jidwo/3jidwo_k_05.png
`聖晶石 X 2
``從者/禮裝數: 750 / 802`
_2022-12-18 19:31:40_
--------
[48a14ba1dd858b92594b71e0ed7d5311]
`登入天數: 43天 / 1854天
等級: 20
石頭: 2015
呼符: 108
友情點: +0 / 1604985`
*連続ログイン1日目
※ログインが途切れるか、7日到達すると
1日目から再開されます*
`フレンドポイント X 2000
12月交換券(2022) X 1
`*リリース2700日突破キャンペーン 初回ログインボーナス*
*開催期間中、初回ログインで「聖晶石×10」をプレゼント！*
/webview/loginbonus/20221219_3gxa2y/3gxa2y_s_01.png
`聖晶石 X 10
`*「Lostbelt No.7」開幕前メインクエストクリア応援特別ログインボーナス*
*開催期間中、1日1回 最大7回 ログインボーナスをプレゼント！*
/webview/loginbonus/20221215_3jidwo/3jidwo_k_05.png
`聖晶石 X 2
``從者/禮裝數: 761 / 802`
_2022-12-18 19:31:49_
--------
