【登入訊息】
[c5ab1b78563b1f9e4ee17ab01234bc5e]
`登入天數: 45天 / 1723天
等級: 92
石頭: 2730
呼符: 106
友情點: +0 / 1737505`
*連続ログイン3日目
※ログインが途切れるか、7日到達すると
1日目から再開されます*
`叡智の業火 X 1
12月交換券(2022) X 1
`*「Lostbelt No.7」開幕直前
カウントダウンログインボーナス*
*開催期間中、1日1回 6日間日替りでログインボーナスをプレゼント！*
/webview/loginbonus/20221221_dk3mds/dk3mds_s_01.png
`英霊結晶・星のフォウくん X 7
英霊結晶・太陽のフォウくん X 7
`*「Lostbelt No.7」開幕前メインクエストクリア応援特別ログインボーナス*
*開催期間中、1日1回 最大7回 ログインボーナスをプレゼント！*
/webview/loginbonus/20221215_3jidwo/3jidwo_k_07.png
`聖晶石 X 3
``從者/禮裝數: 748 / 801`
_2022-12-20 19:30:47_
--------
[d4825e10f75d83bc0cfb33b6768a8634]
`登入天數: 45天 / 1912天
等級: 19
石頭: 2573
呼符: 25
友情點: +0 / 1887270`
*連続ログイン3日目
※ログインが途切れるか、7日到達すると
1日目から再開されます*
`叡智の業火 X 1
12月交換券(2022) X 1
`*「Lostbelt No.7」開幕直前
カウントダウンログインボーナス*
*開催期間中、1日1回 6日間日替りでログインボーナスをプレゼント！*
/webview/loginbonus/20221221_dk3mds/dk3mds_s_01.png
`英霊結晶・星のフォウくん X 7
英霊結晶・太陽のフォウくん X 7
`*「Lostbelt No.7」開幕前メインクエストクリア応援特別ログインボーナス*
*開催期間中、1日1回 最大7回 ログインボーナスをプレゼント！*
/webview/loginbonus/20221215_3jidwo/3jidwo_k_07.png
`聖晶石 X 3
``從者/禮裝數: 653 / 801`
_2022-12-20 19:30:56_
--------
[ff29db15be18f883ffccdf7ab23021a7]
`登入天數: 45天 / 1908天
等級: 18
石頭: 1888
呼符: 0
友情點: +170 / 1759700`
*連続ログイン3日目
※ログインが途切れるか、7日到達すると
1日目から再開されます*
`叡智の業火 X 1
12月交換券(2022) X 1
`*「Lostbelt No.7」開幕直前
カウントダウンログインボーナス*
*開催期間中、1日1回 6日間日替りでログインボーナスをプレゼント！*
/webview/loginbonus/20221221_dk3mds/dk3mds_s_01.png
`英霊結晶・星のフォウくん X 7
英霊結晶・太陽のフォウくん X 7
`*「Lostbelt No.7」開幕前メインクエストクリア応援特別ログインボーナス*
*開催期間中、1日1回 最大7回 ログインボーナスをプレゼント！*
/webview/loginbonus/20221215_3jidwo/3jidwo_k_07.png
`聖晶石 X 3
``從者/禮裝數: 670 / 800`
_2022-12-20 19:31:05_
--------
[cc4787a257e3a46e268001195f780247]
`登入天數: 45天 / 1922天
等級: 18
石頭: 2654
呼符: 110
友情點: +0 / 1868655`
*連続ログイン3日目
※ログインが途切れるか、7日到達すると
1日目から再開されます*
`叡智の業火 X 1
12月交換券(2022) X 1
`*「Lostbelt No.7」開幕直前
カウントダウンログインボーナス*
*開催期間中、1日1回 6日間日替りでログインボーナスをプレゼント！*
/webview/loginbonus/20221221_dk3mds/dk3mds_s_01.png
`英霊結晶・星のフォウくん X 7
英霊結晶・太陽のフォウくん X 7
`*「Lostbelt No.7」開幕前メインクエストクリア応援特別ログインボーナス*
*開催期間中、1日1回 最大7回 ログインボーナスをプレゼント！*
/webview/loginbonus/20221215_3jidwo/3jidwo_k_07.png
`聖晶石 X 3
``從者/禮裝數: 703 / 801`
_2022-12-20 19:31:15_
--------
[3f5599a008981ecf87f2dea9d1d83d6a]
`登入天數: 45天 / 1927天
等級: 18
石頭: 1854
呼符: 0
友情點: +0 / 1834150`
*連続ログイン3日目
※ログインが途切れるか、7日到達すると
1日目から再開されます*
`叡智の業火 X 1
12月交換券(2022) X 1
`*「Lostbelt No.7」開幕直前
カウントダウンログインボーナス*
*開催期間中、1日1回 6日間日替りでログインボーナスをプレゼント！*
/webview/loginbonus/20221221_dk3mds/dk3mds_s_01.png
`英霊結晶・星のフォウくん X 7
英霊結晶・太陽のフォウくん X 7
`*「Lostbelt No.7」開幕前メインクエストクリア応援特別ログインボーナス*
*開催期間中、1日1回 最大7回 ログインボーナスをプレゼント！*
/webview/loginbonus/20221215_3jidwo/3jidwo_k_07.png
`聖晶石 X 3
``從者/禮裝數: 730 / 802`
_2022-12-20 19:31:24_
--------
[0d14e47d83c8b8400ed7555e0192724d]
`登入天數: 45天 / 1849天
等級: 21
石頭: 1544
呼符: 35
友情點: +0 / 1729010`
*連続ログイン3日目
※ログインが途切れるか、7日到達すると
1日目から再開されます*
`叡智の業火 X 1
12月交換券(2022) X 1
`*「Lostbelt No.7」開幕直前
カウントダウンログインボーナス*
*開催期間中、1日1回 6日間日替りでログインボーナスをプレゼント！*
/webview/loginbonus/20221221_dk3mds/dk3mds_s_01.png
`英霊結晶・星のフォウくん X 7
英霊結晶・太陽のフォウくん X 7
`*「Lostbelt No.7」開幕前メインクエストクリア応援特別ログインボーナス*
*開催期間中、1日1回 最大7回 ログインボーナスをプレゼント！*
/webview/loginbonus/20221215_3jidwo/3jidwo_k_07.png
`聖晶石 X 3
``從者/禮裝數: 754 / 803`
_2022-12-20 19:31:33_
--------
[d4c10e20929a4c973210db1453668b11]
`登入天數: 45天 / 1855天
等級: 20
石頭: 1747
呼符: 0
友情點: +0 / 1692020`
*連続ログイン3日目
※ログインが途切れるか、7日到達すると
1日目から再開されます*
`叡智の業火 X 1
12月交換券(2022) X 1
`*「Lostbelt No.7」開幕直前
カウントダウンログインボーナス*
*開催期間中、1日1回 6日間日替りでログインボーナスをプレゼント！*
/webview/loginbonus/20221221_dk3mds/dk3mds_s_01.png
`英霊結晶・星のフォウくん X 7
英霊結晶・太陽のフォウくん X 7
`*「Lostbelt No.7」開幕前メインクエストクリア応援特別ログインボーナス*
*開催期間中、1日1回 最大7回 ログインボーナスをプレゼント！*
/webview/loginbonus/20221215_3jidwo/3jidwo_k_07.png
`聖晶石 X 3
``從者/禮裝數: 751 / 802`
_2022-12-20 19:31:42_
--------
[f0cc4e7ae2d4b30013f328b2cf7d6063]
`登入天數: 45天 / 1864天
等級: 20
石頭: 918
呼符: 61
友情點: +0 / 1695585`
*連続ログイン3日目
※ログインが途切れるか、7日到達すると
1日目から再開されます*
`叡智の業火 X 1
12月交換券(2022) X 1
`*「Lostbelt No.7」開幕直前
カウントダウンログインボーナス*
*開催期間中、1日1回 6日間日替りでログインボーナスをプレゼント！*
/webview/loginbonus/20221221_dk3mds/dk3mds_s_01.png
`英霊結晶・星のフォウくん X 7
英霊結晶・太陽のフォウくん X 7
`*「Lostbelt No.7」開幕前メインクエストクリア応援特別ログインボーナス*
*開催期間中、1日1回 最大7回 ログインボーナスをプレゼント！*
/webview/loginbonus/20221215_3jidwo/3jidwo_k_07.png
`聖晶石 X 3
``從者/禮裝數: 750 / 802`
_2022-12-20 19:31:52_
--------
[48a14ba1dd858b92594b71e0ed7d5311]
`登入天數: 45天 / 1856天
等級: 20
石頭: 2015
呼符: 108
友情點: +0 / 1604985`
*連続ログイン3日目
※ログインが途切れるか、7日到達すると
1日目から再開されます*
`叡智の業火 X 1
12月交換券(2022) X 1
`*「Lostbelt No.7」開幕直前
カウントダウンログインボーナス*
*開催期間中、1日1回 6日間日替りでログインボーナスをプレゼント！*
/webview/loginbonus/20221221_dk3mds/dk3mds_s_01.png
`英霊結晶・星のフォウくん X 7
英霊結晶・太陽のフォウくん X 7
`*「Lostbelt No.7」開幕前メインクエストクリア応援特別ログインボーナス*
*開催期間中、1日1回 最大7回 ログインボーナスをプレゼント！*
/webview/loginbonus/20221215_3jidwo/3jidwo_k_07.png
`聖晶石 X 3
``從者/禮裝數: 761 / 802`
_2022-12-20 19:32:00_
--------
