【登入訊息】
[c5ab1b78563b1f9e4ee17ab01234bc5e]
`登入天數: 49天 / 1727天
等級: 92
石頭: 2730
呼符: 106
友情點: +0 / 1737505`
*連続ログイン7日間到達おめでとうございます！
明日は1日目からリスタートされます。*
`獣の足跡 X 1
呼符 X 1
12月交換券(2022) X 1
`*新所長からのクリスマスプレゼント*
*開催期間中、初回ログインで「聖晶石×10」をプレゼント！*
/webview/loginbonus/20221225_362tdz/362tdz_s_1.png
`聖晶石 X 10
`*「Lostbelt No.7」開幕直前
カウントダウンログインボーナス*
*開催期間中、1日1回 6日間日替りでログインボーナスをプレゼント！*
/webview/loginbonus/20221225_1j4ofs/1j4ofs_s_01.png
`聖晶石 X 12
`*「FGO ウィンターパーティー 2022-2023」北海道会場開催記念 初回ログインボーナス*
*開催期間中、初回ログインで「聖晶石×10」をプレゼント！*
/webview/loginbonus/20221225_t4gzh4/t4gzh4_s_01.png
`聖晶石 X 10
`*「FGO ウィンターパーティー 2022-2023」北海道会場開催記念 3万リツイート達成プレゼント*
*開催期間中、初回ログインで「聖晶石×6」をプレゼント！*
/webview/loginbonus/20221225_2a6uyt/2a6uyt_s_01.png
`聖晶石 X 6
``從者/禮裝數: 748 / 801`
_2022-12-24 19:30:36_
--------
[d4825e10f75d83bc0cfb33b6768a8634]
`登入天數: 49天 / 1916天
等級: 19
石頭: 2573
呼符: 25
友情點: +40 / 1887370`
*連続ログイン7日間到達おめでとうございます！
明日は1日目からリスタートされます。*
`獣の足跡 X 1
呼符 X 1
12月交換券(2022) X 1
`*新所長からのクリスマスプレゼント*
*開催期間中、初回ログインで「聖晶石×10」をプレゼント！*
/webview/loginbonus/20221225_362tdz/362tdz_s_1.png
`聖晶石 X 10
`*「Lostbelt No.7」開幕直前
カウントダウンログインボーナス*
*開催期間中、1日1回 6日間日替りでログインボーナスをプレゼント！*
/webview/loginbonus/20221225_1j4ofs/1j4ofs_s_01.png
`聖晶石 X 12
`*「FGO ウィンターパーティー 2022-2023」北海道会場開催記念 初回ログインボーナス*
*開催期間中、初回ログインで「聖晶石×10」をプレゼント！*
/webview/loginbonus/20221225_t4gzh4/t4gzh4_s_01.png
`聖晶石 X 10
`*「FGO ウィンターパーティー 2022-2023」北海道会場開催記念 3万リツイート達成プレゼント*
*開催期間中、初回ログインで「聖晶石×6」をプレゼント！*
/webview/loginbonus/20221225_2a6uyt/2a6uyt_s_01.png
`聖晶石 X 6
``從者/禮裝數: 653 / 801`
_2022-12-24 19:30:45_
--------
[ff29db15be18f883ffccdf7ab23021a7]
`登入天數: 49天 / 1912天
等級: 18
石頭: 1888
呼符: 0
友情點: +60 / 1759790`
*連続ログイン7日間到達おめでとうございます！
明日は1日目からリスタートされます。*
`獣の足跡 X 1
呼符 X 1
12月交換券(2022) X 1
`*新所長からのクリスマスプレゼント*
*開催期間中、初回ログインで「聖晶石×10」をプレゼント！*
/webview/loginbonus/20221225_362tdz/362tdz_s_1.png
`聖晶石 X 10
`*「Lostbelt No.7」開幕直前
カウントダウンログインボーナス*
*開催期間中、1日1回 6日間日替りでログインボーナスをプレゼント！*
/webview/loginbonus/20221225_1j4ofs/1j4ofs_s_01.png
`聖晶石 X 12
`*「FGO ウィンターパーティー 2022-2023」北海道会場開催記念 初回ログインボーナス*
*開催期間中、初回ログインで「聖晶石×10」をプレゼント！*
/webview/loginbonus/20221225_t4gzh4/t4gzh4_s_01.png
`聖晶石 X 10
`*「FGO ウィンターパーティー 2022-2023」北海道会場開催記念 3万リツイート達成プレゼント*
*開催期間中、初回ログインで「聖晶石×6」をプレゼント！*
/webview/loginbonus/20221225_2a6uyt/2a6uyt_s_01.png
`聖晶石 X 6
``從者/禮裝數: 670 / 800`
_2022-12-24 19:30:54_
--------
[cc4787a257e3a46e268001195f780247]
`登入天數: 49天 / 1926天
等級: 18
石頭: 2654
呼符: 110
友情點: +50 / 1868715`
*連続ログイン7日間到達おめでとうございます！
明日は1日目からリスタートされます。*
`獣の足跡 X 1
呼符 X 1
12月交換券(2022) X 1
`*新所長からのクリスマスプレゼント*
*開催期間中、初回ログインで「聖晶石×10」をプレゼント！*
/webview/loginbonus/20221225_362tdz/362tdz_s_1.png
`聖晶石 X 10
`*「Lostbelt No.7」開幕直前
カウントダウンログインボーナス*
*開催期間中、1日1回 6日間日替りでログインボーナスをプレゼント！*
/webview/loginbonus/20221225_1j4ofs/1j4ofs_s_01.png
`聖晶石 X 12
`*「FGO ウィンターパーティー 2022-2023」北海道会場開催記念 初回ログインボーナス*
*開催期間中、初回ログインで「聖晶石×10」をプレゼント！*
/webview/loginbonus/20221225_t4gzh4/t4gzh4_s_01.png
`聖晶石 X 10
`*「FGO ウィンターパーティー 2022-2023」北海道会場開催記念 3万リツイート達成プレゼント*
*開催期間中、初回ログインで「聖晶石×6」をプレゼント！*
/webview/loginbonus/20221225_2a6uyt/2a6uyt_s_01.png
`聖晶石 X 6
``從者/禮裝數: 703 / 801`
_2022-12-24 19:31:03_
--------
[3f5599a008981ecf87f2dea9d1d83d6a]
`登入天數: 49天 / 1931天
等級: 18
石頭: 1854
呼符: 0
友情點: +0 / 1834150`
*連続ログイン7日間到達おめでとうございます！
明日は1日目からリスタートされます。*
`獣の足跡 X 1
呼符 X 1
12月交換券(2022) X 1
`*新所長からのクリスマスプレゼント*
*開催期間中、初回ログインで「聖晶石×10」をプレゼント！*
/webview/loginbonus/20221225_362tdz/362tdz_s_1.png
`聖晶石 X 10
`*「Lostbelt No.7」開幕直前
カウントダウンログインボーナス*
*開催期間中、1日1回 6日間日替りでログインボーナスをプレゼント！*
/webview/loginbonus/20221225_1j4ofs/1j4ofs_s_01.png
`聖晶石 X 12
`*「FGO ウィンターパーティー 2022-2023」北海道会場開催記念 初回ログインボーナス*
*開催期間中、初回ログインで「聖晶石×10」をプレゼント！*
/webview/loginbonus/20221225_t4gzh4/t4gzh4_s_01.png
`聖晶石 X 10
`*「FGO ウィンターパーティー 2022-2023」北海道会場開催記念 3万リツイート達成プレゼント*
*開催期間中、初回ログインで「聖晶石×6」をプレゼント！*
/webview/loginbonus/20221225_2a6uyt/2a6uyt_s_01.png
`聖晶石 X 6
``從者/禮裝數: 730 / 802`
_2022-12-24 19:31:12_
--------
[0d14e47d83c8b8400ed7555e0192724d]
`登入天數: 49天 / 1853天
等級: 21
石頭: 1544
呼符: 35
友情點: +40 / 1729080`
*連続ログイン7日間到達おめでとうございます！
明日は1日目からリスタートされます。*
`獣の足跡 X 1
呼符 X 1
12月交換券(2022) X 1
`*新所長からのクリスマスプレゼント*
*開催期間中、初回ログインで「聖晶石×10」をプレゼント！*
/webview/loginbonus/20221225_362tdz/362tdz_s_1.png
`聖晶石 X 10
`*「Lostbelt No.7」開幕直前
カウントダウンログインボーナス*
*開催期間中、1日1回 6日間日替りでログインボーナスをプレゼント！*
/webview/loginbonus/20221225_1j4ofs/1j4ofs_s_01.png
`聖晶石 X 12
`*「FGO ウィンターパーティー 2022-2023」北海道会場開催記念 初回ログインボーナス*
*開催期間中、初回ログインで「聖晶石×10」をプレゼント！*
/webview/loginbonus/20221225_t4gzh4/t4gzh4_s_01.png
`聖晶石 X 10
`*「FGO ウィンターパーティー 2022-2023」北海道会場開催記念 3万リツイート達成プレゼント*
*開催期間中、初回ログインで「聖晶石×6」をプレゼント！*
/webview/loginbonus/20221225_2a6uyt/2a6uyt_s_01.png
`聖晶石 X 6
``從者/禮裝數: 754 / 803`
_2022-12-24 19:31:21_
--------
[d4c10e20929a4c973210db1453668b11]
`登入天數: 49天 / 1859天
等級: 20
石頭: 1747
呼符: 0
友情點: +0 / 1692020`
*連続ログイン7日間到達おめでとうございます！
明日は1日目からリスタートされます。*
`獣の足跡 X 1
呼符 X 1
12月交換券(2022) X 1
`*新所長からのクリスマスプレゼント*
*開催期間中、初回ログインで「聖晶石×10」をプレゼント！*
/webview/loginbonus/20221225_362tdz/362tdz_s_1.png
`聖晶石 X 10
`*「Lostbelt No.7」開幕直前
カウントダウンログインボーナス*
*開催期間中、1日1回 6日間日替りでログインボーナスをプレゼント！*
/webview/loginbonus/20221225_1j4ofs/1j4ofs_s_01.png
`聖晶石 X 12
`*「FGO ウィンターパーティー 2022-2023」北海道会場開催記念 初回ログインボーナス*
*開催期間中、初回ログインで「聖晶石×10」をプレゼント！*
/webview/loginbonus/20221225_t4gzh4/t4gzh4_s_01.png
`聖晶石 X 10
`*「FGO ウィンターパーティー 2022-2023」北海道会場開催記念 3万リツイート達成プレゼント*
*開催期間中、初回ログインで「聖晶石×6」をプレゼント！*
/webview/loginbonus/20221225_2a6uyt/2a6uyt_s_01.png
`聖晶石 X 6
``從者/禮裝數: 751 / 802`
_2022-12-24 19:31:31_
--------
[f0cc4e7ae2d4b30013f328b2cf7d6063]
`登入天數: 49天 / 1868天
等級: 20
石頭: 918
呼符: 61
友情點: +0 / 1695585`
*連続ログイン7日間到達おめでとうございます！
明日は1日目からリスタートされます。*
`獣の足跡 X 1
呼符 X 1
12月交換券(2022) X 1
`*新所長からのクリスマスプレゼント*
*開催期間中、初回ログインで「聖晶石×10」をプレゼント！*
/webview/loginbonus/20221225_362tdz/362tdz_s_1.png
`聖晶石 X 10
`*「Lostbelt No.7」開幕直前
カウントダウンログインボーナス*
*開催期間中、1日1回 6日間日替りでログインボーナスをプレゼント！*
/webview/loginbonus/20221225_1j4ofs/1j4ofs_s_01.png
`聖晶石 X 12
`*「FGO ウィンターパーティー 2022-2023」北海道会場開催記念 初回ログインボーナス*
*開催期間中、初回ログインで「聖晶石×10」をプレゼント！*
/webview/loginbonus/20221225_t4gzh4/t4gzh4_s_01.png
`聖晶石 X 10
`*「FGO ウィンターパーティー 2022-2023」北海道会場開催記念 3万リツイート達成プレゼント*
*開催期間中、初回ログインで「聖晶石×6」をプレゼント！*
/webview/loginbonus/20221225_2a6uyt/2a6uyt_s_01.png
`聖晶石 X 6
``從者/禮裝數: 750 / 802`
_2022-12-24 19:31:41_
--------
[48a14ba1dd858b92594b71e0ed7d5311]
`登入天數: 49天 / 1860天
等級: 20
石頭: 2015
呼符: 108
友情點: +0 / 1604985`
*連続ログイン7日間到達おめでとうございます！
明日は1日目からリスタートされます。*
`獣の足跡 X 1
呼符 X 1
12月交換券(2022) X 1
`*新所長からのクリスマスプレゼント*
*開催期間中、初回ログインで「聖晶石×10」をプレゼント！*
/webview/loginbonus/20221225_362tdz/362tdz_s_1.png
`聖晶石 X 10
`*「Lostbelt No.7」開幕直前
カウントダウンログインボーナス*
*開催期間中、1日1回 6日間日替りでログインボーナスをプレゼント！*
/webview/loginbonus/20221225_1j4ofs/1j4ofs_s_01.png
`聖晶石 X 12
`*「FGO ウィンターパーティー 2022-2023」北海道会場開催記念 初回ログインボーナス*
*開催期間中、初回ログインで「聖晶石×10」をプレゼント！*
/webview/loginbonus/20221225_t4gzh4/t4gzh4_s_01.png
`聖晶石 X 10
`*「FGO ウィンターパーティー 2022-2023」北海道会場開催記念 3万リツイート達成プレゼント*
*開催期間中、初回ログインで「聖晶石×6」をプレゼント！*
/webview/loginbonus/20221225_2a6uyt/2a6uyt_s_01.png
`聖晶石 X 6
``從者/禮裝數: 761 / 802`
_2022-12-24 19:31:50_
--------
