【登入訊息】
[c5ab1b78563b1f9e4ee17ab01234bc5e]
`登入天數: 202天 / 1553天
等級: 92
石頭: 2258
呼符: 206
友情點: +0 / 1591145`
*連続ログイン6日目
※ログインが途切れるか、7日到達すると
1日目から再開されます*
`聖晶石 X 2
7月交換券(2022) X 1
``從者/禮裝數: 570 / 646`
_2022-07-01 19:35:13_
--------
`友情點數召喚累計1951次

`[d4825e10f75d83bc0cfb33b6768a8634]
`登入天數: 92天 / 1742天
等級: 19
石頭: 2180
呼符: 47
友情點: +0 / 1724430`
*連続ログイン1日目
※ログインが途切れるか、7日到達すると
1日目から再開されます*
`フレンドポイント X 2000
7月交換券(2022) X 1
``從者/禮裝數: 496 / 626`
_2022-07-01 19:35:25_
--------
`友情點數召喚累計1400次

`[ff29db15be18f883ffccdf7ab23021a7]
`登入天數: 92天 / 1738天
等級: 18
石頭: 1569
呼符: 72
友情點: +0 / 1602450`
*連続ログイン1日目
※ログインが途切れるか、7日到達すると
1日目から再開されます*
`フレンドポイント X 2000
7月交換券(2022) X 1
``從者/禮裝數: 569 / 601`
_2022-07-01 19:35:37_
--------
`友情點數召喚累計1290次

`[cc4787a257e3a46e268001195f780247]
`登入天數: 92天 / 1752天
等級: 18
石頭: 2184
呼符: 175
友情點: +0 / 1713190`
*連続ログイン1日目
※ログインが途切れるか、7日到達すると
1日目から再開されます*
`フレンドポイント X 2000
7月交換券(2022) X 1
``從者/禮裝數: 607 / 541`
_2022-07-01 19:35:48_
--------
`友情點數召喚累計1170次

`[3f5599a008981ecf87f2dea9d1d83d6a]
`登入天數: 92天 / 1757天
等級: 18
石頭: 1985
呼符: 69
友情點: +0 / 1687775`
*連続ログイン1日目
※ログインが途切れるか、7日到達すると
1日目から再開されます*
`フレンドポイント X 2000
7月交換券(2022) X 1
``從者/禮裝數: 516 / 653`
_2022-07-01 19:35:59_
--------
`友情點數召喚累計1290次

`[0d14e47d83c8b8400ed7555e0192724d]
`登入天數: 92天 / 1679天
等級: 20
石頭: 1060
呼符: 71
友情點: +0 / 1571060`
*連続ログイン1日目
※ログインが途切れるか、7日到達すると
1日目から再開されます*
`フレンドポイント X 2000
7月交換券(2022) X 1
``從者/禮裝數: 562 / 653`
_2022-07-01 19:36:10_
--------
`友情點數召喚累計1250次

`[d4c10e20929a4c973210db1453668b11]
`登入天數: 92天 / 1685天
等級: 19
石頭: 1673
呼符: 67
友情點: +0 / 1549745`
*連続ログイン1日目
※ログインが途切れるか、7日到達すると
1日目から再開されます*
`フレンドポイント X 2000
7月交換券(2022) X 1
``從者/禮裝數: 690 / 732`
_2022-07-01 19:36:22_
--------
[f0cc4e7ae2d4b30013f328b2cf7d6063]
`登入天數: 92天 / 1694天
等級: 20
石頭: 449
呼符: 66
友情點: +0 / 1549320`
*連続ログイン1日目
※ログインが途切れるか、7日到達すると
1日目から再開されます*
`フレンドポイント X 2000
7月交換券(2022) X 1
``從者/禮裝數: 564 / 664`
_2022-07-01 19:36:31_
--------
`友情點數召喚累計1192次

`[48a14ba1dd858b92594b71e0ed7d5311]
`登入天數: 92天 / 1686天
等級: 20
石頭: 1577
呼符: 90
友情點: +0 / 1458640`
*連続ログイン1日目
※ログインが途切れるか、7日到達すると
1日目から再開されます*
`フレンドポイント X 2000
7月交換券(2022) X 1
``從者/禮裝數: 535 / 658`
_2022-07-01 19:36:42_
--------
`友情點數召喚累計1060次

`