【登入訊息】
[c5ab1b78563b1f9e4ee17ab01234bc5e]
`登入天數: 205天 / 1556天
等級: 92
石頭: 2258
呼符: 206
友情點: +0 / 1591145`
*連続ログイン2日目
※ログインが途切れるか、7日到達すると
1日目から再開されます*
`聖晶石 X 1
7月交換券(2022) X 1
``從者/禮裝數: 579 / 662`
_2022-07-04 19:35:15_
--------
`友情點數召喚累計1981次

`[d4825e10f75d83bc0cfb33b6768a8634]
`登入天數: 95天 / 1745天
等級: 19
石頭: 2180
呼符: 47
友情點: +0 / 1724430`
*連続ログイン4日目
※ログインが途切れるか、7日到達すると
1日目から再開されます*
`聖晶石 X 1
7月交換券(2022) X 1
``從者/禮裝數: 503 / 643`
_2022-07-04 19:35:27_
--------
`友情點數召喚累計1430次

`[ff29db15be18f883ffccdf7ab23021a7]
`登入天數: 95天 / 1741天
等級: 18
石頭: 1569
呼符: 72
友情點: +0 / 1602450`
*連続ログイン4日目
※ログインが途切れるか、7日到達すると
1日目から再開されます*
`聖晶石 X 1
7月交換券(2022) X 1
``從者/禮裝數: 575 / 617`
_2022-07-04 19:35:38_
--------
`友情點數召喚累計1320次

`[cc4787a257e3a46e268001195f780247]
`登入天數: 95天 / 1755天
等級: 18
石頭: 2184
呼符: 175
友情點: +0 / 1713190`
*連続ログイン4日目
※ログインが途切れるか、7日到達すると
1日目から再開されます*
`聖晶石 X 1
7月交換券(2022) X 1
``從者/禮裝數: 617 / 555`
_2022-07-04 19:35:50_
--------
`友情點數召喚累計1200次

`[3f5599a008981ecf87f2dea9d1d83d6a]
`登入天數: 95天 / 1760天
等級: 18
石頭: 1985
呼符: 69
友情點: +0 / 1687775`
*連続ログイン4日目
※ログインが途切れるか、7日到達すると
1日目から再開されます*
`聖晶石 X 1
7月交換券(2022) X 1
``從者/禮裝數: 523 / 669`
_2022-07-04 19:36:01_
--------
`友情點數召喚累計1320次

`[0d14e47d83c8b8400ed7555e0192724d]
`登入天數: 95天 / 1682天
等級: 20
石頭: 1060
呼符: 71
友情點: +0 / 1571060`
*連続ログイン4日目
※ログインが途切れるか、7日到達すると
1日目から再開されます*
`聖晶石 X 1
7月交換券(2022) X 1
``從者/禮裝數: 569 / 669`
_2022-07-04 19:36:12_
--------
`友情點數召喚累計1280次

`[d4c10e20929a4c973210db1453668b11]
`登入天數: 95天 / 1688天
等級: 19
石頭: 1673
呼符: 67
友情點: +0 / 1549745`
*連続ログイン4日目
※ログインが途切れるか、7日到達すると
1日目から再開されます*
`聖晶石 X 1
7月交換券(2022) X 1
``從者/禮裝數: 690 / 732`
_2022-07-04 19:36:24_
--------
[f0cc4e7ae2d4b30013f328b2cf7d6063]
`登入天數: 95天 / 1697天
等級: 20
石頭: 449
呼符: 66
友情點: +0 / 1549320`
*連続ログイン4日目
※ログインが途切れるか、7日到達すると
1日目から再開されます*
`聖晶石 X 1
7月交換券(2022) X 1
``從者/禮裝數: 571 / 675`
_2022-07-04 19:36:33_
--------
`友情點數召喚累計1222次

`[48a14ba1dd858b92594b71e0ed7d5311]
`登入天數: 95天 / 1689天
等級: 20
石頭: 1577
呼符: 90
友情點: +0 / 1458640`
*連続ログイン4日目
※ログインが途切れるか、7日到達すると
1日目から再開されます*
`聖晶石 X 1
7月交換券(2022) X 1
``從者/禮裝數: 547 / 674`
_2022-07-04 19:36:44_
--------
`友情點數召喚累計1090次

`