【登入訊息】
[c5ab1b78563b1f9e4ee17ab01234bc5e]
`登入天數: 207天 / 1558天
等級: 92
石頭: 2258
呼符: 206
友情點: +0 / 1591145`
*連続ログイン4日目
※ログインが途切れるか、7日到達すると
1日目から再開されます*
`聖晶石 X 1
7月交換券(2022) X 1
``從者/禮裝數: 581 / 676`
_2022-07-06 19:42:51_
--------
`友情點數召喚累計2001次

`[d4825e10f75d83bc0cfb33b6768a8634]
`登入天數: 97天 / 1747天
等級: 19
石頭: 2180
呼符: 47
友情點: +0 / 1724430`
*連続ログイン6日目
※ログインが途切れるか、7日到達すると
1日目から再開されます*
`聖晶石 X 2
7月交換券(2022) X 1
``從者/禮裝數: 509 / 652`
_2022-07-06 19:43:02_
--------
`友情點數召喚累計1450次

`[ff29db15be18f883ffccdf7ab23021a7]
`登入天數: 97天 / 1743天
等級: 18
石頭: 1569
呼符: 72
友情點: +0 / 1602450`
*連続ログイン6日目
※ログインが途切れるか、7日到達すると
1日目から再開されます*
`聖晶石 X 2
7月交換券(2022) X 1
``從者/禮裝數: 579 / 629`
_2022-07-06 19:43:14_
--------
`友情點數召喚累計1340次

`[cc4787a257e3a46e268001195f780247]
`登入天數: 97天 / 1757天
等級: 18
石頭: 2184
呼符: 175
友情點: +0 / 1713190`
*連続ログイン6日目
※ログインが途切れるか、7日到達すると
1日目から再開されます*
`聖晶石 X 2
7月交換券(2022) X 1
``從者/禮裝數: 623 / 564`
_2022-07-06 19:43:25_
--------
`友情點數召喚累計1220次

`[3f5599a008981ecf87f2dea9d1d83d6a]
`登入天數: 97天 / 1762天
等級: 18
石頭: 1985
呼符: 69
友情點: +0 / 1687775`
*連続ログイン6日目
※ログインが途切れるか、7日到達すると
1日目から再開されます*
`聖晶石 X 2
7月交換券(2022) X 1
``從者/禮裝數: 526 / 683`
_2022-07-06 19:43:36_
--------
`友情點數召喚累計1340次

`[0d14e47d83c8b8400ed7555e0192724d]
`登入天數: 97天 / 1684天
等級: 20
石頭: 1060
呼符: 71
友情點: +0 / 1571110`
*連続ログイン6日目
※ログインが途切れるか、7日到達すると
1日目から再開されます*
`聖晶石 X 2
7月交換券(2022) X 1
``從者/禮裝數: 576 / 679`
_2022-07-06 19:43:48_
--------
`友情點數召喚累計1300次

`[d4c10e20929a4c973210db1453668b11]
`登入天數: 97天 / 1690天
等級: 19
石頭: 1673
呼符: 67
友情點: +0 / 1549745`
*連続ログイン6日目
※ログインが途切れるか、7日到達すると
1日目から再開されます*
`聖晶石 X 2
7月交換券(2022) X 1
``從者/禮裝數: 690 / 732`
_2022-07-06 19:44:00_
--------
[f0cc4e7ae2d4b30013f328b2cf7d6063]
`登入天數: 97天 / 1699天
等級: 20
石頭: 449
呼符: 66
友情點: +0 / 1549320`
*連続ログイン6日目
※ログインが途切れるか、7日到達すると
1日目から再開されます*
`聖晶石 X 2
7月交換券(2022) X 1
``從者/禮裝數: 577 / 684`
_2022-07-06 19:44:09_
--------
`友情點數召喚累計1242次

`[48a14ba1dd858b92594b71e0ed7d5311]
`登入天數: 97天 / 1691天
等級: 20
石頭: 1577
呼符: 90
友情點: +0 / 1458640`
*連続ログイン6日目
※ログインが途切れるか、7日到達すると
1日目から再開されます*
`聖晶石 X 2
7月交換券(2022) X 1
``從者/禮裝數: 550 / 687`
_2022-07-06 19:44:21_
--------
`友情點數召喚累計1110次

`