【登入訊息】
[c5ab1b78563b1f9e4ee17ab01234bc5e]
`登入天數: 208天 / 1559天
等級: 92
石頭: 2258
呼符: 206
友情點: +0 / 1591145`
*連続ログイン5日目
※ログインが途切れるか、7日到達すると
1日目から再開されます*
`叡智の猛火 X 2
7月交換券(2022) X 1
``從者/禮裝數: 583 / 681`
_2022-07-07 19:35:26_
--------
`友情點數召喚累計2011次

`[d4825e10f75d83bc0cfb33b6768a8634]
`登入天數: 98天 / 1748天
等級: 19
石頭: 2180
呼符: 47
友情點: +0 / 1724430`
*連続ログイン7日間到達おめでとうございます！
明日は1日目からリスタートされます。*
`獣の足跡 X 1
呼符 X 1
7月交換券(2022) X 1
``從者/禮裝數: 509 / 660`
_2022-07-07 19:35:37_
--------
`友情點數召喚累計1460次

`[ff29db15be18f883ffccdf7ab23021a7]
`登入天數: 98天 / 1744天
等級: 18
石頭: 1569
呼符: 72
友情點: +0 / 1602450`
*連続ログイン7日間到達おめでとうございます！
明日は1日目からリスタートされます。*
`獣の足跡 X 1
呼符 X 1
7月交換券(2022) X 1
``從者/禮裝數: 581 / 633`
_2022-07-07 19:35:48_
--------
`友情點數召喚累計1350次

`[cc4787a257e3a46e268001195f780247]
`登入天數: 98天 / 1758天
等級: 18
石頭: 2184
呼符: 175
友情點: +0 / 1713190`
*連続ログイン7日間到達おめでとうございます！
明日は1日目からリスタートされます。*
`獣の足跡 X 1
呼符 X 1
7月交換券(2022) X 1
``從者/禮裝數: 624 / 567`
_2022-07-07 19:35:59_
--------
`友情點數召喚累計1230次

`[3f5599a008981ecf87f2dea9d1d83d6a]
`登入天數: 98天 / 1763天
等級: 18
石頭: 1985
呼符: 69
友情點: +0 / 1687775`
*連続ログイン7日間到達おめでとうございます！
明日は1日目からリスタートされます。*
`獣の足跡 X 1
呼符 X 1
7月交換券(2022) X 1
``從者/禮裝數: 530 / 687`
_2022-07-07 19:36:09_
--------
`友情點數召喚累計1350次

`[0d14e47d83c8b8400ed7555e0192724d]
`登入天數: 98天 / 1685天
等級: 20
石頭: 1060
呼符: 71
友情點: +0 / 1571110`
*連続ログイン7日間到達おめでとうございます！
明日は1日目からリスタートされます。*
`獣の足跡 X 1
呼符 X 1
7月交換券(2022) X 1
``從者/禮裝數: 577 / 685`
_2022-07-07 19:36:20_
--------
`友情點數召喚累計1310次

`[d4c10e20929a4c973210db1453668b11]
`登入天數: 98天 / 1691天
等級: 19
石頭: 1673
呼符: 67
友情點: +0 / 1549745`
*連続ログイン7日間到達おめでとうございます！
明日は1日目からリスタートされます。*
`獣の足跡 X 1
呼符 X 1
7月交換券(2022) X 1
``從者/禮裝數: 690 / 732`
_2022-07-07 19:36:31_
--------
[f0cc4e7ae2d4b30013f328b2cf7d6063]
`登入天數: 98天 / 1700天
等級: 20
石頭: 449
呼符: 66
友情點: +0 / 1549320`
*連続ログイン7日間到達おめでとうございます！
明日は1日目からリスタートされます。*
`獣の足跡 X 1
呼符 X 1
7月交換券(2022) X 1
``從者/禮裝數: 581 / 688`
_2022-07-07 19:36:40_
--------
`友情點數召喚累計1252次

`[48a14ba1dd858b92594b71e0ed7d5311]
`登入天數: 98天 / 1692天
等級: 20
石頭: 1577
呼符: 90
友情點: +0 / 1458640`
*連続ログイン7日間到達おめでとうございます！
明日は1日目からリスタートされます。*
`獣の足跡 X 1
呼符 X 1
7月交換券(2022) X 1
``從者/禮裝數: 553 / 694`
_2022-07-07 19:36:51_
--------
`友情點數召喚累計1120次

`