【登入訊息】
[c5ab1b78563b1f9e4ee17ab01234bc5e]
`登入天數: 209天 / 1560天
等級: 92
石頭: 2258
呼符: 206
友情點: +0 / 1591145`
*連続ログイン6日目
※ログインが途切れるか、7日到達すると
1日目から再開されます*
`聖晶石 X 2
7月交換券(2022) X 1
``從者/禮裝數: 584 / 686`
_2022-07-08 19:35:15_
--------
`友情點數召喚累計2021次

`[d4825e10f75d83bc0cfb33b6768a8634]
`登入天數: 99天 / 1749天
等級: 19
石頭: 2180
呼符: 47
友情點: +0 / 1724430`
*連続ログイン1日目
※ログインが途切れるか、7日到達すると
1日目から再開されます*
`フレンドポイント X 2000
7月交換券(2022) X 1
``從者/禮裝數: 511 / 666`
_2022-07-08 19:35:26_
--------
`友情點數召喚累計1470次

`[ff29db15be18f883ffccdf7ab23021a7]
`登入天數: 99天 / 1745天
等級: 18
石頭: 1569
呼符: 72
友情點: +0 / 1602450`
*連続ログイン1日目
※ログインが途切れるか、7日到達すると
1日目から再開されます*
`フレンドポイント X 2000
7月交換券(2022) X 1
``從者/禮裝數: 583 / 637`
_2022-07-08 19:35:38_
--------
`友情點數召喚累計1360次

`[cc4787a257e3a46e268001195f780247]
`登入天數: 99天 / 1759天
等級: 18
石頭: 2184
呼符: 175
友情點: +0 / 1713190`
*連続ログイン1日目
※ログインが途切れるか、7日到達すると
1日目から再開されます*
`フレンドポイント X 2000
7月交換券(2022) X 1
``從者/禮裝數: 625 / 574`
_2022-07-08 19:35:49_
--------
`友情點數召喚累計1240次

`[3f5599a008981ecf87f2dea9d1d83d6a]
`登入天數: 99天 / 1764天
等級: 18
石頭: 1985
呼符: 69
友情點: +0 / 1687775`
*連続ログイン1日目
※ログインが途切れるか、7日到達すると
1日目から再開されます*
`フレンドポイント X 2000
7月交換券(2022) X 1
``從者/禮裝數: 532 / 691`
_2022-07-08 19:36:00_
--------
`友情點數召喚累計1360次

`[0d14e47d83c8b8400ed7555e0192724d]
`登入天數: 99天 / 1686天
等級: 20
石頭: 1060
呼符: 71
友情點: +0 / 1571110`
*連続ログイン1日目
※ログインが途切れるか、7日到達すると
1日目から再開されます*
`フレンドポイント X 2000
7月交換券(2022) X 1
``從者/禮裝數: 579 / 691`
_2022-07-08 19:36:11_
--------
`友情點數召喚累計1320次

`[d4c10e20929a4c973210db1453668b11]
`登入天數: 99天 / 1692天
等級: 19
石頭: 1673
呼符: 67
友情點: +0 / 1549745`
*連続ログイン1日目
※ログインが途切れるか、7日到達すると
1日目から再開されます*
`フレンドポイント X 2000
7月交換券(2022) X 1
``從者/禮裝數: 690 / 732`
_2022-07-08 19:36:23_
--------
[f0cc4e7ae2d4b30013f328b2cf7d6063]
`登入天數: 99天 / 1701天
等級: 20
石頭: 449
呼符: 66
友情點: +0 / 1549320`
*連続ログイン1日目
※ログインが途切れるか、7日到達すると
1日目から再開されます*
`フレンドポイント X 2000
7月交換券(2022) X 1
``從者/禮裝數: 581 / 694`
_2022-07-08 19:36:32_
--------
`友情點數召喚累計1262次

`[48a14ba1dd858b92594b71e0ed7d5311]
`登入天數: 99天 / 1693天
等級: 20
石頭: 1577
呼符: 90
友情點: +0 / 1458640`
*連続ログイン1日目
※ログインが途切れるか、7日到達すると
1日目から再開されます*
`フレンドポイント X 2000
7月交換券(2022) X 1
``從者/禮裝數: 556 / 699`
_2022-07-08 19:36:44_
--------
`友情點數召喚累計1130次

`