【登入訊息】
[c5ab1b78563b1f9e4ee17ab01234bc5e]
`登入天數: 210天 / 1561天
等級: 92
石頭: 2258
呼符: 206
友情點: +0 / 1591145`
*連続ログイン7日間到達おめでとうございます！
明日は1日目からリスタートされます。*
`獣の足跡 X 1
呼符 X 1
7月交換券(2022) X 1
``從者/禮裝數: 587 / 693`
_2022-07-09 19:35:32_
--------
`友情點數召喚累計2031次

`[d4825e10f75d83bc0cfb33b6768a8634]
`登入天數: 100天 / 1750天
等級: 19
石頭: 2180
呼符: 47
友情點: +0 / 1724430`
*連続ログイン2日目
※ログインが途切れるか、7日到達すると
1日目から再開されます*
`聖晶石 X 1
7月交換券(2022) X 1
``從者/禮裝數: 513 / 673`
_2022-07-09 19:35:43_
--------
`友情點數召喚累計1480次

`[ff29db15be18f883ffccdf7ab23021a7]
`登入天數: 100天 / 1746天
等級: 18
石頭: 1569
呼符: 72
友情點: +0 / 1602450`
*連続ログイン2日目
※ログインが途切れるか、7日到達すると
1日目から再開されます*
`聖晶石 X 1
7月交換券(2022) X 1
``從者/禮裝數: 585 / 643`
_2022-07-09 19:35:54_
--------
`友情點數召喚累計1370次

`[cc4787a257e3a46e268001195f780247]
`登入天數: 100天 / 1760天
等級: 18
石頭: 2184
呼符: 175
友情點: +0 / 1713190`
*連続ログイン2日目
※ログインが途切れるか、7日到達すると
1日目から再開されます*
`聖晶石 X 1
7月交換券(2022) X 1
``從者/禮裝數: 629 / 580`
_2022-07-09 19:36:05_
--------
`友情點數召喚累計1250次

`[3f5599a008981ecf87f2dea9d1d83d6a]
`登入天數: 100天 / 1765天
等級: 18
石頭: 1985
呼符: 69
友情點: +0 / 1687775`
*連続ログイン2日目
※ログインが途切れるか、7日到達すると
1日目から再開されます*
`聖晶石 X 1
7月交換券(2022) X 1
``從者/禮裝數: 532 / 697`
_2022-07-09 19:36:16_
--------
`友情點數召喚累計1370次

`[0d14e47d83c8b8400ed7555e0192724d]
`登入天數: 100天 / 1687天
等級: 20
石頭: 1060
呼符: 71
友情點: +0 / 1571110`
*連続ログイン2日目
※ログインが途切れるか、7日到達すると
1日目から再開されます*
`聖晶石 X 1
7月交換券(2022) X 1
``從者/禮裝數: 579 / 697`
_2022-07-09 19:36:27_
--------
`友情點數召喚累計1330次

`[d4c10e20929a4c973210db1453668b11]
`登入天數: 100天 / 1693天
等級: 19
石頭: 1673
呼符: 67
友情點: +0 / 1549745`
*連続ログイン2日目
※ログインが途切れるか、7日到達すると
1日目から再開されます*
`聖晶石 X 1
7月交換券(2022) X 1
``從者/禮裝數: 690 / 732`
_2022-07-09 19:36:38_
--------
[f0cc4e7ae2d4b30013f328b2cf7d6063]
`登入天數: 100天 / 1702天
等級: 20
石頭: 449
呼符: 66
友情點: +0 / 1549320`
*連続ログイン2日目
※ログインが途切れるか、7日到達すると
1日目から再開されます*
`聖晶石 X 1
7月交換券(2022) X 1
``從者/禮裝數: 583 / 698`
_2022-07-09 19:36:47_
--------
`友情點數召喚累計1272次

`[48a14ba1dd858b92594b71e0ed7d5311]
`登入天數: 100天 / 1694天
等級: 20
石頭: 1577
呼符: 90
友情點: +0 / 1458640`
*連続ログイン2日目
※ログインが途切れるか、7日到達すると
1日目から再開されます*
`聖晶石 X 1
7月交換券(2022) X 1
``從者/禮裝數: 559 / 705`
_2022-07-09 19:36:58_
--------
