【登入訊息】
[c5ab1b78563b1f9e4ee17ab01234bc5e]
`登入天數: 216天 / 1567天
等級: 92
石頭: 2258
呼符: 206
友情點: +0 / 1591145`
*連続ログイン6日目
※ログインが途切れるか、7日到達すると
1日目から再開されます*
`聖晶石 X 2
7月交換券(2022) X 1
``從者/禮裝數: 590 / 700`
_2022-07-15 19:38:45_
--------
[d4825e10f75d83bc0cfb33b6768a8634]
`登入天數: 106天 / 1756天
等級: 19
石頭: 2180
呼符: 47
友情點: +0 / 1724430`
*連続ログイン1日目
※ログインが途切れるか、7日到達すると
1日目から再開されます*
`フレンドポイント X 2000
7月交換券(2022) X 1
``從者/禮裝數: 531 / 699`
_2022-07-15 19:38:54_
--------
`友情點數召喚累計1540次

`[ff29db15be18f883ffccdf7ab23021a7]
`登入天數: 106天 / 1752天
等級: 18
石頭: 1569
呼符: 72
友情點: +20 / 1602510`
*連続ログイン1日目
※ログインが途切れるか、7日到達すると
1日目から再開されます*
`フレンドポイント X 2000
7月交換券(2022) X 1
``從者/禮裝數: 607 / 672`
_2022-07-15 19:39:06_
--------
`友情點數召喚累計1430次

`[cc4787a257e3a46e268001195f780247]
`登入天數: 106天 / 1766天
等級: 18
石頭: 2184
呼符: 175
友情點: +0 / 1713220`
*連続ログイン1日目
※ログインが途切れるか、7日到達すると
1日目から再開されます*
`フレンドポイント X 2000
7月交換券(2022) X 1
``從者/禮裝數: 642 / 615`
_2022-07-15 19:39:17_
--------
`友情點數召喚累計1310次

`[3f5599a008981ecf87f2dea9d1d83d6a]
`登入天數: 106天 / 1771天
等級: 18
石頭: 1985
呼符: 69
友情點: +0 / 1687775`
*連続ログイン1日目
※ログインが途切れるか、7日到達すると
1日目から再開されます*
`フレンドポイント X 2000
7月交換券(2022) X 1
``從者/禮裝數: 542 / 701`
_2022-07-15 19:39:29_
--------
[0d14e47d83c8b8400ed7555e0192724d]
`登入天數: 106天 / 1693天
等級: 20
石頭: 1060
呼符: 71
友情點: +0 / 1571120`
*連続ログイン1日目
※ログインが途切れるか、7日到達すると
1日目から再開されます*
`フレンドポイント X 2000
7月交換券(2022) X 1
``從者/禮裝數: 583 / 700`
_2022-07-15 19:39:37_
--------
[d4c10e20929a4c973210db1453668b11]
`登入天數: 106天 / 1699天
等級: 19
石頭: 1673
呼符: 67
友情點: +0 / 1549745`
*連続ログイン1日目
※ログインが途切れるか、7日到達すると
1日目から再開されます*
`フレンドポイント X 2000
7月交換券(2022) X 1
``從者/禮裝數: 690 / 732`
_2022-07-15 19:39:47_
--------
[f0cc4e7ae2d4b30013f328b2cf7d6063]
`登入天數: 106天 / 1708天
等級: 20
石頭: 449
呼符: 66
友情點: +0 / 1549320`
*連続ログイン1日目
※ログインが途切れるか、7日到達すると
1日目から再開されます*
`フレンドポイント X 2000
7月交換券(2022) X 1
``從者/禮裝數: 585 / 703`
_2022-07-15 19:39:55_
--------
[48a14ba1dd858b92594b71e0ed7d5311]
`登入天數: 106天 / 1700天
等級: 20
石頭: 1577
呼符: 90
友情點: +0 / 1458640`
*連続ログイン1日目
※ログインが途切れるか、7日到達すると
1日目から再開されます*
`フレンドポイント X 2000
7月交換券(2022) X 1
``從者/禮裝數: 559 / 705`
_2022-07-15 19:40:04_
--------
