【登入訊息】
[c5ab1b78563b1f9e4ee17ab01234bc5e]
`登入天數: 228天 / 1579天
等級: 92
石頭: 2258
呼符: 206
友情點: +0 / 1591145`
*連続ログイン4日目
※ログインが途切れるか、7日到達すると
1日目から再開されます*
`聖晶石 X 1
7月交換券(2022) X 1
`*7周年カウントダウンキャンペーン
特別ログインボーナス*
*開催期間中、1日1回 最大7回 ログインボーナスをプレゼント！*
/webview/loginbonus/20220722_kxw9hp/kxw9hp_k_07.png
`呼符 X 1
``從者/禮裝數: 590 / 700`
_2022-07-27 19:42:05_
--------
[d4825e10f75d83bc0cfb33b6768a8634]
`登入天數: 118天 / 1768天
等級: 19
石頭: 2180
呼符: 47
友情點: +0 / 1724430`
*連続ログイン6日目
※ログインが途切れるか、7日到達すると
1日目から再開されます*
`聖晶石 X 2
7月交換券(2022) X 1
`*7周年カウントダウンキャンペーン
特別ログインボーナス*
*開催期間中、1日1回 最大7回 ログインボーナスをプレゼント！*
/webview/loginbonus/20220722_kxw9hp/kxw9hp_k_07.png
`呼符 X 1
``從者/禮裝數: 534 / 703`
_2022-07-27 19:42:13_
--------
[ff29db15be18f883ffccdf7ab23021a7]
`登入天數: 118天 / 1764天
等級: 18
石頭: 1569
呼符: 72
友情點: +10 / 1603350`
*連続ログイン6日目
※ログインが途切れるか、7日到達すると
1日目から再開されます*
`聖晶石 X 2
7月交換券(2022) X 1
`*7周年カウントダウンキャンペーン
特別ログインボーナス*
*開催期間中、1日1回 最大7回 ログインボーナスをプレゼント！*
/webview/loginbonus/20220722_kxw9hp/kxw9hp_k_07.png
`呼符 X 1
``從者/禮裝數: 629 / 700`
_2022-07-27 19:42:22_
--------
[cc4787a257e3a46e268001195f780247]
`登入天數: 118天 / 1778天
等級: 18
石頭: 2184
呼符: 175
友情點: +30 / 1713830`
*連続ログイン6日目
※ログインが途切れるか、7日到達すると
1日目から再開されます*
`聖晶石 X 2
7月交換券(2022) X 1
`*7周年カウントダウンキャンペーン
特別ログインボーナス*
*開催期間中、1日1回 最大7回 ログインボーナスをプレゼント！*
/webview/loginbonus/20220722_kxw9hp/kxw9hp_k_07.png
`呼符 X 1
``從者/禮裝數: 673 / 674`
_2022-07-27 19:42:31_
--------
`友情點數召喚累計1430次

`[3f5599a008981ecf87f2dea9d1d83d6a]
`登入天數: 118天 / 1783天
等級: 18
石頭: 1985
呼符: 69
友情點: +0 / 1687775`
*連続ログイン6日目
※ログインが途切れるか、7日到達すると
1日目から再開されます*
`聖晶石 X 2
7月交換券(2022) X 1
`*7周年カウントダウンキャンペーン
特別ログインボーナス*
*開催期間中、1日1回 最大7回 ログインボーナスをプレゼント！*
/webview/loginbonus/20220722_kxw9hp/kxw9hp_k_07.png
`呼符 X 1
``從者/禮裝數: 542 / 701`
_2022-07-27 19:42:42_
--------
[0d14e47d83c8b8400ed7555e0192724d]
`登入天數: 118天 / 1705天
等級: 20
石頭: 1060
呼符: 71
友情點: +30 / 1571680`
*連続ログイン6日目
※ログインが途切れるか、7日到達すると
1日目から再開されます*
`聖晶石 X 2
7月交換券(2022) X 1
`*7周年カウントダウンキャンペーン
特別ログインボーナス*
*開催期間中、1日1回 最大7回 ログインボーナスをプレゼント！*
/webview/loginbonus/20220722_kxw9hp/kxw9hp_k_07.png
`呼符 X 1
``從者/禮裝數: 583 / 700`
_2022-07-27 19:42:52_
--------
[d4c10e20929a4c973210db1453668b11]
`登入天數: 118天 / 1711天
等級: 19
石頭: 1673
呼符: 67
友情點: +0 / 1549745`
*連続ログイン6日目
※ログインが途切れるか、7日到達すると
1日目から再開されます*
`聖晶石 X 2
7月交換券(2022) X 1
`*7周年カウントダウンキャンペーン
特別ログインボーナス*
*開催期間中、1日1回 最大7回 ログインボーナスをプレゼント！*
/webview/loginbonus/20220722_kxw9hp/kxw9hp_k_07.png
`呼符 X 1
``從者/禮裝數: 690 / 732`
_2022-07-27 19:43:00_
--------
[f0cc4e7ae2d4b30013f328b2cf7d6063]
`登入天數: 118天 / 1720天
等級: 20
石頭: 449
呼符: 66
友情點: +0 / 1549320`
*連続ログイン6日目
※ログインが途切れるか、7日到達すると
1日目から再開されます*
`聖晶石 X 2
7月交換券(2022) X 1
`*7周年カウントダウンキャンペーン
特別ログインボーナス*
*開催期間中、1日1回 最大7回 ログインボーナスをプレゼント！*
/webview/loginbonus/20220722_kxw9hp/kxw9hp_k_07.png
`呼符 X 1
``從者/禮裝數: 585 / 703`
_2022-07-27 19:43:10_
--------
[48a14ba1dd858b92594b71e0ed7d5311]
`登入天數: 118天 / 1712天
等級: 20
石頭: 1577
呼符: 90
友情點: +0 / 1458640`
*連続ログイン6日目
※ログインが途切れるか、7日到達すると
1日目から再開されます*
`聖晶石 X 2
7月交換券(2022) X 1
`*7周年カウントダウンキャンペーン
特別ログインボーナス*
*開催期間中、1日1回 最大7回 ログインボーナスをプレゼント！*
/webview/loginbonus/20220722_kxw9hp/kxw9hp_k_07.png
`呼符 X 1
``從者/禮裝數: 559 / 705`
_2022-07-27 19:43:19_
--------
