【登入訊息】
[c5ab1b78563b1f9e4ee17ab01234bc5e]
`登入天數: 53天 / 1975天
等級: 92
石頭: 3493
呼符: 200
友情點: +0 / 1983505`
*連続ログイン4日目
※ログインが途切れるか、7日到達すると
1日目から再開されます*
`聖晶石 X 1
9月交換券(2023) X 1
`*サーヴァント・サマー・フェスティバル2023！開幕記念 ログインボーナス*
*開催期間中、1日1回 最大21回ログインボーナスをプレゼント！*
/webview/loginbonus/20230811_b7mecm/b7mecm_k_21.png
`白銀の果実 X 1
``從者/禮裝數: 831 / 797`
_2023-08-31 19:37:04_
--------
`友情點數召喚累計3601次

`[d4825e10f75d83bc0cfb33b6768a8634]
`登入天數: 53天 / 2164天
等級: 19
石頭: 3310
呼符: 119
友情點: +1920 / 2322430`
*連続ログイン4日目
※ログインが途切れるか、7日到達すると
1日目から再開されます*
`聖晶石 X 1
9月交換券(2023) X 1
`*サーヴァント・サマー・フェスティバル2023！開幕記念 ログインボーナス*
*開催期間中、1日1回 最大21回ログインボーナスをプレゼント！*
/webview/loginbonus/20230811_b7mecm/b7mecm_k_21.png
`白銀の果実 X 1
``從者/禮裝數: 824 / 826`
_2023-08-31 19:37:17_
--------
`友情點數召喚累計2910次

`[ff29db15be18f883ffccdf7ab23021a7]
`登入天數: 53天 / 2160天
等級: 18
石頭: 2623
呼符: 94
友情點: +910 / 2109505`
*連続ログイン4日目
※ログインが途切れるか、7日到達すると
1日目から再開されます*
`聖晶石 X 1
9月交換券(2023) X 1
`*サーヴァント・サマー・フェスティバル2023！開幕記念 ログインボーナス*
*開催期間中、1日1回 最大21回ログインボーナスをプレゼント！*
/webview/loginbonus/20230811_b7mecm/b7mecm_k_21.png
`白銀の果実 X 1
``從者/禮裝數: 817 / 826`
_2023-08-31 19:37:28_
--------
`友情點數召喚累計2740次

`[cc4787a257e3a46e268001195f780247]
`登入天數: 53天 / 2174天
等級: 18
石頭: 3414
呼符: 204
友情點: +890 / 2213370`
*連続ログイン4日目
※ログインが途切れるか、7日到達すると
1日目から再開されます*
`聖晶石 X 1
9月交換券(2023) X 1
`*サーヴァント・サマー・フェスティバル2023！開幕記念 ログインボーナス*
*開催期間中、1日1回 最大21回ログインボーナスをプレゼント！*
/webview/loginbonus/20230811_b7mecm/b7mecm_k_21.png
`白銀の果実 X 1
``從者/禮裝數: 783 / 791`
_2023-08-31 19:37:40_
--------
`友情點數召喚累計3300次

`[3f5599a008981ecf87f2dea9d1d83d6a]
`登入天數: 53天 / 2179天
等級: 18
石頭: 2622
呼符: 94
友情點: +0 / 2082150`
*連続ログイン4日目
※ログインが途切れるか、7日到達すると
1日目から再開されます*
`聖晶石 X 1
9月交換券(2023) X 1
`*サーヴァント・サマー・フェスティバル2023！開幕記念 ログインボーナス*
*開催期間中、1日1回 最大21回ログインボーナスをプレゼント！*
/webview/loginbonus/20230811_b7mecm/b7mecm_k_21.png
`白銀の果実 X 1
``從者/禮裝數: 831 / 837`
_2023-08-31 19:37:52_
--------
`友情點數召喚累計2690次

`[0d14e47d83c8b8400ed7555e0192724d]
`登入天數: 22天 / 2099天
等級: 21
石頭: 2278
呼符: 114
友情點: +900 / 2085045`
*連続ログイン1日目
※ログインが途切れるか、7日到達すると
1日目から再開されます*
`フレンドポイント X 2000
9月交換券(2023) X 1
`*サーヴァント・サマー・フェスティバル2023！開幕記念 ログインボーナス*
*開催期間中、1日1回 最大21回ログインボーナスをプレゼント！*
/webview/loginbonus/20230811_b7mecm/b7mecm_k_21.png
`白銀の果実 X 1
``從者/禮裝數: 750 / 838`
_2023-08-31 19:38:04_
--------
`友情點數召喚累計2750次

`[d4c10e20929a4c973210db1453668b11]
`登入天數: 22天 / 2104天
等級: 20
石頭: 2281
呼符: 79
友情點: +0 / 1854020`
*連続ログイン1日目
※ログインが途切れるか、7日到達すると
1日目から再開されます*
`フレンドポイント X 2000
9月交換券(2023) X 1
`*サーヴァント・サマー・フェスティバル2023！開幕記念 ログインボーナス*
*開催期間中、1日1回 最大21回ログインボーナスをプレゼント！*
/webview/loginbonus/20230811_b7mecm/b7mecm_k_21.png
`白銀の果実 X 1
``從者/禮裝數: 821 / 838`
_2023-08-31 19:38:17_
--------
`友情點數召喚累計2680次

`[f0cc4e7ae2d4b30013f328b2cf7d6063]
`登入天數: 22天 / 2112天
等級: 20
石頭: 1621
呼符: 155
友情點: +0 / 1945585`
*連続ログイン1日目
※ログインが途切れるか、7日到達すると
1日目から再開されます*
`フレンドポイント X 2000
9月交換券(2023) X 1
`*サーヴァント・サマー・フェスティバル2023！開幕記念 ログインボーナス*
*開催期間中、1日1回 最大21回ログインボーナスをプレゼント！*
/webview/loginbonus/20230811_b7mecm/b7mecm_k_21.png
`白銀の果実 X 1
``從者/禮裝數: 802 / 815`
_2023-08-31 19:38:28_
--------
`友情點數召喚累計2642次

`[48a14ba1dd858b92594b71e0ed7d5311]
`登入天數: 22天 / 2102天
等級: 20
石頭: 2716
呼符: 201
友情點: +0 / 1854985`
*連続ログイン1日目
※ログインが途切れるか、7日到達すると
1日目から再開されます*
`フレンドポイント X 2000
9月交換券(2023) X 1
`*サーヴァント・サマー・フェスティバル2023！開幕記念 ログインボーナス*
*開催期間中、1日1回 最大21回ログインボーナスをプレゼント！*
/webview/loginbonus/20230811_b7mecm/b7mecm_k_21.png
`白銀の果実 X 1
``從者/禮裝數: 841 / 816`
_2023-08-31 19:38:39_
--------
`友情點數召喚累計2560次

`