【登入訊息】
[c5ab1b78563b1f9e4ee17ab01234bc5e]
`登入天數: 54天 / 1976天
等級: 92
石頭: 3493
呼符: 200
友情點: +0 / 1983505`
*連続ログイン5日目
※ログインが途切れるか、7日到達すると
1日目から再開されます*
`叡智の業火 X 2
9月交換券(2023) X 1
`*ハンティングクエスト 第13弾
特別ログインボーナス*
*開催期間中、1日1回 最大7回ログインボーナスをプレゼント！*
/webview/loginbonus/20230901_a2kpei/a2kpei_k_01.png
`黄金の果実 X 1
``從者/禮裝數: 833 / 800`
_2023-09-01 19:37:01_
--------
`友情點數召喚累計3611次

`[d4825e10f75d83bc0cfb33b6768a8634]
`登入天數: 54天 / 2165天
等級: 19
石頭: 3310
呼符: 119
友情點: +520 / 2322950`
*連続ログイン5日目
※ログインが途切れるか、7日到達すると
1日目から再開されます*
`叡智の業火 X 2
9月交換券(2023) X 1
`*ハンティングクエスト 第13弾
特別ログインボーナス*
*開催期間中、1日1回 最大7回ログインボーナスをプレゼント！*
/webview/loginbonus/20230901_a2kpei/a2kpei_k_01.png
`黄金の果実 X 1
``從者/禮裝數: 828 / 830`
_2023-09-01 19:37:13_
--------
`友情點數召喚累計2920次

`[ff29db15be18f883ffccdf7ab23021a7]
`登入天數: 54天 / 2161天
等級: 18
石頭: 2623
呼符: 94
友情點: +280 / 2109785`
*連続ログイン5日目
※ログインが途切れるか、7日到達すると
1日目から再開されます*
`叡智の業火 X 2
9月交換券(2023) X 1
`*ハンティングクエスト 第13弾
特別ログインボーナス*
*開催期間中、1日1回 最大7回ログインボーナスをプレゼント！*
/webview/loginbonus/20230901_a2kpei/a2kpei_k_01.png
`黄金の果実 X 1
``從者/禮裝數: 821 / 831`
_2023-09-01 19:37:25_
--------
`友情點數召喚累計2750次

`[cc4787a257e3a46e268001195f780247]
`登入天數: 54天 / 2175天
等級: 18
石頭: 3414
呼符: 204
友情點: +250 / 2213620`
*連続ログイン5日目
※ログインが途切れるか、7日到達すると
1日目から再開されます*
`叡智の業火 X 2
9月交換券(2023) X 1
`*ハンティングクエスト 第13弾
特別ログインボーナス*
*開催期間中、1日1回 最大7回ログインボーナスをプレゼント！*
/webview/loginbonus/20230901_a2kpei/a2kpei_k_01.png
`黄金の果実 X 1
``從者/禮裝數: 787 / 795`
_2023-09-01 19:37:36_
--------
`友情點數召喚累計3310次

`[3f5599a008981ecf87f2dea9d1d83d6a]
`登入天數: 54天 / 2180天
等級: 18
石頭: 2622
呼符: 94
友情點: +0 / 2082150`
*連続ログイン5日目
※ログインが途切れるか、7日到達すると
1日目から再開されます*
`叡智の業火 X 2
9月交換券(2023) X 1
`*ハンティングクエスト 第13弾
特別ログインボーナス*
*開催期間中、1日1回 最大7回ログインボーナスをプレゼント！*
/webview/loginbonus/20230901_a2kpei/a2kpei_k_01.png
`黄金の果実 X 1
``從者/禮裝數: 832 / 844`
_2023-09-01 19:37:48_
--------
`友情點數召喚累計2700次

`[0d14e47d83c8b8400ed7555e0192724d]
`登入天數: 23天 / 2100天
等級: 21
石頭: 2278
呼符: 114
友情點: +170 / 2085215`
*連続ログイン2日目
※ログインが途切れるか、7日到達すると
1日目から再開されます*
`聖晶石 X 1
9月交換券(2023) X 1
`*ハンティングクエスト 第13弾
特別ログインボーナス*
*開催期間中、1日1回 最大7回ログインボーナスをプレゼント！*
/webview/loginbonus/20230901_a2kpei/a2kpei_k_01.png
`黄金の果実 X 1
``從者/禮裝數: 756 / 842`
_2023-09-01 19:38:00_
--------
`友情點數召喚累計2760次

`[d4c10e20929a4c973210db1453668b11]
`登入天數: 23天 / 2105天
等級: 20
石頭: 2281
呼符: 79
友情點: +0 / 1854020`
*連続ログイン2日目
※ログインが途切れるか、7日到達すると
1日目から再開されます*
`聖晶石 X 1
9月交換券(2023) X 1
`*ハンティングクエスト 第13弾
特別ログインボーナス*
*開催期間中、1日1回 最大7回ログインボーナスをプレゼント！*
/webview/loginbonus/20230901_a2kpei/a2kpei_k_01.png
`黄金の果実 X 1
``從者/禮裝數: 824 / 843`
_2023-09-01 19:38:11_
--------
`友情點數召喚累計2690次

`[f0cc4e7ae2d4b30013f328b2cf7d6063]
`登入天數: 23天 / 2113天
等級: 20
石頭: 1621
呼符: 155
友情點: +0 / 1945585`
*連続ログイン2日目
※ログインが途切れるか、7日到達すると
1日目から再開されます*
`聖晶石 X 1
9月交換券(2023) X 1
`*ハンティングクエスト 第13弾
特別ログインボーナス*
*開催期間中、1日1回 最大7回ログインボーナスをプレゼント！*
/webview/loginbonus/20230901_a2kpei/a2kpei_k_01.png
`黄金の果実 X 1
``從者/禮裝數: 802 / 823`
_2023-09-01 19:38:23_
--------
`友情點數召喚累計2652次

`[48a14ba1dd858b92594b71e0ed7d5311]
`登入天數: 23天 / 2103天
等級: 20
石頭: 2716
呼符: 201
友情點: +0 / 1854985`
*連続ログイン2日目
※ログインが途切れるか、7日到達すると
1日目から再開されます*
`聖晶石 X 1
9月交換券(2023) X 1
`*ハンティングクエスト 第13弾
特別ログインボーナス*
*開催期間中、1日1回 最大7回ログインボーナスをプレゼント！*
/webview/loginbonus/20230901_a2kpei/a2kpei_k_01.png
`黄金の果実 X 1
``從者/禮裝數: 844 / 821`
_2023-09-01 19:38:34_
--------
`友情點數召喚累計2570次

`