【登入訊息】
[c5ab1b78563b1f9e4ee17ab01234bc5e]
`登入天數: 55天 / 1977天
等級: 92
石頭: 3493
呼符: 200
友情點: +0 / 1983505`
*連続ログイン6日目
※ログインが途切れるか、7日到達すると
1日目から再開されます*
`聖晶石 X 2
9月交換券(2023) X 1
`*ハンティングクエスト 第13弾
特別ログインボーナス*
*開催期間中、1日1回 最大7回ログインボーナスをプレゼント！*
/webview/loginbonus/20230901_a2kpei/a2kpei_k_02.png
`黄金の果実 X 1
``從者/禮裝數: 836 / 804`
_2023-09-02 19:36:57_
--------
`友情點數召喚累計3621次

`[d4825e10f75d83bc0cfb33b6768a8634]
`登入天數: 55天 / 2166天
等級: 19
石頭: 3310
呼符: 119
友情點: +1300 / 2324250`
*連続ログイン6日目
※ログインが途切れるか、7日到達すると
1日目から再開されます*
`聖晶石 X 2
9月交換券(2023) X 1
`*ハンティングクエスト 第13弾
特別ログインボーナス*
*開催期間中、1日1回 最大7回ログインボーナスをプレゼント！*
/webview/loginbonus/20230901_a2kpei/a2kpei_k_02.png
`黄金の果実 X 1
``從者/禮裝數: 830 / 836`
_2023-09-02 19:37:11_
--------
`友情點數召喚累計2930次

`[ff29db15be18f883ffccdf7ab23021a7]
`登入天數: 55天 / 2162天
等級: 18
石頭: 2623
呼符: 94
友情點: +360 / 2110945`
*連続ログイン6日目
※ログインが途切れるか、7日到達すると
1日目から再開されます*
`聖晶石 X 2
9月交換券(2023) X 1
`*ハンティングクエスト 第13弾
特別ログインボーナス*
*開催期間中、1日1回 最大7回ログインボーナスをプレゼント！*
/webview/loginbonus/20230901_a2kpei/a2kpei_k_02.png
`黄金の果実 X 1
``從者/禮裝數: 825 / 834`
_2023-09-02 19:37:23_
--------
`友情點數召喚累計2760次

`[cc4787a257e3a46e268001195f780247]
`登入天數: 55天 / 2176天
等級: 18
石頭: 3414
呼符: 204
友情點: +535 / 2214185`
*連続ログイン6日目
※ログインが途切れるか、7日到達すると
1日目から再開されます*
`聖晶石 X 2
9月交換券(2023) X 1
`*ハンティングクエスト 第13弾
特別ログインボーナス*
*開催期間中、1日1回 最大7回ログインボーナスをプレゼント！*
/webview/loginbonus/20230901_a2kpei/a2kpei_k_02.png
`黄金の果実 X 1
``從者/禮裝數: 788 / 801`
_2023-09-02 19:37:36_
--------
`友情點數召喚累計3320次

`[3f5599a008981ecf87f2dea9d1d83d6a]
`登入天數: 55天 / 2181天
等級: 18
石頭: 2622
呼符: 94
友情點: +0 / 2082150`
*連続ログイン6日目
※ログインが途切れるか、7日到達すると
1日目から再開されます*
`聖晶石 X 2
9月交換券(2023) X 1
`*ハンティングクエスト 第13弾
特別ログインボーナス*
*開催期間中、1日1回 最大7回ログインボーナスをプレゼント！*
/webview/loginbonus/20230901_a2kpei/a2kpei_k_02.png
`黄金の果実 X 1
``從者/禮裝數: 834 / 848`
_2023-09-02 19:37:48_
--------
`友情點數召喚累計2710次

`[0d14e47d83c8b8400ed7555e0192724d]
`登入天數: 24天 / 2101天
等級: 21
石頭: 2278
呼符: 114
友情點: +430 / 2085655`
*連続ログイン3日目
※ログインが途切れるか、7日到達すると
1日目から再開されます*
`叡智の業火 X 1
9月交換券(2023) X 1
`*ハンティングクエスト 第13弾
特別ログインボーナス*
*開催期間中、1日1回 最大7回ログインボーナスをプレゼント！*
/webview/loginbonus/20230901_a2kpei/a2kpei_k_02.png
`黄金の果実 X 1
``從者/禮裝數: 758 / 846`
_2023-09-02 19:38:02_
--------
`友情點數召喚累計2770次

`[d4c10e20929a4c973210db1453668b11]
`登入天數: 24天 / 2106天
等級: 20
石頭: 2281
呼符: 79
友情點: +0 / 1854020`
*連続ログイン3日目
※ログインが途切れるか、7日到達すると
1日目から再開されます*
`叡智の業火 X 1
9月交換券(2023) X 1
`*ハンティングクエスト 第13弾
特別ログインボーナス*
*開催期間中、1日1回 最大7回ログインボーナスをプレゼント！*
/webview/loginbonus/20230901_a2kpei/a2kpei_k_02.png
`黄金の果実 X 1
``從者/禮裝數: 826 / 848`
_2023-09-02 19:38:15_
--------
`友情點數召喚累計2700次

`[f0cc4e7ae2d4b30013f328b2cf7d6063]
`登入天數: 24天 / 2114天
等級: 20
石頭: 1621
呼符: 155
友情點: +0 / 1945585`
*連続ログイン3日目
※ログインが途切れるか、7日到達すると
1日目から再開されます*
`叡智の業火 X 1
9月交換券(2023) X 1
`*ハンティングクエスト 第13弾
特別ログインボーナス*
*開催期間中、1日1回 最大7回ログインボーナスをプレゼント！*
/webview/loginbonus/20230901_a2kpei/a2kpei_k_02.png
`黄金の果実 X 1
``從者/禮裝數: 806 / 826`
_2023-09-02 19:38:27_
--------
`友情點數召喚累計2662次

`[48a14ba1dd858b92594b71e0ed7d5311]
`登入天數: 24天 / 2104天
等級: 20
石頭: 2716
呼符: 201
友情點: +0 / 1854985`
*連続ログイン3日目
※ログインが途切れるか、7日到達すると
1日目から再開されます*
`叡智の業火 X 1
9月交換券(2023) X 1
`*ハンティングクエスト 第13弾
特別ログインボーナス*
*開催期間中、1日1回 最大7回ログインボーナスをプレゼント！*
/webview/loginbonus/20230901_a2kpei/a2kpei_k_02.png
`黄金の果実 X 1
``從者/禮裝數: 847 / 825`
_2023-09-02 19:38:40_
--------
`友情點數召喚累計2580次

`