【登入訊息】
[c5ab1b78563b1f9e4ee17ab01234bc5e]
`登入天數: 56天 / 1978天
等級: 92
石頭: 3493
呼符: 200
友情點: +0 / 1983505`
*連続ログイン7日間到達おめでとうございます！
明日は1日目からリスタートされます。*
`獣の足跡 X 1
呼符 X 1
9月交換券(2023) X 1
`*ハンティングクエスト 第13弾
特別ログインボーナス*
*開催期間中、1日1回 最大7回ログインボーナスをプレゼント！*
/webview/loginbonus/20230901_a2kpei/a2kpei_k_03.png
`黄金の果実 X 1
``從者/禮裝數: 840 / 809`
_2023-09-03 19:37:02_
--------
`友情點數召喚累計3631次

`[d4825e10f75d83bc0cfb33b6768a8634]
`登入天數: 56天 / 2167天
等級: 19
石頭: 3310
呼符: 119
友情點: +600 / 2324850`
*連続ログイン7日間到達おめでとうございます！
明日は1日目からリスタートされます。*
`獣の足跡 X 1
呼符 X 1
9月交換券(2023) X 1
`*ハンティングクエスト 第13弾
特別ログインボーナス*
*開催期間中、1日1回 最大7回ログインボーナスをプレゼント！*
/webview/loginbonus/20230901_a2kpei/a2kpei_k_03.png
`黄金の果実 X 1
``從者/禮裝數: 831 / 843`
_2023-09-03 19:37:15_
--------
`友情點數召喚累計2940次

`[ff29db15be18f883ffccdf7ab23021a7]
`登入天數: 56天 / 2163天
等級: 18
石頭: 2623
呼符: 94
友情點: +390 / 2111535`
*連続ログイン7日間到達おめでとうございます！
明日は1日目からリスタートされます。*
`獣の足跡 X 1
呼符 X 1
9月交換券(2023) X 1
`*ハンティングクエスト 第13弾
特別ログインボーナス*
*開催期間中、1日1回 最大7回ログインボーナスをプレゼント！*
/webview/loginbonus/20230901_a2kpei/a2kpei_k_03.png
`黄金の果実 X 1
``從者/禮裝數: 830 / 838`
_2023-09-03 19:37:27_
--------
`友情點數召喚累計2770次

`[cc4787a257e3a46e268001195f780247]
`登入天數: 56天 / 2177天
等級: 18
石頭: 3414
呼符: 204
友情點: +380 / 2214565`
*連続ログイン7日間到達おめでとうございます！
明日は1日目からリスタートされます。*
`獣の足跡 X 1
呼符 X 1
9月交換券(2023) X 1
`*ハンティングクエスト 第13弾
特別ログインボーナス*
*開催期間中、1日1回 最大7回ログインボーナスをプレゼント！*
/webview/loginbonus/20230901_a2kpei/a2kpei_k_03.png
`黄金の果実 X 1
``從者/禮裝數: 791 / 805`
_2023-09-03 19:37:39_
--------
`友情點數召喚累計3330次

`[3f5599a008981ecf87f2dea9d1d83d6a]
`登入天數: 56天 / 2182天
等級: 18
石頭: 2622
呼符: 94
友情點: +0 / 2082150`
*連続ログイン7日間到達おめでとうございます！
明日は1日目からリスタートされます。*
`獣の足跡 X 1
呼符 X 1
9月交換券(2023) X 1
`*ハンティングクエスト 第13弾
特別ログインボーナス*
*開催期間中、1日1回 最大7回ログインボーナスをプレゼント！*
/webview/loginbonus/20230901_a2kpei/a2kpei_k_03.png
`黄金の果実 X 1
``從者/禮裝數: 836 / 853`
_2023-09-03 19:37:50_
--------
`友情點數召喚累計2720次

`[0d14e47d83c8b8400ed7555e0192724d]
`登入天數: 25天 / 2102天
等級: 21
石頭: 2278
呼符: 114
友情點: +500 / 2086155`
*連続ログイン4日目
※ログインが途切れるか、7日到達すると
1日目から再開されます*
`聖晶石 X 1
9月交換券(2023) X 1
`*ハンティングクエスト 第13弾
特別ログインボーナス*
*開催期間中、1日1回 最大7回ログインボーナスをプレゼント！*
/webview/loginbonus/20230901_a2kpei/a2kpei_k_03.png
`黄金の果実 X 1
``從者/禮裝數: 761 / 852`
_2023-09-03 19:38:03_
--------
`友情點數召喚累計2780次

`[d4c10e20929a4c973210db1453668b11]
`登入天數: 25天 / 2107天
等級: 20
石頭: 2281
呼符: 79
友情點: +0 / 1854020`
*連続ログイン4日目
※ログインが途切れるか、7日到達すると
1日目から再開されます*
`聖晶石 X 1
9月交換券(2023) X 1
`*ハンティングクエスト 第13弾
特別ログインボーナス*
*開催期間中、1日1回 最大7回ログインボーナスをプレゼント！*
/webview/loginbonus/20230901_a2kpei/a2kpei_k_03.png
`黄金の果実 X 1
``從者/禮裝數: 828 / 852`
_2023-09-03 19:38:15_
--------
`友情點數召喚累計2710次

`[f0cc4e7ae2d4b30013f328b2cf7d6063]
`登入天數: 25天 / 2115天
等級: 20
石頭: 1621
呼符: 155
友情點: +0 / 1945585`
*連続ログイン4日目
※ログインが途切れるか、7日到達すると
1日目から再開されます*
`聖晶石 X 1
9月交換券(2023) X 1
`*ハンティングクエスト 第13弾
特別ログインボーナス*
*開催期間中、1日1回 最大7回ログインボーナスをプレゼント！*
/webview/loginbonus/20230901_a2kpei/a2kpei_k_03.png
`黄金の果実 X 1
``從者/禮裝數: 809 / 830`
_2023-09-03 19:38:27_
--------
`友情點數召喚累計2672次

`[48a14ba1dd858b92594b71e0ed7d5311]
`登入天數: 25天 / 2105天
等級: 20
石頭: 2716
呼符: 201
友情點: +0 / 1854985`
*連続ログイン4日目
※ログインが途切れるか、7日到達すると
1日目から再開されます*
`聖晶石 X 1
9月交換券(2023) X 1
`*ハンティングクエスト 第13弾
特別ログインボーナス*
*開催期間中、1日1回 最大7回ログインボーナスをプレゼント！*
/webview/loginbonus/20230901_a2kpei/a2kpei_k_03.png
`黄金の果実 X 1
``從者/禮裝數: 852 / 827`
_2023-09-03 19:38:39_
--------
`友情點數召喚累計2590次

`