【登入訊息】
[c5ab1b78563b1f9e4ee17ab01234bc5e]
`登入天數: 57天 / 1979天
等級: 92
石頭: 3493
呼符: 200
友情點: +0 / 1983505`
*連続ログイン1日目
※ログインが途切れるか、7日到達すると
1日目から再開されます*
`フレンドポイント X 2000
9月交換券(2023) X 1
`*ハンティングクエスト 第13弾
特別ログインボーナス*
*開催期間中、1日1回 最大7回ログインボーナスをプレゼント！*
/webview/loginbonus/20230901_a2kpei/a2kpei_k_04.png
`黄金の果実 X 1
``從者/禮裝數: 844 / 814`
_2023-09-04 19:36:53_
--------
`友情點數召喚累計3641次

`[d4825e10f75d83bc0cfb33b6768a8634]
`登入天數: 57天 / 2168天
等級: 19
石頭: 3310
呼符: 119
友情點: +760 / 2325610`
*連続ログイン1日目
※ログインが途切れるか、7日到達すると
1日目から再開されます*
`フレンドポイント X 2000
9月交換券(2023) X 1
`*ハンティングクエスト 第13弾
特別ログインボーナス*
*開催期間中、1日1回 最大7回ログインボーナスをプレゼント！*
/webview/loginbonus/20230901_a2kpei/a2kpei_k_04.png
`黄金の果実 X 1
``從者/禮裝數: 835 / 848`
_2023-09-04 19:37:06_
--------
`友情點數召喚累計2950次

`[ff29db15be18f883ffccdf7ab23021a7]
`登入天數: 57天 / 2164天
等級: 18
石頭: 2623
呼符: 94
友情點: +410 / 2111945`
*連続ログイン1日目
※ログインが途切れるか、7日到達すると
1日目から再開されます*
`フレンドポイント X 2000
9月交換券(2023) X 1
`*ハンティングクエスト 第13弾
特別ログインボーナス*
*開催期間中、1日1回 最大7回ログインボーナスをプレゼント！*
/webview/loginbonus/20230901_a2kpei/a2kpei_k_04.png
`黄金の果実 X 1
``從者/禮裝數: 831 / 843`
_2023-09-04 19:37:19_
--------
`友情點數召喚累計2780次

`[cc4787a257e3a46e268001195f780247]
`登入天數: 57天 / 2178天
等級: 18
石頭: 3414
呼符: 204
友情點: +330 / 2214895`
*連続ログイン1日目
※ログインが途切れるか、7日到達すると
1日目から再開されます*
`フレンドポイント X 2000
9月交換券(2023) X 1
`*ハンティングクエスト 第13弾
特別ログインボーナス*
*開催期間中、1日1回 最大7回ログインボーナスをプレゼント！*
/webview/loginbonus/20230901_a2kpei/a2kpei_k_04.png
`黄金の果実 X 1
``從者/禮裝數: 791 / 813`
_2023-09-04 19:37:31_
--------
`友情點數召喚累計3340次

`[3f5599a008981ecf87f2dea9d1d83d6a]
`登入天數: 57天 / 2183天
等級: 18
石頭: 2622
呼符: 94
友情點: +0 / 2082150`
*連続ログイン1日目
※ログインが途切れるか、7日到達すると
1日目から再開されます*
`フレンドポイント X 2000
9月交換券(2023) X 1
`*ハンティングクエスト 第13弾
特別ログインボーナス*
*開催期間中、1日1回 最大7回ログインボーナスをプレゼント！*
/webview/loginbonus/20230901_a2kpei/a2kpei_k_04.png
`黄金の果実 X 1
``從者/禮裝數: 842 / 855`
_2023-09-04 19:37:44_
--------
`友情點數召喚累計2730次

`[0d14e47d83c8b8400ed7555e0192724d]
`登入天數: 26天 / 2103天
等級: 21
石頭: 2278
呼符: 114
友情點: +390 / 2086565`
*連続ログイン5日目
※ログインが途切れるか、7日到達すると
1日目から再開されます*
`叡智の業火 X 2
9月交換券(2023) X 1
`*ハンティングクエスト 第13弾
特別ログインボーナス*
*開催期間中、1日1回 最大7回ログインボーナスをプレゼント！*
/webview/loginbonus/20230901_a2kpei/a2kpei_k_04.png
`黄金の果実 X 1
``從者/禮裝數: 762 / 857`
_2023-09-04 19:37:58_
--------
`友情點數召喚累計2790次

`[d4c10e20929a4c973210db1453668b11]
`登入天數: 26天 / 2108天
等級: 20
石頭: 2281
呼符: 79
友情點: +0 / 1854020`
*連続ログイン5日目
※ログインが途切れるか、7日到達すると
1日目から再開されます*
`叡智の業火 X 2
9月交換券(2023) X 1
`*ハンティングクエスト 第13弾
特別ログインボーナス*
*開催期間中、1日1回 最大7回ログインボーナスをプレゼント！*
/webview/loginbonus/20230901_a2kpei/a2kpei_k_04.png
`黄金の果実 X 1
``從者/禮裝數: 831 / 857`
_2023-09-04 19:38:10_
--------
`友情點數召喚累計2720次

`[f0cc4e7ae2d4b30013f328b2cf7d6063]
`登入天數: 26天 / 2116天
等級: 20
石頭: 1621
呼符: 155
友情點: +0 / 1945585`
*連続ログイン5日目
※ログインが途切れるか、7日到達すると
1日目から再開されます*
`叡智の業火 X 2
9月交換券(2023) X 1
`*ハンティングクエスト 第13弾
特別ログインボーナス*
*開催期間中、1日1回 最大7回ログインボーナスをプレゼント！*
/webview/loginbonus/20230901_a2kpei/a2kpei_k_04.png
`黄金の果実 X 1
``從者/禮裝數: 810 / 836`
_2023-09-04 19:38:22_
--------
`友情點數召喚累計2682次

`[48a14ba1dd858b92594b71e0ed7d5311]
`登入天數: 26天 / 2106天
等級: 20
石頭: 2716
呼符: 201
友情點: +0 / 1854985`
*連続ログイン5日目
※ログインが途切れるか、7日到達すると
1日目から再開されます*
`叡智の業火 X 2
9月交換券(2023) X 1
`*ハンティングクエスト 第13弾
特別ログインボーナス*
*開催期間中、1日1回 最大7回ログインボーナスをプレゼント！*
/webview/loginbonus/20230901_a2kpei/a2kpei_k_04.png
`黄金の果実 X 1
``從者/禮裝數: 856 / 830`
_2023-09-04 19:38:35_
--------
`友情點數召喚累計2600次

`