【登入訊息】
[c5ab1b78563b1f9e4ee17ab01234bc5e]
`登入天數: 58天 / 1980天
等級: 92
石頭: 3493
呼符: 200
友情點: +0 / 1983505`
*連続ログイン2日目
※ログインが途切れるか、7日到達すると
1日目から再開されます*
`聖晶石 X 1
9月交換券(2023) X 1
`*ハンティングクエスト 第13弾
特別ログインボーナス*
*開催期間中、1日1回 最大7回ログインボーナスをプレゼント！*
/webview/loginbonus/20230901_a2kpei/a2kpei_k_05.png
`黄金の果実 X 1
``從者/禮裝數: 845 / 823`
_2023-09-05 19:36:38_
--------
`友情點數召喚累計3651次

`[d4825e10f75d83bc0cfb33b6768a8634]
`登入天數: 58天 / 2169天
等級: 19
石頭: 3310
呼符: 119
友情點: +1600 / 2327210`
*連続ログイン2日目
※ログインが途切れるか、7日到達すると
1日目から再開されます*
`聖晶石 X 1
9月交換券(2023) X 1
`*ハンティングクエスト 第13弾
特別ログインボーナス*
*開催期間中、1日1回 最大7回ログインボーナスをプレゼント！*
/webview/loginbonus/20230901_a2kpei/a2kpei_k_05.png
`黄金の果実 X 1
``從者/禮裝數: 837 / 854`
_2023-09-05 19:36:50_
--------
`友情點數召喚累計2960次

`[ff29db15be18f883ffccdf7ab23021a7]
`登入天數: 58天 / 2165天
等級: 18
石頭: 2623
呼符: 94
友情點: +710 / 2113115`
*連続ログイン2日目
※ログインが途切れるか、7日到達すると
1日目から再開されます*
`聖晶石 X 1
9月交換券(2023) X 1
`*ハンティングクエスト 第13弾
特別ログインボーナス*
*開催期間中、1日1回 最大7回ログインボーナスをプレゼント！*
/webview/loginbonus/20230901_a2kpei/a2kpei_k_05.png
`黄金の果実 X 1
``從者/禮裝數: 833 / 850`
_2023-09-05 19:37:02_
--------
`友情點數召喚累計2790次

`[cc4787a257e3a46e268001195f780247]
`登入天數: 58天 / 2179天
等級: 18
石頭: 3414
呼符: 204
友情點: +690 / 2215815`
*連続ログイン2日目
※ログインが途切れるか、7日到達すると
1日目から再開されます*
`聖晶石 X 1
9月交換券(2023) X 1
`*ハンティングクエスト 第13弾
特別ログインボーナス*
*開催期間中、1日1回 最大7回ログインボーナスをプレゼント！*
/webview/loginbonus/20230901_a2kpei/a2kpei_k_05.png
`黄金の果実 X 1
``從者/禮裝數: 794 / 819`
_2023-09-05 19:37:14_
--------
`友情點數召喚累計3350次

`[3f5599a008981ecf87f2dea9d1d83d6a]
`登入天數: 58天 / 2184天
等級: 18
石頭: 2622
呼符: 94
友情點: +0 / 2082150`
*連続ログイン2日目
※ログインが途切れるか、7日到達すると
1日目から再開されます*
`聖晶石 X 1
9月交換券(2023) X 1
`*ハンティングクエスト 第13弾
特別ログインボーナス*
*開催期間中、1日1回 最大7回ログインボーナスをプレゼント！*
/webview/loginbonus/20230901_a2kpei/a2kpei_k_05.png
`黄金の果実 X 1
``從者/禮裝數: 844 / 859`
_2023-09-05 19:37:26_
--------
`友情點數召喚累計2740次

`[0d14e47d83c8b8400ed7555e0192724d]
`登入天數: 27天 / 2104天
等級: 21
石頭: 2278
呼符: 114
友情點: +500 / 2087065`
*連続ログイン6日目
※ログインが途切れるか、7日到達すると
1日目から再開されます*
`聖晶石 X 2
9月交換券(2023) X 1
`*ハンティングクエスト 第13弾
特別ログインボーナス*
*開催期間中、1日1回 最大7回ログインボーナスをプレゼント！*
/webview/loginbonus/20230901_a2kpei/a2kpei_k_05.png
`黄金の果実 X 1
``從者/禮裝數: 764 / 862`
_2023-09-05 19:37:38_
--------
`友情點數召喚累計2800次

`[d4c10e20929a4c973210db1453668b11]
`登入天數: 27天 / 2109天
等級: 20
石頭: 2281
呼符: 79
友情點: +0 / 1854020`
*連続ログイン6日目
※ログインが途切れるか、7日到達すると
1日目から再開されます*
`聖晶石 X 2
9月交換券(2023) X 1
`*ハンティングクエスト 第13弾
特別ログインボーナス*
*開催期間中、1日1回 最大7回ログインボーナスをプレゼント！*
/webview/loginbonus/20230901_a2kpei/a2kpei_k_05.png
`黄金の果実 X 1
``從者/禮裝數: 832 / 861`
_2023-09-05 19:37:50_
--------
`友情點數召喚累計2730次

`[f0cc4e7ae2d4b30013f328b2cf7d6063]
`登入天數: 27天 / 2117天
等級: 20
石頭: 1621
呼符: 155
友情點: +0 / 1945585`
*連続ログイン6日目
※ログインが途切れるか、7日到達すると
1日目から再開されます*
`聖晶石 X 2
9月交換券(2023) X 1
`*ハンティングクエスト 第13弾
特別ログインボーナス*
*開催期間中、1日1回 最大7回ログインボーナスをプレゼント！*
/webview/loginbonus/20230901_a2kpei/a2kpei_k_05.png
`黄金の果実 X 1
``從者/禮裝數: 815 / 838`
_2023-09-05 19:38:02_
--------
`友情點數召喚累計2692次

`[48a14ba1dd858b92594b71e0ed7d5311]
`登入天數: 27天 / 2107天
等級: 20
石頭: 2716
呼符: 201
友情點: +0 / 1854985`
*連続ログイン6日目
※ログインが途切れるか、7日到達すると
1日目から再開されます*
`聖晶石 X 2
9月交換券(2023) X 1
`*ハンティングクエスト 第13弾
特別ログインボーナス*
*開催期間中、1日1回 最大7回ログインボーナスをプレゼント！*
/webview/loginbonus/20230901_a2kpei/a2kpei_k_05.png
`黄金の果実 X 1
``從者/禮裝數: 860 / 835`
_2023-09-05 19:38:14_
--------
`友情點數召喚累計2610次

`