【登入訊息】
[c5ab1b78563b1f9e4ee17ab01234bc5e]
`登入天數: 59天 / 1981天
等級: 92
石頭: 3493
呼符: 200
友情點: +0 / 1983505`
*連続ログイン3日目
※ログインが途切れるか、7日到達すると
1日目から再開されます*
`叡智の業火 X 1
9月交換券(2023) X 1
`*ハンティングクエスト 第13弾
特別ログインボーナス*
*開催期間中、1日1回 最大7回ログインボーナスをプレゼント！*
/webview/loginbonus/20230901_a2kpei/a2kpei_k_06.png
`黄金の果実 X 1
``從者/禮裝數: 846 / 829`
_2023-09-06 19:36:53_
--------
`友情點數召喚累計3661次

`[d4825e10f75d83bc0cfb33b6768a8634]
`登入天數: 59天 / 2170天
等級: 19
石頭: 3310
呼符: 119
友情點: +940 / 2328150`
*連続ログイン3日目
※ログインが途切れるか、7日到達すると
1日目から再開されます*
`叡智の業火 X 1
9月交換券(2023) X 1
`*ハンティングクエスト 第13弾
特別ログインボーナス*
*開催期間中、1日1回 最大7回ログインボーナスをプレゼント！*
/webview/loginbonus/20230901_a2kpei/a2kpei_k_06.png
`黄金の果実 X 1
``從者/禮裝數: 840 / 860`
_2023-09-06 19:37:06_
--------
`友情點數召喚累計2970次

`[ff29db15be18f883ffccdf7ab23021a7]
`登入天數: 59天 / 2166天
等級: 18
石頭: 2623
呼符: 94
友情點: +580 / 2113695`
*連続ログイン3日目
※ログインが途切れるか、7日到達すると
1日目から再開されます*
`叡智の業火 X 1
9月交換券(2023) X 1
`*ハンティングクエスト 第13弾
特別ログインボーナス*
*開催期間中、1日1回 最大7回ログインボーナスをプレゼント！*
/webview/loginbonus/20230901_a2kpei/a2kpei_k_06.png
`黄金の果実 X 1
``從者/禮裝數: 834 / 854`
_2023-09-06 19:37:19_
--------
`友情點數召喚累計2800次

`[cc4787a257e3a46e268001195f780247]
`登入天數: 59天 / 2180天
等級: 18
石頭: 3414
呼符: 204
友情點: +570 / 2216385`
*連続ログイン3日目
※ログインが途切れるか、7日到達すると
1日目から再開されます*
`叡智の業火 X 1
9月交換券(2023) X 1
`*ハンティングクエスト 第13弾
特別ログインボーナス*
*開催期間中、1日1回 最大7回ログインボーナスをプレゼント！*
/webview/loginbonus/20230901_a2kpei/a2kpei_k_06.png
`黄金の果実 X 1
``從者/禮裝數: 797 / 821`
_2023-09-06 19:37:31_
--------
`友情點數召喚累計3360次

`[3f5599a008981ecf87f2dea9d1d83d6a]
`登入天數: 59天 / 2185天
等級: 18
石頭: 2622
呼符: 94
友情點: +0 / 2082150`
*連続ログイン3日目
※ログインが途切れるか、7日到達すると
1日目から再開されます*
`叡智の業火 X 1
9月交換券(2023) X 1
`*ハンティングクエスト 第13弾
特別ログインボーナス*
*開催期間中、1日1回 最大7回ログインボーナスをプレゼント！*
/webview/loginbonus/20230901_a2kpei/a2kpei_k_06.png
`黄金の果実 X 1
``從者/禮裝數: 845 / 867`
_2023-09-06 19:37:43_
--------
`友情點數召喚累計2750次

`[0d14e47d83c8b8400ed7555e0192724d]
`登入天數: 28天 / 2105天
等級: 21
石頭: 2278
呼符: 114
友情點: +620 / 2087685`
*連続ログイン7日間到達おめでとうございます！
明日は1日目からリスタートされます。*
`獣の足跡 X 1
呼符 X 1
9月交換券(2023) X 1
`*ハンティングクエスト 第13弾
特別ログインボーナス*
*開催期間中、1日1回 最大7回ログインボーナスをプレゼント！*
/webview/loginbonus/20230901_a2kpei/a2kpei_k_06.png
`黄金の果実 X 1
``從者/禮裝數: 765 / 868`
_2023-09-06 19:37:56_
--------
`友情點數召喚累計2810次

`[d4c10e20929a4c973210db1453668b11]
`登入天數: 28天 / 2110天
等級: 20
石頭: 2281
呼符: 79
友情點: +0 / 1854020`
*連続ログイン7日間到達おめでとうございます！
明日は1日目からリスタートされます。*
`獣の足跡 X 1
呼符 X 1
9月交換券(2023) X 1
`*ハンティングクエスト 第13弾
特別ログインボーナス*
*開催期間中、1日1回 最大7回ログインボーナスをプレゼント！*
/webview/loginbonus/20230901_a2kpei/a2kpei_k_06.png
`黄金の果実 X 1
``從者/禮裝數: 832 / 869`
_2023-09-06 19:38:08_
--------
`友情點數召喚累計2740次

`[f0cc4e7ae2d4b30013f328b2cf7d6063]
`登入天數: 28天 / 2118天
等級: 20
石頭: 1621
呼符: 155
友情點: +0 / 1945585`
*連続ログイン7日間到達おめでとうございます！
明日は1日目からリスタートされます。*
`獣の足跡 X 1
呼符 X 1
9月交換券(2023) X 1
`*ハンティングクエスト 第13弾
特別ログインボーナス*
*開催期間中、1日1回 最大7回ログインボーナスをプレゼント！*
/webview/loginbonus/20230901_a2kpei/a2kpei_k_06.png
`黄金の果実 X 1
``從者/禮裝數: 816 / 843`
_2023-09-06 19:38:20_
--------
`友情點數召喚累計2702次

`[48a14ba1dd858b92594b71e0ed7d5311]
`登入天數: 28天 / 2108天
等級: 20
石頭: 2716
呼符: 201
友情點: +0 / 1854985`
*連続ログイン7日間到達おめでとうございます！
明日は1日目からリスタートされます。*
`獣の足跡 X 1
呼符 X 1
9月交換券(2023) X 1
`*ハンティングクエスト 第13弾
特別ログインボーナス*
*開催期間中、1日1回 最大7回ログインボーナスをプレゼント！*
/webview/loginbonus/20230901_a2kpei/a2kpei_k_06.png
`黄金の果実 X 1
``從者/禮裝數: 865 / 837`
_2023-09-06 19:38:33_
--------
`友情點數召喚累計2620次

`