【登入訊息】
[c5ab1b78563b1f9e4ee17ab01234bc5e]
`登入天數: 60天 / 1982天
等級: 92
石頭: 3493
呼符: 200
友情點: +0 / 1983505`
*連続ログイン4日目
※ログインが途切れるか、7日到達すると
1日目から再開されます*
`聖晶石 X 1
9月交換券(2023) X 1
`*ハンティングクエスト 第13弾
特別ログインボーナス*
*開催期間中、1日1回 最大7回ログインボーナスをプレゼント！*
/webview/loginbonus/20230901_a2kpei/a2kpei_k_07.png
`黄金の果実 X 1
``從者/禮裝數: 851 / 833`
_2023-09-07 19:36:57_
--------
`友情點數召喚累計3671次

`[d4825e10f75d83bc0cfb33b6768a8634]
`登入天數: 60天 / 2171天
等級: 19
石頭: 3310
呼符: 119
友情點: +660 / 2328810`
*連続ログイン4日目
※ログインが途切れるか、7日到達すると
1日目から再開されます*
`聖晶石 X 1
9月交換券(2023) X 1
`*ハンティングクエスト 第13弾
特別ログインボーナス*
*開催期間中、1日1回 最大7回ログインボーナスをプレゼント！*
/webview/loginbonus/20230901_a2kpei/a2kpei_k_07.png
`黄金の果実 X 1
``從者/禮裝數: 842 / 866`
_2023-09-07 19:37:10_
--------
`友情點數召喚累計2980次

`[ff29db15be18f883ffccdf7ab23021a7]
`登入天數: 60天 / 2167天
等級: 18
石頭: 2623
呼符: 94
友情點: +410 / 2114105`
*連続ログイン4日目
※ログインが途切れるか、7日到達すると
1日目から再開されます*
`聖晶石 X 1
9月交換券(2023) X 1
`*ハンティングクエスト 第13弾
特別ログインボーナス*
*開催期間中、1日1回 最大7回ログインボーナスをプレゼント！*
/webview/loginbonus/20230901_a2kpei/a2kpei_k_07.png
`黄金の果実 X 1
``從者/禮裝數: 838 / 858`
_2023-09-07 19:37:22_
--------
`友情點數召喚累計2810次

`[cc4787a257e3a46e268001195f780247]
`登入天數: 60天 / 2181天
等級: 18
石頭: 3414
呼符: 204
友情點: +390 / 2216795`
*連続ログイン4日目
※ログインが途切れるか、7日到達すると
1日目から再開されます*
`聖晶石 X 1
9月交換券(2023) X 1
`*ハンティングクエスト 第13弾
特別ログインボーナス*
*開催期間中、1日1回 最大7回ログインボーナスをプレゼント！*
/webview/loginbonus/20230901_a2kpei/a2kpei_k_07.png
`黄金の果実 X 1
``從者/禮裝數: 800 / 827`
_2023-09-07 19:37:34_
--------
`友情點數召喚累計3370次

`[3f5599a008981ecf87f2dea9d1d83d6a]
`登入天數: 60天 / 2186天
等級: 18
石頭: 2622
呼符: 94
友情點: +0 / 2082150`
*連続ログイン4日目
※ログインが途切れるか、7日到達すると
1日目から再開されます*
`聖晶石 X 1
9月交換券(2023) X 1
`*ハンティングクエスト 第13弾
特別ログインボーナス*
*開催期間中、1日1回 最大7回ログインボーナスをプレゼント！*
/webview/loginbonus/20230901_a2kpei/a2kpei_k_07.png
`黄金の果実 X 1
``從者/禮裝數: 849 / 870`
_2023-09-07 19:37:46_
--------
`友情點數召喚累計2760次

`[0d14e47d83c8b8400ed7555e0192724d]
`登入天數: 29天 / 2106天
等級: 21
石頭: 2278
呼符: 114
友情點: +260 / 2087945`
*連続ログイン1日目
※ログインが途切れるか、7日到達すると
1日目から再開されます*
`フレンドポイント X 2000
9月交換券(2023) X 1
`*ハンティングクエスト 第13弾
特別ログインボーナス*
*開催期間中、1日1回 最大7回ログインボーナスをプレゼント！*
/webview/loginbonus/20230901_a2kpei/a2kpei_k_07.png
`黄金の果実 X 1
``從者/禮裝數: 769 / 871`
_2023-09-07 19:37:59_
--------
`友情點數召喚累計2820次

`[d4c10e20929a4c973210db1453668b11]
`登入天數: 29天 / 2111天
等級: 20
石頭: 2281
呼符: 79
友情點: +0 / 1854020`
*連続ログイン1日目
※ログインが途切れるか、7日到達すると
1日目から再開されます*
`フレンドポイント X 2000
9月交換券(2023) X 1
`*ハンティングクエスト 第13弾
特別ログインボーナス*
*開催期間中、1日1回 最大7回ログインボーナスをプレゼント！*
/webview/loginbonus/20230901_a2kpei/a2kpei_k_07.png
`黄金の果実 X 1
``從者/禮裝數: 835 / 874`
_2023-09-07 19:38:14_
--------
`友情點數召喚累計2750次

`[f0cc4e7ae2d4b30013f328b2cf7d6063]
`登入天數: 29天 / 2119天
等級: 20
石頭: 1621
呼符: 155
友情點: +0 / 1945585`
*連続ログイン1日目
※ログインが途切れるか、7日到達すると
1日目から再開されます*
`フレンドポイント X 2000
9月交換券(2023) X 1
`*ハンティングクエスト 第13弾
特別ログインボーナス*
*開催期間中、1日1回 最大7回ログインボーナスをプレゼント！*
/webview/loginbonus/20230901_a2kpei/a2kpei_k_07.png
`黄金の果実 X 1
``從者/禮裝數: 817 / 849`
_2023-09-07 19:38:28_
--------
`友情點數召喚累計2712次

`[48a14ba1dd858b92594b71e0ed7d5311]
`登入天數: 29天 / 2109天
等級: 20
石頭: 2716
呼符: 201
友情點: +0 / 1854985`
*連続ログイン1日目
※ログインが途切れるか、7日到達すると
1日目から再開されます*
`フレンドポイント X 2000
9月交換券(2023) X 1
`*ハンティングクエスト 第13弾
特別ログインボーナス*
*開催期間中、1日1回 最大7回ログインボーナスをプレゼント！*
/webview/loginbonus/20230901_a2kpei/a2kpei_k_07.png
`黄金の果実 X 1
``從者/禮裝數: 868 / 841`
_2023-09-07 19:38:42_
--------
`友情點數召喚累計2630次

`