【登入訊息】
[c5ab1b78563b1f9e4ee17ab01234bc5e]
`登入天數: 61天 / 1983天
等級: 92
石頭: 3493
呼符: 200
友情點: +0 / 1983505`
*連続ログイン5日目
※ログインが途切れるか、7日到達すると
1日目から再開されます*
`叡智の業火 X 2
9月交換券(2023) X 1
``從者/禮裝數: 851 / 840`
_2023-09-08 19:36:56_
--------
`友情點數召喚累計3681次

`[d4825e10f75d83bc0cfb33b6768a8634]
`登入天數: 61天 / 2172天
等級: 19
石頭: 3310
呼符: 119
友情點: +500 / 2329310`
*連続ログイン5日目
※ログインが途切れるか、7日到達すると
1日目から再開されます*
`叡智の業火 X 2
9月交換券(2023) X 1
``從者/禮裝數: 846 / 871`
_2023-09-08 19:37:08_
--------
`友情點數召喚累計2990次

`[ff29db15be18f883ffccdf7ab23021a7]
`登入天數: 61天 / 2168天
等級: 18
石頭: 2623
呼符: 94
友情點: +200 / 2114305`
*連続ログイン5日目
※ログインが途切れるか、7日到達すると
1日目から再開されます*
`叡智の業火 X 2
9月交換券(2023) X 1
``從者/禮裝數: 842 / 861`
_2023-09-08 19:37:19_
--------
`友情點數召喚累計2820次

`[cc4787a257e3a46e268001195f780247]
`登入天數: 61天 / 2182天
等級: 18
石頭: 3414
呼符: 204
友情點: +180 / 2216975`
*連続ログイン5日目
※ログインが途切れるか、7日到達すると
1日目から再開されます*
`叡智の業火 X 2
9月交換券(2023) X 1
``從者/禮裝數: 802 / 835`
_2023-09-08 19:37:31_
--------
`友情點數召喚累計3380次

`[3f5599a008981ecf87f2dea9d1d83d6a]
`登入天數: 61天 / 2187天
等級: 18
石頭: 2622
呼符: 94
友情點: +0 / 2082150`
*連続ログイン5日目
※ログインが途切れるか、7日到達すると
1日目から再開されます*
`叡智の業火 X 2
9月交換券(2023) X 1
``從者/禮裝數: 852 / 876`
_2023-09-08 19:37:42_
--------
`友情點數召喚累計2770次

`[0d14e47d83c8b8400ed7555e0192724d]
`登入天數: 30天 / 2107天
等級: 21
石頭: 2278
呼符: 114
友情點: +250 / 2088195`
*連続ログイン2日目
※ログインが途切れるか、7日到達すると
1日目から再開されます*
`聖晶石 X 1
9月交換券(2023) X 1
``從者/禮裝數: 773 / 876`
_2023-09-08 19:37:53_
--------
`友情點數召喚累計2830次

`[d4c10e20929a4c973210db1453668b11]
`登入天數: 30天 / 2112天
等級: 20
石頭: 2281
呼符: 79
友情點: +0 / 1854020`
*連続ログイン2日目
※ログインが途切れるか、7日到達すると
1日目から再開されます*
`聖晶石 X 1
9月交換券(2023) X 1
``從者/禮裝數: 835 / 880`
_2023-09-08 19:38:05_
--------
`友情點數召喚累計2760次

`[f0cc4e7ae2d4b30013f328b2cf7d6063]
`登入天數: 30天 / 2120天
等級: 20
石頭: 1621
呼符: 155
友情點: +0 / 1945585`
*連続ログイン2日目
※ログインが途切れるか、7日到達すると
1日目から再開されます*
`聖晶石 X 1
9月交換券(2023) X 1
``從者/禮裝數: 822 / 852`
_2023-09-08 19:38:16_
--------
`友情點數召喚累計2722次

`[48a14ba1dd858b92594b71e0ed7d5311]
`登入天數: 30天 / 2110天
等級: 20
石頭: 2716
呼符: 201
友情點: +0 / 1854985`
*連続ログイン2日目
※ログインが途切れるか、7日到達すると
1日目から再開されます*
`聖晶石 X 1
9月交換券(2023) X 1
``從者/禮裝數: 871 / 847`
_2023-09-08 19:38:28_
--------
`友情點數召喚累計2640次

`