【登入訊息】
[c5ab1b78563b1f9e4ee17ab01234bc5e]
`登入天數: 62天 / 1984天
等級: 92
石頭: 3493
呼符: 200
友情點: +0 / 1983505`
*連続ログイン6日目
※ログインが途切れるか、7日到達すると
1日目から再開されます*
`聖晶石 X 2
9月交換券(2023) X 1
``從者/禮裝數: 852 / 844`
_2023-09-09 19:36:53_
--------
`友情點數召喚累計3691次

`[d4825e10f75d83bc0cfb33b6768a8634]
`登入天數: 62天 / 2173天
等級: 19
石頭: 3310
呼符: 119
友情點: +460 / 2329770`
*連続ログイン6日目
※ログインが途切れるか、7日到達すると
1日目から再開されます*
`聖晶石 X 2
9月交換券(2023) X 1
``從者/禮裝數: 850 / 876`
_2023-09-09 19:37:06_
--------
`友情點數召喚累計3000次

`[ff29db15be18f883ffccdf7ab23021a7]
`登入天數: 62天 / 2169天
等級: 18
石頭: 2623
呼符: 94
友情點: +330 / 2114635`
*連続ログイン6日目
※ログインが途切れるか、7日到達すると
1日目から再開されます*
`聖晶石 X 2
9月交換券(2023) X 1
``從者/禮裝數: 844 / 868`
_2023-09-09 19:37:18_
--------
`友情點數召喚累計2830次

`[cc4787a257e3a46e268001195f780247]
`登入天數: 62天 / 2183天
等級: 18
石頭: 3414
呼符: 204
友情點: +240 / 2217215`
*連続ログイン6日目
※ログインが途切れるか、7日到達すると
1日目から再開されます*
`聖晶石 X 2
9月交換券(2023) X 1
``從者/禮裝數: 805 / 837`
_2023-09-09 19:37:31_
--------
`友情點數召喚累計3390次

`[3f5599a008981ecf87f2dea9d1d83d6a]
`登入天數: 62天 / 2188天
等級: 18
石頭: 2622
呼符: 94
友情點: +0 / 2082150`
*連続ログイン6日目
※ログインが途切れるか、7日到達すると
1日目から再開されます*
`聖晶石 X 2
9月交換券(2023) X 1
``從者/禮裝數: 853 / 883`
_2023-09-09 19:37:43_
--------
`友情點數召喚累計2780次

`[0d14e47d83c8b8400ed7555e0192724d]
`登入天數: 31天 / 2108天
等級: 21
石頭: 2278
呼符: 114
友情點: +300 / 2088495`
*連続ログイン3日目
※ログインが途切れるか、7日到達すると
1日目から再開されます*
`叡智の業火 X 1
9月交換券(2023) X 1
``從者/禮裝數: 775 / 883`
_2023-09-09 19:37:57_
--------
`友情點數召喚累計2840次

`[d4c10e20929a4c973210db1453668b11]
`登入天數: 31天 / 2113天
等級: 20
石頭: 2281
呼符: 79
友情點: +0 / 1854020`
*連続ログイン3日目
※ログインが途切れるか、7日到達すると
1日目から再開されます*
`叡智の業火 X 1
9月交換券(2023) X 1
``從者/禮裝數: 839 / 883`
_2023-09-09 19:38:09_
--------
`友情點數召喚累計2770次

`[f0cc4e7ae2d4b30013f328b2cf7d6063]
`登入天數: 31天 / 2121天
等級: 20
石頭: 1621
呼符: 155
友情點: +0 / 1945585`
*連続ログイン3日目
※ログインが途切れるか、7日到達すると
1日目から再開されます*
`叡智の業火 X 1
9月交換券(2023) X 1
``從者/禮裝數: 825 / 856`
_2023-09-09 19:38:22_
--------
`友情點數召喚累計2732次

`[48a14ba1dd858b92594b71e0ed7d5311]
`登入天數: 31天 / 2111天
等級: 20
石頭: 2716
呼符: 201
友情點: +0 / 1854985`
*連続ログイン3日目
※ログインが途切れるか、7日到達すると
1日目から再開されます*
`叡智の業火 X 1
9月交換券(2023) X 1
``從者/禮裝數: 874 / 851`
_2023-09-09 19:38:34_
--------
`友情點數召喚累計2650次

`