【登入訊息】
[c5ab1b78563b1f9e4ee17ab01234bc5e]
`登入天數: 63天 / 1985天
等級: 92
石頭: 3493
呼符: 200
友情點: +0 / 1983505`
*連続ログイン7日間到達おめでとうございます！
明日は1日目からリスタートされます。*
`獣の足跡 X 1
呼符 X 1
9月交換券(2023) X 1
``從者/禮裝數: 854 / 851`
_2023-09-10 19:36:41_
--------
`友情點數召喚累計3701次

`[d4825e10f75d83bc0cfb33b6768a8634]
`登入天數: 63天 / 2174天
等級: 19
石頭: 3310
呼符: 119
友情點: +460 / 2330230`
*連続ログイン7日間到達おめでとうございます！
明日は1日目からリスタートされます。*
`獣の足跡 X 1
呼符 X 1
9月交換券(2023) X 1
``從者/禮裝數: 854 / 878`
_2023-09-10 19:36:52_
--------
`友情點數召喚累計3010次

`[ff29db15be18f883ffccdf7ab23021a7]
`登入天數: 63天 / 2170天
等級: 18
石頭: 2623
呼符: 94
友情點: +230 / 2114865`
*連続ログイン7日間到達おめでとうございます！
明日は1日目からリスタートされます。*
`獣の足跡 X 1
呼符 X 1
9月交換券(2023) X 1
``從者/禮裝數: 846 / 875`
_2023-09-10 19:37:03_
--------
`友情點數召喚累計2840次

`[cc4787a257e3a46e268001195f780247]
`登入天數: 63天 / 2184天
等級: 18
石頭: 3414
呼符: 204
友情點: +170 / 2217385`
*連続ログイン7日間到達おめでとうございます！
明日は1日目からリスタートされます。*
`獣の足跡 X 1
呼符 X 1
9月交換券(2023) X 1
``從者/禮裝數: 809 / 843`
_2023-09-10 19:37:15_
--------
`友情點數召喚累計3400次

`[3f5599a008981ecf87f2dea9d1d83d6a]
`登入天數: 63天 / 2189天
等級: 18
石頭: 2622
呼符: 94
友情點: +0 / 2082150`
*連続ログイン7日間到達おめでとうございます！
明日は1日目からリスタートされます。*
`獣の足跡 X 1
呼符 X 1
9月交換券(2023) X 1
``從者/禮裝數: 856 / 887`
_2023-09-10 19:37:26_
--------
`友情點數召喚累計2790次

`[0d14e47d83c8b8400ed7555e0192724d]
`登入天數: 32天 / 2109天
等級: 21
石頭: 2278
呼符: 114
友情點: +140 / 2088635`
*連続ログイン4日目
※ログインが途切れるか、7日到達すると
1日目から再開されます*
`聖晶石 X 1
9月交換券(2023) X 1
``從者/禮裝數: 775 / 889`
_2023-09-10 19:37:38_
--------
`友情點數召喚累計2850次

`[d4c10e20929a4c973210db1453668b11]
`登入天數: 32天 / 2114天
等級: 20
石頭: 2281
呼符: 79
友情點: +0 / 1854020`
*連続ログイン4日目
※ログインが途切れるか、7日到達すると
1日目から再開されます*
`聖晶石 X 1
9月交換券(2023) X 1
``從者/禮裝數: 843 / 887`
_2023-09-10 19:37:50_
--------
`友情點數召喚累計2780次

`[f0cc4e7ae2d4b30013f328b2cf7d6063]
`登入天數: 32天 / 2122天
等級: 20
石頭: 1621
呼符: 155
友情點: +0 / 1945585`
*連続ログイン4日目
※ログインが途切れるか、7日到達すると
1日目から再開されます*
`聖晶石 X 1
9月交換券(2023) X 1
``從者/禮裝數: 828 / 862`
_2023-09-10 19:38:01_
--------
`友情點數召喚累計2742次

`[48a14ba1dd858b92594b71e0ed7d5311]
`登入天數: 32天 / 2112天
等級: 20
石頭: 2716
呼符: 201
友情點: +0 / 1854985`
*連続ログイン4日目
※ログインが途切れるか、7日到達すると
1日目から再開されます*
`聖晶石 X 1
9月交換券(2023) X 1
``從者/禮裝數: 877 / 856`
_2023-09-10 19:38:13_
--------
`友情點數召喚累計2660次

`