【登入訊息】
[c5ab1b78563b1f9e4ee17ab01234bc5e]
`登入天數: 64天 / 1986天
等級: 92
石頭: 3493
呼符: 200
友情點: +0 / 1983505`
*連続ログイン1日目
※ログインが途切れるか、7日到達すると
1日目から再開されます*
`フレンドポイント X 2000
9月交換券(2023) X 1
``從者/禮裝數: 857 / 857`
_2023-09-11 19:36:41_
--------
`友情點數召喚累計3711次

`[d4825e10f75d83bc0cfb33b6768a8634]
`登入天數: 64天 / 2175天
等級: 19
石頭: 3310
呼符: 119
友情點: +840 / 2331070`
*連続ログイン1日目
※ログインが途切れるか、7日到達すると
1日目から再開されます*
`フレンドポイント X 2000
9月交換券(2023) X 1
``從者/禮裝數: 854 / 885`
_2023-09-11 19:36:54_
--------
`友情點數召喚累計3020次

`[ff29db15be18f883ffccdf7ab23021a7]
`登入天數: 64天 / 2171天
等級: 18
石頭: 2623
呼符: 94
友情點: +350 / 2115215`
*連続ログイン1日目
※ログインが途切れるか、7日到達すると
1日目から再開されます*
`フレンドポイント X 2000
9月交換券(2023) X 1
``從者/禮裝數: 848 / 881`
_2023-09-11 19:37:06_
--------
`友情點數召喚累計2850次

`[cc4787a257e3a46e268001195f780247]
`登入天數: 64天 / 2185天
等級: 18
石頭: 3414
呼符: 204
友情點: +260 / 2217675`
*連続ログイン1日目
※ログインが途切れるか、7日到達すると
1日目から再開されます*
`フレンドポイント X 2000
9月交換券(2023) X 1
``從者/禮裝數: 810 / 852`
_2023-09-11 19:37:19_
--------
`友情點數召喚累計3410次

`[3f5599a008981ecf87f2dea9d1d83d6a]
`登入天數: 64天 / 2190天
等級: 18
石頭: 2622
呼符: 94
友情點: +0 / 2082150`
*連続ログイン1日目
※ログインが途切れるか、7日到達すると
1日目から再開されます*
`フレンドポイント X 2000
9月交換券(2023) X 1
``從者/禮裝數: 859 / 893`
_2023-09-11 19:37:31_
--------
`友情點數召喚累計2800次

`[0d14e47d83c8b8400ed7555e0192724d]
`登入天數: 33天 / 2110天
等級: 21
石頭: 2278
呼符: 114
友情點: +370 / 2089005`
*連続ログイン5日目
※ログインが途切れるか、7日到達すると
1日目から再開されます*
`叡智の業火 X 2
9月交換券(2023) X 1
``從者/禮裝數: 778 / 894`
_2023-09-11 19:37:44_
--------
`友情點數召喚累計2860次

`[d4c10e20929a4c973210db1453668b11]
`登入天數: 33天 / 2115天
等級: 20
石頭: 2281
呼符: 79
友情點: +0 / 1854020`
*連続ログイン5日目
※ログインが途切れるか、7日到達すると
1日目から再開されます*
`叡智の業火 X 2
9月交換券(2023) X 1
``從者/禮裝數: 846 / 893`
_2023-09-11 19:37:56_
--------
`友情點數召喚累計2790次

`[f0cc4e7ae2d4b30013f328b2cf7d6063]
`登入天數: 33天 / 2123天
等級: 20
石頭: 1621
呼符: 155
友情點: +0 / 1945585`
*連続ログイン5日目
※ログインが途切れるか、7日到達すると
1日目から再開されます*
`叡智の業火 X 2
9月交換券(2023) X 1
``從者/禮裝數: 831 / 866`
_2023-09-11 19:38:09_
--------
`友情點數召喚累計2752次

`[48a14ba1dd858b92594b71e0ed7d5311]
`登入天數: 33天 / 2113天
等級: 20
石頭: 2716
呼符: 201
友情點: +0 / 1854985`
*連続ログイン5日目
※ログインが途切れるか、7日到達すると
1日目から再開されます*
`叡智の業火 X 2
9月交換券(2023) X 1
``從者/禮裝數: 883 / 858`
_2023-09-11 19:38:22_
--------
`友情點數召喚累計2670次

`