【登入訊息】
[c5ab1b78563b1f9e4ee17ab01234bc5e]
`登入天數: 65天 / 1987天
等級: 92
石頭: 3493
呼符: 200
友情點: +0 / 1983505`
*連続ログイン2日目
※ログインが途切れるか、7日到達すると
1日目から再開されます*
`聖晶石 X 1
9月交換券(2023) X 1
``從者/禮裝數: 861 / 863`
_2023-09-12 19:36:57_
--------
`友情點數召喚累計3721次

`[d4825e10f75d83bc0cfb33b6768a8634]
`登入天數: 65天 / 2176天
等級: 19
石頭: 3310
呼符: 119
友情點: +1040 / 2332110`
*連続ログイン2日目
※ログインが途切れるか、7日到達すると
1日目から再開されます*
`聖晶石 X 1
9月交換券(2023) X 1
``從者/禮裝數: 859 / 889`
_2023-09-12 19:37:10_
--------
`友情點數召喚累計3030次

`[ff29db15be18f883ffccdf7ab23021a7]
`登入天數: 65天 / 2172天
等級: 18
石頭: 2623
呼符: 94
友情點: +520 / 2115735`
*連続ログイン2日目
※ログインが途切れるか、7日到達すると
1日目から再開されます*
`聖晶石 X 1
9月交換券(2023) X 1
``從者/禮裝數: 850 / 886`
_2023-09-12 19:37:23_
--------
`友情點數召喚累計2860次

`[cc4787a257e3a46e268001195f780247]
`登入天數: 65天 / 2186天
等級: 18
石頭: 3414
呼符: 204
友情點: +410 / 2218085`
*連続ログイン2日目
※ログインが途切れるか、7日到達すると
1日目から再開されます*
`聖晶石 X 1
9月交換券(2023) X 1
``從者/禮裝數: 813 / 859`
_2023-09-12 19:37:35_
--------
`友情點數召喚累計3420次

`[3f5599a008981ecf87f2dea9d1d83d6a]
`登入天數: 65天 / 2191天
等級: 18
石頭: 2622
呼符: 94
友情點: +0 / 2082150`
*連続ログイン2日目
※ログインが途切れるか、7日到達すると
1日目から再開されます*
`聖晶石 X 1
9月交換券(2023) X 1
``從者/禮裝數: 863 / 895`
_2023-09-12 19:37:48_
--------
`友情點數召喚累計2810次

`[0d14e47d83c8b8400ed7555e0192724d]
`登入天數: 34天 / 2111天
等級: 21
石頭: 2278
呼符: 114
友情點: +530 / 2089535`
*連続ログイン6日目
※ログインが途切れるか、7日到達すると
1日目から再開されます*
`聖晶石 X 2
9月交換券(2023) X 1
``從者/禮裝數: 781 / 899`
_2023-09-12 19:38:01_
--------
`友情點數召喚累計2870次

`[d4c10e20929a4c973210db1453668b11]
`登入天數: 34天 / 2116天
等級: 20
石頭: 2281
呼符: 79
友情點: +0 / 1854020`
*連続ログイン6日目
※ログインが途切れるか、7日到達すると
1日目から再開されます*
`聖晶石 X 2
9月交換券(2023) X 1
``從者/禮裝數: 851 / 895`
_2023-09-12 19:38:13_
--------
`友情點數召喚累計2800次

`[f0cc4e7ae2d4b30013f328b2cf7d6063]
`登入天數: 34天 / 2124天
等級: 20
石頭: 1621
呼符: 155
友情點: +0 / 1945585`
*連続ログイン6日目
※ログインが途切れるか、7日到達すると
1日目から再開されます*
`聖晶石 X 2
9月交換券(2023) X 1
``從者/禮裝數: 833 / 871`
_2023-09-12 19:38:25_
--------
`友情點數召喚累計2762次

`[48a14ba1dd858b92594b71e0ed7d5311]
`登入天數: 34天 / 2114天
等級: 20
石頭: 2716
呼符: 201
友情點: +0 / 1854985`
*連続ログイン6日目
※ログインが途切れるか、7日到達すると
1日目から再開されます*
`聖晶石 X 2
9月交換券(2023) X 1
``從者/禮裝數: 886 / 865`
_2023-09-12 19:38:38_
--------
`友情點數召喚累計2680次

`