【登入訊息】
[c5ab1b78563b1f9e4ee17ab01234bc5e]
`登入天數: 66天 / 1988天
等級: 92
石頭: 3493
呼符: 200
友情點: +0 / 1983505`
*連続ログイン3日目
※ログインが途切れるか、7日到達すると
1日目から再開されます*
`叡智の業火 X 1
9月交換券(2023) X 1
`*日替りログインボーナス*
*開催期間中、1日1回 2週間日替りでログインボーナスをプレゼント！*
/webview/loginbonus/20230914_3zze01/3zze01_s_01.png
`巡霊の葉 X 30
``從者/禮裝數: 864 / 869`
_2023-09-13 19:36:41_
--------
`友情點數召喚累計3731次

`[d4825e10f75d83bc0cfb33b6768a8634]
`登入天數: 66天 / 2177天
等級: 19
石頭: 3310
呼符: 119
友情點: +840 / 2332950`
*連続ログイン3日目
※ログインが途切れるか、7日到達すると
1日目から再開されます*
`叡智の業火 X 1
9月交換券(2023) X 1
`*日替りログインボーナス*
*開催期間中、1日1回 2週間日替りでログインボーナスをプレゼント！*
/webview/loginbonus/20230914_3zze01/3zze01_s_01.png
`巡霊の葉 X 30
``從者/禮裝數: 861 / 895`
_2023-09-13 19:36:53_
--------
`友情點數召喚累計3040次

`[ff29db15be18f883ffccdf7ab23021a7]
`登入天數: 66天 / 2173天
等級: 18
石頭: 2623
呼符: 94
友情點: +220 / 2115955`
*連続ログイン3日目
※ログインが途切れるか、7日到達すると
1日目から再開されます*
`叡智の業火 X 1
9月交換券(2023) X 1
`*日替りログインボーナス*
*開催期間中、1日1回 2週間日替りでログインボーナスをプレゼント！*
/webview/loginbonus/20230914_3zze01/3zze01_s_01.png
`巡霊の葉 X 30
``從者/禮裝數: 852 / 891`
_2023-09-13 19:37:05_
--------
`友情點數召喚累計2870次

`[cc4787a257e3a46e268001195f780247]
`登入天數: 66天 / 2187天
等級: 18
石頭: 3414
呼符: 204
友情點: +350 / 2218675`
*連続ログイン3日目
※ログインが途切れるか、7日到達すると
1日目から再開されます*
`叡智の業火 X 1
9月交換券(2023) X 1
`*日替りログインボーナス*
*開催期間中、1日1回 2週間日替りでログインボーナスをプレゼント！*
/webview/loginbonus/20230914_3zze01/3zze01_s_01.png
`巡霊の葉 X 30
``從者/禮裝數: 817 / 862`
_2023-09-13 19:37:16_
--------
`友情點數召喚累計3430次

`[3f5599a008981ecf87f2dea9d1d83d6a]
`登入天數: 66天 / 2192天
等級: 18
石頭: 2622
呼符: 94
友情點: +0 / 2082150`
*連続ログイン3日目
※ログインが途切れるか、7日到達すると
1日目から再開されます*
`叡智の業火 X 1
9月交換券(2023) X 1
`*日替りログインボーナス*
*開催期間中、1日1回 2週間日替りでログインボーナスをプレゼント！*
/webview/loginbonus/20230914_3zze01/3zze01_s_01.png
`巡霊の葉 X 30
``從者/禮裝數: 864 / 901`
_2023-09-13 19:37:28_
--------
[0d14e47d83c8b8400ed7555e0192724d]
`登入天數: 35天 / 2112天
等級: 21
石頭: 2278
呼符: 114
友情點: +410 / 2089945`
*連続ログイン7日間到達おめでとうございます！
明日は1日目からリスタートされます。*
`獣の足跡 X 1
呼符 X 1
9月交換券(2023) X 1
`*日替りログインボーナス*
*開催期間中、1日1回 2週間日替りでログインボーナスをプレゼント！*
/webview/loginbonus/20230914_3zze01/3zze01_s_01.png
`巡霊の葉 X 30
``從者/禮裝數: 785 / 903`
_2023-09-13 19:37:37_
--------
[d4c10e20929a4c973210db1453668b11]
`登入天數: 35天 / 2117天
等級: 20
石頭: 2281
呼符: 79
友情點: +0 / 1854020`
*連続ログイン7日間到達おめでとうございます！
明日は1日目からリスタートされます。*
`獣の足跡 X 1
呼符 X 1
9月交換券(2023) X 1
`*日替りログインボーナス*
*開催期間中、1日1回 2週間日替りでログインボーナスをプレゼント！*
/webview/loginbonus/20230914_3zze01/3zze01_s_01.png
`巡霊の葉 X 30
``從者/禮裝數: 854 / 902`
_2023-09-13 19:37:47_
--------
[f0cc4e7ae2d4b30013f328b2cf7d6063]
`登入天數: 35天 / 2125天
等級: 20
石頭: 1621
呼符: 155
友情點: +0 / 1945585`
*連続ログイン7日間到達おめでとうございます！
明日は1日目からリスタートされます。*
`獣の足跡 X 1
呼符 X 1
9月交換券(2023) X 1
`*日替りログインボーナス*
*開催期間中、1日1回 2週間日替りでログインボーナスをプレゼント！*
/webview/loginbonus/20230914_3zze01/3zze01_s_01.png
`巡霊の葉 X 30
``從者/禮裝數: 835 / 876`
_2023-09-13 19:37:56_
--------
`友情點數召喚累計2772次

`[48a14ba1dd858b92594b71e0ed7d5311]
`登入天數: 35天 / 2115天
等級: 20
石頭: 2716
呼符: 201
友情點: +0 / 1854985`
*連続ログイン7日間到達おめでとうございます！
明日は1日目からリスタートされます。*
`獣の足跡 X 1
呼符 X 1
9月交換券(2023) X 1
`*日替りログインボーナス*
*開催期間中、1日1回 2週間日替りでログインボーナスをプレゼント！*
/webview/loginbonus/20230914_3zze01/3zze01_s_01.png
`巡霊の葉 X 30
``從者/禮裝數: 890 / 868`
_2023-09-13 19:38:07_
--------
`友情點數召喚累計2690次

`