【登入訊息】
[c5ab1b78563b1f9e4ee17ab01234bc5e]
`登入天數: 67天 / 1989天
等級: 92
石頭: 3493
呼符: 200
友情點: +0 / 1983505`
*連続ログイン4日目
※ログインが途切れるか、7日到達すると
1日目から再開されます*
`聖晶石 X 1
9月交換券(2023) X 1
`*日替りログインボーナス*
*開催期間中、1日1回 2週間日替りでログインボーナスをプレゼント！*
/webview/loginbonus/20230915_3zze02/3zze02_s_01.png
`巡霊の葉 X 30
``從者/禮裝數: 866 / 874`
_2023-09-14 19:37:08_
--------
`友情點數召喚累計3741次

`[d4825e10f75d83bc0cfb33b6768a8634]
`登入天數: 67天 / 2178天
等級: 19
石頭: 3310
呼符: 119
友情點: +1040 / 2334020`
*連続ログイン4日目
※ログインが途切れるか、7日到達すると
1日目から再開されます*
`聖晶石 X 1
9月交換券(2023) X 1
`*日替りログインボーナス*
*開催期間中、1日1回 2週間日替りでログインボーナスをプレゼント！*
/webview/loginbonus/20230915_3zze02/3zze02_s_01.png
`巡霊の葉 X 30
``從者/禮裝數: 863 / 902`
_2023-09-14 19:37:21_
--------
[ff29db15be18f883ffccdf7ab23021a7]
`登入天數: 67天 / 2174天
等級: 18
石頭: 2623
呼符: 94
友情點: +650 / 2116615`
*連続ログイン4日目
※ログインが途切れるか、7日到達すると
1日目から再開されます*
`聖晶石 X 1
9月交換券(2023) X 1
`*日替りログインボーナス*
*開催期間中、1日1回 2週間日替りでログインボーナスをプレゼント！*
/webview/loginbonus/20230915_3zze02/3zze02_s_01.png
`巡霊の葉 X 30
``從者/禮裝數: 854 / 898`
_2023-09-14 19:37:30_
--------
`友情點數召喚累計2880次

`[cc4787a257e3a46e268001195f780247]
`登入天數: 67天 / 2188天
等級: 18
石頭: 3414
呼符: 204
友情點: +600 / 2219275`
*連続ログイン4日目
※ログインが途切れるか、7日到達すると
1日目から再開されます*
`聖晶石 X 1
9月交換券(2023) X 1
`*日替りログインボーナス*
*開催期間中、1日1回 2週間日替りでログインボーナスをプレゼント！*
/webview/loginbonus/20230915_3zze02/3zze02_s_01.png
`巡霊の葉 X 30
``從者/禮裝數: 819 / 867`
_2023-09-14 19:37:43_
--------
`友情點數召喚累計3440次

`[3f5599a008981ecf87f2dea9d1d83d6a]
`登入天數: 67天 / 2193天
等級: 18
石頭: 2622
呼符: 94
友情點: +0 / 2082150`
*連続ログイン4日目
※ログインが途切れるか、7日到達すると
1日目から再開されます*
`聖晶石 X 1
9月交換券(2023) X 1
`*日替りログインボーナス*
*開催期間中、1日1回 2週間日替りでログインボーナスをプレゼント！*
/webview/loginbonus/20230915_3zze02/3zze02_s_01.png
`巡霊の葉 X 30
``從者/禮裝數: 864 / 901`
_2023-09-14 19:37:56_
--------
[0d14e47d83c8b8400ed7555e0192724d]
`登入天數: 36天 / 2113天
等級: 21
石頭: 2278
呼符: 114
友情點: +850 / 2092015`
*連続ログイン1日目
※ログインが途切れるか、7日到達すると
1日目から再開されます*
`フレンドポイント X 2000
9月交換券(2023) X 1
`*日替りログインボーナス*
*開催期間中、1日1回 2週間日替りでログインボーナスをプレゼント！*
/webview/loginbonus/20230915_3zze02/3zze02_s_01.png
`巡霊の葉 X 30
``從者/禮裝數: 785 / 903`
_2023-09-14 19:38:06_
--------
[d4c10e20929a4c973210db1453668b11]
`登入天數: 36天 / 2118天
等級: 20
石頭: 2281
呼符: 79
友情點: +0 / 1854020`
*連続ログイン1日目
※ログインが途切れるか、7日到達すると
1日目から再開されます*
`フレンドポイント X 2000
9月交換券(2023) X 1
`*日替りログインボーナス*
*開催期間中、1日1回 2週間日替りでログインボーナスをプレゼント！*
/webview/loginbonus/20230915_3zze02/3zze02_s_01.png
`巡霊の葉 X 30
``從者/禮裝數: 854 / 902`
_2023-09-14 19:38:16_
--------
[f0cc4e7ae2d4b30013f328b2cf7d6063]
`登入天數: 36天 / 2126天
等級: 20
石頭: 1621
呼符: 155
友情點: +0 / 1945585`
*連続ログイン1日目
※ログインが途切れるか、7日到達すると
1日目から再開されます*
`フレンドポイント X 2000
9月交換券(2023) X 1
`*日替りログインボーナス*
*開催期間中、1日1回 2週間日替りでログインボーナスをプレゼント！*
/webview/loginbonus/20230915_3zze02/3zze02_s_01.png
`巡霊の葉 X 30
``從者/禮裝數: 837 / 880`
_2023-09-14 19:38:26_
--------
`友情點數召喚累計2782次

`[48a14ba1dd858b92594b71e0ed7d5311]
`登入天數: 36天 / 2116天
等級: 20
石頭: 2716
呼符: 201
友情點: +0 / 1854985`
*連続ログイン1日目
※ログインが途切れるか、7日到達すると
1日目から再開されます*
`フレンドポイント X 2000
9月交換券(2023) X 1
`*日替りログインボーナス*
*開催期間中、1日1回 2週間日替りでログインボーナスをプレゼント！*
/webview/loginbonus/20230915_3zze02/3zze02_s_01.png
`巡霊の葉 X 30
``從者/禮裝數: 890 / 876`
_2023-09-14 19:38:38_
--------
`友情點數召喚累計2700次

`