【登入訊息】
[c5ab1b78563b1f9e4ee17ab01234bc5e]
`登入天數: 69天 / 1991天
等級: 92
石頭: 3493
呼符: 200
友情點: +0 / 1983505`
*連続ログイン6日目
※ログインが途切れるか、7日到達すると
1日目から再開されます*
`聖晶石 X 2
9月交換券(2023) X 1
`*日替りログインボーナス*
*開催期間中、1日1回 2週間日替りでログインボーナスをプレゼント！*
/webview/loginbonus/20230917_3zze04/3zze04_s_01.png
`巡霊の葉 X 30
``從者/禮裝數: 873 / 883`
_2023-09-16 19:36:44_
--------
`友情點數召喚累計3761次

`[d4825e10f75d83bc0cfb33b6768a8634]
`登入天數: 69天 / 2180天
等級: 19
石頭: 3310
呼符: 119
友情點: +660 / 2335120`
*連続ログイン6日目
※ログインが途切れるか、7日到達すると
1日目から再開されます*
`聖晶石 X 2
9月交換券(2023) X 1
`*日替りログインボーナス*
*開催期間中、1日1回 2週間日替りでログインボーナスをプレゼント！*
/webview/loginbonus/20230917_3zze04/3zze04_s_01.png
`巡霊の葉 X 30
``從者/禮裝數: 863 / 902`
_2023-09-16 19:36:57_
--------
[ff29db15be18f883ffccdf7ab23021a7]
`登入天數: 69天 / 2176天
等級: 18
石頭: 2623
呼符: 94
友情點: +290 / 2117195`
*連続ログイン6日目
※ログインが途切れるか、7日到達すると
1日目から再開されます*
`聖晶石 X 2
9月交換券(2023) X 1
`*日替りログインボーナス*
*開催期間中、1日1回 2週間日替りでログインボーナスをプレゼント！*
/webview/loginbonus/20230917_3zze04/3zze04_s_01.png
`巡霊の葉 X 30
``從者/禮裝數: 856 / 905`
_2023-09-16 19:37:07_
--------
[cc4787a257e3a46e268001195f780247]
`登入天數: 69天 / 2190天
等級: 18
石頭: 3414
呼符: 204
友情點: +220 / 2219665`
*連続ログイン6日目
※ログインが途切れるか、7日到達すると
1日目から再開されます*
`聖晶石 X 2
9月交換券(2023) X 1
`*日替りログインボーナス*
*開催期間中、1日1回 2週間日替りでログインボーナスをプレゼント！*
/webview/loginbonus/20230917_3zze04/3zze04_s_01.png
`巡霊の葉 X 30
``從者/禮裝數: 826 / 875`
_2023-09-16 19:37:17_
--------
`友情點數召喚累計3460次

`[3f5599a008981ecf87f2dea9d1d83d6a]
`登入天數: 69天 / 2195天
等級: 18
石頭: 2622
呼符: 94
友情點: +0 / 2082150`
*連続ログイン6日目
※ログインが途切れるか、7日到達すると
1日目から再開されます*
`聖晶石 X 2
9月交換券(2023) X 1
`*日替りログインボーナス*
*開催期間中、1日1回 2週間日替りでログインボーナスをプレゼント！*
/webview/loginbonus/20230917_3zze04/3zze04_s_01.png
`巡霊の葉 X 30
``從者/禮裝數: 864 / 901`
_2023-09-16 19:37:29_
--------
[0d14e47d83c8b8400ed7555e0192724d]
`登入天數: 38天 / 2115天
等級: 21
石頭: 2278
呼符: 114
友情點: +180 / 2093025`
*連続ログイン3日目
※ログインが途切れるか、7日到達すると
1日目から再開されます*
`叡智の業火 X 1
9月交換券(2023) X 1
`*日替りログインボーナス*
*開催期間中、1日1回 2週間日替りでログインボーナスをプレゼント！*
/webview/loginbonus/20230917_3zze04/3zze04_s_01.png
`巡霊の葉 X 30
``從者/禮裝數: 785 / 903`
_2023-09-16 19:37:39_
--------
[d4c10e20929a4c973210db1453668b11]
`登入天數: 38天 / 2120天
等級: 20
石頭: 2281
呼符: 79
友情點: +0 / 1854020`
*連続ログイン3日目
※ログインが途切れるか、7日到達すると
1日目から再開されます*
`叡智の業火 X 1
9月交換券(2023) X 1
`*日替りログインボーナス*
*開催期間中、1日1回 2週間日替りでログインボーナスをプレゼント！*
/webview/loginbonus/20230917_3zze04/3zze04_s_01.png
`巡霊の葉 X 30
``從者/禮裝數: 854 / 902`
_2023-09-16 19:37:49_
--------
[f0cc4e7ae2d4b30013f328b2cf7d6063]
`登入天數: 38天 / 2128天
等級: 20
石頭: 1621
呼符: 155
友情點: +0 / 1945585`
*連続ログイン3日目
※ログインが途切れるか、7日到達すると
1日目から再開されます*
`叡智の業火 X 1
9月交換券(2023) X 1
`*日替りログインボーナス*
*開催期間中、1日1回 2週間日替りでログインボーナスをプレゼント！*
/webview/loginbonus/20230917_3zze04/3zze04_s_01.png
`巡霊の葉 X 30
``從者/禮裝數: 840 / 894`
_2023-09-16 19:37:58_
--------
`友情點數召喚累計2802次

`[48a14ba1dd858b92594b71e0ed7d5311]
`登入天數: 38天 / 2118天
等級: 20
石頭: 2716
呼符: 201
友情點: +0 / 1854985`
*連続ログイン3日目
※ログインが途切れるか、7日到達すると
1日目から再開されます*
`叡智の業火 X 1
9月交換券(2023) X 1
`*日替りログインボーナス*
*開催期間中、1日1回 2週間日替りでログインボーナスをプレゼント！*
/webview/loginbonus/20230917_3zze04/3zze04_s_01.png
`巡霊の葉 X 30
``從者/禮裝數: 896 / 884`
_2023-09-16 19:38:11_
--------
`友情點數召喚累計2720次

`