【登入訊息】
[c5ab1b78563b1f9e4ee17ab01234bc5e]
`登入天數: 70天 / 1992天
等級: 92
石頭: 3493
呼符: 200
友情點: +0 / 1983505`
*連続ログイン7日間到達おめでとうございます！
明日は1日目からリスタートされます。*
`獣の足跡 X 1
呼符 X 1
9月交換券(2023) X 1
`*日替りログインボーナス*
*開催期間中、1日1回 2週間日替りでログインボーナスをプレゼント！*
/webview/loginbonus/20230918_3zze05/3zze05_s_01.png
`巡霊の葉 X 30
`*「京都国際マンガ・アニメフェア2023」出展記念 初回ログインボーナス*
*開催期間中、初回ログインで「聖晶石×10」をプレゼント！*
/webview/loginbonus/20230918_1rv5hs/1rv5hs_s_01.png
`聖晶石 X 10
``從者/禮裝數: 875 / 889`
_2023-09-17 19:36:49_
--------
`友情點數召喚累計3771次

`[d4825e10f75d83bc0cfb33b6768a8634]
`登入天數: 70天 / 2181天
等級: 19
石頭: 3310
呼符: 119
友情點: +420 / 2335550`
*連続ログイン7日間到達おめでとうございます！
明日は1日目からリスタートされます。*
`獣の足跡 X 1
呼符 X 1
9月交換券(2023) X 1
`*日替りログインボーナス*
*開催期間中、1日1回 2週間日替りでログインボーナスをプレゼント！*
/webview/loginbonus/20230918_3zze05/3zze05_s_01.png
`巡霊の葉 X 30
`*「京都国際マンガ・アニメフェア2023」出展記念 初回ログインボーナス*
*開催期間中、初回ログインで「聖晶石×10」をプレゼント！*
/webview/loginbonus/20230918_1rv5hs/1rv5hs_s_01.png
`聖晶石 X 10
``從者/禮裝數: 863 / 902`
_2023-09-17 19:37:02_
--------
[ff29db15be18f883ffccdf7ab23021a7]
`登入天數: 70天 / 2177天
等級: 18
石頭: 2623
呼符: 94
友情點: +260 / 2117455`
*連続ログイン7日間到達おめでとうございます！
明日は1日目からリスタートされます。*
`獣の足跡 X 1
呼符 X 1
9月交換券(2023) X 1
`*日替りログインボーナス*
*開催期間中、1日1回 2週間日替りでログインボーナスをプレゼント！*
/webview/loginbonus/20230918_3zze05/3zze05_s_01.png
`巡霊の葉 X 30
`*「京都国際マンガ・アニメフェア2023」出展記念 初回ログインボーナス*
*開催期間中、初回ログインで「聖晶石×10」をプレゼント！*
/webview/loginbonus/20230918_1rv5hs/1rv5hs_s_01.png
`聖晶石 X 10
``從者/禮裝數: 856 / 905`
_2023-09-17 19:37:12_
--------
[cc4787a257e3a46e268001195f780247]
`登入天數: 70天 / 2191天
等級: 18
石頭: 3414
呼符: 204
友情點: +190 / 2219855`
*連続ログイン7日間到達おめでとうございます！
明日は1日目からリスタートされます。*
`獣の足跡 X 1
呼符 X 1
9月交換券(2023) X 1
`*日替りログインボーナス*
*開催期間中、1日1回 2週間日替りでログインボーナスをプレゼント！*
/webview/loginbonus/20230918_3zze05/3zze05_s_01.png
`巡霊の葉 X 30
`*「京都国際マンガ・アニメフェア2023」出展記念 初回ログインボーナス*
*開催期間中、初回ログインで「聖晶石×10」をプレゼント！*
/webview/loginbonus/20230918_1rv5hs/1rv5hs_s_01.png
`聖晶石 X 10
``從者/禮裝數: 829 / 879`
_2023-09-17 19:37:22_
--------
`友情點數召喚累計3470次

`[3f5599a008981ecf87f2dea9d1d83d6a]
`登入天數: 70天 / 2196天
等級: 18
石頭: 2622
呼符: 94
友情點: +0 / 2082150`
*連続ログイン7日間到達おめでとうございます！
明日は1日目からリスタートされます。*
`獣の足跡 X 1
呼符 X 1
9月交換券(2023) X 1
`*日替りログインボーナス*
*開催期間中、1日1回 2週間日替りでログインボーナスをプレゼント！*
/webview/loginbonus/20230918_3zze05/3zze05_s_01.png
`巡霊の葉 X 30
`*「京都国際マンガ・アニメフェア2023」出展記念 初回ログインボーナス*
*開催期間中、初回ログインで「聖晶石×10」をプレゼント！*
/webview/loginbonus/20230918_1rv5hs/1rv5hs_s_01.png
`聖晶石 X 10
``從者/禮裝數: 864 / 901`
_2023-09-17 19:37:34_
--------
[0d14e47d83c8b8400ed7555e0192724d]
`登入天數: 39天 / 2116天
等級: 21
石頭: 2278
呼符: 114
友情點: +250 / 2093275`
*連続ログイン4日目
※ログインが途切れるか、7日到達すると
1日目から再開されます*
`聖晶石 X 1
9月交換券(2023) X 1
`*日替りログインボーナス*
*開催期間中、1日1回 2週間日替りでログインボーナスをプレゼント！*
/webview/loginbonus/20230918_3zze05/3zze05_s_01.png
`巡霊の葉 X 30
`*「京都国際マンガ・アニメフェア2023」出展記念 初回ログインボーナス*
*開催期間中、初回ログインで「聖晶石×10」をプレゼント！*
/webview/loginbonus/20230918_1rv5hs/1rv5hs_s_01.png
`聖晶石 X 10
``從者/禮裝數: 785 / 903`
_2023-09-17 19:37:44_
--------
[d4c10e20929a4c973210db1453668b11]
`登入天數: 39天 / 2121天
等級: 20
石頭: 2281
呼符: 79
友情點: +0 / 1854020`
*連続ログイン4日目
※ログインが途切れるか、7日到達すると
1日目から再開されます*
`聖晶石 X 1
9月交換券(2023) X 1
`*日替りログインボーナス*
*開催期間中、1日1回 2週間日替りでログインボーナスをプレゼント！*
/webview/loginbonus/20230918_3zze05/3zze05_s_01.png
`巡霊の葉 X 30
`*「京都国際マンガ・アニメフェア2023」出展記念 初回ログインボーナス*
*開催期間中、初回ログインで「聖晶石×10」をプレゼント！*
/webview/loginbonus/20230918_1rv5hs/1rv5hs_s_01.png
`聖晶石 X 10
``從者/禮裝數: 854 / 902`
_2023-09-17 19:37:54_
--------
[f0cc4e7ae2d4b30013f328b2cf7d6063]
`登入天數: 39天 / 2129天
等級: 20
石頭: 1621
呼符: 155
友情點: +0 / 1945585`
*連続ログイン4日目
※ログインが途切れるか、7日到達すると
1日目から再開されます*
`聖晶石 X 1
9月交換券(2023) X 1
`*日替りログインボーナス*
*開催期間中、1日1回 2週間日替りでログインボーナスをプレゼント！*
/webview/loginbonus/20230918_3zze05/3zze05_s_01.png
`巡霊の葉 X 30
`*「京都国際マンガ・アニメフェア2023」出展記念 初回ログインボーナス*
*開催期間中、初回ログインで「聖晶石×10」をプレゼント！*
/webview/loginbonus/20230918_1rv5hs/1rv5hs_s_01.png
`聖晶石 X 10
``從者/禮裝數: 843 / 897`
_2023-09-17 19:38:04_
--------
`友情點數召喚累計2812次

`[48a14ba1dd858b92594b71e0ed7d5311]
`登入天數: 39天 / 2119天
等級: 20
石頭: 2716
呼符: 201
友情點: +0 / 1854985`
*連続ログイン4日目
※ログインが途切れるか、7日到達すると
1日目から再開されます*
`聖晶石 X 1
9月交換券(2023) X 1
`*日替りログインボーナス*
*開催期間中、1日1回 2週間日替りでログインボーナスをプレゼント！*
/webview/loginbonus/20230918_3zze05/3zze05_s_01.png
`巡霊の葉 X 30
`*「京都国際マンガ・アニメフェア2023」出展記念 初回ログインボーナス*
*開催期間中、初回ログインで「聖晶石×10」をプレゼント！*
/webview/loginbonus/20230918_1rv5hs/1rv5hs_s_01.png
`聖晶石 X 10
``從者/禮裝數: 900 / 889`
_2023-09-17 19:38:17_
--------
