【登入訊息】
[c5ab1b78563b1f9e4ee17ab01234bc5e]
`登入天數: 76天 / 1998天
等級: 92
石頭: 3493
呼符: 200
友情點: +0 / 1983505`
*連続ログイン6日目
※ログインが途切れるか、7日到達すると
1日目から再開されます*
`聖晶石 X 2
9月交換券(2023) X 1
`*日替りログインボーナス*
*開催期間中、1日1回 2週間日替りでログインボーナスをプレゼント！*
/webview/loginbonus/20230924_3zze11/3zze11_s_01.png
`巡霊の葉 X 30
`*ワンジナ・ワールドツアー！ ～大精霊と巡る世界一周～開幕記念 ログインボーナス*
*開催期間中、1日1回 最大21回ログインボーナスをプレゼント！*
/webview/loginbonus/20230920_xam8br/xam8br_k_04.png
`白銀の果実 X 1
``從者/禮裝數: 877 / 904`
_2023-09-23 19:37:03_
--------
[d4825e10f75d83bc0cfb33b6768a8634]
`登入天數: 76天 / 2187天
等級: 19
石頭: 3310
呼符: 119
友情點: +1150 / 2341130`
*連続ログイン6日目
※ログインが途切れるか、7日到達すると
1日目から再開されます*
`聖晶石 X 2
9月交換券(2023) X 1
`*日替りログインボーナス*
*開催期間中、1日1回 2週間日替りでログインボーナスをプレゼント！*
/webview/loginbonus/20230924_3zze11/3zze11_s_01.png
`巡霊の葉 X 30
`*ワンジナ・ワールドツアー！ ～大精霊と巡る世界一周～開幕記念 ログインボーナス*
*開催期間中、1日1回 最大21回ログインボーナスをプレゼント！*
/webview/loginbonus/20230920_xam8br/xam8br_k_04.png
`白銀の果実 X 1
``從者/禮裝數: 863 / 902`
_2023-09-23 19:37:13_
--------
[ff29db15be18f883ffccdf7ab23021a7]
`登入天數: 76天 / 2183天
等級: 18
石頭: 2623
呼符: 94
友情點: +610 / 2119815`
*連続ログイン6日目
※ログインが途切れるか、7日到達すると
1日目から再開されます*
`聖晶石 X 2
9月交換券(2023) X 1
`*日替りログインボーナス*
*開催期間中、1日1回 2週間日替りでログインボーナスをプレゼント！*
/webview/loginbonus/20230924_3zze11/3zze11_s_01.png
`巡霊の葉 X 30
`*ワンジナ・ワールドツアー！ ～大精霊と巡る世界一周～開幕記念 ログインボーナス*
*開催期間中、1日1回 最大21回ログインボーナスをプレゼント！*
/webview/loginbonus/20230920_xam8br/xam8br_k_04.png
`白銀の果実 X 1
``從者/禮裝數: 856 / 905`
_2023-09-23 19:37:22_
--------
[cc4787a257e3a46e268001195f780247]
`登入天數: 76天 / 2197天
等級: 18
石頭: 3414
呼符: 204
友情點: +450 / 2222375`
*連続ログイン6日目
※ログインが途切れるか、7日到達すると
1日目から再開されます*
`聖晶石 X 2
9月交換券(2023) X 1
`*日替りログインボーナス*
*開催期間中、1日1回 2週間日替りでログインボーナスをプレゼント！*
/webview/loginbonus/20230924_3zze11/3zze11_s_01.png
`巡霊の葉 X 30
`*ワンジナ・ワールドツアー！ ～大精霊と巡る世界一周～開幕記念 ログインボーナス*
*開催期間中、1日1回 最大21回ログインボーナスをプレゼント！*
/webview/loginbonus/20230920_xam8br/xam8br_k_04.png
`白銀の果実 X 1
``從者/禮裝數: 847 / 900`
_2023-09-23 19:37:32_
--------
[3f5599a008981ecf87f2dea9d1d83d6a]
`登入天數: 76天 / 2202天
等級: 18
石頭: 2622
呼符: 94
友情點: +0 / 2082150`
*連続ログイン6日目
※ログインが途切れるか、7日到達すると
1日目から再開されます*
`聖晶石 X 2
9月交換券(2023) X 1
`*日替りログインボーナス*
*開催期間中、1日1回 2週間日替りでログインボーナスをプレゼント！*
/webview/loginbonus/20230924_3zze11/3zze11_s_01.png
`巡霊の葉 X 30
`*ワンジナ・ワールドツアー！ ～大精霊と巡る世界一周～開幕記念 ログインボーナス*
*開催期間中、1日1回 最大21回ログインボーナスをプレゼント！*
/webview/loginbonus/20230920_xam8br/xam8br_k_04.png
`白銀の果実 X 1
``從者/禮裝數: 864 / 901`
_2023-09-23 19:37:41_
--------
[0d14e47d83c8b8400ed7555e0192724d]
`登入天數: 45天 / 2122天
等級: 21
石頭: 2278
呼符: 114
友情點: +570 / 2096155`
*連続ログイン3日目
※ログインが途切れるか、7日到達すると
1日目から再開されます*
`叡智の業火 X 1
9月交換券(2023) X 1
`*日替りログインボーナス*
*開催期間中、1日1回 2週間日替りでログインボーナスをプレゼント！*
/webview/loginbonus/20230924_3zze11/3zze11_s_01.png
`巡霊の葉 X 30
`*ワンジナ・ワールドツアー！ ～大精霊と巡る世界一周～開幕記念 ログインボーナス*
*開催期間中、1日1回 最大21回ログインボーナスをプレゼント！*
/webview/loginbonus/20230920_xam8br/xam8br_k_04.png
`白銀の果実 X 1
``從者/禮裝數: 785 / 903`
_2023-09-23 19:37:51_
--------
[d4c10e20929a4c973210db1453668b11]
`登入天數: 45天 / 2127天
等級: 20
石頭: 2281
呼符: 79
友情點: +0 / 1854020`
*連続ログイン3日目
※ログインが途切れるか、7日到達すると
1日目から再開されます*
`叡智の業火 X 1
9月交換券(2023) X 1
`*日替りログインボーナス*
*開催期間中、1日1回 2週間日替りでログインボーナスをプレゼント！*
/webview/loginbonus/20230924_3zze11/3zze11_s_01.png
`巡霊の葉 X 30
`*ワンジナ・ワールドツアー！ ～大精霊と巡る世界一周～開幕記念 ログインボーナス*
*開催期間中、1日1回 最大21回ログインボーナスをプレゼント！*
/webview/loginbonus/20230920_xam8br/xam8br_k_04.png
`白銀の果実 X 1
``從者/禮裝數: 854 / 902`
_2023-09-23 19:38:00_
--------
[f0cc4e7ae2d4b30013f328b2cf7d6063]
`登入天數: 45天 / 2135天
等級: 20
石頭: 1621
呼符: 155
友情點: +0 / 1945585`
*連続ログイン3日目
※ログインが途切れるか、7日到達すると
1日目から再開されます*
`叡智の業火 X 1
9月交換券(2023) X 1
`*日替りログインボーナス*
*開催期間中、1日1回 2週間日替りでログインボーナスをプレゼント！*
/webview/loginbonus/20230924_3zze11/3zze11_s_01.png
`巡霊の葉 X 30
`*ワンジナ・ワールドツアー！ ～大精霊と巡る世界一周～開幕記念 ログインボーナス*
*開催期間中、1日1回 最大21回ログインボーナスをプレゼント！*
/webview/loginbonus/20230920_xam8br/xam8br_k_04.png
`白銀の果実 X 1
``從者/禮裝數: 847 / 903`
_2023-09-23 19:38:10_
--------
[48a14ba1dd858b92594b71e0ed7d5311]
`登入天數: 45天 / 2125天
等級: 20
石頭: 2716
呼符: 201
友情點: +0 / 1854985`
*連続ログイン3日目
※ログインが途切れるか、7日到達すると
1日目から再開されます*
`叡智の業火 X 1
9月交換券(2023) X 1
`*日替りログインボーナス*
*開催期間中、1日1回 2週間日替りでログインボーナスをプレゼント！*
/webview/loginbonus/20230924_3zze11/3zze11_s_01.png
`巡霊の葉 X 30
`*ワンジナ・ワールドツアー！ ～大精霊と巡る世界一周～開幕記念 ログインボーナス*
*開催期間中、1日1回 最大21回ログインボーナスをプレゼント！*
/webview/loginbonus/20230920_xam8br/xam8br_k_04.png
`白銀の果実 X 1
``從者/禮裝數: 900 / 889`
_2023-09-23 19:38:20_
--------
